Virtuoso Framework License (111) was checked out successfully. Total checkout time was 0.09s.
********************************************************************************
Product   : Virtuoso(R) XStream Out
Program   : @(#)$CDS: strmout version 6.1.8-64b 10/11/2023 09:46 (sjfhw317) $
          : sub-version  IC6.1.8-64b.500.34 
Started at: 13-Aug-2024  03:37:07
User Name : saul
Host Name : phoenix
Directory : /home/saul/projects/ASKA
CADENCE Design Systems, Inc.
********************************************************************************
Info: Cellview Rev Num:99,  Tech Rev Num:59

WARNING (XSTRM-20): Output Stream file '/home/saul/projects/ASKA/PvsLVS/current_source_gm_10_en_r/current_source_gm_10_en_r.gds' already exists. It will be overwritten.
INFO (XSTRM-217): Reading the layer map file, /home/saul/projects/ASKA/.xkit/setup/xh018/cadence/PDK/TECH_XH018_1143/strmInOut.layertable
INFO (XSTRM-217): Reading the object map file, /home/saul/projects/ASKA/.xkit/setup/xh018/cadence/PDK/TECH_XH018_1143/strmOutObjects.map
INFO (XSTRM-162): You have not used the '-viaMap' option. If the OpenAccess design has native oaVia instances, use the '-viaMap' option for preserving oaVia instances in a XStream Out - XStream In round trip. Using the '-viaMap' option improves performance and VM usage of applications using the Streamed-In design.

Summary of Options :
library                                 CURRENT_SOURCE
strmFile                                /home/saul/projects/ASKA/PvsLVS/current_source_gm_10_en_r/current_source_gm_10_en_r.gds
topCell                                 current_source_gm_10_en_r
view                                    layout
runDir                                  /home/saul/projects/ASKA/PvsLVS/current_source_gm_10_en_r
logFile                                 /home/saul/projects/ASKA/PvsLVS/current_source_gm_10_en_r/PIPO1.LOG
techLib                                 TECH_XH018
hierDepth                               32
maxVertices                             2048
layerMap                                /home/saul/projects/ASKA/.xkit/setup/xh018/cadence/PDK/TECH_XH018_1143/strmInOut.layertable
objectMap                                /home/saul/projects/ASKA/.xkit/setup/xh018/cadence/PDK/TECH_XH018_1143/strmOutObjects.map
userSkillFile                           /home/saul/projects/ASKA/PvsLVS/current_source_gm_10_en_r/strmout.il
labelDepth                              32
case                                    Preserve
convertDot                              node
convertPin                              geometryAndText

** Info: PDK loadpath is "/home/saul/pkg/xfab/XKIT/xh018/cadence/v9_0/PDK/IC61/v9_0_4"
Loading XfSktTools.cxt
Loading XfMenu.cxt
Loading XfTechXh018.cxt
Loading XfPcellCore.cxt
function ansiSpicePrintProperties_subcircuit redefined
Loading XfSkillExt.cxt
Initializing library.
Finished Initializing Library .
    Generic PcellKit: 'production' loaded.
    Generic Pcell Skill Tools: 'production' loaded.
Loading Circuit Prospector Setup (XfCircuitProspSetup.il)
INFO (XSTRM-223): 1. Translating stdVia TECH_XH018/VIA1_C/layout as STRUCTURE VIA1_C_CDNS_723534627840.
INFO (XSTRM-223): 2. Translating stdVia TECH_XH018/VIA1_C/layout as STRUCTURE VIA1_C_CDNS_723534627841.
INFO (XSTRM-223): 3. Translating stdVia TECH_XH018/VIA1_C/layout as STRUCTURE VIA1_C_CDNS_723534627842.
INFO (XSTRM-223): 4. Translating stdVia TECH_XH018/VIA2_C/layout as STRUCTURE VIA2_C_CDNS_723534627843.
INFO (XSTRM-223): 5. Translating stdVia TECH_XH018/VIA2_C/layout as STRUCTURE VIA2_C_CDNS_723534627844.
INFO (XSTRM-223): 6. Translating stdVia TECH_XH018/VIA2_C/layout as STRUCTURE VIA2_C_CDNS_723534627845.
INFO (XSTRM-223): 7. Translating stdVia TECH_XH018/VIA1_C/layout as STRUCTURE VIA1_C_CDNS_723534627846.
INFO (XSTRM-223): 8. Translating stdVia TECH_XH018/VIA1_C/layout as STRUCTURE VIA1_C_CDNS_723534627847.
INFO (XSTRM-223): 9. Translating stdVia TECH_XH018/VIA1_C/layout as STRUCTURE VIA1_C_CDNS_723534627848.
INFO (XSTRM-223): 10. Translating stdVia TECH_XH018/VIA1_C/layout as STRUCTURE VIA1_C_CDNS_723534627849.
INFO (XSTRM-223): 11. Translating stdVia TECH_XH018/VIA1_C/layout as STRUCTURE VIA1_C_CDNS_7235346278410.
INFO (XSTRM-223): 12. Translating stdVia TECH_XH018/ND_C/layout as STRUCTURE ND_C_CDNS_7235346278411.
INFO (XSTRM-223): 13. Translating stdVia TECH_XH018/VIA2_C/layout as STRUCTURE VIA2_C_CDNS_7235346278412.
INFO (XSTRM-223): 14. Translating stdVia TECH_XH018/VIA1_C/layout as STRUCTURE VIA1_C_CDNS_7235346278413.
INFO (XSTRM-223): 15. Translating stdVia TECH_XH018/VIA1_C/layout as STRUCTURE VIA1_C_CDNS_7235346278414.
INFO (XSTRM-223): 16. Translating stdVia TECH_XH018/VIA1_C/layout as STRUCTURE VIA1_C_CDNS_7235346278415.
INFO (XSTRM-223): 17. Translating stdVia TECH_XH018/VIA1_C/layout as STRUCTURE VIA1_C_CDNS_7235346278416.
INFO (XSTRM-223): 18. Translating stdVia TECH_XH018/VIA2_C/layout as STRUCTURE VIA2_C_CDNS_7235346278417.
INFO (XSTRM-223): 19. Translating stdVia TECH_XH018/VIA1_C/layout as STRUCTURE VIA1_C_CDNS_7235346278418.
INFO (XSTRM-223): 20. Translating stdVia TECH_XH018/VIA1_C/layout as STRUCTURE VIA1_C_CDNS_7235346278419.
INFO (XSTRM-223): 21. Translating stdVia TECH_XH018/VIA2_C/layout as STRUCTURE VIA2_C_CDNS_7235346278420.
INFO (XSTRM-223): 22. Translating stdVia TECH_XH018/VIA2_C/layout as STRUCTURE VIA2_C_CDNS_7235346278421.
INFO (XSTRM-223): 23. Translating stdVia TECH_XH018/VIA2_C/layout as STRUCTURE VIA2_C_CDNS_7235346278422.
INFO (XSTRM-223): 24. Translating stdVia TECH_XH018/VIA1_C/layout as STRUCTURE VIA1_C_CDNS_7235346278423.
INFO (XSTRM-223): 25. Translating stdVia TECH_XH018/VIA3_C/layout as STRUCTURE VIA3_C_CDNS_7235346278424.
INFO (XSTRM-223): 26. Translating stdVia TECH_XH018/VIA3_C/layout as STRUCTURE VIA3_C_CDNS_7235346278425.
INFO (XSTRM-223): 27. Translating stdVia TECH_XH018/VIA2_C/layout as STRUCTURE VIA2_C_CDNS_7235346278426.
INFO (XSTRM-223): 28. Translating stdVia TECH_XH018/VIATP_C/layout as STRUCTURE VIATP_C_CDNS_7235346278427.
INFO (XSTRM-223): 29. Translating stdVia TECH_XH018/VIA3_C/layout as STRUCTURE VIA3_C_CDNS_7235346278428.
INFO (XSTRM-223): 30. Translating stdVia TECH_XH018/VIA3_C/layout as STRUCTURE VIA3_C_CDNS_7235346278429.
INFO (XSTRM-223): 31. Translating stdVia TECH_XH018/VIA2_C/layout as STRUCTURE VIA2_C_CDNS_7235346278430.
INFO (XSTRM-223): 32. Translating stdVia TECH_XH018/VIA1_C/layout as STRUCTURE VIA1_C_CDNS_7235346278431.
INFO (XSTRM-223): 33. Translating stdVia TECH_XH018/VIA3_C/layout as STRUCTURE VIA3_C_CDNS_7235346278432.
INFO (XSTRM-223): 34. Translating stdVia TECH_XH018/VIA1_C/layout as STRUCTURE VIA1_C_CDNS_7235346278433.
INFO (XSTRM-223): 35. Translating stdVia TECH_XH018/VIA1_C/layout as STRUCTURE VIA1_C_CDNS_7235346278434.
INFO (XSTRM-223): 36. Translating stdVia TECH_XH018/VIA1_C/layout as STRUCTURE VIA1_C_CDNS_7235346278435.
INFO (XSTRM-223): 37. Translating stdVia TECH_XH018/VIA2_C/layout as STRUCTURE VIA2_C_CDNS_7235346278436.
INFO (XSTRM-223): 38. Translating stdVia TECH_XH018/VIA1_C/layout as STRUCTURE VIA1_C_CDNS_7235346278437.
INFO (XSTRM-223): 39. Translating stdVia TECH_XH018/VIA2_C/layout as STRUCTURE VIA2_C_CDNS_7235346278438.
INFO (XSTRM-223): 40. Translating stdVia TECH_XH018/VIATP_C/layout as STRUCTURE VIATP_C_CDNS_7235346278439.
INFO (XSTRM-223): 41. Translating stdVia TECH_XH018/VIATP_C/layout as STRUCTURE VIATP_C_CDNS_7235346278440.
INFO (XSTRM-223): 42. Translating stdVia TECH_XH018/VIATP_C/layout as STRUCTURE VIATP_C_CDNS_7235346278441.
INFO (XSTRM-223): 43. Translating stdVia TECH_XH018/VIATP_C/layout as STRUCTURE VIATP_C_CDNS_7235346278442.
INFO (XSTRM-223): 44. Translating stdVia TECH_XH018/VIATP_C/layout as STRUCTURE VIATP_C_CDNS_7235346278443.
INFO (XSTRM-223): 45. Translating stdVia TECH_XH018/VIATP_C/layout as STRUCTURE VIATP_C_CDNS_7235346278444.
INFO (XSTRM-223): 46. Translating stdVia TECH_XH018/VIA3_C/layout as STRUCTURE VIA3_C_CDNS_7235346278445.
INFO (XSTRM-223): 47. Translating stdVia TECH_XH018/VIA2_C/layout as STRUCTURE VIA2_C_CDNS_7235346278446.
INFO (XSTRM-223): 48. Translating stdVia TECH_XH018/VIA1_C/layout as STRUCTURE VIA1_C_CDNS_7235346278447.
INFO (XSTRM-223): 49. Translating stdVia TECH_XH018/VIA3_C/layout as STRUCTURE VIA3_C_CDNS_7235346278448.
INFO (XSTRM-223): 50. Translating stdVia TECH_XH018/VIA2_C/layout as STRUCTURE VIA2_C_CDNS_7235346278449.
INFO (XSTRM-223): 51. Translating stdVia TECH_XH018/VIA1_C/layout as STRUCTURE VIA1_C_CDNS_7235346278450.
INFO (XSTRM-223): 52. Translating stdVia TECH_XH018/VIA1_C/layout as STRUCTURE VIA1_C_CDNS_7235346278451.
INFO (XSTRM-223): 53. Translating stdVia TECH_XH018/VIA3_C/layout as STRUCTURE VIA3_C_CDNS_7235346278452.
INFO (XSTRM-223): 54. Translating stdVia TECH_XH018/VIA2_C/layout as STRUCTURE VIA2_C_CDNS_7235346278453.
Express Pcell license has been checked out for the Express Pcell feature.
INFO (XSTRM-223): 55. Translating cellView PRIMLIB/ne3/layout as STRUCTURE ne3_CDNS_723534627840.
INFO (XSTRM-223): 56. Translating cellView PRIMLIB/nedia/layout as STRUCTURE nedia_CDNS_723534627841.
INFO (XSTRM-223): 57. Translating cellView PRIMLIB/ne3/layout as STRUCTURE ne3_CDNS_723534627842.
INFO (XSTRM-223): 58. Translating cellView PRIMLIB/rpp1k1_3/layout as STRUCTURE rpp1k1_3_CDNS_723534627843.
INFO (XSTRM-223): 59. Translating cellView PRIMLIB/nedia/layout as STRUCTURE nedia_CDNS_723534627844.
INFO (XSTRM-223): 60. Translating cellView PRIMLIB/ne3/layout as STRUCTURE ne3_CDNS_723534627845.
INFO (XSTRM-223): 61. Translating cellView PRIMLIB/pe3/layout as STRUCTURE pe3_CDNS_723534627846.
INFO (XSTRM-223): 62. Translating cellView PRIMLIB/pe3/layout as STRUCTURE pe3_CDNS_723534627847.
INFO (XSTRM-223): 63. Translating cellView PRIMLIB/rpp1k1_3/layout as STRUCTURE rpp1k1_3_CDNS_723534627848.
INFO (XSTRM-223): 64. Translating cellView PRIMLIB/PowerMetal/layout as STRUCTURE PowerMetal_CDNS_723534627849.
INFO (XSTRM-223): 65. Translating cellView PRIMLIB/cmm5t/layout as STRUCTURE cmm5t_CDNS_7235346278410.
INFO (XSTRM-223): 66. Translating cellView PRIMLIB/pe3/layout as STRUCTURE pe3_CDNS_7235346278411.
INFO (XSTRM-223): 67. Translating cellView PRIMLIB/ne3/layout as STRUCTURE ne3_CDNS_7235346278412.
INFO (XSTRM-223): 68. Translating cellView PRIMLIB/ne3/layout as STRUCTURE ne3_CDNS_7235346278413.
INFO (XSTRM-223): 69. Translating cellView PRIMLIB/pe3/layout as STRUCTURE pe3_CDNS_7235346278414.
INFO (XSTRM-223): 70. Translating cellView PRIMLIB/rpp1k1_3/layout as STRUCTURE rpp1k1_3_CDNS_7235346278415.
INFO (XSTRM-223): 71. Translating cellView PRIMLIB/rpp1k1_3/layout as STRUCTURE rpp1k1_3_CDNS_7235346278416.
INFO (XSTRM-223): 72. Translating cellView PRIMLIB/rpp1k1_3/layout as STRUCTURE rpp1k1_3_CDNS_7235346278417.
INFO (XSTRM-223): 73. Translating cellView PRIMLIB/ne3/layout as STRUCTURE ne3_CDNS_7235346278418.
INFO (XSTRM-223): 74. Translating cellView PRIMLIB/PowerMetal/layout as STRUCTURE PowerMetal_CDNS_7235346278419.
INFO (XSTRM-223): 75. Translating cellView PRIMLIB/mosvc3/layout as STRUCTURE mosvc3_CDNS_7235346278420.
INFO (XSTRM-223): 76. Translating cellView CURRENT_SOURCE/current_source_gm_10_en_r/layout as STRUCTURE current_source_gm_10_en_r.
INFO (XSTRM-275): Number of vertexes in the 'polygon' with starting point (434280, 147955) on layer '33' is 2192. These vertices will be represented using 2193 points in the GDS. This number exceeds the maximum limit, 2048, defined by 'maxVertices'. The 'polygon' will be chopped into smaller polygons during XStream Out translation.
INFO (XSTRM-275): Number of vertexes in the 'polygon' with starting point (557850, 147955) on layer '33' is 2192. These vertices will be represented using 2193 points in the GDS. This number exceeds the maximum limit, 2048, defined by 'maxVertices'. The 'polygon' will be chopped into smaller polygons during XStream Out translation.
INFO (XSTRM-275): Number of vertexes in the 'polygon' with starting point (410695, 79895) on layer '33' is 3246. These vertices will be represented using 3247 points in the GDS. This number exceeds the maximum limit, 2048, defined by 'maxVertices'. The 'polygon' will be chopped into smaller polygons during XStream Out translation.
INFO (XSTRM-275): Number of vertexes in the 'polygon' with starting point (534265, 79895) on layer '33' is 3246. These vertices will be represented using 3247 points in the GDS. This number exceeds the maximum limit, 2048, defined by 'maxVertices'. The 'polygon' will be chopped into smaller polygons during XStream Out translation.
INFO (XSTRM-275): Number of vertexes in the 'polygon' with starting point (434280, 147955) on layer '31' is 2192. These vertices will be represented using 2193 points in the GDS. This number exceeds the maximum limit, 2048, defined by 'maxVertices'. The 'polygon' will be chopped into smaller polygons during XStream Out translation.
INFO (XSTRM-275): Number of vertexes in the 'polygon' with starting point (557850, 147955) on layer '31' is 2192. These vertices will be represented using 2193 points in the GDS. This number exceeds the maximum limit, 2048, defined by 'maxVertices'. The 'polygon' will be chopped into smaller polygons during XStream Out translation.
INFO (XSTRM-275): Number of vertexes in the 'polygon' with starting point (534265, 79895) on layer '31' is 3246. These vertices will be represented using 3247 points in the GDS. This number exceeds the maximum limit, 2048, defined by 'maxVertices'. The 'polygon' will be chopped into smaller polygons during XStream Out translation.
INFO (XSTRM-275): Number of vertexes in the 'polygon' with starting point (410695, 79895) on layer '31' is 3246. These vertices will be represented using 3247 points in the GDS. This number exceeds the maximum limit, 2048, defined by 'maxVertices'. The 'polygon' will be chopped into smaller polygons during XStream Out translation.
WARNING (XSTRM-154): The object map file does not contain any mapping for the OpenAccess object 'Marker' and the sub-object 'annotation'. Therefore, these objects in the design will not be translated. To enable the translation of these objects in the Stream file, provide a valid mapping in the object map file.

Summary of Objects Translated:
	Scalar Instances:                       123
	Array Instances:                        0
	Polygons:                               547
	Paths:                                  148
	Rectangles:                             43427
	Lines:                                  0
	Arcs:                                   0
	Donuts:                                 0
	Dots:                                   0
	Ellipses:                               0
	Boundaries:                             1
	Area Blockages:                         0
	Layer Blockages:                        0
	Area Halos:                             0
	Markers:                                0
	Rows:                                   0
	Standard Vias                           8784
	Custom Vias:                            0
	CdsGen Vias:                            0
	Pathsegs:                               640
	Text:                                   24
	TextDisplay:                            12
	Cells:                                  76

Elapsed Time: 0.6s   User Time: 0.1s   CPU Time: 0.1s   Peak VM: 22888KB
INFO (XSTRM-234): Translation completed. '0' error(s) and '2' warning(s) found.
