********************************************************************************
Product   : Virtuoso(R) XStream Out
Program   : @(#)$CDS: strmout version 6.1.8-64b 10/11/2023 09:46 (sjfhw317) $
          : sub-version  IC6.1.8-64b.500.34 
Started at: 19-Jun-2024  12:02:30
User Name : saul
Host Name : phoenix
Directory : /home/saul/projects/ASKA
CADENCE Design Systems, Inc.
********************************************************************************
Info: Cellview Rev Num:99,  Tech Rev Num:59

WARNING (XSTRM-20): Output Stream file '/home/saul/projects/ASKA/PvsLVS/iso3/iso3.gds' already exists. It will be overwritten.
INFO (XSTRM-217): Reading the layer map file, /home/saul/projects/ASKA/.xkit/setup/xh018/cadence/PDK/TECH_XH018_1143/strmInOut.layertable
INFO (XSTRM-217): Reading the object map file, /home/saul/projects/ASKA/.xkit/setup/xh018/cadence/PDK/TECH_XH018_1143/strmOutObjects.map
INFO (XSTRM-162): You have not used the '-viaMap' option. If the OpenAccess design has native oaVia instances, use the '-viaMap' option for preserving oaVia instances in a XStream Out - XStream In round trip. Using the '-viaMap' option improves performance and VM usage of applications using the Streamed-In design.

Summary of Options :
library                                 ALL_TESTS
strmFile                                /home/saul/projects/ASKA/PvsLVS/iso3/iso3.gds
topCell                                 iso3
view                                    layout
runDir                                  /home/saul/projects/ASKA/PvsLVS/iso3
logFile                                 /home/saul/projects/ASKA/PvsLVS/iso3/PIPO1.LOG
techLib                                 TECH_XH018
hierDepth                               32
maxVertices                             2048
layerMap                                /home/saul/projects/ASKA/.xkit/setup/xh018/cadence/PDK/TECH_XH018_1143/strmInOut.layertable
objectMap                                /home/saul/projects/ASKA/.xkit/setup/xh018/cadence/PDK/TECH_XH018_1143/strmOutObjects.map
userSkillFile                           /home/saul/projects/ASKA/PvsLVS/iso3/strmout.il
labelDepth                              32
case                                    Preserve
convertDot                              node
convertPin                              geometryAndText

INFO (XSTRM-223): 1. Translating cellView PRIMLIB/ne3i_6/layout as STRUCTURE ne3i_6_CDNS_718812950710.
INFO (XSTRM-223): 2. Translating cellView ALL_TESTS/iso3/layout as STRUCTURE iso3.

Summary of Objects Translated:
	Scalar Instances:                       1
	Array Instances:                        0
	Polygons:                               1
	Paths:                                  39
	Rectangles:                             264
	Lines:                                  0
	Arcs:                                   0
	Donuts:                                 0
	Dots:                                   0
	Ellipses:                               0
	Boundaries:                             1
	Area Blockages:                         0
	Layer Blockages:                        0
	Area Halos:                             0
	Markers:                                0
	Rows:                                   0
	Standard Vias                           0
	Custom Vias:                            0
	CdsGen Vias:                            0
	Pathsegs:                               1
	Text:                                   2
	TextDisplay:                            8
	Cells:                                  2

Elapsed Time: 0.5s   User Time: 0.1s   CPU Time: 0.1s   Peak VM: 13116KB
INFO (XSTRM-234): Translation completed. '0' error(s) and '1' warning(s) found.
