********************************************************************************
Product   : Virtuoso(R) XStream Out
Program   : @(#)$CDS: strmout version 6.1.8-64b 10/11/2023 09:46 (sjfhw317) $
          : sub-version  IC6.1.8-64b.500.34 
Started at: 08-Aug-2024  05:10:06
User Name : saul
Host Name : phoenix
Directory : /home/saul/projects/ASKA
CADENCE Design Systems, Inc.
********************************************************************************
Info: Cellview Rev Num:99,  Tech Rev Num:59

WARNING (XSTRM-20): Output Stream file '/home/saul/projects/ASKA/layoutverification/pvs_drc/hvswitch8/hvswitch8.gds' already exists. It will be overwritten.
INFO (XSTRM-217): Reading the layer map file, /home/saul/projects/ASKA/.xkit/setup/xh018/cadence/PDK/TECH_XH018_1143/strmInOut.layertable
INFO (XSTRM-217): Reading the object map file, /home/saul/projects/ASKA/.xkit/setup/xh018/cadence/PDK/TECH_XH018_1143/strmOutObjects.map
INFO (XSTRM-162): You have not used the '-viaMap' option. If the OpenAccess design has native oaVia instances, use the '-viaMap' option for preserving oaVia instances in a XStream Out - XStream In round trip. Using the '-viaMap' option improves performance and VM usage of applications using the Streamed-In design.

Summary of Options :
library                                 HVSWITCH
strmFile                                /home/saul/projects/ASKA/layoutverification/pvs_drc/hvswitch8/hvswitch8.gds
topCell                                 hvswitch8
view                                    layout
runDir                                  /home/saul/projects/ASKA/layoutverification/pvs_drc/hvswitch8
logFile                                 /home/saul/projects/ASKA/layoutverification/pvs_drc/hvswitch8/PIPO1.LOG
techLib                                 TECH_XH018
hierDepth                               32
maxVertices                             2048
layerMap                                /home/saul/projects/ASKA/.xkit/setup/xh018/cadence/PDK/TECH_XH018_1143/strmInOut.layertable
objectMap                                /home/saul/projects/ASKA/.xkit/setup/xh018/cadence/PDK/TECH_XH018_1143/strmOutObjects.map
userSkillFile                           /home/saul/projects/ASKA/layoutverification/pvs_drc/hvswitch8/strmout.il
labelDepth                              32
case                                    Preserve
convertDot                              node
convertPin                              geometryAndText

INFO (XSTRM-223): 1. Translating stdVia TECH_XH018/VIA1_C/layout as STRUCTURE VIA1_C_CDNS_723108206270.
INFO (XSTRM-223): 2. Translating stdVia TECH_XH018/VIA1_C/layout as STRUCTURE VIA1_C_CDNS_723108206271.
INFO (XSTRM-223): 3. Translating stdVia TECH_XH018/VIA1_C/layout as STRUCTURE VIA1_C_CDNS_723108206272.
INFO (XSTRM-223): 4. Translating stdVia TECH_XH018/VIA1_C/layout as STRUCTURE VIA1_C_CDNS_723108206273.
INFO (XSTRM-223): 5. Translating stdVia TECH_XH018/VIA1_C/layout as STRUCTURE VIA1_C_CDNS_723108206274.
INFO (XSTRM-223): 6. Translating stdVia TECH_XH018/VIA2_C/layout as STRUCTURE VIA2_C_CDNS_723108206275.
INFO (XSTRM-223): 7. Translating stdVia TECH_XH018/VIA2_C/layout as STRUCTURE VIA2_C_CDNS_723108206276.
INFO (XSTRM-223): 8. Translating stdVia TECH_XH018/VIA1_C/layout as STRUCTURE VIA1_C_CDNS_723108206277.
INFO (XSTRM-223): 9. Translating stdVia TECH_XH018/VIA1_C/layout as STRUCTURE VIA1_C_CDNS_723108206278.
INFO (XSTRM-223): 10. Translating stdVia TECH_XH018/VIA1_C/layout as STRUCTURE VIA1_C_CDNS_723108206279.
INFO (XSTRM-223): 11. Translating stdVia TECH_XH018/VIA1_C/layout as STRUCTURE VIA1_C_CDNS_7231082062710.
INFO (XSTRM-223): 12. Translating stdVia TECH_XH018/VIA1_C/layout as STRUCTURE VIA1_C_CDNS_7231082062711.
INFO (XSTRM-223): 13. Translating stdVia TECH_XH018/VIA2_C/layout as STRUCTURE VIA2_C_CDNS_7231082062712.
INFO (XSTRM-223): 14. Translating stdVia TECH_XH018/VIA1_C/layout as STRUCTURE VIA1_C_CDNS_7231082062713.
INFO (XSTRM-223): 15. Translating stdVia TECH_XH018/VIA1_C/layout as STRUCTURE VIA1_C_CDNS_7231082062714.
INFO (XSTRM-223): 16. Translating stdVia TECH_XH018/VIATP_C/layout as STRUCTURE VIATP_C_CDNS_7231082062715.
INFO (XSTRM-223): 17. Translating stdVia TECH_XH018/VIA2_C/layout as STRUCTURE VIA2_C_CDNS_7231082062716.
INFO (XSTRM-223): 18. Translating stdVia TECH_XH018/VIA3_C/layout as STRUCTURE VIA3_C_CDNS_7231082062717.
INFO (XSTRM-223): 19. Translating stdVia TECH_XH018/VIATP_C/layout as STRUCTURE VIATP_C_CDNS_7231082062718.
INFO (XSTRM-223): 20. Translating stdVia TECH_XH018/VIATP_C/layout as STRUCTURE VIATP_C_CDNS_7231082062719.
INFO (XSTRM-223): 21. Translating stdVia TECH_XH018/VIA2_C/layout as STRUCTURE VIA2_C_CDNS_7231082062720.
INFO (XSTRM-223): 22. Translating stdVia TECH_XH018/VIA2_C/layout as STRUCTURE VIA2_C_CDNS_7231082062721.
INFO (XSTRM-223): 23. Translating stdVia TECH_XH018/VIA3_C/layout as STRUCTURE VIA3_C_CDNS_7231082062722.
INFO (XSTRM-223): 24. Translating stdVia TECH_XH018/VIA3_C/layout as STRUCTURE VIA3_C_CDNS_7231082062723.
INFO (XSTRM-223): 25. Translating stdVia TECH_XH018/VIATP_C/layout as STRUCTURE VIATP_C_CDNS_7231082062724.
INFO (XSTRM-223): 26. Translating stdVia TECH_XH018/VIA3_C/layout as STRUCTURE VIA3_C_CDNS_7231082062725.
INFO (XSTRM-223): 27. Translating stdVia TECH_XH018/VIA3_C/layout as STRUCTURE VIA3_C_CDNS_7231082062726.
INFO (XSTRM-223): 28. Translating stdVia TECH_XH018/VIA3_C/layout as STRUCTURE VIA3_C_CDNS_7231082062727.
INFO (XSTRM-223): 29. Translating stdVia TECH_XH018/VIA3_C/layout as STRUCTURE VIA3_C_CDNS_7231082062728.
INFO (XSTRM-223): 30. Translating stdVia TECH_XH018/VIA3_C/layout as STRUCTURE VIA3_C_CDNS_7231082062729.
INFO (XSTRM-223): 31. Translating stdVia TECH_XH018/VIA3_C/layout as STRUCTURE VIA3_C_CDNS_7231082062730.
INFO (XSTRM-223): 32. Translating stdVia TECH_XH018/VIATP_C/layout as STRUCTURE VIATP_C_CDNS_7231082062731.
INFO (XSTRM-223): 33. Translating stdVia TECH_XH018/VIATP_C/layout as STRUCTURE VIATP_C_CDNS_7231082062732.
INFO (XSTRM-223): 34. Translating stdVia TECH_XH018/VIATP_C/layout as STRUCTURE VIATP_C_CDNS_7231082062733.
INFO (XSTRM-223): 35. Translating stdVia TECH_XH018/VIATP_C/layout as STRUCTURE VIATP_C_CDNS_7231082062734.
INFO (XSTRM-223): 36. Translating stdVia TECH_XH018/VIATP_C/layout as STRUCTURE VIATP_C_CDNS_7231082062735.
INFO (XSTRM-223): 37. Translating stdVia TECH_XH018/VIATP_C/layout as STRUCTURE VIATP_C_CDNS_7231082062736.
INFO (XSTRM-223): 38. Translating stdVia TECH_XH018/VIATP_C/layout as STRUCTURE VIATP_C_CDNS_7231082062737.
INFO (XSTRM-223): 39. Translating stdVia TECH_XH018/VIATP_C/layout as STRUCTURE VIATP_C_CDNS_7231082062738.
INFO (XSTRM-223): 40. Translating stdVia TECH_XH018/VIATP_C/layout as STRUCTURE VIATP_C_CDNS_7231082062739.
INFO (XSTRM-223): 41. Translating stdVia TECH_XH018/VIATP_C/layout as STRUCTURE VIATP_C_CDNS_7231082062740.
INFO (XSTRM-223): 42. Translating stdVia TECH_XH018/VIATP_C/layout as STRUCTURE VIATP_C_CDNS_7231082062741.
INFO (XSTRM-223): 43. Translating stdVia TECH_XH018/VIATP_C/layout as STRUCTURE VIATP_C_CDNS_7231082062742.
INFO (XSTRM-223): 44. Translating stdVia TECH_XH018/VIATP_C/layout as STRUCTURE VIATP_C_CDNS_7231082062743.
INFO (XSTRM-223): 45. Translating stdVia TECH_XH018/VIATP_C/layout as STRUCTURE VIATP_C_CDNS_7231082062744.
INFO (XSTRM-223): 46. Translating stdVia TECH_XH018/VIATP_C/layout as STRUCTURE VIATP_C_CDNS_7231082062745.
INFO (XSTRM-223): 47. Translating stdVia TECH_XH018/VIATP_C/layout as STRUCTURE VIATP_C_CDNS_7231082062746.
INFO (XSTRM-223): 48. Translating stdVia TECH_XH018/VIATP_C/layout as STRUCTURE VIATP_C_CDNS_7231082062747.
INFO (XSTRM-223): 49. Translating stdVia TECH_XH018/VIATP_C/layout as STRUCTURE VIATP_C_CDNS_7231082062748.
INFO (XSTRM-223): 50. Translating stdVia TECH_XH018/VIATP_C/layout as STRUCTURE VIATP_C_CDNS_7231082062749.
INFO (XSTRM-223): 51. Translating stdVia TECH_XH018/VIATP_C/layout as STRUCTURE VIATP_C_CDNS_7231082062750.
INFO (XSTRM-223): 52. Translating stdVia TECH_XH018/VIATP_C/layout as STRUCTURE VIATP_C_CDNS_7231082062751.
INFO (XSTRM-223): 53. Translating stdVia TECH_XH018/VIATP_C/layout as STRUCTURE VIATP_C_CDNS_7231082062752.
INFO (XSTRM-223): 54. Translating stdVia TECH_XH018/VIATP_C/layout as STRUCTURE VIATP_C_CDNS_7231082062753.
INFO (XSTRM-223): 55. Translating stdVia TECH_XH018/VIATP_C/layout as STRUCTURE VIATP_C_CDNS_7231082062754.
INFO (XSTRM-223): 56. Translating stdVia TECH_XH018/VIATP_C/layout as STRUCTURE VIATP_C_CDNS_7231082062755.
INFO (XSTRM-223): 57. Translating stdVia TECH_XH018/VIATP_C/layout as STRUCTURE VIATP_C_CDNS_7231082062756.
INFO (XSTRM-223): 58. Translating stdVia TECH_XH018/VIA1_C/layout as STRUCTURE VIA1_C_CDNS_7231082062757.
INFO (XSTRM-223): 59. Translating cellView PRIMLIB/nedia/layout as STRUCTURE nedia_CDNS_723108206270.
INFO (XSTRM-223): 60. Translating cellView PRIMLIB/ped/layout as STRUCTURE ped_CDNS_723108206271.
INFO (XSTRM-223): 61. Translating cellView PRIMLIB/nedia/layout as STRUCTURE nedia_CDNS_723108206272.
INFO (XSTRM-223): 62. Translating cellView PRIMLIB/ne3/layout as STRUCTURE ne3_CDNS_723108206273.
INFO (XSTRM-223): 63. Translating cellView PRIMLIB/PowerMetal/layout as STRUCTURE PowerMetal_CDNS_723108206274.
INFO (XSTRM-223): 64. Translating cellView PRIMLIB/rpp1k1_3/layout as STRUCTURE rpp1k1_3_CDNS_723108206275.
INFO (XSTRM-223): 65. Translating cellView PRIMLIB/dsba/layout as STRUCTURE dsba_CDNS_723108206276.
INFO (XSTRM-223): 66. Translating cellView PRIMLIB/csf4a/layout as STRUCTURE csf4a.
WARNING (XSTRM-35): The objects in the layer-purpose pair 'MET1:pin' are ignored. This is because the layer-purpose pair used in the design is not specified in the layer map file. Specify the layer-purpose pair in the layer map file and try again.
WARNING (XSTRM-35): The objects in the layer-purpose pair 'MET2:pin' are ignored. This is because the layer-purpose pair used in the design is not specified in the layer map file. Specify the layer-purpose pair in the layer map file and try again.
WARNING (XSTRM-35): The objects in the layer-purpose pair 'MET3:pin' are ignored. This is because the layer-purpose pair used in the design is not specified in the layer map file. Specify the layer-purpose pair in the layer map file and try again.
WARNING (XSTRM-35): The objects in the layer-purpose pair 'MET4:pin' are ignored. This is because the layer-purpose pair used in the design is not specified in the layer map file. Specify the layer-purpose pair in the layer map file and try again.
INFO (XSTRM-223): 67. Translating cellView PRIMLIB/dpp20/layout as STRUCTURE dpp20_CDNS_723108206277.
INFO (XSTRM-223): 68. Translating cellView PRIMLIB/rpp1k1_3/layout as STRUCTURE rpp1k1_3_CDNS_723108206278.
INFO (XSTRM-223): 69. Translating cellView PRIMLIB/pe3/layout as STRUCTURE pe3_CDNS_723108206279.
INFO (XSTRM-223): 70. Translating cellView PRIMLIB/PowerMetal/layout as STRUCTURE PowerMetal_CDNS_7231082062710.
INFO (XSTRM-223): 71. Translating cellView HVSWITCH/hvswitch8/layout as STRUCTURE hvswitch8.
INFO (XSTRM-275): Number of vertexes in the 'polygon' with starting point (383810, 230310) on layer '31' is 3270. These vertices will be represented using 3271 points in the GDS. This number exceeds the maximum limit, 2048, defined by 'maxVertices'. The 'polygon' will be chopped into smaller polygons during XStream Out translation.
INFO (XSTRM-275): Number of vertexes in the 'polygon' with starting point (346880, 94710) on layer '31' is 3270. These vertices will be represented using 3271 points in the GDS. This number exceeds the maximum limit, 2048, defined by 'maxVertices'. The 'polygon' will be chopped into smaller polygons during XStream Out translation.
INFO (XSTRM-275): Number of vertexes in the 'polygon' with starting point (346495, 165110) on layer '31' is 3270. These vertices will be represented using 3271 points in the GDS. This number exceeds the maximum limit, 2048, defined by 'maxVertices'. The 'polygon' will be chopped into smaller polygons during XStream Out translation.
INFO (XSTRM-275): Number of vertexes in the 'polygon' with starting point (383810, 230310) on layer '33' is 3270. These vertices will be represented using 3271 points in the GDS. This number exceeds the maximum limit, 2048, defined by 'maxVertices'. The 'polygon' will be chopped into smaller polygons during XStream Out translation.
INFO (XSTRM-275): Number of vertexes in the 'polygon' with starting point (346495, 165110) on layer '33' is 3270. These vertices will be represented using 3271 points in the GDS. This number exceeds the maximum limit, 2048, defined by 'maxVertices'. The 'polygon' will be chopped into smaller polygons during XStream Out translation.
INFO (XSTRM-275): Number of vertexes in the 'polygon' with starting point (346880, 94710) on layer '33' is 3270. These vertices will be represented using 3271 points in the GDS. This number exceeds the maximum limit, 2048, defined by 'maxVertices'. The 'polygon' will be chopped into smaller polygons during XStream Out translation.
WARNING (XSTRM-35): The objects in the layer-purpose pair 'prBoundary:boundary' are ignored. This is because the layer-purpose pair used in the design is not specified in the layer map file. Specify the layer-purpose pair in the layer map file and try again.
WARNING (XSTRM-154): The object map file does not contain any mapping for the OpenAccess object 'Marker' and the sub-object 'info'. Therefore, these objects in the design will not be translated. To enable the translation of these objects in the Stream file, provide a valid mapping in the object map file.
WARNING (XSTRM-154): The object map file does not contain any mapping for the OpenAccess object 'Marker' and the sub-object 'annotation'. Therefore, these objects in the design will not be translated. To enable the translation of these objects in the Stream file, provide a valid mapping in the object map file.

Summary of Objects Translated:
	Scalar Instances:                       389
	Array Instances:                        0
	Polygons:                               1062
	Paths:                                  50
	Rectangles:                             58271
	Lines:                                  0
	Arcs:                                   0
	Donuts:                                 0
	Dots:                                   0
	Ellipses:                               0
	Boundaries:                             0
	Area Blockages:                         0
	Layer Blockages:                        0
	Area Halos:                             0
	Markers:                                0
	Rows:                                   0
	Standard Vias                           10625
	Custom Vias:                            0
	CdsGen Vias:                            0
	Pathsegs:                               101
	Text:                                   21
	TextDisplay:                            16
	Cells:                                  71

Elapsed Time: 0.7s   User Time: 0.2s   CPU Time: 0.1s   Peak VM: 21232KB
INFO (XSTRM-234): Translation completed. '0' error(s) and '8' warning(s) found.
