Virtuoso Framework License (111) was checked out successfully. Total checkout time was 0.03s.
********************************************************************************
Product   : Virtuoso(R) XStream Out
Program   : @(#)$CDS: strmout version 6.1.8-64b 01/30/2024 20:01 (cpgbld02) $
          : sub-version  IC6.1.8-64b.500.35 
Started at: 26-Aug-2024  08:07:27
User Name : saul
Host Name : s2424
Directory : /home/saul/projects/ASKA
CADENCE Design Systems, Inc.
********************************************************************************
Info: Cellview Rev Num:99,  Tech Rev Num:59

WARNING (XSTRM-20): Output Stream file '/home/saul/projects/ASKA/PvsLVS/por2/por2.gds' already exists. It will be overwritten.
INFO (XSTRM-217): Reading the layer map file, /home/saul/projects/ASKA/.xkit/setup/xh018/cadence/PDK/TECH_XH018_1143/strmInOut.layertable
INFO (XSTRM-217): Reading the object map file, /home/saul/projects/ASKA/.xkit/setup/xh018/cadence/PDK/TECH_XH018_1143/strmOutObjects.map
INFO (XSTRM-162): You have not used the '-viaMap' option. If the OpenAccess design has native oaVia instances, use the '-viaMap' option for preserving oaVia instances in a XStream Out - XStream In round trip. Using the '-viaMap' option improves performance and VM usage of applications using the Streamed-In design.

Summary of Options :
library                                 ASKA_POR
strmFile                                /home/saul/projects/ASKA/PvsLVS/por2/por2.gds
topCell                                 por2
view                                    layout
runDir                                  /home/saul/projects/ASKA/PvsLVS/por2
logFile                                 /home/saul/projects/ASKA/PvsLVS/por2/PIPO1.LOG
techLib                                 TECH_XH018
hierDepth                               32
maxVertices                             2048
layerMap                                /home/saul/projects/ASKA/.xkit/setup/xh018/cadence/PDK/TECH_XH018_1143/strmInOut.layertable
objectMap                                /home/saul/projects/ASKA/.xkit/setup/xh018/cadence/PDK/TECH_XH018_1143/strmOutObjects.map
userSkillFile                           /home/saul/projects/ASKA/PvsLVS/por2/strmout.il
labelDepth                              32
case                                    Preserve
convertDot                              node
convertPin                              geometryAndText

** Info: PDK loadpath is "/pkg/xfab2/XKIT/xh018/cadence/v9_0/PDK/IC61/v9_0_4"
Loading XfSktTools.cxt
Loading XfMenu.cxt
Loading XfTechXh018.cxt
Loading XfPcellCore.cxt
function ansiSpicePrintProperties_subcircuit redefined
Loading XfSkillExt.cxt
Initializing library.
Finished Initializing Library .
    Generic PcellKit: 'production' loaded.
    Generic Pcell Skill Tools: 'production' loaded.
Loading Circuit Prospector Setup (XfCircuitProspSetup.il)
INFO (XSTRM-223): 1. Translating stdVia TECH_XH018/VIA2_C/layout as STRUCTURE VIA2_C_CDNS_724652447320.
INFO (XSTRM-223): 2. Translating stdVia TECH_XH018/VIA2_C/layout as STRUCTURE VIA2_C_CDNS_724652447321.
INFO (XSTRM-223): 3. Translating stdVia TECH_XH018/VIA2_C/layout as STRUCTURE VIA2_C_CDNS_724652447322.
INFO (XSTRM-223): 4. Translating stdVia TECH_XH018/VIA1_C/layout as STRUCTURE VIA1_C_CDNS_724652447323.
INFO (XSTRM-223): 5. Translating stdVia TECH_XH018/VIA1_C/layout as STRUCTURE VIA1_C_CDNS_724652447324.
INFO (XSTRM-223): 6. Translating stdVia TECH_XH018/VIA1_C/layout as STRUCTURE VIA1_C_CDNS_724652447325.
INFO (XSTRM-223): 7. Translating stdVia TECH_XH018/VIA1_C/layout as STRUCTURE VIA1_C_CDNS_724652447326.
INFO (XSTRM-223): 8. Translating stdVia TECH_XH018/VIA2_C/layout as STRUCTURE VIA2_C_CDNS_724652447327.
INFO (XSTRM-223): 9. Translating stdVia TECH_XH018/VIA1_C/layout as STRUCTURE VIA1_C_CDNS_724652447328.
INFO (XSTRM-223): 10. Translating stdVia TECH_XH018/VIA1_C/layout as STRUCTURE VIA1_C_CDNS_724652447329.
INFO (XSTRM-223): 11. Translating stdVia TECH_XH018/VIA1_C/layout as STRUCTURE VIA1_C_CDNS_7246524473210.
INFO (XSTRM-223): 12. Translating stdVia TECH_XH018/VIA1_C/layout as STRUCTURE VIA1_C_CDNS_7246524473211.
INFO (XSTRM-223): 13. Translating stdVia TECH_XH018/VIA2_C/layout as STRUCTURE VIA2_C_CDNS_7246524473212.
INFO (XSTRM-223): 14. Translating stdVia TECH_XH018/VIA1_C/layout as STRUCTURE VIA1_C_CDNS_7246524473213.
INFO (XSTRM-223): 15. Translating stdVia TECH_XH018/VIA2_C/layout as STRUCTURE VIA2_C_CDNS_7246524473214.
INFO (XSTRM-223): 16. Translating stdVia TECH_XH018/VIA1_C/layout as STRUCTURE VIA1_C_CDNS_7246524473215.
INFO (XSTRM-223): 17. Translating stdVia TECH_XH018/VIA1_C/layout as STRUCTURE VIA1_C_CDNS_7246524473216.
INFO (XSTRM-223): 18. Translating stdVia TECH_XH018/VIA2_C/layout as STRUCTURE VIA2_C_CDNS_7246524473217.
INFO (XSTRM-223): 19. Translating stdVia TECH_XH018/VIA2_C/layout as STRUCTURE VIA2_C_CDNS_7246524473218.
INFO (XSTRM-223): 20. Translating stdVia TECH_XH018/VIA2_C/layout as STRUCTURE VIA2_C_CDNS_7246524473219.
INFO (XSTRM-223): 21. Translating stdVia TECH_XH018/VIA1_C/layout as STRUCTURE VIA1_C_CDNS_7246524473220.
INFO (XSTRM-223): 22. Translating cellView D_CELLS_3V/STE_3VX4/layout as STRUCTURE STE_3VX4.
WARNING (XSTRM-35): The objects in the layer-purpose pair 'MET1:pin' are ignored. This is because the layer-purpose pair used in the design is not specified in the layer map file. Specify the layer-purpose pair in the layer map file and try again.
Express Pcell license has been checked out for the Express Pcell feature.
INFO (XSTRM-223): 23. Translating cellView PRIMLIB/ne3/layout as STRUCTURE ne3_CDNS_724652447320.
INFO (XSTRM-223): 24. Translating cellView PRIMLIB/ne3/layout as STRUCTURE ne3_CDNS_724652447321.
INFO (XSTRM-223): 25. Translating cellView PRIMLIB/ne3/layout as STRUCTURE ne3_CDNS_724652447322.
INFO (XSTRM-223): 26. Translating cellView PRIMLIB/pe3/layout as STRUCTURE pe3_CDNS_724652447323.
INFO (XSTRM-223): 27. Translating cellView PRIMLIB/rpp1k1_3/layout as STRUCTURE rpp1k1_3_CDNS_724652447324.
INFO (XSTRM-223): 28. Translating cellView PRIMLIB/mosvc3/layout as STRUCTURE mosvc3_CDNS_724652447325.
INFO (XSTRM-223): 29. Translating cellView PRIMLIB/pe3/layout as STRUCTURE pe3_CDNS_724652447326.
INFO (XSTRM-223): 30. Translating cellView PRIMLIB/rpp1k1_3/layout as STRUCTURE rpp1k1_3_CDNS_724652447327.
INFO (XSTRM-223): 31. Translating cellView ASKA_POR/por2/layout as STRUCTURE por2.
WARNING (XSTRM-154): The object map file does not contain any mapping for the OpenAccess object 'Marker' and the sub-object 'annotation'. Therefore, these objects in the design will not be translated. To enable the translation of these objects in the Stream file, provide a valid mapping in the object map file.

Summary of Objects Translated:
	Scalar Instances:                       64
	Array Instances:                        0
	Polygons:                               19
	Paths:                                  59
	Rectangles:                             8636
	Lines:                                  0
	Arcs:                                   0
	Donuts:                                 0
	Dots:                                   0
	Ellipses:                               0
	Boundaries:                             3
	Area Blockages:                         0
	Layer Blockages:                        0
	Area Halos:                             0
	Markers:                                0
	Rows:                                   0
	Standard Vias                           235
	Custom Vias:                            0
	CdsGen Vias:                            0
	Pathsegs:                               293
	Text:                                   16
	TextDisplay:                            5
	Cells:                                  31

Elapsed Time: 0.6s   User Time: 0.3s   CPU Time: 0.1s   Peak VM: 18432KB
INFO (XSTRM-234): Translation completed. '0' error(s) and '3' warning(s) found.
