Virtuoso Framework License (111) was checked out successfully. Total checkout time was 0.07s.

Running simulation in directory: "/home/saul/projects/ASKA/PvsLVS/por2/".

Loading hnlInit.cxt 
Running Artist Hierarchical Netlisting ...
** Info: PDK loadpath is "/home/saul/pkg/xfab/XKIT/xh018/cadence/v9_0/PDK/IC61/v9_0_4"
Loading XfSktTools.cxt
Loading XfMenu.cxt
Loading XfTechXh018.cxt
Loading XfPcellCore.cxt
function ansiSpicePrintProperties_subcircuit redefined
Loading XfSkillExt.cxt
Initializing library.
Finished Initializing Library .
    Generic PcellKit: 'production' loaded.
    Generic Pcell Skill Tools: 'production' loaded.
Loading Circuit Prospector Setup (XfCircuitProspSetup.il)
Loading cdf.cxt 
End netlisting Jun 21 17:09:12 2024

Running simin

Running runSim()...


Running runsim with simulator: "auCdl"
Begin simulation:    Jun 21 17:09:12 2024

auCdl netlisting completed
End simulation:      Jun 21 17:09:12 2024
INFO (AUCDL-21): (Analog) CDL netlisting completed successfully.