Virtuoso Framework License (111) was checked out successfully. Total checkout time was 0.03s.
********************************************************************************
Product   : Virtuoso(R) XStream Out
Program   : @(#)$CDS: strmout version 6.1.8-64b 01/30/2024 20:01 (cpgbld02) $
          : sub-version  IC6.1.8-64b.500.35 
Started at: 26-Aug-2024  08:30:28
User Name : saul
Host Name : s2424
Directory : /home/saul/projects/ASKA
CADENCE Design Systems, Inc.
********************************************************************************
Info: Cellview Rev Num:99,  Tech Rev Num:59

WARNING (XSTRM-20): Output Stream file '/home/saul/projects/ASKA/PvsLVS/ref_bias/ref_bias.gds' already exists. It will be overwritten.
INFO (XSTRM-217): Reading the layer map file, /home/saul/projects/ASKA/.xkit/setup/xh018/cadence/PDK/TECH_XH018_1143/strmInOut.layertable
INFO (XSTRM-217): Reading the object map file, /home/saul/projects/ASKA/.xkit/setup/xh018/cadence/PDK/TECH_XH018_1143/strmOutObjects.map
INFO (XSTRM-162): You have not used the '-viaMap' option. If the OpenAccess design has native oaVia instances, use the '-viaMap' option for preserving oaVia instances in a XStream Out - XStream In round trip. Using the '-viaMap' option improves performance and VM usage of applications using the Streamed-In design.

Summary of Options :
library                                 ASKA_REF_BIAS
strmFile                                /home/saul/projects/ASKA/PvsLVS/ref_bias/ref_bias.gds
topCell                                 ref_bias
view                                    layout
runDir                                  /home/saul/projects/ASKA/PvsLVS/ref_bias
logFile                                 /home/saul/projects/ASKA/PvsLVS/ref_bias/PIPO1.LOG
techLib                                 TECH_XH018
hierDepth                               32
maxVertices                             2048
layerMap                                /home/saul/projects/ASKA/.xkit/setup/xh018/cadence/PDK/TECH_XH018_1143/strmInOut.layertable
objectMap                                /home/saul/projects/ASKA/.xkit/setup/xh018/cadence/PDK/TECH_XH018_1143/strmOutObjects.map
userSkillFile                           /home/saul/projects/ASKA/PvsLVS/ref_bias/strmout.il
labelDepth                              32
case                                    Preserve
convertDot                              node
convertPin                              geometryAndText

** Info: PDK loadpath is "/pkg/xfab2/XKIT/xh018/cadence/v9_0/PDK/IC61/v9_0_4"
Loading XfSktTools.cxt
Loading XfMenu.cxt
Loading XfTechXh018.cxt
Loading XfPcellCore.cxt
function ansiSpicePrintProperties_subcircuit redefined
Loading XfSkillExt.cxt
Initializing library.
Finished Initializing Library .
    Generic PcellKit: 'production' loaded.
    Generic Pcell Skill Tools: 'production' loaded.
Loading Circuit Prospector Setup (XfCircuitProspSetup.il)
INFO (XSTRM-223): 1. Translating stdVia TECH_XH018/VIA2_C/layout as STRUCTURE VIA2_C_CDNS_724653828770.
INFO (XSTRM-223): 2. Translating stdVia TECH_XH018/VIA1_C/layout as STRUCTURE VIA1_C_CDNS_724653828771.
INFO (XSTRM-223): 3. Translating stdVia TECH_XH018/VIA2_C/layout as STRUCTURE VIA2_C_CDNS_724653828772.
INFO (XSTRM-223): 4. Translating stdVia TECH_XH018/VIA2_C/layout as STRUCTURE VIA2_C_CDNS_724653828773.
INFO (XSTRM-223): 5. Translating stdVia TECH_XH018/VIA1_C/layout as STRUCTURE VIA1_C_CDNS_724653828774.
INFO (XSTRM-223): 6. Translating stdVia TECH_XH018/VIA1_C/layout as STRUCTURE VIA1_C_CDNS_724653828775.
INFO (XSTRM-223): 7. Translating stdVia TECH_XH018/VIA1_C/layout as STRUCTURE VIA1_C_CDNS_724653828776.
INFO (XSTRM-223): 8. Translating stdVia TECH_XH018/VIA1_C/layout as STRUCTURE VIA1_C_CDNS_724653828777.
INFO (XSTRM-223): 9. Translating stdVia TECH_XH018/VIA1_C/layout as STRUCTURE VIA1_C_CDNS_724653828778.
INFO (XSTRM-223): 10. Translating stdVia TECH_XH018/VIA1_C/layout as STRUCTURE VIA1_C_CDNS_724653828779.
INFO (XSTRM-223): 11. Translating stdVia TECH_XH018/VIA2_C/layout as STRUCTURE VIA2_C_CDNS_7246538287710.
INFO (XSTRM-223): 12. Translating stdVia TECH_XH018/VIA1_C/layout as STRUCTURE VIA1_C_CDNS_7246538287711.
INFO (XSTRM-223): 13. Translating stdVia TECH_XH018/VIA1_C/layout as STRUCTURE VIA1_C_CDNS_7246538287712.
INFO (XSTRM-223): 14. Translating stdVia TECH_XH018/VIA1_C/layout as STRUCTURE VIA1_C_CDNS_7246538287713.
INFO (XSTRM-223): 15. Translating stdVia TECH_XH018/VIA2_C/layout as STRUCTURE VIA2_C_CDNS_7246538287714.
INFO (XSTRM-223): 16. Translating stdVia TECH_XH018/VIA2_C/layout as STRUCTURE VIA2_C_CDNS_7246538287715.
INFO (XSTRM-223): 17. Translating stdVia TECH_XH018/VIA2_C/layout as STRUCTURE VIA2_C_CDNS_7246538287716.
INFO (XSTRM-223): 18. Translating stdVia TECH_XH018/VIA1_C/layout as STRUCTURE VIA1_C_CDNS_7246538287717.
INFO (XSTRM-223): 19. Translating stdVia TECH_XH018/VIA1_C/layout as STRUCTURE VIA1_C_CDNS_7246538287718.
INFO (XSTRM-223): 20. Translating stdVia TECH_XH018/VIA2_C/layout as STRUCTURE VIA2_C_CDNS_7246538287719.
INFO (XSTRM-223): 21. Translating stdVia TECH_XH018/VIA1_C/layout as STRUCTURE VIA1_C_CDNS_7246538287720.
INFO (XSTRM-223): 22. Translating stdVia TECH_XH018/VIA2_C/layout as STRUCTURE VIA2_C_CDNS_7246538287721.
INFO (XSTRM-223): 23. Translating stdVia TECH_XH018/VIA3_C/layout as STRUCTURE VIA3_C_CDNS_7246538287722.
INFO (XSTRM-223): 24. Translating stdVia TECH_XH018/VIA1_C/layout as STRUCTURE VIA1_C_CDNS_7246538287723.
INFO (XSTRM-223): 25. Translating stdVia TECH_XH018/VIA2_C/layout as STRUCTURE VIA2_C_CDNS_7246538287724.
INFO (XSTRM-223): 26. Translating stdVia TECH_XH018/VIA2_C/layout as STRUCTURE VIA2_C_CDNS_7246538287725.
INFO (XSTRM-223): 27. Translating stdVia TECH_XH018/VIA2_C/layout as STRUCTURE VIA2_C_CDNS_7246538287726.
INFO (XSTRM-223): 28. Translating stdVia TECH_XH018/VIA2_C/layout as STRUCTURE VIA2_C_CDNS_7246538287727.
INFO (XSTRM-223): 29. Translating stdVia TECH_XH018/VIA3_C/layout as STRUCTURE VIA3_C_CDNS_7246538287728.
INFO (XSTRM-223): 30. Translating stdVia TECH_XH018/VIA3_C/layout as STRUCTURE VIA3_C_CDNS_7246538287729.
INFO (XSTRM-223): 31. Translating stdVia TECH_XH018/VIATP_C/layout as STRUCTURE VIATP_C_CDNS_7246538287730.
INFO (XSTRM-223): 32. Translating stdVia TECH_XH018/VIA3_C/layout as STRUCTURE VIA3_C_CDNS_7246538287731.
INFO (XSTRM-223): 33. Translating stdVia TECH_XH018/VIA2_C/layout as STRUCTURE VIA2_C_CDNS_7246538287732.
INFO (XSTRM-223): 34. Translating stdVia TECH_XH018/VIA3_C/layout as STRUCTURE VIA3_C_CDNS_7246538287733.
INFO (XSTRM-223): 35. Translating stdVia TECH_XH018/VIA2_C/layout as STRUCTURE VIA2_C_CDNS_7246538287734.
INFO (XSTRM-223): 36. Translating stdVia TECH_XH018/VIA1_C/layout as STRUCTURE VIA1_C_CDNS_7246538287735.
INFO (XSTRM-223): 37. Translating stdVia TECH_XH018/VIA2_C/layout as STRUCTURE VIA2_C_CDNS_7246538287736.
INFO (XSTRM-223): 38. Translating stdVia TECH_XH018/VIA3_C/layout as STRUCTURE VIA3_C_CDNS_7246538287737.
INFO (XSTRM-223): 39. Translating stdVia TECH_XH018/VIA1_C/layout as STRUCTURE VIA1_C_CDNS_7246538287738.
INFO (XSTRM-223): 40. Translating stdVia TECH_XH018/VIA2_C/layout as STRUCTURE VIA2_C_CDNS_7246538287739.
INFO (XSTRM-223): 41. Translating stdVia TECH_XH018/VIA1_C/layout as STRUCTURE VIA1_C_CDNS_7246538287740.
INFO (XSTRM-223): 42. Translating stdVia TECH_XH018/VIA2_C/layout as STRUCTURE VIA2_C_CDNS_7246538287741.
Express Pcell license has been checked out for the Express Pcell feature.
INFO (XSTRM-223): 43. Translating cellView PRIMLIB/pe3/layout as STRUCTURE pe3_CDNS_724653828770.
INFO (XSTRM-223): 44. Translating cellView PRIMLIB/ne3/layout as STRUCTURE ne3_CDNS_724653828771.
INFO (XSTRM-223): 45. Translating cellView PRIMLIB/pe3/layout as STRUCTURE pe3_CDNS_724653828772.
INFO (XSTRM-223): 46. Translating cellView PRIMLIB/pe3/layout as STRUCTURE pe3_CDNS_724653828773.
INFO (XSTRM-223): 47. Translating cellView PRIMLIB/rpp1k1_3/layout as STRUCTURE rpp1k1_3_CDNS_724653828774.
INFO (XSTRM-223): 48. Translating cellView PRIMLIB/ne3/layout as STRUCTURE ne3_CDNS_724653828775.
INFO (XSTRM-223): 49. Translating cellView PRIMLIB/mosvc3/layout as STRUCTURE mosvc3_CDNS_724653828776.
INFO (XSTRM-223): 50. Translating cellView PRIMLIB/cmm5t/layout as STRUCTURE cmm5t_CDNS_724653828777.
INFO (XSTRM-223): 51. Translating cellView PRIMLIB/ne3i_6/layout as STRUCTURE ne3i_6_CDNS_724653828778.
INFO (XSTRM-223): 52. Translating cellView PRIMLIB/pe3/layout as STRUCTURE pe3_CDNS_724653828779.
INFO (XSTRM-223): 53. Translating cellView PRIMLIB/pe3/layout as STRUCTURE pe3_CDNS_7246538287710.
INFO (XSTRM-223): 54. Translating cellView ASKA_REF_BIAS/ref_bias/layout as STRUCTURE ref_bias.
WARNING (XSTRM-154): The object map file does not contain any mapping for the OpenAccess object 'Marker' and the sub-object 'info'. Therefore, these objects in the design will not be translated. To enable the translation of these objects in the Stream file, provide a valid mapping in the object map file.

Summary of Objects Translated:
	Scalar Instances:                       124
	Array Instances:                        0
	Polygons:                               2
	Paths:                                  166
	Rectangles:                             9061
	Lines:                                  0
	Arcs:                                   0
	Donuts:                                 0
	Dots:                                   0
	Ellipses:                               0
	Boundaries:                             1
	Area Blockages:                         0
	Layer Blockages:                        0
	Area Halos:                             0
	Markers:                                0
	Rows:                                   0
	Standard Vias                           569
	Custom Vias:                            0
	CdsGen Vias:                            0
	Pathsegs:                               815
	Text:                                   13
	TextDisplay:                            8
	Cells:                                  54

Elapsed Time: 0.6s   User Time: 0.3s   CPU Time: 0.1s   Peak VM: 20288KB
INFO (XSTRM-234): Translation completed. '0' error(s) and '2' warning(s) found.
