\o Program:		@(#)$CDS: libManager version 6.1.8 - CAT37 08/30/2023 13:17 (sjfdcl1037) $
\o Sub version:		sub-version  s342 
\o Arguments:		-mpssession virtuoso25865 -mpshost phoenix 
\o Working Directory:	phoenix:/home/saul/projects/ASKA
\o 64-bit offsets
\o Qt version: 		5.9.1
\o Log file is "/home/saul/projects/ASKA/libManager.log".
\o Opening libManager window.
\a nrSetCurrentWindow(cdsLibManager)
\a nrResizeWindow(cdsLibManager list(931 68 803 648))
\o MPS virtuoso types registered: 68
\o changeWorkingDir("/home/saul/projects/ASKA") unnecessary.
\o ddSetForcedLib("") unnecessary.
\o MPS service: map window
\o Library Manager customization server connected.
\a nrSetCurrentWindow(cdsLibManager)
\a nrSetCurrentWindow(cdsLibManager)
\a cdsLibManager->libListBox->value = "REF_BIAS"
\a cdsLibManager->libLineEdit->value = "REF_BIAS"
\a cdsLibManager->cellListBox->value = "ref_bias_tb"
\a cdsLibManager->cellLineEdit->value = "ref_bias_tb"
\a cdsLibManager->cellListBox->value = "ref_bias"
\a cdsLibManager->cellLineEdit->value = "ref_bias"
\a cdsLibManager->viewListBox->value = "schematic"
\a cdsLibManager->viewLineEdit->value = "schematic"
\o MPS request: edit design
\a nrListItemAction(cdsLibManager->gdmXTView 1 0)
\a cdsLibManager->libListBox->value = nil
\a cdsLibManager->libLineEdit->value = ""
\a cdsLibManager->cellListBox->value = nil
\a cdsLibManager->viewLineEdit->value = ""
\a cdsLibManager->viewListBox->value = nil
\a cdsLibManager->cellLineEdit->value = ""
\a cdsLibManager->libListBox->value = "REF_BIAS"
\a cdsLibManager->libLineEdit->value = "REF_BIAS"
\a cdsLibManager->cellListBox->value = "ref_bias"
\a cdsLibManager->cellLineEdit->value = "ref_bias"
\a cdsLibManager->viewListBox->value = "schematic"
\a cdsLibManager->viewLineEdit->value = "schematic"
\a cdsLibManager->viewLineEdit->value = ""
\a cdsLibManager->viewListBox->value = nil
\a cdsLibManager->viewListBox->value = "schematic"
\a cdsLibManager->viewLineEdit->value = "schematic"
\a nrSetWindowVisibility(cdsLibManager "hide")
\a cdsLibManager->libListBox->value = nil
\a cdsLibManager->libLineEdit->value = ""
\a cdsLibManager->cellListBox->value = nil
\a cdsLibManager->viewLineEdit->value = ""
\a cdsLibManager->viewListBox->value = nil
\a cdsLibManager->cellLineEdit->value = ""
\a cdsLibManager->libListBox->value = "REF_BIAS"
\a cdsLibManager->libLineEdit->value = "REF_BIAS"
\a cdsLibManager->cellListBox->value = "ref_bias"
\a cdsLibManager->cellLineEdit->value = "ref_bias"
\a cdsLibManager->viewListBox->value = "schematic"
\a cdsLibManager->viewLineEdit->value = "schematic"
\a cdsLibManager->viewLineEdit->value = ""
\a cdsLibManager->viewListBox->value = nil
\a cdsLibManager->viewListBox->value = "schematic"
\a cdsLibManager->viewLineEdit->value = "schematic"
\a nrSetWindowVisibility(cdsLibManager "show")
\a nrSetCurrentWindow(cdsLibManager)
\a cdsLibManager->libListBox->value = "ALL_TESTS"
\a cdsLibManager->libLineEdit->value = "ALL_TESTS"
\a cdsLibManager->cellLineEdit->value = ""
\a cdsLibManager->cellListBox->value = nil
\a cdsLibManager->viewLineEdit->value = ""
\a cdsLibManager->viewListBox->value = nil
\a cdsLibManager->FileNewCVButton->value = t
\a cdsLibManager->libListBox->value = nil
\a cdsLibManager->libLineEdit->value = ""
\a cdsLibManager->libListBox->value = "ALL_TESTS"
\a cdsLibManager->libLineEdit->value = "ALL_TESTS"
\a nrSetCurrentWindow(cdsLibManager)
\a nrSetCurrentWindow(cdsLibManager)
\a cdsLibManager->FileNewCVButton->value = t
\a cdsLibManager->libListBox->value = nil
\a cdsLibManager->libLineEdit->value = ""
\a cdsLibManager->libListBox->value = "ALL_TESTS"
\a cdsLibManager->libLineEdit->value = "ALL_TESTS"
\a nrSetCurrentWindow(cdsLibManager)
\a nrSetWindowVisibility(cdsLibManager "hide")
\a nrSetWindowVisibility(cdsLibManager "show")
\a nrSetWindowVisibility(cdsLibManager "hide")
\a nrSetWindowVisibility(cdsLibManager "show")
\a nrSetWindowVisibility(cdsLibManager "hide")
\a nrSetWindowVisibility(cdsLibManager "show")
\a nrSetWindowVisibility(cdsLibManager "hide")
\a nrSetWindowVisibility(cdsLibManager "show")
\a nrSetWindowVisibility(cdsLibManager "hide")
\a nrSetWindowVisibility(cdsLibManager "show")
\a nrSetCurrentWindow(cdsLibManager)
\a cdsLibManager->cellListBox->value = "ne3i_test3"
\a cdsLibManager->cellLineEdit->value = "ne3i_test3"
\a cdsLibManager->viewListBox->value = "schematic"
\a cdsLibManager->viewLineEdit->value = "schematic"
\a cdsLibManager->viewListBox->value = nil
\a cdsLibManager->viewLineEdit->value = ""
\a cdsLibManager->viewListBox->value = "schematic"
\a cdsLibManager->viewLineEdit->value = "schematic"
\o MPS request: edit design
\a nrListItemAction(cdsLibManager->gdmXTView 2 0)
\a nrSetWindowVisibility(cdsLibManager "hide")
\a nrSetWindowVisibility(cdsLibManager "show")
\a nrSetCurrentWindow(cdsLibManager)
\a cdsLibManager->cellListBox->value = "ne3i_test_2"
\a cdsLibManager->cellLineEdit->value = "ne3i_test_2"
\a cdsLibManager->viewLineEdit->value = ""
\a cdsLibManager->viewListBox->value = nil
\a cdsLibManager->viewListBox->value = "schematic"
\a cdsLibManager->viewLineEdit->value = "schematic"
\a cdsLibManager->cellListBox->value = "ne3i_test3"
\a cdsLibManager->cellLineEdit->value = "ne3i_test3"
\a cdsLibManager->viewLineEdit->value = ""
\a cdsLibManager->viewListBox->value = nil
\a cdsLibManager->viewListBox->value = "schematic"
\a cdsLibManager->viewLineEdit->value = "schematic"
\a cdsLibManager->viewListBox->value = "layout"
\a cdsLibManager->viewLineEdit->value = "layout"
\a nrSetWindowVisibility(cdsLibManager "hide")
\a nrSetWindowVisibility(cdsLibManager "show")
\a nrSetCurrentWindow(cdsLibManager)
\a nrSetCurrentWindow(cdsLibManager)
\a nrSetWindowVisibility(cdsLibManager "hide")
\a nrSetWindowVisibility(cdsLibManager "show")
\a nrSetCurrentWindow(cdsLibManager)
\a nrSetCurrentWindow(cdsLibManager)
\a nrSetWindowVisibility(cdsLibManager "hide")
\a nrSetWindowVisibility(cdsLibManager "show")
\a nrSetCurrentWindow(cdsLibManager)
\a nrSetWindowVisibility(cdsLibManager "hide")
\a nrSetWindowVisibility(cdsLibManager "show")
\a nrSetCurrentWindow(cdsLibManager)
\a nrSetCurrentWindow(cdsLibManager)
\a cdsLibManager->viewListBox->value = nil
\a cdsLibManager->viewLineEdit->value = ""
\a cdsLibManager->viewListBox->value = "layout"
\a cdsLibManager->viewLineEdit->value = "layout"
\o MPS request: edit design
\a nrListItemAction(cdsLibManager->gdmXTView 1 0)
\a nrSetWindowVisibility(cdsLibManager "hide")
\a nrSetWindowVisibility(cdsLibManager "show")
\a nrSetWindowVisibility(cdsLibManager "hide")
\a nrSetWindowVisibility(cdsLibManager "show")
\a nrSetWindowVisibility(cdsLibManager "hide")
\a nrSetWindowVisibility(cdsLibManager "show")
\a nrSetWindowVisibility(cdsLibManager "hide")
\a nrSetWindowVisibility(cdsLibManager "show")
\a nrSetCurrentWindow(cdsLibManager)
\a cdsLibManager->libListBox->value = "POR"
\a cdsLibManager->libLineEdit->value = "POR"
\a cdsLibManager->cellLineEdit->value = ""
\a cdsLibManager->cellListBox->value = nil
\a cdsLibManager->viewLineEdit->value = ""
\a cdsLibManager->viewListBox->value = nil
\a cdsLibManager->cellListBox->value = "por2"
\a cdsLibManager->cellLineEdit->value = "por2"
\a cdsLibManager->viewListBox->value = "layout"
\a cdsLibManager->viewLineEdit->value = "layout"
\a lmgrLogShowPopup("mainListPopup2" 40 67 2 "layout")
\a cdsLibManager->FileOpenROButton->value = t
\o MPS request: open design readonly
\a nrSetWindowVisibility(cdsLibManager "hide")
\a nrSetWindowVisibility(cdsLibManager "show")
\a nrSetWindowVisibility(cdsLibManager "hide")
\a cdsLibManager->libListBox->value = nil
\a cdsLibManager->libLineEdit->value = ""
\a cdsLibManager->cellListBox->value = nil
\a cdsLibManager->viewLineEdit->value = ""
\a cdsLibManager->viewListBox->value = nil
\a cdsLibManager->cellLineEdit->value = ""
\a cdsLibManager->libListBox->value = "POR"
\a cdsLibManager->libLineEdit->value = "POR"
\a cdsLibManager->cellListBox->value = "por2"
\a cdsLibManager->cellLineEdit->value = "por2"
\a cdsLibManager->viewListBox->value = "layout"
\a cdsLibManager->viewLineEdit->value = "layout"
\a cdsLibManager->viewLineEdit->value = ""
\a cdsLibManager->viewListBox->value = nil
\a cdsLibManager->viewListBox->value = "layout"
\a cdsLibManager->viewLineEdit->value = "layout"
\a nrSetWindowVisibility(cdsLibManager "show")
\a nrSetCurrentWindow(cdsLibManager)
\a cdsLibManager->libListBox->value = "PULSE_GENERATOR"
\a cdsLibManager->libLineEdit->value = "PULSE_GENERATOR"
\a cdsLibManager->cellLineEdit->value = ""
\a cdsLibManager->cellListBox->value = nil
\a cdsLibManager->viewLineEdit->value = ""
\a cdsLibManager->viewListBox->value = nil
\a cdsLibManager->libListBox->value = "REF_BIAS"
\a cdsLibManager->libLineEdit->value = "REF_BIAS"
\a cdsLibManager->cellListBox->value = "ref_bias_tb"
\a cdsLibManager->cellLineEdit->value = "ref_bias_tb"
\a cdsLibManager->viewListBox->value = "config"
\a cdsLibManager->viewLineEdit->value = "config"
\o MPS request: edit design
\a nrListItemAction(cdsLibManager->gdmXTView 1 0)
\a nrSetCurrentWindow(cdsLibManager)
\o MPS service: shutdown
\o libManager is exiting.
\a exit(0)
