Checking out SoftShare license Phys_Ver_Sys_Results_Mgr 23.1 Qty: 1 ... failed.
Checking out SoftShare license Pegasus_RV 23.1 Qty: 1 ... succeeded (1s).
********************************************************************************
pvstdb 23.10-p043 64 bit (Mon Oct 2 18:09:08 PDT 2023)
Build Ref No.: 043 Production (10-02-2023) [pvs_2310]

Copyright 2023 Cadence Design Systems, Inc.
All rights reserved worldwide.

Build O/S:       Linux x86_64 3.10.0-693.el7.x86_64
Executed on:     phoenix (Linux x86_64 3.10.0-1160.105.1.el7.x86_64)
Process Id:      9034
Starting Time:   Fri Jun 21 02:53:47 2024 (Fri Jun 21 06:53:47 2024 GMT)
With parameters: -sf /home/saul/projects/ASKA/layoutverification/pvs_drc/por2/por2_drc.err.index /home/saul/projects/ASKA/layoutverification/pvs_drc/por2/por2_drc.err /home/saul/projects/ASKA/layoutverification/pvs_drc/por2/por2_drc.err.pvstdb 
********************************************************************************

Waiting for write lock on /home/saul/projects/ASKA/layoutverification/pvs_drc/por2/por2_drc.err.index.
Obtained lock.

Summary: 0 markers created.

pvstdb completed.
********************************************************************************
pvstdb 23.10-p043 64 bit (Mon Oct 2 18:09:08 PDT 2023)
Build Ref No.: 043 Production (10-02-2023) [pvs_2310]

Copyright 2023 Cadence Design Systems, Inc.
All rights reserved worldwide.

Build O/S:       Linux x86_64 3.10.0-693.el7.x86_64
Executed on:     phoenix (Linux x86_64 3.10.0-1160.105.1.el7.x86_64)
Process Id:      9658
Starting Time:   Fri Jun 21 03:02:09 2024 (Fri Jun 21 07:02:09 2024 GMT)
With parameters: -sf /home/saul/projects/ASKA/layoutverification/pvs_drc/por2/por2_drc.err.index /home/saul/projects/ASKA/layoutverification/pvs_drc/por2/por2_drc.err /home/saul/projects/ASKA/layoutverification/pvs_drc/por2/por2_drc.err.pvstdb 
********************************************************************************

Waiting for write lock on /home/saul/projects/ASKA/layoutverification/pvs_drc/por2/por2_drc.err.index.
Obtained lock.

Summary: 0 markers created.

pvstdb completed.
********************************************************************************
pvstdb 23.10-p043 64 bit (Mon Oct 2 18:09:08 PDT 2023)
Build Ref No.: 043 Production (10-02-2023) [pvs_2310]

Copyright 2023 Cadence Design Systems, Inc.
All rights reserved worldwide.

Build O/S:       Linux x86_64 3.10.0-693.el7.x86_64
Executed on:     phoenix (Linux x86_64 3.10.0-1160.105.1.el7.x86_64)
Process Id:      10412
Starting Time:   Fri Jun 21 03:12:57 2024 (Fri Jun 21 07:12:57 2024 GMT)
With parameters: -sf /home/saul/projects/ASKA/layoutverification/pvs_drc/por2/por2_drc.err.index /home/saul/projects/ASKA/layoutverification/pvs_drc/por2/por2_drc.err /home/saul/projects/ASKA/layoutverification/pvs_drc/por2/por2_drc.err.pvstdb 
********************************************************************************

Waiting for write lock on /home/saul/projects/ASKA/layoutverification/pvs_drc/por2/por2_drc.err.index.
Obtained lock.

Summary: 0 markers created.

pvstdb completed.
********************************************************************************
pvstdb 23.10-p043 64 bit (Mon Oct 2 18:09:08 PDT 2023)
Build Ref No.: 043 Production (10-02-2023) [pvs_2310]

Copyright 2023 Cadence Design Systems, Inc.
All rights reserved worldwide.

Build O/S:       Linux x86_64 3.10.0-693.el7.x86_64
Executed on:     phoenix (Linux x86_64 3.10.0-1160.105.1.el7.x86_64)
Process Id:      10642
Starting Time:   Fri Jun 21 03:14:46 2024 (Fri Jun 21 07:14:46 2024 GMT)
With parameters: -sf /home/saul/projects/ASKA/layoutverification/pvs_drc/por2/por2_drc.err.index /home/saul/projects/ASKA/layoutverification/pvs_drc/por2/por2_drc.err /home/saul/projects/ASKA/layoutverification/pvs_drc/por2/por2_drc.err.pvstdb 
********************************************************************************

Waiting for write lock on /home/saul/projects/ASKA/layoutverification/pvs_drc/por2/por2_drc.err.index.
Obtained lock.

Summary: 0 markers created.

pvstdb completed.
********************************************************************************
pvstdb 23.10-p043 64 bit (Mon Oct 2 18:09:08 PDT 2023)
Build Ref No.: 043 Production (10-02-2023) [pvs_2310]

Copyright 2023 Cadence Design Systems, Inc.
All rights reserved worldwide.

Build O/S:       Linux x86_64 3.10.0-693.el7.x86_64
Executed on:     phoenix (Linux x86_64 3.10.0-1160.105.1.el7.x86_64)
Process Id:      11617
Starting Time:   Fri Jun 21 03:27:29 2024 (Fri Jun 21 07:27:29 2024 GMT)
With parameters: -sf /home/saul/projects/ASKA/layoutverification/pvs_drc/por2/por2_drc.err.index /home/saul/projects/ASKA/layoutverification/pvs_drc/por2/por2_drc.err /home/saul/projects/ASKA/layoutverification/pvs_drc/por2/por2_drc.err.pvstdb 
********************************************************************************

Waiting for write lock on /home/saul/projects/ASKA/layoutverification/pvs_drc/por2/por2_drc.err.index.
Obtained lock.

Summary: 0 markers created.

pvstdb completed.
********************************************************************************
pvstdb 23.10-p043 64 bit (Mon Oct 2 18:09:08 PDT 2023)
Build Ref No.: 043 Production (10-02-2023) [pvs_2310]

Copyright 2023 Cadence Design Systems, Inc.
All rights reserved worldwide.

Build O/S:       Linux x86_64 3.10.0-693.el7.x86_64
Executed on:     phoenix (Linux x86_64 3.10.0-1160.105.1.el7.x86_64)
Process Id:      11928
Starting Time:   Fri Jun 21 03:30:42 2024 (Fri Jun 21 07:30:42 2024 GMT)
With parameters: -sf /home/saul/projects/ASKA/layoutverification/pvs_drc/por2/por2_drc.err.index /home/saul/projects/ASKA/layoutverification/pvs_drc/por2/por2_drc.err /home/saul/projects/ASKA/layoutverification/pvs_drc/por2/por2_drc.err.pvstdb 
********************************************************************************

Waiting for write lock on /home/saul/projects/ASKA/layoutverification/pvs_drc/por2/por2_drc.err.index.
Obtained lock.

Summary: 0 markers created.

pvstdb completed.
********************************************************************************
pvstdb 23.10-p043 64 bit (Mon Oct 2 18:09:08 PDT 2023)
Build Ref No.: 043 Production (10-02-2023) [pvs_2310]

Copyright 2023 Cadence Design Systems, Inc.
All rights reserved worldwide.

Build O/S:       Linux x86_64 3.10.0-693.el7.x86_64
Executed on:     phoenix (Linux x86_64 3.10.0-1160.105.1.el7.x86_64)
Process Id:      12203
Starting Time:   Fri Jun 21 03:32:45 2024 (Fri Jun 21 07:32:45 2024 GMT)
With parameters: -sf /home/saul/projects/ASKA/layoutverification/pvs_drc/por2/por2_drc.err.index /home/saul/projects/ASKA/layoutverification/pvs_drc/por2/por2_drc.err /home/saul/projects/ASKA/layoutverification/pvs_drc/por2/por2_drc.err.pvstdb 
********************************************************************************

Waiting for write lock on /home/saul/projects/ASKA/layoutverification/pvs_drc/por2/por2_drc.err.index.
Obtained lock.

Summary: 1 marker created.

pvstdb completed.
********************************************************************************
pvstdb 23.10-p043 64 bit (Mon Oct 2 18:09:08 PDT 2023)
Build Ref No.: 043 Production (10-02-2023) [pvs_2310]

Copyright 2023 Cadence Design Systems, Inc.
All rights reserved worldwide.

Build O/S:       Linux x86_64 3.10.0-693.el7.x86_64
Executed on:     phoenix (Linux x86_64 3.10.0-1160.105.1.el7.x86_64)
Process Id:      12353
Starting Time:   Fri Jun 21 03:33:16 2024 (Fri Jun 21 07:33:16 2024 GMT)
With parameters: -sf /home/saul/projects/ASKA/layoutverification/pvs_drc/por2/por2_drc.err.index /home/saul/projects/ASKA/layoutverification/pvs_drc/por2/por2_drc.err /home/saul/projects/ASKA/layoutverification/pvs_drc/por2/por2_drc.err.pvstdb 
********************************************************************************

Waiting for write lock on /home/saul/projects/ASKA/layoutverification/pvs_drc/por2/por2_drc.err.index.
Obtained lock.

Summary: 1 marker created.

pvstdb completed.
********************************************************************************
pvstdb 23.10-p043 64 bit (Mon Oct 2 18:09:08 PDT 2023)
Build Ref No.: 043 Production (10-02-2023) [pvs_2310]

Copyright 2023 Cadence Design Systems, Inc.
All rights reserved worldwide.

Build O/S:       Linux x86_64 3.10.0-693.el7.x86_64
Executed on:     phoenix (Linux x86_64 3.10.0-1160.105.1.el7.x86_64)
Process Id:      13680
Starting Time:   Fri Jun 21 03:53:41 2024 (Fri Jun 21 07:53:41 2024 GMT)
With parameters: -sf /home/saul/projects/ASKA/layoutverification/pvs_drc/por2/por2_drc.err.index /home/saul/projects/ASKA/layoutverification/pvs_drc/por2/por2_drc.err /home/saul/projects/ASKA/layoutverification/pvs_drc/por2/por2_drc.err.pvstdb 
********************************************************************************

Waiting for write lock on /home/saul/projects/ASKA/layoutverification/pvs_drc/por2/por2_drc.err.index.
Obtained lock.

Summary: 2 markers created.

pvstdb completed.
lockFile: errno = 'Resource temporarily unavailable'
********************************************************************************
pvstdb 23.10-p043 64 bit (Mon Oct 2 18:09:08 PDT 2023)
Build Ref No.: 043 Production (10-02-2023) [pvs_2310]

Copyright 2023 Cadence Design Systems, Inc.
All rights reserved worldwide.

Build O/S:       Linux x86_64 3.10.0-693.el7.x86_64
Executed on:     phoenix (Linux x86_64 3.10.0-1160.105.1.el7.x86_64)
Process Id:      15484
Starting Time:   Fri Jun 21 04:21:28 2024 (Fri Jun 21 08:21:28 2024 GMT)
With parameters: -sf /home/saul/projects/ASKA/layoutverification/pvs_drc/por2/por2_drc.err.index /home/saul/projects/ASKA/layoutverification/pvs_drc/por2/por2_drc.err /home/saul/projects/ASKA/layoutverification/pvs_drc/por2/por2_drc.err.pvstdb 
********************************************************************************

Waiting for write lock on /home/saul/projects/ASKA/layoutverification/pvs_drc/por2/por2_drc.err.index.
Obtained lock.

Summary: 2 markers created.

pvstdb completed.
********************************************************************************
pvstdb 23.10-p043 64 bit (Mon Oct 2 18:09:08 PDT 2023)
Build Ref No.: 043 Production (10-02-2023) [pvs_2310]

Copyright 2023 Cadence Design Systems, Inc.
All rights reserved worldwide.

Build O/S:       Linux x86_64 3.10.0-693.el7.x86_64
Executed on:     phoenix (Linux x86_64 3.10.0-1160.105.1.el7.x86_64)
Process Id:      15761
Starting Time:   Fri Jun 21 04:24:00 2024 (Fri Jun 21 08:24:00 2024 GMT)
With parameters: -sf /home/saul/projects/ASKA/layoutverification/pvs_drc/por2/por2_drc.err.index /home/saul/projects/ASKA/layoutverification/pvs_drc/por2/por2_drc.err /home/saul/projects/ASKA/layoutverification/pvs_drc/por2/por2_drc.err.pvstdb 
********************************************************************************

Waiting for write lock on /home/saul/projects/ASKA/layoutverification/pvs_drc/por2/por2_drc.err.index.
Obtained lock.

Summary: 0 markers created.

pvstdb completed.
********************************************************************************
pvstdb 23.10-p043 64 bit (Mon Oct 2 18:09:08 PDT 2023)
Build Ref No.: 043 Production (10-02-2023) [pvs_2310]

Copyright 2023 Cadence Design Systems, Inc.
All rights reserved worldwide.

Build O/S:       Linux x86_64 3.10.0-693.el7.x86_64
Executed on:     phoenix (Linux x86_64 3.10.0-1160.105.1.el7.x86_64)
Process Id:      16317
Starting Time:   Fri Jun 21 04:31:26 2024 (Fri Jun 21 08:31:26 2024 GMT)
With parameters: -sf /home/saul/projects/ASKA/layoutverification/pvs_drc/por2/por2_drc.err.index /home/saul/projects/ASKA/layoutverification/pvs_drc/por2/por2_drc.err /home/saul/projects/ASKA/layoutverification/pvs_drc/por2/por2_drc.err.pvstdb 
********************************************************************************

Waiting for write lock on /home/saul/projects/ASKA/layoutverification/pvs_drc/por2/por2_drc.err.index.
Obtained lock.

Summary: 0 markers created.

pvstdb completed.
********************************************************************************
pvstdb 23.10-p043 64 bit (Mon Oct 2 18:09:08 PDT 2023)
Build Ref No.: 043 Production (10-02-2023) [pvs_2310]

Copyright 2023 Cadence Design Systems, Inc.
All rights reserved worldwide.

Build O/S:       Linux x86_64 3.10.0-693.el7.x86_64
Executed on:     phoenix (Linux x86_64 3.10.0-1160.105.1.el7.x86_64)
Process Id:      16924
Starting Time:   Fri Jun 21 04:40:03 2024 (Fri Jun 21 08:40:03 2024 GMT)
With parameters: -sf /home/saul/projects/ASKA/layoutverification/pvs_drc/por2/por2_drc.err.index /home/saul/projects/ASKA/layoutverification/pvs_drc/por2/por2_drc.err /home/saul/projects/ASKA/layoutverification/pvs_drc/por2/por2_drc.err.pvstdb 
********************************************************************************

Waiting for write lock on /home/saul/projects/ASKA/layoutverification/pvs_drc/por2/por2_drc.err.index.
Obtained lock.

Summary: 0 markers created.

pvstdb completed.
40757407574075740757407574075740757407574075740757407574075740757407574075740757407574075740757407574075740757Checking in SoftShare license Pegasus_RV ... succeeded (1s).
