Parameters:
	-runDir
	/home/saul/projects/ASKA/PvsLVS/constant_gm
	-ossdir
	/home/saul/projects/ASKA/PvsLVS/constant_gm/
	-cellmap
	/home/saul/projects/ASKA/PvsLVS/constant_gm/lay_cellMap.txt
	-ppid
	28301
	-form
	-viewer
	virtuoso
	-schview
	schematic
	-tag
	GIIJEAEBLEOCEJLEH


Checking out SoftShare license Phys_Ver_Sys_Results_Mgr 23.1 Qty: 1 ... failed.
Checking out SoftShare license Pegasus_RV 23.1 Qty: 1 ... succeeded (1s).
starting pvsProbeServer: port= 37106
Starting probe server on port: 37106
Checking in SoftShare license Pegasus_RV ... succeeded (1s).
