********************************************************************************
Product   : Virtuoso(R) XStream In
Program   : @(#)$CDS: strmin version 6.1.8-64b 01/30/2024 20:01 (cpgbld02) $
          : sub-version  IC6.1.8-64b.500.35 
Started at: 02-Oct-2024  15:40:54
User Name : saul
Host Name : s2424
Directory : /home/saul/projects/ASKA
CADENCE Design Systems, Inc.
********************************************************************************
Info: Cellview Rev Num:99,  Tech Rev Num:59

WARNING (XSTRM-75): Target library 'TO_TEST1' is attached to the technology library 'TECH_XH018'. Therefore, the technology file is opened in read-only mode. All the undefined layer-purpose pairs will be dropped.
WARNING (XSTRM-107): Existing cells in the target library will be overwritten if the cell names in the Stream file and the target library are the same. To prevent this, set the '-writeMode' option to 'noOverwrite'.
INFO (XSTRM-217): Reading the layer map file, ./.xkit/setup/xh018/cadence/PDK/TECH_XH018_1143/strmIn.layertable
INFO (XSTRM-217): Reading the object map file, ./.xkit/setup/xh018/cadence/PDK/TECH_XH018_1143/strmOutObjects.map
INFO (XSTRM-163): You have not used the '-viaMap' option. If a viaMap file, corresponding technology file or technology library exist, then use the '-viaMap' option for creating oaVia instances in the Streamed-In library. Using the '-viaMap' option improves performance and VM usage of applications using the Streamed-In design.

Summary of Options:
	library				TO_TEST1
	strmFile			/home/saul/projects/ASKA/tapeout/aska_top_16ele_v2.gds
	logFile				xstreamIn.log
	topCell				aska_top_16ele_v2
	view				layout
	case				Preserve
	layerMap			./.xkit/setup/xh018/cadence/PDK/TECH_XH018_1143/strmIn.layertable
	userSkillFile			./.xkit/setup/xh018/cadence/PDK/skill/thesSdl.il
	summaryFile			xstreamIn.sum
	propSeparator			,
	snapToGrid			
	skipUndefinedLPP			
	ignoreZeroWidthPath				
	objectMap			 ./.xkit/setup/xh018/cadence/PDK/TECH_XH018_1143/strmOutObjects.map
	noDetectVias

INFO (XSTRM-220): 1. Translating STRUCTURE VIA2_C_CDNS_727876246000 as cellView TO_TEST1/VIA2_C_CDNS_727876246000/layout.
INFO (XSTRM-220): 2. Translating STRUCTURE VIA2_C_CDNS_727876246001 as cellView TO_TEST1/VIA2_C_CDNS_727876246001/layout.
INFO (XSTRM-220): 3. Translating STRUCTURE VIATP_C_CDNS_727876246002 as cellView TO_TEST1/VIATP_C_CDNS_727876246002/layout.
INFO (XSTRM-220): 4. Translating STRUCTURE VIA3_C_CDNS_727876246003 as cellView TO_TEST1/VIA3_C_CDNS_727876246003/layout.
INFO (XSTRM-220): 5. Translating STRUCTURE VIATP_C_CDNS_727876246004 as cellView TO_TEST1/VIATP_C_CDNS_727876246004/layout.
INFO (XSTRM-220): 6. Translating STRUCTURE VIA2_C_CDNS_727876246005 as cellView TO_TEST1/VIA2_C_CDNS_727876246005/layout.
INFO (XSTRM-220): 7. Translating STRUCTURE VIA1_C_CDNS_727876246006 as cellView TO_TEST1/VIA1_C_CDNS_727876246006/layout.
INFO (XSTRM-220): 8. Translating STRUCTURE VIA2_C_CDNS_727876246007 as cellView TO_TEST1/VIA2_C_CDNS_727876246007/layout.
INFO (XSTRM-220): 9. Translating STRUCTURE VIA1_C_CDNS_727876246008 as cellView TO_TEST1/VIA1_C_CDNS_727876246008/layout.
INFO (XSTRM-220): 10. Translating STRUCTURE VIA3_C_CDNS_727876246009 as cellView TO_TEST1/VIA3_C_CDNS_727876246009/layout.
INFO (XSTRM-220): 11. Translating STRUCTURE VIA1_C_CDNS_7278762460010 as cellView TO_TEST1/VIA1_C_CDNS_7278762460010/layout.
INFO (XSTRM-220): 12. Translating STRUCTURE VIA1_C_CDNS_7278762460011 as cellView TO_TEST1/VIA1_C_CDNS_7278762460011/layout.
INFO (XSTRM-220): 13. Translating STRUCTURE VIA1_C_CDNS_7278762460012 as cellView TO_TEST1/VIA1_C_CDNS_7278762460012/layout.
INFO (XSTRM-220): 14. Translating STRUCTURE VIA1_C_CDNS_7278762460013 as cellView TO_TEST1/VIA1_C_CDNS_7278762460013/layout.
INFO (XSTRM-220): 15. Translating STRUCTURE VIA1_C_CDNS_7278762460014 as cellView TO_TEST1/VIA1_C_CDNS_7278762460014/layout.
INFO (XSTRM-220): 16. Translating STRUCTURE VIA1_C_CDNS_7278762460015 as cellView TO_TEST1/VIA1_C_CDNS_7278762460015/layout.
INFO (XSTRM-220): 17. Translating STRUCTURE VIA1_C_CDNS_7278762460016 as cellView TO_TEST1/VIA1_C_CDNS_7278762460016/layout.
INFO (XSTRM-220): 18. Translating STRUCTURE VIATP_C_CDNS_7278762460017 as cellView TO_TEST1/VIATP_C_CDNS_7278762460017/layout.
INFO (XSTRM-220): 19. Translating STRUCTURE VIA3_C_CDNS_7278762460018 as cellView TO_TEST1/VIA3_C_CDNS_7278762460018/layout.
INFO (XSTRM-220): 20. Translating STRUCTURE VIA2_C_CDNS_7278762460019 as cellView TO_TEST1/VIA2_C_CDNS_7278762460019/layout.
INFO (XSTRM-220): 21. Translating STRUCTURE VIATP_C_CDNS_7278762460020 as cellView TO_TEST1/VIATP_C_CDNS_7278762460020/layout.
INFO (XSTRM-220): 22. Translating STRUCTURE VIATP_C_CDNS_7278762460021 as cellView TO_TEST1/VIATP_C_CDNS_7278762460021/layout.
INFO (XSTRM-220): 23. Translating STRUCTURE VIATP_C_CDNS_7278762460022 as cellView TO_TEST1/VIATP_C_CDNS_7278762460022/layout.
INFO (XSTRM-220): 24. Translating STRUCTURE VIATP_C_CDNS_7278762460023 as cellView TO_TEST1/VIATP_C_CDNS_7278762460023/layout.
INFO (XSTRM-220): 25. Translating STRUCTURE VIATP_C_CDNS_7278762460024 as cellView TO_TEST1/VIATP_C_CDNS_7278762460024/layout.
INFO (XSTRM-220): 26. Translating STRUCTURE VIATP_C_CDNS_7278762460025 as cellView TO_TEST1/VIATP_C_CDNS_7278762460025/layout.
INFO (XSTRM-220): 27. Translating STRUCTURE VIATP_C_CDNS_7278762460026 as cellView TO_TEST1/VIATP_C_CDNS_7278762460026/layout.
INFO (XSTRM-220): 28. Translating STRUCTURE VIA3_C_CDNS_7278762460027 as cellView TO_TEST1/VIA3_C_CDNS_7278762460027/layout.
INFO (XSTRM-220): 29. Translating STRUCTURE VIA2_C_CDNS_7278762460028 as cellView TO_TEST1/VIA2_C_CDNS_7278762460028/layout.
INFO (XSTRM-220): 30. Translating STRUCTURE VIA3_C_CDNS_7278762460029 as cellView TO_TEST1/VIA3_C_CDNS_7278762460029/layout.
INFO (XSTRM-220): 31. Translating STRUCTURE VIA3_C_CDNS_7278762460030 as cellView TO_TEST1/VIA3_C_CDNS_7278762460030/layout.
INFO (XSTRM-220): 32. Translating STRUCTURE VIA1_C_CDNS_7278762460031 as cellView TO_TEST1/VIA1_C_CDNS_7278762460031/layout.
INFO (XSTRM-220): 33. Translating STRUCTURE VIA2_C_CDNS_7278762460032 as cellView TO_TEST1/VIA2_C_CDNS_7278762460032/layout.
INFO (XSTRM-220): 34. Translating STRUCTURE VIA3_C_CDNS_7278762460033 as cellView TO_TEST1/VIA3_C_CDNS_7278762460033/layout.
INFO (XSTRM-220): 35. Translating STRUCTURE VIA3_C_CDNS_7278762460034 as cellView TO_TEST1/VIA3_C_CDNS_7278762460034/layout.
INFO (XSTRM-220): 36. Translating STRUCTURE VIA3_C_CDNS_7278762460035 as cellView TO_TEST1/VIA3_C_CDNS_7278762460035/layout.
INFO (XSTRM-220): 37. Translating STRUCTURE VIA3_C_CDNS_7278762460036 as cellView TO_TEST1/VIA3_C_CDNS_7278762460036/layout.
INFO (XSTRM-220): 38. Translating STRUCTURE VIA3_C_CDNS_7278762460037 as cellView TO_TEST1/VIA3_C_CDNS_7278762460037/layout.
INFO (XSTRM-220): 39. Translating STRUCTURE VIA2_C_CDNS_7278762460038 as cellView TO_TEST1/VIA2_C_CDNS_7278762460038/layout.
INFO (XSTRM-220): 40. Translating STRUCTURE VIA3_C_CDNS_7278762460039 as cellView TO_TEST1/VIA3_C_CDNS_7278762460039/layout.
INFO (XSTRM-220): 41. Translating STRUCTURE VIA2_C_CDNS_7278762460040 as cellView TO_TEST1/VIA2_C_CDNS_7278762460040/layout.
INFO (XSTRM-220): 42. Translating STRUCTURE VIA3_C_CDNS_7278762460041 as cellView TO_TEST1/VIA3_C_CDNS_7278762460041/layout.
INFO (XSTRM-220): 43. Translating STRUCTURE VIA3_C_CDNS_7278762460042 as cellView TO_TEST1/VIA3_C_CDNS_7278762460042/layout.
INFO (XSTRM-220): 44. Translating STRUCTURE VIA2_C_CDNS_7278762460043 as cellView TO_TEST1/VIA2_C_CDNS_7278762460043/layout.
INFO (XSTRM-220): 45. Translating STRUCTURE VIA3_C_CDNS_7278762460044 as cellView TO_TEST1/VIA3_C_CDNS_7278762460044/layout.
INFO (XSTRM-220): 46. Translating STRUCTURE VIA2_C_CDNS_7278762460045 as cellView TO_TEST1/VIA2_C_CDNS_7278762460045/layout.
INFO (XSTRM-220): 47. Translating STRUCTURE VIA3_C_CDNS_7278762460046 as cellView TO_TEST1/VIA3_C_CDNS_7278762460046/layout.
INFO (XSTRM-220): 48. Translating STRUCTURE VIA3_C_CDNS_7278762460047 as cellView TO_TEST1/VIA3_C_CDNS_7278762460047/layout.
INFO (XSTRM-220): 49. Translating STRUCTURE VIA3_C_CDNS_7278762460048 as cellView TO_TEST1/VIA3_C_CDNS_7278762460048/layout.
INFO (XSTRM-220): 50. Translating STRUCTURE VIA3_C_CDNS_7278762460049 as cellView TO_TEST1/VIA3_C_CDNS_7278762460049/layout.
INFO (XSTRM-220): 51. Translating STRUCTURE VIA3_C_CDNS_7278762460050 as cellView TO_TEST1/VIA3_C_CDNS_7278762460050/layout.
INFO (XSTRM-220): 52. Translating STRUCTURE VIA3_C_CDNS_7278762460051 as cellView TO_TEST1/VIA3_C_CDNS_7278762460051/layout.
INFO (XSTRM-220): 53. Translating STRUCTURE VIA3_C_CDNS_7278762460052 as cellView TO_TEST1/VIA3_C_CDNS_7278762460052/layout.
INFO (XSTRM-220): 54. Translating STRUCTURE VIA3_C_CDNS_7278762460053 as cellView TO_TEST1/VIA3_C_CDNS_7278762460053/layout.
INFO (XSTRM-220): 55. Translating STRUCTURE VIA3_C_CDNS_7278762460054 as cellView TO_TEST1/VIA3_C_CDNS_7278762460054/layout.
INFO (XSTRM-220): 56. Translating STRUCTURE VIA3_C_CDNS_7278762460055 as cellView TO_TEST1/VIA3_C_CDNS_7278762460055/layout.
INFO (XSTRM-220): 57. Translating STRUCTURE VIA3_C_CDNS_7278762460056 as cellView TO_TEST1/VIA3_C_CDNS_7278762460056/layout.
INFO (XSTRM-220): 58. Translating STRUCTURE VIA3_C_CDNS_7278762460057 as cellView TO_TEST1/VIA3_C_CDNS_7278762460057/layout.
INFO (XSTRM-220): 59. Translating STRUCTURE VIA3_C_CDNS_7278762460058 as cellView TO_TEST1/VIA3_C_CDNS_7278762460058/layout.
INFO (XSTRM-220): 60. Translating STRUCTURE VIA3_C_CDNS_7278762460059 as cellView TO_TEST1/VIA3_C_CDNS_7278762460059/layout.
INFO (XSTRM-220): 61. Translating STRUCTURE VIA3_C_CDNS_7278762460060 as cellView TO_TEST1/VIA3_C_CDNS_7278762460060/layout.
INFO (XSTRM-220): 62. Translating STRUCTURE VIA3_C_CDNS_7278762460061 as cellView TO_TEST1/VIA3_C_CDNS_7278762460061/layout.
INFO (XSTRM-220): 63. Translating STRUCTURE VIA3_C_CDNS_7278762460062 as cellView TO_TEST1/VIA3_C_CDNS_7278762460062/layout.
INFO (XSTRM-220): 64. Translating STRUCTURE VIA2_C_CDNS_7278762460063 as cellView TO_TEST1/VIA2_C_CDNS_7278762460063/layout.
INFO (XSTRM-220): 65. Translating STRUCTURE VIA2_C_CDNS_7278762460064 as cellView TO_TEST1/VIA2_C_CDNS_7278762460064/layout.
INFO (XSTRM-220): 66. Translating STRUCTURE VIA2_C_CDNS_7278762460065 as cellView TO_TEST1/VIA2_C_CDNS_7278762460065/layout.
INFO (XSTRM-220): 67. Translating STRUCTURE VIA2_C_CDNS_7278762460066 as cellView TO_TEST1/VIA2_C_CDNS_7278762460066/layout.
INFO (XSTRM-220): 68. Translating STRUCTURE VIA2_C_CDNS_7278762460067 as cellView TO_TEST1/VIA2_C_CDNS_7278762460067/layout.
INFO (XSTRM-220): 69. Translating STRUCTURE VIA2_C_CDNS_7278762460068 as cellView TO_TEST1/VIA2_C_CDNS_7278762460068/layout.
INFO (XSTRM-220): 70. Translating STRUCTURE VIA2_C_CDNS_7278762460069 as cellView TO_TEST1/VIA2_C_CDNS_7278762460069/layout.
INFO (XSTRM-220): 71. Translating STRUCTURE VIA2_C_CDNS_7278762460070 as cellView TO_TEST1/VIA2_C_CDNS_7278762460070/layout.
INFO (XSTRM-220): 72. Translating STRUCTURE VIA2_C_CDNS_7278762460071 as cellView TO_TEST1/VIA2_C_CDNS_7278762460071/layout.
INFO (XSTRM-220): 73. Translating STRUCTURE VIA2_C_CDNS_7278762460072 as cellView TO_TEST1/VIA2_C_CDNS_7278762460072/layout.
INFO (XSTRM-220): 74. Translating STRUCTURE VIA2_C_CDNS_7278762460073 as cellView TO_TEST1/VIA2_C_CDNS_7278762460073/layout.
INFO (XSTRM-220): 75. Translating STRUCTURE VIA2_C_CDNS_7278762460074 as cellView TO_TEST1/VIA2_C_CDNS_7278762460074/layout.
INFO (XSTRM-220): 76. Translating STRUCTURE VIA2_C_CDNS_7278762460075 as cellView TO_TEST1/VIA2_C_CDNS_7278762460075/layout.
INFO (XSTRM-220): 77. Translating STRUCTURE VIA2_C_CDNS_7278762460076 as cellView TO_TEST1/VIA2_C_CDNS_7278762460076/layout.
INFO (XSTRM-220): 78. Translating STRUCTURE VIA2_C_CDNS_7278762460077 as cellView TO_TEST1/VIA2_C_CDNS_7278762460077/layout.
INFO (XSTRM-220): 79. Translating STRUCTURE VIA2_C_CDNS_7278762460078 as cellView TO_TEST1/VIA2_C_CDNS_7278762460078/layout.
INFO (XSTRM-220): 80. Translating STRUCTURE VIA2_C_CDNS_7278762460079 as cellView TO_TEST1/VIA2_C_CDNS_7278762460079/layout.
INFO (XSTRM-220): 81. Translating STRUCTURE VIA2_C_CDNS_7278762460080 as cellView TO_TEST1/VIA2_C_CDNS_7278762460080/layout.
INFO (XSTRM-220): 82. Translating STRUCTURE VIA2_C_CDNS_7278762460081 as cellView TO_TEST1/VIA2_C_CDNS_7278762460081/layout.
INFO (XSTRM-220): 83. Translating STRUCTURE VIA2_C_CDNS_7278762460082 as cellView TO_TEST1/VIA2_C_CDNS_7278762460082/layout.
INFO (XSTRM-220): 84. Translating STRUCTURE VIA2_C_CDNS_7278762460083 as cellView TO_TEST1/VIA2_C_CDNS_7278762460083/layout.
INFO (XSTRM-220): 85. Translating STRUCTURE VIATPL_C_CDNS_7278762460084 as cellView TO_TEST1/VIATPL_C_CDNS_7278762460084/layout.
INFO (XSTRM-220): 86. Translating STRUCTURE VIATPL_C_CDNS_7278762460085 as cellView TO_TEST1/VIATPL_C_CDNS_7278762460085/layout.
INFO (XSTRM-220): 87. Translating STRUCTURE VIATPL_C_CDNS_7278762460086 as cellView TO_TEST1/VIATPL_C_CDNS_7278762460086/layout.
INFO (XSTRM-220): 88. Translating STRUCTURE VIATPL_C_CDNS_7278762460087 as cellView TO_TEST1/VIATPL_C_CDNS_7278762460087/layout.
INFO (XSTRM-220): 89. Translating STRUCTURE VIA1_C_CDNS_7278762460088 as cellView TO_TEST1/VIA1_C_CDNS_7278762460088/layout.
INFO (XSTRM-220): 90. Translating STRUCTURE VIATPL_C_CDNS_7278762460089 as cellView TO_TEST1/VIATPL_C_CDNS_7278762460089/layout.
INFO (XSTRM-220): 91. Translating STRUCTURE VIATPL_C_CDNS_7278762460090 as cellView TO_TEST1/VIATPL_C_CDNS_7278762460090/layout.
INFO (XSTRM-220): 92. Translating STRUCTURE VIATPL_C_CDNS_7278762460091 as cellView TO_TEST1/VIATPL_C_CDNS_7278762460091/layout.
INFO (XSTRM-220): 93. Translating STRUCTURE VIATPL_C_CDNS_7278762460092 as cellView TO_TEST1/VIATPL_C_CDNS_7278762460092/layout.
INFO (XSTRM-220): 94. Translating STRUCTURE VIATPL_C_CDNS_7278762460093 as cellView TO_TEST1/VIATPL_C_CDNS_7278762460093/layout.
INFO (XSTRM-220): 95. Translating STRUCTURE VIATPL_C_CDNS_7278762460094 as cellView TO_TEST1/VIATPL_C_CDNS_7278762460094/layout.
INFO (XSTRM-220): 96. Translating STRUCTURE VIATPL_C_CDNS_7278762460095 as cellView TO_TEST1/VIATPL_C_CDNS_7278762460095/layout.
INFO (XSTRM-220): 97. Translating STRUCTURE VIATPL_C_CDNS_7278762460096 as cellView TO_TEST1/VIATPL_C_CDNS_7278762460096/layout.
INFO (XSTRM-220): 98. Translating STRUCTURE VIATPL_C_CDNS_7278762460097 as cellView TO_TEST1/VIATPL_C_CDNS_7278762460097/layout.
INFO (XSTRM-220): 99. Translating STRUCTURE VIATPL_C_CDNS_7278762460098 as cellView TO_TEST1/VIATPL_C_CDNS_7278762460098/layout.
INFO (XSTRM-220): 100. Translating STRUCTURE VIATPL_C_CDNS_7278762460099 as cellView TO_TEST1/VIATPL_C_CDNS_7278762460099/layout.
INFO (XSTRM-220): 101. Translating STRUCTURE VIATPL_C_CDNS_72787624600100 as cellView TO_TEST1/VIATPL_C_CDNS_72787624600100/layout.
INFO (XSTRM-220): 102. Translating STRUCTURE VIATPL_C_CDNS_72787624600101 as cellView TO_TEST1/VIATPL_C_CDNS_72787624600101/layout.
INFO (XSTRM-220): 103. Translating STRUCTURE VIATPL_C_CDNS_72787624600102 as cellView TO_TEST1/VIATPL_C_CDNS_72787624600102/layout.
INFO (XSTRM-220): 104. Translating STRUCTURE VIATPL_C_CDNS_72787624600103 as cellView TO_TEST1/VIATPL_C_CDNS_72787624600103/layout.
INFO (XSTRM-220): 105. Translating STRUCTURE VIATPL_C_CDNS_72787624600104 as cellView TO_TEST1/VIATPL_C_CDNS_72787624600104/layout.
INFO (XSTRM-220): 106. Translating STRUCTURE VIATPL_C_CDNS_72787624600105 as cellView TO_TEST1/VIATPL_C_CDNS_72787624600105/layout.
INFO (XSTRM-220): 107. Translating STRUCTURE VIATPL_C_CDNS_72787624600106 as cellView TO_TEST1/VIATPL_C_CDNS_72787624600106/layout.
INFO (XSTRM-220): 108. Translating STRUCTURE VIATPL_C_CDNS_72787624600107 as cellView TO_TEST1/VIATPL_C_CDNS_72787624600107/layout.
INFO (XSTRM-220): 109. Translating STRUCTURE VIATPL_C_CDNS_72787624600108 as cellView TO_TEST1/VIATPL_C_CDNS_72787624600108/layout.
INFO (XSTRM-220): 110. Translating STRUCTURE VIATPL_C_CDNS_72787624600109 as cellView TO_TEST1/VIATPL_C_CDNS_72787624600109/layout.
INFO (XSTRM-220): 111. Translating STRUCTURE VIATPL_C_CDNS_72787624600110 as cellView TO_TEST1/VIATPL_C_CDNS_72787624600110/layout.
INFO (XSTRM-220): 112. Translating STRUCTURE VIATPL_C_CDNS_72787624600111 as cellView TO_TEST1/VIATPL_C_CDNS_72787624600111/layout.
INFO (XSTRM-220): 113. Translating STRUCTURE VIATPL_C_CDNS_72787624600112 as cellView TO_TEST1/VIATPL_C_CDNS_72787624600112/layout.
INFO (XSTRM-220): 114. Translating STRUCTURE VIATPL_C_CDNS_72787624600113 as cellView TO_TEST1/VIATPL_C_CDNS_72787624600113/layout.
INFO (XSTRM-220): 115. Translating STRUCTURE VIATPL_C_CDNS_72787624600114 as cellView TO_TEST1/VIATPL_C_CDNS_72787624600114/layout.
INFO (XSTRM-220): 116. Translating STRUCTURE VIA1_C_CDNS_72787624600115 as cellView TO_TEST1/VIA1_C_CDNS_72787624600115/layout.
INFO (XSTRM-220): 117. Translating STRUCTURE VIA1_C_CDNS_72787624600116 as cellView TO_TEST1/VIA1_C_CDNS_72787624600116/layout.
INFO (XSTRM-220): 118. Translating STRUCTURE VIA1_C_CDNS_72787624600117 as cellView TO_TEST1/VIA1_C_CDNS_72787624600117/layout.
INFO (XSTRM-220): 119. Translating STRUCTURE VIA1_C_CDNS_72787624600118 as cellView TO_TEST1/VIA1_C_CDNS_72787624600118/layout.
INFO (XSTRM-220): 120. Translating STRUCTURE VIA1_C_CDNS_72787624600119 as cellView TO_TEST1/VIA1_C_CDNS_72787624600119/layout.
INFO (XSTRM-220): 121. Translating STRUCTURE VIA2_C_CDNS_72787624600120 as cellView TO_TEST1/VIA2_C_CDNS_72787624600120/layout.
INFO (XSTRM-220): 122. Translating STRUCTURE VIA2_C_CDNS_72787624600121 as cellView TO_TEST1/VIA2_C_CDNS_72787624600121/layout.
INFO (XSTRM-220): 123. Translating STRUCTURE VIA1_C_CDNS_72787624600122 as cellView TO_TEST1/VIA1_C_CDNS_72787624600122/layout.
INFO (XSTRM-220): 124. Translating STRUCTURE VIA1_C_CDNS_72787624600123 as cellView TO_TEST1/VIA1_C_CDNS_72787624600123/layout.
INFO (XSTRM-220): 125. Translating STRUCTURE VIA1_C_CDNS_72787624600124 as cellView TO_TEST1/VIA1_C_CDNS_72787624600124/layout.
INFO (XSTRM-220): 126. Translating STRUCTURE VIA1_C_CDNS_72787624600125 as cellView TO_TEST1/VIA1_C_CDNS_72787624600125/layout.
INFO (XSTRM-220): 127. Translating STRUCTURE VIA1_C_CDNS_72787624600126 as cellView TO_TEST1/VIA1_C_CDNS_72787624600126/layout.
INFO (XSTRM-220): 128. Translating STRUCTURE VIA2_C_CDNS_72787624600127 as cellView TO_TEST1/VIA2_C_CDNS_72787624600127/layout.
INFO (XSTRM-220): 129. Translating STRUCTURE VIA1_C_CDNS_72787624600128 as cellView TO_TEST1/VIA1_C_CDNS_72787624600128/layout.
INFO (XSTRM-220): 130. Translating STRUCTURE VIA1_C_CDNS_72787624600129 as cellView TO_TEST1/VIA1_C_CDNS_72787624600129/layout.
INFO (XSTRM-220): 131. Translating STRUCTURE VIATP_C_CDNS_72787624600130 as cellView TO_TEST1/VIATP_C_CDNS_72787624600130/layout.
INFO (XSTRM-220): 132. Translating STRUCTURE VIA2_C_CDNS_72787624600131 as cellView TO_TEST1/VIA2_C_CDNS_72787624600131/layout.
INFO (XSTRM-220): 133. Translating STRUCTURE VIA3_C_CDNS_72787624600132 as cellView TO_TEST1/VIA3_C_CDNS_72787624600132/layout.
INFO (XSTRM-220): 134. Translating STRUCTURE VIATP_C_CDNS_72787624600133 as cellView TO_TEST1/VIATP_C_CDNS_72787624600133/layout.
INFO (XSTRM-220): 135. Translating STRUCTURE VIATP_C_CDNS_72787624600134 as cellView TO_TEST1/VIATP_C_CDNS_72787624600134/layout.
INFO (XSTRM-220): 136. Translating STRUCTURE VIA2_C_CDNS_72787624600135 as cellView TO_TEST1/VIA2_C_CDNS_72787624600135/layout.
INFO (XSTRM-220): 137. Translating STRUCTURE VIA2_C_CDNS_72787624600136 as cellView TO_TEST1/VIA2_C_CDNS_72787624600136/layout.
INFO (XSTRM-220): 138. Translating STRUCTURE VIA3_C_CDNS_72787624600137 as cellView TO_TEST1/VIA3_C_CDNS_72787624600137/layout.
INFO (XSTRM-220): 139. Translating STRUCTURE VIA3_C_CDNS_72787624600138 as cellView TO_TEST1/VIA3_C_CDNS_72787624600138/layout.
INFO (XSTRM-220): 140. Translating STRUCTURE VIATP_C_CDNS_72787624600139 as cellView TO_TEST1/VIATP_C_CDNS_72787624600139/layout.
INFO (XSTRM-220): 141. Translating STRUCTURE VIA3_C_CDNS_72787624600140 as cellView TO_TEST1/VIA3_C_CDNS_72787624600140/layout.
INFO (XSTRM-220): 142. Translating STRUCTURE VIA3_C_CDNS_72787624600141 as cellView TO_TEST1/VIA3_C_CDNS_72787624600141/layout.
INFO (XSTRM-220): 143. Translating STRUCTURE VIA3_C_CDNS_72787624600142 as cellView TO_TEST1/VIA3_C_CDNS_72787624600142/layout.
INFO (XSTRM-220): 144. Translating STRUCTURE VIA3_C_CDNS_72787624600143 as cellView TO_TEST1/VIA3_C_CDNS_72787624600143/layout.
INFO (XSTRM-220): 145. Translating STRUCTURE VIA3_C_CDNS_72787624600144 as cellView TO_TEST1/VIA3_C_CDNS_72787624600144/layout.
INFO (XSTRM-220): 146. Translating STRUCTURE VIA3_C_CDNS_72787624600145 as cellView TO_TEST1/VIA3_C_CDNS_72787624600145/layout.
INFO (XSTRM-220): 147. Translating STRUCTURE VIATP_C_CDNS_72787624600146 as cellView TO_TEST1/VIATP_C_CDNS_72787624600146/layout.
INFO (XSTRM-220): 148. Translating STRUCTURE VIATP_C_CDNS_72787624600147 as cellView TO_TEST1/VIATP_C_CDNS_72787624600147/layout.
INFO (XSTRM-220): 149. Translating STRUCTURE VIATP_C_CDNS_72787624600148 as cellView TO_TEST1/VIATP_C_CDNS_72787624600148/layout.
INFO (XSTRM-220): 150. Translating STRUCTURE VIATP_C_CDNS_72787624600149 as cellView TO_TEST1/VIATP_C_CDNS_72787624600149/layout.
INFO (XSTRM-220): 151. Translating STRUCTURE VIATP_C_CDNS_72787624600150 as cellView TO_TEST1/VIATP_C_CDNS_72787624600150/layout.
INFO (XSTRM-220): 152. Translating STRUCTURE VIATP_C_CDNS_72787624600151 as cellView TO_TEST1/VIATP_C_CDNS_72787624600151/layout.
INFO (XSTRM-220): 153. Translating STRUCTURE VIATP_C_CDNS_72787624600152 as cellView TO_TEST1/VIATP_C_CDNS_72787624600152/layout.
INFO (XSTRM-220): 154. Translating STRUCTURE VIATP_C_CDNS_72787624600153 as cellView TO_TEST1/VIATP_C_CDNS_72787624600153/layout.
INFO (XSTRM-220): 155. Translating STRUCTURE VIATP_C_CDNS_72787624600154 as cellView TO_TEST1/VIATP_C_CDNS_72787624600154/layout.
INFO (XSTRM-220): 156. Translating STRUCTURE VIATP_C_CDNS_72787624600155 as cellView TO_TEST1/VIATP_C_CDNS_72787624600155/layout.
INFO (XSTRM-220): 157. Translating STRUCTURE VIATP_C_CDNS_72787624600156 as cellView TO_TEST1/VIATP_C_CDNS_72787624600156/layout.
INFO (XSTRM-220): 158. Translating STRUCTURE VIATP_C_CDNS_72787624600157 as cellView TO_TEST1/VIATP_C_CDNS_72787624600157/layout.
INFO (XSTRM-220): 159. Translating STRUCTURE VIATP_C_CDNS_72787624600158 as cellView TO_TEST1/VIATP_C_CDNS_72787624600158/layout.
INFO (XSTRM-220): 160. Translating STRUCTURE VIATP_C_CDNS_72787624600159 as cellView TO_TEST1/VIATP_C_CDNS_72787624600159/layout.
INFO (XSTRM-220): 161. Translating STRUCTURE VIATP_C_CDNS_72787624600160 as cellView TO_TEST1/VIATP_C_CDNS_72787624600160/layout.
INFO (XSTRM-220): 162. Translating STRUCTURE VIATP_C_CDNS_72787624600161 as cellView TO_TEST1/VIATP_C_CDNS_72787624600161/layout.
INFO (XSTRM-220): 163. Translating STRUCTURE VIATP_C_CDNS_72787624600162 as cellView TO_TEST1/VIATP_C_CDNS_72787624600162/layout.
INFO (XSTRM-220): 164. Translating STRUCTURE VIATP_C_CDNS_72787624600163 as cellView TO_TEST1/VIATP_C_CDNS_72787624600163/layout.
INFO (XSTRM-220): 165. Translating STRUCTURE VIATP_C_CDNS_72787624600164 as cellView TO_TEST1/VIATP_C_CDNS_72787624600164/layout.
INFO (XSTRM-220): 166. Translating STRUCTURE VIATP_C_CDNS_72787624600165 as cellView TO_TEST1/VIATP_C_CDNS_72787624600165/layout.
INFO (XSTRM-220): 167. Translating STRUCTURE VIATP_C_CDNS_72787624600166 as cellView TO_TEST1/VIATP_C_CDNS_72787624600166/layout.
INFO (XSTRM-220): 168. Translating STRUCTURE VIATP_C_CDNS_72787624600167 as cellView TO_TEST1/VIATP_C_CDNS_72787624600167/layout.
INFO (XSTRM-220): 169. Translating STRUCTURE VIATP_C_CDNS_72787624600168 as cellView TO_TEST1/VIATP_C_CDNS_72787624600168/layout.
INFO (XSTRM-220): 170. Translating STRUCTURE VIATP_C_CDNS_72787624600169 as cellView TO_TEST1/VIATP_C_CDNS_72787624600169/layout.
INFO (XSTRM-220): 171. Translating STRUCTURE VIATP_C_CDNS_72787624600170 as cellView TO_TEST1/VIATP_C_CDNS_72787624600170/layout.
INFO (XSTRM-220): 172. Translating STRUCTURE VIATP_C_CDNS_72787624600171 as cellView TO_TEST1/VIATP_C_CDNS_72787624600171/layout.
INFO (XSTRM-220): 173. Translating STRUCTURE VIA1_C_CDNS_72787624600172 as cellView TO_TEST1/VIA1_C_CDNS_72787624600172/layout.
INFO (XSTRM-220): 174. Translating STRUCTURE nedia_CDNS_727876246000 as cellView TO_TEST1/nedia_CDNS_727876246000/layout.
INFO (XSTRM-220): 175. Translating STRUCTURE ped_CDNS_727876246001 as cellView TO_TEST1/ped_CDNS_727876246001/layout.
INFO (XSTRM-220): 176. Translating STRUCTURE nedia_CDNS_727876246002 as cellView TO_TEST1/nedia_CDNS_727876246002/layout.
INFO (XSTRM-220): 177. Translating STRUCTURE ne3_CDNS_727876246003 as cellView TO_TEST1/ne3_CDNS_727876246003/layout.
INFO (XSTRM-220): 178. Translating STRUCTURE PowerMetal_CDNS_727876246004 as cellView TO_TEST1/PowerMetal_CDNS_727876246004/layout.
INFO (XSTRM-220): 179. Translating STRUCTURE rpp1k1_3_CDNS_727876246005 as cellView TO_TEST1/rpp1k1_3_CDNS_727876246005/layout.
INFO (XSTRM-220): 180. Translating STRUCTURE dsba_CDNS_727876246006 as cellView TO_TEST1/dsba_CDNS_727876246006/layout.
INFO (XSTRM-220): 181. Translating STRUCTURE csf4a as cellView TO_TEST1/csf4a/layout.
INFO (XSTRM-220): 182. Translating STRUCTURE dpp20_CDNS_727876246007 as cellView TO_TEST1/dpp20_CDNS_727876246007/layout.
INFO (XSTRM-220): 183. Translating STRUCTURE rpp1k1_3_CDNS_727876246008 as cellView TO_TEST1/rpp1k1_3_CDNS_727876246008/layout.
INFO (XSTRM-220): 184. Translating STRUCTURE pe3_CDNS_727876246009 as cellView TO_TEST1/pe3_CDNS_727876246009/layout.
INFO (XSTRM-220): 185. Translating STRUCTURE PowerMetal_CDNS_7278762460010 as cellView TO_TEST1/PowerMetal_CDNS_7278762460010/layout.
INFO (XSTRM-220): 186. Translating STRUCTURE hvswitch8 as cellView TO_TEST1/hvswitch8/layout.
INFO (XSTRM-220): 187. Translating STRUCTURE hbridge_4x as cellView TO_TEST1/hbridge_4x/layout.
INFO (XSTRM-220): 188. Translating STRUCTURE VIA3_C_CDNS_72787624600173 as cellView TO_TEST1/VIA3_C_CDNS_72787624600173/layout.
INFO (XSTRM-220): 189. Translating STRUCTURE VIA3_C_CDNS_72787624600174 as cellView TO_TEST1/VIA3_C_CDNS_72787624600174/layout.
INFO (XSTRM-220): 190. Translating STRUCTURE VIA3_C_CDNS_72787624600175 as cellView TO_TEST1/VIA3_C_CDNS_72787624600175/layout.
INFO (XSTRM-220): 191. Translating STRUCTURE VIA2_C_CDNS_72787624600176 as cellView TO_TEST1/VIA2_C_CDNS_72787624600176/layout.
INFO (XSTRM-220): 192. Translating STRUCTURE VIA1_C_CDNS_72787624600177 as cellView TO_TEST1/VIA1_C_CDNS_72787624600177/layout.
INFO (XSTRM-220): 193. Translating STRUCTURE VIA1_C_CDNS_72787624600178 as cellView TO_TEST1/VIA1_C_CDNS_72787624600178/layout.
INFO (XSTRM-220): 194. Translating STRUCTURE VIA1_C_CDNS_72787624600179 as cellView TO_TEST1/VIA1_C_CDNS_72787624600179/layout.
INFO (XSTRM-220): 195. Translating STRUCTURE VIA2_C_CDNS_72787624600180 as cellView TO_TEST1/VIA2_C_CDNS_72787624600180/layout.
INFO (XSTRM-220): 196. Translating STRUCTURE VIA2_C_CDNS_72787624600181 as cellView TO_TEST1/VIA2_C_CDNS_72787624600181/layout.
INFO (XSTRM-220): 197. Translating STRUCTURE VIA2_C_CDNS_72787624600182 as cellView TO_TEST1/VIA2_C_CDNS_72787624600182/layout.
INFO (XSTRM-220): 198. Translating STRUCTURE VIA1_C_CDNS_72787624600183 as cellView TO_TEST1/VIA1_C_CDNS_72787624600183/layout.
INFO (XSTRM-220): 199. Translating STRUCTURE VIA1_C_CDNS_72787624600184 as cellView TO_TEST1/VIA1_C_CDNS_72787624600184/layout.
INFO (XSTRM-220): 200. Translating STRUCTURE VIA1_C_CDNS_72787624600185 as cellView TO_TEST1/VIA1_C_CDNS_72787624600185/layout.
INFO (XSTRM-220): 201. Translating STRUCTURE VIA1_C_CDNS_72787624600186 as cellView TO_TEST1/VIA1_C_CDNS_72787624600186/layout.
INFO (XSTRM-220): 202. Translating STRUCTURE VIA1_C_CDNS_72787624600187 as cellView TO_TEST1/VIA1_C_CDNS_72787624600187/layout.
INFO (XSTRM-220): 203. Translating STRUCTURE ND_C_CDNS_72787624600188 as cellView TO_TEST1/ND_C_CDNS_72787624600188/layout.
INFO (XSTRM-220): 204. Translating STRUCTURE VIA2_C_CDNS_72787624600189 as cellView TO_TEST1/VIA2_C_CDNS_72787624600189/layout.
INFO (XSTRM-220): 205. Translating STRUCTURE VIA1_C_CDNS_72787624600190 as cellView TO_TEST1/VIA1_C_CDNS_72787624600190/layout.
INFO (XSTRM-220): 206. Translating STRUCTURE VIA1_C_CDNS_72787624600191 as cellView TO_TEST1/VIA1_C_CDNS_72787624600191/layout.
INFO (XSTRM-220): 207. Translating STRUCTURE VIA1_C_CDNS_72787624600192 as cellView TO_TEST1/VIA1_C_CDNS_72787624600192/layout.
INFO (XSTRM-220): 208. Translating STRUCTURE VIA2_C_CDNS_72787624600193 as cellView TO_TEST1/VIA2_C_CDNS_72787624600193/layout.
INFO (XSTRM-220): 209. Translating STRUCTURE VIA1_C_CDNS_72787624600194 as cellView TO_TEST1/VIA1_C_CDNS_72787624600194/layout.
INFO (XSTRM-220): 210. Translating STRUCTURE VIA1_C_CDNS_72787624600195 as cellView TO_TEST1/VIA1_C_CDNS_72787624600195/layout.
INFO (XSTRM-220): 211. Translating STRUCTURE VIA2_C_CDNS_72787624600196 as cellView TO_TEST1/VIA2_C_CDNS_72787624600196/layout.
INFO (XSTRM-220): 212. Translating STRUCTURE VIA2_C_CDNS_72787624600197 as cellView TO_TEST1/VIA2_C_CDNS_72787624600197/layout.
INFO (XSTRM-220): 213. Translating STRUCTURE VIA2_C_CDNS_72787624600198 as cellView TO_TEST1/VIA2_C_CDNS_72787624600198/layout.
INFO (XSTRM-220): 214. Translating STRUCTURE VIA1_C_CDNS_72787624600199 as cellView TO_TEST1/VIA1_C_CDNS_72787624600199/layout.
INFO (XSTRM-220): 215. Translating STRUCTURE VIA3_C_CDNS_72787624600200 as cellView TO_TEST1/VIA3_C_CDNS_72787624600200/layout.
INFO (XSTRM-220): 216. Translating STRUCTURE VIA3_C_CDNS_72787624600201 as cellView TO_TEST1/VIA3_C_CDNS_72787624600201/layout.
INFO (XSTRM-220): 217. Translating STRUCTURE VIA2_C_CDNS_72787624600202 as cellView TO_TEST1/VIA2_C_CDNS_72787624600202/layout.
INFO (XSTRM-220): 218. Translating STRUCTURE VIATP_C_CDNS_72787624600203 as cellView TO_TEST1/VIATP_C_CDNS_72787624600203/layout.
INFO (XSTRM-220): 219. Translating STRUCTURE VIA3_C_CDNS_72787624600204 as cellView TO_TEST1/VIA3_C_CDNS_72787624600204/layout.
INFO (XSTRM-220): 220. Translating STRUCTURE VIA3_C_CDNS_72787624600205 as cellView TO_TEST1/VIA3_C_CDNS_72787624600205/layout.
INFO (XSTRM-220): 221. Translating STRUCTURE VIA2_C_CDNS_72787624600206 as cellView TO_TEST1/VIA2_C_CDNS_72787624600206/layout.
INFO (XSTRM-220): 222. Translating STRUCTURE VIA1_C_CDNS_72787624600207 as cellView TO_TEST1/VIA1_C_CDNS_72787624600207/layout.
INFO (XSTRM-220): 223. Translating STRUCTURE VIA3_C_CDNS_72787624600208 as cellView TO_TEST1/VIA3_C_CDNS_72787624600208/layout.
INFO (XSTRM-220): 224. Translating STRUCTURE VIA1_C_CDNS_72787624600209 as cellView TO_TEST1/VIA1_C_CDNS_72787624600209/layout.
INFO (XSTRM-220): 225. Translating STRUCTURE VIA1_C_CDNS_72787624600210 as cellView TO_TEST1/VIA1_C_CDNS_72787624600210/layout.
INFO (XSTRM-220): 226. Translating STRUCTURE VIA1_C_CDNS_72787624600211 as cellView TO_TEST1/VIA1_C_CDNS_72787624600211/layout.
INFO (XSTRM-220): 227. Translating STRUCTURE VIA2_C_CDNS_72787624600212 as cellView TO_TEST1/VIA2_C_CDNS_72787624600212/layout.
INFO (XSTRM-220): 228. Translating STRUCTURE VIA1_C_CDNS_72787624600213 as cellView TO_TEST1/VIA1_C_CDNS_72787624600213/layout.
INFO (XSTRM-220): 229. Translating STRUCTURE VIATP_C_CDNS_72787624600214 as cellView TO_TEST1/VIATP_C_CDNS_72787624600214/layout.
INFO (XSTRM-220): 230. Translating STRUCTURE VIATP_C_CDNS_72787624600215 as cellView TO_TEST1/VIATP_C_CDNS_72787624600215/layout.
INFO (XSTRM-220): 231. Translating STRUCTURE VIATP_C_CDNS_72787624600216 as cellView TO_TEST1/VIATP_C_CDNS_72787624600216/layout.
INFO (XSTRM-220): 232. Translating STRUCTURE VIATP_C_CDNS_72787624600217 as cellView TO_TEST1/VIATP_C_CDNS_72787624600217/layout.
INFO (XSTRM-220): 233. Translating STRUCTURE VIATP_C_CDNS_72787624600218 as cellView TO_TEST1/VIATP_C_CDNS_72787624600218/layout.
INFO (XSTRM-220): 234. Translating STRUCTURE VIA3_C_CDNS_72787624600219 as cellView TO_TEST1/VIA3_C_CDNS_72787624600219/layout.
INFO (XSTRM-220): 235. Translating STRUCTURE VIA1_C_CDNS_72787624600220 as cellView TO_TEST1/VIA1_C_CDNS_72787624600220/layout.
INFO (XSTRM-220): 236. Translating STRUCTURE VIA3_C_CDNS_72787624600221 as cellView TO_TEST1/VIA3_C_CDNS_72787624600221/layout.
INFO (XSTRM-220): 237. Translating STRUCTURE VIA2_C_CDNS_72787624600222 as cellView TO_TEST1/VIA2_C_CDNS_72787624600222/layout.
INFO (XSTRM-220): 238. Translating STRUCTURE VIA1_C_CDNS_72787624600223 as cellView TO_TEST1/VIA1_C_CDNS_72787624600223/layout.
INFO (XSTRM-220): 239. Translating STRUCTURE VIA1_C_CDNS_72787624600224 as cellView TO_TEST1/VIA1_C_CDNS_72787624600224/layout.
INFO (XSTRM-220): 240. Translating STRUCTURE VIA2_C_CDNS_72787624600225 as cellView TO_TEST1/VIA2_C_CDNS_72787624600225/layout.
INFO (XSTRM-220): 241. Translating STRUCTURE ne3_CDNS_7278762460011 as cellView TO_TEST1/ne3_CDNS_7278762460011/layout.
INFO (XSTRM-220): 242. Translating STRUCTURE nedia_CDNS_7278762460012 as cellView TO_TEST1/nedia_CDNS_7278762460012/layout.
INFO (XSTRM-220): 243. Translating STRUCTURE ne3_CDNS_7278762460013 as cellView TO_TEST1/ne3_CDNS_7278762460013/layout.
INFO (XSTRM-220): 244. Translating STRUCTURE rpp1k1_3_CDNS_7278762460014 as cellView TO_TEST1/rpp1k1_3_CDNS_7278762460014/layout.
INFO (XSTRM-220): 245. Translating STRUCTURE nedia_CDNS_7278762460015 as cellView TO_TEST1/nedia_CDNS_7278762460015/layout.
INFO (XSTRM-220): 246. Translating STRUCTURE ne3_CDNS_7278762460016 as cellView TO_TEST1/ne3_CDNS_7278762460016/layout.
INFO (XSTRM-220): 247. Translating STRUCTURE pe3_CDNS_7278762460017 as cellView TO_TEST1/pe3_CDNS_7278762460017/layout.
INFO (XSTRM-220): 248. Translating STRUCTURE pe3_CDNS_7278762460018 as cellView TO_TEST1/pe3_CDNS_7278762460018/layout.
INFO (XSTRM-220): 249. Translating STRUCTURE rpp1k1_3_CDNS_7278762460019 as cellView TO_TEST1/rpp1k1_3_CDNS_7278762460019/layout.
INFO (XSTRM-220): 250. Translating STRUCTURE PowerMetal_CDNS_7278762460020 as cellView TO_TEST1/PowerMetal_CDNS_7278762460020/layout.
INFO (XSTRM-220): 251. Translating STRUCTURE cmm5t_CDNS_7278762460021 as cellView TO_TEST1/cmm5t_CDNS_7278762460021/layout.
INFO (XSTRM-220): 252. Translating STRUCTURE pe3_CDNS_7278762460022 as cellView TO_TEST1/pe3_CDNS_7278762460022/layout.
INFO (XSTRM-220): 253. Translating STRUCTURE ne3_CDNS_7278762460023 as cellView TO_TEST1/ne3_CDNS_7278762460023/layout.
INFO (XSTRM-220): 254. Translating STRUCTURE ne3_CDNS_7278762460024 as cellView TO_TEST1/ne3_CDNS_7278762460024/layout.
INFO (XSTRM-220): 255. Translating STRUCTURE pe3_CDNS_7278762460025 as cellView TO_TEST1/pe3_CDNS_7278762460025/layout.
INFO (XSTRM-220): 256. Translating STRUCTURE rpp1k1_3_CDNS_7278762460026 as cellView TO_TEST1/rpp1k1_3_CDNS_7278762460026/layout.
INFO (XSTRM-220): 257. Translating STRUCTURE rpp1k1_3_CDNS_7278762460027 as cellView TO_TEST1/rpp1k1_3_CDNS_7278762460027/layout.
INFO (XSTRM-220): 258. Translating STRUCTURE rpp1k1_3_CDNS_7278762460028 as cellView TO_TEST1/rpp1k1_3_CDNS_7278762460028/layout.
INFO (XSTRM-220): 259. Translating STRUCTURE ne3_CDNS_7278762460029 as cellView TO_TEST1/ne3_CDNS_7278762460029/layout.
INFO (XSTRM-220): 260. Translating STRUCTURE PowerMetal_CDNS_7278762460030 as cellView TO_TEST1/PowerMetal_CDNS_7278762460030/layout.
INFO (XSTRM-220): 261. Translating STRUCTURE mosvc3_CDNS_7278762460031 as cellView TO_TEST1/mosvc3_CDNS_7278762460031/layout.
INFO (XSTRM-220): 262. Translating STRUCTURE current_source_gm_10_en_r as cellView TO_TEST1/current_source_gm_10_en_r/layout.
INFO (XSTRM-220): 263. Translating STRUCTURE mosvc3_CDNS_7278762460032 as cellView TO_TEST1/mosvc3_CDNS_7278762460032/layout.
INFO (XSTRM-220): 264. Translating STRUCTURE mosvc3_CDNS_7278762460033 as cellView TO_TEST1/mosvc3_CDNS_7278762460033/layout.
INFO (XSTRM-220): 265. Translating STRUCTURE VIA1_C_CDNS_72787624600226 as cellView TO_TEST1/VIA1_C_CDNS_72787624600226/layout.
INFO (XSTRM-220): 266. Translating STRUCTURE VIA1_C_CDNS_72787624600227 as cellView TO_TEST1/VIA1_C_CDNS_72787624600227/layout.
INFO (XSTRM-220): 267. Translating STRUCTURE VIA1_C_CDNS_72787624600228 as cellView TO_TEST1/VIA1_C_CDNS_72787624600228/layout.
INFO (XSTRM-220): 268. Translating STRUCTURE VIA1_C_CDNS_72787624600229 as cellView TO_TEST1/VIA1_C_CDNS_72787624600229/layout.
INFO (XSTRM-220): 269. Translating STRUCTURE VIA1_C_CDNS_72787624600230 as cellView TO_TEST1/VIA1_C_CDNS_72787624600230/layout.
INFO (XSTRM-220): 270. Translating STRUCTURE VIA2_C_CDNS_72787624600231 as cellView TO_TEST1/VIA2_C_CDNS_72787624600231/layout.
INFO (XSTRM-220): 271. Translating STRUCTURE VIA1_C_CDNS_72787624600232 as cellView TO_TEST1/VIA1_C_CDNS_72787624600232/layout.
INFO (XSTRM-220): 272. Translating STRUCTURE VIA2_C_CDNS_72787624600233 as cellView TO_TEST1/VIA2_C_CDNS_72787624600233/layout.
INFO (XSTRM-220): 273. Translating STRUCTURE VIA2_C_CDNS_72787624600234 as cellView TO_TEST1/VIA2_C_CDNS_72787624600234/layout.
INFO (XSTRM-220): 274. Translating STRUCTURE VIA1_C_CDNS_72787624600235 as cellView TO_TEST1/VIA1_C_CDNS_72787624600235/layout.
INFO (XSTRM-220): 275. Translating STRUCTURE VIA2_C_CDNS_72787624600236 as cellView TO_TEST1/VIA2_C_CDNS_72787624600236/layout.
INFO (XSTRM-220): 276. Translating STRUCTURE VIA1_C_CDNS_72787624600237 as cellView TO_TEST1/VIA1_C_CDNS_72787624600237/layout.
INFO (XSTRM-220): 277. Translating STRUCTURE VIA3_C_CDNS_72787624600238 as cellView TO_TEST1/VIA3_C_CDNS_72787624600238/layout.
INFO (XSTRM-220): 278. Translating STRUCTURE VIA2_C_CDNS_72787624600239 as cellView TO_TEST1/VIA2_C_CDNS_72787624600239/layout.
INFO (XSTRM-220): 279. Translating STRUCTURE VIA1_C_CDNS_72787624600240 as cellView TO_TEST1/VIA1_C_CDNS_72787624600240/layout.
INFO (XSTRM-220): 280. Translating STRUCTURE VIA1_C_CDNS_72787624600241 as cellView TO_TEST1/VIA1_C_CDNS_72787624600241/layout.
INFO (XSTRM-220): 281. Translating STRUCTURE VIA2_C_CDNS_72787624600242 as cellView TO_TEST1/VIA2_C_CDNS_72787624600242/layout.
INFO (XSTRM-220): 282. Translating STRUCTURE VIA1_C_CDNS_72787624600243 as cellView TO_TEST1/VIA1_C_CDNS_72787624600243/layout.
INFO (XSTRM-220): 283. Translating STRUCTURE VIA2_C_CDNS_72787624600244 as cellView TO_TEST1/VIA2_C_CDNS_72787624600244/layout.
INFO (XSTRM-220): 284. Translating STRUCTURE VIA1_C_CDNS_72787624600245 as cellView TO_TEST1/VIA1_C_CDNS_72787624600245/layout.
INFO (XSTRM-220): 285. Translating STRUCTURE VIA2_C_CDNS_72787624600246 as cellView TO_TEST1/VIA2_C_CDNS_72787624600246/layout.
INFO (XSTRM-220): 286. Translating STRUCTURE VIA3_C_CDNS_72787624600247 as cellView TO_TEST1/VIA3_C_CDNS_72787624600247/layout.
INFO (XSTRM-220): 287. Translating STRUCTURE VIA2_C_CDNS_72787624600248 as cellView TO_TEST1/VIA2_C_CDNS_72787624600248/layout.
INFO (XSTRM-220): 288. Translating STRUCTURE VIA2_C_CDNS_72787624600249 as cellView TO_TEST1/VIA2_C_CDNS_72787624600249/layout.
INFO (XSTRM-220): 289. Translating STRUCTURE VIA2_C_CDNS_72787624600250 as cellView TO_TEST1/VIA2_C_CDNS_72787624600250/layout.
INFO (XSTRM-220): 290. Translating STRUCTURE VIA3_C_CDNS_72787624600251 as cellView TO_TEST1/VIA3_C_CDNS_72787624600251/layout.
INFO (XSTRM-220): 291. Translating STRUCTURE VIA2_C_CDNS_72787624600252 as cellView TO_TEST1/VIA2_C_CDNS_72787624600252/layout.
INFO (XSTRM-220): 292. Translating STRUCTURE VIA3_C_CDNS_72787624600253 as cellView TO_TEST1/VIA3_C_CDNS_72787624600253/layout.
INFO (XSTRM-220): 293. Translating STRUCTURE VIA2_C_CDNS_72787624600254 as cellView TO_TEST1/VIA2_C_CDNS_72787624600254/layout.
INFO (XSTRM-220): 294. Translating STRUCTURE VIA1_C_CDNS_72787624600255 as cellView TO_TEST1/VIA1_C_CDNS_72787624600255/layout.
INFO (XSTRM-220): 295. Translating STRUCTURE VIA2_C_CDNS_72787624600256 as cellView TO_TEST1/VIA2_C_CDNS_72787624600256/layout.
INFO (XSTRM-220): 296. Translating STRUCTURE VIA2_C_CDNS_72787624600257 as cellView TO_TEST1/VIA2_C_CDNS_72787624600257/layout.
INFO (XSTRM-220): 297. Translating STRUCTURE pe3_CDNS_7278762460034 as cellView TO_TEST1/pe3_CDNS_7278762460034/layout.
INFO (XSTRM-220): 298. Translating STRUCTURE pe3_CDNS_7278762460035 as cellView TO_TEST1/pe3_CDNS_7278762460035/layout.
INFO (XSTRM-220): 299. Translating STRUCTURE pe3_CDNS_7278762460036 as cellView TO_TEST1/pe3_CDNS_7278762460036/layout.
INFO (XSTRM-220): 300. Translating STRUCTURE pe3_CDNS_7278762460037 as cellView TO_TEST1/pe3_CDNS_7278762460037/layout.
INFO (XSTRM-220): 301. Translating STRUCTURE pe3_CDNS_7278762460038 as cellView TO_TEST1/pe3_CDNS_7278762460038/layout.
INFO (XSTRM-220): 302. Translating STRUCTURE pe3_CDNS_7278762460039 as cellView TO_TEST1/pe3_CDNS_7278762460039/layout.
INFO (XSTRM-220): 303. Translating STRUCTURE rpp1k1_3_CDNS_7278762460040 as cellView TO_TEST1/rpp1k1_3_CDNS_7278762460040/layout.
INFO (XSTRM-220): 304. Translating STRUCTURE pe3_CDNS_7278762460041 as cellView TO_TEST1/pe3_CDNS_7278762460041/layout.
INFO (XSTRM-220): 305. Translating STRUCTURE rpp1k1_3_CDNS_7278762460042 as cellView TO_TEST1/rpp1k1_3_CDNS_7278762460042/layout.
INFO (XSTRM-220): 306. Translating STRUCTURE pe3_CDNS_7278762460043 as cellView TO_TEST1/pe3_CDNS_7278762460043/layout.
INFO (XSTRM-220): 307. Translating STRUCTURE pe3_CDNS_7278762460044 as cellView TO_TEST1/pe3_CDNS_7278762460044/layout.
INFO (XSTRM-220): 308. Translating STRUCTURE pe3_CDNS_7278762460045 as cellView TO_TEST1/pe3_CDNS_7278762460045/layout.
INFO (XSTRM-220): 309. Translating STRUCTURE ne3_CDNS_7278762460046 as cellView TO_TEST1/ne3_CDNS_7278762460046/layout.
INFO (XSTRM-220): 310. Translating STRUCTURE ne3i_6_CDNS_7278762460047 as cellView TO_TEST1/ne3i_6_CDNS_7278762460047/layout.
INFO (XSTRM-220): 311. Translating STRUCTURE ne3_CDNS_7278762460048 as cellView TO_TEST1/ne3_CDNS_7278762460048/layout.
INFO (XSTRM-220): 312. Translating STRUCTURE pe3_CDNS_7278762460049 as cellView TO_TEST1/pe3_CDNS_7278762460049/layout.
INFO (XSTRM-220): 313. Translating STRUCTURE ne3_CDNS_7278762460050 as cellView TO_TEST1/ne3_CDNS_7278762460050/layout.
INFO (XSTRM-220): 314. Translating STRUCTURE dac6b_amp_n2 as cellView TO_TEST1/dac6b_amp_n2/layout.
WARNING (XSTRM-207): Path length 1.010 at location (356.880,40.780) on layer 'MET3' and purpose 'drawing' is less than 1/2 of path width 4.100. The path would be created with the dimensions in Stream file. To resolve this, fix the source from which the Stream file is generated and then run the translator again with the new stream file.
WARNING (XSTRM-207): Path length 0.545 at location (195.805,49.600) on layer 'MET3' and purpose 'drawing' is less than 1/2 of path width 2.000. The path would be created with the dimensions in Stream file. To resolve this, fix the source from which the Stream file is generated and then run the translator again with the new stream file.
WARNING (XSTRM-207): Path length 1.010 at location (294.955,40.780) on layer 'MET3' and purpose 'drawing' is less than 1/2 of path width 4.100. The path would be created with the dimensions in Stream file. To resolve this, fix the source from which the Stream file is generated and then run the translator again with the new stream file.
INFO (XSTRM-220): 315. Translating STRUCTURE pulse_generator as cellView TO_TEST1/pulse_generator/layout.
INFO (XSTRM-220): 316. Translating STRUCTURE VIA2_C_CDNS_72787624600258 as cellView TO_TEST1/VIA2_C_CDNS_72787624600258/layout.
INFO (XSTRM-220): 317. Translating STRUCTURE VIA2_C_CDNS_72787624600259 as cellView TO_TEST1/VIA2_C_CDNS_72787624600259/layout.
INFO (XSTRM-220): 318. Translating STRUCTURE VIA1_C_CDNS_72787624600260 as cellView TO_TEST1/VIA1_C_CDNS_72787624600260/layout.
INFO (XSTRM-220): 319. Translating STRUCTURE VIA2_C_CDNS_72787624600261 as cellView TO_TEST1/VIA2_C_CDNS_72787624600261/layout.
INFO (XSTRM-220): 320. Translating STRUCTURE VIA2_C_CDNS_72787624600262 as cellView TO_TEST1/VIA2_C_CDNS_72787624600262/layout.
INFO (XSTRM-220): 321. Translating STRUCTURE VIA1_C_CDNS_72787624600263 as cellView TO_TEST1/VIA1_C_CDNS_72787624600263/layout.
INFO (XSTRM-220): 322. Translating STRUCTURE VIA1_C_CDNS_72787624600264 as cellView TO_TEST1/VIA1_C_CDNS_72787624600264/layout.
INFO (XSTRM-220): 323. Translating STRUCTURE VIA1_C_CDNS_72787624600265 as cellView TO_TEST1/VIA1_C_CDNS_72787624600265/layout.
INFO (XSTRM-220): 324. Translating STRUCTURE VIA2_C_CDNS_72787624600266 as cellView TO_TEST1/VIA2_C_CDNS_72787624600266/layout.
INFO (XSTRM-220): 325. Translating STRUCTURE VIA1_C_CDNS_72787624600267 as cellView TO_TEST1/VIA1_C_CDNS_72787624600267/layout.
INFO (XSTRM-220): 326. Translating STRUCTURE VIA1_C_CDNS_72787624600268 as cellView TO_TEST1/VIA1_C_CDNS_72787624600268/layout.
INFO (XSTRM-220): 327. Translating STRUCTURE VIA3_C_CDNS_72787624600269 as cellView TO_TEST1/VIA3_C_CDNS_72787624600269/layout.
INFO (XSTRM-220): 328. Translating STRUCTURE VIA1_C_CDNS_72787624600270 as cellView TO_TEST1/VIA1_C_CDNS_72787624600270/layout.
INFO (XSTRM-220): 329. Translating STRUCTURE VIA2_C_CDNS_72787624600271 as cellView TO_TEST1/VIA2_C_CDNS_72787624600271/layout.
INFO (XSTRM-220): 330. Translating STRUCTURE VIA2_C_CDNS_72787624600272 as cellView TO_TEST1/VIA2_C_CDNS_72787624600272/layout.
INFO (XSTRM-220): 331. Translating STRUCTURE VIA3_C_CDNS_72787624600273 as cellView TO_TEST1/VIA3_C_CDNS_72787624600273/layout.
INFO (XSTRM-220): 332. Translating STRUCTURE VIA3_C_CDNS_72787624600274 as cellView TO_TEST1/VIA3_C_CDNS_72787624600274/layout.
INFO (XSTRM-220): 333. Translating STRUCTURE VIA2_C_CDNS_72787624600275 as cellView TO_TEST1/VIA2_C_CDNS_72787624600275/layout.
INFO (XSTRM-220): 334. Translating STRUCTURE VIA3_C_CDNS_72787624600276 as cellView TO_TEST1/VIA3_C_CDNS_72787624600276/layout.
INFO (XSTRM-220): 335. Translating STRUCTURE VIA1_C_CDNS_72787624600277 as cellView TO_TEST1/VIA1_C_CDNS_72787624600277/layout.
INFO (XSTRM-220): 336. Translating STRUCTURE VIA2_C_CDNS_72787624600278 as cellView TO_TEST1/VIA2_C_CDNS_72787624600278/layout.
INFO (XSTRM-220): 337. Translating STRUCTURE ne3_CDNS_7278762460051 as cellView TO_TEST1/ne3_CDNS_7278762460051/layout.
INFO (XSTRM-220): 338. Translating STRUCTURE pe3_CDNS_7278762460052 as cellView TO_TEST1/pe3_CDNS_7278762460052/layout.
INFO (XSTRM-220): 339. Translating STRUCTURE pe3_CDNS_7278762460053 as cellView TO_TEST1/pe3_CDNS_7278762460053/layout.
INFO (XSTRM-220): 340. Translating STRUCTURE rpp1k1_3_CDNS_7278762460054 as cellView TO_TEST1/rpp1k1_3_CDNS_7278762460054/layout.
INFO (XSTRM-220): 341. Translating STRUCTURE mosvc3_CDNS_7278762460055 as cellView TO_TEST1/mosvc3_CDNS_7278762460055/layout.
INFO (XSTRM-220): 342. Translating STRUCTURE cmm5t_CDNS_7278762460056 as cellView TO_TEST1/cmm5t_CDNS_7278762460056/layout.
INFO (XSTRM-220): 343. Translating STRUCTURE pe3_CDNS_7278762460057 as cellView TO_TEST1/pe3_CDNS_7278762460057/layout.
INFO (XSTRM-220): 344. Translating STRUCTURE ref_bias as cellView TO_TEST1/ref_bias/layout.
WARNING (XSTRM-207): Path length 0.010 at location (221.275,193.895) on layer 'MET1' and purpose 'drawing' is less than 1/2 of path width 0.230. The path would be created with the dimensions in Stream file. To resolve this, fix the source from which the Stream file is generated and then run the translator again with the new stream file.
WARNING (XSTRM-207): Path length 0.655 at location (131.735,186.160) on layer 'MET2' and purpose 'drawing' is less than 1/2 of path width 1.500. The path would be created with the dimensions in Stream file. To resolve this, fix the source from which the Stream file is generated and then run the translator again with the new stream file.
INFO (XSTRM-220): 345. Translating STRUCTURE VIA2_C_CDNS_72787624600279 as cellView TO_TEST1/VIA2_C_CDNS_72787624600279/layout.
INFO (XSTRM-220): 346. Translating STRUCTURE VIA1_C_CDNS_72787624600280 as cellView TO_TEST1/VIA1_C_CDNS_72787624600280/layout.
INFO (XSTRM-220): 347. Translating STRUCTURE VIA1_C_CDNS_72787624600281 as cellView TO_TEST1/VIA1_C_CDNS_72787624600281/layout.
INFO (XSTRM-220): 348. Translating STRUCTURE VIA1_C_CDNS_72787624600282 as cellView TO_TEST1/VIA1_C_CDNS_72787624600282/layout.
INFO (XSTRM-220): 349. Translating STRUCTURE VIA1_C_CDNS_72787624600283 as cellView TO_TEST1/VIA1_C_CDNS_72787624600283/layout.
INFO (XSTRM-220): 350. Translating STRUCTURE VIA3_C_CDNS_72787624600284 as cellView TO_TEST1/VIA3_C_CDNS_72787624600284/layout.
INFO (XSTRM-220): 351. Translating STRUCTURE VIA2_C_CDNS_72787624600285 as cellView TO_TEST1/VIA2_C_CDNS_72787624600285/layout.
INFO (XSTRM-220): 352. Translating STRUCTURE VIA1_C_CDNS_72787624600286 as cellView TO_TEST1/VIA1_C_CDNS_72787624600286/layout.
INFO (XSTRM-220): 353. Translating STRUCTURE VIA2_C_CDNS_72787624600287 as cellView TO_TEST1/VIA2_C_CDNS_72787624600287/layout.
INFO (XSTRM-220): 354. Translating STRUCTURE VIA1_C_CDNS_72787624600288 as cellView TO_TEST1/VIA1_C_CDNS_72787624600288/layout.
INFO (XSTRM-220): 355. Translating STRUCTURE VIA2_C_CDNS_72787624600289 as cellView TO_TEST1/VIA2_C_CDNS_72787624600289/layout.
INFO (XSTRM-220): 356. Translating STRUCTURE VIA2_C_CDNS_72787624600290 as cellView TO_TEST1/VIA2_C_CDNS_72787624600290/layout.
INFO (XSTRM-220): 357. Translating STRUCTURE VIATP_C_CDNS_72787624600291 as cellView TO_TEST1/VIATP_C_CDNS_72787624600291/layout.
INFO (XSTRM-220): 358. Translating STRUCTURE VIA3_C_CDNS_72787624600292 as cellView TO_TEST1/VIA3_C_CDNS_72787624600292/layout.
INFO (XSTRM-220): 359. Translating STRUCTURE VIA2_C_CDNS_72787624600293 as cellView TO_TEST1/VIA2_C_CDNS_72787624600293/layout.
INFO (XSTRM-220): 360. Translating STRUCTURE ne3_CDNS_7278762460058 as cellView TO_TEST1/ne3_CDNS_7278762460058/layout.
INFO (XSTRM-220): 361. Translating STRUCTURE qpvc3 as cellView TO_TEST1/qpvc3/layout.
INFO (XSTRM-220): 362. Translating STRUCTURE rpp1k1_3_CDNS_7278762460059 as cellView TO_TEST1/rpp1k1_3_CDNS_7278762460059/layout.
INFO (XSTRM-220): 363. Translating STRUCTURE rpp1k1_3_CDNS_7278762460060 as cellView TO_TEST1/rpp1k1_3_CDNS_7278762460060/layout.
INFO (XSTRM-220): 364. Translating STRUCTURE ne3_CDNS_7278762460061 as cellView TO_TEST1/ne3_CDNS_7278762460061/layout.
INFO (XSTRM-220): 365. Translating STRUCTURE pe3_CDNS_7278762460062 as cellView TO_TEST1/pe3_CDNS_7278762460062/layout.
INFO (XSTRM-220): 366. Translating STRUCTURE ne3_CDNS_7278762460063 as cellView TO_TEST1/ne3_CDNS_7278762460063/layout.
INFO (XSTRM-220): 367. Translating STRUCTURE rpp1k1_3_CDNS_7278762460064 as cellView TO_TEST1/rpp1k1_3_CDNS_7278762460064/layout.
INFO (XSTRM-220): 368. Translating STRUCTURE bandgap_su as cellView TO_TEST1/bandgap_su/layout.
INFO (XSTRM-220): 369. Translating STRUCTURE mosvc3_CDNS_7278762460065 as cellView TO_TEST1/mosvc3_CDNS_7278762460065/layout.
INFO (XSTRM-220): 370. Translating STRUCTURE VIA1_C_CDNS_72787624600294 as cellView TO_TEST1/VIA1_C_CDNS_72787624600294/layout.
INFO (XSTRM-220): 371. Translating STRUCTURE VIA2_C_CDNS_72787624600295 as cellView TO_TEST1/VIA2_C_CDNS_72787624600295/layout.
INFO (XSTRM-220): 372. Translating STRUCTURE VIA1_C_CDNS_72787624600296 as cellView TO_TEST1/VIA1_C_CDNS_72787624600296/layout.
INFO (XSTRM-220): 373. Translating STRUCTURE VIA1_C_CDNS_72787624600297 as cellView TO_TEST1/VIA1_C_CDNS_72787624600297/layout.
INFO (XSTRM-220): 374. Translating STRUCTURE VIA1_C_CDNS_72787624600298 as cellView TO_TEST1/VIA1_C_CDNS_72787624600298/layout.
INFO (XSTRM-220): 375. Translating STRUCTURE VIA1_C_CDNS_72787624600299 as cellView TO_TEST1/VIA1_C_CDNS_72787624600299/layout.
INFO (XSTRM-220): 376. Translating STRUCTURE VIA1_C_CDNS_72787624600300 as cellView TO_TEST1/VIA1_C_CDNS_72787624600300/layout.
INFO (XSTRM-220): 377. Translating STRUCTURE VIA2_C_CDNS_72787624600301 as cellView TO_TEST1/VIA2_C_CDNS_72787624600301/layout.
INFO (XSTRM-220): 378. Translating STRUCTURE VIA2_C_CDNS_72787624600302 as cellView TO_TEST1/VIA2_C_CDNS_72787624600302/layout.
INFO (XSTRM-220): 379. Translating STRUCTURE VIA1_C_CDNS_72787624600303 as cellView TO_TEST1/VIA1_C_CDNS_72787624600303/layout.
INFO (XSTRM-220): 380. Translating STRUCTURE VIA1_C_CDNS_72787624600304 as cellView TO_TEST1/VIA1_C_CDNS_72787624600304/layout.
INFO (XSTRM-220): 381. Translating STRUCTURE VIA1_C_CDNS_72787624600305 as cellView TO_TEST1/VIA1_C_CDNS_72787624600305/layout.
INFO (XSTRM-220): 382. Translating STRUCTURE VIA1_C_CDNS_72787624600306 as cellView TO_TEST1/VIA1_C_CDNS_72787624600306/layout.
INFO (XSTRM-220): 383. Translating STRUCTURE VIA1_C_CDNS_72787624600307 as cellView TO_TEST1/VIA1_C_CDNS_72787624600307/layout.
INFO (XSTRM-220): 384. Translating STRUCTURE ne3i_6_CDNS_7278762460066 as cellView TO_TEST1/ne3i_6_CDNS_7278762460066/layout.
INFO (XSTRM-220): 385. Translating STRUCTURE pe3_CDNS_7278762460067 as cellView TO_TEST1/pe3_CDNS_7278762460067/layout.
INFO (XSTRM-220): 386. Translating STRUCTURE ne3_CDNS_7278762460068 as cellView TO_TEST1/ne3_CDNS_7278762460068/layout.
INFO (XSTRM-220): 387. Translating STRUCTURE pe3_CDNS_7278762460069 as cellView TO_TEST1/pe3_CDNS_7278762460069/layout.
INFO (XSTRM-220): 388. Translating STRUCTURE pe3_CDNS_7278762460070 as cellView TO_TEST1/pe3_CDNS_7278762460070/layout.
INFO (XSTRM-220): 389. Translating STRUCTURE pe3_CDNS_7278762460071 as cellView TO_TEST1/pe3_CDNS_7278762460071/layout.
INFO (XSTRM-220): 390. Translating STRUCTURE ne3i_6_CDNS_7278762460072 as cellView TO_TEST1/ne3i_6_CDNS_7278762460072/layout.
INFO (XSTRM-220): 391. Translating STRUCTURE rpp1k1_3_CDNS_7278762460073 as cellView TO_TEST1/rpp1k1_3_CDNS_7278762460073/layout.
INFO (XSTRM-220): 392. Translating STRUCTURE constant_gm as cellView TO_TEST1/constant_gm/layout.
INFO (XSTRM-220): 393. Translating STRUCTURE bias as cellView TO_TEST1/bias/layout.
INFO (XSTRM-220): 394. Translating STRUCTURE VIA1_X_so as cellView TO_TEST1/VIA1_X_so/layout.
INFO (XSTRM-220): 395. Translating STRUCTURE VIA1_Y_so as cellView TO_TEST1/VIA1_Y_so/layout.
INFO (XSTRM-220): 396. Translating STRUCTURE VIA1_CH1_so as cellView TO_TEST1/VIA1_CH1_so/layout.
INFO (XSTRM-220): 397. Translating STRUCTURE VIA1_CH1_eo as cellView TO_TEST1/VIA1_CH1_eo/layout.
INFO (XSTRM-220): 398. Translating STRUCTURE VIA1_CH1s_beo as cellView TO_TEST1/VIA1_CH1s_beo/layout.
INFO (XSTRM-220): 399. Translating STRUCTURE VIA1_CH2_so as cellView TO_TEST1/VIA1_CH2_so/layout.
INFO (XSTRM-220): 400. Translating STRUCTURE VIA1_CH2_eo as cellView TO_TEST1/VIA1_CH2_eo/layout.
INFO (XSTRM-220): 401. Translating STRUCTURE VIA1_CH2n_beo as cellView TO_TEST1/VIA1_CH2n_beo/layout.
INFO (XSTRM-220): 402. Translating STRUCTURE VIA1_CV1_so as cellView TO_TEST1/VIA1_CV1_so/layout.
INFO (XSTRM-220): 403. Translating STRUCTURE VIA1_CV1e_beo as cellView TO_TEST1/VIA1_CV1e_beo/layout.
INFO (XSTRM-220): 404. Translating STRUCTURE VIA1_CV1w_beo as cellView TO_TEST1/VIA1_CV1w_beo/layout.
INFO (XSTRM-220): 405. Translating STRUCTURE VIA1_CV2_so as cellView TO_TEST1/VIA1_CV2_so/layout.
INFO (XSTRM-220): 406. Translating STRUCTURE VIA1_CV2e_beo as cellView TO_TEST1/VIA1_CV2e_beo/layout.
INFO (XSTRM-220): 407. Translating STRUCTURE VIA1_CV2w_beo as cellView TO_TEST1/VIA1_CV2w_beo/layout.
INFO (XSTRM-220): 408. Translating STRUCTURE VIA1_o as cellView TO_TEST1/VIA1_o/layout.
INFO (XSTRM-220): 409. Translating STRUCTURE VIA1_CH1_hd as cellView TO_TEST1/VIA1_CH1_hd/layout.
INFO (XSTRM-220): 410. Translating STRUCTURE VIA1_CH2_hd as cellView TO_TEST1/VIA1_CH2_hd/layout.
INFO (XSTRM-220): 411. Translating STRUCTURE VIA1_CV1_hd as cellView TO_TEST1/VIA1_CV1_hd/layout.
INFO (XSTRM-220): 412. Translating STRUCTURE VIA1_CV2_hd as cellView TO_TEST1/VIA1_CV2_hd/layout.
INFO (XSTRM-220): 413. Translating STRUCTURE VIA1_CH1_so2 as cellView TO_TEST1/VIA1_CH1_so2/layout.
INFO (XSTRM-220): 414. Translating STRUCTURE VIA1_CH2_so2 as cellView TO_TEST1/VIA1_CH2_so2/layout.
INFO (XSTRM-220): 415. Translating STRUCTURE VIA1_CH1_so_hd2 as cellView TO_TEST1/VIA1_CH1_so_hd2/layout.
INFO (XSTRM-220): 416. Translating STRUCTURE VIA1_CH2_so_hd2 as cellView TO_TEST1/VIA1_CH2_so_hd2/layout.
INFO (XSTRM-220): 417. Translating STRUCTURE VIA2_CH1_so as cellView TO_TEST1/VIA2_CH1_so/layout.
INFO (XSTRM-220): 418. Translating STRUCTURE VIA2_CH1_eo as cellView TO_TEST1/VIA2_CH1_eo/layout.
INFO (XSTRM-220): 419. Translating STRUCTURE VIA2_CH1n_beo as cellView TO_TEST1/VIA2_CH1n_beo/layout.
INFO (XSTRM-220): 420. Translating STRUCTURE VIA2_CH1s_beo as cellView TO_TEST1/VIA2_CH1s_beo/layout.
INFO (XSTRM-220): 421. Translating STRUCTURE VIA2_CH2_so as cellView TO_TEST1/VIA2_CH2_so/layout.
INFO (XSTRM-220): 422. Translating STRUCTURE VIA2_CH2n_beo as cellView TO_TEST1/VIA2_CH2n_beo/layout.
INFO (XSTRM-220): 423. Translating STRUCTURE VIA2_CH2s_beo as cellView TO_TEST1/VIA2_CH2s_beo/layout.
INFO (XSTRM-220): 424. Translating STRUCTURE VIA2_CV1_so as cellView TO_TEST1/VIA2_CV1_so/layout.
INFO (XSTRM-220): 425. Translating STRUCTURE VIA2_CV2_so as cellView TO_TEST1/VIA2_CV2_so/layout.
INFO (XSTRM-220): 426. Translating STRUCTURE VIA2_CV2e_beo as cellView TO_TEST1/VIA2_CV2e_beo/layout.
INFO (XSTRM-220): 427. Translating STRUCTURE VIA2_CV2w_beo as cellView TO_TEST1/VIA2_CV2w_beo/layout.
INFO (XSTRM-220): 428. Translating STRUCTURE VIA2_o as cellView TO_TEST1/VIA2_o/layout.
INFO (XSTRM-220): 429. Translating STRUCTURE VIA2_CH1_hd as cellView TO_TEST1/VIA2_CH1_hd/layout.
INFO (XSTRM-220): 430. Translating STRUCTURE VIA2_CV1_hd as cellView TO_TEST1/VIA2_CV1_hd/layout.
INFO (XSTRM-220): 431. Translating STRUCTURE VIA2_CV2_hd as cellView TO_TEST1/VIA2_CV2_hd/layout.
INFO (XSTRM-220): 432. Translating STRUCTURE VIA3_CH1_so as cellView TO_TEST1/VIA3_CH1_so/layout.
INFO (XSTRM-220): 433. Translating STRUCTURE VIA3_CH2_so as cellView TO_TEST1/VIA3_CH2_so/layout.
INFO (XSTRM-220): 434. Translating STRUCTURE VIA3_CV1_so as cellView TO_TEST1/VIA3_CV1_so/layout.
INFO (XSTRM-220): 435. Translating STRUCTURE VIA3_CV2_so as cellView TO_TEST1/VIA3_CV2_so/layout.
INFO (XSTRM-220): 436. Translating STRUCTURE VIA1_C_CDNS_72787624600308 as cellView TO_TEST1/VIA1_C_CDNS_72787624600308/layout.
INFO (XSTRM-220): 437. Translating STRUCTURE VIA1_C_CDNS_72787624600309 as cellView TO_TEST1/VIA1_C_CDNS_72787624600309/layout.
INFO (XSTRM-220): 438. Translating STRUCTURE VIA1_C_CDNS_72787624600310 as cellView TO_TEST1/VIA1_C_CDNS_72787624600310/layout.
INFO (XSTRM-220): 439. Translating STRUCTURE VIA1_C_CDNS_72787624600311 as cellView TO_TEST1/VIA1_C_CDNS_72787624600311/layout.
INFO (XSTRM-220): 440. Translating STRUCTURE EN2JI3VX0 as cellView TO_TEST1/EN2JI3VX0/layout.
INFO (XSTRM-220): 441. Translating STRUCTURE NO3JI3VX1 as cellView TO_TEST1/NO3JI3VX1/layout.
INFO (XSTRM-220): 442. Translating STRUCTURE NA2JI3VX2 as cellView TO_TEST1/NA2JI3VX2/layout.
INFO (XSTRM-220): 443. Translating STRUCTURE NO22JI3VX1 as cellView TO_TEST1/NO22JI3VX1/layout.
INFO (XSTRM-220): 444. Translating STRUCTURE DFRRQJI3VX2 as cellView TO_TEST1/DFRRQJI3VX2/layout.
INFO (XSTRM-220): 445. Translating STRUCTURE BUJI3VX8 as cellView TO_TEST1/BUJI3VX8/layout.
INFO (XSTRM-220): 446. Translating STRUCTURE DFRRQJI3VX4 as cellView TO_TEST1/DFRRQJI3VX4/layout.
INFO (XSTRM-220): 447. Translating STRUCTURE BUJI3VX1 as cellView TO_TEST1/BUJI3VX1/layout.
INFO (XSTRM-220): 448. Translating STRUCTURE NO3I2JI3VX1 as cellView TO_TEST1/NO3I2JI3VX1/layout.
INFO (XSTRM-220): 449. Translating STRUCTURE FAJI3VX1 as cellView TO_TEST1/FAJI3VX1/layout.
INFO (XSTRM-220): 450. Translating STRUCTURE OR2JI3VX0 as cellView TO_TEST1/OR2JI3VX0/layout.
INFO (XSTRM-220): 451. Translating STRUCTURE NA3I1JI3VX1 as cellView TO_TEST1/NA3I1JI3VX1/layout.
INFO (XSTRM-220): 452. Translating STRUCTURE DLY2JI3VX1 as cellView TO_TEST1/DLY2JI3VX1/layout.
INFO (XSTRM-220): 453. Translating STRUCTURE NA3JI3VX0 as cellView TO_TEST1/NA3JI3VX0/layout.
INFO (XSTRM-220): 454. Translating STRUCTURE ON21JI3VX1 as cellView TO_TEST1/ON21JI3VX1/layout.
INFO (XSTRM-220): 455. Translating STRUCTURE OA21JI3VX1 as cellView TO_TEST1/OA21JI3VX1/layout.
INFO (XSTRM-220): 456. Translating STRUCTURE BUJI3VX3 as cellView TO_TEST1/BUJI3VX3/layout.
INFO (XSTRM-220): 457. Translating STRUCTURE AN211JI3VX1 as cellView TO_TEST1/AN211JI3VX1/layout.
INFO (XSTRM-220): 458. Translating STRUCTURE BUJI3VX16 as cellView TO_TEST1/BUJI3VX16/layout.
INFO (XSTRM-220): 459. Translating STRUCTURE BUJI3VX0 as cellView TO_TEST1/BUJI3VX0/layout.
INFO (XSTRM-220): 460. Translating STRUCTURE NA2I1JI3VX1 as cellView TO_TEST1/NA2I1JI3VX1/layout.
INFO (XSTRM-220): 461. Translating STRUCTURE DLY1JI3VX1 as cellView TO_TEST1/DLY1JI3VX1/layout.
INFO (XSTRM-220): 462. Translating STRUCTURE OR4JI3VX1 as cellView TO_TEST1/OR4JI3VX1/layout.
INFO (XSTRM-220): 463. Translating STRUCTURE DFRRQJI3VX1 as cellView TO_TEST1/DFRRQJI3VX1/layout.
INFO (XSTRM-220): 464. Translating STRUCTURE INJI3VX1 as cellView TO_TEST1/INJI3VX1/layout.
INFO (XSTRM-220): 465. Translating STRUCTURE INJI3VX2 as cellView TO_TEST1/INJI3VX2/layout.
INFO (XSTRM-220): 466. Translating STRUCTURE BUJI3VX12 as cellView TO_TEST1/BUJI3VX12/layout.
INFO (XSTRM-220): 467. Translating STRUCTURE ON22JI3VX1 as cellView TO_TEST1/ON22JI3VX1/layout.
INFO (XSTRM-220): 468. Translating STRUCTURE AN31JI3VX1 as cellView TO_TEST1/AN31JI3VX1/layout.
INFO (XSTRM-220): 469. Translating STRUCTURE NO3JI3VX0 as cellView TO_TEST1/NO3JI3VX0/layout.
INFO (XSTRM-220): 470. Translating STRUCTURE OR4JI3VX2 as cellView TO_TEST1/OR4JI3VX2/layout.
INFO (XSTRM-220): 471. Translating STRUCTURE HAJI3VX1 as cellView TO_TEST1/HAJI3VX1/layout.
INFO (XSTRM-220): 472. Translating STRUCTURE DLY4JI3VX1 as cellView TO_TEST1/DLY4JI3VX1/layout.
INFO (XSTRM-220): 473. Translating STRUCTURE NO2I1JI3VX1 as cellView TO_TEST1/NO2I1JI3VX1/layout.
INFO (XSTRM-220): 474. Translating STRUCTURE AO22JI3VX1 as cellView TO_TEST1/AO22JI3VX1/layout.
INFO (XSTRM-220): 475. Translating STRUCTURE BUJI3VX6 as cellView TO_TEST1/BUJI3VX6/layout.
INFO (XSTRM-220): 476. Translating STRUCTURE ON31JI3VX1 as cellView TO_TEST1/ON31JI3VX1/layout.
INFO (XSTRM-220): 477. Translating STRUCTURE EO3JI3VX1 as cellView TO_TEST1/EO3JI3VX1/layout.
INFO (XSTRM-220): 478. Translating STRUCTURE BUJI3VX2 as cellView TO_TEST1/BUJI3VX2/layout.
INFO (XSTRM-220): 479. Translating STRUCTURE INJI3VX3 as cellView TO_TEST1/INJI3VX3/layout.
INFO (XSTRM-220): 480. Translating STRUCTURE NA3I2JI3VX1 as cellView TO_TEST1/NA3I2JI3VX1/layout.
INFO (XSTRM-220): 481. Translating STRUCTURE EN3JI3VX1 as cellView TO_TEST1/EN3JI3VX1/layout.
INFO (XSTRM-220): 482. Translating STRUCTURE SDFRRQJI3VX1 as cellView TO_TEST1/SDFRRQJI3VX1/layout.
INFO (XSTRM-220): 483. Translating STRUCTURE NO2JI3VX0 as cellView TO_TEST1/NO2JI3VX0/layout.
INFO (XSTRM-220): 484. Translating STRUCTURE NA4JI3VX0 as cellView TO_TEST1/NA4JI3VX0/layout.
INFO (XSTRM-220): 485. Translating STRUCTURE NA2JI3VX0 as cellView TO_TEST1/NA2JI3VX0/layout.
INFO (XSTRM-220): 486. Translating STRUCTURE ON21JI3VX4 as cellView TO_TEST1/ON21JI3VX4/layout.
INFO (XSTRM-220): 487. Translating STRUCTURE AND2JI3VX1 as cellView TO_TEST1/AND2JI3VX1/layout.
INFO (XSTRM-220): 488. Translating STRUCTURE NA4JI3VX2 as cellView TO_TEST1/NA4JI3VX2/layout.
INFO (XSTRM-220): 489. Translating STRUCTURE NO2I1JI3VX2 as cellView TO_TEST1/NO2I1JI3VX2/layout.
INFO (XSTRM-220): 490. Translating STRUCTURE EO2JI3VX0 as cellView TO_TEST1/EO2JI3VX0/layout.
INFO (XSTRM-220): 491. Translating STRUCTURE AND2JI3VX0 as cellView TO_TEST1/AND2JI3VX0/layout.
INFO (XSTRM-220): 492. Translating STRUCTURE AN22JI3VX1 as cellView TO_TEST1/AN22JI3VX1/layout.
INFO (XSTRM-220): 493. Translating STRUCTURE NO2JI3VX2 as cellView TO_TEST1/NO2JI3VX2/layout.
INFO (XSTRM-220): 494. Translating STRUCTURE AO21JI3VX1 as cellView TO_TEST1/AO21JI3VX1/layout.
INFO (XSTRM-220): 495. Translating STRUCTURE NA2I1JI3VX2 as cellView TO_TEST1/NA2I1JI3VX2/layout.
INFO (XSTRM-220): 496. Translating STRUCTURE NA22JI3VX1 as cellView TO_TEST1/NA22JI3VX1/layout.
INFO (XSTRM-220): 497. Translating STRUCTURE MU2JI3VX0 as cellView TO_TEST1/MU2JI3VX0/layout.
INFO (XSTRM-220): 498. Translating STRUCTURE OR3JI3VX1 as cellView TO_TEST1/OR3JI3VX1/layout.
INFO (XSTRM-220): 499. Translating STRUCTURE ON211JI3VX1 as cellView TO_TEST1/ON211JI3VX1/layout.
INFO (XSTRM-220): 500. Translating STRUCTURE AN21JI3VX1 as cellView TO_TEST1/AN21JI3VX1/layout.
INFO (XSTRM-220): 501. Translating STRUCTURE INJI3VX0 as cellView TO_TEST1/INJI3VX0/layout.
INFO (XSTRM-220): 502. Translating STRUCTURE NO3I1JI3VX1 as cellView TO_TEST1/NO3I1JI3VX1/layout.
INFO (XSTRM-220): 503. Translating STRUCTURE DECAP25JI3V as cellView TO_TEST1/DECAP25JI3V/layout.
INFO (XSTRM-220): 504. Translating STRUCTURE DECAP15JI3V as cellView TO_TEST1/DECAP15JI3V/layout.
INFO (XSTRM-220): 505. Translating STRUCTURE DECAP7JI3V as cellView TO_TEST1/DECAP7JI3V/layout.
INFO (XSTRM-220): 506. Translating STRUCTURE DECAP5JI3V as cellView TO_TEST1/DECAP5JI3V/layout.
INFO (XSTRM-220): 507. Translating STRUCTURE DECAP10JI3V as cellView TO_TEST1/DECAP10JI3V/layout.
INFO (XSTRM-220): 508. Translating STRUCTURE FEED2JI3V as cellView TO_TEST1/FEED2JI3V/layout.
INFO (XSTRM-220): 509. Translating STRUCTURE FEED3JI3V as cellView TO_TEST1/FEED3JI3V/layout.
INFO (XSTRM-220): 510. Translating STRUCTURE FEED15JI3V as cellView TO_TEST1/FEED15JI3V/layout.
INFO (XSTRM-220): 511. Translating STRUCTURE FEED25JI3V as cellView TO_TEST1/FEED25JI3V/layout.
INFO (XSTRM-220): 512. Translating STRUCTURE FEED1JI3V as cellView TO_TEST1/FEED1JI3V/layout.
INFO (XSTRM-220): 513. Translating STRUCTURE FEED7JI3V as cellView TO_TEST1/FEED7JI3V/layout.
INFO (XSTRM-220): 514. Translating STRUCTURE FEED5JI3V as cellView TO_TEST1/FEED5JI3V/layout.
INFO (XSTRM-220): 515. Translating STRUCTURE FEED10JI3V as cellView TO_TEST1/FEED10JI3V/layout.
INFO (XSTRM-220): 516. Translating STRUCTURE aska_dig as cellView TO_TEST1/aska_dig/layout.
INFO (XSTRM-220): 517. Translating STRUCTURE VIA2_C_CDNS_72787624600312 as cellView TO_TEST1/VIA2_C_CDNS_72787624600312/layout.
INFO (XSTRM-220): 518. Translating STRUCTURE VIA2_C_CDNS_72787624600313 as cellView TO_TEST1/VIA2_C_CDNS_72787624600313/layout.
INFO (XSTRM-220): 519. Translating STRUCTURE VIA1_C_CDNS_72787624600314 as cellView TO_TEST1/VIA1_C_CDNS_72787624600314/layout.
INFO (XSTRM-220): 520. Translating STRUCTURE VIA2_C_CDNS_72787624600315 as cellView TO_TEST1/VIA2_C_CDNS_72787624600315/layout.
INFO (XSTRM-220): 521. Translating STRUCTURE VIA1_C_CDNS_72787624600316 as cellView TO_TEST1/VIA1_C_CDNS_72787624600316/layout.
INFO (XSTRM-220): 522. Translating STRUCTURE VIA1_C_CDNS_72787624600317 as cellView TO_TEST1/VIA1_C_CDNS_72787624600317/layout.
INFO (XSTRM-220): 523. Translating STRUCTURE VIA1_C_CDNS_72787624600318 as cellView TO_TEST1/VIA1_C_CDNS_72787624600318/layout.
INFO (XSTRM-220): 524. Translating STRUCTURE VIA1_C_CDNS_72787624600319 as cellView TO_TEST1/VIA1_C_CDNS_72787624600319/layout.
INFO (XSTRM-220): 525. Translating STRUCTURE VIA2_C_CDNS_72787624600320 as cellView TO_TEST1/VIA2_C_CDNS_72787624600320/layout.
INFO (XSTRM-220): 526. Translating STRUCTURE VIA1_C_CDNS_72787624600321 as cellView TO_TEST1/VIA1_C_CDNS_72787624600321/layout.
INFO (XSTRM-220): 527. Translating STRUCTURE VIA2_C_CDNS_72787624600322 as cellView TO_TEST1/VIA2_C_CDNS_72787624600322/layout.
INFO (XSTRM-220): 528. Translating STRUCTURE STE_3VX4 as cellView TO_TEST1/STE_3VX4/layout.
INFO (XSTRM-220): 529. Translating STRUCTURE ne3_CDNS_7278762460074 as cellView TO_TEST1/ne3_CDNS_7278762460074/layout.
INFO (XSTRM-220): 530. Translating STRUCTURE ne3_CDNS_7278762460075 as cellView TO_TEST1/ne3_CDNS_7278762460075/layout.
INFO (XSTRM-220): 531. Translating STRUCTURE pe3_CDNS_7278762460076 as cellView TO_TEST1/pe3_CDNS_7278762460076/layout.
INFO (XSTRM-220): 532. Translating STRUCTURE rpp1k1_3_CDNS_7278762460077 as cellView TO_TEST1/rpp1k1_3_CDNS_7278762460077/layout.
INFO (XSTRM-220): 533. Translating STRUCTURE mosvc3_CDNS_7278762460078 as cellView TO_TEST1/mosvc3_CDNS_7278762460078/layout.
INFO (XSTRM-220): 534. Translating STRUCTURE rpp1k1_3_CDNS_7278762460079 as cellView TO_TEST1/rpp1k1_3_CDNS_7278762460079/layout.
INFO (XSTRM-220): 535. Translating STRUCTURE por2 as cellView TO_TEST1/por2/layout.
INFO (XSTRM-220): 536. Translating STRUCTURE aska_core_16ele as cellView TO_TEST1/aska_core_16ele/layout.
WARNING (XSTRM-207): Path length 0.230 at location (1564.665,1970.385) on layer 'MET1' and purpose 'drawing' is less than 1/2 of path width 5.030. The path would be created with the dimensions in Stream file. To resolve this, fix the source from which the Stream file is generated and then run the translator again with the new stream file.
WARNING (XSTRM-207): Path length 0.230 at location (1564.665,1727.895) on layer 'MET1' and purpose 'drawing' is less than 1/2 of path width 5.030. The path would be created with the dimensions in Stream file. To resolve this, fix the source from which the Stream file is generated and then run the translator again with the new stream file.
WARNING (XSTRM-207): Path length 0.230 at location (1564.665,1476.670) on layer 'MET1' and purpose 'drawing' is less than 1/2 of path width 5.030. The path would be created with the dimensions in Stream file. To resolve this, fix the source from which the Stream file is generated and then run the translator again with the new stream file.
WARNING (XSTRM-207): Path length 0.230 at location (1564.665,1234.100) on layer 'MET1' and purpose 'drawing' is less than 1/2 of path width 5.030. The path would be created with the dimensions in Stream file. To resolve this, fix the source from which the Stream file is generated and then run the translator again with the new stream file.
WARNING (XSTRM-207): Path length 2.035 at location (1554.185,1358.245) on layer 'MET2' and purpose 'drawing' is less than 1/2 of path width 5.000. The path would be created with the dimensions in Stream file. To resolve this, fix the source from which the Stream file is generated and then run the translator again with the new stream file.
WARNING (XSTRM-207): Path length 2.045 at location (1550.050,1358.245) on layer 'MET2' and purpose 'drawing' is less than 1/2 of path width 5.000. The path would be created with the dimensions in Stream file. To resolve this, fix the source from which the Stream file is generated and then run the translator again with the new stream file.
WARNING (XSTRM-207): Path length 2.045 at location (1550.050,1604.890) on layer 'MET2' and purpose 'drawing' is less than 1/2 of path width 5.000. The path would be created with the dimensions in Stream file. To resolve this, fix the source from which the Stream file is generated and then run the translator again with the new stream file.
WARNING (XSTRM-207): Path length 2.035 at location (1554.185,1604.890) on layer 'MET2' and purpose 'drawing' is less than 1/2 of path width 5.000. The path would be created with the dimensions in Stream file. To resolve this, fix the source from which the Stream file is generated and then run the translator again with the new stream file.
WARNING (XSTRM-207): Path length 2.035 at location (1554.185,1852.535) on layer 'MET2' and purpose 'drawing' is less than 1/2 of path width 5.000. The path would be created with the dimensions in Stream file. To resolve this, fix the source from which the Stream file is generated and then run the translator again with the new stream file.
WARNING (XSTRM-207): Path length 2.045 at location (1550.050,1852.535) on layer 'MET2' and purpose 'drawing' is less than 1/2 of path width 5.000. The path would be created with the dimensions in Stream file. To resolve this, fix the source from which the Stream file is generated and then run the translator again with the new stream file.
WARNING (XSTRM-207): Path length 0.450 at location (830.265,1797.260) on layer 'MET3' and purpose 'drawing' is less than 1/2 of path width 2.000. The path would be created with the dimensions in Stream file. To resolve this, fix the source from which the Stream file is generated and then run the translator again with the new stream file.
WARNING (XSTRM-207): Path length 4.335 at location (1994.080,2574.240) on layer 'MET4' and purpose 'drawing' is less than 1/2 of path width 35.000. The path would be created with the dimensions in Stream file. To resolve this, fix the source from which the Stream file is generated and then run the translator again with the new stream file.
WARNING (XSTRM-207): Path length 15.000 at location (1994.080,2569.905) on layer 'MET4' and purpose 'drawing' is less than 1/2 of path width 35.000. The path would be created with the dimensions in Stream file. To resolve this, fix the source from which the Stream file is generated and then run the translator again with the new stream file.
WARNING (XSTRM-207): Path length 11.330 at location (489.740,674.405) on layer 'METTP' and purpose 'drawing' is less than 1/2 of path width 29.740. The path would be created with the dimensions in Stream file. To resolve this, fix the source from which the Stream file is generated and then run the translator again with the new stream file.
WARNING (XSTRM-207): Path length 11.870 at location (482.870,674.405) on layer 'METTP' and purpose 'drawing' is less than 1/2 of path width 29.740. The path would be created with the dimensions in Stream file. To resolve this, fix the source from which the Stream file is generated and then run the translator again with the new stream file.
WARNING (XSTRM-207): Path length 11.330 at location (476.540,674.405) on layer 'METTP' and purpose 'drawing' is less than 1/2 of path width 29.740. The path would be created with the dimensions in Stream file. To resolve this, fix the source from which the Stream file is generated and then run the translator again with the new stream file.
WARNING (XSTRM-207): Path length 13.890 at location (467.650,674.405) on layer 'METTP' and purpose 'drawing' is less than 1/2 of path width 29.740. The path would be created with the dimensions in Stream file. To resolve this, fix the source from which the Stream file is generated and then run the translator again with the new stream file.
WARNING (XSTRM-207): Path length 11.330 at location (461.320,674.405) on layer 'METTP' and purpose 'drawing' is less than 1/2 of path width 29.740. The path would be created with the dimensions in Stream file. To resolve this, fix the source from which the Stream file is generated and then run the translator again with the new stream file.
WARNING (XSTRM-207): Path length 11.870 at location (454.450,674.405) on layer 'METTP' and purpose 'drawing' is less than 1/2 of path width 29.740. The path would be created with the dimensions in Stream file. To resolve this, fix the source from which the Stream file is generated and then run the translator again with the new stream file.
WARNING (XSTRM-207): Path length 11.330 at location (448.120,674.405) on layer 'METTP' and purpose 'drawing' is less than 1/2 of path width 29.740. The path would be created with the dimensions in Stream file. To resolve this, fix the source from which the Stream file is generated and then run the translator again with the new stream file.
WARNING (XSTRM-207): Path length 11.330 at location (358.120,674.405) on layer 'METTP' and purpose 'drawing' is less than 1/2 of path width 29.740. The path would be created with the dimensions in Stream file. To resolve this, fix the source from which the Stream file is generated and then run the translator again with the new stream file.
WARNING (XSTRM-207): Path length 11.870 at location (364.450,674.405) on layer 'METTP' and purpose 'drawing' is less than 1/2 of path width 29.740. The path would be created with the dimensions in Stream file. To resolve this, fix the source from which the Stream file is generated and then run the translator again with the new stream file.
WARNING (XSTRM-207): Path length 11.330 at location (371.320,674.405) on layer 'METTP' and purpose 'drawing' is less than 1/2 of path width 29.740. The path would be created with the dimensions in Stream file. To resolve this, fix the source from which the Stream file is generated and then run the translator again with the new stream file.
WARNING (XSTRM-207): Path length 13.890 at location (377.650,674.405) on layer 'METTP' and purpose 'drawing' is less than 1/2 of path width 29.740. The path would be created with the dimensions in Stream file. To resolve this, fix the source from which the Stream file is generated and then run the translator again with the new stream file.
WARNING (XSTRM-207): Path length 11.330 at location (399.740,674.405) on layer 'METTP' and purpose 'drawing' is less than 1/2 of path width 29.740. The path would be created with the dimensions in Stream file. To resolve this, fix the source from which the Stream file is generated and then run the translator again with the new stream file.
WARNING (XSTRM-207): Path length 11.330 at location (386.540,674.405) on layer 'METTP' and purpose 'drawing' is less than 1/2 of path width 29.740. The path would be created with the dimensions in Stream file. To resolve this, fix the source from which the Stream file is generated and then run the translator again with the new stream file.
WARNING (XSTRM-207): Path length 11.870 at location (392.870,674.405) on layer 'METTP' and purpose 'drawing' is less than 1/2 of path width 29.740. The path would be created with the dimensions in Stream file. To resolve this, fix the source from which the Stream file is generated and then run the translator again with the new stream file.
WARNING (XSTRM-207): Path length 5.000 at location (355.620,674.405) on layer 'METTP' and purpose 'drawing' is less than 1/2 of path width 29.740. The path would be created with the dimensions in Stream file. To resolve this, fix the source from which the Stream file is generated and then run the translator again with the new stream file.
INFO (XSTRM-220): 537. Translating STRUCTURE VIATPL_C_CDNS_72787624600323 as cellView TO_TEST1/VIATPL_C_CDNS_72787624600323/layout.
INFO (XSTRM-220): 538. Translating STRUCTURE ioh_via2 as cellView TO_TEST1/ioh_via2/layout.
INFO (XSTRM-220): 539. Translating STRUCTURE ioh_via1 as cellView TO_TEST1/ioh_via1/layout.
INFO (XSTRM-220): 540. Translating STRUCTURE ioh_viatpl as cellView TO_TEST1/ioh_viatpl/layout.
INFO (XSTRM-220): 541. Translating STRUCTURE ioh_via34tp as cellView TO_TEST1/ioh_via34tp/layout.
INFO (XSTRM-220): 542. Translating STRUCTURE ioh_base40_metal_fs as cellView TO_TEST1/ioh_base40_metal_fs/layout.
INFO (XSTRM-220): 543. Translating STRUCTURE ioh_con as cellView TO_TEST1/ioh_con/layout.
INFO (XSTRM-220): 544. Translating STRUCTURE ioh_base40_tap_f as cellView TO_TEST1/ioh_base40_tap_f/layout.
INFO (XSTRM-220): 545. Translating STRUCTURE ioh_base40_fs as cellView TO_TEST1/ioh_base40_fs/layout.
INFO (XSTRM-220): 546. Translating STRUCTURE ioh_base39_metal_fs as cellView TO_TEST1/ioh_base39_metal_fs/layout.
INFO (XSTRM-220): 547. Translating STRUCTURE ioh_base39_tap_f as cellView TO_TEST1/ioh_base39_tap_f/layout.
INFO (XSTRM-220): 548. Translating STRUCTURE ioh_base39_fs as cellView TO_TEST1/ioh_base39_fs/layout.
INFO (XSTRM-220): 549. Translating STRUCTURE ioh_base19_tap_f as cellView TO_TEST1/ioh_base19_tap_f/layout.
INFO (XSTRM-220): 550. Translating STRUCTURE ioh_base19_metal_fs as cellView TO_TEST1/ioh_base19_metal_fs/layout.
INFO (XSTRM-220): 551. Translating STRUCTURE ioh_base19_fs as cellView TO_TEST1/ioh_base19_fs/layout.
INFO (XSTRM-220): 552. Translating STRUCTURE ioh_base36_tap_f as cellView TO_TEST1/ioh_base36_tap_f/layout.
INFO (XSTRM-220): 553. Translating STRUCTURE ioh_base36_metal_fs as cellView TO_TEST1/ioh_base36_metal_fs/layout.
INFO (XSTRM-220): 554. Translating STRUCTURE ioh_base36_fs as cellView TO_TEST1/ioh_base36_fs/layout.
INFO (XSTRM-220): 555. Translating STRUCTURE std_pad_viabtp_edge as cellView TO_TEST1/std_pad_viabtp_edge/layout.
INFO (XSTRM-220): 556. Translating STRUCTURE std_pad_viabtp as cellView TO_TEST1/std_pad_viabtp/layout.
INFO (XSTRM-220): 557. Translating STRUCTURE std_pad_viatpl_edge as cellView TO_TEST1/std_pad_viatpl_edge/layout.
INFO (XSTRM-220): 558. Translating STRUCTURE std_pad_layout_53_62 as cellView TO_TEST1/std_pad_layout_53_62/layout.
INFO (XSTRM-220): 559. Translating STRUCTURE ioh_pad53_62 as cellView TO_TEST1/ioh_pad53_62/layout.
INFO (XSTRM-220): 560. Translating STRUCTURE ioh_pad53_tap_inline as cellView TO_TEST1/ioh_pad53_tap_inline/layout.
INFO (XSTRM-220): 561. Translating STRUCTURE ioh_basej_pad53_inline as cellView TO_TEST1/ioh_basej_pad53_inline/layout.
INFO (XSTRM-220): 562. Translating STRUCTURE ioh_iscrd2_4x10 as cellView TO_TEST1/ioh_iscrd2_4x10/layout.
INFO (XSTRM-220): 563. Translating STRUCTURE ioh_iscrd2_e4x10 as cellView TO_TEST1/ioh_iscrd2_e4x10/layout.
INFO (XSTRM-220): 564. Translating STRUCTURE ioh_iscrd2_4x100 as cellView TO_TEST1/ioh_iscrd2_4x100/layout.
INFO (XSTRM-220): 565. Translating STRUCTURE ioh_dhpw_100 as cellView TO_TEST1/ioh_dhpw_100/layout.
INFO (XSTRM-220): 566. Translating STRUCTURE ioh_dhpw_2x100 as cellView TO_TEST1/ioh_dhpw_2x100/layout.
INFO (XSTRM-220): 567. Translating STRUCTURE ioh_dhpw_2x100_stack3_lay as cellView TO_TEST1/ioh_dhpw_2x100_stack3_lay/layout.
INFO (XSTRM-220): 568. Translating STRUCTURE ioh_pmbsabhv_2x15_10 as cellView TO_TEST1/ioh_pmbsabhv_2x15_10/layout.
INFO (XSTRM-220): 569. Translating STRUCTURE ioh_pmbsabhv_750 as cellView TO_TEST1/ioh_pmbsabhv_750/layout.
INFO (XSTRM-220): 570. Translating STRUCTURE ioh_pe3sab_2x15_04 as cellView TO_TEST1/ioh_pe3sab_2x15_04/layout.
INFO (XSTRM-220): 571. Translating STRUCTURE ioh_rnp1_20k as cellView TO_TEST1/ioh_rnp1_20k/layout.
INFO (XSTRM-220): 572. Translating STRUCTURE ioh_pe3isabhv_1050gcr as cellView TO_TEST1/ioh_pe3isabhv_1050gcr/layout.
INFO (XSTRM-220): 573. Translating STRUCTURE ioh_c5pk as cellView TO_TEST1/ioh_c5pk/layout.
INFO (XSTRM-220): 574. Translating STRUCTURE ioh_rpp1s_1 as cellView TO_TEST1/ioh_rpp1s_1/layout.
INFO (XSTRM-220): 575. Translating STRUCTURE prot_hvd4sjd1r5pk as cellView TO_TEST1/prot_hvd4sjd1r5pk/layout.
INFO (XSTRM-220): 576. Translating STRUCTURE ioh_base64_metal_fs as cellView TO_TEST1/ioh_base64_metal_fs/layout.
INFO (XSTRM-220): 577. Translating STRUCTURE ioh_base64_tap_f as cellView TO_TEST1/ioh_base64_tap_f/layout.
INFO (XSTRM-220): 578. Translating STRUCTURE ioh_base64_fs as cellView TO_TEST1/ioh_base64_fs/layout.
INFO (XSTRM-220): 579. Translating STRUCTURE HVD4SJD1R5PKFs as cellView TO_TEST1/HVD4SJD1R5PKFs/layout.
INFO (XSTRM-220): 580. Translating STRUCTURE jio_con_pc as cellView TO_TEST1/jio_con_pc/layout.
INFO (XSTRM-220): 581. Translating STRUCTURE jio_resg_pc as cellView TO_TEST1/jio_resg_pc/layout.
INFO (XSTRM-220): 582. Translating STRUCTURE jio_baseaps_pc as cellView TO_TEST1/jio_baseaps_pc/layout.
INFO (XSTRM-220): 583. Translating STRUCTURE jio_via1_pc as cellView TO_TEST1/jio_via1_pc/layout.
INFO (XSTRM-220): 584. Translating STRUCTURE jio_viabt_pc as cellView TO_TEST1/jio_viabt_pc/layout.
INFO (XSTRM-220): 585. Translating STRUCTURE jio_viatp_pc as cellView TO_TEST1/jio_viatp_pc/layout.
INFO (XSTRM-220): 586. Translating STRUCTURE jio_via134tp_pc as cellView TO_TEST1/jio_via134tp_pc/layout.
INFO (XSTRM-220): 587. Translating STRUCTURE jio_conm_pc as cellView TO_TEST1/jio_conm_pc/layout.
INFO (XSTRM-220): 588. Translating STRUCTURE jio_via12bm_pc as cellView TO_TEST1/jio_via12bm_pc/layout.
INFO (XSTRM-220): 589. Translating STRUCTURE jio_pe3isb_pc as cellView TO_TEST1/jio_pe3isb_pc/layout.
INFO (XSTRM-220): 590. Translating STRUCTURE jio_via234tp_pc as cellView TO_TEST1/jio_via234tp_pc/layout.
INFO (XSTRM-220): 591. Translating STRUCTURE jio_via12_pc as cellView TO_TEST1/jio_via12_pc/layout.
INFO (XSTRM-220): 592. Translating STRUCTURE jio_base_ptrps_pc as cellView TO_TEST1/jio_base_ptrps_pc/layout.
INFO (XSTRM-220): 593. Translating STRUCTURE jio_viabtp_pc as cellView TO_TEST1/jio_viabtp_pc/layout.
INFO (XSTRM-220): 594. Translating STRUCTURE std_pad_layout as cellView TO_TEST1/std_pad_layout/layout.
INFO (XSTRM-220): 595. Translating STRUCTURE jio_pad_pc as cellView TO_TEST1/jio_pad_pc/layout.
INFO (XSTRM-220): 596. Translating STRUCTURE jio_viatpl_pc as cellView TO_TEST1/jio_viatpl_pc/layout.
INFO (XSTRM-220): 597. Translating STRUCTURE jio_padp_pc as cellView TO_TEST1/jio_padp_pc/layout.
INFO (XSTRM-220): 598. Translating STRUCTURE jio_via34tp1r_pc as cellView TO_TEST1/jio_via34tp1r_pc/layout.
INFO (XSTRM-220): 599. Translating STRUCTURE jio_via4tp_pc as cellView TO_TEST1/jio_via4tp_pc/layout.
INFO (XSTRM-220): 600. Translating STRUCTURE jio_via34tp_pc as cellView TO_TEST1/jio_via34tp_pc/layout.
INFO (XSTRM-220): 601. Translating STRUCTURE jio_via34_1r_pc as cellView TO_TEST1/jio_via34_1r_pc/layout.
INFO (XSTRM-220): 602. Translating STRUCTURE jio_base_metal_pc as cellView TO_TEST1/jio_base_metal_pc/layout.
INFO (XSTRM-220): 603. Translating STRUCTURE jio_ne3isb_pc as cellView TO_TEST1/jio_ne3isb_pc/layout.
INFO (XSTRM-220): 604. Translating STRUCTURE jio_base_ntrb_pc as cellView TO_TEST1/jio_base_ntrb_pc/layout.
INFO (XSTRM-220): 605. Translating STRUCTURE jio_base_ntr_pc as cellView TO_TEST1/jio_base_ntr_pc/layout.
INFO (XSTRM-220): 606. Translating STRUCTURE jio_via2_pc as cellView TO_TEST1/jio_via2_pc/layout.
INFO (XSTRM-220): 607. Translating STRUCTURE jio_basenplink_pc as cellView TO_TEST1/jio_basenplink_pc/layout.
INFO (XSTRM-220): 608. Translating STRUCTURE jio_via1dm_pc as cellView TO_TEST1/jio_via1dm_pc/layout.
INFO (XSTRM-220): 609. Translating STRUCTURE jio_filpoly_ap_pc as cellView TO_TEST1/jio_filpoly_ap_pc/layout.
INFO (XSTRM-220): 610. Translating STRUCTURE jio_fildifpoly_ap_pc as cellView TO_TEST1/jio_fildifpoly_ap_pc/layout.
INFO (XSTRM-220): 611. Translating STRUCTURE jio_fildifpolye_ap_pc as cellView TO_TEST1/jio_fildifpolye_ap_pc/layout.
INFO (XSTRM-220): 612. Translating STRUCTURE jio_basepspfl_pc as cellView TO_TEST1/jio_basepspfl_pc/layout.
INFO (XSTRM-220): 613. Translating STRUCTURE jio_baseps_m2_pc as cellView TO_TEST1/jio_baseps_m2_pc/layout.
INFO (XSTRM-220): 614. Translating STRUCTURE jio_baseps_pc as cellView TO_TEST1/jio_baseps_pc/layout.
INFO (XSTRM-220): 615. Translating STRUCTURE APR00DPC as cellView TO_TEST1/APR00DPC/layout.
INFO (XSTRM-220): 616. Translating STRUCTURE jio_pcutcon_pc as cellView TO_TEST1/jio_pcutcon_pc/layout.
INFO (XSTRM-220): 617. Translating STRUCTURE jio_via1m_pc as cellView TO_TEST1/jio_via1m_pc/layout.
INFO (XSTRM-220): 618. Translating STRUCTURE jio_via3_pc as cellView TO_TEST1/jio_via3_pc/layout.
INFO (XSTRM-220): 619. Translating STRUCTURE jio_pcutdio_pc as cellView TO_TEST1/jio_pcutdio_pc/layout.
INFO (XSTRM-220): 620. Translating STRUCTURE jio_pcutdiob_pc as cellView TO_TEST1/jio_pcutdiob_pc/layout.
INFO (XSTRM-220): 621. Translating STRUCTURE jio_fildifpoly_pc as cellView TO_TEST1/jio_fildifpoly_pc/layout.
INFO (XSTRM-220): 622. Translating STRUCTURE jio_fildifpolye_pc as cellView TO_TEST1/jio_fildifpolye_pc/layout.
INFO (XSTRM-220): 623. Translating STRUCTURE jio_pwrc_difpoly5u_pc as cellView TO_TEST1/jio_pwrc_difpoly5u_pc/layout.
INFO (XSTRM-220): 624. Translating STRUCTURE jio_pcutficon_pc as cellView TO_TEST1/jio_pcutficon_pc/layout.
INFO (XSTRM-220): 625. Translating STRUCTURE jio_via234_pc as cellView TO_TEST1/jio_via234_pc/layout.
INFO (XSTRM-220): 626. Translating STRUCTURE PWRCUTDCPC as cellView TO_TEST1/PWRCUTDCPC/layout.
INFO (XSTRM-220): 627. Translating STRUCTURE jio_resp_lay_pc as cellView TO_TEST1/jio_resp_lay_pc/layout.
INFO (XSTRM-220): 628. Translating STRUCTURE jio_via1dms_pc as cellView TO_TEST1/jio_via1dms_pc/layout.
INFO (XSTRM-220): 629. Translating STRUCTURE jio_nng3_pc as cellView TO_TEST1/jio_nng3_pc/layout.
INFO (XSTRM-220): 630. Translating STRUCTURE jio_vialnk_pc as cellView TO_TEST1/jio_vialnk_pc/layout.
INFO (XSTRM-220): 631. Translating STRUCTURE jio_esda_lay_pc as cellView TO_TEST1/jio_esda_lay_pc/layout.
INFO (XSTRM-220): 632. Translating STRUCTURE jio_base_m2_pc as cellView TO_TEST1/jio_base_m2_pc/layout.
INFO (XSTRM-220): 633. Translating STRUCTURE jio_baseaa_pc as cellView TO_TEST1/jio_baseaa_pc/layout.
INFO (XSTRM-220): 634. Translating STRUCTURE jio_base_ptra_pc as cellView TO_TEST1/jio_base_ptra_pc/layout.
INFO (XSTRM-220): 635. Translating STRUCTURE jio_basean_pc as cellView TO_TEST1/jio_basean_pc/layout.
INFO (XSTRM-220): 636. Translating STRUCTURE jio_rsesd_apr04_pc as cellView TO_TEST1/jio_rsesd_apr04_pc/layout.
INFO (XSTRM-220): 637. Translating STRUCTURE jio_baseavdpfl_pc as cellView TO_TEST1/jio_baseavdpfl_pc/layout.
INFO (XSTRM-220): 638. Translating STRUCTURE jio_fillpolym1_pc as cellView TO_TEST1/jio_fillpolym1_pc/layout.
INFO (XSTRM-220): 639. Translating STRUCTURE jio_baseanpfl_pc as cellView TO_TEST1/jio_baseanpfl_pc/layout.
INFO (XSTRM-220): 640. Translating STRUCTURE APR04DPC as cellView TO_TEST1/APR04DPC/layout.
INFO (XSTRM-220): 641. Translating STRUCTURE jio_fildifpoly5u_pc as cellView TO_TEST1/jio_fildifpoly5u_pc/layout.
INFO (XSTRM-220): 642. Translating STRUCTURE jio_fillmetal1u_pc as cellView TO_TEST1/jio_fillmetal1u_pc/layout.
INFO (XSTRM-220): 643. Translating STRUCTURE jio_via34_pc as cellView TO_TEST1/jio_via34_pc/layout.
INFO (XSTRM-220): 644. Translating STRUCTURE jio_filldife1u_pc as cellView TO_TEST1/jio_filldife1u_pc/layout.
INFO (XSTRM-220): 645. Translating STRUCTURE jio_fillvia2u_pc as cellView TO_TEST1/jio_fillvia2u_pc/layout.
INFO (XSTRM-220): 646. Translating STRUCTURE jio_fillmetalvia2u_pc as cellView TO_TEST1/jio_fillmetalvia2u_pc/layout.
INFO (XSTRM-220): 647. Translating STRUCTURE FILLER20PC as cellView TO_TEST1/FILLER20PC/layout.
INFO (XSTRM-220): 648. Translating STRUCTURE jio_crnv2link_pc as cellView TO_TEST1/jio_crnv2link_pc/layout.
INFO (XSTRM-220): 649. Translating STRUCTURE jio_crn_met2_half_pc as cellView TO_TEST1/jio_crn_met2_half_pc/layout.
INFO (XSTRM-220): 650. Translating STRUCTURE jio_crnvtpllink_pc as cellView TO_TEST1/jio_crnvtpllink_pc/layout.
INFO (XSTRM-220): 651. Translating STRUCTURE jio_crn_metal_half_pc as cellView TO_TEST1/jio_crn_metal_half_pc/layout.
INFO (XSTRM-220): 652. Translating STRUCTURE jio_crndifpolye_pc as cellView TO_TEST1/jio_crndifpolye_pc/layout.
INFO (XSTRM-220): 653. Translating STRUCTURE jio_crndifpolye_r_pc as cellView TO_TEST1/jio_crndifpolye_r_pc/layout.
INFO (XSTRM-220): 654. Translating STRUCTURE jio_crndifpoly_half_pc as cellView TO_TEST1/jio_crndifpoly_half_pc/layout.
INFO (XSTRM-220): 655. Translating STRUCTURE jio_crnvlink_pc as cellView TO_TEST1/jio_crnvlink_pc/layout.
INFO (XSTRM-220): 656. Translating STRUCTURE jio_crnptp_pc as cellView TO_TEST1/jio_crnptp_pc/layout.
INFO (XSTRM-220): 657. Translating STRUCTURE jio_base_corn_half_pc as cellView TO_TEST1/jio_base_corn_half_pc/layout.
INFO (XSTRM-220): 658. Translating STRUCTURE CORNERPC as cellView TO_TEST1/CORNERPC/layout.
INFO (XSTRM-220): 659. Translating STRUCTURE FILLER05PC as cellView TO_TEST1/FILLER05PC/layout.
INFO (XSTRM-220): 660. Translating STRUCTURE FILLER40PC as cellView TO_TEST1/FILLER40PC/layout.
INFO (XSTRM-220): 661. Translating STRUCTURE FILLER70PC as cellView TO_TEST1/FILLER70PC/layout.
INFO (XSTRM-220): 662. Translating STRUCTURE jio_base_ntrc_pc as cellView TO_TEST1/jio_base_ntrc_pc/layout.
INFO (XSTRM-220): 663. Translating STRUCTURE jio_basepsc_pc as cellView TO_TEST1/jio_basepsc_pc/layout.
INFO (XSTRM-220): 664. Translating STRUCTURE GNDPADPC as cellView TO_TEST1/GNDPADPC/layout.
INFO (XSTRM-220): 665. Translating STRUCTURE jio_ne3isbg_pc as cellView TO_TEST1/jio_ne3isbg_pc/layout.
INFO (XSTRM-220): 666. Translating STRUCTURE jio_base_ntrbg_pc as cellView TO_TEST1/jio_base_ntrbg_pc/layout.
INFO (XSTRM-220): 667. Translating STRUCTURE jio_base_ngo_pc as cellView TO_TEST1/jio_base_ngo_pc/layout.
INFO (XSTRM-220): 668. Translating STRUCTURE jio_baseapsgo_pc as cellView TO_TEST1/jio_baseapsgo_pc/layout.
INFO (XSTRM-220): 669. Translating STRUCTURE jio_basenplnkgo_pc as cellView TO_TEST1/jio_basenplnkgo_pc/layout.
INFO (XSTRM-220): 670. Translating STRUCTURE jio_baseps_m2g_pc as cellView TO_TEST1/jio_baseps_m2g_pc/layout.
INFO (XSTRM-220): 671. Translating STRUCTURE jio_basepsgo_pc as cellView TO_TEST1/jio_basepsgo_pc/layout.
INFO (XSTRM-220): 672. Translating STRUCTURE GNDORPADPC as cellView TO_TEST1/GNDORPADPC/layout.
INFO (XSTRM-220): 673. Translating STRUCTURE VDDPADPC as cellView TO_TEST1/VDDPADPC/layout.
INFO (XSTRM-220): 674. Translating STRUCTURE jio_fillpoly_pc as cellView TO_TEST1/jio_fillpoly_pc/layout.
INFO (XSTRM-220): 675. Translating STRUCTURE jio_fildifpolypanc_pc as cellView TO_TEST1/jio_fildifpolypanc_pc/layout.
INFO (XSTRM-220): 676. Translating STRUCTURE jio_base_ptrpsfl_pc as cellView TO_TEST1/jio_base_ptrpsfl_pc/layout.
INFO (XSTRM-220): 677. Translating STRUCTURE jio_basepsn_pc as cellView TO_TEST1/jio_basepsn_pc/layout.
INFO (XSTRM-220): 678. Translating STRUCTURE jio_basepsvo_pc as cellView TO_TEST1/jio_basepsvo_pc/layout.
INFO (XSTRM-220): 679. Translating STRUCTURE VDDORPADPC as cellView TO_TEST1/VDDORPADPC/layout.
INFO (XSTRM-220): 680. Translating STRUCTURE jio_gphfill_pc as cellView TO_TEST1/jio_gphfill_pc/layout.
INFO (XSTRM-220): 681. Translating STRUCTURE jio_metflc_pc as cellView TO_TEST1/jio_metflc_pc/layout.
INFO (XSTRM-220): 682. Translating STRUCTURE jio_lvpsd_pc as cellView TO_TEST1/jio_lvpsd_pc/layout.
INFO (XSTRM-220): 683. Translating STRUCTURE jio_m4_pc as cellView TO_TEST1/jio_m4_pc/layout.
INFO (XSTRM-220): 684. Translating STRUCTURE jio_bufy_pc as cellView TO_TEST1/jio_bufy_pc/layout.
INFO (XSTRM-220): 685. Translating STRUCTURE jio_bufc_lay_pc as cellView TO_TEST1/jio_bufc_lay_pc/layout.
INFO (XSTRM-220): 686. Translating STRUCTURE jio_rsesd_pc as cellView TO_TEST1/jio_rsesd_pc/layout.
INFO (XSTRM-220): 687. Translating STRUCTURE jio_esd2_lay_pc as cellView TO_TEST1/jio_esd2_lay_pc/layout.
INFO (XSTRM-220): 688. Translating STRUCTURE jio_ic_lay_pc as cellView TO_TEST1/jio_ic_lay_pc/layout.
INFO (XSTRM-220): 689. Translating STRUCTURE jio_gpcon_pc as cellView TO_TEST1/jio_gpcon_pc/layout.
INFO (XSTRM-220): 690. Translating STRUCTURE jio_baseijflc_pc as cellView TO_TEST1/jio_baseijflc_pc/layout.
INFO (XSTRM-220): 691. Translating STRUCTURE jio_base_ptrq_pc as cellView TO_TEST1/jio_base_ptrq_pc/layout.
INFO (XSTRM-220): 692. Translating STRUCTURE jio_base_ptr_pc as cellView TO_TEST1/jio_base_ptr_pc/layout.
INFO (XSTRM-220): 693. Translating STRUCTURE jio_basea_pc as cellView TO_TEST1/jio_basea_pc/layout.
INFO (XSTRM-220): 694. Translating STRUCTURE jio_baseti_pc as cellView TO_TEST1/jio_baseti_pc/layout.
INFO (XSTRM-220): 695. Translating STRUCTURE jio_basei_pc as cellView TO_TEST1/jio_basei_pc/layout.
INFO (XSTRM-220): 696. Translating STRUCTURE ICPC as cellView TO_TEST1/ICPC/layout.
INFO (XSTRM-220): 697. Translating STRUCTURE jio_basensplink_pc as cellView TO_TEST1/jio_basensplink_pc/layout.
INFO (XSTRM-220): 698. Translating STRUCTURE jio_basepsub_pc as cellView TO_TEST1/jio_basepsub_pc/layout.
INFO (XSTRM-220): 699. Translating STRUCTURE PSUBPADPC as cellView TO_TEST1/PSUBPADPC/layout.
INFO (XSTRM-220): 700. Translating STRUCTURE ioh_ddnw_2x100 as cellView TO_TEST1/ioh_ddnw_2x100/layout.
INFO (XSTRM-220): 701. Translating STRUCTURE ioh_pmbsabhv_2x40_10 as cellView TO_TEST1/ioh_pmbsabhv_2x40_10/layout.
INFO (XSTRM-220): 702. Translating STRUCTURE ioh_pmbsabhv_2000 as cellView TO_TEST1/ioh_pmbsabhv_2000/layout.
INFO (XSTRM-220): 703. Translating STRUCTURE ioh_pe3sab_2x40_04 as cellView TO_TEST1/ioh_pe3sab_2x40_04/layout.
INFO (XSTRM-220): 704. Translating STRUCTURE ioh_pe3isabhv_2800gcr as cellView TO_TEST1/ioh_pe3isabhv_2800gcr/layout.
INFO (XSTRM-220): 705. Translating STRUCTURE ioh_d2pk as cellView TO_TEST1/ioh_d2pk/layout.
INFO (XSTRM-220): 706. Translating STRUCTURE prot_hvdd4d2pk as cellView TO_TEST1/prot_hvdd4d2pk/layout.
INFO (XSTRM-220): 707. Translating STRUCTURE HVDD4D2PK as cellView TO_TEST1/HVDD4D2PK/layout.
INFO (XSTRM-220): 708. Translating STRUCTURE ioh_base61_metal_fs as cellView TO_TEST1/ioh_base61_metal_fs/layout.
INFO (XSTRM-220): 709. Translating STRUCTURE ioh_base61_tap_f as cellView TO_TEST1/ioh_base61_tap_f/layout.
INFO (XSTRM-220): 710. Translating STRUCTURE ioh_base61_fs as cellView TO_TEST1/ioh_base61_fs/layout.
INFO (XSTRM-220): 711. Translating STRUCTURE ioh_d5pk as cellView TO_TEST1/ioh_d5pk/layout.
INFO (XSTRM-220): 712. Translating STRUCTURE prot_hvdd4dj5pk as cellView TO_TEST1/prot_hvdd4dj5pk/layout.
INFO (XSTRM-220): 713. Translating STRUCTURE HVDD4DJ5PKFs as cellView TO_TEST1/HVDD4DJ5PKFs/layout.
INFO (XSTRM-220): 714. Translating STRUCTURE ioring_16ele as cellView TO_TEST1/ioring_16ele/layout.
INFO (XSTRM-220): 715. Translating STRUCTURE Letters_CDNS_7278762460080 as cellView TO_TEST1/Letters_CDNS_7278762460080/layout.
INFO (XSTRM-220): 716. Translating STRUCTURE ioh_base_pad53_inline as cellView TO_TEST1/ioh_base_pad53_inline/layout.
INFO (XSTRM-220): 717. Translating STRUCTURE HVSSFs as cellView TO_TEST1/HVSSFs/layout.
INFO (XSTRM-220): 718. Translating STRUCTURE aska_top_16ele_v2 as cellView TO_TEST1/aska_top_16ele_v2/layout.

Summary of Objects Translated:
	Instances:                              35836
	Arrays:                                 3109
	Polygons:                               3786
	Paths:                                  20040
	PathSegs:                               0
	Rectangles:                             2366534
	Text:                                   2687
	Node:                                   0
	Line:                                   0
	Cells:                                  718

Elapsed Time: 4.7s   User Time: 6.4s   CPU Time: 1.1s   Peak VM: 98576KB  CPUs Used: 2
INFO (XSTRM-234): Translation completed. '0' error(s) and '35' warning(s) found.
