

  Cadence Quantus Extraction - 64-bit Parasitic Extractor - Version
23.1.1-p051 Thu Feb 15 21:25:45 PST 2024
---------------------------------------------------------------------------------------------------------------
                                  Copyright 2024 Cadence Design Systems,
Inc.



INFO (EXTQRCXLOG-128) : Quantus command line:
 Started at: 2024-Aug-26 08:09:41 (2024-Aug-26 06:09:41 GMT)
 Executable:
/pkg/cadence/installs/QUANTUS231/tools/extraction/bin/64bit/qrc
 Options:     -log_file
/home/saul/projects/ASKA/PvsLVS/por2/svdb/qrc.por2.log -cmd
/home/saul/projects/ASKA/PvsLVS/por2/svdb/qrc.por2.ccl
 Current working directory: /home/saul/projects/ASKA


INFO (EXTQRCXLOG-103) : The Command File Options for the current Quantus run are as follows:

capacitance \
	 -decoupling_factor 1.0 \
	 -ground_net "GNDA"
extract \
	 -selection "all" \
	 -type "rc_coupled"
extraction_setup \
	 -analysis "em" \
	 -array_vias_spacing "auto" \
	 -max_fracture_length infinite \
	 -max_fracture_length_unit "MICRONS" \
	 -max_via_array_size \
		"auto" \
	 -net_name_space "SCHEMATIC" \
	 -split_via_by_unit_area false
filter_coupling_cap \
	 -coupling_cap_threshold_absolute 50 \
	 -coupling_cap_threshold_relative 0.01
filter_res \
	 -merge_parallel_res false \
	 -min_res 0.5
input_db -type pvs \
	 -design_cell_name "por2 layout ASKA_POR" \
	 -directory_name "/home/saul/projects/ASKA/PvsLVS/por2/svdb" \
	 -format "DFII" \
	 -library_definitions_file "/home/saul/projects/ASKA/cds.lib" \
	 -run_name "por2"
log_file \
	 -file_name "/home/saul/projects/ASKA/PvsLVS/por2/svdb/qrc.por2.log"
mos_diffusion_parameter_extraction \
	 -res "fast"
output_db -type extracted_view \
	 -add_explicit_vias true \
	 -cap_component "p_cap auLvs PRIMLIB" \
	 -cap_property_name "c" \
	 -cdl_out_map_directory \
		"/home/saul/projects/ASKA/PvsLVS/por2" \
	 -device_finger_delimiter "@" \
	 -em_extract true \
	 -enable_cellview_check true \
	 -include_cap_model "false" \
	 -include_parasitic_cap_model "false" \
	 -include_parasitic_res_length true \
	 -include_parasitic_res_model "comment" \
	 -include_parasitic_res_width true \
	 -include_res_model "false" \
	 -res_component "p_res auLvs PRIMLIB" \
	 -res_property_name "r" \
	 -transfer_net_expression true \
	 -view_name "analog_extracted_RC"
output_setup \
	 -directory_name "/home/saul/projects/ASKA/PvsLVS/por2/svdb" \
	 -temporary_directory_name "por2"
process_technology \
	 -technology_corner \
		"default" \
	 -technology_library_file "/home/saul/projects/ASKA/pvtech.lib" \
	 -technology_name "XH018_1143" \
	 -temperature \
		"27.0"



-------------------------------------------------------------------------------------
Mon Aug 26 08:09:43 2024: BEGIN INPUT stage
-------------------------------------------------------------------------------------
-------------------------------------------------------------------------------------
Mon Aug 26 08:09:43 2024: DONE INPUT stage
-------------------------------------------------------------------------------------
-------------------------------------------------------------------------------------
INPUT stage summary:
-------------------------------------------------------------------------------------
 Number of CPUs requested:		1
 Techfile(s):
    /pkg/xfab2/XKIT/xh018/cadence/v9_0/QRC_pvs/v9_0_1/XH018_1143/QRC-Typ/qrcTechFile; process name: XX018

 License(s) used:	QTS300 (x1)

 Techgen compilation option(s):
    -techdir /pkg/xfab2/XKIT/xh018/cadence/v9_0/QRC_pvs/v9_0_1/XH018_1143/QRC-Typ -inc /home/saul/projects/ASKA/PvsLVS/por2/svdb/por2/por2.ilf -lvs /home/saul/projects/ASKA/PvsLVS/por2/svdb/por2/por2.xcn -lvsvia -p2lvs /pkg/xfab2/XKIT/xh018/cadence/v9_0/QRC_pvs/v9_0_1/XH018_1143/QRC-Typ/qrcTechFile -sd -reseqn -sw3d -length_units meters -cap_unit 1 -p POLY1,gate,active -p POLY1,GateLayers:nhv_d+nhvd_d+nmc_d+nhv_b+nhvd_b+nmc_b+phv_d+pmc_d+nedi2_d+nedia2_d+ped12_d+ped22_d+nedi2_b+nedia2_b+ped12_b+ped22_b,active -M p_cap -genericMos nei_6,D,G,S:AS=AS,AD=AD,PS=PS,PD=PD,NRD=nrd,NRS=nrs -genericMos nei_m_6,D,G,S:AS=AS,AD=AD,PS=PS,PD=PD,NRD=nrd,NRS=nrs -genericMos neli_6,D,G,S:AS=AS,AD=AD,PS=PS,PD=PD,NRD=nrd,NRS=nrs -genericMos neli_m_6,D,G,S:AS=AS,AD=AD,PS=PS,PD=PD,NRD=nrd,NRS=nrs -genericMos nelnai_6,D,G,S:AS=AS,AD=AD,PS=PS,PD=PD,NRD=nrd,NRS=nrs -genericMos nelnai_m_6,D,G,S:AS=AS,AD=AD,PS=PS,PD=PD,NRD=nrd,NRS=nrs -genericMos nesvti_6,D,G,S:AS=AS,AD=AD,PS=PS,PD=PD,NRD=nrd,NRS=nrs -genericMos nesvti_m_6,D,G,S:AS=AS,AD=AD,PS=PS,PD=PD,NRD=nrd,NRS=nrs -genericMos pe_5,D,G,S:AS=AS,AD=AD,PS=PS,PD=PD,NRD=nrd,NRS=nrs -genericMos pel_5,D,G,S:AS=AS,AD=AD,PS=PS,PD=PD,NRD=nrd,NRS=nrs -genericMos pei_5,D,G,S:AS=AS,AD=AD,PS=PS,PD=PD,NRD=nrd,NRS=nrs -genericMos pei_m_5,D,G,S:AS=AS,AD=AD,PS=PS,PD=PD,NRD=nrd,NRS=nrs -genericMos peli_5,D,G,S:AS=AS,AD=AD,PS=PS,PD=PD,NRD=nrd,NRS=nrs -genericMos peli_m_5,D,G,S:AS=AS,AD=AD,PS=PS,PD=PD,NRD=nrd,NRS=nrs -genericMos pesvt_5,D,G,S:AS=AS,AD=AD,PS=PS,PD=PD,NRD=nrd,NRS=nrs -genericMos pesvti_5,D,G,S:AS=AS,AD=AD,PS=PS,PD=PD,NRD=nrd,NRS=nrs -genericMos pesvti_m_5,D,G,S:AS=AS,AD=AD,PS=PS,PD=PD,NRD=nrd,NRS=nrs -genericMos nemi_6,D,G,S:AS=AS,AD=AD,PS=PS,PD=PD,NRD=nrd,NRS=nrs -genericMos ndmi_6,D,G,S:AS=AS,AD=AD,PS=PS,PD=PD,NRD=nrd,NRS=nrs -genericMos nemlnai_6,D,G,S:AS=AS,AD=AD,PS=PS,PD=PD,NRD=nrd,NRS=nrs -genericMos pemi_5,D,G,S:AS=AS,AD=AD,PS=PS,PD=PD,NRD=nrd,NRS=nrs -genericMos pemlni_5,D,G,S:AS=AS,AD=AD,PS=PS,PD=PD,NRD=nrd,NRS=nrs -genericMos pemlnai_5,D,G,S:AS=AS,AD=AD,PS=PS,PD=PD,NRD=nrd,NRS=nrs -genericMos nemi_m_6,D,G,S:AS=AS,AD=AD,PS=PS,PD=PD,NRD=nrd,NRS=nrs -genericMos ndmi_m_6,D,G,S:AS=AS,AD=AD,PS=PS,PD=PD,NRD=nrd,NRS=nrs -genericMos nemlnai_m_6,D,G,S:AS=AS,AD=AD,PS=PS,PD=PD,NRD=nrd,NRS=nrs -genericMos pem_5,D,G,S:AS=AS,AD=AD,PS=PS,PD=PD,NRD=nrd,NRS=nrs -genericMos pemln_5,D,G,S:AS=AS,AD=AD,PS=PS,PD=PD,NRD=nrd,NRS=nrs -genericMos pemi_m_5,D,G,S:AS=AS,AD=AD,PS=PS,PD=PD,NRD=nrd,NRS=nrs -genericMos pemlni_m_5,D,G,S:AS=AS,AD=AD,PS=PS,PD=PD,NRD=nrd,NRS=nrs -genericMos pemlnai_m_5,D,G,S:AS=AS,AD=AD,PS=PS,PD=PD,NRD=nrd,NRS=nrs -extract_mos_diffusion_res_by_device pe,pel,pesvt,peli,pei,pesvti,ne,nel,nelna,nesvt,nei,neli,nelnai,nesvti,nnm,nem,ndm,nemlna,pem,pemln,pemlna,nemi,ndmi,nemlna,pemi,pemlni,pemlnai,ndsmiP,ndsmiE,nma_d,nma_b,pma_d,pma_b,pe_5,pel_5,pei_5,pei_m_5,peli_5,peli_m_5,pesvt_5,pesvti_5,pesvti_m_5,pem_5,pemln_5,pemi_5,pemi_m_5,pemlni_5,pemlni_m_5,pemlnai_5,pemlnai_m_5,nei_6,nei_m_6,neli_6,neli_m_6,nelnai_6,nelnai_m_6,nesvti_6,nesvti_m_6,nemi_6,nemi_m_6,ndmi_6,ndmi_m_6,nemlnai_6,nemlnai_m_6 -dsub nwtrm,dnwtrm,hnw,pwitrm,pdf,hvnwtrm,ndftrm,bulk -genericMos pma_b,D,G,S:NRD=nrd,NRS=nrs -blocking phv_b:0.01,POLY1,active,sub -blocking phhv_b:0.01,POLY1,active,sub -blocking pmc_b:0.01,POLY1,active,sub -blocking pmmc_b:0.01,POLY1,active,sub -blocking pmma_b:0.01,POLY1,active,sub -blocking pedam_d:0.01,POLY1,active,sub -blocking pedam_b:0.01,POLY1,active,sub -blocking nedam_d:0.01,POLY1,active,sub -blocking nedam_b:0.01,POLY1,active,sub -blocking pedama_d:0.01,POLY1,active,sub -blocking pedama_b:0.01,POLY1,active,sub -blocking mosvc:0.01,POLY1,active,sub -blocking mosvci:0.01,POLY1,active,sub -blocking mosvci_m:0.01,POLY1,active,sub -blocking mosvcm:0.01,POLY1,active,sub -blocking mosvcim_m:0.01,POLY1,active,sub -blocking mosvcim:0.01,POLY1,active,sub -blocking cpod:0.01,POLY1,active,sub -blocking cpodhv:0.01,POLY1,active,sub -blocking nha3m:0.01,POLY1,active,sub -blocking cnnotpaE:0.01,POLY1,active,sub -blocking cnnotpaP:0.01,POLY1,active,sub -blocking d_csf2p,POLY1,MET1,MET2 -blocking cmim23f,MET2,MET3 -blocking cmimh23f,MET2,MET3 -blocking d_cswt3,POLY1,MET1,MET2,MET3 -blocking d_csf3p,POLY1,MET1,MET2,MET3 -blocking d_csf3,MET1,MET2,MET3 -blocking d_csf3a,MET1,MET2,MET3 -blocking d_cif3a,MET1,MET2,MET3 -blocking cmim34f,MET3,MET4 -blocking cmimh34f,MET3,MET4 -blocking cdmm,MET2,MET3,MET4 -blocking cdmmh,MET2,MET3,MET4 -blocking d_cswt4,POLY1,MET1,MET2,MET3,MET4 -blocking d_csf4,MET1,MET2,MET3,MET4 -blocking d_csf4a,MET1,MET2,MET3,MET4 -blocking d_cif4a,MET1,MET2,MET3,MET4 -blocking cmim,MET4,METTP -blocking cmimh,MET4,METTP -blocking ctmm,MET2,MET3,MET4,METTP -blocking ctmmh,MET2,MET3,MET4,METTP -blocking d_csft5,MET1,MET2,MET3,MET4,METTP -blocking d_csft5a,MET1,MET2,MET3,MET4,METTP -blocking d_cift5a,MET1,MET2,MET3,MET4,METTP -split_hv_mos ped12_d,ped1,50,5,mtot:pwitrm,pdiff:cont -split_hv_mos ped12_b,ped1,50,5,mtot:pwitrm,pdiff:cont -split_hv_mos ped22_d,ped2,50,5,mtot:pwitrm,pdiff:cont -split_hv_mos ped22_b,ped2,50,5,mtot:pwitrm,pdiff:cont -split_hv_mos nedi2_d,nedi,50,5,mtot:dnwtrm,ndiff:cont -split_hv_mos nedi2_b,nedi,50,5,mtot:dnwtrm,ndiff:cont -split_hv_mos nedia2_d,nedia,50,5,mtot:dnwtrm,ndiff:cont -split_hv_mos nedia2_b,nedia,50,5,mtot:dnwtrm,ndiff:cont /home/saul/projects/ASKA/PvsLVS/por2/svdb/por2

 Input files:
    /home/saul/projects/ASKA/PvsLVS/por2/svdb/por2.agf
    /home/saul/projects/ASKA/PvsLVS/por2/svdb/por2.devtab
    /home/saul/projects/ASKA/PvsLVS/por2/svdb/por2.gds.map
    /home/saul/projects/ASKA/PvsLVS/por2/svdb/por2.ixf
    /home/saul/projects/ASKA/PvsLVS/por2/svdb/por2.lph
    /home/saul/projects/ASKA/PvsLVS/por2/svdb/por2.lvsfile
    /home/saul/projects/ASKA/PvsLVS/por2/svdb/por2.nxf
    /home/saul/projects/ASKA/PvsLVS/por2/svdb/por2.ports
    /home/saul/projects/ASKA/PvsLVS/por2/svdb/por2.sph
    /home/saul/projects/ASKA/PvsLVS/por2/svdb/por2_pin_xy.spi
    /pkg/xfab2/XKIT/xh018/cadence/v9_0/QRC_pvs/v9_0_1/XH018_1143/QRC-Typ/layer_setup

 Design data:
    global nets:                  0

 Peak memory:	73 MB

 Messages:
    INFO (CAPGEN-41199): 
    
    
    Techgen -trans results will be written to directory: /home/saul/projects/ASKA/PvsLVS/por2/svdb/por2
    
    WARNING (CAPGEN-41613): layer 'ped12_d' not defined in LVS file
    
    WARNING (CAPGEN-41613): layer 'ped12_b' not defined in LVS file
    
    WARNING (CAPGEN-41613): layer 'ped22_d' not defined in LVS file
    
    WARNING (CAPGEN-41613): layer 'ped22_b' not defined in LVS file
    
    WARNING (CAPGEN-41613): layer 'nedi2_d' not defined in LVS file
    
    WARNING (CAPGEN-41613): layer 'nedi2_b' not defined in LVS file
    
    WARNING (CAPGEN-41613): layer 'nedia2_d' not defined in LVS file
    
    WARNING (CAPGEN-41613): layer 'nedia2_b' not defined in LVS file
    
    INFO (CAPGEN-41737): Lvs connect layers capm capm23f capm2_b capm2_t capm34f capm3_b capm3_m capm3_t capmh capmh23f capmh2_b capmh2_t capmh34f capmh3_b capmh3_m capmh3_t capswm1 capswm2 capswm3 capswp1 davl_c2 df_vlbl dphopin3 m1_vlbl m2_vlbl m3_vlbl m4_vlbl ml_vlbl mt_vlbl npdct p1_vlbl are not mapped in layer_setup file
    
    INFO (CAPGEN-41804): Lvs stamped by df_vlbl layers anodiff catdiff are not mapped in layer_setup file
    
    INFO (CAPGEN-41804): Lvs stamped by m1trm layers m1aftrm m1atrm m1bftrm m1btrm are not mapped in layer_setup file
    
    INFO (CAPGEN-41804): Lvs stamped by nwtrm layers dphod_c dphod_nw are not mapped in layer_setup file
    
    INFO (CAPGEN-41804): Lvs stamped by p1trm layers dpol_n dpol_p are not mapped in layer_setup file
    
    INFO (CAPGEN-41809):  Lvs connect via bndct npdtap ntap dntap hntap ndftap catdfct catm1ct hnwtap pwitap pdftap anodfct ptap are not mapped in layer_setup file.
    
    INFO (ICEMAP-221908): Reading transfer property file: /pkg/xfab2/XKIT/xh018/cadence/v9_0/QRC_pvs/v9_0_1/XH018_1143/QRC-Typ/extview.trp
    
    WARNING (ICEMAP-221909): Duplicate model: "dnhpw~#dnhpw" in "/pkg/xfab2/XKIT/xh018/cadence/v9_0/QRC_pvs/v9_0_1/XH018_1143/QRC-Typ/extview.trp". First occurrence is used, next occurrences are ignored.
    
    WARNING (ICEMAP-221909): Duplicate model: "dnhpw~#p_dnhpw" in "/pkg/xfab2/XKIT/xh018/cadence/v9_0/QRC_pvs/v9_0_1/XH018_1143/QRC-Typ/extview.trp". First occurrence is used, next occurrences are ignored.
    
    *INFO: Reading file "/home/saul/projects/ASKA/PvsLVS/por2/svdb/por2/extview.trp" 
    
    WARNING (LBRCXM-617): Unable to obtain 1 license(s) of QTS100 23.10
    
    WARNING (AGDSEXT-30124): The <design>.props file is not available. The CCL option "input_db calibre/pvs/pegasus -device_properties_file <filename>" can be used to specify the .props file. 
    
    INFO (AGDSEXT-30016): 
    setting dbunit 1e-09 1 1e-09
    
-------------------------------------------------------------------------------------
Mon Aug 26 08:09:43 2024: BEGIN EXTRACTION stage
-------------------------------------------------------------------------------------
-------------------------------------------------------------------------------------
Mon Aug 26 08:09:58 2024: DONE EXTRACTION stage
-------------------------------------------------------------------------------------
-------------------------------------------------------------------------------------
EXTRACTION stage summary:
-------------------------------------------------------------------------------------
 Design data:
    LVS nets:                     14
    signal nets:                  14
    floating nets:                0
    ground net name:              GNDA

 Peak memory:	111 MB

-------------------------------------------------------------------------------------
Mon Aug 26 08:09:58 2024: BEGIN OUTPUT stage
-------------------------------------------------------------------------------------
-------------------------------------------------------------------------------------
Mon Aug 26 08:10:04 2024: DONE OUTPUT stage
-------------------------------------------------------------------------------------
-------------------------------------------------------------------------------------
OUTPUT stage summary:
-------------------------------------------------------------------------------------
 Reduction statistics:
    Dangling Rs removed:          0
    Merged Parallel Rs:           0
    Rs shorted by min_res option: 782
    Merged Parallel Self Caps:    0
    CCs filtered by minC option:  1802
    Shorted Incomplete Nets:      0
 Output statistics:
    R: 1098
    C: 1768
    L: 0

 Peak memory:	111 MB

 Messages:
    WARNING (ADVGN-221986): possible error: no resistor value or parameter present in either spice file or .props file
    
    WARNING (ADVGN-221986): possible error: no resistor value or parameter present in either spice file or .props file
    
    *INFO: Executing TRP Version 17.1.0.0

    *INFO: Reading file "/home/saul/projects/ASKA/PvsLVS/por2/svdb/por2/extview.trp" 

    Summary for ASKA_POR/por2/analog_extracted_RC
    
    instance count totals:
    
        lib              cell             view                    total
        PRIMLIB          mosvc3           ivpcell                    10
        PRIMLIB          ne3              ivpcell                    27
        PRIMLIB          p_cap            auLvs                    1768
        PRIMLIB          p_dnw            ivpcell                     2
        PRIMLIB          p_dnw3           ivpcell                     5
        PRIMLIB          p_res            auLvs                    1098
        PRIMLIB          pe3              ivpcell                    39
        PRIMLIB          rpp1k1_3         ivpcell                     2
    
    Extracted view creation has completed.
-------------------------------------------------------------------------------------

INFO (LBRCXM-920): Host name and peak memory report
 Host Name:                    s2424
 Peak memory used:             111 MB (sampled at 15s intervals)

INFO (LBRCXM-702): Run ended: Mon Aug 26 08:10:06 2024


INFO (LBRCXM-805): Quantus run took:  14s user, 8s sys, 25s elapsed


INFO (LBRCXM-708): *****  Quantus terminated normally  *****


