********************************************************************************
Product   : Virtuoso(R) XStream Out
Program   : @(#)$CDS: strmout version 6.1.8-64b 01/30/2024 20:01 (cpgbld02) $
          : sub-version  IC6.1.8-64b.500.35 
Started at: 26-Aug-2024  08:44:38
User Name : saul
Host Name : s2424
Directory : /home/saul/projects/ASKA
CADENCE Design Systems, Inc.
********************************************************************************
Info: Cellview Rev Num:99,  Tech Rev Num:59

WARNING (XSTRM-20): Output Stream file '/home/saul/projects/ASKA/layoutverification/pvs_drc/pulse_generator/pulse_generator.gds' already exists. It will be overwritten.
INFO (XSTRM-217): Reading the layer map file, /home/saul/projects/ASKA/.xkit/setup/xh018/cadence/PDK/TECH_XH018_1143/strmInOut.layertable
INFO (XSTRM-217): Reading the object map file, /home/saul/projects/ASKA/.xkit/setup/xh018/cadence/PDK/TECH_XH018_1143/strmOutObjects.map
INFO (XSTRM-162): You have not used the '-viaMap' option. If the OpenAccess design has native oaVia instances, use the '-viaMap' option for preserving oaVia instances in a XStream Out - XStream In round trip. Using the '-viaMap' option improves performance and VM usage of applications using the Streamed-In design.

Summary of Options :
library                                 ASKA_PULSE_GENERATOR
strmFile                                /home/saul/projects/ASKA/layoutverification/pvs_drc/pulse_generator/pulse_generator.gds
topCell                                 pulse_generator
view                                    layout
runDir                                  /home/saul/projects/ASKA/layoutverification/pvs_drc/pulse_generator
logFile                                 /home/saul/projects/ASKA/layoutverification/pvs_drc/pulse_generator/PIPO1.LOG
techLib                                 TECH_XH018
hierDepth                               32
maxVertices                             2048
layerMap                                /home/saul/projects/ASKA/.xkit/setup/xh018/cadence/PDK/TECH_XH018_1143/strmInOut.layertable
objectMap                                /home/saul/projects/ASKA/.xkit/setup/xh018/cadence/PDK/TECH_XH018_1143/strmOutObjects.map
userSkillFile                           /home/saul/projects/ASKA/layoutverification/pvs_drc/pulse_generator/strmout.il
labelDepth                              32
case                                    Preserve
convertDot                              node
convertPin                              geometryAndText

INFO (XSTRM-223): 1. Translating stdVia TECH_XH018/VIA3_C/layout as STRUCTURE VIA3_C_CDNS_724654678020.
INFO (XSTRM-223): 2. Translating stdVia TECH_XH018/VIA3_C/layout as STRUCTURE VIA3_C_CDNS_724654678021.
INFO (XSTRM-223): 3. Translating stdVia TECH_XH018/VIA3_C/layout as STRUCTURE VIA3_C_CDNS_724654678022.
INFO (XSTRM-223): 4. Translating stdVia TECH_XH018/VIA3_C/layout as STRUCTURE VIA3_C_CDNS_724654678023.
INFO (XSTRM-223): 5. Translating stdVia TECH_XH018/VIA2_C/layout as STRUCTURE VIA2_C_CDNS_724654678024.
INFO (XSTRM-223): 6. Translating stdVia TECH_XH018/VIA1_C/layout as STRUCTURE VIA1_C_CDNS_724654678025.
INFO (XSTRM-223): 7. Translating stdVia TECH_XH018/VIA1_C/layout as STRUCTURE VIA1_C_CDNS_724654678026.
INFO (XSTRM-223): 8. Translating stdVia TECH_XH018/VIA1_C/layout as STRUCTURE VIA1_C_CDNS_724654678027.
INFO (XSTRM-223): 9. Translating stdVia TECH_XH018/VIA2_C/layout as STRUCTURE VIA2_C_CDNS_724654678028.
INFO (XSTRM-223): 10. Translating stdVia TECH_XH018/VIA2_C/layout as STRUCTURE VIA2_C_CDNS_724654678029.
INFO (XSTRM-223): 11. Translating stdVia TECH_XH018/VIA2_C/layout as STRUCTURE VIA2_C_CDNS_7246546780210.
INFO (XSTRM-223): 12. Translating stdVia TECH_XH018/VIA1_C/layout as STRUCTURE VIA1_C_CDNS_7246546780211.
INFO (XSTRM-223): 13. Translating stdVia TECH_XH018/VIA1_C/layout as STRUCTURE VIA1_C_CDNS_7246546780212.
INFO (XSTRM-223): 14. Translating stdVia TECH_XH018/VIA1_C/layout as STRUCTURE VIA1_C_CDNS_7246546780213.
INFO (XSTRM-223): 15. Translating stdVia TECH_XH018/VIA1_C/layout as STRUCTURE VIA1_C_CDNS_7246546780214.
INFO (XSTRM-223): 16. Translating stdVia TECH_XH018/VIA1_C/layout as STRUCTURE VIA1_C_CDNS_7246546780215.
INFO (XSTRM-223): 17. Translating stdVia TECH_XH018/ND_C/layout as STRUCTURE ND_C_CDNS_7246546780216.
INFO (XSTRM-223): 18. Translating stdVia TECH_XH018/VIA2_C/layout as STRUCTURE VIA2_C_CDNS_7246546780217.
INFO (XSTRM-223): 19. Translating stdVia TECH_XH018/VIA1_C/layout as STRUCTURE VIA1_C_CDNS_7246546780218.
INFO (XSTRM-223): 20. Translating stdVia TECH_XH018/VIA1_C/layout as STRUCTURE VIA1_C_CDNS_7246546780219.
INFO (XSTRM-223): 21. Translating stdVia TECH_XH018/VIA1_C/layout as STRUCTURE VIA1_C_CDNS_7246546780220.
INFO (XSTRM-223): 22. Translating stdVia TECH_XH018/VIA1_C/layout as STRUCTURE VIA1_C_CDNS_7246546780221.
INFO (XSTRM-223): 23. Translating stdVia TECH_XH018/VIA2_C/layout as STRUCTURE VIA2_C_CDNS_7246546780222.
INFO (XSTRM-223): 24. Translating stdVia TECH_XH018/VIA1_C/layout as STRUCTURE VIA1_C_CDNS_7246546780223.
INFO (XSTRM-223): 25. Translating stdVia TECH_XH018/VIA1_C/layout as STRUCTURE VIA1_C_CDNS_7246546780224.
INFO (XSTRM-223): 26. Translating stdVia TECH_XH018/VIA2_C/layout as STRUCTURE VIA2_C_CDNS_7246546780225.
INFO (XSTRM-223): 27. Translating stdVia TECH_XH018/VIA2_C/layout as STRUCTURE VIA2_C_CDNS_7246546780226.
INFO (XSTRM-223): 28. Translating stdVia TECH_XH018/VIA2_C/layout as STRUCTURE VIA2_C_CDNS_7246546780227.
INFO (XSTRM-223): 29. Translating stdVia TECH_XH018/VIA1_C/layout as STRUCTURE VIA1_C_CDNS_7246546780228.
INFO (XSTRM-223): 30. Translating stdVia TECH_XH018/VIA3_C/layout as STRUCTURE VIA3_C_CDNS_7246546780229.
INFO (XSTRM-223): 31. Translating stdVia TECH_XH018/VIA3_C/layout as STRUCTURE VIA3_C_CDNS_7246546780230.
INFO (XSTRM-223): 32. Translating stdVia TECH_XH018/VIA2_C/layout as STRUCTURE VIA2_C_CDNS_7246546780231.
INFO (XSTRM-223): 33. Translating stdVia TECH_XH018/VIATP_C/layout as STRUCTURE VIATP_C_CDNS_7246546780232.
INFO (XSTRM-223): 34. Translating stdVia TECH_XH018/VIA3_C/layout as STRUCTURE VIA3_C_CDNS_7246546780233.
INFO (XSTRM-223): 35. Translating stdVia TECH_XH018/VIA3_C/layout as STRUCTURE VIA3_C_CDNS_7246546780234.
INFO (XSTRM-223): 36. Translating stdVia TECH_XH018/VIA2_C/layout as STRUCTURE VIA2_C_CDNS_7246546780235.
INFO (XSTRM-223): 37. Translating stdVia TECH_XH018/VIA1_C/layout as STRUCTURE VIA1_C_CDNS_7246546780236.
INFO (XSTRM-223): 38. Translating stdVia TECH_XH018/VIA3_C/layout as STRUCTURE VIA3_C_CDNS_7246546780237.
INFO (XSTRM-223): 39. Translating stdVia TECH_XH018/VIA1_C/layout as STRUCTURE VIA1_C_CDNS_7246546780238.
INFO (XSTRM-223): 40. Translating stdVia TECH_XH018/VIA1_C/layout as STRUCTURE VIA1_C_CDNS_7246546780239.
INFO (XSTRM-223): 41. Translating stdVia TECH_XH018/VIA1_C/layout as STRUCTURE VIA1_C_CDNS_7246546780240.
INFO (XSTRM-223): 42. Translating stdVia TECH_XH018/VIA2_C/layout as STRUCTURE VIA2_C_CDNS_7246546780241.
INFO (XSTRM-223): 43. Translating stdVia TECH_XH018/VIA1_C/layout as STRUCTURE VIA1_C_CDNS_7246546780242.
INFO (XSTRM-223): 44. Translating stdVia TECH_XH018/VIA2_C/layout as STRUCTURE VIA2_C_CDNS_7246546780243.
INFO (XSTRM-223): 45. Translating stdVia TECH_XH018/VIATP_C/layout as STRUCTURE VIATP_C_CDNS_7246546780244.
INFO (XSTRM-223): 46. Translating stdVia TECH_XH018/VIATP_C/layout as STRUCTURE VIATP_C_CDNS_7246546780245.
INFO (XSTRM-223): 47. Translating stdVia TECH_XH018/VIATP_C/layout as STRUCTURE VIATP_C_CDNS_7246546780246.
INFO (XSTRM-223): 48. Translating stdVia TECH_XH018/VIATP_C/layout as STRUCTURE VIATP_C_CDNS_7246546780247.
INFO (XSTRM-223): 49. Translating stdVia TECH_XH018/VIATP_C/layout as STRUCTURE VIATP_C_CDNS_7246546780248.
INFO (XSTRM-223): 50. Translating stdVia TECH_XH018/VIATP_C/layout as STRUCTURE VIATP_C_CDNS_7246546780249.
INFO (XSTRM-223): 51. Translating stdVia TECH_XH018/VIA3_C/layout as STRUCTURE VIA3_C_CDNS_7246546780250.
INFO (XSTRM-223): 52. Translating stdVia TECH_XH018/VIA2_C/layout as STRUCTURE VIA2_C_CDNS_7246546780251.
INFO (XSTRM-223): 53. Translating stdVia TECH_XH018/VIA1_C/layout as STRUCTURE VIA1_C_CDNS_7246546780252.
INFO (XSTRM-223): 54. Translating stdVia TECH_XH018/VIA3_C/layout as STRUCTURE VIA3_C_CDNS_7246546780253.
INFO (XSTRM-223): 55. Translating stdVia TECH_XH018/VIA2_C/layout as STRUCTURE VIA2_C_CDNS_7246546780254.
INFO (XSTRM-223): 56. Translating stdVia TECH_XH018/VIA1_C/layout as STRUCTURE VIA1_C_CDNS_7246546780255.
INFO (XSTRM-223): 57. Translating stdVia TECH_XH018/VIA1_C/layout as STRUCTURE VIA1_C_CDNS_7246546780256.
INFO (XSTRM-223): 58. Translating stdVia TECH_XH018/VIA2_C/layout as STRUCTURE VIA2_C_CDNS_7246546780257.
INFO (XSTRM-223): 59. Translating cellView PRIMLIB/ne3/layout as STRUCTURE ne3_CDNS_724654678020.
INFO (XSTRM-223): 60. Translating cellView PRIMLIB/nedia/layout as STRUCTURE nedia_CDNS_724654678021.
INFO (XSTRM-223): 61. Translating cellView PRIMLIB/ne3/layout as STRUCTURE ne3_CDNS_724654678022.
INFO (XSTRM-223): 62. Translating cellView PRIMLIB/rpp1k1_3/layout as STRUCTURE rpp1k1_3_CDNS_724654678023.
INFO (XSTRM-223): 63. Translating cellView PRIMLIB/nedia/layout as STRUCTURE nedia_CDNS_724654678024.
INFO (XSTRM-223): 64. Translating cellView PRIMLIB/ne3/layout as STRUCTURE ne3_CDNS_724654678025.
INFO (XSTRM-223): 65. Translating cellView PRIMLIB/pe3/layout as STRUCTURE pe3_CDNS_724654678026.
INFO (XSTRM-223): 66. Translating cellView PRIMLIB/pe3/layout as STRUCTURE pe3_CDNS_724654678027.
INFO (XSTRM-223): 67. Translating cellView PRIMLIB/rpp1k1_3/layout as STRUCTURE rpp1k1_3_CDNS_724654678028.
INFO (XSTRM-223): 68. Translating cellView PRIMLIB/PowerMetal/layout as STRUCTURE PowerMetal_CDNS_724654678029.
INFO (XSTRM-223): 69. Translating cellView PRIMLIB/cmm5t/layout as STRUCTURE cmm5t_CDNS_7246546780210.
INFO (XSTRM-223): 70. Translating cellView PRIMLIB/pe3/layout as STRUCTURE pe3_CDNS_7246546780211.
INFO (XSTRM-223): 71. Translating cellView PRIMLIB/ne3/layout as STRUCTURE ne3_CDNS_7246546780212.
INFO (XSTRM-223): 72. Translating cellView PRIMLIB/ne3/layout as STRUCTURE ne3_CDNS_7246546780213.
INFO (XSTRM-223): 73. Translating cellView PRIMLIB/pe3/layout as STRUCTURE pe3_CDNS_7246546780214.
INFO (XSTRM-223): 74. Translating cellView PRIMLIB/rpp1k1_3/layout as STRUCTURE rpp1k1_3_CDNS_7246546780215.
INFO (XSTRM-223): 75. Translating cellView PRIMLIB/rpp1k1_3/layout as STRUCTURE rpp1k1_3_CDNS_7246546780216.
INFO (XSTRM-223): 76. Translating cellView PRIMLIB/rpp1k1_3/layout as STRUCTURE rpp1k1_3_CDNS_7246546780217.
INFO (XSTRM-223): 77. Translating cellView PRIMLIB/ne3/layout as STRUCTURE ne3_CDNS_7246546780218.
INFO (XSTRM-223): 78. Translating cellView PRIMLIB/PowerMetal/layout as STRUCTURE PowerMetal_CDNS_7246546780219.
INFO (XSTRM-223): 79. Translating cellView PRIMLIB/mosvc3/layout as STRUCTURE mosvc3_CDNS_7246546780220.
INFO (XSTRM-223): 80. Translating cellView ASKA_CURRENT_SOURCE/current_source_gm_10_en_r/layout as STRUCTURE current_source_gm_10_en_r.
INFO (XSTRM-275): Number of vertexes in the 'polygon' with starting point (434280, 147955) on layer '33' is 2192. These vertices will be represented using 2193 points in the GDS. This number exceeds the maximum limit, 2048, defined by 'maxVertices'. The 'polygon' will be chopped into smaller polygons during XStream Out translation.
INFO (XSTRM-275): Number of vertexes in the 'polygon' with starting point (557850, 147955) on layer '33' is 2192. These vertices will be represented using 2193 points in the GDS. This number exceeds the maximum limit, 2048, defined by 'maxVertices'. The 'polygon' will be chopped into smaller polygons during XStream Out translation.
INFO (XSTRM-275): Number of vertexes in the 'polygon' with starting point (410695, 79895) on layer '33' is 3246. These vertices will be represented using 3247 points in the GDS. This number exceeds the maximum limit, 2048, defined by 'maxVertices'. The 'polygon' will be chopped into smaller polygons during XStream Out translation.
INFO (XSTRM-275): Number of vertexes in the 'polygon' with starting point (534265, 79895) on layer '33' is 3246. These vertices will be represented using 3247 points in the GDS. This number exceeds the maximum limit, 2048, defined by 'maxVertices'. The 'polygon' will be chopped into smaller polygons during XStream Out translation.
INFO (XSTRM-275): Number of vertexes in the 'polygon' with starting point (434280, 147955) on layer '31' is 2192. These vertices will be represented using 2193 points in the GDS. This number exceeds the maximum limit, 2048, defined by 'maxVertices'. The 'polygon' will be chopped into smaller polygons during XStream Out translation.
INFO (XSTRM-275): Number of vertexes in the 'polygon' with starting point (557850, 147955) on layer '31' is 2192. These vertices will be represented using 2193 points in the GDS. This number exceeds the maximum limit, 2048, defined by 'maxVertices'. The 'polygon' will be chopped into smaller polygons during XStream Out translation.
INFO (XSTRM-275): Number of vertexes in the 'polygon' with starting point (534265, 79895) on layer '31' is 3246. These vertices will be represented using 3247 points in the GDS. This number exceeds the maximum limit, 2048, defined by 'maxVertices'. The 'polygon' will be chopped into smaller polygons during XStream Out translation.
INFO (XSTRM-275): Number of vertexes in the 'polygon' with starting point (410695, 79895) on layer '31' is 3246. These vertices will be represented using 3247 points in the GDS. This number exceeds the maximum limit, 2048, defined by 'maxVertices'. The 'polygon' will be chopped into smaller polygons during XStream Out translation.
WARNING (XSTRM-154): The object map file does not contain any mapping for the OpenAccess object 'Marker' and the sub-object 'annotation'. Therefore, these objects in the design will not be translated. To enable the translation of these objects in the Stream file, provide a valid mapping in the object map file.
INFO (XSTRM-223): 81. Translating cellView PRIMLIB/mosvc3/layout as STRUCTURE mosvc3_CDNS_7246546780221.
INFO (XSTRM-223): 82. Translating cellView PRIMLIB/mosvc3/layout as STRUCTURE mosvc3_CDNS_7246546780222.
INFO (XSTRM-223): 83. Translating stdVia TECH_XH018/VIA1_C/layout as STRUCTURE VIA1_C_CDNS_7246546780258.
INFO (XSTRM-223): 84. Translating stdVia TECH_XH018/VIA1_C/layout as STRUCTURE VIA1_C_CDNS_7246546780259.
INFO (XSTRM-223): 85. Translating stdVia TECH_XH018/VIA1_C/layout as STRUCTURE VIA1_C_CDNS_7246546780260.
INFO (XSTRM-223): 86. Translating stdVia TECH_XH018/VIA1_C/layout as STRUCTURE VIA1_C_CDNS_7246546780261.
INFO (XSTRM-223): 87. Translating stdVia TECH_XH018/VIA1_C/layout as STRUCTURE VIA1_C_CDNS_7246546780262.
INFO (XSTRM-223): 88. Translating stdVia TECH_XH018/VIA2_C/layout as STRUCTURE VIA2_C_CDNS_7246546780263.
INFO (XSTRM-223): 89. Translating stdVia TECH_XH018/VIA1_C/layout as STRUCTURE VIA1_C_CDNS_7246546780264.
INFO (XSTRM-223): 90. Translating stdVia TECH_XH018/VIA2_C/layout as STRUCTURE VIA2_C_CDNS_7246546780265.
INFO (XSTRM-223): 91. Translating stdVia TECH_XH018/VIA2_C/layout as STRUCTURE VIA2_C_CDNS_7246546780266.
INFO (XSTRM-223): 92. Translating stdVia TECH_XH018/VIA1_C/layout as STRUCTURE VIA1_C_CDNS_7246546780267.
INFO (XSTRM-223): 93. Translating stdVia TECH_XH018/VIA2_C/layout as STRUCTURE VIA2_C_CDNS_7246546780268.
INFO (XSTRM-223): 94. Translating stdVia TECH_XH018/VIA1_C/layout as STRUCTURE VIA1_C_CDNS_7246546780269.
INFO (XSTRM-223): 95. Translating stdVia TECH_XH018/VIA3_C/layout as STRUCTURE VIA3_C_CDNS_7246546780270.
INFO (XSTRM-223): 96. Translating stdVia TECH_XH018/VIA2_C/layout as STRUCTURE VIA2_C_CDNS_7246546780271.
INFO (XSTRM-223): 97. Translating stdVia TECH_XH018/VIA1_C/layout as STRUCTURE VIA1_C_CDNS_7246546780272.
INFO (XSTRM-223): 98. Translating stdVia TECH_XH018/VIA1_C/layout as STRUCTURE VIA1_C_CDNS_7246546780273.
INFO (XSTRM-223): 99. Translating stdVia TECH_XH018/VIA2_C/layout as STRUCTURE VIA2_C_CDNS_7246546780274.
INFO (XSTRM-223): 100. Translating stdVia TECH_XH018/VIA1_C/layout as STRUCTURE VIA1_C_CDNS_7246546780275.
INFO (XSTRM-223): 101. Translating stdVia TECH_XH018/VIA2_C/layout as STRUCTURE VIA2_C_CDNS_7246546780276.
INFO (XSTRM-223): 102. Translating stdVia TECH_XH018/VIA1_C/layout as STRUCTURE VIA1_C_CDNS_7246546780277.
INFO (XSTRM-223): 103. Translating stdVia TECH_XH018/VIA2_C/layout as STRUCTURE VIA2_C_CDNS_7246546780278.
INFO (XSTRM-223): 104. Translating stdVia TECH_XH018/VIA3_C/layout as STRUCTURE VIA3_C_CDNS_7246546780279.
INFO (XSTRM-223): 105. Translating stdVia TECH_XH018/VIA2_C/layout as STRUCTURE VIA2_C_CDNS_7246546780280.
INFO (XSTRM-223): 106. Translating stdVia TECH_XH018/VIA2_C/layout as STRUCTURE VIA2_C_CDNS_7246546780281.
INFO (XSTRM-223): 107. Translating stdVia TECH_XH018/VIA2_C/layout as STRUCTURE VIA2_C_CDNS_7246546780282.
INFO (XSTRM-223): 108. Translating stdVia TECH_XH018/VIA2_C/layout as STRUCTURE VIA2_C_CDNS_7246546780283.
INFO (XSTRM-223): 109. Translating stdVia TECH_XH018/VIA3_C/layout as STRUCTURE VIA3_C_CDNS_7246546780284.
INFO (XSTRM-223): 110. Translating stdVia TECH_XH018/VIA2_C/layout as STRUCTURE VIA2_C_CDNS_7246546780285.
INFO (XSTRM-223): 111. Translating stdVia TECH_XH018/VIA3_C/layout as STRUCTURE VIA3_C_CDNS_7246546780286.
INFO (XSTRM-223): 112. Translating stdVia TECH_XH018/VIA2_C/layout as STRUCTURE VIA2_C_CDNS_7246546780287.
INFO (XSTRM-223): 113. Translating stdVia TECH_XH018/VIA1_C/layout as STRUCTURE VIA1_C_CDNS_7246546780288.
INFO (XSTRM-223): 114. Translating stdVia TECH_XH018/VIA2_C/layout as STRUCTURE VIA2_C_CDNS_7246546780289.
INFO (XSTRM-223): 115. Translating stdVia TECH_XH018/VIA2_C/layout as STRUCTURE VIA2_C_CDNS_7246546780290.
INFO (XSTRM-223): 116. Translating cellView PRIMLIB/pe3/layout as STRUCTURE pe3_CDNS_7246546780223.
INFO (XSTRM-223): 117. Translating cellView PRIMLIB/pe3/layout as STRUCTURE pe3_CDNS_7246546780224.
INFO (XSTRM-223): 118. Translating cellView PRIMLIB/pe3/layout as STRUCTURE pe3_CDNS_7246546780225.
INFO (XSTRM-223): 119. Translating cellView PRIMLIB/pe3/layout as STRUCTURE pe3_CDNS_7246546780226.
INFO (XSTRM-223): 120. Translating cellView PRIMLIB/pe3/layout as STRUCTURE pe3_CDNS_7246546780227.
INFO (XSTRM-223): 121. Translating cellView PRIMLIB/pe3/layout as STRUCTURE pe3_CDNS_7246546780228.
INFO (XSTRM-223): 122. Translating cellView PRIMLIB/rpp1k1_3/layout as STRUCTURE rpp1k1_3_CDNS_7246546780229.
INFO (XSTRM-223): 123. Translating cellView PRIMLIB/pe3/layout as STRUCTURE pe3_CDNS_7246546780230.
INFO (XSTRM-223): 124. Translating cellView PRIMLIB/rpp1k1_3/layout as STRUCTURE rpp1k1_3_CDNS_7246546780231.
INFO (XSTRM-223): 125. Translating cellView PRIMLIB/pe3/layout as STRUCTURE pe3_CDNS_7246546780232.
INFO (XSTRM-223): 126. Translating cellView PRIMLIB/pe3/layout as STRUCTURE pe3_CDNS_7246546780233.
INFO (XSTRM-223): 127. Translating cellView PRIMLIB/pe3/layout as STRUCTURE pe3_CDNS_7246546780234.
INFO (XSTRM-223): 128. Translating cellView PRIMLIB/ne3/layout as STRUCTURE ne3_CDNS_7246546780235.
INFO (XSTRM-223): 129. Translating cellView PRIMLIB/ne3i_6/layout as STRUCTURE ne3i_6_CDNS_7246546780236.
INFO (XSTRM-223): 130. Translating cellView PRIMLIB/ne3/layout as STRUCTURE ne3_CDNS_7246546780237.
INFO (XSTRM-223): 131. Translating cellView PRIMLIB/pe3/layout as STRUCTURE pe3_CDNS_7246546780238.
INFO (XSTRM-223): 132. Translating cellView PRIMLIB/ne3/layout as STRUCTURE ne3_CDNS_7246546780239.
INFO (XSTRM-223): 133. Translating cellView ASKA_DAC6B/dac6b_amp_n2/layout as STRUCTURE dac6b_amp_n2.
INFO (XSTRM-223): 134. Translating cellView ASKA_PULSE_GENERATOR/pulse_generator/layout as STRUCTURE pulse_generator.

Summary of Objects Translated:
	Scalar Instances:                       370
	Array Instances:                        0
	Polygons:                               551
	Paths:                                  522
	Rectangles:                             56770
	Lines:                                  0
	Arcs:                                   0
	Donuts:                                 0
	Dots:                                   0
	Ellipses:                               0
	Boundaries:                             3
	Area Blockages:                         0
	Layer Blockages:                        0
	Area Halos:                             0
	Markers:                                0
	Rows:                                   0
	Standard Vias                           9907
	Custom Vias:                            0
	CdsGen Vias:                            0
	Pathsegs:                               2313
	Text:                                   71
	TextDisplay:                            20
	Cells:                                  134

Elapsed Time: 0.7s   User Time: 0.4s   CPU Time: 0.2s   Peak VM: 31168KB
INFO (XSTRM-234): Translation completed. '0' error(s) and '2' warning(s) found.
