pulse_generator 1000
Q1SU
2 2 3 Aug 26 08:44:40 2024
Rule File Pathname: /home/saul/projects/ASKA/layoutverification/pvs_drc/pulse_generator/.config.rul
Rule File Title:  " XH018 PVS DRC/LVS File v9.0.1 : MET4 / METMID / METTHK "
"Check for the right usage of the layer SUBCUT"
p 1 4
834670 60315
923450 60315
923450 176055
834670 176055
p 2 12
834670 22610
974655 22610
974655 180275
782505 180275
782505 104805
675365 104805
675365 22610
834670 22610
834670 176055
923450 176055
923450 60315
834670 60315
