Starting Single Run, Sweeps and Corners...

Current time: Sat Jul 27 10:57:22 2024 
Best design point: 1
Design specs: 
	ASKA_TOP:aska_top_tb:1	corner	PROCESS_0 - 
	ASKA_TOP:aska_top_tb:1	corner	PROCESS_1 - 
	ASKA_TOP:aska_top_tb:1	corner	PROCESS_2 - 
	ASKA_TOP:aska_top_tb:1	corner	PROCESS_3 - 
	ASKA_TOP:aska_top_tb:1	corner	PROCESS_4 - 
	ASKA_TOP:aska_top_tb:1	corner	PROCESS_5 - 
	ASKA_TOP:aska_top_tb:1	corner	PROCESS_6 - 
	ASKA_TOP:aska_top_tb:1	corner	PROCESS_7 - 
	ASKA_TOP:aska_top_tb:1	corner	PROCESS_8 - 
	ASKA_TOP:aska_top_tb:1	corner	PROCESS_9 - 
	ASKA_TOP:aska_top_tb:1	corner	PROCESS_10 - 
	ASKA_TOP:aska_top_tb:1	corner	PROCESS_11 - 
	ASKA_TOP:aska_top_tb:1	corner	PROCESS_12 - 
	ASKA_TOP:aska_top_tb:1	corner	PROCESS_13 - 
	ASKA_TOP:aska_top_tb:1	corner	PROCESS_14 - 
	ASKA_TOP:aska_top_tb:1	corner	PROCESS_15 - 
	ASKA_TOP:aska_top_tb:1	corner	Nominal - 
Design parameters: 
	POR_PULSE		0
	RES		100
	VDD3		3.3
	VDD3_PULSE		0
	VDDHV		40
	VDDHV_PULSE		0
	ADDR0		0
	ADDR1		0

Interactive.12
Number of points completed: 1
Number of simulation errors: 0
Interactive.12 completed. 
Current time: Sat Jul 27 11:11:31 2024 
