********************************************************************************
Product   : Virtuoso(R) XStream Out
Program   : @(#)$CDS: strmout version 6.1.8-64b 01/30/2024 20:01 (cpgbld02) $
          : sub-version  IC6.1.8-64b.500.35 
Started at: 26-Aug-2024  08:36:06
User Name : saul
Host Name : s2424
Directory : /home/saul/projects/ASKA
CADENCE Design Systems, Inc.
********************************************************************************
Info: Cellview Rev Num:99,  Tech Rev Num:59

WARNING (XSTRM-20): Output Stream file '/home/saul/projects/ASKA/layoutverification/pvs_drc/bias/bias.gds' already exists. It will be overwritten.
INFO (XSTRM-217): Reading the layer map file, /home/saul/projects/ASKA/.xkit/setup/xh018/cadence/PDK/TECH_XH018_1143/strmInOut.layertable
INFO (XSTRM-217): Reading the object map file, /home/saul/projects/ASKA/.xkit/setup/xh018/cadence/PDK/TECH_XH018_1143/strmOutObjects.map
INFO (XSTRM-162): You have not used the '-viaMap' option. If the OpenAccess design has native oaVia instances, use the '-viaMap' option for preserving oaVia instances in a XStream Out - XStream In round trip. Using the '-viaMap' option improves performance and VM usage of applications using the Streamed-In design.

Summary of Options :
library                                 ASKA_BIAS
strmFile                                /home/saul/projects/ASKA/layoutverification/pvs_drc/bias/bias.gds
topCell                                 bias
view                                    layout
runDir                                  /home/saul/projects/ASKA/layoutverification/pvs_drc/bias
logFile                                 /home/saul/projects/ASKA/layoutverification/pvs_drc/bias/PIPO1.LOG
techLib                                 TECH_XH018
hierDepth                               32
maxVertices                             2048
layerMap                                /home/saul/projects/ASKA/.xkit/setup/xh018/cadence/PDK/TECH_XH018_1143/strmInOut.layertable
objectMap                                /home/saul/projects/ASKA/.xkit/setup/xh018/cadence/PDK/TECH_XH018_1143/strmOutObjects.map
userSkillFile                           /home/saul/projects/ASKA/layoutverification/pvs_drc/bias/strmout.il
labelDepth                              32
case                                    Preserve
convertDot                              node
convertPin                              geometryAndText

INFO (XSTRM-223): 1. Translating stdVia TECH_XH018/VIA2_C/layout as STRUCTURE VIA2_C_CDNS_724654166370.
INFO (XSTRM-223): 2. Translating stdVia TECH_XH018/VIA2_C/layout as STRUCTURE VIA2_C_CDNS_724654166371.
INFO (XSTRM-223): 3. Translating stdVia TECH_XH018/VIA3_C/layout as STRUCTURE VIA3_C_CDNS_724654166372.
INFO (XSTRM-223): 4. Translating stdVia TECH_XH018/VIA2_C/layout as STRUCTURE VIA2_C_CDNS_724654166373.
INFO (XSTRM-223): 5. Translating stdVia TECH_XH018/VIA1_C/layout as STRUCTURE VIA1_C_CDNS_724654166374.
INFO (XSTRM-223): 6. Translating stdVia TECH_XH018/VIA2_C/layout as STRUCTURE VIA2_C_CDNS_724654166375.
INFO (XSTRM-223): 7. Translating stdVia TECH_XH018/VIA2_C/layout as STRUCTURE VIA2_C_CDNS_724654166376.
INFO (XSTRM-223): 8. Translating stdVia TECH_XH018/VIA1_C/layout as STRUCTURE VIA1_C_CDNS_724654166377.
INFO (XSTRM-223): 9. Translating stdVia TECH_XH018/VIA1_C/layout as STRUCTURE VIA1_C_CDNS_724654166378.
INFO (XSTRM-223): 10. Translating stdVia TECH_XH018/VIA1_C/layout as STRUCTURE VIA1_C_CDNS_724654166379.
INFO (XSTRM-223): 11. Translating stdVia TECH_XH018/VIA1_C/layout as STRUCTURE VIA1_C_CDNS_7246541663710.
INFO (XSTRM-223): 12. Translating stdVia TECH_XH018/VIA1_C/layout as STRUCTURE VIA1_C_CDNS_7246541663711.
INFO (XSTRM-223): 13. Translating stdVia TECH_XH018/VIA1_C/layout as STRUCTURE VIA1_C_CDNS_7246541663712.
INFO (XSTRM-223): 14. Translating stdVia TECH_XH018/VIA2_C/layout as STRUCTURE VIA2_C_CDNS_7246541663713.
INFO (XSTRM-223): 15. Translating stdVia TECH_XH018/VIA1_C/layout as STRUCTURE VIA1_C_CDNS_7246541663714.
INFO (XSTRM-223): 16. Translating stdVia TECH_XH018/VIA1_C/layout as STRUCTURE VIA1_C_CDNS_7246541663715.
INFO (XSTRM-223): 17. Translating stdVia TECH_XH018/VIA1_C/layout as STRUCTURE VIA1_C_CDNS_7246541663716.
INFO (XSTRM-223): 18. Translating stdVia TECH_XH018/VIA2_C/layout as STRUCTURE VIA2_C_CDNS_7246541663717.
INFO (XSTRM-223): 19. Translating stdVia TECH_XH018/VIA2_C/layout as STRUCTURE VIA2_C_CDNS_7246541663718.
INFO (XSTRM-223): 20. Translating stdVia TECH_XH018/VIA2_C/layout as STRUCTURE VIA2_C_CDNS_7246541663719.
INFO (XSTRM-223): 21. Translating stdVia TECH_XH018/VIA1_C/layout as STRUCTURE VIA1_C_CDNS_7246541663720.
INFO (XSTRM-223): 22. Translating stdVia TECH_XH018/VIA1_C/layout as STRUCTURE VIA1_C_CDNS_7246541663721.
INFO (XSTRM-223): 23. Translating stdVia TECH_XH018/VIA2_C/layout as STRUCTURE VIA2_C_CDNS_7246541663722.
INFO (XSTRM-223): 24. Translating stdVia TECH_XH018/VIA1_C/layout as STRUCTURE VIA1_C_CDNS_7246541663723.
INFO (XSTRM-223): 25. Translating stdVia TECH_XH018/VIA2_C/layout as STRUCTURE VIA2_C_CDNS_7246541663724.
INFO (XSTRM-223): 26. Translating stdVia TECH_XH018/VIA3_C/layout as STRUCTURE VIA3_C_CDNS_7246541663725.
INFO (XSTRM-223): 27. Translating stdVia TECH_XH018/VIA1_C/layout as STRUCTURE VIA1_C_CDNS_7246541663726.
INFO (XSTRM-223): 28. Translating stdVia TECH_XH018/VIA2_C/layout as STRUCTURE VIA2_C_CDNS_7246541663727.
INFO (XSTRM-223): 29. Translating stdVia TECH_XH018/VIA2_C/layout as STRUCTURE VIA2_C_CDNS_7246541663728.
INFO (XSTRM-223): 30. Translating stdVia TECH_XH018/VIA2_C/layout as STRUCTURE VIA2_C_CDNS_7246541663729.
INFO (XSTRM-223): 31. Translating stdVia TECH_XH018/VIA3_C/layout as STRUCTURE VIA3_C_CDNS_7246541663730.
INFO (XSTRM-223): 32. Translating stdVia TECH_XH018/VIA3_C/layout as STRUCTURE VIA3_C_CDNS_7246541663731.
INFO (XSTRM-223): 33. Translating stdVia TECH_XH018/VIATP_C/layout as STRUCTURE VIATP_C_CDNS_7246541663732.
INFO (XSTRM-223): 34. Translating stdVia TECH_XH018/VIA3_C/layout as STRUCTURE VIA3_C_CDNS_7246541663733.
INFO (XSTRM-223): 35. Translating stdVia TECH_XH018/VIA2_C/layout as STRUCTURE VIA2_C_CDNS_7246541663734.
INFO (XSTRM-223): 36. Translating stdVia TECH_XH018/VIA3_C/layout as STRUCTURE VIA3_C_CDNS_7246541663735.
INFO (XSTRM-223): 37. Translating stdVia TECH_XH018/VIA2_C/layout as STRUCTURE VIA2_C_CDNS_7246541663736.
INFO (XSTRM-223): 38. Translating stdVia TECH_XH018/VIA1_C/layout as STRUCTURE VIA1_C_CDNS_7246541663737.
INFO (XSTRM-223): 39. Translating stdVia TECH_XH018/VIA2_C/layout as STRUCTURE VIA2_C_CDNS_7246541663738.
INFO (XSTRM-223): 40. Translating stdVia TECH_XH018/VIA3_C/layout as STRUCTURE VIA3_C_CDNS_7246541663739.
INFO (XSTRM-223): 41. Translating stdVia TECH_XH018/VIA1_C/layout as STRUCTURE VIA1_C_CDNS_7246541663740.
INFO (XSTRM-223): 42. Translating stdVia TECH_XH018/VIA2_C/layout as STRUCTURE VIA2_C_CDNS_7246541663741.
INFO (XSTRM-223): 43. Translating stdVia TECH_XH018/VIA1_C/layout as STRUCTURE VIA1_C_CDNS_7246541663742.
INFO (XSTRM-223): 44. Translating stdVia TECH_XH018/VIA2_C/layout as STRUCTURE VIA2_C_CDNS_7246541663743.
INFO (XSTRM-223): 45. Translating cellView PRIMLIB/pe3/layout as STRUCTURE pe3_CDNS_724654166370.
INFO (XSTRM-223): 46. Translating cellView PRIMLIB/ne3/layout as STRUCTURE ne3_CDNS_724654166371.
INFO (XSTRM-223): 47. Translating cellView PRIMLIB/pe3/layout as STRUCTURE pe3_CDNS_724654166372.
INFO (XSTRM-223): 48. Translating cellView PRIMLIB/pe3/layout as STRUCTURE pe3_CDNS_724654166373.
INFO (XSTRM-223): 49. Translating cellView PRIMLIB/rpp1k1_3/layout as STRUCTURE rpp1k1_3_CDNS_724654166374.
INFO (XSTRM-223): 50. Translating cellView PRIMLIB/ne3/layout as STRUCTURE ne3_CDNS_724654166375.
INFO (XSTRM-223): 51. Translating cellView PRIMLIB/mosvc3/layout as STRUCTURE mosvc3_CDNS_724654166376.
INFO (XSTRM-223): 52. Translating cellView PRIMLIB/cmm5t/layout as STRUCTURE cmm5t_CDNS_724654166377.
INFO (XSTRM-223): 53. Translating cellView PRIMLIB/ne3i_6/layout as STRUCTURE ne3i_6_CDNS_724654166378.
INFO (XSTRM-223): 54. Translating cellView PRIMLIB/pe3/layout as STRUCTURE pe3_CDNS_724654166379.
INFO (XSTRM-223): 55. Translating cellView PRIMLIB/pe3/layout as STRUCTURE pe3_CDNS_7246541663710.
INFO (XSTRM-223): 56. Translating cellView ASKA_REF_BIAS/ref_bias/layout as STRUCTURE ref_bias.
WARNING (XSTRM-154): The object map file does not contain any mapping for the OpenAccess object 'Marker' and the sub-object 'info'. Therefore, these objects in the design will not be translated. To enable the translation of these objects in the Stream file, provide a valid mapping in the object map file.
INFO (XSTRM-223): 57. Translating stdVia TECH_XH018/VIA1_C/layout as STRUCTURE VIA1_C_CDNS_7246541663744.
INFO (XSTRM-223): 58. Translating stdVia TECH_XH018/VIA2_C/layout as STRUCTURE VIA2_C_CDNS_7246541663745.
INFO (XSTRM-223): 59. Translating stdVia TECH_XH018/VIA2_C/layout as STRUCTURE VIA2_C_CDNS_7246541663746.
INFO (XSTRM-223): 60. Translating stdVia TECH_XH018/VIA1_C/layout as STRUCTURE VIA1_C_CDNS_7246541663747.
INFO (XSTRM-223): 61. Translating stdVia TECH_XH018/VIA1_C/layout as STRUCTURE VIA1_C_CDNS_7246541663748.
INFO (XSTRM-223): 62. Translating stdVia TECH_XH018/VIA1_C/layout as STRUCTURE VIA1_C_CDNS_7246541663749.
INFO (XSTRM-223): 63. Translating stdVia TECH_XH018/VIA2_C/layout as STRUCTURE VIA2_C_CDNS_7246541663750.
INFO (XSTRM-223): 64. Translating stdVia TECH_XH018/VIA1_C/layout as STRUCTURE VIA1_C_CDNS_7246541663751.
INFO (XSTRM-223): 65. Translating stdVia TECH_XH018/VIA1_C/layout as STRUCTURE VIA1_C_CDNS_7246541663752.
INFO (XSTRM-223): 66. Translating stdVia TECH_XH018/VIA2_C/layout as STRUCTURE VIA2_C_CDNS_7246541663753.
INFO (XSTRM-223): 67. Translating stdVia TECH_XH018/VIA3_C/layout as STRUCTURE VIA3_C_CDNS_7246541663754.
INFO (XSTRM-223): 68. Translating stdVia TECH_XH018/VIA2_C/layout as STRUCTURE VIA2_C_CDNS_7246541663755.
INFO (XSTRM-223): 69. Translating stdVia TECH_XH018/VIA2_C/layout as STRUCTURE VIA2_C_CDNS_7246541663756.
INFO (XSTRM-223): 70. Translating stdVia TECH_XH018/VIA1_C/layout as STRUCTURE VIA1_C_CDNS_7246541663757.
INFO (XSTRM-223): 71. Translating stdVia TECH_XH018/VIA2_C/layout as STRUCTURE VIA2_C_CDNS_7246541663758.
INFO (XSTRM-223): 72. Translating stdVia TECH_XH018/VIA1_C/layout as STRUCTURE VIA1_C_CDNS_7246541663759.
INFO (XSTRM-223): 73. Translating stdVia TECH_XH018/VIA2_C/layout as STRUCTURE VIA2_C_CDNS_7246541663760.
INFO (XSTRM-223): 74. Translating stdVia TECH_XH018/VIA2_C/layout as STRUCTURE VIA2_C_CDNS_7246541663761.
INFO (XSTRM-223): 75. Translating stdVia TECH_XH018/VIA1_C/layout as STRUCTURE VIA1_C_CDNS_7246541663762.
INFO (XSTRM-223): 76. Translating stdVia TECH_XH018/VIATP_C/layout as STRUCTURE VIATP_C_CDNS_7246541663763.
INFO (XSTRM-223): 77. Translating stdVia TECH_XH018/VIA3_C/layout as STRUCTURE VIA3_C_CDNS_7246541663764.
INFO (XSTRM-223): 78. Translating stdVia TECH_XH018/VIA2_C/layout as STRUCTURE VIA2_C_CDNS_7246541663765.
INFO (XSTRM-223): 79. Translating cellView PRIMLIB/pe3/layout as STRUCTURE pe3_CDNS_7246541663711.
INFO (XSTRM-223): 80. Translating cellView PRIMLIB/ne3/layout as STRUCTURE ne3_CDNS_7246541663712.
INFO (XSTRM-223): 81. Translating cellView PRIMLIB/qpvc3/layout as STRUCTURE qpvc3.
INFO (XSTRM-223): 82. Translating cellView PRIMLIB/rpp1k1_3/layout as STRUCTURE rpp1k1_3_CDNS_7246541663713.
INFO (XSTRM-223): 83. Translating cellView PRIMLIB/rpp1k1_3/layout as STRUCTURE rpp1k1_3_CDNS_7246541663714.
INFO (XSTRM-223): 84. Translating cellView PRIMLIB/ne3/layout as STRUCTURE ne3_CDNS_7246541663715.
INFO (XSTRM-223): 85. Translating cellView PRIMLIB/pe3/layout as STRUCTURE pe3_CDNS_7246541663716.
INFO (XSTRM-223): 86. Translating cellView PRIMLIB/pe3/layout as STRUCTURE pe3_CDNS_7246541663717.
INFO (XSTRM-223): 87. Translating cellView PRIMLIB/ne3/layout as STRUCTURE ne3_CDNS_7246541663718.
INFO (XSTRM-223): 88. Translating cellView PRIMLIB/pe3/layout as STRUCTURE pe3_CDNS_7246541663719.
INFO (XSTRM-223): 89. Translating cellView PRIMLIB/rpp1k1_3/layout as STRUCTURE rpp1k1_3_CDNS_7246541663720.
INFO (XSTRM-223): 90. Translating cellView ASKA_BANDGAP/bandgap_su/layout as STRUCTURE bandgap_su.
INFO (XSTRM-223): 91. Translating cellView PRIMLIB/mosvc3/layout as STRUCTURE mosvc3_CDNS_7246541663721.
INFO (XSTRM-223): 92. Translating stdVia TECH_XH018/VIA1_C/layout as STRUCTURE VIA1_C_CDNS_7246541663766.
INFO (XSTRM-223): 93. Translating stdVia TECH_XH018/VIA2_C/layout as STRUCTURE VIA2_C_CDNS_7246541663767.
INFO (XSTRM-223): 94. Translating stdVia TECH_XH018/VIA1_C/layout as STRUCTURE VIA1_C_CDNS_7246541663768.
INFO (XSTRM-223): 95. Translating stdVia TECH_XH018/VIA1_C/layout as STRUCTURE VIA1_C_CDNS_7246541663769.
INFO (XSTRM-223): 96. Translating stdVia TECH_XH018/VIA1_C/layout as STRUCTURE VIA1_C_CDNS_7246541663770.
INFO (XSTRM-223): 97. Translating stdVia TECH_XH018/VIA1_C/layout as STRUCTURE VIA1_C_CDNS_7246541663771.
INFO (XSTRM-223): 98. Translating stdVia TECH_XH018/VIA2_C/layout as STRUCTURE VIA2_C_CDNS_7246541663772.
INFO (XSTRM-223): 99. Translating stdVia TECH_XH018/VIA1_C/layout as STRUCTURE VIA1_C_CDNS_7246541663773.
INFO (XSTRM-223): 100. Translating stdVia TECH_XH018/VIA2_C/layout as STRUCTURE VIA2_C_CDNS_7246541663774.
INFO (XSTRM-223): 101. Translating stdVia TECH_XH018/VIA1_C/layout as STRUCTURE VIA1_C_CDNS_7246541663775.
INFO (XSTRM-223): 102. Translating stdVia TECH_XH018/VIA2_C/layout as STRUCTURE VIA2_C_CDNS_7246541663776.
INFO (XSTRM-223): 103. Translating stdVia TECH_XH018/VIA2_C/layout as STRUCTURE VIA2_C_CDNS_7246541663777.
INFO (XSTRM-223): 104. Translating stdVia TECH_XH018/VIA1_C/layout as STRUCTURE VIA1_C_CDNS_7246541663778.
INFO (XSTRM-223): 105. Translating stdVia TECH_XH018/VIA1_C/layout as STRUCTURE VIA1_C_CDNS_7246541663779.
INFO (XSTRM-223): 106. Translating stdVia TECH_XH018/VIA1_C/layout as STRUCTURE VIA1_C_CDNS_7246541663780.
INFO (XSTRM-223): 107. Translating stdVia TECH_XH018/VIA1_C/layout as STRUCTURE VIA1_C_CDNS_7246541663781.
INFO (XSTRM-223): 108. Translating stdVia TECH_XH018/VIA1_C/layout as STRUCTURE VIA1_C_CDNS_7246541663782.
INFO (XSTRM-223): 109. Translating cellView PRIMLIB/ne3i_6/layout as STRUCTURE ne3i_6_CDNS_7246541663722.
INFO (XSTRM-223): 110. Translating cellView PRIMLIB/pe3/layout as STRUCTURE pe3_CDNS_7246541663723.
INFO (XSTRM-223): 111. Translating cellView PRIMLIB/ne3/layout as STRUCTURE ne3_CDNS_7246541663724.
INFO (XSTRM-223): 112. Translating cellView PRIMLIB/pe3/layout as STRUCTURE pe3_CDNS_7246541663725.
INFO (XSTRM-223): 113. Translating cellView PRIMLIB/pe3/layout as STRUCTURE pe3_CDNS_7246541663726.
INFO (XSTRM-223): 114. Translating cellView PRIMLIB/pe3/layout as STRUCTURE pe3_CDNS_7246541663727.
INFO (XSTRM-223): 115. Translating cellView PRIMLIB/ne3i_6/layout as STRUCTURE ne3i_6_CDNS_7246541663728.
INFO (XSTRM-223): 116. Translating cellView PRIMLIB/rpp1k1_3/layout as STRUCTURE rpp1k1_3_CDNS_7246541663729.
INFO (XSTRM-223): 117. Translating cellView ASKA_CONSTANT_GM/constant_gm/layout as STRUCTURE constant_gm.
WARNING (XSTRM-154): The object map file does not contain any mapping for the OpenAccess object 'Marker' and the sub-object 'annotation'. Therefore, these objects in the design will not be translated. To enable the translation of these objects in the Stream file, provide a valid mapping in the object map file.
WARNING (XSTRM-154): The object map file does not contain any mapping for the OpenAccess object 'Marker' and the sub-object 'error'. Therefore, these objects in the design will not be translated. To enable the translation of these objects in the Stream file, provide a valid mapping in the object map file.
INFO (XSTRM-223): 118. Translating cellView ASKA_BIAS/bias/layout as STRUCTURE bias.

Summary of Objects Translated:
	Scalar Instances:                       314
	Array Instances:                        0
	Polygons:                               16
	Paths:                                  444
	Rectangles:                             25536
	Lines:                                  0
	Arcs:                                   0
	Donuts:                                 0
	Dots:                                   0
	Ellipses:                               0
	Boundaries:                             4
	Area Blockages:                         0
	Layer Blockages:                        0
	Area Halos:                             0
	Markers:                                0
	Rows:                                   0
	Standard Vias                           1052
	Custom Vias:                            0
	CdsGen Vias:                            0
	Pathsegs:                               1620
	Text:                                   55
	TextDisplay:                            27
	Cells:                                  118

Elapsed Time: 0.7s   User Time: 0.4s   CPU Time: 0.1s   Peak VM: 26660KB
INFO (XSTRM-234): Translation completed. '0' error(s) and '4' warning(s) found.
