Starting Single Run, Sweeps and Corners...

Current time: Thu Feb 29 09:54:13 2024 
Best design point: 1
Design specs: 
	CURRENT_SOURCE:current_source_gm_switch_tb:1	corner	VDD_TEMP_copy_0_0 - 
	CURRENT_SOURCE:current_source_gm_switch_tb:1	corner	VDD_TEMP_copy_0_1 - 
	CURRENT_SOURCE:current_source_gm_switch_tb:1	corner	VDD_TEMP_copy_0_2 - 
	CURRENT_SOURCE:current_source_gm_switch_tb:1	corner	VDD_TEMP_copy_0_3 - 
	CURRENT_SOURCE:current_source_gm_switch_tb:1	corner	VDD_TEMP_copy_0_4 - 
	CURRENT_SOURCE:current_source_gm_switch_tb:1	corner	VDD_TEMP_copy_0_5 - 
	CURRENT_SOURCE:current_source_gm_switch_tb:1	corner	VDD_TEMP_copy_0_6 - 
	CURRENT_SOURCE:current_source_gm_switch_tb:1	corner	VDD_TEMP_copy_0_7 - 
	CURRENT_SOURCE:current_source_gm_switch_tb:1	corner	VDD_TEMP_copy_0_8 - 
	CURRENT_SOURCE:current_source_gm_switch_tb:1	corner	VDD_TEMP_copy_0_9 - 
	CURRENT_SOURCE:current_source_gm_switch_tb:1	corner	VDD_TEMP_copy_0_10 - 
	CURRENT_SOURCE:current_source_gm_switch_tb:1	corner	VDD_TEMP_copy_0_11 - 
	CURRENT_SOURCE:current_source_gm_switch_tb:1	corner	VDD_TEMP_copy_0_12 - 
	CURRENT_SOURCE:current_source_gm_switch_tb:1	corner	VDD_TEMP_copy_0_13 - 
	CURRENT_SOURCE:current_source_gm_switch_tb:1	corner	VDD_TEMP_copy_0_14 - 
	CURRENT_SOURCE:current_source_gm_switch_tb:1	corner	VDD_TEMP_copy_0_15 - 
	CURRENT_SOURCE:current_source_gm_switch_tb:1	corner	Nominal - 
Design parameters: 
	VDD		3.3
	VDD_AC		0
	VDDH		40

Interactive.16
Number of points completed: 1
Number of simulation errors: 0
Interactive.16 completed. 
Current time: Thu Feb 29 09:54:19 2024 
