Starting Single Run, Sweeps and Corners...

Current time: Thu Feb 29 09:56:31 2024 
Best design point: 1
Design specs: 
	CURRENT_SOURCE:current_source_gm_switch_tb:1	corner	VDD_TEMP_3V_0 - 
	CURRENT_SOURCE:current_source_gm_switch_tb:1	corner	VDD_TEMP_3V_1 - 
	CURRENT_SOURCE:current_source_gm_switch_tb:1	corner	VDD_TEMP_3V_2 - 
	CURRENT_SOURCE:current_source_gm_switch_tb:1	corner	VDD_TEMP_3V_3 - 
	CURRENT_SOURCE:current_source_gm_switch_tb:1	corner	VDD_TEMP_3V_4 - 
	CURRENT_SOURCE:current_source_gm_switch_tb:1	corner	VDD_TEMP_3V_5 - 
	CURRENT_SOURCE:current_source_gm_switch_tb:1	corner	VDD_TEMP_3V_6 - 
	CURRENT_SOURCE:current_source_gm_switch_tb:1	corner	VDD_TEMP_3V_7 - 
	CURRENT_SOURCE:current_source_gm_switch_tb:1	corner	VDD_TEMP_3V_8 - 
	CURRENT_SOURCE:current_source_gm_switch_tb:1	corner	VDD_TEMP_3V_9 - 
	CURRENT_SOURCE:current_source_gm_switch_tb:1	corner	VDD_TEMP_3V_10 - 
	CURRENT_SOURCE:current_source_gm_switch_tb:1	corner	VDD_TEMP_3V_11 - 
	CURRENT_SOURCE:current_source_gm_switch_tb:1	corner	VDD_TEMP_3V_12 - 
	CURRENT_SOURCE:current_source_gm_switch_tb:1	corner	VDD_TEMP_3V_13 - 
	CURRENT_SOURCE:current_source_gm_switch_tb:1	corner	VDD_TEMP_3V_14 - 
	CURRENT_SOURCE:current_source_gm_switch_tb:1	corner	VDD_TEMP_3V_15 - 
	CURRENT_SOURCE:current_source_gm_switch_tb:1	corner	Nominal - 
Design parameters: 
	VDD		3.3
	VDD_AC		0
	VDDH		40

Interactive.19
Number of points completed: 1
Number of simulation errors: 0
Interactive.19 completed. 
Current time: Thu Feb 29 09:56:37 2024 
