Starting Single Run, Sweeps and Corners...

Current time: Thu Feb 29 09:57:30 2024 
Best design point: 1
Design specs: 
	CURRENT_SOURCE:current_source_gm_switch_tb:1	corner	VDD_TEMP_0 - 
	CURRENT_SOURCE:current_source_gm_switch_tb:1	corner	VDD_TEMP_1 - 
	CURRENT_SOURCE:current_source_gm_switch_tb:1	corner	VDD_TEMP_2 - 
	CURRENT_SOURCE:current_source_gm_switch_tb:1	corner	VDD_TEMP_3 - 
	CURRENT_SOURCE:current_source_gm_switch_tb:1	corner	VDD_TEMP_4 - 
	CURRENT_SOURCE:current_source_gm_switch_tb:1	corner	VDD_TEMP_5 - 
	CURRENT_SOURCE:current_source_gm_switch_tb:1	corner	VDD_TEMP_6 - 
	CURRENT_SOURCE:current_source_gm_switch_tb:1	corner	VDD_TEMP_7 - 
	CURRENT_SOURCE:current_source_gm_switch_tb:1	corner	VDD_TEMP_8 - 
	CURRENT_SOURCE:current_source_gm_switch_tb:1	corner	VDD_TEMP_9 - 
	CURRENT_SOURCE:current_source_gm_switch_tb:1	corner	VDD_TEMP_10 - 
	CURRENT_SOURCE:current_source_gm_switch_tb:1	corner	VDD_TEMP_11 - 
	CURRENT_SOURCE:current_source_gm_switch_tb:1	corner	VDD_TEMP_12 - 
	CURRENT_SOURCE:current_source_gm_switch_tb:1	corner	VDD_TEMP_13 - 
	CURRENT_SOURCE:current_source_gm_switch_tb:1	corner	VDD_TEMP_14 - 
	CURRENT_SOURCE:current_source_gm_switch_tb:1	corner	VDD_TEMP_15 - 
	CURRENT_SOURCE:current_source_gm_switch_tb:1	corner	VDD_TEMP_16 - 
	CURRENT_SOURCE:current_source_gm_switch_tb:1	corner	VDD_TEMP_17 - 
	CURRENT_SOURCE:current_source_gm_switch_tb:1	corner	VDD_TEMP_18 - 
	CURRENT_SOURCE:current_source_gm_switch_tb:1	corner	VDD_TEMP_19 - 
	CURRENT_SOURCE:current_source_gm_switch_tb:1	corner	VDD_TEMP_20 - 
	CURRENT_SOURCE:current_source_gm_switch_tb:1	corner	VDD_TEMP_21 - 
	CURRENT_SOURCE:current_source_gm_switch_tb:1	corner	VDD_TEMP_22 - 
	CURRENT_SOURCE:current_source_gm_switch_tb:1	corner	VDD_TEMP_23 - 
	CURRENT_SOURCE:current_source_gm_switch_tb:1	corner	VDD_TEMP_24 - 
	CURRENT_SOURCE:current_source_gm_switch_tb:1	corner	VDD_TEMP_25 - 
	CURRENT_SOURCE:current_source_gm_switch_tb:1	corner	VDD_TEMP_26 - 
	CURRENT_SOURCE:current_source_gm_switch_tb:1	corner	VDD_TEMP_27 - 
	CURRENT_SOURCE:current_source_gm_switch_tb:1	corner	VDD_TEMP_28 - 
	CURRENT_SOURCE:current_source_gm_switch_tb:1	corner	VDD_TEMP_29 - 
	CURRENT_SOURCE:current_source_gm_switch_tb:1	corner	VDD_TEMP_30 - 
	CURRENT_SOURCE:current_source_gm_switch_tb:1	corner	VDD_TEMP_31 - 
	CURRENT_SOURCE:current_source_gm_switch_tb:1	corner	VDD_TEMP_32 - 
	CURRENT_SOURCE:current_source_gm_switch_tb:1	corner	VDD_TEMP_33 - 
	CURRENT_SOURCE:current_source_gm_switch_tb:1	corner	VDD_TEMP_34 - 
	CURRENT_SOURCE:current_source_gm_switch_tb:1	corner	VDD_TEMP_35 - 
	CURRENT_SOURCE:current_source_gm_switch_tb:1	corner	VDD_TEMP_36 - 
	CURRENT_SOURCE:current_source_gm_switch_tb:1	corner	VDD_TEMP_37 - 
	CURRENT_SOURCE:current_source_gm_switch_tb:1	corner	VDD_TEMP_38 - 
	CURRENT_SOURCE:current_source_gm_switch_tb:1	corner	VDD_TEMP_39 - 
	CURRENT_SOURCE:current_source_gm_switch_tb:1	corner	VDD_TEMP_40 - 
	CURRENT_SOURCE:current_source_gm_switch_tb:1	corner	VDD_TEMP_41 - 
	CURRENT_SOURCE:current_source_gm_switch_tb:1	corner	VDD_TEMP_42 - 
	CURRENT_SOURCE:current_source_gm_switch_tb:1	corner	VDD_TEMP_43 - 
	CURRENT_SOURCE:current_source_gm_switch_tb:1	corner	VDD_TEMP_44 - 
	CURRENT_SOURCE:current_source_gm_switch_tb:1	corner	VDD_TEMP_45 - 
	CURRENT_SOURCE:current_source_gm_switch_tb:1	corner	VDD_TEMP_46 - 
	CURRENT_SOURCE:current_source_gm_switch_tb:1	corner	VDD_TEMP_47 - 
	CURRENT_SOURCE:current_source_gm_switch_tb:1	corner	VDD_TEMP_48 - 
	CURRENT_SOURCE:current_source_gm_switch_tb:1	corner	VDD_TEMP_49 - 
	CURRENT_SOURCE:current_source_gm_switch_tb:1	corner	VDD_TEMP_50 - 
	CURRENT_SOURCE:current_source_gm_switch_tb:1	corner	VDD_TEMP_51 - 
	CURRENT_SOURCE:current_source_gm_switch_tb:1	corner	VDD_TEMP_52 - 
	CURRENT_SOURCE:current_source_gm_switch_tb:1	corner	VDD_TEMP_53 - 
	CURRENT_SOURCE:current_source_gm_switch_tb:1	corner	VDD_TEMP_54 - 
	CURRENT_SOURCE:current_source_gm_switch_tb:1	corner	VDD_TEMP_55 - 
	CURRENT_SOURCE:current_source_gm_switch_tb:1	corner	VDD_TEMP_56 - 
	CURRENT_SOURCE:current_source_gm_switch_tb:1	corner	VDD_TEMP_57 - 
	CURRENT_SOURCE:current_source_gm_switch_tb:1	corner	VDD_TEMP_58 - 
	CURRENT_SOURCE:current_source_gm_switch_tb:1	corner	VDD_TEMP_59 - 
	CURRENT_SOURCE:current_source_gm_switch_tb:1	corner	VDD_TEMP_60 - 
	CURRENT_SOURCE:current_source_gm_switch_tb:1	corner	VDD_TEMP_61 - 
	CURRENT_SOURCE:current_source_gm_switch_tb:1	corner	VDD_TEMP_62 - 
	CURRENT_SOURCE:current_source_gm_switch_tb:1	corner	VDD_TEMP_63 - 
	CURRENT_SOURCE:current_source_gm_switch_tb:1	corner	Nominal - 
Design parameters: 
	VDD		3.3
	VDD_AC		0
	VDDH		40

Interactive.21
Number of points completed: 1
Number of simulation errors: 0
Interactive.21 completed. 
Current time: Thu Feb 29 09:57:52 2024 
