Virtuoso Framework License (111) was checked out successfully. Total checkout time was 0.03s.
MPS timeout is set to '60' seconds.

Running simulation in directory: "/home/saul/projects/ASKA/PvsLVS/pulse_generator/".

Loading hnlInit.cxt 
Running Artist Hierarchical Netlisting ...
** Info: PDK loadpath is "/pkg/xfab2/XKIT/xh018/cadence/v9_0/PDK/IC61/v9_0_4"
Loading XfSktTools.cxt
Loading XfMenu.cxt
Loading XfTechXh018.cxt
Loading XfPcellCore.cxt
function ansiSpicePrintProperties_subcircuit redefined
Loading XfSkillExt.cxt
Initializing library.
Finished Initializing Library .
    Generic PcellKit: 'production' loaded.
    Generic Pcell Skill Tools: 'production' loaded.
Loading Circuit Prospector Setup (XfCircuitProspSetup.il)
Loading cdf.cxt 
End netlisting Aug 26 08:46:57 2024

Running simin
MPS timeout is set to '60' seconds.

Running runSim()...


Running runsim with simulator: "auCdl"
Begin simulation:    Aug 26 08:46:57 2024

auCdl netlisting completed
End simulation:      Aug 26 08:46:57 2024
INFO (AUCDL-21): (Analog) CDL netlisting completed successfully.