Starting Single Run, Sweeps and Corners...

Current time: Tue Jun 11 12:16:44 2024 
Best design point: 1
Design specs: 
	oss	corner	PROCESS_OCC_0 - 
	oss	corner	PROCESS_OCC_1 - 
	oss	corner	PROCESS_OCC_2 - 
	oss	corner	PROCESS_OCC_3 - 
	oss	corner	PROCESS_OCC_4 - 
	oss	corner	PROCESS_OCC_5 - 
	oss	corner	PROCESS_OCC_6 - 
	oss	corner	PROCESS_OCC_7 - 
	oss	corner	PROCESS_OCC_8 - 
	oss	corner	PROCESS_OCC_9 - 
	oss	corner	PROCESS_OCC_10 - 
	oss	corner	PROCESS_OCC_11 - 
	oss	corner	PROCESS_OCC_12 - 
	oss	corner	PROCESS_OCC_13 - 
	oss	corner	PROCESS_OCC_14 - 
	oss	corner	PROCESS_OCC_15 - 
	oss	corner	PROCESS_OCC_16 - 
	oss	corner	PROCESS_OCC_17 - 
	oss	corner	PROCESS_OCC_18 - 
	oss	corner	PROCESS_OCC_19 - 
	oss	corner	PROCESS_OCC_20 - 
	oss	corner	PROCESS_OCC_21 - 
	oss	corner	PROCESS_OCC_22 - 
	oss	corner	PROCESS_OCC_23 - 
	oss	corner	PROCESS_OCC_24 - 
	oss	corner	PROCESS_OCC_25 - 
	oss	corner	PROCESS_OCC_26 - 
	oss	corner	PROCESS_OCC_27 - 
	oss	corner	PROCESS_OCC_28 - 
	oss	corner	PROCESS_OCC_29 - 
	oss	corner	PROCESS_OCC_30 - 
	oss	corner	PROCESS_OCC_31 - 
	oss	corner	Nominal - 
Design parameters: 
	RES		100
	VDD3		3.3
	VDD3_PULSE		0
	VDDHV		40
	VDDHV_PULSE		0

Interactive.69
Number of points completed: 1
Number of simulation errors: 0
Interactive.69 completed. 
Current time: Tue Jun 11 12:40:47 2024 
