Starting Single Run, Sweeps and Corners...

Current time: Thu Aug  8 04:22:41 2024 
Best design point: 1
Design specs: 
	only_ELE	corner	PROCESS_0 - 
	only_ELE	corner	PROCESS_1 - 
	only_ELE	corner	PROCESS_2 - 
	only_ELE	corner	PROCESS_3 - 
	only_ELE	corner	PROCESS_4 - 
	only_ELE	corner	PROCESS_5 - 
	only_ELE	corner	PROCESS_6 - 
	only_ELE	corner	PROCESS_7 - 
	only_ELE	corner	PROCESS_8 - 
	only_ELE	corner	PROCESS_9 - 
	only_ELE	corner	PROCESS_10 - 
	only_ELE	corner	PROCESS_11 - 
	only_ELE	corner	PROCESS_12 - 
	only_ELE	corner	PROCESS_13 - 
	only_ELE	corner	PROCESS_14 - 
	only_ELE	corner	PROCESS_15 - 
	only_ELE	corner	PROCESS_16 - 
	only_ELE	corner	PROCESS_17 - 
	only_ELE	corner	PROCESS_18 - 
	only_ELE	corner	PROCESS_19 - 
	only_ELE	corner	PROCESS_20 - 
	only_ELE	corner	PROCESS_21 - 
	only_ELE	corner	PROCESS_22 - 
	only_ELE	corner	PROCESS_23 - 
	only_ELE	corner	PROCESS_24 - 
	only_ELE	corner	PROCESS_25 - 
	only_ELE	corner	PROCESS_26 - 
	only_ELE	corner	PROCESS_27 - 
	only_ELE	corner	PROCESS_28 - 
	only_ELE	corner	PROCESS_29 - 
	only_ELE	corner	PROCESS_30 - 
	only_ELE	corner	PROCESS_31 - 
	only_ELE	corner	Nominal - 
Design parameters: 
	RES		100
	VDD3		3.3
	VDD3_PULSE		0
	VDDHV		40
	VDDHV_PULSE		0
	POR_PULSE		0
	ADDR0		0
	ADDR1		0
	CEX		1p

Interactive.313
Number of points completed: 1
Number of simulation errors: 0
Interactive.313 completed. 
Current time: Thu Aug  8 04:40:00 2024 
