Starting Single Run, Sweeps and Corners...

Current time: Mon Jul  8 11:09:00 2024 
Best design point: 1
Design specs: 
	Stability	corner	VDD_PR_TMP_0 - 
	Stability	corner	VDD_PR_TMP_1 - 
	Stability	corner	VDD_PR_TMP_2 - 
	Stability	corner	VDD_PR_TMP_3 - 
	Stability	corner	VDD_PR_TMP_4 - 
	Stability	corner	VDD_PR_TMP_5 - 
	Stability	corner	VDD_PR_TMP_6 - 
	Stability	corner	VDD_PR_TMP_7 - 
	Stability	corner	VDD_PR_TMP_8 - 
	Stability	corner	VDD_PR_TMP_9 - 
	Stability	corner	VDD_PR_TMP_10 - 
	Stability	corner	VDD_PR_TMP_11 - 
	Stability	corner	VDD_PR_TMP_12 - 
	Stability	corner	VDD_PR_TMP_13 - 
	Stability	corner	VDD_PR_TMP_14 - 
	Stability	corner	VDD_PR_TMP_15 - 
	Stability	corner	VDD_PR_TMP_16 - 
	Stability	corner	VDD_PR_TMP_17 - 
	Stability	corner	VDD_PR_TMP_18 - 
	Stability	corner	VDD_PR_TMP_19 - 
	Stability	corner	VDD_PR_TMP_20 - 
	Stability	corner	VDD_PR_TMP_21 - 
	Stability	corner	VDD_PR_TMP_22 - 
	Stability	corner	VDD_PR_TMP_23 - 
	Stability	corner	VDD_PR_TMP_24 - 
	Stability	corner	VDD_PR_TMP_25 - 
	Stability	corner	VDD_PR_TMP_26 - 
	Stability	corner	VDD_PR_TMP_27 - 
	Stability	corner	VDD_PR_TMP_28 - 
	Stability	corner	VDD_PR_TMP_29 - 
	Stability	corner	VDD_PR_TMP_30 - 
	Stability	corner	VDD_PR_TMP_31 - 
	Stability	corner	VDD_PR_TMP_32 - 
	Stability	corner	VDD_PR_TMP_33 - 
	Stability	corner	VDD_PR_TMP_34 - 
	Stability	corner	VDD_PR_TMP_35 - 
	Stability	corner	VDD_PR_TMP_36 - 
	Stability	corner	VDD_PR_TMP_37 - 
	Stability	corner	VDD_PR_TMP_38 - 
	Stability	corner	VDD_PR_TMP_39 - 
	Stability	corner	VDD_PR_TMP_40 - 
	Stability	corner	VDD_PR_TMP_41 - 
	Stability	corner	VDD_PR_TMP_42 - 
	Stability	corner	VDD_PR_TMP_43 - 
	Stability	corner	VDD_PR_TMP_44 - 
	Stability	corner	VDD_PR_TMP_45 - 
	Stability	corner	VDD_PR_TMP_46 - 
	Stability	corner	VDD_PR_TMP_47 - 
	Stability	corner	VDD_PR_TMP_48 - 
	Stability	corner	VDD_PR_TMP_49 - 
	Stability	corner	VDD_PR_TMP_50 - 
	Stability	corner	VDD_PR_TMP_51 - 
	Stability	corner	VDD_PR_TMP_52 - 
	Stability	corner	VDD_PR_TMP_53 - 
	Stability	corner	VDD_PR_TMP_54 - 
	Stability	corner	VDD_PR_TMP_55 - 
	Stability	corner	VDD_PR_TMP_56 - 
	Stability	corner	VDD_PR_TMP_57 - 
	Stability	corner	VDD_PR_TMP_58 - 
	Stability	corner	VDD_PR_TMP_59 - 
	Stability	corner	VDD_PR_TMP_60 - 
	Stability	corner	VDD_PR_TMP_61 - 
	Stability	corner	VDD_PR_TMP_62 - 
	Stability	corner	VDD_PR_TMP_63 - 
	Stability	corner	Nominal - 
Design parameters: 
	RES		100
	VDD3		3.3
	VDD3_PULSE		0
	VDDHV		40
	VDDHV_PULSE		0
	POR_PULSE		0

Interactive.204
Number of points completed: 1
Number of simulation errors: 0
Interactive.204 completed. 
Current time: Mon Jul  8 11:27:18 2024 
