Starting Single Run, Sweeps and Corners...

Current time: Tue Jun 11 12:10:38 2024 
Best design point: 1
Design specs: 
	oss	corner	PROCESS_0 - 
	oss	corner	PROCESS_1 - 
	oss	corner	PROCESS_2 - 
	oss	corner	PROCESS_3 - 
	oss	corner	PROCESS_4 - 
	oss	corner	PROCESS_5 - 
	oss	corner	PROCESS_6 - 
	oss	corner	PROCESS_7 - 
	oss	corner	PROCESS_8 - 
	oss	corner	PROCESS_9 - 
	oss	corner	PROCESS_10 - 
	oss	corner	PROCESS_11 - 
	oss	corner	PROCESS_12 - 
	oss	corner	PROCESS_13 - 
	oss	corner	PROCESS_14 - 
	oss	corner	PROCESS_15 - 
	oss	corner	PROCESS_16 - 
	oss	corner	PROCESS_17 - 
	oss	corner	PROCESS_18 - 
	oss	corner	PROCESS_19 - 
	oss	corner	PROCESS_20 - 
	oss	corner	PROCESS_21 - 
	oss	corner	PROCESS_22 - 
	oss	corner	PROCESS_23 - 
	oss	corner	PROCESS_24 - 
	oss	corner	PROCESS_25 - 
	oss	corner	PROCESS_26 - 
	oss	corner	PROCESS_27 - 
	oss	corner	PROCESS_28 - 
	oss	corner	PROCESS_29 - 
	oss	corner	PROCESS_30 - 
	oss	corner	PROCESS_31 - 
	oss	corner	Nominal - 
Design parameters: 
	RES		100
	VDD3		3.3
	VDD3_PULSE		0
	VDDHV		40
	VDDHV_PULSE		0

Interactive.68
Number of points completed: 1
Number of simulation errors: 0
Interactive.68 completed. 
Current time: Tue Jun 11 12:13:50 2024 
