Starting Single Run, Sweeps and Corners...

Current time: Sat Jul 27 12:00:03 2024 
Best design point: 1
Design specs: 
	only_ELE	corner	PROCESS_TEMP_0 - 
	only_ELE	corner	PROCESS_TEMP_1 - 
	only_ELE	corner	PROCESS_TEMP_2 - 
	only_ELE	corner	PROCESS_TEMP_3 - 
	only_ELE	corner	PROCESS_TEMP_4 - 
	only_ELE	corner	PROCESS_TEMP_5 - 
	only_ELE	corner	PROCESS_TEMP_6 - 
	only_ELE	corner	PROCESS_TEMP_7 - 
	only_ELE	corner	PROCESS_TEMP_8 - 
	only_ELE	corner	PROCESS_TEMP_9 - 
	only_ELE	corner	PROCESS_TEMP_10 - 
	only_ELE	corner	PROCESS_TEMP_11 - 
	only_ELE	corner	PROCESS_TEMP_12 - 
	only_ELE	corner	PROCESS_TEMP_13 - 
	only_ELE	corner	PROCESS_TEMP_14 - 
	only_ELE	corner	PROCESS_TEMP_15 - 
	only_ELE	corner	PROCESS_TEMP_16 - 
	only_ELE	corner	PROCESS_TEMP_17 - 
	only_ELE	corner	PROCESS_TEMP_18 - 
	only_ELE	corner	PROCESS_TEMP_19 - 
	only_ELE	corner	PROCESS_TEMP_20 - 
	only_ELE	corner	PROCESS_TEMP_21 - 
	only_ELE	corner	PROCESS_TEMP_22 - 
	only_ELE	corner	PROCESS_TEMP_23 - 
	only_ELE	corner	PROCESS_TEMP_24 - 
	only_ELE	corner	PROCESS_TEMP_25 - 
	only_ELE	corner	PROCESS_TEMP_26 - 
	only_ELE	corner	PROCESS_TEMP_27 - 
	only_ELE	corner	PROCESS_TEMP_28 - 
	only_ELE	corner	PROCESS_TEMP_29 - 
	only_ELE	corner	PROCESS_TEMP_30 - 
	only_ELE	corner	PROCESS_TEMP_31 - 
	only_ELE	corner	Nominal - 
Design parameters: 
	RES		100
	VDD3		3.3
	VDD3_PULSE		0
	VDDHV		40
	VDDHV_PULSE		0
	POR_PULSE		0
	ADDR0		0
	ADDR1		0

Interactive.214
Number of points completed: 1
Number of simulation errors: 0
Interactive.214 completed. 
Current time: Sat Jul 27 12:04:10 2024 
