Starting Single Run, Sweeps and Corners...

Current time: Mon Jul  8 10:21:18 2024 
Best design point: 1
Design specs: 
	Stability	corner	PROCESS_0 - 
	Stability	corner	PROCESS_1 - 
	Stability	corner	PROCESS_2 - 
	Stability	corner	PROCESS_3 - 
	Stability	corner	PROCESS_4 - 
	Stability	corner	PROCESS_5 - 
	Stability	corner	PROCESS_6 - 
	Stability	corner	PROCESS_7 - 
	Stability	corner	PROCESS_8 - 
	Stability	corner	PROCESS_9 - 
	Stability	corner	PROCESS_10 - 
	Stability	corner	PROCESS_11 - 
	Stability	corner	PROCESS_12 - 
	Stability	corner	PROCESS_13 - 
	Stability	corner	PROCESS_14 - 
	Stability	corner	PROCESS_15 - 
	Stability	corner	PROCESS_16 - 
	Stability	corner	PROCESS_17 - 
	Stability	corner	PROCESS_18 - 
	Stability	corner	PROCESS_19 - 
	Stability	corner	PROCESS_20 - 
	Stability	corner	PROCESS_21 - 
	Stability	corner	PROCESS_22 - 
	Stability	corner	PROCESS_23 - 
	Stability	corner	PROCESS_24 - 
	Stability	corner	PROCESS_25 - 
	Stability	corner	PROCESS_26 - 
	Stability	corner	PROCESS_27 - 
	Stability	corner	PROCESS_28 - 
	Stability	corner	PROCESS_29 - 
	Stability	corner	PROCESS_30 - 
	Stability	corner	PROCESS_31 - 
	Stability	corner	Nominal - 
Design parameters: 
	RES		100
	VDD3		3.3
	VDD3_PULSE		0
	VDDHV		40
	VDDHV_PULSE		0
	POR_PULSE		0

Interactive.196
Number of points completed: 1
Number of simulation errors: 0
Interactive.196 completed. 
Current time: Mon Jul  8 10:26:09 2024 
