Starting Single Run, Sweeps and Corners...

Current time: Wed May 15 09:14:57 2024 
Best design point: 1
Design specs: 
	Corner	corner	PROCESS_BIP_TMP_0 - 
	Corner	corner	PROCESS_BIP_TMP_1 - 
	Corner	corner	PROCESS_BIP_TMP_2 - 
	Corner	corner	PROCESS_BIP_TMP_3 - 
	Corner	corner	PROCESS_BIP_TMP_4 - 
	Corner	corner	PROCESS_BIP_TMP_5 - 
	Corner	corner	PROCESS_BIP_TMP_6 - 
	Corner	corner	PROCESS_BIP_TMP_7 - 
	Corner	corner	PROCESS_BIP_TMP_8 - 
	Corner	corner	PROCESS_BIP_TMP_9 - 
	Corner	corner	PROCESS_BIP_TMP_10 - 
	Corner	corner	PROCESS_BIP_TMP_11 - 
	Corner	corner	PROCESS_BIP_TMP_12 - 
	Corner	corner	PROCESS_BIP_TMP_13 - 
	Corner	corner	PROCESS_BIP_TMP_14 - 
	Corner	corner	PROCESS_BIP_TMP_15 - 
	Corner	corner	PROCESS_BIP_TMP_16 - 
	Corner	corner	PROCESS_BIP_TMP_17 - 
	Corner	corner	PROCESS_BIP_TMP_18 - 
	Corner	corner	PROCESS_BIP_TMP_19 - 
	Corner	corner	PROCESS_BIP_TMP_20 - 
	Corner	corner	PROCESS_BIP_TMP_21 - 
	Corner	corner	PROCESS_BIP_TMP_22 - 
	Corner	corner	PROCESS_BIP_TMP_23 - 
	Corner	corner	PROCESS_BIP_TMP_24 - 
	Corner	corner	PROCESS_BIP_TMP_25 - 
	Corner	corner	PROCESS_BIP_TMP_26 - 
	Corner	corner	PROCESS_BIP_TMP_27 - 
	Corner	corner	PROCESS_BIP_TMP_28 - 
	Corner	corner	PROCESS_BIP_TMP_29 - 
	Corner	corner	PROCESS_BIP_TMP_30 - 
	Corner	corner	PROCESS_BIP_TMP_31 - 
	Corner	corner	PROCESS_BIP_TMP_32 - 
	Corner	corner	PROCESS_BIP_TMP_33 - 
	Corner	corner	PROCESS_BIP_TMP_34 - 
	Corner	corner	PROCESS_BIP_TMP_35 - 
	Corner	corner	PROCESS_BIP_TMP_36 - 
	Corner	corner	PROCESS_BIP_TMP_37 - 
	Corner	corner	PROCESS_BIP_TMP_38 - 
	Corner	corner	PROCESS_BIP_TMP_39 - 
	Corner	corner	PROCESS_BIP_TMP_40 - 
	Corner	corner	PROCESS_BIP_TMP_41 - 
	Corner	corner	PROCESS_BIP_TMP_42 - 
	Corner	corner	PROCESS_BIP_TMP_43 - 
	Corner	corner	PROCESS_BIP_TMP_44 - 
	Corner	corner	PROCESS_BIP_TMP_45 - 
	Corner	corner	PROCESS_BIP_TMP_46 - 
	Corner	corner	PROCESS_BIP_TMP_47 - 
	Corner	corner	PROCESS_BIP_TMP_48 - 
	Corner	corner	PROCESS_BIP_TMP_49 - 
	Corner	corner	PROCESS_BIP_TMP_50 - 
	Corner	corner	PROCESS_BIP_TMP_51 - 
	Corner	corner	PROCESS_BIP_TMP_52 - 
	Corner	corner	PROCESS_BIP_TMP_53 - 
	Corner	corner	PROCESS_BIP_TMP_54 - 
	Corner	corner	PROCESS_BIP_TMP_55 - 
	Corner	corner	PROCESS_BIP_TMP_56 - 
	Corner	corner	PROCESS_BIP_TMP_57 - 
	Corner	corner	PROCESS_BIP_TMP_58 - 
	Corner	corner	PROCESS_BIP_TMP_59 - 
	Corner	corner	PROCESS_BIP_TMP_60 - 
	Corner	corner	PROCESS_BIP_TMP_61 - 
	Corner	corner	PROCESS_BIP_TMP_62 - 
	Corner	corner	PROCESS_BIP_TMP_63 - 
	Corner	corner	Nominal - 
Design parameters: 
	VDD3		0
	VDD_PULSE		3.3
	VDD_RT		100u
	VDD_BOR		-400m

Interactive.208
Number of points completed: 1
Number of simulation errors: 0
Interactive.208 completed. 
Current time: Wed May 15 09:15:29 2024 
