Virtuoso Framework License (111) was checked out successfully. Total checkout time was 0.04s.
********************************************************************************
Product   : Virtuoso(R) XStream Out
Program   : @(#)$CDS: strmout version 6.1.8-64b 01/30/2024 20:01 (cpgbld02) $
          : sub-version  IC6.1.8-64b.500.35 
Started at: 16-Oct-2024  15:18:00
User Name : saul
Host Name : s2424
Directory : /home/saul/projects/ASKA
CADENCE Design Systems, Inc.
********************************************************************************
Info: Cellview Rev Num:99,  Tech Rev Num:59

WARNING (XSTRM-20): Output Stream file '/home/saul/projects/ASKA/PvsLVS/aska_top_16ele_v2_TOP/aska_top_16ele_v2_TOP.gds' already exists. It will be overwritten.
INFO (XSTRM-217): Reading the layer map file, /home/saul/projects/ASKA/.xkit/setup/xh018/cadence/PDK/TECH_XH018_1143/strmInOut.layertable
INFO (XSTRM-217): Reading the object map file, /home/saul/projects/ASKA/.xkit/setup/xh018/cadence/PDK/TECH_XH018_1143/strmOutObjects.map
INFO (XSTRM-162): You have not used the '-viaMap' option. If the OpenAccess design has native oaVia instances, use the '-viaMap' option for preserving oaVia instances in a XStream Out - XStream In round trip. Using the '-viaMap' option improves performance and VM usage of applications using the Streamed-In design.

Summary of Options :
library                                 TO_TEST_24_10_16
strmFile                                /home/saul/projects/ASKA/PvsLVS/aska_top_16ele_v2_TOP/aska_top_16ele_v2_TOP.gds
topCell                                 aska_top_16ele_v2_TOP
view                                    layout
runDir                                  /home/saul/projects/ASKA/PvsLVS/aska_top_16ele_v2_TOP
logFile                                 /home/saul/projects/ASKA/PvsLVS/aska_top_16ele_v2_TOP/PIPO1.LOG
techLib                                 TECH_XH018
hierDepth                               32
maxVertices                             2048
layerMap                                /home/saul/projects/ASKA/.xkit/setup/xh018/cadence/PDK/TECH_XH018_1143/strmInOut.layertable
objectMap                                /home/saul/projects/ASKA/.xkit/setup/xh018/cadence/PDK/TECH_XH018_1143/strmOutObjects.map
userSkillFile                           /home/saul/projects/ASKA/PvsLVS/aska_top_16ele_v2_TOP/strmout.il
labelDepth                              32
case                                    Preserve
convertDot                              node
convertPin                              geometryAndText

INFO (XSTRM-223): 1. Translating cellView TO_TEST_24_10_16/nedia_CDNS_729084393830/layout as STRUCTURE nedia_CDNS_729084393830.
INFO (XSTRM-223): 2. Translating cellView TO_TEST_24_10_16/ped_CDNS_729084393831/layout as STRUCTURE ped_CDNS_729084393831.
INFO (XSTRM-223): 3. Translating cellView TO_TEST_24_10_16/nedia_CDNS_729084393832/layout as STRUCTURE nedia_CDNS_729084393832.
INFO (XSTRM-223): 4. Translating cellView TO_TEST_24_10_16/ne3_CDNS_729084393833/layout as STRUCTURE ne3_CDNS_729084393833.
INFO (XSTRM-223): 5. Translating cellView TO_TEST_24_10_16/PowerMetal_CDNS_729084393834/layout as STRUCTURE PowerMetal_CDNS_729084393834.
INFO (XSTRM-223): 6. Translating cellView TO_TEST_24_10_16/rpp1k1_3_CDNS_729084393835/layout as STRUCTURE rpp1k1_3_CDNS_729084393835.
INFO (XSTRM-223): 7. Translating cellView TO_TEST_24_10_16/dsba_CDNS_729084393836/layout as STRUCTURE dsba_CDNS_729084393836.
INFO (XSTRM-223): 8. Translating cellView TO_TEST_24_10_16/csf4a/layout as STRUCTURE csf4a.
INFO (XSTRM-223): 9. Translating cellView TO_TEST_24_10_16/dpp20_CDNS_729084393837/layout as STRUCTURE dpp20_CDNS_729084393837.
INFO (XSTRM-223): 10. Translating cellView TO_TEST_24_10_16/rpp1k1_3_CDNS_729084393838/layout as STRUCTURE rpp1k1_3_CDNS_729084393838.
INFO (XSTRM-223): 11. Translating cellView TO_TEST_24_10_16/pe3_CDNS_729084393839/layout as STRUCTURE pe3_CDNS_729084393839.
INFO (XSTRM-223): 12. Translating cellView TO_TEST_24_10_16/PowerMetal_CDNS_7290843938310/layout as STRUCTURE PowerMetal_CDNS_7290843938310.
INFO (XSTRM-223): 13. Translating cellView TO_TEST_24_10_16/VIA1_C_CDNS_72908439383115/layout as STRUCTURE VIA1_C_CDNS_72908439383115.
INFO (XSTRM-223): 14. Translating cellView TO_TEST_24_10_16/VIA1_C_CDNS_72908439383116/layout as STRUCTURE VIA1_C_CDNS_72908439383116.
INFO (XSTRM-223): 15. Translating cellView TO_TEST_24_10_16/VIA1_C_CDNS_72908439383117/layout as STRUCTURE VIA1_C_CDNS_72908439383117.
INFO (XSTRM-223): 16. Translating cellView TO_TEST_24_10_16/VIA1_C_CDNS_72908439383118/layout as STRUCTURE VIA1_C_CDNS_72908439383118.
INFO (XSTRM-223): 17. Translating cellView TO_TEST_24_10_16/VIA1_C_CDNS_72908439383119/layout as STRUCTURE VIA1_C_CDNS_72908439383119.
INFO (XSTRM-223): 18. Translating cellView TO_TEST_24_10_16/VIA2_C_CDNS_72908439383120/layout as STRUCTURE VIA2_C_CDNS_72908439383120.
INFO (XSTRM-223): 19. Translating cellView TO_TEST_24_10_16/VIA2_C_CDNS_72908439383121/layout as STRUCTURE VIA2_C_CDNS_72908439383121.
INFO (XSTRM-223): 20. Translating cellView TO_TEST_24_10_16/VIA1_C_CDNS_72908439383122/layout as STRUCTURE VIA1_C_CDNS_72908439383122.
INFO (XSTRM-223): 21. Translating cellView TO_TEST_24_10_16/VIA1_C_CDNS_72908439383123/layout as STRUCTURE VIA1_C_CDNS_72908439383123.
INFO (XSTRM-223): 22. Translating cellView TO_TEST_24_10_16/VIA1_C_CDNS_72908439383124/layout as STRUCTURE VIA1_C_CDNS_72908439383124.
INFO (XSTRM-223): 23. Translating cellView TO_TEST_24_10_16/VIA1_C_CDNS_72908439383125/layout as STRUCTURE VIA1_C_CDNS_72908439383125.
INFO (XSTRM-223): 24. Translating cellView TO_TEST_24_10_16/VIA1_C_CDNS_72908439383126/layout as STRUCTURE VIA1_C_CDNS_72908439383126.
INFO (XSTRM-223): 25. Translating cellView TO_TEST_24_10_16/VIA2_C_CDNS_72908439383127/layout as STRUCTURE VIA2_C_CDNS_72908439383127.
INFO (XSTRM-223): 26. Translating cellView TO_TEST_24_10_16/VIA1_C_CDNS_72908439383128/layout as STRUCTURE VIA1_C_CDNS_72908439383128.
INFO (XSTRM-223): 27. Translating cellView TO_TEST_24_10_16/VIA1_C_CDNS_72908439383129/layout as STRUCTURE VIA1_C_CDNS_72908439383129.
INFO (XSTRM-223): 28. Translating cellView TO_TEST_24_10_16/VIATP_C_CDNS_72908439383130/layout as STRUCTURE VIATP_C_CDNS_72908439383130.
INFO (XSTRM-223): 29. Translating cellView TO_TEST_24_10_16/VIA2_C_CDNS_72908439383131/layout as STRUCTURE VIA2_C_CDNS_72908439383131.
INFO (XSTRM-223): 30. Translating cellView TO_TEST_24_10_16/VIA3_C_CDNS_72908439383132/layout as STRUCTURE VIA3_C_CDNS_72908439383132.
INFO (XSTRM-223): 31. Translating cellView TO_TEST_24_10_16/VIATP_C_CDNS_72908439383133/layout as STRUCTURE VIATP_C_CDNS_72908439383133.
INFO (XSTRM-223): 32. Translating cellView TO_TEST_24_10_16/VIATP_C_CDNS_72908439383134/layout as STRUCTURE VIATP_C_CDNS_72908439383134.
INFO (XSTRM-223): 33. Translating cellView TO_TEST_24_10_16/VIA2_C_CDNS_72908439383135/layout as STRUCTURE VIA2_C_CDNS_72908439383135.
INFO (XSTRM-223): 34. Translating cellView TO_TEST_24_10_16/VIA2_C_CDNS_72908439383136/layout as STRUCTURE VIA2_C_CDNS_72908439383136.
INFO (XSTRM-223): 35. Translating cellView TO_TEST_24_10_16/VIA3_C_CDNS_72908439383137/layout as STRUCTURE VIA3_C_CDNS_72908439383137.
INFO (XSTRM-223): 36. Translating cellView TO_TEST_24_10_16/VIA3_C_CDNS_72908439383138/layout as STRUCTURE VIA3_C_CDNS_72908439383138.
INFO (XSTRM-223): 37. Translating cellView TO_TEST_24_10_16/VIATP_C_CDNS_72908439383139/layout as STRUCTURE VIATP_C_CDNS_72908439383139.
INFO (XSTRM-223): 38. Translating cellView TO_TEST_24_10_16/VIA3_C_CDNS_72908439383140/layout as STRUCTURE VIA3_C_CDNS_72908439383140.
INFO (XSTRM-223): 39. Translating cellView TO_TEST_24_10_16/VIA3_C_CDNS_72908439383141/layout as STRUCTURE VIA3_C_CDNS_72908439383141.
INFO (XSTRM-223): 40. Translating cellView TO_TEST_24_10_16/VIA3_C_CDNS_72908439383142/layout as STRUCTURE VIA3_C_CDNS_72908439383142.
INFO (XSTRM-223): 41. Translating cellView TO_TEST_24_10_16/VIA3_C_CDNS_72908439383143/layout as STRUCTURE VIA3_C_CDNS_72908439383143.
INFO (XSTRM-223): 42. Translating cellView TO_TEST_24_10_16/VIA3_C_CDNS_72908439383144/layout as STRUCTURE VIA3_C_CDNS_72908439383144.
INFO (XSTRM-223): 43. Translating cellView TO_TEST_24_10_16/VIA3_C_CDNS_72908439383145/layout as STRUCTURE VIA3_C_CDNS_72908439383145.
INFO (XSTRM-223): 44. Translating cellView TO_TEST_24_10_16/VIATP_C_CDNS_72908439383146/layout as STRUCTURE VIATP_C_CDNS_72908439383146.
INFO (XSTRM-223): 45. Translating cellView TO_TEST_24_10_16/VIATP_C_CDNS_72908439383147/layout as STRUCTURE VIATP_C_CDNS_72908439383147.
INFO (XSTRM-223): 46. Translating cellView TO_TEST_24_10_16/VIATP_C_CDNS_72908439383148/layout as STRUCTURE VIATP_C_CDNS_72908439383148.
INFO (XSTRM-223): 47. Translating cellView TO_TEST_24_10_16/VIATP_C_CDNS_72908439383149/layout as STRUCTURE VIATP_C_CDNS_72908439383149.
INFO (XSTRM-223): 48. Translating cellView TO_TEST_24_10_16/VIATP_C_CDNS_72908439383150/layout as STRUCTURE VIATP_C_CDNS_72908439383150.
INFO (XSTRM-223): 49. Translating cellView TO_TEST_24_10_16/VIATP_C_CDNS_72908439383151/layout as STRUCTURE VIATP_C_CDNS_72908439383151.
INFO (XSTRM-223): 50. Translating cellView TO_TEST_24_10_16/VIATP_C_CDNS_72908439383152/layout as STRUCTURE VIATP_C_CDNS_72908439383152.
INFO (XSTRM-223): 51. Translating cellView TO_TEST_24_10_16/VIATP_C_CDNS_72908439383153/layout as STRUCTURE VIATP_C_CDNS_72908439383153.
INFO (XSTRM-223): 52. Translating cellView TO_TEST_24_10_16/VIATP_C_CDNS_72908439383154/layout as STRUCTURE VIATP_C_CDNS_72908439383154.
INFO (XSTRM-223): 53. Translating cellView TO_TEST_24_10_16/VIATP_C_CDNS_72908439383155/layout as STRUCTURE VIATP_C_CDNS_72908439383155.
INFO (XSTRM-223): 54. Translating cellView TO_TEST_24_10_16/VIATP_C_CDNS_72908439383156/layout as STRUCTURE VIATP_C_CDNS_72908439383156.
INFO (XSTRM-223): 55. Translating cellView TO_TEST_24_10_16/VIATP_C_CDNS_72908439383157/layout as STRUCTURE VIATP_C_CDNS_72908439383157.
INFO (XSTRM-223): 56. Translating cellView TO_TEST_24_10_16/VIATP_C_CDNS_72908439383158/layout as STRUCTURE VIATP_C_CDNS_72908439383158.
INFO (XSTRM-223): 57. Translating cellView TO_TEST_24_10_16/VIATP_C_CDNS_72908439383159/layout as STRUCTURE VIATP_C_CDNS_72908439383159.
INFO (XSTRM-223): 58. Translating cellView TO_TEST_24_10_16/VIATP_C_CDNS_72908439383160/layout as STRUCTURE VIATP_C_CDNS_72908439383160.
INFO (XSTRM-223): 59. Translating cellView TO_TEST_24_10_16/VIATP_C_CDNS_72908439383161/layout as STRUCTURE VIATP_C_CDNS_72908439383161.
INFO (XSTRM-223): 60. Translating cellView TO_TEST_24_10_16/VIATP_C_CDNS_72908439383162/layout as STRUCTURE VIATP_C_CDNS_72908439383162.
INFO (XSTRM-223): 61. Translating cellView TO_TEST_24_10_16/VIATP_C_CDNS_72908439383163/layout as STRUCTURE VIATP_C_CDNS_72908439383163.
INFO (XSTRM-223): 62. Translating cellView TO_TEST_24_10_16/VIATP_C_CDNS_72908439383164/layout as STRUCTURE VIATP_C_CDNS_72908439383164.
INFO (XSTRM-223): 63. Translating cellView TO_TEST_24_10_16/VIATP_C_CDNS_72908439383165/layout as STRUCTURE VIATP_C_CDNS_72908439383165.
INFO (XSTRM-223): 64. Translating cellView TO_TEST_24_10_16/VIATP_C_CDNS_72908439383166/layout as STRUCTURE VIATP_C_CDNS_72908439383166.
INFO (XSTRM-223): 65. Translating cellView TO_TEST_24_10_16/VIATP_C_CDNS_72908439383167/layout as STRUCTURE VIATP_C_CDNS_72908439383167.
INFO (XSTRM-223): 66. Translating cellView TO_TEST_24_10_16/VIATP_C_CDNS_72908439383168/layout as STRUCTURE VIATP_C_CDNS_72908439383168.
INFO (XSTRM-223): 67. Translating cellView TO_TEST_24_10_16/VIATP_C_CDNS_72908439383169/layout as STRUCTURE VIATP_C_CDNS_72908439383169.
INFO (XSTRM-223): 68. Translating cellView TO_TEST_24_10_16/VIATP_C_CDNS_72908439383170/layout as STRUCTURE VIATP_C_CDNS_72908439383170.
INFO (XSTRM-223): 69. Translating cellView TO_TEST_24_10_16/VIATP_C_CDNS_72908439383171/layout as STRUCTURE VIATP_C_CDNS_72908439383171.
INFO (XSTRM-223): 70. Translating cellView TO_TEST_24_10_16/VIA1_C_CDNS_72908439383172/layout as STRUCTURE VIA1_C_CDNS_72908439383172.
INFO (XSTRM-223): 71. Translating cellView TO_TEST_24_10_16/hvswitch8/layout as STRUCTURE hvswitch8.
INFO (XSTRM-223): 72. Translating cellView TO_TEST_24_10_16/hbridge_4x/layout as STRUCTURE hbridge_4x.
INFO (XSTRM-223): 73. Translating cellView TO_TEST_24_10_16/ne3_CDNS_7290843938311/layout as STRUCTURE ne3_CDNS_7290843938311.
INFO (XSTRM-223): 74. Translating cellView TO_TEST_24_10_16/nedia_CDNS_7290843938312/layout as STRUCTURE nedia_CDNS_7290843938312.
INFO (XSTRM-223): 75. Translating cellView TO_TEST_24_10_16/ne3_CDNS_7290843938313/layout as STRUCTURE ne3_CDNS_7290843938313.
INFO (XSTRM-223): 76. Translating cellView TO_TEST_24_10_16/rpp1k1_3_CDNS_7290843938314/layout as STRUCTURE rpp1k1_3_CDNS_7290843938314.
INFO (XSTRM-223): 77. Translating cellView TO_TEST_24_10_16/nedia_CDNS_7290843938315/layout as STRUCTURE nedia_CDNS_7290843938315.
INFO (XSTRM-223): 78. Translating cellView TO_TEST_24_10_16/ne3_CDNS_7290843938316/layout as STRUCTURE ne3_CDNS_7290843938316.
INFO (XSTRM-223): 79. Translating cellView TO_TEST_24_10_16/pe3_CDNS_7290843938317/layout as STRUCTURE pe3_CDNS_7290843938317.
INFO (XSTRM-223): 80. Translating cellView TO_TEST_24_10_16/pe3_CDNS_7290843938318/layout as STRUCTURE pe3_CDNS_7290843938318.
INFO (XSTRM-223): 81. Translating cellView TO_TEST_24_10_16/rpp1k1_3_CDNS_7290843938319/layout as STRUCTURE rpp1k1_3_CDNS_7290843938319.
INFO (XSTRM-223): 82. Translating cellView TO_TEST_24_10_16/PowerMetal_CDNS_7290843938320/layout as STRUCTURE PowerMetal_CDNS_7290843938320.
INFO (XSTRM-223): 83. Translating cellView TO_TEST_24_10_16/cmm5t_CDNS_7290843938321/layout as STRUCTURE cmm5t_CDNS_7290843938321.
INFO (XSTRM-223): 84. Translating cellView TO_TEST_24_10_16/pe3_CDNS_7290843938322/layout as STRUCTURE pe3_CDNS_7290843938322.
INFO (XSTRM-223): 85. Translating cellView TO_TEST_24_10_16/ne3_CDNS_7290843938323/layout as STRUCTURE ne3_CDNS_7290843938323.
INFO (XSTRM-223): 86. Translating cellView TO_TEST_24_10_16/ne3_CDNS_7290843938324/layout as STRUCTURE ne3_CDNS_7290843938324.
INFO (XSTRM-223): 87. Translating cellView TO_TEST_24_10_16/pe3_CDNS_7290843938325/layout as STRUCTURE pe3_CDNS_7290843938325.
INFO (XSTRM-223): 88. Translating cellView TO_TEST_24_10_16/rpp1k1_3_CDNS_7290843938326/layout as STRUCTURE rpp1k1_3_CDNS_7290843938326.
INFO (XSTRM-223): 89. Translating cellView TO_TEST_24_10_16/rpp1k1_3_CDNS_7290843938327/layout as STRUCTURE rpp1k1_3_CDNS_7290843938327.
INFO (XSTRM-223): 90. Translating cellView TO_TEST_24_10_16/rpp1k1_3_CDNS_7290843938328/layout as STRUCTURE rpp1k1_3_CDNS_7290843938328.
INFO (XSTRM-223): 91. Translating cellView TO_TEST_24_10_16/ne3_CDNS_7290843938329/layout as STRUCTURE ne3_CDNS_7290843938329.
INFO (XSTRM-223): 92. Translating cellView TO_TEST_24_10_16/PowerMetal_CDNS_7290843938330/layout as STRUCTURE PowerMetal_CDNS_7290843938330.
INFO (XSTRM-223): 93. Translating cellView TO_TEST_24_10_16/mosvc3_CDNS_7290843938331/layout as STRUCTURE mosvc3_CDNS_7290843938331.
INFO (XSTRM-223): 94. Translating cellView TO_TEST_24_10_16/VIA1_C_CDNS_72908439383177/layout as STRUCTURE VIA1_C_CDNS_72908439383177.
INFO (XSTRM-223): 95. Translating cellView TO_TEST_24_10_16/VIA1_C_CDNS_72908439383178/layout as STRUCTURE VIA1_C_CDNS_72908439383178.
INFO (XSTRM-223): 96. Translating cellView TO_TEST_24_10_16/VIA1_C_CDNS_72908439383179/layout as STRUCTURE VIA1_C_CDNS_72908439383179.
INFO (XSTRM-223): 97. Translating cellView TO_TEST_24_10_16/VIA2_C_CDNS_72908439383180/layout as STRUCTURE VIA2_C_CDNS_72908439383180.
INFO (XSTRM-223): 98. Translating cellView TO_TEST_24_10_16/VIA2_C_CDNS_72908439383181/layout as STRUCTURE VIA2_C_CDNS_72908439383181.
INFO (XSTRM-223): 99. Translating cellView TO_TEST_24_10_16/VIA2_C_CDNS_72908439383182/layout as STRUCTURE VIA2_C_CDNS_72908439383182.
INFO (XSTRM-223): 100. Translating cellView TO_TEST_24_10_16/VIA1_C_CDNS_72908439383183/layout as STRUCTURE VIA1_C_CDNS_72908439383183.
INFO (XSTRM-223): 101. Translating cellView TO_TEST_24_10_16/VIA1_C_CDNS_72908439383184/layout as STRUCTURE VIA1_C_CDNS_72908439383184.
INFO (XSTRM-223): 102. Translating cellView TO_TEST_24_10_16/VIA1_C_CDNS_72908439383185/layout as STRUCTURE VIA1_C_CDNS_72908439383185.
INFO (XSTRM-223): 103. Translating cellView TO_TEST_24_10_16/VIA1_C_CDNS_72908439383186/layout as STRUCTURE VIA1_C_CDNS_72908439383186.
INFO (XSTRM-223): 104. Translating cellView TO_TEST_24_10_16/VIA1_C_CDNS_72908439383187/layout as STRUCTURE VIA1_C_CDNS_72908439383187.
INFO (XSTRM-223): 105. Translating cellView TO_TEST_24_10_16/ND_C_CDNS_72908439383188/layout as STRUCTURE ND_C_CDNS_72908439383188.
INFO (XSTRM-223): 106. Translating cellView TO_TEST_24_10_16/VIA2_C_CDNS_72908439383189/layout as STRUCTURE VIA2_C_CDNS_72908439383189.
INFO (XSTRM-223): 107. Translating cellView TO_TEST_24_10_16/VIA1_C_CDNS_72908439383190/layout as STRUCTURE VIA1_C_CDNS_72908439383190.
INFO (XSTRM-223): 108. Translating cellView TO_TEST_24_10_16/VIA1_C_CDNS_72908439383191/layout as STRUCTURE VIA1_C_CDNS_72908439383191.
INFO (XSTRM-223): 109. Translating cellView TO_TEST_24_10_16/VIA1_C_CDNS_72908439383192/layout as STRUCTURE VIA1_C_CDNS_72908439383192.
INFO (XSTRM-223): 110. Translating cellView TO_TEST_24_10_16/VIA2_C_CDNS_72908439383193/layout as STRUCTURE VIA2_C_CDNS_72908439383193.
INFO (XSTRM-223): 111. Translating cellView TO_TEST_24_10_16/VIA1_C_CDNS_72908439383194/layout as STRUCTURE VIA1_C_CDNS_72908439383194.
INFO (XSTRM-223): 112. Translating cellView TO_TEST_24_10_16/VIA1_C_CDNS_72908439383195/layout as STRUCTURE VIA1_C_CDNS_72908439383195.
INFO (XSTRM-223): 113. Translating cellView TO_TEST_24_10_16/VIA2_C_CDNS_72908439383196/layout as STRUCTURE VIA2_C_CDNS_72908439383196.
INFO (XSTRM-223): 114. Translating cellView TO_TEST_24_10_16/VIA2_C_CDNS_72908439383197/layout as STRUCTURE VIA2_C_CDNS_72908439383197.
INFO (XSTRM-223): 115. Translating cellView TO_TEST_24_10_16/VIA2_C_CDNS_72908439383198/layout as STRUCTURE VIA2_C_CDNS_72908439383198.
INFO (XSTRM-223): 116. Translating cellView TO_TEST_24_10_16/VIA1_C_CDNS_72908439383199/layout as STRUCTURE VIA1_C_CDNS_72908439383199.
INFO (XSTRM-223): 117. Translating cellView TO_TEST_24_10_16/VIA3_C_CDNS_72908439383200/layout as STRUCTURE VIA3_C_CDNS_72908439383200.
INFO (XSTRM-223): 118. Translating cellView TO_TEST_24_10_16/VIA3_C_CDNS_72908439383201/layout as STRUCTURE VIA3_C_CDNS_72908439383201.
INFO (XSTRM-223): 119. Translating cellView TO_TEST_24_10_16/VIA2_C_CDNS_72908439383202/layout as STRUCTURE VIA2_C_CDNS_72908439383202.
INFO (XSTRM-223): 120. Translating cellView TO_TEST_24_10_16/VIATP_C_CDNS_72908439383203/layout as STRUCTURE VIATP_C_CDNS_72908439383203.
INFO (XSTRM-223): 121. Translating cellView TO_TEST_24_10_16/VIA3_C_CDNS_72908439383204/layout as STRUCTURE VIA3_C_CDNS_72908439383204.
INFO (XSTRM-223): 122. Translating cellView TO_TEST_24_10_16/VIA3_C_CDNS_72908439383205/layout as STRUCTURE VIA3_C_CDNS_72908439383205.
INFO (XSTRM-223): 123. Translating cellView TO_TEST_24_10_16/VIA2_C_CDNS_72908439383206/layout as STRUCTURE VIA2_C_CDNS_72908439383206.
INFO (XSTRM-223): 124. Translating cellView TO_TEST_24_10_16/VIA1_C_CDNS_72908439383207/layout as STRUCTURE VIA1_C_CDNS_72908439383207.
INFO (XSTRM-223): 125. Translating cellView TO_TEST_24_10_16/VIA3_C_CDNS_72908439383208/layout as STRUCTURE VIA3_C_CDNS_72908439383208.
INFO (XSTRM-223): 126. Translating cellView TO_TEST_24_10_16/VIA1_C_CDNS_72908439383209/layout as STRUCTURE VIA1_C_CDNS_72908439383209.
INFO (XSTRM-223): 127. Translating cellView TO_TEST_24_10_16/VIA1_C_CDNS_72908439383210/layout as STRUCTURE VIA1_C_CDNS_72908439383210.
INFO (XSTRM-223): 128. Translating cellView TO_TEST_24_10_16/VIA1_C_CDNS_72908439383211/layout as STRUCTURE VIA1_C_CDNS_72908439383211.
INFO (XSTRM-223): 129. Translating cellView TO_TEST_24_10_16/VIA2_C_CDNS_72908439383212/layout as STRUCTURE VIA2_C_CDNS_72908439383212.
INFO (XSTRM-223): 130. Translating cellView TO_TEST_24_10_16/VIA1_C_CDNS_72908439383213/layout as STRUCTURE VIA1_C_CDNS_72908439383213.
INFO (XSTRM-223): 131. Translating cellView TO_TEST_24_10_16/VIA2_C_CDNS_7290843938365/layout as STRUCTURE VIA2_C_CDNS_7290843938365.
INFO (XSTRM-223): 132. Translating cellView TO_TEST_24_10_16/VIATP_C_CDNS_72908439383214/layout as STRUCTURE VIATP_C_CDNS_72908439383214.
INFO (XSTRM-223): 133. Translating cellView TO_TEST_24_10_16/VIATP_C_CDNS_72908439383215/layout as STRUCTURE VIATP_C_CDNS_72908439383215.
INFO (XSTRM-223): 134. Translating cellView TO_TEST_24_10_16/VIATP_C_CDNS_72908439383216/layout as STRUCTURE VIATP_C_CDNS_72908439383216.
INFO (XSTRM-223): 135. Translating cellView TO_TEST_24_10_16/VIATP_C_CDNS_72908439383217/layout as STRUCTURE VIATP_C_CDNS_72908439383217.
INFO (XSTRM-223): 136. Translating cellView TO_TEST_24_10_16/VIATP_C_CDNS_72908439383218/layout as STRUCTURE VIATP_C_CDNS_72908439383218.
INFO (XSTRM-223): 137. Translating cellView TO_TEST_24_10_16/VIA3_C_CDNS_72908439383219/layout as STRUCTURE VIA3_C_CDNS_72908439383219.
INFO (XSTRM-223): 138. Translating cellView TO_TEST_24_10_16/VIA1_C_CDNS_72908439383220/layout as STRUCTURE VIA1_C_CDNS_72908439383220.
INFO (XSTRM-223): 139. Translating cellView TO_TEST_24_10_16/VIA3_C_CDNS_72908439383221/layout as STRUCTURE VIA3_C_CDNS_72908439383221.
INFO (XSTRM-223): 140. Translating cellView TO_TEST_24_10_16/VIA2_C_CDNS_72908439383222/layout as STRUCTURE VIA2_C_CDNS_72908439383222.
INFO (XSTRM-223): 141. Translating cellView TO_TEST_24_10_16/VIA1_C_CDNS_72908439383223/layout as STRUCTURE VIA1_C_CDNS_72908439383223.
INFO (XSTRM-223): 142. Translating cellView TO_TEST_24_10_16/VIA1_C_CDNS_72908439383224/layout as STRUCTURE VIA1_C_CDNS_72908439383224.
INFO (XSTRM-223): 143. Translating cellView TO_TEST_24_10_16/VIA3_C_CDNS_7290843938329/layout as STRUCTURE VIA3_C_CDNS_7290843938329.
INFO (XSTRM-223): 144. Translating cellView TO_TEST_24_10_16/VIA2_C_CDNS_72908439383225/layout as STRUCTURE VIA2_C_CDNS_72908439383225.
INFO (XSTRM-223): 145. Translating cellView TO_TEST_24_10_16/current_source_gm_10_en_r/layout as STRUCTURE current_source_gm_10_en_r.
INFO (XSTRM-223): 146. Translating cellView TO_TEST_24_10_16/mosvc3_CDNS_7290843938332/layout as STRUCTURE mosvc3_CDNS_7290843938332.
INFO (XSTRM-223): 147. Translating cellView TO_TEST_24_10_16/mosvc3_CDNS_7290843938333/layout as STRUCTURE mosvc3_CDNS_7290843938333.
INFO (XSTRM-223): 148. Translating cellView TO_TEST_24_10_16/pe3_CDNS_7290843938334/layout as STRUCTURE pe3_CDNS_7290843938334.
INFO (XSTRM-223): 149. Translating cellView TO_TEST_24_10_16/pe3_CDNS_7290843938335/layout as STRUCTURE pe3_CDNS_7290843938335.
INFO (XSTRM-223): 150. Translating cellView TO_TEST_24_10_16/pe3_CDNS_7290843938336/layout as STRUCTURE pe3_CDNS_7290843938336.
INFO (XSTRM-223): 151. Translating cellView TO_TEST_24_10_16/pe3_CDNS_7290843938337/layout as STRUCTURE pe3_CDNS_7290843938337.
INFO (XSTRM-223): 152. Translating cellView TO_TEST_24_10_16/pe3_CDNS_7290843938338/layout as STRUCTURE pe3_CDNS_7290843938338.
INFO (XSTRM-223): 153. Translating cellView TO_TEST_24_10_16/pe3_CDNS_7290843938339/layout as STRUCTURE pe3_CDNS_7290843938339.
INFO (XSTRM-223): 154. Translating cellView TO_TEST_24_10_16/rpp1k1_3_CDNS_7290843938340/layout as STRUCTURE rpp1k1_3_CDNS_7290843938340.
INFO (XSTRM-223): 155. Translating cellView TO_TEST_24_10_16/pe3_CDNS_7290843938341/layout as STRUCTURE pe3_CDNS_7290843938341.
INFO (XSTRM-223): 156. Translating cellView TO_TEST_24_10_16/rpp1k1_3_CDNS_7290843938342/layout as STRUCTURE rpp1k1_3_CDNS_7290843938342.
INFO (XSTRM-223): 157. Translating cellView TO_TEST_24_10_16/pe3_CDNS_7290843938343/layout as STRUCTURE pe3_CDNS_7290843938343.
INFO (XSTRM-223): 158. Translating cellView TO_TEST_24_10_16/pe3_CDNS_7290843938344/layout as STRUCTURE pe3_CDNS_7290843938344.
INFO (XSTRM-223): 159. Translating cellView TO_TEST_24_10_16/pe3_CDNS_7290843938345/layout as STRUCTURE pe3_CDNS_7290843938345.
INFO (XSTRM-223): 160. Translating cellView TO_TEST_24_10_16/ne3_CDNS_7290843938346/layout as STRUCTURE ne3_CDNS_7290843938346.
INFO (XSTRM-223): 161. Translating cellView TO_TEST_24_10_16/ne3i_6_CDNS_7290843938347/layout as STRUCTURE ne3i_6_CDNS_7290843938347.
INFO (XSTRM-223): 162. Translating cellView TO_TEST_24_10_16/ne3_CDNS_7290843938348/layout as STRUCTURE ne3_CDNS_7290843938348.
INFO (XSTRM-223): 163. Translating cellView TO_TEST_24_10_16/pe3_CDNS_7290843938349/layout as STRUCTURE pe3_CDNS_7290843938349.
INFO (XSTRM-223): 164. Translating cellView TO_TEST_24_10_16/ne3_CDNS_7290843938350/layout as STRUCTURE ne3_CDNS_7290843938350.
INFO (XSTRM-223): 165. Translating cellView TO_TEST_24_10_16/VIA1_C_CDNS_72908439383226/layout as STRUCTURE VIA1_C_CDNS_72908439383226.
INFO (XSTRM-223): 166. Translating cellView TO_TEST_24_10_16/VIA1_C_CDNS_72908439383227/layout as STRUCTURE VIA1_C_CDNS_72908439383227.
INFO (XSTRM-223): 167. Translating cellView TO_TEST_24_10_16/VIA1_C_CDNS_72908439383228/layout as STRUCTURE VIA1_C_CDNS_72908439383228.
INFO (XSTRM-223): 168. Translating cellView TO_TEST_24_10_16/VIA1_C_CDNS_72908439383229/layout as STRUCTURE VIA1_C_CDNS_72908439383229.
INFO (XSTRM-223): 169. Translating cellView TO_TEST_24_10_16/VIA1_C_CDNS_72908439383230/layout as STRUCTURE VIA1_C_CDNS_72908439383230.
INFO (XSTRM-223): 170. Translating cellView TO_TEST_24_10_16/VIA2_C_CDNS_72908439383231/layout as STRUCTURE VIA2_C_CDNS_72908439383231.
INFO (XSTRM-223): 171. Translating cellView TO_TEST_24_10_16/VIA1_C_CDNS_72908439383232/layout as STRUCTURE VIA1_C_CDNS_72908439383232.
INFO (XSTRM-223): 172. Translating cellView TO_TEST_24_10_16/VIA2_C_CDNS_72908439383233/layout as STRUCTURE VIA2_C_CDNS_72908439383233.
INFO (XSTRM-223): 173. Translating cellView TO_TEST_24_10_16/VIA2_C_CDNS_72908439383234/layout as STRUCTURE VIA2_C_CDNS_72908439383234.
INFO (XSTRM-223): 174. Translating cellView TO_TEST_24_10_16/VIA1_C_CDNS_72908439383235/layout as STRUCTURE VIA1_C_CDNS_72908439383235.
INFO (XSTRM-223): 175. Translating cellView TO_TEST_24_10_16/VIA2_C_CDNS_72908439383236/layout as STRUCTURE VIA2_C_CDNS_72908439383236.
INFO (XSTRM-223): 176. Translating cellView TO_TEST_24_10_16/VIA1_C_CDNS_72908439383237/layout as STRUCTURE VIA1_C_CDNS_72908439383237.
INFO (XSTRM-223): 177. Translating cellView TO_TEST_24_10_16/VIA3_C_CDNS_72908439383238/layout as STRUCTURE VIA3_C_CDNS_72908439383238.
INFO (XSTRM-223): 178. Translating cellView TO_TEST_24_10_16/VIA2_C_CDNS_72908439383239/layout as STRUCTURE VIA2_C_CDNS_72908439383239.
INFO (XSTRM-223): 179. Translating cellView TO_TEST_24_10_16/VIA1_C_CDNS_72908439383240/layout as STRUCTURE VIA1_C_CDNS_72908439383240.
INFO (XSTRM-223): 180. Translating cellView TO_TEST_24_10_16/VIA1_C_CDNS_72908439383241/layout as STRUCTURE VIA1_C_CDNS_72908439383241.
INFO (XSTRM-223): 181. Translating cellView TO_TEST_24_10_16/VIA2_C_CDNS_72908439383242/layout as STRUCTURE VIA2_C_CDNS_72908439383242.
INFO (XSTRM-223): 182. Translating cellView TO_TEST_24_10_16/VIA1_C_CDNS_72908439383243/layout as STRUCTURE VIA1_C_CDNS_72908439383243.
INFO (XSTRM-223): 183. Translating cellView TO_TEST_24_10_16/VIA2_C_CDNS_72908439383244/layout as STRUCTURE VIA2_C_CDNS_72908439383244.
INFO (XSTRM-223): 184. Translating cellView TO_TEST_24_10_16/VIA1_C_CDNS_72908439383245/layout as STRUCTURE VIA1_C_CDNS_72908439383245.
INFO (XSTRM-223): 185. Translating cellView TO_TEST_24_10_16/VIA2_C_CDNS_72908439383246/layout as STRUCTURE VIA2_C_CDNS_72908439383246.
INFO (XSTRM-223): 186. Translating cellView TO_TEST_24_10_16/VIA3_C_CDNS_72908439383247/layout as STRUCTURE VIA3_C_CDNS_72908439383247.
INFO (XSTRM-223): 187. Translating cellView TO_TEST_24_10_16/VIA2_C_CDNS_72908439383248/layout as STRUCTURE VIA2_C_CDNS_72908439383248.
INFO (XSTRM-223): 188. Translating cellView TO_TEST_24_10_16/VIA2_C_CDNS_72908439383249/layout as STRUCTURE VIA2_C_CDNS_72908439383249.
INFO (XSTRM-223): 189. Translating cellView TO_TEST_24_10_16/VIA2_C_CDNS_72908439383250/layout as STRUCTURE VIA2_C_CDNS_72908439383250.
INFO (XSTRM-223): 190. Translating cellView TO_TEST_24_10_16/VIA2_C_CDNS_7290843938332/layout as STRUCTURE VIA2_C_CDNS_7290843938332.
INFO (XSTRM-223): 191. Translating cellView TO_TEST_24_10_16/VIA3_C_CDNS_72908439383251/layout as STRUCTURE VIA3_C_CDNS_72908439383251.
INFO (XSTRM-223): 192. Translating cellView TO_TEST_24_10_16/VIA2_C_CDNS_72908439383252/layout as STRUCTURE VIA2_C_CDNS_72908439383252.
INFO (XSTRM-223): 193. Translating cellView TO_TEST_24_10_16/VIA3_C_CDNS_72908439383253/layout as STRUCTURE VIA3_C_CDNS_72908439383253.
INFO (XSTRM-223): 194. Translating cellView TO_TEST_24_10_16/VIA2_C_CDNS_72908439383254/layout as STRUCTURE VIA2_C_CDNS_72908439383254.
INFO (XSTRM-223): 195. Translating cellView TO_TEST_24_10_16/VIA1_C_CDNS_72908439383255/layout as STRUCTURE VIA1_C_CDNS_72908439383255.
INFO (XSTRM-223): 196. Translating cellView TO_TEST_24_10_16/VIA2_C_CDNS_72908439383256/layout as STRUCTURE VIA2_C_CDNS_72908439383256.
INFO (XSTRM-223): 197. Translating cellView TO_TEST_24_10_16/VIA2_C_CDNS_72908439383257/layout as STRUCTURE VIA2_C_CDNS_72908439383257.
INFO (XSTRM-223): 198. Translating cellView TO_TEST_24_10_16/dac6b_amp_n2/layout as STRUCTURE dac6b_amp_n2.
INFO (XSTRM-236): A path with a rounded extension, an acute angle or a length segment less than half width is encountered at (294955, 40780). This path will be written as a boundary record in the GDS file.
INFO (XSTRM-236): A path with a rounded extension, an acute angle or a length segment less than half width is encountered at (195805, 49600). This path will be written as a boundary record in the GDS file.
INFO (XSTRM-236): A path with a rounded extension, an acute angle or a length segment less than half width is encountered at (356880, 40780). This path will be written as a boundary record in the GDS file.
INFO (XSTRM-223): 199. Translating cellView TO_TEST_24_10_16/VIA3_C_CDNS_72908439383173/layout as STRUCTURE VIA3_C_CDNS_72908439383173.
INFO (XSTRM-223): 200. Translating cellView TO_TEST_24_10_16/VIA3_C_CDNS_72908439383174/layout as STRUCTURE VIA3_C_CDNS_72908439383174.
INFO (XSTRM-223): 201. Translating cellView TO_TEST_24_10_16/VIA3_C_CDNS_72908439383175/layout as STRUCTURE VIA3_C_CDNS_72908439383175.
INFO (XSTRM-223): 202. Translating cellView TO_TEST_24_10_16/VIA2_C_CDNS_72908439383176/layout as STRUCTURE VIA2_C_CDNS_72908439383176.
INFO (XSTRM-223): 203. Translating cellView TO_TEST_24_10_16/pulse_generator/layout as STRUCTURE pulse_generator.
INFO (XSTRM-223): 204. Translating cellView TO_TEST_24_10_16/ne3_CDNS_7290843938351/layout as STRUCTURE ne3_CDNS_7290843938351.
INFO (XSTRM-223): 205. Translating cellView TO_TEST_24_10_16/pe3_CDNS_7290843938352/layout as STRUCTURE pe3_CDNS_7290843938352.
INFO (XSTRM-223): 206. Translating cellView TO_TEST_24_10_16/pe3_CDNS_7290843938353/layout as STRUCTURE pe3_CDNS_7290843938353.
INFO (XSTRM-223): 207. Translating cellView TO_TEST_24_10_16/rpp1k1_3_CDNS_7290843938354/layout as STRUCTURE rpp1k1_3_CDNS_7290843938354.
INFO (XSTRM-223): 208. Translating cellView TO_TEST_24_10_16/mosvc3_CDNS_7290843938355/layout as STRUCTURE mosvc3_CDNS_7290843938355.
INFO (XSTRM-223): 209. Translating cellView TO_TEST_24_10_16/cmm5t_CDNS_7290843938356/layout as STRUCTURE cmm5t_CDNS_7290843938356.
INFO (XSTRM-223): 210. Translating cellView TO_TEST_24_10_16/pe3_CDNS_7290843938357/layout as STRUCTURE pe3_CDNS_7290843938357.
INFO (XSTRM-223): 211. Translating cellView TO_TEST_24_10_16/VIA2_C_CDNS_72908439383259/layout as STRUCTURE VIA2_C_CDNS_72908439383259.
INFO (XSTRM-223): 212. Translating cellView TO_TEST_24_10_16/VIA1_C_CDNS_72908439383260/layout as STRUCTURE VIA1_C_CDNS_72908439383260.
INFO (XSTRM-223): 213. Translating cellView TO_TEST_24_10_16/VIA2_C_CDNS_72908439383261/layout as STRUCTURE VIA2_C_CDNS_72908439383261.
INFO (XSTRM-223): 214. Translating cellView TO_TEST_24_10_16/VIA2_C_CDNS_72908439383262/layout as STRUCTURE VIA2_C_CDNS_72908439383262.
INFO (XSTRM-223): 215. Translating cellView TO_TEST_24_10_16/VIA1_C_CDNS_72908439383263/layout as STRUCTURE VIA1_C_CDNS_72908439383263.
INFO (XSTRM-223): 216. Translating cellView TO_TEST_24_10_16/VIA1_C_CDNS_72908439383264/layout as STRUCTURE VIA1_C_CDNS_72908439383264.
INFO (XSTRM-223): 217. Translating cellView TO_TEST_24_10_16/VIA1_C_CDNS_72908439383265/layout as STRUCTURE VIA1_C_CDNS_72908439383265.
INFO (XSTRM-223): 218. Translating cellView TO_TEST_24_10_16/VIA2_C_CDNS_72908439383266/layout as STRUCTURE VIA2_C_CDNS_72908439383266.
INFO (XSTRM-223): 219. Translating cellView TO_TEST_24_10_16/VIA1_C_CDNS_72908439383267/layout as STRUCTURE VIA1_C_CDNS_72908439383267.
INFO (XSTRM-223): 220. Translating cellView TO_TEST_24_10_16/VIA1_C_CDNS_72908439383268/layout as STRUCTURE VIA1_C_CDNS_72908439383268.
INFO (XSTRM-223): 221. Translating cellView TO_TEST_24_10_16/VIA3_C_CDNS_72908439383269/layout as STRUCTURE VIA3_C_CDNS_72908439383269.
INFO (XSTRM-223): 222. Translating cellView TO_TEST_24_10_16/VIA1_C_CDNS_72908439383270/layout as STRUCTURE VIA1_C_CDNS_72908439383270.
INFO (XSTRM-223): 223. Translating cellView TO_TEST_24_10_16/VIA2_C_CDNS_72908439383271/layout as STRUCTURE VIA2_C_CDNS_72908439383271.
INFO (XSTRM-223): 224. Translating cellView TO_TEST_24_10_16/VIA2_C_CDNS_72908439383272/layout as STRUCTURE VIA2_C_CDNS_72908439383272.
INFO (XSTRM-223): 225. Translating cellView TO_TEST_24_10_16/VIA3_C_CDNS_72908439383273/layout as STRUCTURE VIA3_C_CDNS_72908439383273.
INFO (XSTRM-223): 226. Translating cellView TO_TEST_24_10_16/VIA3_C_CDNS_72908439383274/layout as STRUCTURE VIA3_C_CDNS_72908439383274.
INFO (XSTRM-223): 227. Translating cellView TO_TEST_24_10_16/VIA2_C_CDNS_72908439383275/layout as STRUCTURE VIA2_C_CDNS_72908439383275.
INFO (XSTRM-223): 228. Translating cellView TO_TEST_24_10_16/VIA3_C_CDNS_72908439383276/layout as STRUCTURE VIA3_C_CDNS_72908439383276.
INFO (XSTRM-223): 229. Translating cellView TO_TEST_24_10_16/VIA1_C_CDNS_72908439383277/layout as STRUCTURE VIA1_C_CDNS_72908439383277.
INFO (XSTRM-223): 230. Translating cellView TO_TEST_24_10_16/VIA2_C_CDNS_72908439383278/layout as STRUCTURE VIA2_C_CDNS_72908439383278.
INFO (XSTRM-223): 231. Translating cellView TO_TEST_24_10_16/ref_bias/layout as STRUCTURE ref_bias.
INFO (XSTRM-236): A path with a rounded extension, an acute angle or a length segment less than half width is encountered at (221275, 193895). This path will be written as a boundary record in the GDS file.
INFO (XSTRM-236): A path with a rounded extension, an acute angle or a length segment less than half width is encountered at (131735, 186160). This path will be written as a boundary record in the GDS file.
INFO (XSTRM-223): 232. Translating cellView TO_TEST_24_10_16/ne3_CDNS_7290843938358/layout as STRUCTURE ne3_CDNS_7290843938358.
INFO (XSTRM-223): 233. Translating cellView TO_TEST_24_10_16/qpvc3/layout as STRUCTURE qpvc3.
INFO (XSTRM-223): 234. Translating cellView TO_TEST_24_10_16/rpp1k1_3_CDNS_7290843938359/layout as STRUCTURE rpp1k1_3_CDNS_7290843938359.
INFO (XSTRM-223): 235. Translating cellView TO_TEST_24_10_16/rpp1k1_3_CDNS_7290843938360/layout as STRUCTURE rpp1k1_3_CDNS_7290843938360.
INFO (XSTRM-223): 236. Translating cellView TO_TEST_24_10_16/ne3_CDNS_7290843938361/layout as STRUCTURE ne3_CDNS_7290843938361.
INFO (XSTRM-223): 237. Translating cellView TO_TEST_24_10_16/pe3_CDNS_7290843938362/layout as STRUCTURE pe3_CDNS_7290843938362.
INFO (XSTRM-223): 238. Translating cellView TO_TEST_24_10_16/ne3_CDNS_7290843938363/layout as STRUCTURE ne3_CDNS_7290843938363.
INFO (XSTRM-223): 239. Translating cellView TO_TEST_24_10_16/rpp1k1_3_CDNS_7290843938364/layout as STRUCTURE rpp1k1_3_CDNS_7290843938364.
INFO (XSTRM-223): 240. Translating cellView TO_TEST_24_10_16/VIA2_C_CDNS_72908439383279/layout as STRUCTURE VIA2_C_CDNS_72908439383279.
INFO (XSTRM-223): 241. Translating cellView TO_TEST_24_10_16/VIA1_C_CDNS_72908439383280/layout as STRUCTURE VIA1_C_CDNS_72908439383280.
INFO (XSTRM-223): 242. Translating cellView TO_TEST_24_10_16/VIA1_C_CDNS_72908439383281/layout as STRUCTURE VIA1_C_CDNS_72908439383281.
INFO (XSTRM-223): 243. Translating cellView TO_TEST_24_10_16/VIA1_C_CDNS_72908439383282/layout as STRUCTURE VIA1_C_CDNS_72908439383282.
INFO (XSTRM-223): 244. Translating cellView TO_TEST_24_10_16/VIA1_C_CDNS_72908439383283/layout as STRUCTURE VIA1_C_CDNS_72908439383283.
INFO (XSTRM-223): 245. Translating cellView TO_TEST_24_10_16/VIA3_C_CDNS_72908439383284/layout as STRUCTURE VIA3_C_CDNS_72908439383284.
INFO (XSTRM-223): 246. Translating cellView TO_TEST_24_10_16/VIA2_C_CDNS_72908439383285/layout as STRUCTURE VIA2_C_CDNS_72908439383285.
INFO (XSTRM-223): 247. Translating cellView TO_TEST_24_10_16/VIA1_C_CDNS_72908439383286/layout as STRUCTURE VIA1_C_CDNS_72908439383286.
INFO (XSTRM-223): 248. Translating cellView TO_TEST_24_10_16/VIA2_C_CDNS_72908439383287/layout as STRUCTURE VIA2_C_CDNS_72908439383287.
INFO (XSTRM-223): 249. Translating cellView TO_TEST_24_10_16/VIA1_C_CDNS_72908439383288/layout as STRUCTURE VIA1_C_CDNS_72908439383288.
INFO (XSTRM-223): 250. Translating cellView TO_TEST_24_10_16/VIA2_C_CDNS_72908439383289/layout as STRUCTURE VIA2_C_CDNS_72908439383289.
INFO (XSTRM-223): 251. Translating cellView TO_TEST_24_10_16/VIA2_C_CDNS_72908439383290/layout as STRUCTURE VIA2_C_CDNS_72908439383290.
INFO (XSTRM-223): 252. Translating cellView TO_TEST_24_10_16/VIATP_C_CDNS_72908439383291/layout as STRUCTURE VIATP_C_CDNS_72908439383291.
INFO (XSTRM-223): 253. Translating cellView TO_TEST_24_10_16/VIA3_C_CDNS_72908439383292/layout as STRUCTURE VIA3_C_CDNS_72908439383292.
INFO (XSTRM-223): 254. Translating cellView TO_TEST_24_10_16/VIA2_C_CDNS_72908439383293/layout as STRUCTURE VIA2_C_CDNS_72908439383293.
INFO (XSTRM-223): 255. Translating cellView TO_TEST_24_10_16/bandgap_su/layout as STRUCTURE bandgap_su.
INFO (XSTRM-223): 256. Translating cellView TO_TEST_24_10_16/mosvc3_CDNS_7290843938365/layout as STRUCTURE mosvc3_CDNS_7290843938365.
INFO (XSTRM-223): 257. Translating cellView TO_TEST_24_10_16/ne3i_6_CDNS_7290843938366/layout as STRUCTURE ne3i_6_CDNS_7290843938366.
INFO (XSTRM-223): 258. Translating cellView TO_TEST_24_10_16/pe3_CDNS_7290843938367/layout as STRUCTURE pe3_CDNS_7290843938367.
INFO (XSTRM-223): 259. Translating cellView TO_TEST_24_10_16/ne3_CDNS_7290843938368/layout as STRUCTURE ne3_CDNS_7290843938368.
INFO (XSTRM-223): 260. Translating cellView TO_TEST_24_10_16/pe3_CDNS_7290843938369/layout as STRUCTURE pe3_CDNS_7290843938369.
INFO (XSTRM-223): 261. Translating cellView TO_TEST_24_10_16/pe3_CDNS_7290843938370/layout as STRUCTURE pe3_CDNS_7290843938370.
INFO (XSTRM-223): 262. Translating cellView TO_TEST_24_10_16/pe3_CDNS_7290843938371/layout as STRUCTURE pe3_CDNS_7290843938371.
INFO (XSTRM-223): 263. Translating cellView TO_TEST_24_10_16/ne3i_6_CDNS_7290843938372/layout as STRUCTURE ne3i_6_CDNS_7290843938372.
INFO (XSTRM-223): 264. Translating cellView TO_TEST_24_10_16/rpp1k1_3_CDNS_7290843938373/layout as STRUCTURE rpp1k1_3_CDNS_7290843938373.
INFO (XSTRM-223): 265. Translating cellView TO_TEST_24_10_16/VIA1_C_CDNS_72908439383294/layout as STRUCTURE VIA1_C_CDNS_72908439383294.
INFO (XSTRM-223): 266. Translating cellView TO_TEST_24_10_16/VIA2_C_CDNS_72908439383295/layout as STRUCTURE VIA2_C_CDNS_72908439383295.
INFO (XSTRM-223): 267. Translating cellView TO_TEST_24_10_16/VIA1_C_CDNS_72908439383296/layout as STRUCTURE VIA1_C_CDNS_72908439383296.
INFO (XSTRM-223): 268. Translating cellView TO_TEST_24_10_16/VIA1_C_CDNS_72908439383297/layout as STRUCTURE VIA1_C_CDNS_72908439383297.
INFO (XSTRM-223): 269. Translating cellView TO_TEST_24_10_16/VIA1_C_CDNS_72908439383298/layout as STRUCTURE VIA1_C_CDNS_72908439383298.
INFO (XSTRM-223): 270. Translating cellView TO_TEST_24_10_16/VIA1_C_CDNS_72908439383299/layout as STRUCTURE VIA1_C_CDNS_72908439383299.
INFO (XSTRM-223): 271. Translating cellView TO_TEST_24_10_16/VIA1_C_CDNS_72908439383300/layout as STRUCTURE VIA1_C_CDNS_72908439383300.
INFO (XSTRM-223): 272. Translating cellView TO_TEST_24_10_16/VIA2_C_CDNS_72908439383301/layout as STRUCTURE VIA2_C_CDNS_72908439383301.
INFO (XSTRM-223): 273. Translating cellView TO_TEST_24_10_16/VIA2_C_CDNS_72908439383302/layout as STRUCTURE VIA2_C_CDNS_72908439383302.
INFO (XSTRM-223): 274. Translating cellView TO_TEST_24_10_16/VIA1_C_CDNS_72908439383303/layout as STRUCTURE VIA1_C_CDNS_72908439383303.
INFO (XSTRM-223): 275. Translating cellView TO_TEST_24_10_16/VIA1_C_CDNS_72908439383304/layout as STRUCTURE VIA1_C_CDNS_72908439383304.
INFO (XSTRM-223): 276. Translating cellView TO_TEST_24_10_16/VIA1_C_CDNS_72908439383305/layout as STRUCTURE VIA1_C_CDNS_72908439383305.
INFO (XSTRM-223): 277. Translating cellView TO_TEST_24_10_16/VIA1_C_CDNS_72908439383306/layout as STRUCTURE VIA1_C_CDNS_72908439383306.
INFO (XSTRM-223): 278. Translating cellView TO_TEST_24_10_16/VIA1_C_CDNS_72908439383307/layout as STRUCTURE VIA1_C_CDNS_72908439383307.
INFO (XSTRM-223): 279. Translating cellView TO_TEST_24_10_16/constant_gm/layout as STRUCTURE constant_gm.
INFO (XSTRM-223): 280. Translating cellView TO_TEST_24_10_16/VIA2_C_CDNS_72908439383258/layout as STRUCTURE VIA2_C_CDNS_72908439383258.
INFO (XSTRM-223): 281. Translating cellView TO_TEST_24_10_16/bias/layout as STRUCTURE bias.
INFO (XSTRM-223): 282. Translating cellView TO_TEST_24_10_16/EN2JI3VX0/layout as STRUCTURE EN2JI3VX0.
INFO (XSTRM-223): 283. Translating cellView TO_TEST_24_10_16/NO3JI3VX1/layout as STRUCTURE NO3JI3VX1.
INFO (XSTRM-223): 284. Translating cellView TO_TEST_24_10_16/NA2JI3VX2/layout as STRUCTURE NA2JI3VX2.
INFO (XSTRM-223): 285. Translating cellView TO_TEST_24_10_16/NO22JI3VX1/layout as STRUCTURE NO22JI3VX1.
INFO (XSTRM-223): 286. Translating cellView TO_TEST_24_10_16/DFRRQJI3VX2/layout as STRUCTURE DFRRQJI3VX2.
INFO (XSTRM-223): 287. Translating cellView TO_TEST_24_10_16/BUJI3VX8/layout as STRUCTURE BUJI3VX8.
INFO (XSTRM-223): 288. Translating cellView TO_TEST_24_10_16/DFRRQJI3VX4/layout as STRUCTURE DFRRQJI3VX4.
INFO (XSTRM-223): 289. Translating cellView TO_TEST_24_10_16/BUJI3VX1/layout as STRUCTURE BUJI3VX1.
INFO (XSTRM-223): 290. Translating cellView TO_TEST_24_10_16/NO3I2JI3VX1/layout as STRUCTURE NO3I2JI3VX1.
INFO (XSTRM-223): 291. Translating cellView TO_TEST_24_10_16/FAJI3VX1/layout as STRUCTURE FAJI3VX1.
INFO (XSTRM-223): 292. Translating cellView TO_TEST_24_10_16/OR2JI3VX0/layout as STRUCTURE OR2JI3VX0.
INFO (XSTRM-223): 293. Translating cellView TO_TEST_24_10_16/NA3I1JI3VX1/layout as STRUCTURE NA3I1JI3VX1.
INFO (XSTRM-223): 294. Translating cellView TO_TEST_24_10_16/DLY2JI3VX1/layout as STRUCTURE DLY2JI3VX1.
INFO (XSTRM-223): 295. Translating cellView TO_TEST_24_10_16/NA3JI3VX0/layout as STRUCTURE NA3JI3VX0.
INFO (XSTRM-223): 296. Translating cellView TO_TEST_24_10_16/ON21JI3VX1/layout as STRUCTURE ON21JI3VX1.
INFO (XSTRM-223): 297. Translating cellView TO_TEST_24_10_16/OA21JI3VX1/layout as STRUCTURE OA21JI3VX1.
INFO (XSTRM-223): 298. Translating cellView TO_TEST_24_10_16/BUJI3VX3/layout as STRUCTURE BUJI3VX3.
INFO (XSTRM-223): 299. Translating cellView TO_TEST_24_10_16/AN211JI3VX1/layout as STRUCTURE AN211JI3VX1.
INFO (XSTRM-223): 300. Translating cellView TO_TEST_24_10_16/BUJI3VX16/layout as STRUCTURE BUJI3VX16.
INFO (XSTRM-223): 301. Translating cellView TO_TEST_24_10_16/BUJI3VX0/layout as STRUCTURE BUJI3VX0.
INFO (XSTRM-223): 302. Translating cellView TO_TEST_24_10_16/NA2I1JI3VX1/layout as STRUCTURE NA2I1JI3VX1.
INFO (XSTRM-223): 303. Translating cellView TO_TEST_24_10_16/DLY1JI3VX1/layout as STRUCTURE DLY1JI3VX1.
INFO (XSTRM-223): 304. Translating cellView TO_TEST_24_10_16/OR4JI3VX1/layout as STRUCTURE OR4JI3VX1.
INFO (XSTRM-223): 305. Translating cellView TO_TEST_24_10_16/DFRRQJI3VX1/layout as STRUCTURE DFRRQJI3VX1.
INFO (XSTRM-223): 306. Translating cellView TO_TEST_24_10_16/INJI3VX1/layout as STRUCTURE INJI3VX1.
INFO (XSTRM-223): 307. Translating cellView TO_TEST_24_10_16/INJI3VX2/layout as STRUCTURE INJI3VX2.
INFO (XSTRM-223): 308. Translating cellView TO_TEST_24_10_16/BUJI3VX12/layout as STRUCTURE BUJI3VX12.
INFO (XSTRM-223): 309. Translating cellView TO_TEST_24_10_16/ON22JI3VX1/layout as STRUCTURE ON22JI3VX1.
INFO (XSTRM-223): 310. Translating cellView TO_TEST_24_10_16/AN31JI3VX1/layout as STRUCTURE AN31JI3VX1.
INFO (XSTRM-223): 311. Translating cellView TO_TEST_24_10_16/NO3JI3VX0/layout as STRUCTURE NO3JI3VX0.
INFO (XSTRM-223): 312. Translating cellView TO_TEST_24_10_16/OR4JI3VX2/layout as STRUCTURE OR4JI3VX2.
INFO (XSTRM-223): 313. Translating cellView TO_TEST_24_10_16/HAJI3VX1/layout as STRUCTURE HAJI3VX1.
INFO (XSTRM-223): 314. Translating cellView TO_TEST_24_10_16/DLY4JI3VX1/layout as STRUCTURE DLY4JI3VX1.
INFO (XSTRM-223): 315. Translating cellView TO_TEST_24_10_16/NO2I1JI3VX1/layout as STRUCTURE NO2I1JI3VX1.
INFO (XSTRM-223): 316. Translating cellView TO_TEST_24_10_16/AO22JI3VX1/layout as STRUCTURE AO22JI3VX1.
INFO (XSTRM-223): 317. Translating cellView TO_TEST_24_10_16/BUJI3VX6/layout as STRUCTURE BUJI3VX6.
INFO (XSTRM-223): 318. Translating cellView TO_TEST_24_10_16/ON31JI3VX1/layout as STRUCTURE ON31JI3VX1.
INFO (XSTRM-223): 319. Translating cellView TO_TEST_24_10_16/EO3JI3VX1/layout as STRUCTURE EO3JI3VX1.
INFO (XSTRM-223): 320. Translating cellView TO_TEST_24_10_16/BUJI3VX2/layout as STRUCTURE BUJI3VX2.
INFO (XSTRM-223): 321. Translating cellView TO_TEST_24_10_16/INJI3VX3/layout as STRUCTURE INJI3VX3.
INFO (XSTRM-223): 322. Translating cellView TO_TEST_24_10_16/NA3I2JI3VX1/layout as STRUCTURE NA3I2JI3VX1.
INFO (XSTRM-223): 323. Translating cellView TO_TEST_24_10_16/EN3JI3VX1/layout as STRUCTURE EN3JI3VX1.
INFO (XSTRM-223): 324. Translating cellView TO_TEST_24_10_16/SDFRRQJI3VX1/layout as STRUCTURE SDFRRQJI3VX1.
INFO (XSTRM-223): 325. Translating cellView TO_TEST_24_10_16/NO2JI3VX0/layout as STRUCTURE NO2JI3VX0.
INFO (XSTRM-223): 326. Translating cellView TO_TEST_24_10_16/NA4JI3VX0/layout as STRUCTURE NA4JI3VX0.
INFO (XSTRM-223): 327. Translating cellView TO_TEST_24_10_16/NA2JI3VX0/layout as STRUCTURE NA2JI3VX0.
INFO (XSTRM-223): 328. Translating cellView TO_TEST_24_10_16/ON21JI3VX4/layout as STRUCTURE ON21JI3VX4.
INFO (XSTRM-223): 329. Translating cellView TO_TEST_24_10_16/AND2JI3VX1/layout as STRUCTURE AND2JI3VX1.
INFO (XSTRM-223): 330. Translating cellView TO_TEST_24_10_16/NA4JI3VX2/layout as STRUCTURE NA4JI3VX2.
INFO (XSTRM-223): 331. Translating cellView TO_TEST_24_10_16/NO2I1JI3VX2/layout as STRUCTURE NO2I1JI3VX2.
INFO (XSTRM-223): 332. Translating cellView TO_TEST_24_10_16/EO2JI3VX0/layout as STRUCTURE EO2JI3VX0.
INFO (XSTRM-223): 333. Translating cellView TO_TEST_24_10_16/AND2JI3VX0/layout as STRUCTURE AND2JI3VX0.
INFO (XSTRM-223): 334. Translating cellView TO_TEST_24_10_16/AN22JI3VX1/layout as STRUCTURE AN22JI3VX1.
INFO (XSTRM-223): 335. Translating cellView TO_TEST_24_10_16/NO2JI3VX2/layout as STRUCTURE NO2JI3VX2.
INFO (XSTRM-223): 336. Translating cellView TO_TEST_24_10_16/AO21JI3VX1/layout as STRUCTURE AO21JI3VX1.
INFO (XSTRM-223): 337. Translating cellView TO_TEST_24_10_16/NA2I1JI3VX2/layout as STRUCTURE NA2I1JI3VX2.
INFO (XSTRM-223): 338. Translating cellView TO_TEST_24_10_16/NA22JI3VX1/layout as STRUCTURE NA22JI3VX1.
INFO (XSTRM-223): 339. Translating cellView TO_TEST_24_10_16/MU2JI3VX0/layout as STRUCTURE MU2JI3VX0.
INFO (XSTRM-223): 340. Translating cellView TO_TEST_24_10_16/OR3JI3VX1/layout as STRUCTURE OR3JI3VX1.
INFO (XSTRM-223): 341. Translating cellView TO_TEST_24_10_16/ON211JI3VX1/layout as STRUCTURE ON211JI3VX1.
INFO (XSTRM-223): 342. Translating cellView TO_TEST_24_10_16/AN21JI3VX1/layout as STRUCTURE AN21JI3VX1.
INFO (XSTRM-223): 343. Translating cellView TO_TEST_24_10_16/INJI3VX0/layout as STRUCTURE INJI3VX0.
INFO (XSTRM-223): 344. Translating cellView TO_TEST_24_10_16/NO3I1JI3VX1/layout as STRUCTURE NO3I1JI3VX1.
INFO (XSTRM-223): 345. Translating cellView TO_TEST_24_10_16/DECAP25JI3V/layout as STRUCTURE DECAP25JI3V.
INFO (XSTRM-223): 346. Translating cellView TO_TEST_24_10_16/DECAP15JI3V/layout as STRUCTURE DECAP15JI3V.
INFO (XSTRM-223): 347. Translating cellView TO_TEST_24_10_16/DECAP7JI3V/layout as STRUCTURE DECAP7JI3V.
INFO (XSTRM-223): 348. Translating cellView TO_TEST_24_10_16/DECAP5JI3V/layout as STRUCTURE DECAP5JI3V.
INFO (XSTRM-223): 349. Translating cellView TO_TEST_24_10_16/DECAP10JI3V/layout as STRUCTURE DECAP10JI3V.
INFO (XSTRM-223): 350. Translating cellView TO_TEST_24_10_16/FEED2JI3V/layout as STRUCTURE FEED2JI3V.
INFO (XSTRM-223): 351. Translating cellView TO_TEST_24_10_16/FEED3JI3V/layout as STRUCTURE FEED3JI3V.
INFO (XSTRM-223): 352. Translating cellView TO_TEST_24_10_16/FEED15JI3V/layout as STRUCTURE FEED15JI3V.
INFO (XSTRM-223): 353. Translating cellView TO_TEST_24_10_16/FEED25JI3V/layout as STRUCTURE FEED25JI3V.
INFO (XSTRM-223): 354. Translating cellView TO_TEST_24_10_16/FEED1JI3V/layout as STRUCTURE FEED1JI3V.
INFO (XSTRM-223): 355. Translating cellView TO_TEST_24_10_16/FEED7JI3V/layout as STRUCTURE FEED7JI3V.
INFO (XSTRM-223): 356. Translating cellView TO_TEST_24_10_16/FEED5JI3V/layout as STRUCTURE FEED5JI3V.
INFO (XSTRM-223): 357. Translating cellView TO_TEST_24_10_16/FEED10JI3V/layout as STRUCTURE FEED10JI3V.
INFO (XSTRM-223): 358. Translating cellView TO_TEST_24_10_16/VIA1_X_so/layout as STRUCTURE VIA1_X_so.
INFO (XSTRM-223): 359. Translating cellView TO_TEST_24_10_16/VIA1_Y_so/layout as STRUCTURE VIA1_Y_so.
INFO (XSTRM-223): 360. Translating cellView TO_TEST_24_10_16/VIA1_CH1_so/layout as STRUCTURE VIA1_CH1_so.
INFO (XSTRM-223): 361. Translating cellView TO_TEST_24_10_16/VIA1_CH1_eo/layout as STRUCTURE VIA1_CH1_eo.
INFO (XSTRM-223): 362. Translating cellView TO_TEST_24_10_16/VIA1_CH1s_beo/layout as STRUCTURE VIA1_CH1s_beo.
INFO (XSTRM-223): 363. Translating cellView TO_TEST_24_10_16/VIA1_CH2_so/layout as STRUCTURE VIA1_CH2_so.
INFO (XSTRM-223): 364. Translating cellView TO_TEST_24_10_16/VIA1_CH2_eo/layout as STRUCTURE VIA1_CH2_eo.
INFO (XSTRM-223): 365. Translating cellView TO_TEST_24_10_16/VIA1_CH2n_beo/layout as STRUCTURE VIA1_CH2n_beo.
INFO (XSTRM-223): 366. Translating cellView TO_TEST_24_10_16/VIA1_CV1_so/layout as STRUCTURE VIA1_CV1_so.
INFO (XSTRM-223): 367. Translating cellView TO_TEST_24_10_16/VIA1_CV1e_beo/layout as STRUCTURE VIA1_CV1e_beo.
INFO (XSTRM-223): 368. Translating cellView TO_TEST_24_10_16/VIA1_CV1w_beo/layout as STRUCTURE VIA1_CV1w_beo.
INFO (XSTRM-223): 369. Translating cellView TO_TEST_24_10_16/VIA1_CV2_so/layout as STRUCTURE VIA1_CV2_so.
INFO (XSTRM-223): 370. Translating cellView TO_TEST_24_10_16/VIA1_CV2e_beo/layout as STRUCTURE VIA1_CV2e_beo.
INFO (XSTRM-223): 371. Translating cellView TO_TEST_24_10_16/VIA1_CV2w_beo/layout as STRUCTURE VIA1_CV2w_beo.
INFO (XSTRM-223): 372. Translating cellView TO_TEST_24_10_16/VIA1_o/layout as STRUCTURE VIA1_o.
INFO (XSTRM-223): 373. Translating cellView TO_TEST_24_10_16/VIA1_CH1_hd/layout as STRUCTURE VIA1_CH1_hd.
INFO (XSTRM-223): 374. Translating cellView TO_TEST_24_10_16/VIA1_CH2_hd/layout as STRUCTURE VIA1_CH2_hd.
INFO (XSTRM-223): 375. Translating cellView TO_TEST_24_10_16/VIA1_CV1_hd/layout as STRUCTURE VIA1_CV1_hd.
INFO (XSTRM-223): 376. Translating cellView TO_TEST_24_10_16/VIA1_CV2_hd/layout as STRUCTURE VIA1_CV2_hd.
INFO (XSTRM-223): 377. Translating cellView TO_TEST_24_10_16/VIA1_CH1_so2/layout as STRUCTURE VIA1_CH1_so2.
INFO (XSTRM-223): 378. Translating cellView TO_TEST_24_10_16/VIA1_CH2_so2/layout as STRUCTURE VIA1_CH2_so2.
INFO (XSTRM-223): 379. Translating cellView TO_TEST_24_10_16/VIA1_CH1_so_hd2/layout as STRUCTURE VIA1_CH1_so_hd2.
INFO (XSTRM-223): 380. Translating cellView TO_TEST_24_10_16/VIA1_CH2_so_hd2/layout as STRUCTURE VIA1_CH2_so_hd2.
INFO (XSTRM-223): 381. Translating cellView TO_TEST_24_10_16/VIA2_CH1_so/layout as STRUCTURE VIA2_CH1_so.
INFO (XSTRM-223): 382. Translating cellView TO_TEST_24_10_16/VIA2_CH1_eo/layout as STRUCTURE VIA2_CH1_eo.
INFO (XSTRM-223): 383. Translating cellView TO_TEST_24_10_16/VIA2_CH1n_beo/layout as STRUCTURE VIA2_CH1n_beo.
INFO (XSTRM-223): 384. Translating cellView TO_TEST_24_10_16/VIA2_CH1s_beo/layout as STRUCTURE VIA2_CH1s_beo.
INFO (XSTRM-223): 385. Translating cellView TO_TEST_24_10_16/VIA2_CH2_so/layout as STRUCTURE VIA2_CH2_so.
INFO (XSTRM-223): 386. Translating cellView TO_TEST_24_10_16/VIA2_CH2n_beo/layout as STRUCTURE VIA2_CH2n_beo.
INFO (XSTRM-223): 387. Translating cellView TO_TEST_24_10_16/VIA2_CH2s_beo/layout as STRUCTURE VIA2_CH2s_beo.
INFO (XSTRM-223): 388. Translating cellView TO_TEST_24_10_16/VIA2_CV1_so/layout as STRUCTURE VIA2_CV1_so.
INFO (XSTRM-223): 389. Translating cellView TO_TEST_24_10_16/VIA2_CV2_so/layout as STRUCTURE VIA2_CV2_so.
INFO (XSTRM-223): 390. Translating cellView TO_TEST_24_10_16/VIA2_CV2e_beo/layout as STRUCTURE VIA2_CV2e_beo.
INFO (XSTRM-223): 391. Translating cellView TO_TEST_24_10_16/VIA2_CV2w_beo/layout as STRUCTURE VIA2_CV2w_beo.
INFO (XSTRM-223): 392. Translating cellView TO_TEST_24_10_16/VIA2_o/layout as STRUCTURE VIA2_o.
INFO (XSTRM-223): 393. Translating cellView TO_TEST_24_10_16/VIA2_CH1_hd/layout as STRUCTURE VIA2_CH1_hd.
INFO (XSTRM-223): 394. Translating cellView TO_TEST_24_10_16/VIA2_CV1_hd/layout as STRUCTURE VIA2_CV1_hd.
INFO (XSTRM-223): 395. Translating cellView TO_TEST_24_10_16/VIA2_CV2_hd/layout as STRUCTURE VIA2_CV2_hd.
INFO (XSTRM-223): 396. Translating cellView TO_TEST_24_10_16/VIA3_CH1_so/layout as STRUCTURE VIA3_CH1_so.
INFO (XSTRM-223): 397. Translating cellView TO_TEST_24_10_16/VIA3_CH2_so/layout as STRUCTURE VIA3_CH2_so.
INFO (XSTRM-223): 398. Translating cellView TO_TEST_24_10_16/VIA3_CV1_so/layout as STRUCTURE VIA3_CV1_so.
INFO (XSTRM-223): 399. Translating cellView TO_TEST_24_10_16/VIA3_CV2_so/layout as STRUCTURE VIA3_CV2_so.
INFO (XSTRM-223): 400. Translating cellView TO_TEST_24_10_16/VIA1_C_CDNS_72908439383308/layout as STRUCTURE VIA1_C_CDNS_72908439383308.
INFO (XSTRM-223): 401. Translating cellView TO_TEST_24_10_16/VIA1_C_CDNS_72908439383309/layout as STRUCTURE VIA1_C_CDNS_72908439383309.
INFO (XSTRM-223): 402. Translating cellView TO_TEST_24_10_16/VIA1_C_CDNS_72908439383310/layout as STRUCTURE VIA1_C_CDNS_72908439383310.
INFO (XSTRM-223): 403. Translating cellView TO_TEST_24_10_16/VIA1_C_CDNS_72908439383311/layout as STRUCTURE VIA1_C_CDNS_72908439383311.
INFO (XSTRM-223): 404. Translating cellView TO_TEST_24_10_16/aska_dig/layout as STRUCTURE aska_dig.
INFO (XSTRM-223): 405. Translating cellView TO_TEST_24_10_16/STE_3VX4/layout as STRUCTURE STE_3VX4.
INFO (XSTRM-223): 406. Translating cellView TO_TEST_24_10_16/ne3_CDNS_7290843938374/layout as STRUCTURE ne3_CDNS_7290843938374.
INFO (XSTRM-223): 407. Translating cellView TO_TEST_24_10_16/ne3_CDNS_7290843938375/layout as STRUCTURE ne3_CDNS_7290843938375.
INFO (XSTRM-223): 408. Translating cellView TO_TEST_24_10_16/pe3_CDNS_7290843938376/layout as STRUCTURE pe3_CDNS_7290843938376.
INFO (XSTRM-223): 409. Translating cellView TO_TEST_24_10_16/rpp1k1_3_CDNS_7290843938377/layout as STRUCTURE rpp1k1_3_CDNS_7290843938377.
INFO (XSTRM-223): 410. Translating cellView TO_TEST_24_10_16/mosvc3_CDNS_7290843938378/layout as STRUCTURE mosvc3_CDNS_7290843938378.
INFO (XSTRM-223): 411. Translating cellView TO_TEST_24_10_16/rpp1k1_3_CDNS_7290843938379/layout as STRUCTURE rpp1k1_3_CDNS_7290843938379.
INFO (XSTRM-223): 412. Translating cellView TO_TEST_24_10_16/VIA2_C_CDNS_72908439383312/layout as STRUCTURE VIA2_C_CDNS_72908439383312.
INFO (XSTRM-223): 413. Translating cellView TO_TEST_24_10_16/VIA2_C_CDNS_72908439383313/layout as STRUCTURE VIA2_C_CDNS_72908439383313.
INFO (XSTRM-223): 414. Translating cellView TO_TEST_24_10_16/VIA1_C_CDNS_72908439383314/layout as STRUCTURE VIA1_C_CDNS_72908439383314.
INFO (XSTRM-223): 415. Translating cellView TO_TEST_24_10_16/VIA2_C_CDNS_72908439383315/layout as STRUCTURE VIA2_C_CDNS_72908439383315.
INFO (XSTRM-223): 416. Translating cellView TO_TEST_24_10_16/VIA1_C_CDNS_72908439383316/layout as STRUCTURE VIA1_C_CDNS_72908439383316.
INFO (XSTRM-223): 417. Translating cellView TO_TEST_24_10_16/VIA1_C_CDNS_72908439383317/layout as STRUCTURE VIA1_C_CDNS_72908439383317.
INFO (XSTRM-223): 418. Translating cellView TO_TEST_24_10_16/VIA1_C_CDNS_72908439383318/layout as STRUCTURE VIA1_C_CDNS_72908439383318.
INFO (XSTRM-223): 419. Translating cellView TO_TEST_24_10_16/VIA1_C_CDNS_72908439383319/layout as STRUCTURE VIA1_C_CDNS_72908439383319.
INFO (XSTRM-223): 420. Translating cellView TO_TEST_24_10_16/VIA2_C_CDNS_72908439383320/layout as STRUCTURE VIA2_C_CDNS_72908439383320.
INFO (XSTRM-223): 421. Translating cellView TO_TEST_24_10_16/VIA1_C_CDNS_72908439383321/layout as STRUCTURE VIA1_C_CDNS_72908439383321.
INFO (XSTRM-223): 422. Translating cellView TO_TEST_24_10_16/VIA2_C_CDNS_72908439383322/layout as STRUCTURE VIA2_C_CDNS_72908439383322.
INFO (XSTRM-223): 423. Translating cellView TO_TEST_24_10_16/por2/layout as STRUCTURE por2.
INFO (XSTRM-223): 424. Translating cellView TO_TEST_24_10_16/VIA1_C_CDNS_729084393836/layout as STRUCTURE VIA1_C_CDNS_729084393836.
INFO (XSTRM-223): 425. Translating cellView TO_TEST_24_10_16/VIA2_C_CDNS_729084393837/layout as STRUCTURE VIA2_C_CDNS_729084393837.
INFO (XSTRM-223): 426. Translating cellView TO_TEST_24_10_16/VIA1_C_CDNS_729084393838/layout as STRUCTURE VIA1_C_CDNS_729084393838.
INFO (XSTRM-223): 427. Translating cellView TO_TEST_24_10_16/VIA3_C_CDNS_729084393839/layout as STRUCTURE VIA3_C_CDNS_729084393839.
INFO (XSTRM-223): 428. Translating cellView TO_TEST_24_10_16/VIA1_C_CDNS_7290843938310/layout as STRUCTURE VIA1_C_CDNS_7290843938310.
INFO (XSTRM-223): 429. Translating cellView TO_TEST_24_10_16/VIA1_C_CDNS_7290843938311/layout as STRUCTURE VIA1_C_CDNS_7290843938311.
INFO (XSTRM-223): 430. Translating cellView TO_TEST_24_10_16/VIA1_C_CDNS_7290843938312/layout as STRUCTURE VIA1_C_CDNS_7290843938312.
INFO (XSTRM-223): 431. Translating cellView TO_TEST_24_10_16/VIA1_C_CDNS_7290843938313/layout as STRUCTURE VIA1_C_CDNS_7290843938313.
INFO (XSTRM-223): 432. Translating cellView TO_TEST_24_10_16/VIA1_C_CDNS_7290843938314/layout as STRUCTURE VIA1_C_CDNS_7290843938314.
INFO (XSTRM-223): 433. Translating cellView TO_TEST_24_10_16/VIA1_C_CDNS_7290843938315/layout as STRUCTURE VIA1_C_CDNS_7290843938315.
INFO (XSTRM-223): 434. Translating cellView TO_TEST_24_10_16/VIA1_C_CDNS_7290843938316/layout as STRUCTURE VIA1_C_CDNS_7290843938316.
INFO (XSTRM-223): 435. Translating cellView TO_TEST_24_10_16/VIATP_C_CDNS_7290843938317/layout as STRUCTURE VIATP_C_CDNS_7290843938317.
INFO (XSTRM-223): 436. Translating cellView TO_TEST_24_10_16/VIA3_C_CDNS_7290843938318/layout as STRUCTURE VIA3_C_CDNS_7290843938318.
INFO (XSTRM-223): 437. Translating cellView TO_TEST_24_10_16/VIA2_C_CDNS_7290843938319/layout as STRUCTURE VIA2_C_CDNS_7290843938319.
INFO (XSTRM-223): 438. Translating cellView TO_TEST_24_10_16/VIATP_C_CDNS_7290843938320/layout as STRUCTURE VIATP_C_CDNS_7290843938320.
INFO (XSTRM-223): 439. Translating cellView TO_TEST_24_10_16/VIATP_C_CDNS_7290843938321/layout as STRUCTURE VIATP_C_CDNS_7290843938321.
INFO (XSTRM-223): 440. Translating cellView TO_TEST_24_10_16/VIATP_C_CDNS_7290843938322/layout as STRUCTURE VIATP_C_CDNS_7290843938322.
INFO (XSTRM-223): 441. Translating cellView TO_TEST_24_10_16/VIATP_C_CDNS_7290843938323/layout as STRUCTURE VIATP_C_CDNS_7290843938323.
INFO (XSTRM-223): 442. Translating cellView TO_TEST_24_10_16/VIATP_C_CDNS_7290843938324/layout as STRUCTURE VIATP_C_CDNS_7290843938324.
INFO (XSTRM-223): 443. Translating cellView TO_TEST_24_10_16/VIATP_C_CDNS_7290843938325/layout as STRUCTURE VIATP_C_CDNS_7290843938325.
INFO (XSTRM-223): 444. Translating cellView TO_TEST_24_10_16/VIATP_C_CDNS_7290843938326/layout as STRUCTURE VIATP_C_CDNS_7290843938326.
INFO (XSTRM-223): 445. Translating cellView TO_TEST_24_10_16/VIA3_C_CDNS_7290843938327/layout as STRUCTURE VIA3_C_CDNS_7290843938327.
INFO (XSTRM-223): 446. Translating cellView TO_TEST_24_10_16/VIA2_C_CDNS_7290843938328/layout as STRUCTURE VIA2_C_CDNS_7290843938328.
INFO (XSTRM-223): 447. Translating cellView TO_TEST_24_10_16/VIA3_C_CDNS_7290843938330/layout as STRUCTURE VIA3_C_CDNS_7290843938330.
INFO (XSTRM-223): 448. Translating cellView TO_TEST_24_10_16/VIA1_C_CDNS_7290843938331/layout as STRUCTURE VIA1_C_CDNS_7290843938331.
INFO (XSTRM-223): 449. Translating cellView TO_TEST_24_10_16/VIA3_C_CDNS_7290843938333/layout as STRUCTURE VIA3_C_CDNS_7290843938333.
INFO (XSTRM-223): 450. Translating cellView TO_TEST_24_10_16/VIA3_C_CDNS_7290843938334/layout as STRUCTURE VIA3_C_CDNS_7290843938334.
INFO (XSTRM-223): 451. Translating cellView TO_TEST_24_10_16/VIA3_C_CDNS_7290843938335/layout as STRUCTURE VIA3_C_CDNS_7290843938335.
INFO (XSTRM-223): 452. Translating cellView TO_TEST_24_10_16/VIA3_C_CDNS_7290843938336/layout as STRUCTURE VIA3_C_CDNS_7290843938336.
INFO (XSTRM-223): 453. Translating cellView TO_TEST_24_10_16/VIA3_C_CDNS_7290843938337/layout as STRUCTURE VIA3_C_CDNS_7290843938337.
INFO (XSTRM-223): 454. Translating cellView TO_TEST_24_10_16/VIA2_C_CDNS_7290843938338/layout as STRUCTURE VIA2_C_CDNS_7290843938338.
INFO (XSTRM-223): 455. Translating cellView TO_TEST_24_10_16/VIA3_C_CDNS_7290843938339/layout as STRUCTURE VIA3_C_CDNS_7290843938339.
INFO (XSTRM-223): 456. Translating cellView TO_TEST_24_10_16/VIA2_C_CDNS_7290843938340/layout as STRUCTURE VIA2_C_CDNS_7290843938340.
INFO (XSTRM-223): 457. Translating cellView TO_TEST_24_10_16/VIA3_C_CDNS_7290843938341/layout as STRUCTURE VIA3_C_CDNS_7290843938341.
INFO (XSTRM-223): 458. Translating cellView TO_TEST_24_10_16/VIA3_C_CDNS_7290843938342/layout as STRUCTURE VIA3_C_CDNS_7290843938342.
INFO (XSTRM-223): 459. Translating cellView TO_TEST_24_10_16/VIA2_C_CDNS_7290843938343/layout as STRUCTURE VIA2_C_CDNS_7290843938343.
INFO (XSTRM-223): 460. Translating cellView TO_TEST_24_10_16/VIA3_C_CDNS_7290843938344/layout as STRUCTURE VIA3_C_CDNS_7290843938344.
INFO (XSTRM-223): 461. Translating cellView TO_TEST_24_10_16/VIA2_C_CDNS_7290843938345/layout as STRUCTURE VIA2_C_CDNS_7290843938345.
INFO (XSTRM-223): 462. Translating cellView TO_TEST_24_10_16/VIA3_C_CDNS_7290843938346/layout as STRUCTURE VIA3_C_CDNS_7290843938346.
INFO (XSTRM-223): 463. Translating cellView TO_TEST_24_10_16/VIA3_C_CDNS_7290843938347/layout as STRUCTURE VIA3_C_CDNS_7290843938347.
INFO (XSTRM-223): 464. Translating cellView TO_TEST_24_10_16/VIA3_C_CDNS_7290843938348/layout as STRUCTURE VIA3_C_CDNS_7290843938348.
INFO (XSTRM-223): 465. Translating cellView TO_TEST_24_10_16/VIA3_C_CDNS_7290843938349/layout as STRUCTURE VIA3_C_CDNS_7290843938349.
INFO (XSTRM-223): 466. Translating cellView TO_TEST_24_10_16/VIA3_C_CDNS_7290843938350/layout as STRUCTURE VIA3_C_CDNS_7290843938350.
INFO (XSTRM-223): 467. Translating cellView TO_TEST_24_10_16/VIA3_C_CDNS_7290843938351/layout as STRUCTURE VIA3_C_CDNS_7290843938351.
INFO (XSTRM-223): 468. Translating cellView TO_TEST_24_10_16/VIA3_C_CDNS_7290843938352/layout as STRUCTURE VIA3_C_CDNS_7290843938352.
INFO (XSTRM-223): 469. Translating cellView TO_TEST_24_10_16/VIA3_C_CDNS_7290843938353/layout as STRUCTURE VIA3_C_CDNS_7290843938353.
INFO (XSTRM-223): 470. Translating cellView TO_TEST_24_10_16/VIA3_C_CDNS_7290843938354/layout as STRUCTURE VIA3_C_CDNS_7290843938354.
INFO (XSTRM-223): 471. Translating cellView TO_TEST_24_10_16/VIA3_C_CDNS_7290843938355/layout as STRUCTURE VIA3_C_CDNS_7290843938355.
INFO (XSTRM-223): 472. Translating cellView TO_TEST_24_10_16/VIA3_C_CDNS_7290843938356/layout as STRUCTURE VIA3_C_CDNS_7290843938356.
INFO (XSTRM-223): 473. Translating cellView TO_TEST_24_10_16/VIA3_C_CDNS_7290843938357/layout as STRUCTURE VIA3_C_CDNS_7290843938357.
INFO (XSTRM-223): 474. Translating cellView TO_TEST_24_10_16/VIA3_C_CDNS_7290843938358/layout as STRUCTURE VIA3_C_CDNS_7290843938358.
INFO (XSTRM-223): 475. Translating cellView TO_TEST_24_10_16/VIA3_C_CDNS_7290843938359/layout as STRUCTURE VIA3_C_CDNS_7290843938359.
INFO (XSTRM-223): 476. Translating cellView TO_TEST_24_10_16/VIA3_C_CDNS_7290843938360/layout as STRUCTURE VIA3_C_CDNS_7290843938360.
INFO (XSTRM-223): 477. Translating cellView TO_TEST_24_10_16/VIA3_C_CDNS_7290843938361/layout as STRUCTURE VIA3_C_CDNS_7290843938361.
INFO (XSTRM-223): 478. Translating cellView TO_TEST_24_10_16/VIA3_C_CDNS_7290843938362/layout as STRUCTURE VIA3_C_CDNS_7290843938362.
INFO (XSTRM-223): 479. Translating cellView TO_TEST_24_10_16/VIA2_C_CDNS_7290843938363/layout as STRUCTURE VIA2_C_CDNS_7290843938363.
INFO (XSTRM-223): 480. Translating cellView TO_TEST_24_10_16/VIA2_C_CDNS_7290843938364/layout as STRUCTURE VIA2_C_CDNS_7290843938364.
INFO (XSTRM-223): 481. Translating cellView TO_TEST_24_10_16/VIA2_C_CDNS_7290843938366/layout as STRUCTURE VIA2_C_CDNS_7290843938366.
INFO (XSTRM-223): 482. Translating cellView TO_TEST_24_10_16/VIA2_C_CDNS_7290843938367/layout as STRUCTURE VIA2_C_CDNS_7290843938367.
INFO (XSTRM-223): 483. Translating cellView TO_TEST_24_10_16/VIA2_C_CDNS_7290843938368/layout as STRUCTURE VIA2_C_CDNS_7290843938368.
INFO (XSTRM-223): 484. Translating cellView TO_TEST_24_10_16/VIA2_C_CDNS_7290843938369/layout as STRUCTURE VIA2_C_CDNS_7290843938369.
INFO (XSTRM-223): 485. Translating cellView TO_TEST_24_10_16/VIA2_C_CDNS_7290843938370/layout as STRUCTURE VIA2_C_CDNS_7290843938370.
INFO (XSTRM-223): 486. Translating cellView TO_TEST_24_10_16/VIA2_C_CDNS_7290843938371/layout as STRUCTURE VIA2_C_CDNS_7290843938371.
INFO (XSTRM-223): 487. Translating cellView TO_TEST_24_10_16/VIA2_C_CDNS_7290843938372/layout as STRUCTURE VIA2_C_CDNS_7290843938372.
INFO (XSTRM-223): 488. Translating cellView TO_TEST_24_10_16/VIA2_C_CDNS_7290843938373/layout as STRUCTURE VIA2_C_CDNS_7290843938373.
INFO (XSTRM-223): 489. Translating cellView TO_TEST_24_10_16/VIA2_C_CDNS_7290843938374/layout as STRUCTURE VIA2_C_CDNS_7290843938374.
INFO (XSTRM-223): 490. Translating cellView TO_TEST_24_10_16/VIA2_C_CDNS_7290843938375/layout as STRUCTURE VIA2_C_CDNS_7290843938375.
INFO (XSTRM-223): 491. Translating cellView TO_TEST_24_10_16/VIA2_C_CDNS_7290843938376/layout as STRUCTURE VIA2_C_CDNS_7290843938376.
INFO (XSTRM-223): 492. Translating cellView TO_TEST_24_10_16/VIA2_C_CDNS_7290843938377/layout as STRUCTURE VIA2_C_CDNS_7290843938377.
INFO (XSTRM-223): 493. Translating cellView TO_TEST_24_10_16/VIA2_C_CDNS_7290843938378/layout as STRUCTURE VIA2_C_CDNS_7290843938378.
INFO (XSTRM-223): 494. Translating cellView TO_TEST_24_10_16/VIA2_C_CDNS_7290843938379/layout as STRUCTURE VIA2_C_CDNS_7290843938379.
INFO (XSTRM-223): 495. Translating cellView TO_TEST_24_10_16/VIA2_C_CDNS_7290843938380/layout as STRUCTURE VIA2_C_CDNS_7290843938380.
INFO (XSTRM-223): 496. Translating cellView TO_TEST_24_10_16/VIA2_C_CDNS_7290843938381/layout as STRUCTURE VIA2_C_CDNS_7290843938381.
INFO (XSTRM-223): 497. Translating cellView TO_TEST_24_10_16/VIA2_C_CDNS_7290843938382/layout as STRUCTURE VIA2_C_CDNS_7290843938382.
INFO (XSTRM-223): 498. Translating cellView TO_TEST_24_10_16/VIA2_C_CDNS_7290843938383/layout as STRUCTURE VIA2_C_CDNS_7290843938383.
INFO (XSTRM-223): 499. Translating cellView TO_TEST_24_10_16/VIATPL_C_CDNS_7290843938384/layout as STRUCTURE VIATPL_C_CDNS_7290843938384.
INFO (XSTRM-223): 500. Translating cellView TO_TEST_24_10_16/VIATPL_C_CDNS_7290843938385/layout as STRUCTURE VIATPL_C_CDNS_7290843938385.
INFO (XSTRM-223): 501. Translating cellView TO_TEST_24_10_16/VIATPL_C_CDNS_7290843938386/layout as STRUCTURE VIATPL_C_CDNS_7290843938386.
INFO (XSTRM-223): 502. Translating cellView TO_TEST_24_10_16/VIATPL_C_CDNS_7290843938387/layout as STRUCTURE VIATPL_C_CDNS_7290843938387.
INFO (XSTRM-223): 503. Translating cellView TO_TEST_24_10_16/VIA1_C_CDNS_7290843938388/layout as STRUCTURE VIA1_C_CDNS_7290843938388.
INFO (XSTRM-223): 504. Translating cellView TO_TEST_24_10_16/VIATPL_C_CDNS_7290843938389/layout as STRUCTURE VIATPL_C_CDNS_7290843938389.
INFO (XSTRM-223): 505. Translating cellView TO_TEST_24_10_16/VIATPL_C_CDNS_7290843938390/layout as STRUCTURE VIATPL_C_CDNS_7290843938390.
INFO (XSTRM-223): 506. Translating cellView TO_TEST_24_10_16/VIATPL_C_CDNS_7290843938391/layout as STRUCTURE VIATPL_C_CDNS_7290843938391.
INFO (XSTRM-223): 507. Translating cellView TO_TEST_24_10_16/VIATPL_C_CDNS_7290843938392/layout as STRUCTURE VIATPL_C_CDNS_7290843938392.
INFO (XSTRM-223): 508. Translating cellView TO_TEST_24_10_16/VIATPL_C_CDNS_7290843938393/layout as STRUCTURE VIATPL_C_CDNS_7290843938393.
INFO (XSTRM-223): 509. Translating cellView TO_TEST_24_10_16/VIATPL_C_CDNS_7290843938394/layout as STRUCTURE VIATPL_C_CDNS_7290843938394.
INFO (XSTRM-223): 510. Translating cellView TO_TEST_24_10_16/VIATPL_C_CDNS_7290843938395/layout as STRUCTURE VIATPL_C_CDNS_7290843938395.
INFO (XSTRM-223): 511. Translating cellView TO_TEST_24_10_16/VIATPL_C_CDNS_7290843938396/layout as STRUCTURE VIATPL_C_CDNS_7290843938396.
INFO (XSTRM-223): 512. Translating cellView TO_TEST_24_10_16/VIATPL_C_CDNS_7290843938397/layout as STRUCTURE VIATPL_C_CDNS_7290843938397.
INFO (XSTRM-223): 513. Translating cellView TO_TEST_24_10_16/VIATPL_C_CDNS_7290843938398/layout as STRUCTURE VIATPL_C_CDNS_7290843938398.
INFO (XSTRM-223): 514. Translating cellView TO_TEST_24_10_16/VIATPL_C_CDNS_7290843938399/layout as STRUCTURE VIATPL_C_CDNS_7290843938399.
INFO (XSTRM-223): 515. Translating cellView TO_TEST_24_10_16/VIATPL_C_CDNS_72908439383100/layout as STRUCTURE VIATPL_C_CDNS_72908439383100.
INFO (XSTRM-223): 516. Translating cellView TO_TEST_24_10_16/VIATPL_C_CDNS_72908439383101/layout as STRUCTURE VIATPL_C_CDNS_72908439383101.
INFO (XSTRM-223): 517. Translating cellView TO_TEST_24_10_16/VIATPL_C_CDNS_72908439383102/layout as STRUCTURE VIATPL_C_CDNS_72908439383102.
INFO (XSTRM-223): 518. Translating cellView TO_TEST_24_10_16/VIATPL_C_CDNS_72908439383103/layout as STRUCTURE VIATPL_C_CDNS_72908439383103.
INFO (XSTRM-223): 519. Translating cellView TO_TEST_24_10_16/VIATPL_C_CDNS_72908439383104/layout as STRUCTURE VIATPL_C_CDNS_72908439383104.
INFO (XSTRM-223): 520. Translating cellView TO_TEST_24_10_16/VIATPL_C_CDNS_72908439383105/layout as STRUCTURE VIATPL_C_CDNS_72908439383105.
INFO (XSTRM-223): 521. Translating cellView TO_TEST_24_10_16/VIATPL_C_CDNS_72908439383106/layout as STRUCTURE VIATPL_C_CDNS_72908439383106.
INFO (XSTRM-223): 522. Translating cellView TO_TEST_24_10_16/VIATPL_C_CDNS_72908439383107/layout as STRUCTURE VIATPL_C_CDNS_72908439383107.
INFO (XSTRM-223): 523. Translating cellView TO_TEST_24_10_16/VIATPL_C_CDNS_72908439383108/layout as STRUCTURE VIATPL_C_CDNS_72908439383108.
INFO (XSTRM-223): 524. Translating cellView TO_TEST_24_10_16/VIATPL_C_CDNS_72908439383109/layout as STRUCTURE VIATPL_C_CDNS_72908439383109.
INFO (XSTRM-223): 525. Translating cellView TO_TEST_24_10_16/VIATPL_C_CDNS_72908439383110/layout as STRUCTURE VIATPL_C_CDNS_72908439383110.
INFO (XSTRM-223): 526. Translating cellView TO_TEST_24_10_16/VIATPL_C_CDNS_72908439383111/layout as STRUCTURE VIATPL_C_CDNS_72908439383111.
INFO (XSTRM-223): 527. Translating cellView TO_TEST_24_10_16/VIATPL_C_CDNS_72908439383112/layout as STRUCTURE VIATPL_C_CDNS_72908439383112.
INFO (XSTRM-223): 528. Translating cellView TO_TEST_24_10_16/VIATPL_C_CDNS_72908439383113/layout as STRUCTURE VIATPL_C_CDNS_72908439383113.
INFO (XSTRM-223): 529. Translating cellView TO_TEST_24_10_16/VIATPL_C_CDNS_72908439383114/layout as STRUCTURE VIATPL_C_CDNS_72908439383114.
INFO (XSTRM-223): 530. Translating cellView TO_TEST_24_10_16/aska_core_16ele/layout as STRUCTURE aska_core_16ele.
INFO (XSTRM-236): A path with a rounded extension, an acute angle or a length segment less than half width is encountered at (1564665, 1234100). This path will be written as a boundary record in the GDS file.
INFO (XSTRM-236): A path with a rounded extension, an acute angle or a length segment less than half width is encountered at (1564665, 1476670). This path will be written as a boundary record in the GDS file.
INFO (XSTRM-236): A path with a rounded extension, an acute angle or a length segment less than half width is encountered at (1564665, 1727895). This path will be written as a boundary record in the GDS file.
INFO (XSTRM-236): A path with a rounded extension, an acute angle or a length segment less than half width is encountered at (1564665, 1970385). This path will be written as a boundary record in the GDS file.
INFO (XSTRM-236): A path with a rounded extension, an acute angle or a length segment less than half width is encountered at (1550050, 1852535). This path will be written as a boundary record in the GDS file.
INFO (XSTRM-236): A path with a rounded extension, an acute angle or a length segment less than half width is encountered at (1554185, 1852535). This path will be written as a boundary record in the GDS file.
INFO (XSTRM-236): A path with a rounded extension, an acute angle or a length segment less than half width is encountered at (1554185, 1604890). This path will be written as a boundary record in the GDS file.
INFO (XSTRM-236): A path with a rounded extension, an acute angle or a length segment less than half width is encountered at (1550050, 1604890). This path will be written as a boundary record in the GDS file.
INFO (XSTRM-236): A path with a rounded extension, an acute angle or a length segment less than half width is encountered at (1550050, 1358245). This path will be written as a boundary record in the GDS file.
INFO (XSTRM-236): A path with a rounded extension, an acute angle or a length segment less than half width is encountered at (1554185, 1358245). This path will be written as a boundary record in the GDS file.
INFO (XSTRM-236): A path with a rounded extension, an acute angle or a length segment less than half width is encountered at (830265, 1797260). This path will be written as a boundary record in the GDS file.
INFO (XSTRM-236): A path with a rounded extension, an acute angle or a length segment less than half width is encountered at (1994080, 2569905). This path will be written as a boundary record in the GDS file.
INFO (XSTRM-236): A path with a rounded extension, an acute angle or a length segment less than half width is encountered at (1994080, 2574240). This path will be written as a boundary record in the GDS file.
INFO (XSTRM-236): A path with a rounded extension, an acute angle or a length segment less than half width is encountered at (355620, 674405). This path will be written as a boundary record in the GDS file.
INFO (XSTRM-236): A path with a rounded extension, an acute angle or a length segment less than half width is encountered at (392870, 674405). This path will be written as a boundary record in the GDS file.
INFO (XSTRM-236): A path with a rounded extension, an acute angle or a length segment less than half width is encountered at (386540, 674405). This path will be written as a boundary record in the GDS file.
INFO (XSTRM-236): A path with a rounded extension, an acute angle or a length segment less than half width is encountered at (399740, 674405). This path will be written as a boundary record in the GDS file.
INFO (XSTRM-236): A path with a rounded extension, an acute angle or a length segment less than half width is encountered at (377650, 674405). This path will be written as a boundary record in the GDS file.
INFO (XSTRM-236): A path with a rounded extension, an acute angle or a length segment less than half width is encountered at (371320, 674405). This path will be written as a boundary record in the GDS file.
INFO (XSTRM-236): A path with a rounded extension, an acute angle or a length segment less than half width is encountered at (364450, 674405). This path will be written as a boundary record in the GDS file.
INFO (XSTRM-236): A path with a rounded extension, an acute angle or a length segment less than half width is encountered at (358120, 674405). This path will be written as a boundary record in the GDS file.
INFO (XSTRM-236): A path with a rounded extension, an acute angle or a length segment less than half width is encountered at (448120, 674405). This path will be written as a boundary record in the GDS file.
INFO (XSTRM-236): A path with a rounded extension, an acute angle or a length segment less than half width is encountered at (454450, 674405). This path will be written as a boundary record in the GDS file.
INFO (XSTRM-236): A path with a rounded extension, an acute angle or a length segment less than half width is encountered at (461320, 674405). This path will be written as a boundary record in the GDS file.
INFO (XSTRM-236): A path with a rounded extension, an acute angle or a length segment less than half width is encountered at (467650, 674405). This path will be written as a boundary record in the GDS file.
INFO (XSTRM-236): A path with a rounded extension, an acute angle or a length segment less than half width is encountered at (476540, 674405). This path will be written as a boundary record in the GDS file.
INFO (XSTRM-236): A path with a rounded extension, an acute angle or a length segment less than half width is encountered at (482870, 674405). This path will be written as a boundary record in the GDS file.
INFO (XSTRM-236): A path with a rounded extension, an acute angle or a length segment less than half width is encountered at (489740, 674405). This path will be written as a boundary record in the GDS file.
INFO (XSTRM-223): 531. Translating cellView TO_TEST_24_10_16/ioh_via1/layout as STRUCTURE ioh_via1.
INFO (XSTRM-223): 532. Translating cellView TO_TEST_24_10_16/ioh_viatpl/layout as STRUCTURE ioh_viatpl.
INFO (XSTRM-223): 533. Translating cellView TO_TEST_24_10_16/ioh_via2/layout as STRUCTURE ioh_via2.
INFO (XSTRM-223): 534. Translating cellView TO_TEST_24_10_16/ioh_via34tp/layout as STRUCTURE ioh_via34tp.
INFO (XSTRM-223): 535. Translating cellView TO_TEST_24_10_16/ioh_base40_metal_fs/layout as STRUCTURE ioh_base40_metal_fs.
INFO (XSTRM-223): 536. Translating cellView TO_TEST_24_10_16/ioh_con/layout as STRUCTURE ioh_con.
INFO (XSTRM-223): 537. Translating cellView TO_TEST_24_10_16/ioh_base40_tap_f/layout as STRUCTURE ioh_base40_tap_f.
INFO (XSTRM-223): 538. Translating cellView TO_TEST_24_10_16/ioh_base40_fs/layout as STRUCTURE ioh_base40_fs.
INFO (XSTRM-223): 539. Translating cellView TO_TEST_24_10_16/ioh_base39_metal_fs/layout as STRUCTURE ioh_base39_metal_fs.
INFO (XSTRM-223): 540. Translating cellView TO_TEST_24_10_16/ioh_base39_tap_f/layout as STRUCTURE ioh_base39_tap_f.
INFO (XSTRM-223): 541. Translating cellView TO_TEST_24_10_16/ioh_base39_fs/layout as STRUCTURE ioh_base39_fs.
INFO (XSTRM-223): 542. Translating cellView TO_TEST_24_10_16/ioh_base19_tap_f/layout as STRUCTURE ioh_base19_tap_f.
INFO (XSTRM-223): 543. Translating cellView TO_TEST_24_10_16/ioh_base19_metal_fs/layout as STRUCTURE ioh_base19_metal_fs.
INFO (XSTRM-223): 544. Translating cellView TO_TEST_24_10_16/ioh_base19_fs/layout as STRUCTURE ioh_base19_fs.
INFO (XSTRM-223): 545. Translating cellView TO_TEST_24_10_16/ioh_base36_tap_f/layout as STRUCTURE ioh_base36_tap_f.
INFO (XSTRM-223): 546. Translating cellView TO_TEST_24_10_16/ioh_base36_metal_fs/layout as STRUCTURE ioh_base36_metal_fs.
INFO (XSTRM-223): 547. Translating cellView TO_TEST_24_10_16/ioh_base36_fs/layout as STRUCTURE ioh_base36_fs.
INFO (XSTRM-223): 548. Translating cellView TO_TEST_24_10_16/std_pad_viabtp_edge/layout as STRUCTURE std_pad_viabtp_edge.
INFO (XSTRM-223): 549. Translating cellView TO_TEST_24_10_16/std_pad_viabtp/layout as STRUCTURE std_pad_viabtp.
INFO (XSTRM-223): 550. Translating cellView TO_TEST_24_10_16/std_pad_viatpl_edge/layout as STRUCTURE std_pad_viatpl_edge.
INFO (XSTRM-223): 551. Translating cellView TO_TEST_24_10_16/std_pad_layout_53_62/layout as STRUCTURE std_pad_layout_53_62.
INFO (XSTRM-223): 552. Translating cellView TO_TEST_24_10_16/ioh_pad53_62/layout as STRUCTURE ioh_pad53_62.
INFO (XSTRM-223): 553. Translating cellView TO_TEST_24_10_16/ioh_pad53_tap_inline/layout as STRUCTURE ioh_pad53_tap_inline.
INFO (XSTRM-223): 554. Translating cellView TO_TEST_24_10_16/ioh_basej_pad53_inline/layout as STRUCTURE ioh_basej_pad53_inline.
INFO (XSTRM-223): 555. Translating cellView TO_TEST_24_10_16/ioh_iscrd2_4x10/layout as STRUCTURE ioh_iscrd2_4x10.
INFO (XSTRM-223): 556. Translating cellView TO_TEST_24_10_16/ioh_iscrd2_e4x10/layout as STRUCTURE ioh_iscrd2_e4x10.
INFO (XSTRM-223): 557. Translating cellView TO_TEST_24_10_16/ioh_iscrd2_4x100/layout as STRUCTURE ioh_iscrd2_4x100.
INFO (XSTRM-223): 558. Translating cellView TO_TEST_24_10_16/ioh_dhpw_100/layout as STRUCTURE ioh_dhpw_100.
INFO (XSTRM-223): 559. Translating cellView TO_TEST_24_10_16/ioh_dhpw_2x100/layout as STRUCTURE ioh_dhpw_2x100.
INFO (XSTRM-223): 560. Translating cellView TO_TEST_24_10_16/ioh_dhpw_2x100_stack3_lay/layout as STRUCTURE ioh_dhpw_2x100_stack3_lay.
INFO (XSTRM-223): 561. Translating cellView TO_TEST_24_10_16/ioh_pmbsabhv_2x15_10/layout as STRUCTURE ioh_pmbsabhv_2x15_10.
INFO (XSTRM-223): 562. Translating cellView TO_TEST_24_10_16/ioh_pmbsabhv_750/layout as STRUCTURE ioh_pmbsabhv_750.
INFO (XSTRM-223): 563. Translating cellView TO_TEST_24_10_16/ioh_pe3sab_2x15_04/layout as STRUCTURE ioh_pe3sab_2x15_04.
INFO (XSTRM-223): 564. Translating cellView TO_TEST_24_10_16/ioh_rnp1_20k/layout as STRUCTURE ioh_rnp1_20k.
INFO (XSTRM-223): 565. Translating cellView TO_TEST_24_10_16/ioh_pe3isabhv_1050gcr/layout as STRUCTURE ioh_pe3isabhv_1050gcr.
INFO (XSTRM-223): 566. Translating cellView TO_TEST_24_10_16/ioh_c5pk/layout as STRUCTURE ioh_c5pk.
INFO (XSTRM-223): 567. Translating cellView TO_TEST_24_10_16/ioh_rpp1s_1/layout as STRUCTURE ioh_rpp1s_1.
INFO (XSTRM-223): 568. Translating cellView TO_TEST_24_10_16/prot_hvd4sjd1r5pk/layout as STRUCTURE prot_hvd4sjd1r5pk.
INFO (XSTRM-223): 569. Translating cellView TO_TEST_24_10_16/ioh_base64_metal_fs/layout as STRUCTURE ioh_base64_metal_fs.
INFO (XSTRM-223): 570. Translating cellView TO_TEST_24_10_16/ioh_base64_tap_f/layout as STRUCTURE ioh_base64_tap_f.
INFO (XSTRM-223): 571. Translating cellView TO_TEST_24_10_16/ioh_base64_fs/layout as STRUCTURE ioh_base64_fs.
INFO (XSTRM-223): 572. Translating cellView TO_TEST_24_10_16/HVD4SJD1R5PKFs/layout as STRUCTURE HVD4SJD1R5PKFs.
INFO (XSTRM-223): 573. Translating cellView TO_TEST_24_10_16/jio_con_pc/layout as STRUCTURE jio_con_pc.
INFO (XSTRM-223): 574. Translating cellView TO_TEST_24_10_16/jio_resg_pc/layout as STRUCTURE jio_resg_pc.
INFO (XSTRM-223): 575. Translating cellView TO_TEST_24_10_16/jio_baseaps_pc/layout as STRUCTURE jio_baseaps_pc.
INFO (XSTRM-223): 576. Translating cellView TO_TEST_24_10_16/jio_via1_pc/layout as STRUCTURE jio_via1_pc.
INFO (XSTRM-223): 577. Translating cellView TO_TEST_24_10_16/jio_viabt_pc/layout as STRUCTURE jio_viabt_pc.
INFO (XSTRM-223): 578. Translating cellView TO_TEST_24_10_16/jio_viatp_pc/layout as STRUCTURE jio_viatp_pc.
INFO (XSTRM-223): 579. Translating cellView TO_TEST_24_10_16/jio_via134tp_pc/layout as STRUCTURE jio_via134tp_pc.
INFO (XSTRM-223): 580. Translating cellView TO_TEST_24_10_16/jio_conm_pc/layout as STRUCTURE jio_conm_pc.
INFO (XSTRM-223): 581. Translating cellView TO_TEST_24_10_16/jio_via12bm_pc/layout as STRUCTURE jio_via12bm_pc.
INFO (XSTRM-223): 582. Translating cellView TO_TEST_24_10_16/jio_pe3isb_pc/layout as STRUCTURE jio_pe3isb_pc.
INFO (XSTRM-223): 583. Translating cellView TO_TEST_24_10_16/jio_via234tp_pc/layout as STRUCTURE jio_via234tp_pc.
INFO (XSTRM-223): 584. Translating cellView TO_TEST_24_10_16/jio_via12_pc/layout as STRUCTURE jio_via12_pc.
INFO (XSTRM-223): 585. Translating cellView TO_TEST_24_10_16/jio_base_ptrps_pc/layout as STRUCTURE jio_base_ptrps_pc.
INFO (XSTRM-223): 586. Translating cellView TO_TEST_24_10_16/jio_viabtp_pc/layout as STRUCTURE jio_viabtp_pc.
INFO (XSTRM-223): 587. Translating cellView TO_TEST_24_10_16/std_pad_layout/layout as STRUCTURE std_pad_layout.
INFO (XSTRM-223): 588. Translating cellView TO_TEST_24_10_16/jio_pad_pc/layout as STRUCTURE jio_pad_pc.
INFO (XSTRM-223): 589. Translating cellView TO_TEST_24_10_16/jio_viatpl_pc/layout as STRUCTURE jio_viatpl_pc.
INFO (XSTRM-223): 590. Translating cellView TO_TEST_24_10_16/jio_padp_pc/layout as STRUCTURE jio_padp_pc.
INFO (XSTRM-223): 591. Translating cellView TO_TEST_24_10_16/jio_via4tp_pc/layout as STRUCTURE jio_via4tp_pc.
INFO (XSTRM-223): 592. Translating cellView TO_TEST_24_10_16/jio_via34tp_pc/layout as STRUCTURE jio_via34tp_pc.
INFO (XSTRM-223): 593. Translating cellView TO_TEST_24_10_16/jio_via34tp1r_pc/layout as STRUCTURE jio_via34tp1r_pc.
INFO (XSTRM-223): 594. Translating cellView TO_TEST_24_10_16/jio_via34_1r_pc/layout as STRUCTURE jio_via34_1r_pc.
INFO (XSTRM-223): 595. Translating cellView TO_TEST_24_10_16/jio_base_metal_pc/layout as STRUCTURE jio_base_metal_pc.
INFO (XSTRM-223): 596. Translating cellView TO_TEST_24_10_16/jio_ne3isb_pc/layout as STRUCTURE jio_ne3isb_pc.
INFO (XSTRM-223): 597. Translating cellView TO_TEST_24_10_16/jio_base_ntrb_pc/layout as STRUCTURE jio_base_ntrb_pc.
INFO (XSTRM-223): 598. Translating cellView TO_TEST_24_10_16/jio_base_ntr_pc/layout as STRUCTURE jio_base_ntr_pc.
INFO (XSTRM-223): 599. Translating cellView TO_TEST_24_10_16/jio_via2_pc/layout as STRUCTURE jio_via2_pc.
INFO (XSTRM-223): 600. Translating cellView TO_TEST_24_10_16/jio_basenplink_pc/layout as STRUCTURE jio_basenplink_pc.
INFO (XSTRM-223): 601. Translating cellView TO_TEST_24_10_16/jio_via1dm_pc/layout as STRUCTURE jio_via1dm_pc.
INFO (XSTRM-223): 602. Translating cellView TO_TEST_24_10_16/jio_filpoly_ap_pc/layout as STRUCTURE jio_filpoly_ap_pc.
INFO (XSTRM-223): 603. Translating cellView TO_TEST_24_10_16/jio_fildifpoly_ap_pc/layout as STRUCTURE jio_fildifpoly_ap_pc.
INFO (XSTRM-223): 604. Translating cellView TO_TEST_24_10_16/jio_fildifpolye_ap_pc/layout as STRUCTURE jio_fildifpolye_ap_pc.
INFO (XSTRM-223): 605. Translating cellView TO_TEST_24_10_16/jio_basepspfl_pc/layout as STRUCTURE jio_basepspfl_pc.
INFO (XSTRM-223): 606. Translating cellView TO_TEST_24_10_16/jio_baseps_m2_pc/layout as STRUCTURE jio_baseps_m2_pc.
INFO (XSTRM-223): 607. Translating cellView TO_TEST_24_10_16/jio_baseps_pc/layout as STRUCTURE jio_baseps_pc.
INFO (XSTRM-223): 608. Translating cellView TO_TEST_24_10_16/APR00DPC/layout as STRUCTURE APR00DPC.
INFO (XSTRM-223): 609. Translating cellView TO_TEST_24_10_16/jio_pcutcon_pc/layout as STRUCTURE jio_pcutcon_pc.
INFO (XSTRM-223): 610. Translating cellView TO_TEST_24_10_16/jio_via1m_pc/layout as STRUCTURE jio_via1m_pc.
INFO (XSTRM-223): 611. Translating cellView TO_TEST_24_10_16/jio_via3_pc/layout as STRUCTURE jio_via3_pc.
INFO (XSTRM-223): 612. Translating cellView TO_TEST_24_10_16/jio_pcutdio_pc/layout as STRUCTURE jio_pcutdio_pc.
INFO (XSTRM-223): 613. Translating cellView TO_TEST_24_10_16/jio_pcutdiob_pc/layout as STRUCTURE jio_pcutdiob_pc.
INFO (XSTRM-223): 614. Translating cellView TO_TEST_24_10_16/jio_fildifpoly_pc/layout as STRUCTURE jio_fildifpoly_pc.
INFO (XSTRM-223): 615. Translating cellView TO_TEST_24_10_16/jio_fildifpolye_pc/layout as STRUCTURE jio_fildifpolye_pc.
INFO (XSTRM-223): 616. Translating cellView TO_TEST_24_10_16/jio_pwrc_difpoly5u_pc/layout as STRUCTURE jio_pwrc_difpoly5u_pc.
INFO (XSTRM-223): 617. Translating cellView TO_TEST_24_10_16/jio_pcutficon_pc/layout as STRUCTURE jio_pcutficon_pc.
INFO (XSTRM-223): 618. Translating cellView TO_TEST_24_10_16/jio_via234_pc/layout as STRUCTURE jio_via234_pc.
INFO (XSTRM-223): 619. Translating cellView TO_TEST_24_10_16/PWRCUTDCPC/layout as STRUCTURE PWRCUTDCPC.
INFO (XSTRM-223): 620. Translating cellView TO_TEST_24_10_16/jio_resp_lay_pc/layout as STRUCTURE jio_resp_lay_pc.
INFO (XSTRM-223): 621. Translating cellView TO_TEST_24_10_16/jio_via1dms_pc/layout as STRUCTURE jio_via1dms_pc.
INFO (XSTRM-223): 622. Translating cellView TO_TEST_24_10_16/jio_nng3_pc/layout as STRUCTURE jio_nng3_pc.
INFO (XSTRM-223): 623. Translating cellView TO_TEST_24_10_16/jio_vialnk_pc/layout as STRUCTURE jio_vialnk_pc.
INFO (XSTRM-223): 624. Translating cellView TO_TEST_24_10_16/jio_esda_lay_pc/layout as STRUCTURE jio_esda_lay_pc.
INFO (XSTRM-223): 625. Translating cellView TO_TEST_24_10_16/jio_base_m2_pc/layout as STRUCTURE jio_base_m2_pc.
INFO (XSTRM-223): 626. Translating cellView TO_TEST_24_10_16/jio_baseaa_pc/layout as STRUCTURE jio_baseaa_pc.
INFO (XSTRM-223): 627. Translating cellView TO_TEST_24_10_16/jio_base_ptra_pc/layout as STRUCTURE jio_base_ptra_pc.
INFO (XSTRM-223): 628. Translating cellView TO_TEST_24_10_16/jio_basean_pc/layout as STRUCTURE jio_basean_pc.
INFO (XSTRM-223): 629. Translating cellView TO_TEST_24_10_16/jio_rsesd_apr04_pc/layout as STRUCTURE jio_rsesd_apr04_pc.
INFO (XSTRM-223): 630. Translating cellView TO_TEST_24_10_16/jio_baseavdpfl_pc/layout as STRUCTURE jio_baseavdpfl_pc.
INFO (XSTRM-223): 631. Translating cellView TO_TEST_24_10_16/jio_fillpolym1_pc/layout as STRUCTURE jio_fillpolym1_pc.
INFO (XSTRM-223): 632. Translating cellView TO_TEST_24_10_16/jio_baseanpfl_pc/layout as STRUCTURE jio_baseanpfl_pc.
INFO (XSTRM-223): 633. Translating cellView TO_TEST_24_10_16/APR04DPC/layout as STRUCTURE APR04DPC.
INFO (XSTRM-223): 634. Translating cellView TO_TEST_24_10_16/jio_fildifpoly5u_pc/layout as STRUCTURE jio_fildifpoly5u_pc.
INFO (XSTRM-223): 635. Translating cellView TO_TEST_24_10_16/jio_fillmetal1u_pc/layout as STRUCTURE jio_fillmetal1u_pc.
INFO (XSTRM-223): 636. Translating cellView TO_TEST_24_10_16/jio_via34_pc/layout as STRUCTURE jio_via34_pc.
INFO (XSTRM-223): 637. Translating cellView TO_TEST_24_10_16/jio_filldife1u_pc/layout as STRUCTURE jio_filldife1u_pc.
INFO (XSTRM-223): 638. Translating cellView TO_TEST_24_10_16/jio_fillvia2u_pc/layout as STRUCTURE jio_fillvia2u_pc.
INFO (XSTRM-223): 639. Translating cellView TO_TEST_24_10_16/jio_fillmetalvia2u_pc/layout as STRUCTURE jio_fillmetalvia2u_pc.
INFO (XSTRM-223): 640. Translating cellView TO_TEST_24_10_16/FILLER20PC/layout as STRUCTURE FILLER20PC.
INFO (XSTRM-223): 641. Translating cellView TO_TEST_24_10_16/jio_crnv2link_pc/layout as STRUCTURE jio_crnv2link_pc.
INFO (XSTRM-223): 642. Translating cellView TO_TEST_24_10_16/jio_crn_met2_half_pc/layout as STRUCTURE jio_crn_met2_half_pc.
INFO (XSTRM-223): 643. Translating cellView TO_TEST_24_10_16/jio_crnvtpllink_pc/layout as STRUCTURE jio_crnvtpllink_pc.
INFO (XSTRM-223): 644. Translating cellView TO_TEST_24_10_16/jio_crn_metal_half_pc/layout as STRUCTURE jio_crn_metal_half_pc.
INFO (XSTRM-223): 645. Translating cellView TO_TEST_24_10_16/jio_crndifpolye_pc/layout as STRUCTURE jio_crndifpolye_pc.
INFO (XSTRM-223): 646. Translating cellView TO_TEST_24_10_16/jio_crndifpolye_r_pc/layout as STRUCTURE jio_crndifpolye_r_pc.
INFO (XSTRM-223): 647. Translating cellView TO_TEST_24_10_16/jio_crndifpoly_half_pc/layout as STRUCTURE jio_crndifpoly_half_pc.
INFO (XSTRM-223): 648. Translating cellView TO_TEST_24_10_16/jio_crnvlink_pc/layout as STRUCTURE jio_crnvlink_pc.
INFO (XSTRM-223): 649. Translating cellView TO_TEST_24_10_16/jio_crnptp_pc/layout as STRUCTURE jio_crnptp_pc.
INFO (XSTRM-223): 650. Translating cellView TO_TEST_24_10_16/jio_base_corn_half_pc/layout as STRUCTURE jio_base_corn_half_pc.
INFO (XSTRM-223): 651. Translating cellView TO_TEST_24_10_16/CORNERPC/layout as STRUCTURE CORNERPC.
INFO (XSTRM-223): 652. Translating cellView TO_TEST_24_10_16/FILLER05PC/layout as STRUCTURE FILLER05PC.
INFO (XSTRM-223): 653. Translating cellView TO_TEST_24_10_16/FILLER40PC/layout as STRUCTURE FILLER40PC.
INFO (XSTRM-223): 654. Translating cellView TO_TEST_24_10_16/FILLER70PC/layout as STRUCTURE FILLER70PC.
INFO (XSTRM-223): 655. Translating cellView TO_TEST_24_10_16/jio_base_ntrc_pc/layout as STRUCTURE jio_base_ntrc_pc.
INFO (XSTRM-223): 656. Translating cellView TO_TEST_24_10_16/jio_basepsc_pc/layout as STRUCTURE jio_basepsc_pc.
INFO (XSTRM-223): 657. Translating cellView TO_TEST_24_10_16/GNDPADPC/layout as STRUCTURE GNDPADPC.
INFO (XSTRM-223): 658. Translating cellView TO_TEST_24_10_16/jio_ne3isbg_pc/layout as STRUCTURE jio_ne3isbg_pc.
INFO (XSTRM-223): 659. Translating cellView TO_TEST_24_10_16/jio_base_ntrbg_pc/layout as STRUCTURE jio_base_ntrbg_pc.
INFO (XSTRM-223): 660. Translating cellView TO_TEST_24_10_16/jio_base_ngo_pc/layout as STRUCTURE jio_base_ngo_pc.
INFO (XSTRM-223): 661. Translating cellView TO_TEST_24_10_16/jio_baseapsgo_pc/layout as STRUCTURE jio_baseapsgo_pc.
INFO (XSTRM-223): 662. Translating cellView TO_TEST_24_10_16/jio_basenplnkgo_pc/layout as STRUCTURE jio_basenplnkgo_pc.
INFO (XSTRM-223): 663. Translating cellView TO_TEST_24_10_16/jio_baseps_m2g_pc/layout as STRUCTURE jio_baseps_m2g_pc.
INFO (XSTRM-223): 664. Translating cellView TO_TEST_24_10_16/jio_basepsgo_pc/layout as STRUCTURE jio_basepsgo_pc.
INFO (XSTRM-223): 665. Translating cellView TO_TEST_24_10_16/GNDORPADPC/layout as STRUCTURE GNDORPADPC.
INFO (XSTRM-223): 666. Translating cellView TO_TEST_24_10_16/VDDPADPC/layout as STRUCTURE VDDPADPC.
INFO (XSTRM-223): 667. Translating cellView TO_TEST_24_10_16/jio_fillpoly_pc/layout as STRUCTURE jio_fillpoly_pc.
INFO (XSTRM-223): 668. Translating cellView TO_TEST_24_10_16/jio_fildifpolypanc_pc/layout as STRUCTURE jio_fildifpolypanc_pc.
INFO (XSTRM-223): 669. Translating cellView TO_TEST_24_10_16/jio_base_ptrpsfl_pc/layout as STRUCTURE jio_base_ptrpsfl_pc.
INFO (XSTRM-223): 670. Translating cellView TO_TEST_24_10_16/jio_basepsn_pc/layout as STRUCTURE jio_basepsn_pc.
INFO (XSTRM-223): 671. Translating cellView TO_TEST_24_10_16/jio_basepsvo_pc/layout as STRUCTURE jio_basepsvo_pc.
INFO (XSTRM-223): 672. Translating cellView TO_TEST_24_10_16/VDDORPADPC/layout as STRUCTURE VDDORPADPC.
INFO (XSTRM-223): 673. Translating cellView TO_TEST_24_10_16/jio_gphfill_pc/layout as STRUCTURE jio_gphfill_pc.
INFO (XSTRM-223): 674. Translating cellView TO_TEST_24_10_16/jio_metflc_pc/layout as STRUCTURE jio_metflc_pc.
INFO (XSTRM-223): 675. Translating cellView TO_TEST_24_10_16/jio_lvpsd_pc/layout as STRUCTURE jio_lvpsd_pc.
INFO (XSTRM-223): 676. Translating cellView TO_TEST_24_10_16/jio_m4_pc/layout as STRUCTURE jio_m4_pc.
INFO (XSTRM-223): 677. Translating cellView TO_TEST_24_10_16/jio_bufy_pc/layout as STRUCTURE jio_bufy_pc.
INFO (XSTRM-223): 678. Translating cellView TO_TEST_24_10_16/jio_bufc_lay_pc/layout as STRUCTURE jio_bufc_lay_pc.
INFO (XSTRM-223): 679. Translating cellView TO_TEST_24_10_16/jio_rsesd_pc/layout as STRUCTURE jio_rsesd_pc.
INFO (XSTRM-223): 680. Translating cellView TO_TEST_24_10_16/jio_esd2_lay_pc/layout as STRUCTURE jio_esd2_lay_pc.
INFO (XSTRM-223): 681. Translating cellView TO_TEST_24_10_16/jio_ic_lay_pc/layout as STRUCTURE jio_ic_lay_pc.
INFO (XSTRM-223): 682. Translating cellView TO_TEST_24_10_16/jio_gpcon_pc/layout as STRUCTURE jio_gpcon_pc.
INFO (XSTRM-223): 683. Translating cellView TO_TEST_24_10_16/jio_baseijflc_pc/layout as STRUCTURE jio_baseijflc_pc.
INFO (XSTRM-223): 684. Translating cellView TO_TEST_24_10_16/jio_base_ptrq_pc/layout as STRUCTURE jio_base_ptrq_pc.
INFO (XSTRM-223): 685. Translating cellView TO_TEST_24_10_16/jio_base_ptr_pc/layout as STRUCTURE jio_base_ptr_pc.
INFO (XSTRM-223): 686. Translating cellView TO_TEST_24_10_16/jio_basea_pc/layout as STRUCTURE jio_basea_pc.
INFO (XSTRM-223): 687. Translating cellView TO_TEST_24_10_16/jio_baseti_pc/layout as STRUCTURE jio_baseti_pc.
INFO (XSTRM-223): 688. Translating cellView TO_TEST_24_10_16/jio_basei_pc/layout as STRUCTURE jio_basei_pc.
INFO (XSTRM-223): 689. Translating cellView TO_TEST_24_10_16/ICPC/layout as STRUCTURE ICPC.
INFO (XSTRM-223): 690. Translating cellView TO_TEST_24_10_16/jio_basensplink_pc/layout as STRUCTURE jio_basensplink_pc.
INFO (XSTRM-223): 691. Translating cellView TO_TEST_24_10_16/jio_basepsub_pc/layout as STRUCTURE jio_basepsub_pc.
INFO (XSTRM-223): 692. Translating cellView TO_TEST_24_10_16/PSUBPADPC/layout as STRUCTURE PSUBPADPC.
INFO (XSTRM-223): 693. Translating cellView TO_TEST_24_10_16/ioh_ddnw_2x100/layout as STRUCTURE ioh_ddnw_2x100.
INFO (XSTRM-223): 694. Translating cellView TO_TEST_24_10_16/ioh_pmbsabhv_2x40_10/layout as STRUCTURE ioh_pmbsabhv_2x40_10.
INFO (XSTRM-223): 695. Translating cellView TO_TEST_24_10_16/ioh_pmbsabhv_2000/layout as STRUCTURE ioh_pmbsabhv_2000.
INFO (XSTRM-223): 696. Translating cellView TO_TEST_24_10_16/ioh_pe3sab_2x40_04/layout as STRUCTURE ioh_pe3sab_2x40_04.
INFO (XSTRM-223): 697. Translating cellView TO_TEST_24_10_16/ioh_pe3isabhv_2800gcr/layout as STRUCTURE ioh_pe3isabhv_2800gcr.
INFO (XSTRM-223): 698. Translating cellView TO_TEST_24_10_16/ioh_d2pk/layout as STRUCTURE ioh_d2pk.
INFO (XSTRM-223): 699. Translating cellView TO_TEST_24_10_16/prot_hvdd4d2pk/layout as STRUCTURE prot_hvdd4d2pk.
INFO (XSTRM-223): 700. Translating cellView TO_TEST_24_10_16/HVDD4D2PK/layout as STRUCTURE HVDD4D2PK.
INFO (XSTRM-223): 701. Translating cellView TO_TEST_24_10_16/ioh_base61_metal_fs/layout as STRUCTURE ioh_base61_metal_fs.
INFO (XSTRM-223): 702. Translating cellView TO_TEST_24_10_16/ioh_base61_tap_f/layout as STRUCTURE ioh_base61_tap_f.
INFO (XSTRM-223): 703. Translating cellView TO_TEST_24_10_16/ioh_base61_fs/layout as STRUCTURE ioh_base61_fs.
INFO (XSTRM-223): 704. Translating cellView TO_TEST_24_10_16/ioh_d5pk/layout as STRUCTURE ioh_d5pk.
INFO (XSTRM-223): 705. Translating cellView TO_TEST_24_10_16/prot_hvdd4dj5pk/layout as STRUCTURE prot_hvdd4dj5pk.
INFO (XSTRM-223): 706. Translating cellView TO_TEST_24_10_16/HVDD4DJ5PKFs/layout as STRUCTURE HVDD4DJ5PKFs.
INFO (XSTRM-223): 707. Translating cellView TO_TEST_24_10_16/VIATPL_C_CDNS_72908439383323/layout as STRUCTURE VIATPL_C_CDNS_72908439383323.
INFO (XSTRM-223): 708. Translating cellView TO_TEST_24_10_16/ioring_16ele/layout as STRUCTURE ioring_16ele.
INFO (XSTRM-223): 709. Translating cellView TO_TEST_24_10_16/Letters_CDNS_7290843938380/layout as STRUCTURE Letters_CDNS_7290843938380.
INFO (XSTRM-223): 710. Translating cellView TO_TEST_24_10_16/ioh_base_pad53_inline/layout as STRUCTURE ioh_base_pad53_inline.
INFO (XSTRM-223): 711. Translating cellView TO_TEST_24_10_16/HVSSFs/layout as STRUCTURE HVSSFs.
INFO (XSTRM-223): 712. Translating cellView TO_TEST_24_10_16/VIA2_C_CDNS_729084393830/layout as STRUCTURE VIA2_C_CDNS_729084393830.
INFO (XSTRM-223): 713. Translating cellView TO_TEST_24_10_16/VIA2_C_CDNS_729084393831/layout as STRUCTURE VIA2_C_CDNS_729084393831.
INFO (XSTRM-223): 714. Translating cellView TO_TEST_24_10_16/VIATP_C_CDNS_729084393832/layout as STRUCTURE VIATP_C_CDNS_729084393832.
INFO (XSTRM-223): 715. Translating cellView TO_TEST_24_10_16/VIA3_C_CDNS_729084393833/layout as STRUCTURE VIA3_C_CDNS_729084393833.
INFO (XSTRM-223): 716. Translating cellView TO_TEST_24_10_16/VIATP_C_CDNS_729084393834/layout as STRUCTURE VIATP_C_CDNS_729084393834.
INFO (XSTRM-223): 717. Translating cellView TO_TEST_24_10_16/VIA2_C_CDNS_729084393835/layout as STRUCTURE VIA2_C_CDNS_729084393835.
INFO (XSTRM-223): 718. Translating cellView TO_TEST_24_10_16/aska_top_16ele_v2/layout as STRUCTURE aska_top_16ele_v2.
INFO (XSTRM-223): 719. Translating cellView TO_TEST_24_10_16/aska_top_16ele_v2_TOP/layout as STRUCTURE aska_top_16ele_v2_TOP.

Summary of Objects Translated:
	Scalar Instances:                       35837
	Array Instances:                        3109
	Polygons:                               3786
	Paths:                                  20040
	Rectangles:                             2366536
	Lines:                                  0
	Arcs:                                   0
	Donuts:                                 0
	Dots:                                   0
	Ellipses:                               0
	Boundaries:                             207
	Area Blockages:                         0
	Layer Blockages:                        0
	Area Halos:                             0
	Markers:                                0
	Rows:                                   0
	Standard Vias                           0
	Custom Vias:                            0
	CdsGen Vias:                            0
	Pathsegs:                               4
	Text:                                   2723
	TextDisplay:                            0
	Cells:                                  719

Elapsed Time: 2.4s   User Time: 1.6s   CPU Time: 0.4s   Peak VM: 59992KB
INFO (XSTRM-234): Translation completed. '0' error(s) and '1' warning(s) found.
