Starting Single Run, Sweeps and Corners...

Current time: Sun Jun 23 15:58:55 2024 
Best design point: 1
Design specs: 
	Corner_sim	corner	VDD_PR_TMP_0 - 
	Poles		Error	No
	Zeros		Error	No
	Corner_sim	corner	VDD_PR_TMP_1 - 
	Poles		Error	No
	Zeros		Error	No
	Corner_sim	corner	VDD_PR_TMP_2 - 
	Poles		Error	No
	Zeros		Error	No
	Corner_sim	corner	VDD_PR_TMP_3 - 
	Poles		Error	No
	Zeros		Error	No
	Corner_sim	corner	VDD_PR_TMP_4 - 
	Poles		Error	No
	Zeros		Error	No
	Corner_sim	corner	VDD_PR_TMP_5 - 
	Poles		Error	No
	Zeros		Error	No
	Corner_sim	corner	VDD_PR_TMP_6 - 
	Poles		Error	No
	Zeros		Error	No
	Corner_sim	corner	VDD_PR_TMP_7 - 
	Poles		Error	No
	Zeros		Error	No
	Corner_sim	corner	VDD_PR_TMP_8 - 
	Poles		Error	No
	Zeros		Error	No
	Corner_sim	corner	VDD_PR_TMP_9 - 
	Poles		Error	No
	Zeros		Error	No
	Corner_sim	corner	VDD_PR_TMP_10 - 
	Poles		Error	No
	Zeros		Error	No
	Corner_sim	corner	VDD_PR_TMP_11 - 
	Poles		Error	No
	Zeros		Error	No
	Corner_sim	corner	VDD_PR_TMP_12 - 
	Poles		Error	No
	Zeros		Error	No
	Corner_sim	corner	VDD_PR_TMP_13 - 
	Poles		Error	No
	Zeros		Error	No
	Corner_sim	corner	VDD_PR_TMP_14 - 
	Poles		Error	No
	Zeros		Error	No
	Corner_sim	corner	VDD_PR_TMP_15 - 
	Poles		Error	No
	Zeros		Error	No
	Corner_sim	corner	VDD_PR_TMP_16 - 
	Poles		Error	No
	Zeros		Error	No
	Corner_sim	corner	VDD_PR_TMP_17 - 
	Poles		Error	No
	Zeros		Error	No
	Corner_sim	corner	VDD_PR_TMP_18 - 
	Poles		Error	No
	Zeros		Error	No
	Corner_sim	corner	VDD_PR_TMP_19 - 
	Poles		Error	No
	Zeros		Error	No
	Corner_sim	corner	VDD_PR_TMP_20 - 
	Poles		Error	No
	Zeros		Error	No
	Corner_sim	corner	VDD_PR_TMP_21 - 
	Poles		Error	No
	Zeros		Error	No
	Corner_sim	corner	VDD_PR_TMP_22 - 
	Poles		Error	No
	Zeros		Error	No
	Corner_sim	corner	VDD_PR_TMP_23 - 
	Poles		Error	No
	Zeros		Error	No
	Corner_sim	corner	VDD_PR_TMP_24 - 
	Poles		Error	No
	Zeros		Error	No
	Corner_sim	corner	VDD_PR_TMP_25 - 
	Poles		Error	No
	Zeros		Error	No
	Corner_sim	corner	VDD_PR_TMP_26 - 
	Poles		Error	No
	Zeros		Error	No
	Corner_sim	corner	VDD_PR_TMP_27 - 
	Poles		Error	No
	Zeros		Error	No
	Corner_sim	corner	VDD_PR_TMP_28 - 
	Poles		Error	No
	Zeros		Error	No
	Corner_sim	corner	VDD_PR_TMP_29 - 
	Poles		Error	No
	Zeros		Error	No
	Corner_sim	corner	VDD_PR_TMP_30 - 
	Poles		Error	No
	Zeros		Error	No
	Corner_sim	corner	VDD_PR_TMP_31 - 
	Poles		Error	No
	Zeros		Error	No
	Corner_sim	corner	VDD_PR_TMP_32 - 
	Poles		Error	No
	Zeros		Error	No
	Corner_sim	corner	VDD_PR_TMP_33 - 
	Poles		Error	No
	Zeros		Error	No
	Corner_sim	corner	VDD_PR_TMP_34 - 
	Poles		Error	No
	Zeros		Error	No
	Corner_sim	corner	VDD_PR_TMP_35 - 
	Poles		Error	No
	Zeros		Error	No
	Corner_sim	corner	VDD_PR_TMP_36 - 
	Poles		Error	No
	Zeros		Error	No
	Corner_sim	corner	VDD_PR_TMP_37 - 
	Poles		Error	No
	Zeros		Error	No
	Corner_sim	corner	VDD_PR_TMP_38 - 
	Poles		Error	No
	Zeros		Error	No
	Corner_sim	corner	VDD_PR_TMP_39 - 
	Poles		Error	No
	Zeros		Error	No
	Corner_sim	corner	VDD_PR_TMP_40 - 
	Poles		Error	No
	Zeros		Error	No
	Corner_sim	corner	VDD_PR_TMP_41 - 
	Poles		Error	No
	Zeros		Error	No
	Corner_sim	corner	VDD_PR_TMP_42 - 
	Poles		Error	No
	Zeros		Error	No
	Corner_sim	corner	VDD_PR_TMP_43 - 
	Poles		Error	No
	Zeros		Error	No
	Corner_sim	corner	VDD_PR_TMP_44 - 
	Poles		Error	No
	Zeros		Error	No
	Corner_sim	corner	VDD_PR_TMP_45 - 
	Poles		Error	No
	Zeros		Error	No
	Corner_sim	corner	VDD_PR_TMP_46 - 
	Poles		Error	No
	Zeros		Error	No
	Corner_sim	corner	VDD_PR_TMP_47 - 
	Poles		Error	No
	Zeros		Error	No
	Corner_sim	corner	VDD_PR_TMP_48 - 
	Poles		Error	No
	Zeros		Error	No
	Corner_sim	corner	VDD_PR_TMP_49 - 
	Poles		Error	No
	Zeros		Error	No
	Corner_sim	corner	VDD_PR_TMP_50 - 
	Poles		Error	No
	Zeros		Error	No
	Corner_sim	corner	VDD_PR_TMP_51 - 
	Poles		Error	No
	Zeros		Error	No
	Corner_sim	corner	VDD_PR_TMP_52 - 
	Poles		Error	No
	Zeros		Error	No
	Corner_sim	corner	VDD_PR_TMP_53 - 
	Poles		Error	No
	Zeros		Error	No
	Corner_sim	corner	VDD_PR_TMP_54 - 
	Poles		Error	No
	Zeros		Error	No
	Corner_sim	corner	VDD_PR_TMP_55 - 
	Poles		Error	No
	Zeros		Error	No
	Corner_sim	corner	VDD_PR_TMP_56 - 
	Poles		Error	No
	Zeros		Error	No
	Corner_sim	corner	VDD_PR_TMP_57 - 
	Poles		Error	No
	Zeros		Error	No
	Corner_sim	corner	VDD_PR_TMP_58 - 
	Poles		Error	No
	Zeros		Error	No
	Corner_sim	corner	VDD_PR_TMP_59 - 
	Poles		Error	No
	Zeros		Error	No
	Corner_sim	corner	VDD_PR_TMP_60 - 
	Poles		Error	No
	Zeros		Error	No
	Corner_sim	corner	VDD_PR_TMP_61 - 
	Poles		Error	No
	Zeros		Error	No
	Corner_sim	corner	VDD_PR_TMP_62 - 
	Poles		Error	No
	Zeros		Error	No
	Corner_sim	corner	VDD_PR_TMP_63 - 
	Poles		Error	No
	Zeros		Error	No
	Corner_sim	corner	Nominal - 
	Poles		Error	No
	Zeros		Error	No
Design parameters: 
	VREF		1.21
	VREF_PULSE		0
	VDD3_PULSE		0
	VDD3		3.3

Interactive.126
Number of points completed: 1
Number of simulation errors: 0
Interactive.126 completed. 
Current time: Sun Jun 23 15:59:11 2024 
