Starting Single Run, Sweeps and Corners...

Current time: Tue Apr  9 09:40:59 2024 
Best design point: 1
Design specs: 
	Corner_sim	corner	PROCESS_TEMP_0 - 
	Poles		Error	No
	Zeros		Error	No
	Corner_sim	corner	PROCESS_TEMP_1 - 
	Poles		Error	No
	Zeros		Error	No
	Corner_sim	corner	PROCESS_TEMP_2 - 
	Poles		Error	No
	Zeros		Error	No
	Corner_sim	corner	PROCESS_TEMP_3 - 
	Poles		Error	No
	Zeros		Error	No
	Corner_sim	corner	PROCESS_TEMP_4 - 
	Poles		Error	No
	Zeros		Error	No
	Corner_sim	corner	PROCESS_TEMP_5 - 
	Poles		Error	No
	Zeros		Error	No
	Corner_sim	corner	PROCESS_TEMP_6 - 
	Poles		Error	No
	Zeros		Error	No
	Corner_sim	corner	PROCESS_TEMP_7 - 
	Poles		Error	No
	Zeros		Error	No
	Corner_sim	corner	PROCESS_TEMP_8 - 
	Poles		Error	No
	Zeros		Error	No
	Corner_sim	corner	PROCESS_TEMP_9 - 
	Poles		Error	No
	Zeros		Error	No
	Corner_sim	corner	PROCESS_TEMP_10 - 
	Poles		Error	No
	Zeros		Error	No
	Corner_sim	corner	PROCESS_TEMP_11 - 
	Poles		Error	No
	Zeros		Error	No
	Corner_sim	corner	PROCESS_TEMP_12 - 
	Poles		Error	No
	Zeros		Error	No
	Corner_sim	corner	PROCESS_TEMP_13 - 
	Poles		Error	No
	Zeros		Error	No
	Corner_sim	corner	PROCESS_TEMP_14 - 
	Poles		Error	No
	Zeros		Error	No
	Corner_sim	corner	PROCESS_TEMP_15 - 
	Poles		Error	No
	Zeros		Error	No
	Corner_sim	corner	PROCESS_TEMP_16 - 
	Poles		Error	No
	Zeros		Error	No
	Corner_sim	corner	PROCESS_TEMP_17 - 
	Poles		Error	No
	Zeros		Error	No
	Corner_sim	corner	PROCESS_TEMP_18 - 
	Poles		Error	No
	Zeros		Error	No
	Corner_sim	corner	PROCESS_TEMP_19 - 
	Poles		Error	No
	Zeros		Error	No
	Corner_sim	corner	PROCESS_TEMP_20 - 
	Poles		Error	No
	Zeros		Error	No
	Corner_sim	corner	PROCESS_TEMP_21 - 
	Poles		Error	No
	Zeros		Error	No
	Corner_sim	corner	PROCESS_TEMP_22 - 
	Poles		Error	No
	Zeros		Error	No
	Corner_sim	corner	PROCESS_TEMP_23 - 
	Poles		Error	No
	Zeros		Error	No
	Corner_sim	corner	PROCESS_TEMP_24 - 
	Poles		Error	No
	Zeros		Error	No
	Corner_sim	corner	PROCESS_TEMP_25 - 
	Poles		Error	No
	Zeros		Error	No
	Corner_sim	corner	PROCESS_TEMP_26 - 
	Poles		Error	No
	Zeros		Error	No
	Corner_sim	corner	PROCESS_TEMP_27 - 
	Poles		Error	No
	Zeros		Error	No
	Corner_sim	corner	PROCESS_TEMP_28 - 
	Poles		Error	No
	Zeros		Error	No
	Corner_sim	corner	PROCESS_TEMP_29 - 
	Poles		Error	No
	Zeros		Error	No
	Corner_sim	corner	PROCESS_TEMP_30 - 
	Poles		Error	No
	Zeros		Error	No
	Corner_sim	corner	PROCESS_TEMP_31 - 
	Poles		Error	No
	Zeros		Error	No
	Corner_sim	corner	Nominal - 
	Poles		Error	No
	Zeros		Error	No
Design parameters: 
	VDD3		3.3
	VREF		1.21
	VREF_PULSE		0
	VDD3_PULSE		0

Interactive.115
Number of points completed: 1
Number of simulation errors: 0
Interactive.115 completed. 
Current time: Tue Apr  9 09:41:13 2024 
