Starting Monte Carlo Sampling...

Current time: Tue Apr  9 10:01:02 2024 

Variation: All
Sampling Method: Low-Discrepancy Sequence
Seed: 

MonteCarlo.5
Number of points completed: 300
Number of simulation errors: 0
MonteCarlo.5 completed. 
Current time: Tue Apr  9 10:04:48 2024 
Monte Carlo Sampling yield summary:
Number of spec values are in this yield data: 4
Montecarlo_sim	Nominal - 
	Poles:	Yield	0%
		Min 0	Max 0	Mean 0	Number of errors 255
Montecarlo_sim	Nominal - 
	V/V /V0; xf dB20(V/V):	Yield	0%
		Min 0	Max 0	Mean 0	Number of errors 255
Montecarlo_sim	Nominal - 
	V/V /V1; xf dB20(V/V):	Yield	0%
		Min 0	Max 0	Mean 0	Number of errors 255
Montecarlo_sim	Nominal - 
	Zeros:	Yield	0%
		Min 0	Max 0	Mean 0	Number of errors 255

Montecarlo_sim
	Overall Yield	0%	Number of points passed	0	Total number of points	255

Estimated yield = 0% (0/255), 255 errors
Estimated yield (No opregions) = 0% (0/255)
