Starting Monte Carlo Sampling...

Current time: Tue Apr  9 09:20:57 2024 

Variation: All
Sampling Method: Low-Discrepancy Sequence
Seed: 

MonteCarlo.2
Number of points completed: 300
Number of simulation errors: 0
MonteCarlo.2 completed. 
Current time: Tue Apr  9 09:23:11 2024 
Monte Carlo Sampling yield summary:
Number of spec values are in this yield data: 4
montecarlo	Nominal - 
	Poles:	Yield	0%
		Min 0	Max 0	Mean 0	Number of errors 34
montecarlo	Nominal - 
	V/V /V0; xf dB20(V/V):	Yield	0%
		Min 0	Max 0	Mean 0	Number of errors 34
montecarlo	Nominal - 
	V/V /V1; xf dB20(V/V):	Yield	0%
		Min 0	Max 0	Mean 0	Number of errors 34
montecarlo	Nominal - 
	Zeros:	Yield	0%
		Min 0	Max 0	Mean 0	Number of errors 34

montecarlo
	Overall Yield	0%	Number of points passed	0	Total number of points	34

Estimated yield = 0% (0/34), 34 errors
Estimated yield (No opregions) = 0% (0/34)
