Starting Monte Carlo Sampling...

Current time: Tue Apr  9 09:45:21 2024 

Variation: All
Sampling Method: Low-Discrepancy Sequence
Seed: 

MonteCarlo.4
Number of points completed: 300
Number of simulation errors: 0
MonteCarlo.4 completed. 
Current time: Tue Apr  9 09:46:43 2024 
Monte Carlo Sampling yield summary:
Number of spec values are in this yield data: 4
Montecarlo_sim	Nominal - 
	Poles:	Yield	0%
		Min 0	Max 0	Mean 0	Number of errors 16
Montecarlo_sim	Nominal - 
	V/V /V0; xf dB20(V/V):	Yield	0%
		Min 0	Max 0	Mean 0	Number of errors 0
Montecarlo_sim	Nominal - 
	V/V /V1; xf dB20(V/V):	Yield	0%
		Min 0	Max 0	Mean 0	Number of errors 0
Montecarlo_sim	Nominal - 
	Zeros:	Yield	0%
		Min 0	Max 0	Mean 0	Number of errors 16

Montecarlo_sim
	Overall Yield	100%	Number of points passed	16	Total number of points	16

Estimated yield = 100% (16/16), 16 errors
Estimated yield (No opregions) = 100% (16/16)
