Virtuoso Framework License (111) was checked out successfully. Total checkout time was 0.06s.
********************************************************************************
Product   : Virtuoso(R) XStream Out
Program   : @(#)$CDS: strmout version 6.1.8-64b 10/11/2023 09:46 (sjfhw317) $
          : sub-version  IC6.1.8-64b.500.34 
Started at: 28-Jun-2024  07:59:28
User Name : saul
Host Name : phoenix
Directory : /home/saul/projects/ASKA
CADENCE Design Systems, Inc.
********************************************************************************
Info: Cellview Rev Num:99,  Tech Rev Num:59

WARNING (XSTRM-20): Output Stream file '/home/saul/projects/ASKA/layoutverification/pvs_drc/nedia_layout/nedia_layout.gds' already exists. It will be overwritten.
INFO (XSTRM-217): Reading the layer map file, /home/saul/projects/ASKA/.xkit/setup/xh018/cadence/PDK/TECH_XH018_1143/strmInOut.layertable
INFO (XSTRM-217): Reading the object map file, /home/saul/projects/ASKA/.xkit/setup/xh018/cadence/PDK/TECH_XH018_1143/strmOutObjects.map
INFO (XSTRM-162): You have not used the '-viaMap' option. If the OpenAccess design has native oaVia instances, use the '-viaMap' option for preserving oaVia instances in a XStream Out - XStream In round trip. Using the '-viaMap' option improves performance and VM usage of applications using the Streamed-In design.

Summary of Options :
library                                 ALL_TESTS
strmFile                                /home/saul/projects/ASKA/layoutverification/pvs_drc/nedia_layout/nedia_layout.gds
topCell                                 nedia_layout
view                                    layout
runDir                                  /home/saul/projects/ASKA/layoutverification/pvs_drc/nedia_layout
logFile                                 /home/saul/projects/ASKA/layoutverification/pvs_drc/nedia_layout/PIPO1.LOG
techLib                                 TECH_XH018
hierDepth                               32
maxVertices                             2048
layerMap                                /home/saul/projects/ASKA/.xkit/setup/xh018/cadence/PDK/TECH_XH018_1143/strmInOut.layertable
objectMap                                /home/saul/projects/ASKA/.xkit/setup/xh018/cadence/PDK/TECH_XH018_1143/strmOutObjects.map
userSkillFile                           /home/saul/projects/ASKA/layoutverification/pvs_drc/nedia_layout/strmout.il
labelDepth                              32
case                                    Preserve
convertDot                              node
convertPin                              geometryAndText

** Info: PDK loadpath is "/home/saul/pkg/xfab/XKIT/xh018/cadence/v9_0/PDK/IC61/v9_0_4"
Loading XfSktTools.cxt
Loading XfMenu.cxt
Loading XfTechXh018.cxt
Loading XfPcellCore.cxt
function ansiSpicePrintProperties_subcircuit redefined
Loading XfSkillExt.cxt
Initializing library.
Finished Initializing Library .
    Generic PcellKit: 'production' loaded.
    Generic Pcell Skill Tools: 'production' loaded.
Loading Circuit Prospector Setup (XfCircuitProspSetup.il)
Express Pcell license has been checked out for the Express Pcell feature.
INFO (XSTRM-223): 1. Translating cellView PRIMLIB/nedia/layout as STRUCTURE nedia_CDNS_719575968800.
INFO (XSTRM-223): 2. Translating cellView PRIMLIB/PowerMetal/layout as STRUCTURE PowerMetal_CDNS_719575968801.
INFO (XSTRM-223): 3. Translating cellView ALL_TESTS/nedia_layout/layout as STRUCTURE nedia_layout.

Summary of Objects Translated:
	Scalar Instances:                       3
	Array Instances:                        0
	Polygons:                               250
	Paths:                                  0
	Rectangles:                             11157
	Lines:                                  0
	Arcs:                                   0
	Donuts:                                 0
	Dots:                                   0
	Ellipses:                               0
	Boundaries:                             0
	Area Blockages:                         0
	Layer Blockages:                        0
	Area Halos:                             0
	Markers:                                0
	Rows:                                   0
	Standard Vias                           0
	Custom Vias:                            0
	CdsGen Vias:                            0
	Pathsegs:                               0
	Text:                                   1
	TextDisplay:                            0
	Cells:                                  3

Elapsed Time: 0.7s   User Time: 0.1s   CPU Time: 0.1s   Peak VM: 13596KB
INFO (XSTRM-234): Translation completed. '0' error(s) and '1' warning(s) found.
