current_source_gm_10_en_r 1000
Q1SU
2 2 3 Aug 13 03:36:48 2024
Rule File Pathname: /home/saul/projects/ASKA/layoutverification/pvs_drc/current_source_gm_10_en_r/.config.rul
Rule File Title:  " XH018 PVS DRC/LVS File v9.0.1 : MET4 / METMID / METTHK "
"Check for the right usage of the layer SUBCUT"
p 1 4
422590 41525
511370 41525
511370 157265
422590 157265
p 2 12
422590 3820
562575 3820
562575 161485
370425 161485
370425 86015
263285 86015
263285 3820
422590 3820
422590 157265
511370 157265
511370 41525
422590 41525
