*Info*    Exporting services from client ... 

*Info*    Client has finished starting ... 



*Info*    Configuring the session ...

	Library      = CURRENT_SOURCE
	Cell         = current_source_gm_switch_tb
	View         = schematic
	Simulator    = spectre
	State Path   = $AXL_SETUPDB_DIR/test_states
	State Name   = CURRENT_SOURCE:current_source_gm_switch_tb:1_none_Interactive.22
	Results DB   = /home/saul/projects/ASKA/CURRENT_SOURCE/current_source_gm_switch_tb/adexl/results/data/Interactive.22.rdb
	Results Dir  = /home/saul/projects/ASKA/Sim/CURRENT_SOURCE/current_source_gm_switch_tb/adexl/results/data/Interactive.22/1/CURRENT_SOURCE:current_source_gm_switch_tb:1
	Results Loc  = /home/saul/projects/ASKA/Sim/CURRENT_SOURCE/current_source_gm_switch_tb/adexl/results/data
	Project Dir  = /home/saul/projects/ASKA/Sim
	Setup DB loc = /home/saul/projects/ASKA/CURRENT_SOURCE/current_source_gm_switch_tb/adexl
	File Encoding = 0



*Info*    The auto suspension is disabled.






*Info*    Run start for Point ID (1 1) on testbench [
          CURRENT_SOURCE:current_source_gm_switch_tb:1 ].

Resetting statistical vars

*Info*    Setting parameter values ...

Setting var VDD = "3.3"
Setting var VDDH = "40"
Setting var VDD_AC = "0"
Setting var temperature = "27"
Setting temp(T) = 27

*Info*    Netlist Directory =
          /home/saul/projects/ASKA/Sim/CURRENT_SOURCE/current_source_gm_switch_tb/adexl/results/data/Interactive.22/1/CURRENT_SOURCE:current_source_gm_switch_tb:1/netlist


*Info*    Data Directory    =
          /home/saul/projects/ASKA/Sim/CURRENT_SOURCE/current_source_gm_switch_tb/adexl/results/data/Interactive.22/1/CURRENT_SOURCE:current_source_gm_switch_tb:1


*Info*    Creating Netlist for Point ID (1 1)

generate netlist...
function ansCdlCompPrim redefined
function ansCdlCompPrim redefined
Initializing the control file using cp:
    cp /home/saul/cadence/installs/IC618/tools.lnx86/dfII/etc/si/control.spectre /home/saul/projects/ASKA/Sim/CURRENT_SOURCE/current_source_gm_switch_tb/adexl/results/data/Interactive.22/1/CURRENT_SOURCE:current_source_gm_switch_tb:1/netlist/control
Copying Spectre source file 'spectre.inp'
Copying Spectre command file 'spectre.sim'
Begin Incremental Netlisting Mar 11 05:08:15 2024
End netlisting Mar 11 05:08:15 2024

Netlisting Statistics:
	Number of components:   42

	Elapsed time:          0.0s
Errors: 0	Warnings: 0
      ...successful.
compose simulator input file...
      ...successful.

*Info*    Running simulation on testbench [
          CURRENT_SOURCE:current_source_gm_switch_tb:1 ] for Point ID
          (1 1).

Delete psf data in /home/saul/projects/ASKA/Sim/CURRENT_SOURCE/current_source_gm_switch_tb/adexl/results/data/Interactive.22/1/CURRENT_SOURCE:current_source_gm_switch_tb:1/psf.
compose simulator input file...
      ...successful.
start simulator if needed...
      ...successful.
simulate...
To view the simulator output, right-click on the test name, result 
name, or any value in the "Results" tab of the Outputs section and 
choose "Output Log" menu option.
INFO (ADE-3071): Simulation completed successfully.
reading simulation data...
      ...successful.
*Info*    Client has finished evaluating ... 


*Info*    Run complete for Point ID (1 1) on testbench [
          CURRENT_SOURCE:current_source_gm_switch_tb:1 ].





Simulation design variables differ from those on the cellView,
they have been saved in the file "/tmp/saved-design-variables".
To save future changes, copy variables to cellView before exiting.
