*Info*    Exporting services from client ... 

*Info*    Client has finished starting ... 



*Info*    Configuring the session ...

	Library      = HVSWITCH
	Cell         = hvswitch_tb
	View         = config
	Simulator    = spectre
	State Path   = $AXL_SETUPDB_DIR/test_states
	State Name   = SOA_HVSWITCH:hvswitch_tb:1:1_state_Interactive.58
	Results DB   = /home/saul/projects/ASKA/HVSWITCH/hvswitch_tb/adexl/results/data/Interactive.58.rdb
	Results Dir  = /home/saul/projects/ASKA/Sim/HVSWITCH/hvswitch_tb/adexl/results/data/Interactive.58/1/SOA
	Results Loc  = /home/saul/projects/ASKA/Sim/HVSWITCH/hvswitch_tb/adexl/results/data
	Project Dir  = /home/saul/projects/ASKA/Sim
	Setup DB loc = /home/saul/projects/ASKA/HVSWITCH/hvswitch_tb/adexl
	File Encoding = 0



*Info*    The auto suspension is disabled.






*Info*    Run start for Point ID (6 1) on testbench [ SOA ].

Resetting statistical vars

*Info*    Setting parameter values ...

Setting var DN1 = "3.3"
Setting var DN2 = "0"
Setting var IDC = "50m"
Setting var UP1 = "0"
Setting var UP2 = "3.3"
Setting var VDDHV = "40"
Setting var temperature = "27"
Setting temp(T) = 27

*Info*    Netlist Directory =
          /home/saul/projects/ASKA/Sim/HVSWITCH/hvswitch_tb/adexl/results/data/Interactive.58/1/SOA/netlist


*Info*    Data Directory    =
          /home/saul/projects/ASKA/Sim/HVSWITCH/hvswitch_tb/adexl/results/data/Interactive.58/1/SOA


*Info*    Creating Netlist for Point ID (6 1)

generate netlist...
function ansCdlCompPrim redefined
function ansCdlCompPrim redefined
Begin Incremental Netlisting Mar  8 08:30:13 2024
End netlisting Mar  8 08:30:13 2024

Netlisting Statistics:
	Number of components:   14

	Elapsed time:          0.0s
Errors: 0	Warnings: 0
      ...successful.
compose simulator input file...
      ...successful.

*Info*    Running simulation on testbench [ SOA ] for Point ID (6 1).

Delete psf data in /home/saul/projects/ASKA/Sim/HVSWITCH/hvswitch_tb/adexl/results/data/Interactive.58/1/SOA/psf.
compose simulator input file...
      ...successful.
start simulator if needed...
      ...successful.
simulate...
To view the simulator output, right-click on the test name, result 
name, or any value in the "Results" tab of the Outputs section and 
choose "Output Log" menu option.
INFO (ADE-3071): Simulation completed successfully.
reading simulation data...
      ...successful.
*Info*    Client has finished evaluating ... 

ERROR (ADEXL-2708): Evaluation of output 'VDS2_N1' failed for point:'1' test:'SOA'
	Expression:'(VDC("/OUT2") - VDC("/CUR"))'
	because of the following error(s)
	*Error* difference: can't handle (nil - nil).
Ensure that the definition of output is correct.

ERROR (ADEXL-2708): Evaluation of output 'VGS1_N' failed for point:'1' test:'SOA'
	Expression:'(VDC("/I0/GATEN") - VDC("/CUR"))'
	because of the following error(s)
	*Error* difference: can't handle (nil - nil).
Ensure that the definition of output is correct.

ERROR (ADEXL-2708): Evaluation of output 'VGS1_P' failed for point:'1' test:'SOA'
	Expression:'(VDC("VDDHV") - VDC("/I0/GATEP"))'
	because of the following error(s)
	*Error* difference: can't handle (nil - nil).
Ensure that the definition of output is correct.

ERROR (ADEXL-2708): Evaluation of output 'VDS1_N' failed for point:'1' test:'SOA'
	Expression:'(VDC("/OUT1") - VDC("/CUR"))'
	because of the following error(s)
	*Error* difference: can't handle (nil - nil).
Ensure that the definition of output is correct.

ERROR (ADEXL-2708): Evaluation of output 'VDS1_P' failed for point:'1' test:'SOA'
	Expression:'(VDC("VDDHV") - VDC("/OUT1"))'
	because of the following error(s)
	*Error* difference: can't handle (nil - nil).
Ensure that the definition of output is correct.

ERROR (ADEXL-2708): Evaluation of output 'VGS2_N1' failed for point:'1' test:'SOA'
	Expression:'(VDC("/I5/GATEN") - VDC("/CUR"))'
	because of the following error(s)
	*Error* difference: can't handle (nil - nil).
Ensure that the definition of output is correct.

ERROR (ADEXL-2708): Evaluation of output 'VDS2_P1' failed for point:'1' test:'SOA'
	Expression:'(VDC("VDDHV") - VDC("/OUT2"))'
	because of the following error(s)
	*Error* difference: can't handle (nil - nil).
Ensure that the definition of output is correct.

ERROR (ADEXL-2708): Evaluation of output 'VGS2_P1' failed for point:'1' test:'SOA'
	Expression:'(VDC("VDDHV") - VDC("/I5/GATEP"))'
	because of the following error(s)
	*Error* difference: can't handle (nil - nil).
Ensure that the definition of output is correct.


*Info*    Run complete for Point ID (6 1) on testbench [ SOA ].





Simulation design variables differ from those on the cellView,
they have been saved in the file "/tmp/saved-design-variables".
To save future changes, copy variables to cellView before exiting.
