*Info*    Exporting services from client ... 

*Info*    Client has finished starting ... 



*Info*    Configuring the session ...

	Library      = HVSWITCH
	Cell         = hvswitch_tb
	View         = config
	Simulator    = spectre
	State Path   = $AXL_SETUPDB_DIR/test_states
	State Name   = SOA_HVSWITCH:hvswitch_tb:1:1_state_Interactive.131
	Results DB   = /home/saul/projects/ASKA/HVSWITCH/hvswitch_tb/adexl/results/data/Interactive.131.rdb
	Results Dir  = /home/saul/projects/ASKA/Sim/HVSWITCH/hvswitch_tb/adexl/results/data/Interactive.131/1/SOA
	Results Loc  = /home/saul/projects/ASKA/Sim/HVSWITCH/hvswitch_tb/adexl/results/data
	Project Dir  = /home/saul/projects/ASKA/Sim
	Setup DB loc = /home/saul/projects/ASKA/HVSWITCH/hvswitch_tb/adexl
	File Encoding = 0



*Info*    The auto suspension is disabled.






*Info*    Run start for Point ID (25 1) on testbench [ SOA ].

Resetting statistical vars

*Info*    Setting parameter values ...

Setting var DN1 = "3.3"
Setting var DN2 = "0"
Setting var IDC = "50m"
Setting var UP1 = "0"
Setting var UP2 = "3.3"
Setting var VDAC = "1.65"
Setting var VDDHV = "40"
Setting var temperature = "27"
Setting temp(T) = 27

*Info*    Netlist Directory =
          /home/saul/projects/ASKA/Sim/HVSWITCH/hvswitch_tb/adexl/results/data/Interactive.131/1/SOA/netlist


*Info*    Data Directory    =
          /home/saul/projects/ASKA/Sim/HVSWITCH/hvswitch_tb/adexl/results/data/Interactive.131/1/SOA


*Info*    Creating Netlist for Point ID (25 1)

generate netlist...
function ansCdlCompPrim redefined
function ansCdlCompPrim redefined
Begin Incremental Netlisting Mar 11 07:01:05 2024
End netlisting Mar 11 07:01:05 2024

	The netlist is up to date.
	Time taken to compare the design with netlist:   0.0s
      ...successful.
compose simulator input file...
      ...successful.

*Info*    Running simulation on testbench [ SOA ] for Point ID (25 1).

Delete psf data in /home/saul/projects/ASKA/Sim/HVSWITCH/hvswitch_tb/adexl/results/data/Interactive.131/1/SOA/psf.
compose simulator input file...
      ...successful.
start simulator if needed...
      ...successful.
simulate...
To view the simulator output, right-click on the test name, result 
name, or any value in the "Results" tab of the Outputs section and 
choose "Output Log" menu option.
*Info*    Current simulation for points ((25 1)).
*Info*    (ADE-3072): Simulation stopped because you selected the
          'Stop Simulation' command in ADE.

Simulation design variables differ from those on the cellView,
they have been saved in the file "/tmp/saved-design-variables".
To save future changes, copy variables to cellView before exiting.
