*Info*    Exporting services from client ... 

*Info*    Client has finished starting ... 



*Info*    Configuring the session ...

	Library      = HVSWITCH
	Cell         = hvswitch_tb
	View         = config
	Simulator    = spectre
	State Path   = $AXL_SETUPDB_DIR/test_states
	State Name   = SOA_HVSWITCH:hvswitch_tb:1:1_state_Interactive.136
	Results DB   = /home/saul/projects/ASKA/HVSWITCH/hvswitch_tb/adexl/results/data/Interactive.136.rdb
	Results Dir  = /home/saul/projects/ASKA/Sim/HVSWITCH/hvswitch_tb/adexl/results/data/Interactive.136/1/SOA
	Results Loc  = /home/saul/projects/ASKA/Sim/HVSWITCH/hvswitch_tb/adexl/results/data
	Project Dir  = /home/saul/projects/ASKA/Sim
	Setup DB loc = /home/saul/projects/ASKA/HVSWITCH/hvswitch_tb/adexl
	File Encoding = 0



*Info*    The auto suspension is disabled.






*Info*    Run start for Point ID (30 1) on testbench [ SOA ].

Resetting statistical vars

*Info*    Setting parameter values ...

Setting var DN1 = "3.3"
Setting var DN2 = "0"
Setting var IDC = "50m"
Setting var UP1 = "0"
Setting var UP2 = "3.3"
Setting var VDAC = "33m"
Setting var VDDHV = "40"
Setting var temperature = "27"
Setting temp(T) = 27

*Info*    Netlist Directory =
          /home/saul/projects/ASKA/Sim/HVSWITCH/hvswitch_tb/adexl/results/data/Interactive.136/1/SOA/netlist


*Info*    Data Directory    =
          /home/saul/projects/ASKA/Sim/HVSWITCH/hvswitch_tb/adexl/results/data/Interactive.136/1/SOA


*Info*    Creating Netlist for Point ID (30 1)

generate netlist...
function ansCdlCompPrim redefined
function ansCdlCompPrim redefined
Begin Incremental Netlisting Mar 11 08:33:11 2024
WARNING (OSSHNL-160): The primitive, 'PRIMLIB/ddnw/spectre', was not used in the last netlisting session in this
current run directory. Therefore, re-netlisting all cell views where this
primitive is instantiated.

WARNING (OSSHNL-160): The primitive, 'PRIMLIB/dhpw/spectre', was not used in the last netlisting session in this
current run directory. Therefore, re-netlisting all cell views where this
primitive is instantiated.

WARNING (OSSHNL-160): The primitive, 'PRIMLIB/rdp_io/spectre', was not used in the last netlisting session in this
current run directory. Therefore, re-netlisting all cell views where this
primitive is instantiated.

WARNING (OSSHNL-160): The primitive, 'PRIMLIB/dphnw/spectre', was not used in the last netlisting session in this
current run directory. Therefore, re-netlisting all cell views where this
primitive is instantiated.

WARNING (OSSHNL-160): The primitive, 'PRIMLIB/pmb/spectre', was not used in the last netlisting session in this
current run directory. Therefore, re-netlisting all cell views where this
primitive is instantiated.

WARNING (OSSHNL-160): The primitive, 'PRIMLIB/dp3/spectre', was not used in the last netlisting session in this
current run directory. Therefore, re-netlisting all cell views where this
primitive is instantiated.

WARNING (OSSHNL-160): The primitive, 'PRIMLIB/rnp1/spectre', was not used in the last netlisting session in this
current run directory. Therefore, re-netlisting all cell views where this
primitive is instantiated.

WARNING (OSSHNL-160): The primitive, 'PRIMLIB/pe3i/spectre', was not used in the last netlisting session in this
current run directory. Therefore, re-netlisting all cell views where this
primitive is instantiated.

WARNING (OSSHNL-160): The primitive, 'PRIMLIB/rdp3/spectre', was not used in the last netlisting session in this
current run directory. Therefore, re-netlisting all cell views where this
primitive is instantiated.

End netlisting Mar 11 08:33:12 2024

Netlisting Statistics:
	Number of components:  290

	Elapsed time:          1.0s (290.00/s)
Errors: 0	Warnings: 0
      ...successful.
compose simulator input file...
      ...successful.

*Info*    Running simulation on testbench [ SOA ] for Point ID (30 1).

Delete psf data in /home/saul/projects/ASKA/Sim/HVSWITCH/hvswitch_tb/adexl/results/data/Interactive.136/1/SOA/psf.
compose simulator input file...
      ...successful.
start simulator if needed...
      ...successful.
simulate...
To view the simulator output, right-click on the test name, result 
name, or any value in the "Results" tab of the Outputs section and 
choose "Output Log" menu option.
INFO (ADE-3071): Simulation completed successfully.
reading simulation data...
      ...successful.
*Info*    Client has finished evaluating ... 


*Info*    Run complete for Point ID (30 1) on testbench [ SOA ].





Simulation design variables differ from those on the cellView,
they have been saved in the file "/tmp/saved-design-variables".
To save future changes, copy variables to cellView before exiting.
