xmvlog(64): 23.09-s002: (c) Copyright 1995-2023 Cadence Design Systems, Inc.
TOOL:	xmvlog(64)	23.09-s002: Started on Jun 14, 2024 at 02:43:46 EDT
xmvlog
    -use5x
    -SPECIFICUNIT DIG_stimulus
    -zparse /tmp/vamsZparotc497
    -NOWARN DLNOHV
    -work ASKA_DIG
    -view verilogams_por
    -nostdout
    -logfile /home/saul/projects/ASKA/.cadence/dfII/TextSupport/Logs/Parser/verilogams/ASKA_DIG/verilogams_por/compile0.log
    -messages
    -ams
    -cdslib /home/saul/projects/ASKA/cds.lib
    /home/saul/projects/ASKA_DIGITAL/ASKA_DIG/virtuoso/ASKA_DIG/DIG_stimulus/verilogams_por/verilog.vams

file: /home/saul/projects/ASKA_DIGITAL/ASKA_DIG/virtuoso/ASKA_DIG/DIG_stimulus/verilogams_por/verilog.vams
	module ASKA_DIG.DIG_stimulus:verilogams_por
		errors: 0, warnings: 0
	 writing out DPL output:
TOOL:	xmvlog(64)	23.09-s002: Exiting on Jun 14, 2024 at 02:43:46 EDT  (total: 00:00:00)
