xmvlog(64): 23.09-s011: (c) Copyright 1995-2024 Cadence Design Systems, Inc.
TOOL:	xmvlog(64)	23.09-s011: Started on Sep 09, 2024 at 13:49:05 CEST
xmvlog
    -use5x
    -SPECIFICUNIT DIG_stimulus
    -zparse /tmp/vamsZparoaa257
    -NOWARN DLNOHV
    -work ASKA_DIG
    -view verilogams
    -nostdout
    -logfile /home/saul/projects/ASKA/.cadence/dfII/TextSupport/Logs/Parser/verilogams/ASKA_DIG/verilogams/compile1.log
    -messages
    -ams
    -cdslib /home/saul/projects/ASKA/cds.lib
    /home/saul/projects/ASKA_DIGITAL/virtuoso/ASKA_DIG/DIG_stimulus/verilogams/verilog.vams

file: /home/saul/projects/ASKA_DIGITAL/virtuoso/ASKA_DIG/DIG_stimulus/verilogams/verilog.vams
	module ASKA_DIG.DIG_stimulus:verilogams
		errors: 0, warnings: 0
	 writing out DPL output:
TOOL:	xmvlog(64)	23.09-s011: Exiting on Sep 09, 2024 at 13:49:05 CEST  (total: 00:00:00)
