Starting Single Run, Sweeps and Corners...

Current time: Fri Mar 22 07:24:11 2024 
Best design point: 1
Design specs: 
	HVSWITCH:hvswitch_tb:1	corner	PROCESS_OCC_0 - 
	HVSWITCH:hvswitch_tb:1	corner	PROCESS_OCC_1 - 
	HVSWITCH:hvswitch_tb:1	corner	PROCESS_OCC_2 - 
	HVSWITCH:hvswitch_tb:1	corner	PROCESS_OCC_3 - 
	HVSWITCH:hvswitch_tb:1	corner	PROCESS_OCC_4 - 
	HVSWITCH:hvswitch_tb:1	corner	PROCESS_OCC_5 - 
	HVSWITCH:hvswitch_tb:1	corner	PROCESS_OCC_6 - 
	HVSWITCH:hvswitch_tb:1	corner	PROCESS_OCC_7 - 
	HVSWITCH:hvswitch_tb:1	corner	PROCESS_OCC_8 - 
	HVSWITCH:hvswitch_tb:1	corner	PROCESS_OCC_9 - 
	HVSWITCH:hvswitch_tb:1	corner	PROCESS_OCC_10 - 
	HVSWITCH:hvswitch_tb:1	corner	PROCESS_OCC_11 - 
	HVSWITCH:hvswitch_tb:1	corner	PROCESS_OCC_12 - 
	HVSWITCH:hvswitch_tb:1	corner	PROCESS_OCC_13 - 
	HVSWITCH:hvswitch_tb:1	corner	PROCESS_OCC_14 - 
	HVSWITCH:hvswitch_tb:1	corner	PROCESS_OCC_15 - 
	HVSWITCH:hvswitch_tb:1	corner	PROCESS_OCC_16 - 
	HVSWITCH:hvswitch_tb:1	corner	PROCESS_OCC_17 - 
	HVSWITCH:hvswitch_tb:1	corner	PROCESS_OCC_18 - 
	HVSWITCH:hvswitch_tb:1	corner	PROCESS_OCC_19 - 
	HVSWITCH:hvswitch_tb:1	corner	PROCESS_OCC_20 - 
	HVSWITCH:hvswitch_tb:1	corner	PROCESS_OCC_21 - 
	HVSWITCH:hvswitch_tb:1	corner	PROCESS_OCC_22 - 
	HVSWITCH:hvswitch_tb:1	corner	PROCESS_OCC_23 - 
	HVSWITCH:hvswitch_tb:1	corner	PROCESS_OCC_24 - 
	HVSWITCH:hvswitch_tb:1	corner	PROCESS_OCC_25 - 
	HVSWITCH:hvswitch_tb:1	corner	PROCESS_OCC_26 - 
	HVSWITCH:hvswitch_tb:1	corner	PROCESS_OCC_27 - 
	HVSWITCH:hvswitch_tb:1	corner	PROCESS_OCC_28 - 
	HVSWITCH:hvswitch_tb:1	corner	PROCESS_OCC_29 - 
	HVSWITCH:hvswitch_tb:1	corner	PROCESS_OCC_30 - 
	HVSWITCH:hvswitch_tb:1	corner	PROCESS_OCC_31 - 
Design parameters: 
	IDC		50m
	VDDHV		40
	DN1		3.3
	DN2		0
	UP1		0
	UP2		3.3
	VDAC		1
	CAP_EXT		0
	VDDHV_PULSE		0
	VDD		3.3

Interactive.271
Number of points completed: 1
Number of simulation errors: 0
Interactive.271 completed. 
Current time: Fri Mar 22 07:34:19 2024 
