Starting Single Run, Sweeps and Corners...

Current time: Mon Apr 22 04:35:03 2024 
Best design point: 1
Design specs: 
	SOA	corner	PROCESS_OCC_0 - 
	SOA	corner	PROCESS_OCC_1 - 
	SOA	corner	PROCESS_OCC_2 - 
	SOA	corner	PROCESS_OCC_3 - 
	SOA	corner	PROCESS_OCC_4 - 
	SOA	corner	PROCESS_OCC_5 - 
	SOA	corner	PROCESS_OCC_6 - 
	SOA	corner	PROCESS_OCC_7 - 
	SOA	corner	PROCESS_OCC_8 - 
	SOA	corner	PROCESS_OCC_9 - 
	SOA	corner	PROCESS_OCC_10 - 
	SOA	corner	PROCESS_OCC_11 - 
	SOA	corner	PROCESS_OCC_12 - 
	SOA	corner	PROCESS_OCC_13 - 
	SOA	corner	PROCESS_OCC_14 - 
	SOA	corner	PROCESS_OCC_15 - 
	SOA	corner	PROCESS_OCC_16 - 
	SOA	corner	PROCESS_OCC_17 - 
	SOA	corner	PROCESS_OCC_18 - 
	SOA	corner	PROCESS_OCC_19 - 
	SOA	corner	PROCESS_OCC_20 - 
	SOA	corner	PROCESS_OCC_21 - 
	SOA	corner	PROCESS_OCC_22 - 
	SOA	corner	PROCESS_OCC_23 - 
	SOA	corner	PROCESS_OCC_24 - 
	SOA	corner	PROCESS_OCC_25 - 
	SOA	corner	PROCESS_OCC_26 - 
	SOA	corner	PROCESS_OCC_27 - 
	SOA	corner	PROCESS_OCC_28 - 
	SOA	corner	PROCESS_OCC_29 - 
	SOA	corner	PROCESS_OCC_30 - 
	SOA	corner	PROCESS_OCC_31 - 
Design parameters: 
	IDC		50m
	VDDHV		40
	DN1		0
	DN2		0
	UP1		0
	UP2		0
	CAP_EXT		10p
	VDDHV_PULSE		0
	VDD		3.3
	VDAC		330m
	VDAC2		1.65
	START_DELAY		20u

Interactive.458
Number of points completed: 1
Number of simulation errors: 0
Interactive.458 completed. 
Current time: Mon Apr 22 04:45:56 2024 
