Starting Single Run, Sweeps and Corners...

Current time: Fri Mar 22 06:20:45 2024 
Best design point: 1
Design specs: 
	HVSWITCH:hvswitch_tb:1	corner	VDD_PR_TMP_0 - 
	HVSWITCH:hvswitch_tb:1	corner	VDD_PR_TMP_1 - 
	HVSWITCH:hvswitch_tb:1	corner	VDD_PR_TMP_2 - 
	HVSWITCH:hvswitch_tb:1	corner	VDD_PR_TMP_3 - 
	HVSWITCH:hvswitch_tb:1	corner	VDD_PR_TMP_4 - 
	HVSWITCH:hvswitch_tb:1	corner	VDD_PR_TMP_5 - 
	HVSWITCH:hvswitch_tb:1	corner	VDD_PR_TMP_6 - 
	HVSWITCH:hvswitch_tb:1	corner	VDD_PR_TMP_7 - 
	HVSWITCH:hvswitch_tb:1	corner	VDD_PR_TMP_8 - 
	HVSWITCH:hvswitch_tb:1	corner	VDD_PR_TMP_9 - 
	HVSWITCH:hvswitch_tb:1	corner	VDD_PR_TMP_10 - 
	HVSWITCH:hvswitch_tb:1	corner	VDD_PR_TMP_11 - 
	HVSWITCH:hvswitch_tb:1	corner	VDD_PR_TMP_12 - 
	HVSWITCH:hvswitch_tb:1	corner	VDD_PR_TMP_13 - 
	HVSWITCH:hvswitch_tb:1	corner	VDD_PR_TMP_14 - 
	HVSWITCH:hvswitch_tb:1	corner	VDD_PR_TMP_15 - 
	HVSWITCH:hvswitch_tb:1	corner	VDD_PR_TMP_16 - 
	HVSWITCH:hvswitch_tb:1	corner	VDD_PR_TMP_17 - 
	HVSWITCH:hvswitch_tb:1	corner	VDD_PR_TMP_18 - 
	HVSWITCH:hvswitch_tb:1	corner	VDD_PR_TMP_19 - 
	HVSWITCH:hvswitch_tb:1	corner	VDD_PR_TMP_20 - 
	HVSWITCH:hvswitch_tb:1	corner	VDD_PR_TMP_21 - 
	HVSWITCH:hvswitch_tb:1	corner	VDD_PR_TMP_22 - 
	HVSWITCH:hvswitch_tb:1	corner	VDD_PR_TMP_23 - 
	HVSWITCH:hvswitch_tb:1	corner	VDD_PR_TMP_24 - 
	HVSWITCH:hvswitch_tb:1	corner	VDD_PR_TMP_25 - 
	HVSWITCH:hvswitch_tb:1	corner	VDD_PR_TMP_26 - 
	HVSWITCH:hvswitch_tb:1	corner	VDD_PR_TMP_27 - 
	HVSWITCH:hvswitch_tb:1	corner	VDD_PR_TMP_28 - 
	HVSWITCH:hvswitch_tb:1	corner	VDD_PR_TMP_29 - 
	HVSWITCH:hvswitch_tb:1	corner	VDD_PR_TMP_30 - 
	HVSWITCH:hvswitch_tb:1	corner	VDD_PR_TMP_31 - 
	HVSWITCH:hvswitch_tb:1	corner	VDD_PR_TMP_32 - 
	HVSWITCH:hvswitch_tb:1	corner	VDD_PR_TMP_33 - 
	HVSWITCH:hvswitch_tb:1	corner	VDD_PR_TMP_34 - 
	HVSWITCH:hvswitch_tb:1	corner	VDD_PR_TMP_35 - 
	HVSWITCH:hvswitch_tb:1	corner	VDD_PR_TMP_36 - 
	HVSWITCH:hvswitch_tb:1	corner	VDD_PR_TMP_37 - 
	HVSWITCH:hvswitch_tb:1	corner	VDD_PR_TMP_38 - 
	HVSWITCH:hvswitch_tb:1	corner	VDD_PR_TMP_39 - 
	HVSWITCH:hvswitch_tb:1	corner	VDD_PR_TMP_40 - 
	HVSWITCH:hvswitch_tb:1	corner	VDD_PR_TMP_41 - 
	HVSWITCH:hvswitch_tb:1	corner	VDD_PR_TMP_42 - 
	HVSWITCH:hvswitch_tb:1	corner	VDD_PR_TMP_43 - 
	HVSWITCH:hvswitch_tb:1	corner	VDD_PR_TMP_44 - 
	HVSWITCH:hvswitch_tb:1	corner	VDD_PR_TMP_45 - 
	HVSWITCH:hvswitch_tb:1	corner	VDD_PR_TMP_46 - 
	HVSWITCH:hvswitch_tb:1	corner	VDD_PR_TMP_47 - 
	HVSWITCH:hvswitch_tb:1	corner	VDD_PR_TMP_48 - 
	HVSWITCH:hvswitch_tb:1	corner	VDD_PR_TMP_49 - 
	HVSWITCH:hvswitch_tb:1	corner	VDD_PR_TMP_50 - 
	HVSWITCH:hvswitch_tb:1	corner	VDD_PR_TMP_51 - 
	HVSWITCH:hvswitch_tb:1	corner	VDD_PR_TMP_52 - 
	HVSWITCH:hvswitch_tb:1	corner	VDD_PR_TMP_53 - 
	HVSWITCH:hvswitch_tb:1	corner	VDD_PR_TMP_54 - 
	HVSWITCH:hvswitch_tb:1	corner	VDD_PR_TMP_55 - 
	HVSWITCH:hvswitch_tb:1	corner	VDD_PR_TMP_56 - 
	HVSWITCH:hvswitch_tb:1	corner	VDD_PR_TMP_57 - 
	HVSWITCH:hvswitch_tb:1	corner	VDD_PR_TMP_58 - 
	HVSWITCH:hvswitch_tb:1	corner	VDD_PR_TMP_59 - 
	HVSWITCH:hvswitch_tb:1	corner	VDD_PR_TMP_60 - 
	HVSWITCH:hvswitch_tb:1	corner	VDD_PR_TMP_61 - 
	HVSWITCH:hvswitch_tb:1	corner	VDD_PR_TMP_62 - 
	HVSWITCH:hvswitch_tb:1	corner	VDD_PR_TMP_63 - 
	HVSWITCH:hvswitch_tb:1	corner	Nominal - 
Design parameters: 
	IDC		50m
	VDDHV		40
	DN1		3.3
	DN2		0
	UP1		0
	UP2		3.3
	VDAC		1
	CAP_EXT		0
	VDDHV_PULSE		0
	VDD		3.3

Interactive.269
Number of points completed: 1
Number of simulation errors: 0
Interactive.269 completed. 
Current time: Fri Mar 22 06:21:15 2024 
