Starting Single Run, Sweeps and Corners...

Current time: Thu Apr 11 05:34:56 2024 
Best design point: 1
Design specs: 
	HVSWITCH:hvswitch_tb:1	corner	PROCESS_OCC_0 - 
	HVSWITCH:hvswitch_tb:1	corner	PROCESS_OCC_1 - 
	HVSWITCH:hvswitch_tb:1	corner	PROCESS_OCC_2 - 
	HVSWITCH:hvswitch_tb:1	corner	PROCESS_OCC_3 - 
	HVSWITCH:hvswitch_tb:1	corner	PROCESS_OCC_4 - 
	HVSWITCH:hvswitch_tb:1	corner	PROCESS_OCC_5 - 
	HVSWITCH:hvswitch_tb:1	corner	PROCESS_OCC_6 - 
	HVSWITCH:hvswitch_tb:1	corner	PROCESS_OCC_7 - 
	HVSWITCH:hvswitch_tb:1	corner	PROCESS_OCC_8 - 
	HVSWITCH:hvswitch_tb:1	corner	PROCESS_OCC_9 - 
	HVSWITCH:hvswitch_tb:1	corner	PROCESS_OCC_10 - 
	HVSWITCH:hvswitch_tb:1	corner	PROCESS_OCC_11 - 
	HVSWITCH:hvswitch_tb:1	corner	PROCESS_OCC_12 - 
	HVSWITCH:hvswitch_tb:1	corner	PROCESS_OCC_13 - 
	HVSWITCH:hvswitch_tb:1	corner	PROCESS_OCC_14 - 
	HVSWITCH:hvswitch_tb:1	corner	PROCESS_OCC_15 - 
	HVSWITCH:hvswitch_tb:1	corner	PROCESS_OCC_16 - 
	HVSWITCH:hvswitch_tb:1	corner	PROCESS_OCC_17 - 
	HVSWITCH:hvswitch_tb:1	corner	PROCESS_OCC_18 - 
	HVSWITCH:hvswitch_tb:1	corner	PROCESS_OCC_19 - 
	HVSWITCH:hvswitch_tb:1	corner	PROCESS_OCC_20 - 
	HVSWITCH:hvswitch_tb:1	corner	PROCESS_OCC_21 - 
	HVSWITCH:hvswitch_tb:1	corner	PROCESS_OCC_22 - 
	HVSWITCH:hvswitch_tb:1	corner	PROCESS_OCC_23 - 
	HVSWITCH:hvswitch_tb:1	corner	PROCESS_OCC_24 - 
	HVSWITCH:hvswitch_tb:1	corner	PROCESS_OCC_25 - 
	HVSWITCH:hvswitch_tb:1	corner	PROCESS_OCC_26 - 
	HVSWITCH:hvswitch_tb:1	corner	PROCESS_OCC_27 - 
	HVSWITCH:hvswitch_tb:1	corner	PROCESS_OCC_28 - 
	HVSWITCH:hvswitch_tb:1	corner	PROCESS_OCC_29 - 
	HVSWITCH:hvswitch_tb:1	corner	PROCESS_OCC_30 - 
	HVSWITCH:hvswitch_tb:1	corner	PROCESS_OCC_31 - 
	HVSWITCH:hvswitch_tb:1	corner	PROCESS_OCC_32 - 
	HVSWITCH:hvswitch_tb:1	corner	PROCESS_OCC_33 - 
	HVSWITCH:hvswitch_tb:1	corner	PROCESS_OCC_34 - 
	HVSWITCH:hvswitch_tb:1	corner	PROCESS_OCC_35 - 
	HVSWITCH:hvswitch_tb:1	corner	PROCESS_OCC_36 - 
	HVSWITCH:hvswitch_tb:1	corner	PROCESS_OCC_37 - 
	HVSWITCH:hvswitch_tb:1	corner	PROCESS_OCC_38 - 
	HVSWITCH:hvswitch_tb:1	corner	PROCESS_OCC_39 - 
	HVSWITCH:hvswitch_tb:1	corner	PROCESS_OCC_40 - 
	HVSWITCH:hvswitch_tb:1	corner	PROCESS_OCC_41 - 
	HVSWITCH:hvswitch_tb:1	corner	PROCESS_OCC_42 - 
	HVSWITCH:hvswitch_tb:1	corner	PROCESS_OCC_43 - 
	HVSWITCH:hvswitch_tb:1	corner	PROCESS_OCC_44 - 
	HVSWITCH:hvswitch_tb:1	corner	PROCESS_OCC_45 - 
	HVSWITCH:hvswitch_tb:1	corner	PROCESS_OCC_46 - 
	HVSWITCH:hvswitch_tb:1	corner	PROCESS_OCC_47 - 
	HVSWITCH:hvswitch_tb:1	corner	PROCESS_OCC_48 - 
	HVSWITCH:hvswitch_tb:1	corner	PROCESS_OCC_49 - 
	HVSWITCH:hvswitch_tb:1	corner	PROCESS_OCC_50 - 
	HVSWITCH:hvswitch_tb:1	corner	PROCESS_OCC_51 - 
	HVSWITCH:hvswitch_tb:1	corner	PROCESS_OCC_52 - 
	HVSWITCH:hvswitch_tb:1	corner	PROCESS_OCC_53 - 
	HVSWITCH:hvswitch_tb:1	corner	PROCESS_OCC_54 - 
	HVSWITCH:hvswitch_tb:1	corner	PROCESS_OCC_55 - 
	HVSWITCH:hvswitch_tb:1	corner	PROCESS_OCC_56 - 
	HVSWITCH:hvswitch_tb:1	corner	PROCESS_OCC_57 - 
	HVSWITCH:hvswitch_tb:1	corner	PROCESS_OCC_58 - 
	HVSWITCH:hvswitch_tb:1	corner	PROCESS_OCC_59 - 
	HVSWITCH:hvswitch_tb:1	corner	PROCESS_OCC_60 - 
	HVSWITCH:hvswitch_tb:1	corner	PROCESS_OCC_61 - 
	HVSWITCH:hvswitch_tb:1	corner	PROCESS_OCC_62 - 
	HVSWITCH:hvswitch_tb:1	corner	PROCESS_OCC_63 - 
	HVSWITCH:hvswitch_tb:1	corner	TYP_OCC - 
Design parameters: 
	IDC		50m
	VDDHV		40
	DN1		3.3
	DN2		0
	UP1		0
	UP2		3.3
	VDAC		330m
	CAP_EXT		0
	VDDHV_PULSE		0
	VDD		3
	VDAC2		1.65

Interactive.277
Number of points completed: 1
Number of simulation errors: 0
Interactive.277 completed. 
Current time: Thu Apr 11 05:54:12 2024 
