Starting Single Run, Sweeps and Corners...

Current time: Mon Apr 22 05:07:52 2024 
Best design point: 1
Design specs: 
	HVSWITCH:hvswitch_tb:1	corner	PROCESS_TEMP_0 - 
	HVSWITCH:hvswitch_tb:1	corner	PROCESS_TEMP_1 - 
	HVSWITCH:hvswitch_tb:1	corner	PROCESS_TEMP_2 - 
	HVSWITCH:hvswitch_tb:1	corner	PROCESS_TEMP_3 - 
	HVSWITCH:hvswitch_tb:1	corner	PROCESS_TEMP_4 - 
	HVSWITCH:hvswitch_tb:1	corner	PROCESS_TEMP_5 - 
	HVSWITCH:hvswitch_tb:1	corner	PROCESS_TEMP_6 - 
	HVSWITCH:hvswitch_tb:1	corner	PROCESS_TEMP_7 - 
	HVSWITCH:hvswitch_tb:1	corner	PROCESS_TEMP_8 - 
	HVSWITCH:hvswitch_tb:1	corner	PROCESS_TEMP_9 - 
	HVSWITCH:hvswitch_tb:1	corner	PROCESS_TEMP_10 - 
	HVSWITCH:hvswitch_tb:1	corner	PROCESS_TEMP_11 - 
	HVSWITCH:hvswitch_tb:1	corner	PROCESS_TEMP_12 - 
	HVSWITCH:hvswitch_tb:1	corner	PROCESS_TEMP_13 - 
	HVSWITCH:hvswitch_tb:1	corner	PROCESS_TEMP_14 - 
	HVSWITCH:hvswitch_tb:1	corner	PROCESS_TEMP_15 - 
	HVSWITCH:hvswitch_tb:1	corner	PROCESS_TEMP_16 - 
	HVSWITCH:hvswitch_tb:1	corner	PROCESS_TEMP_17 - 
	HVSWITCH:hvswitch_tb:1	corner	PROCESS_TEMP_18 - 
	HVSWITCH:hvswitch_tb:1	corner	PROCESS_TEMP_19 - 
	HVSWITCH:hvswitch_tb:1	corner	PROCESS_TEMP_20 - 
	HVSWITCH:hvswitch_tb:1	corner	PROCESS_TEMP_21 - 
	HVSWITCH:hvswitch_tb:1	corner	PROCESS_TEMP_22 - 
	HVSWITCH:hvswitch_tb:1	corner	PROCESS_TEMP_23 - 
	HVSWITCH:hvswitch_tb:1	corner	PROCESS_TEMP_24 - 
	HVSWITCH:hvswitch_tb:1	corner	PROCESS_TEMP_25 - 
	HVSWITCH:hvswitch_tb:1	corner	PROCESS_TEMP_26 - 
	HVSWITCH:hvswitch_tb:1	corner	PROCESS_TEMP_27 - 
	HVSWITCH:hvswitch_tb:1	corner	PROCESS_TEMP_28 - 
	HVSWITCH:hvswitch_tb:1	corner	PROCESS_TEMP_29 - 
	HVSWITCH:hvswitch_tb:1	corner	PROCESS_TEMP_30 - 
	HVSWITCH:hvswitch_tb:1	corner	PROCESS_TEMP_31 - 
	HVSWITCH:hvswitch_tb:1	corner	Nominal - 
Design parameters: 
	IDC		50m
	VDDHV		0
	DN1		0
	DN2		0
	UP1		0
	UP2		0
	CAP_EXT		10p
	VDDHV_PULSE		40
	VDD		0
	VDAC		1.65
	VDAC2		1.65
	START_DELAY		200u
	VDD_PULSE		3.3

Interactive.463
Number of points completed: 1
Number of simulation errors: 0
Interactive.463 completed. 
Current time: Mon Apr 22 05:08:14 2024 
