Starting Monte Carlo Sampling...

Current time: Fri Mar 22 12:06:50 2024 

Variation: All
Sampling Method: Low-Discrepancy Sequence
Seed: 

MonteCarlo.3
Number of points completed: 300
Number of simulation errors: 0
MonteCarlo.3 completed. 
Current time: Fri Mar 22 12:13:03 2024 
Monte Carlo Sampling yield summary:
Number of spec values are in this yield data: 8
Montecarlo	Nominal - 
	VDS1_N:	Yield	0%
		Min 0	Max 0	Mean 0	Number of errors 8
Montecarlo	Nominal - 
	VDS1_P:	Yield	0%
		Min 0	Max 0	Mean 0	Number of errors 8
Montecarlo	Nominal - 
	VDS2_N1:	Yield	0%
		Min 0	Max 0	Mean 0	Number of errors 8
Montecarlo	Nominal - 
	VDS2_P1:	Yield	0%
		Min 0	Max 0	Mean 0	Number of errors 8
Montecarlo	Nominal - 
	VGS1_N:	Yield	0%
		Min 0	Max 0	Mean 0	Number of errors 8
Montecarlo	Nominal - 
	VGS1_P:	Yield	0%
		Min 0	Max 0	Mean 0	Number of errors 8
Montecarlo	Nominal - 
	VGS2_N1:	Yield	0%
		Min 0	Max 0	Mean 0	Number of errors 8
Montecarlo	Nominal - 
	VGS2_P1:	Yield	0%
		Min 0	Max 0	Mean 0	Number of errors 8

Montecarlo
	Overall Yield	0%	Number of points passed	0	Total number of points	8

Estimated yield = 0% (0/8), 8 errors
Estimated yield (No opregions) = 0% (0/8)
