Starting Monte Carlo Sampling...

Current time: Fri Mar 22 10:54:07 2024 

Variation: All
Sampling Method: Low-Discrepancy Sequence
Seed: 

MonteCarlo.1
Number of points completed: 10
Number of simulation errors: 0
MonteCarlo.1 completed. 
Current time: Fri Mar 22 10:54:34 2024 
Monte Carlo Sampling yield summary:
Number of spec values are in this yield data: 8
Montecarlo	Nominal - 
	VDS1_N:	Yield	0%
		Min 0	Max 0	Mean 0	Number of errors 0
Montecarlo	Nominal - 
	VDS1_P:	Yield	0%
		Min 0	Max 0	Mean 0	Number of errors 0
Montecarlo	Nominal - 
	VDS2_N1:	Yield	0%
		Min 0	Max 0	Mean 0	Number of errors 0
Montecarlo	Nominal - 
	VDS2_P1:	Yield	0%
		Min 0	Max 0	Mean 0	Number of errors 0
Montecarlo	Nominal - 
	VGS1_N:	Yield	0%
		Min 0	Max 0	Mean 0	Number of errors 0
Montecarlo	Nominal - 
	VGS1_P:	Yield	0%
		Min 0	Max 0	Mean 0	Number of errors 0
Montecarlo	Nominal - 
	VGS2_N1:	Yield	0%
		Min 0	Max 0	Mean 0	Number of errors 0
Montecarlo	Nominal - 
	VGS2_P1:	Yield	0%
		Min 0	Max 0	Mean 0	Number of errors 0

Montecarlo
	Overall Yield	0%	Number of points passed	0	Total number of points	0

Estimated yield = 0% (0/0), 0 errors
Estimated yield (No opregions) = 0% (0/0)
