Starting Single Run, Sweeps and Corners...

Current time: Tue Jun 25 17:01:59 2024 
Best design point: 1
Design specs: 
	DAC6B:dac6b_tb:1	corner	VDD_PR_TMP_0 - 
	V/V /V0; xf dB20(V/V)		Error	No
	V/V /V1; xf dB20(V/V)		Error	No
	CMRR		Error	No
	DAC6B:dac6b_tb:1	corner	VDD_PR_TMP_1 - 
	V/V /V0; xf dB20(V/V)		Error	No
	V/V /V1; xf dB20(V/V)		Error	No
	CMRR		Error	No
	DAC6B:dac6b_tb:1	corner	VDD_PR_TMP_2 - 
	V/V /V0; xf dB20(V/V)		Error	No
	V/V /V1; xf dB20(V/V)		Error	No
	CMRR		Error	No
	DAC6B:dac6b_tb:1	corner	VDD_PR_TMP_3 - 
	V/V /V0; xf dB20(V/V)		Error	No
	V/V /V1; xf dB20(V/V)		Error	No
	CMRR		Error	No
	DAC6B:dac6b_tb:1	corner	VDD_PR_TMP_4 - 
	V/V /V0; xf dB20(V/V)		Error	No
	V/V /V1; xf dB20(V/V)		Error	No
	CMRR		Error	No
	DAC6B:dac6b_tb:1	corner	VDD_PR_TMP_5 - 
	V/V /V0; xf dB20(V/V)		Error	No
	V/V /V1; xf dB20(V/V)		Error	No
	CMRR		Error	No
	DAC6B:dac6b_tb:1	corner	VDD_PR_TMP_6 - 
	V/V /V0; xf dB20(V/V)		Error	No
	V/V /V1; xf dB20(V/V)		Error	No
	CMRR		Error	No
	DAC6B:dac6b_tb:1	corner	VDD_PR_TMP_7 - 
	V/V /V0; xf dB20(V/V)		Error	No
	V/V /V1; xf dB20(V/V)		Error	No
	CMRR		Error	No
	DAC6B:dac6b_tb:1	corner	VDD_PR_TMP_8 - 
	V/V /V0; xf dB20(V/V)		Error	No
	V/V /V1; xf dB20(V/V)		Error	No
	CMRR		Error	No
	DAC6B:dac6b_tb:1	corner	VDD_PR_TMP_9 - 
	V/V /V0; xf dB20(V/V)		Error	No
	V/V /V1; xf dB20(V/V)		Error	No
	CMRR		Error	No
	DAC6B:dac6b_tb:1	corner	VDD_PR_TMP_10 - 
	V/V /V0; xf dB20(V/V)		Error	No
	V/V /V1; xf dB20(V/V)		Error	No
	CMRR		Error	No
	DAC6B:dac6b_tb:1	corner	VDD_PR_TMP_11 - 
	V/V /V0; xf dB20(V/V)		Error	No
	V/V /V1; xf dB20(V/V)		Error	No
	CMRR		Error	No
	DAC6B:dac6b_tb:1	corner	VDD_PR_TMP_12 - 
	V/V /V0; xf dB20(V/V)		Error	No
	V/V /V1; xf dB20(V/V)		Error	No
	CMRR		Error	No
	DAC6B:dac6b_tb:1	corner	VDD_PR_TMP_13 - 
	V/V /V0; xf dB20(V/V)		Error	No
	V/V /V1; xf dB20(V/V)		Error	No
	CMRR		Error	No
	DAC6B:dac6b_tb:1	corner	VDD_PR_TMP_14 - 
	V/V /V0; xf dB20(V/V)		Error	No
	V/V /V1; xf dB20(V/V)		Error	No
	CMRR		Error	No
	DAC6B:dac6b_tb:1	corner	VDD_PR_TMP_15 - 
	V/V /V0; xf dB20(V/V)		Error	No
	V/V /V1; xf dB20(V/V)		Error	No
	CMRR		Error	No
	DAC6B:dac6b_tb:1	corner	VDD_PR_TMP_16 - 
	V/V /V0; xf dB20(V/V)		Error	No
	V/V /V1; xf dB20(V/V)		Error	No
	CMRR		Error	No
	DAC6B:dac6b_tb:1	corner	VDD_PR_TMP_17 - 
	V/V /V0; xf dB20(V/V)		Error	No
	V/V /V1; xf dB20(V/V)		Error	No
	CMRR		Error	No
	DAC6B:dac6b_tb:1	corner	VDD_PR_TMP_18 - 
	V/V /V0; xf dB20(V/V)		Error	No
	V/V /V1; xf dB20(V/V)		Error	No
	CMRR		Error	No
	DAC6B:dac6b_tb:1	corner	VDD_PR_TMP_19 - 
	V/V /V0; xf dB20(V/V)		Error	No
	V/V /V1; xf dB20(V/V)		Error	No
	CMRR		Error	No
	DAC6B:dac6b_tb:1	corner	VDD_PR_TMP_20 - 
	V/V /V0; xf dB20(V/V)		Error	No
	V/V /V1; xf dB20(V/V)		Error	No
	CMRR		Error	No
	DAC6B:dac6b_tb:1	corner	VDD_PR_TMP_21 - 
	V/V /V0; xf dB20(V/V)		Error	No
	V/V /V1; xf dB20(V/V)		Error	No
	CMRR		Error	No
	DAC6B:dac6b_tb:1	corner	VDD_PR_TMP_22 - 
	V/V /V0; xf dB20(V/V)		Error	No
	V/V /V1; xf dB20(V/V)		Error	No
	CMRR		Error	No
	DAC6B:dac6b_tb:1	corner	VDD_PR_TMP_23 - 
	V/V /V0; xf dB20(V/V)		Error	No
	V/V /V1; xf dB20(V/V)		Error	No
	CMRR		Error	No
	DAC6B:dac6b_tb:1	corner	VDD_PR_TMP_24 - 
	V/V /V0; xf dB20(V/V)		Error	No
	V/V /V1; xf dB20(V/V)		Error	No
	CMRR		Error	No
	DAC6B:dac6b_tb:1	corner	VDD_PR_TMP_25 - 
	V/V /V0; xf dB20(V/V)		Error	No
	V/V /V1; xf dB20(V/V)		Error	No
	CMRR		Error	No
	DAC6B:dac6b_tb:1	corner	VDD_PR_TMP_26 - 
	V/V /V0; xf dB20(V/V)		Error	No
	V/V /V1; xf dB20(V/V)		Error	No
	CMRR		Error	No
	DAC6B:dac6b_tb:1	corner	VDD_PR_TMP_27 - 
	V/V /V0; xf dB20(V/V)		Error	No
	V/V /V1; xf dB20(V/V)		Error	No
	CMRR		Error	No
	DAC6B:dac6b_tb:1	corner	VDD_PR_TMP_28 - 
	V/V /V0; xf dB20(V/V)		Error	No
	V/V /V1; xf dB20(V/V)		Error	No
	CMRR		Error	No
	DAC6B:dac6b_tb:1	corner	VDD_PR_TMP_29 - 
	V/V /V0; xf dB20(V/V)		Error	No
	V/V /V1; xf dB20(V/V)		Error	No
	CMRR		Error	No
	DAC6B:dac6b_tb:1	corner	VDD_PR_TMP_30 - 
	V/V /V0; xf dB20(V/V)		Error	No
	V/V /V1; xf dB20(V/V)		Error	No
	CMRR		Error	No
	DAC6B:dac6b_tb:1	corner	VDD_PR_TMP_31 - 
	V/V /V0; xf dB20(V/V)		Error	No
	V/V /V1; xf dB20(V/V)		Error	No
	CMRR		Error	No
	DAC6B:dac6b_tb:1	corner	VDD_PR_TMP_32 - 
	V/V /V0; xf dB20(V/V)		Error	No
	V/V /V1; xf dB20(V/V)		Error	No
	CMRR		Error	No
	DAC6B:dac6b_tb:1	corner	VDD_PR_TMP_33 - 
	V/V /V0; xf dB20(V/V)		Error	No
	V/V /V1; xf dB20(V/V)		Error	No
	CMRR		Error	No
	DAC6B:dac6b_tb:1	corner	VDD_PR_TMP_34 - 
	V/V /V0; xf dB20(V/V)		Error	No
	V/V /V1; xf dB20(V/V)		Error	No
	CMRR		Error	No
	DAC6B:dac6b_tb:1	corner	VDD_PR_TMP_35 - 
	V/V /V0; xf dB20(V/V)		Error	No
	V/V /V1; xf dB20(V/V)		Error	No
	CMRR		Error	No
	DAC6B:dac6b_tb:1	corner	VDD_PR_TMP_36 - 
	V/V /V0; xf dB20(V/V)		Error	No
	V/V /V1; xf dB20(V/V)		Error	No
	CMRR		Error	No
	DAC6B:dac6b_tb:1	corner	VDD_PR_TMP_37 - 
	V/V /V0; xf dB20(V/V)		Error	No
	V/V /V1; xf dB20(V/V)		Error	No
	CMRR		Error	No
	DAC6B:dac6b_tb:1	corner	VDD_PR_TMP_38 - 
	V/V /V0; xf dB20(V/V)		Error	No
	V/V /V1; xf dB20(V/V)		Error	No
	CMRR		Error	No
	DAC6B:dac6b_tb:1	corner	VDD_PR_TMP_39 - 
	V/V /V0; xf dB20(V/V)		Error	No
	V/V /V1; xf dB20(V/V)		Error	No
	CMRR		Error	No
	DAC6B:dac6b_tb:1	corner	VDD_PR_TMP_40 - 
	V/V /V0; xf dB20(V/V)		Error	No
	V/V /V1; xf dB20(V/V)		Error	No
	CMRR		Error	No
	DAC6B:dac6b_tb:1	corner	VDD_PR_TMP_41 - 
	V/V /V0; xf dB20(V/V)		Error	No
	V/V /V1; xf dB20(V/V)		Error	No
	CMRR		Error	No
	DAC6B:dac6b_tb:1	corner	VDD_PR_TMP_42 - 
	V/V /V0; xf dB20(V/V)		Error	No
	V/V /V1; xf dB20(V/V)		Error	No
	CMRR		Error	No
	DAC6B:dac6b_tb:1	corner	VDD_PR_TMP_43 - 
	V/V /V0; xf dB20(V/V)		Error	No
	V/V /V1; xf dB20(V/V)		Error	No
	CMRR		Error	No
	DAC6B:dac6b_tb:1	corner	VDD_PR_TMP_44 - 
	V/V /V0; xf dB20(V/V)		Error	No
	V/V /V1; xf dB20(V/V)		Error	No
	CMRR		Error	No
	DAC6B:dac6b_tb:1	corner	VDD_PR_TMP_45 - 
	V/V /V0; xf dB20(V/V)		Error	No
	V/V /V1; xf dB20(V/V)		Error	No
	CMRR		Error	No
	DAC6B:dac6b_tb:1	corner	VDD_PR_TMP_46 - 
	V/V /V0; xf dB20(V/V)		Error	No
	V/V /V1; xf dB20(V/V)		Error	No
	CMRR		Error	No
	DAC6B:dac6b_tb:1	corner	VDD_PR_TMP_47 - 
	V/V /V0; xf dB20(V/V)		Error	No
	V/V /V1; xf dB20(V/V)		Error	No
	CMRR		Error	No
	DAC6B:dac6b_tb:1	corner	VDD_PR_TMP_48 - 
	V/V /V0; xf dB20(V/V)		Error	No
	V/V /V1; xf dB20(V/V)		Error	No
	CMRR		Error	No
	DAC6B:dac6b_tb:1	corner	VDD_PR_TMP_49 - 
	V/V /V0; xf dB20(V/V)		Error	No
	V/V /V1; xf dB20(V/V)		Error	No
	CMRR		Error	No
	DAC6B:dac6b_tb:1	corner	VDD_PR_TMP_50 - 
	V/V /V0; xf dB20(V/V)		Error	No
	V/V /V1; xf dB20(V/V)		Error	No
	CMRR		Error	No
	DAC6B:dac6b_tb:1	corner	VDD_PR_TMP_51 - 
	V/V /V0; xf dB20(V/V)		Error	No
	V/V /V1; xf dB20(V/V)		Error	No
	CMRR		Error	No
	DAC6B:dac6b_tb:1	corner	VDD_PR_TMP_52 - 
	V/V /V0; xf dB20(V/V)		Error	No
	V/V /V1; xf dB20(V/V)		Error	No
	CMRR		Error	No
	DAC6B:dac6b_tb:1	corner	VDD_PR_TMP_53 - 
	V/V /V0; xf dB20(V/V)		Error	No
	V/V /V1; xf dB20(V/V)		Error	No
	CMRR		Error	No
	DAC6B:dac6b_tb:1	corner	VDD_PR_TMP_54 - 
	V/V /V0; xf dB20(V/V)		Error	No
	V/V /V1; xf dB20(V/V)		Error	No
	CMRR		Error	No
	DAC6B:dac6b_tb:1	corner	VDD_PR_TMP_55 - 
	V/V /V0; xf dB20(V/V)		Error	No
	V/V /V1; xf dB20(V/V)		Error	No
	CMRR		Error	No
	DAC6B:dac6b_tb:1	corner	VDD_PR_TMP_56 - 
	V/V /V0; xf dB20(V/V)		Error	No
	V/V /V1; xf dB20(V/V)		Error	No
	CMRR		Error	No
	DAC6B:dac6b_tb:1	corner	VDD_PR_TMP_57 - 
	V/V /V0; xf dB20(V/V)		Error	No
	V/V /V1; xf dB20(V/V)		Error	No
	CMRR		Error	No
	DAC6B:dac6b_tb:1	corner	VDD_PR_TMP_58 - 
	V/V /V0; xf dB20(V/V)		Error	No
	V/V /V1; xf dB20(V/V)		Error	No
	CMRR		Error	No
	DAC6B:dac6b_tb:1	corner	VDD_PR_TMP_59 - 
	V/V /V0; xf dB20(V/V)		Error	No
	V/V /V1; xf dB20(V/V)		Error	No
	CMRR		Error	No
	DAC6B:dac6b_tb:1	corner	VDD_PR_TMP_60 - 
	V/V /V0; xf dB20(V/V)		Error	No
	V/V /V1; xf dB20(V/V)		Error	No
	CMRR		Error	No
	DAC6B:dac6b_tb:1	corner	VDD_PR_TMP_61 - 
	V/V /V0; xf dB20(V/V)		Error	No
	V/V /V1; xf dB20(V/V)		Error	No
	CMRR		Error	No
	DAC6B:dac6b_tb:1	corner	VDD_PR_TMP_62 - 
	V/V /V0; xf dB20(V/V)		Error	No
	V/V /V1; xf dB20(V/V)		Error	No
	CMRR		Error	No
	DAC6B:dac6b_tb:1	corner	VDD_PR_TMP_63 - 
	V/V /V0; xf dB20(V/V)		Error	No
	V/V /V1; xf dB20(V/V)		Error	No
	CMRR		Error	No
	DAC6B:dac6b_tb:1	corner	Nominal - 
	V/V /V0; xf dB20(V/V)		Error	No
	V/V /V1; xf dB20(V/V)		Error	No
	CMRR		Error	No
Design parameters: 
	VREF		1.25
	VDD		0
	INIT_CODE		1
	VREF_PULSE		0
	VDD_PULSE		3.3

Interactive.113
Number of points completed: 1
Number of simulation errors: 0
Interactive.113 completed. 
Current time: Tue Jun 25 17:02:17 2024 
