Starting Single Run, Sweeps and Corners...

Current time: Tue Jun 25 16:53:36 2024 
Best design point: 1
Design specs: 
	DAC6B:dac6b_tb:1	corner	VDD_TEMP_0 - 
	V/V /V0; xf dB20(V/V)		Error	No
	V/V /V1; xf dB20(V/V)		Error	No
	CMRR		Error	No
	DAC6B:dac6b_tb:1	corner	VDD_TEMP_1 - 
	V/V /V0; xf dB20(V/V)		Error	No
	V/V /V1; xf dB20(V/V)		Error	No
	CMRR		Error	No
	DAC6B:dac6b_tb:1	corner	VDD_TEMP_2 - 
	V/V /V0; xf dB20(V/V)		Error	No
	V/V /V1; xf dB20(V/V)		Error	No
	CMRR		Error	No
	DAC6B:dac6b_tb:1	corner	VDD_TEMP_3 - 
	V/V /V0; xf dB20(V/V)		Error	No
	V/V /V1; xf dB20(V/V)		Error	No
	CMRR		Error	No
	DAC6B:dac6b_tb:1	corner	VDD_TEMP_4 - 
	V/V /V0; xf dB20(V/V)		Error	No
	V/V /V1; xf dB20(V/V)		Error	No
	CMRR		Error	No
	DAC6B:dac6b_tb:1	corner	VDD_TEMP_5 - 
	V/V /V0; xf dB20(V/V)		Error	No
	V/V /V1; xf dB20(V/V)		Error	No
	CMRR		Error	No
	DAC6B:dac6b_tb:1	corner	VDD_TEMP_6 - 
	V/V /V0; xf dB20(V/V)		Error	No
	V/V /V1; xf dB20(V/V)		Error	No
	CMRR		Error	No
	DAC6B:dac6b_tb:1	corner	VDD_TEMP_7 - 
	V/V /V0; xf dB20(V/V)		Error	No
	V/V /V1; xf dB20(V/V)		Error	No
	CMRR		Error	No
	DAC6B:dac6b_tb:1	corner	VDD_TEMP_8 - 
	V/V /V0; xf dB20(V/V)		Error	No
	V/V /V1; xf dB20(V/V)		Error	No
	CMRR		Error	No
	DAC6B:dac6b_tb:1	corner	VDD_TEMP_9 - 
	V/V /V0; xf dB20(V/V)		Error	No
	V/V /V1; xf dB20(V/V)		Error	No
	CMRR		Error	No
	DAC6B:dac6b_tb:1	corner	VDD_TEMP_10 - 
	V/V /V0; xf dB20(V/V)		Error	No
	V/V /V1; xf dB20(V/V)		Error	No
	CMRR		Error	No
	DAC6B:dac6b_tb:1	corner	VDD_TEMP_11 - 
	V/V /V0; xf dB20(V/V)		Error	No
	V/V /V1; xf dB20(V/V)		Error	No
	CMRR		Error	No
	DAC6B:dac6b_tb:1	corner	VDD_TEMP_12 - 
	V/V /V0; xf dB20(V/V)		Error	No
	V/V /V1; xf dB20(V/V)		Error	No
	CMRR		Error	No
	DAC6B:dac6b_tb:1	corner	VDD_TEMP_13 - 
	V/V /V0; xf dB20(V/V)		Error	No
	V/V /V1; xf dB20(V/V)		Error	No
	CMRR		Error	No
	DAC6B:dac6b_tb:1	corner	VDD_TEMP_14 - 
	V/V /V0; xf dB20(V/V)		Error	No
	V/V /V1; xf dB20(V/V)		Error	No
	CMRR		Error	No
	DAC6B:dac6b_tb:1	corner	VDD_TEMP_15 - 
	V/V /V0; xf dB20(V/V)		Error	No
	V/V /V1; xf dB20(V/V)		Error	No
	CMRR		Error	No
	DAC6B:dac6b_tb:1	corner	VDD_TEMP_16 - 
	V/V /V0; xf dB20(V/V)		Error	No
	V/V /V1; xf dB20(V/V)		Error	No
	CMRR		Error	No
	DAC6B:dac6b_tb:1	corner	VDD_TEMP_17 - 
	V/V /V0; xf dB20(V/V)		Error	No
	V/V /V1; xf dB20(V/V)		Error	No
	CMRR		Error	No
	DAC6B:dac6b_tb:1	corner	VDD_TEMP_18 - 
	V/V /V0; xf dB20(V/V)		Error	No
	V/V /V1; xf dB20(V/V)		Error	No
	CMRR		Error	No
	DAC6B:dac6b_tb:1	corner	VDD_TEMP_19 - 
	V/V /V0; xf dB20(V/V)		Error	No
	V/V /V1; xf dB20(V/V)		Error	No
	CMRR		Error	No
	DAC6B:dac6b_tb:1	corner	VDD_TEMP_20 - 
	V/V /V0; xf dB20(V/V)		Error	No
	V/V /V1; xf dB20(V/V)		Error	No
	CMRR		Error	No
	DAC6B:dac6b_tb:1	corner	VDD_TEMP_21 - 
	V/V /V0; xf dB20(V/V)		Error	No
	V/V /V1; xf dB20(V/V)		Error	No
	CMRR		Error	No
	DAC6B:dac6b_tb:1	corner	VDD_TEMP_22 - 
	V/V /V0; xf dB20(V/V)		Error	No
	V/V /V1; xf dB20(V/V)		Error	No
	CMRR		Error	No
	DAC6B:dac6b_tb:1	corner	VDD_TEMP_23 - 
	V/V /V0; xf dB20(V/V)		Error	No
	V/V /V1; xf dB20(V/V)		Error	No
	CMRR		Error	No
	DAC6B:dac6b_tb:1	corner	VDD_TEMP_24 - 
	V/V /V0; xf dB20(V/V)		Error	No
	V/V /V1; xf dB20(V/V)		Error	No
	CMRR		Error	No
	DAC6B:dac6b_tb:1	corner	VDD_TEMP_25 - 
	V/V /V0; xf dB20(V/V)		Error	No
	V/V /V1; xf dB20(V/V)		Error	No
	CMRR		Error	No
	DAC6B:dac6b_tb:1	corner	VDD_TEMP_26 - 
	V/V /V0; xf dB20(V/V)		Error	No
	V/V /V1; xf dB20(V/V)		Error	No
	CMRR		Error	No
	DAC6B:dac6b_tb:1	corner	VDD_TEMP_27 - 
	V/V /V0; xf dB20(V/V)		Error	No
	V/V /V1; xf dB20(V/V)		Error	No
	CMRR		Error	No
	DAC6B:dac6b_tb:1	corner	VDD_TEMP_28 - 
	V/V /V0; xf dB20(V/V)		Error	No
	V/V /V1; xf dB20(V/V)		Error	No
	CMRR		Error	No
	DAC6B:dac6b_tb:1	corner	VDD_TEMP_29 - 
	V/V /V0; xf dB20(V/V)		Error	No
	V/V /V1; xf dB20(V/V)		Error	No
	CMRR		Error	No
	DAC6B:dac6b_tb:1	corner	VDD_TEMP_30 - 
	V/V /V0; xf dB20(V/V)		Error	No
	V/V /V1; xf dB20(V/V)		Error	No
	CMRR		Error	No
	DAC6B:dac6b_tb:1	corner	VDD_TEMP_31 - 
	V/V /V0; xf dB20(V/V)		Error	No
	V/V /V1; xf dB20(V/V)		Error	No
	CMRR		Error	No
	DAC6B:dac6b_tb:1	corner	VDD_TEMP_32 - 
	V/V /V0; xf dB20(V/V)		Error	No
	V/V /V1; xf dB20(V/V)		Error	No
	CMRR		Error	No
	DAC6B:dac6b_tb:1	corner	VDD_TEMP_33 - 
	V/V /V0; xf dB20(V/V)		Error	No
	V/V /V1; xf dB20(V/V)		Error	No
	CMRR		Error	No
	DAC6B:dac6b_tb:1	corner	VDD_TEMP_34 - 
	V/V /V0; xf dB20(V/V)		Error	No
	V/V /V1; xf dB20(V/V)		Error	No
	CMRR		Error	No
	DAC6B:dac6b_tb:1	corner	VDD_TEMP_35 - 
	V/V /V0; xf dB20(V/V)		Error	No
	V/V /V1; xf dB20(V/V)		Error	No
	CMRR		Error	No
	DAC6B:dac6b_tb:1	corner	VDD_TEMP_36 - 
	V/V /V0; xf dB20(V/V)		Error	No
	V/V /V1; xf dB20(V/V)		Error	No
	CMRR		Error	No
	DAC6B:dac6b_tb:1	corner	VDD_TEMP_37 - 
	V/V /V0; xf dB20(V/V)		Error	No
	V/V /V1; xf dB20(V/V)		Error	No
	CMRR		Error	No
	DAC6B:dac6b_tb:1	corner	VDD_TEMP_38 - 
	V/V /V0; xf dB20(V/V)		Error	No
	V/V /V1; xf dB20(V/V)		Error	No
	CMRR		Error	No
	DAC6B:dac6b_tb:1	corner	VDD_TEMP_39 - 
	V/V /V0; xf dB20(V/V)		Error	No
	V/V /V1; xf dB20(V/V)		Error	No
	CMRR		Error	No
	DAC6B:dac6b_tb:1	corner	VDD_TEMP_40 - 
	V/V /V0; xf dB20(V/V)		Error	No
	V/V /V1; xf dB20(V/V)		Error	No
	CMRR		Error	No
	DAC6B:dac6b_tb:1	corner	VDD_TEMP_41 - 
	V/V /V0; xf dB20(V/V)		Error	No
	V/V /V1; xf dB20(V/V)		Error	No
	CMRR		Error	No
	DAC6B:dac6b_tb:1	corner	VDD_TEMP_42 - 
	V/V /V0; xf dB20(V/V)		Error	No
	V/V /V1; xf dB20(V/V)		Error	No
	CMRR		Error	No
	DAC6B:dac6b_tb:1	corner	VDD_TEMP_43 - 
	V/V /V0; xf dB20(V/V)		Error	No
	V/V /V1; xf dB20(V/V)		Error	No
	CMRR		Error	No
	DAC6B:dac6b_tb:1	corner	VDD_TEMP_44 - 
	V/V /V0; xf dB20(V/V)		Error	No
	V/V /V1; xf dB20(V/V)		Error	No
	CMRR		Error	No
	DAC6B:dac6b_tb:1	corner	VDD_TEMP_45 - 
	V/V /V0; xf dB20(V/V)		Error	No
	V/V /V1; xf dB20(V/V)		Error	No
	CMRR		Error	No
	DAC6B:dac6b_tb:1	corner	VDD_TEMP_46 - 
	V/V /V0; xf dB20(V/V)		Error	No
	V/V /V1; xf dB20(V/V)		Error	No
	CMRR		Error	No
	DAC6B:dac6b_tb:1	corner	VDD_TEMP_47 - 
	V/V /V0; xf dB20(V/V)		Error	No
	V/V /V1; xf dB20(V/V)		Error	No
	CMRR		Error	No
	DAC6B:dac6b_tb:1	corner	VDD_TEMP_48 - 
	V/V /V0; xf dB20(V/V)		Error	No
	V/V /V1; xf dB20(V/V)		Error	No
	CMRR		Error	No
	DAC6B:dac6b_tb:1	corner	VDD_TEMP_49 - 
	V/V /V0; xf dB20(V/V)		Error	No
	V/V /V1; xf dB20(V/V)		Error	No
	CMRR		Error	No
	DAC6B:dac6b_tb:1	corner	VDD_TEMP_50 - 
	V/V /V0; xf dB20(V/V)		Error	No
	V/V /V1; xf dB20(V/V)		Error	No
	CMRR		Error	No
	DAC6B:dac6b_tb:1	corner	VDD_TEMP_51 - 
	V/V /V0; xf dB20(V/V)		Error	No
	V/V /V1; xf dB20(V/V)		Error	No
	CMRR		Error	No
	DAC6B:dac6b_tb:1	corner	VDD_TEMP_52 - 
	V/V /V0; xf dB20(V/V)		Error	No
	V/V /V1; xf dB20(V/V)		Error	No
	CMRR		Error	No
	DAC6B:dac6b_tb:1	corner	VDD_TEMP_53 - 
	V/V /V0; xf dB20(V/V)		Error	No
	V/V /V1; xf dB20(V/V)		Error	No
	CMRR		Error	No
	DAC6B:dac6b_tb:1	corner	VDD_TEMP_54 - 
	V/V /V0; xf dB20(V/V)		Error	No
	V/V /V1; xf dB20(V/V)		Error	No
	CMRR		Error	No
	DAC6B:dac6b_tb:1	corner	VDD_TEMP_55 - 
	V/V /V0; xf dB20(V/V)		Error	No
	V/V /V1; xf dB20(V/V)		Error	No
	CMRR		Error	No
	DAC6B:dac6b_tb:1	corner	VDD_TEMP_56 - 
	V/V /V0; xf dB20(V/V)		Error	No
	V/V /V1; xf dB20(V/V)		Error	No
	CMRR		Error	No
	DAC6B:dac6b_tb:1	corner	VDD_TEMP_57 - 
	V/V /V0; xf dB20(V/V)		Error	No
	V/V /V1; xf dB20(V/V)		Error	No
	CMRR		Error	No
	DAC6B:dac6b_tb:1	corner	VDD_TEMP_58 - 
	V/V /V0; xf dB20(V/V)		Error	No
	V/V /V1; xf dB20(V/V)		Error	No
	CMRR		Error	No
	DAC6B:dac6b_tb:1	corner	VDD_TEMP_59 - 
	V/V /V0; xf dB20(V/V)		Error	No
	V/V /V1; xf dB20(V/V)		Error	No
	CMRR		Error	No
	DAC6B:dac6b_tb:1	corner	VDD_TEMP_60 - 
	V/V /V0; xf dB20(V/V)		Error	No
	V/V /V1; xf dB20(V/V)		Error	No
	CMRR		Error	No
	DAC6B:dac6b_tb:1	corner	VDD_TEMP_61 - 
	V/V /V0; xf dB20(V/V)		Error	No
	V/V /V1; xf dB20(V/V)		Error	No
	CMRR		Error	No
	DAC6B:dac6b_tb:1	corner	VDD_TEMP_62 - 
	V/V /V0; xf dB20(V/V)		Error	No
	V/V /V1; xf dB20(V/V)		Error	No
	CMRR		Error	No
	DAC6B:dac6b_tb:1	corner	VDD_TEMP_63 - 
	V/V /V0; xf dB20(V/V)		Error	No
	V/V /V1; xf dB20(V/V)		Error	No
	CMRR		Error	No
	DAC6B:dac6b_tb:1	corner	Nominal - 
	V/V /V0; xf dB20(V/V)		Error	No
	V/V /V1; xf dB20(V/V)		Error	No
	CMRR		Error	No
Design parameters: 
	VREF		1.25
	VDD		3.3
	INIT_CODE		1
	VREF_PULSE		0
	VDD_PULSE		0

Interactive.111
Number of points completed: 1
Number of simulation errors: 0
Interactive.111 completed. 
Current time: Tue Jun 25 16:53:56 2024 
