Starting Single Run, Sweeps and Corners...

Current time: Tue Jun 25 16:55:34 2024 
Best design point: 1
Design specs: 
	DAC6B:dac6b_tb:1	corner	PROCESS_TEMP_0 - 
	V/V /V0; xf dB20(V/V)		Error	No
	V/V /V1; xf dB20(V/V)		Error	No
	CMRR		Error	No
	DAC6B:dac6b_tb:1	corner	PROCESS_TEMP_1 - 
	V/V /V0; xf dB20(V/V)		Error	No
	V/V /V1; xf dB20(V/V)		Error	No
	CMRR		Error	No
	DAC6B:dac6b_tb:1	corner	PROCESS_TEMP_2 - 
	V/V /V0; xf dB20(V/V)		Error	No
	V/V /V1; xf dB20(V/V)		Error	No
	CMRR		Error	No
	DAC6B:dac6b_tb:1	corner	PROCESS_TEMP_3 - 
	V/V /V0; xf dB20(V/V)		Error	No
	V/V /V1; xf dB20(V/V)		Error	No
	CMRR		Error	No
	DAC6B:dac6b_tb:1	corner	PROCESS_TEMP_4 - 
	V/V /V0; xf dB20(V/V)		Error	No
	V/V /V1; xf dB20(V/V)		Error	No
	CMRR		Error	No
	DAC6B:dac6b_tb:1	corner	PROCESS_TEMP_5 - 
	V/V /V0; xf dB20(V/V)		Error	No
	V/V /V1; xf dB20(V/V)		Error	No
	CMRR		Error	No
	DAC6B:dac6b_tb:1	corner	PROCESS_TEMP_6 - 
	V/V /V0; xf dB20(V/V)		Error	No
	V/V /V1; xf dB20(V/V)		Error	No
	CMRR		Error	No
	DAC6B:dac6b_tb:1	corner	PROCESS_TEMP_7 - 
	V/V /V0; xf dB20(V/V)		Error	No
	V/V /V1; xf dB20(V/V)		Error	No
	CMRR		Error	No
	DAC6B:dac6b_tb:1	corner	PROCESS_TEMP_8 - 
	V/V /V0; xf dB20(V/V)		Error	No
	V/V /V1; xf dB20(V/V)		Error	No
	CMRR		Error	No
	DAC6B:dac6b_tb:1	corner	PROCESS_TEMP_9 - 
	V/V /V0; xf dB20(V/V)		Error	No
	V/V /V1; xf dB20(V/V)		Error	No
	CMRR		Error	No
	DAC6B:dac6b_tb:1	corner	PROCESS_TEMP_10 - 
	V/V /V0; xf dB20(V/V)		Error	No
	V/V /V1; xf dB20(V/V)		Error	No
	CMRR		Error	No
	DAC6B:dac6b_tb:1	corner	PROCESS_TEMP_11 - 
	V/V /V0; xf dB20(V/V)		Error	No
	V/V /V1; xf dB20(V/V)		Error	No
	CMRR		Error	No
	DAC6B:dac6b_tb:1	corner	PROCESS_TEMP_12 - 
	V/V /V0; xf dB20(V/V)		Error	No
	V/V /V1; xf dB20(V/V)		Error	No
	CMRR		Error	No
	DAC6B:dac6b_tb:1	corner	PROCESS_TEMP_13 - 
	V/V /V0; xf dB20(V/V)		Error	No
	V/V /V1; xf dB20(V/V)		Error	No
	CMRR		Error	No
	DAC6B:dac6b_tb:1	corner	PROCESS_TEMP_14 - 
	V/V /V0; xf dB20(V/V)		Error	No
	V/V /V1; xf dB20(V/V)		Error	No
	CMRR		Error	No
	DAC6B:dac6b_tb:1	corner	PROCESS_TEMP_15 - 
	V/V /V0; xf dB20(V/V)		Error	No
	V/V /V1; xf dB20(V/V)		Error	No
	CMRR		Error	No
	DAC6B:dac6b_tb:1	corner	PROCESS_TEMP_16 - 
	V/V /V0; xf dB20(V/V)		Error	No
	V/V /V1; xf dB20(V/V)		Error	No
	CMRR		Error	No
	DAC6B:dac6b_tb:1	corner	PROCESS_TEMP_17 - 
	V/V /V0; xf dB20(V/V)		Error	No
	V/V /V1; xf dB20(V/V)		Error	No
	CMRR		Error	No
	DAC6B:dac6b_tb:1	corner	PROCESS_TEMP_18 - 
	V/V /V0; xf dB20(V/V)		Error	No
	V/V /V1; xf dB20(V/V)		Error	No
	CMRR		Error	No
	DAC6B:dac6b_tb:1	corner	PROCESS_TEMP_19 - 
	V/V /V0; xf dB20(V/V)		Error	No
	V/V /V1; xf dB20(V/V)		Error	No
	CMRR		Error	No
	DAC6B:dac6b_tb:1	corner	PROCESS_TEMP_20 - 
	V/V /V0; xf dB20(V/V)		Error	No
	V/V /V1; xf dB20(V/V)		Error	No
	CMRR		Error	No
	DAC6B:dac6b_tb:1	corner	PROCESS_TEMP_21 - 
	V/V /V0; xf dB20(V/V)		Error	No
	V/V /V1; xf dB20(V/V)		Error	No
	CMRR		Error	No
	DAC6B:dac6b_tb:1	corner	PROCESS_TEMP_22 - 
	V/V /V0; xf dB20(V/V)		Error	No
	V/V /V1; xf dB20(V/V)		Error	No
	CMRR		Error	No
	DAC6B:dac6b_tb:1	corner	PROCESS_TEMP_23 - 
	V/V /V0; xf dB20(V/V)		Error	No
	V/V /V1; xf dB20(V/V)		Error	No
	CMRR		Error	No
	DAC6B:dac6b_tb:1	corner	PROCESS_TEMP_24 - 
	V/V /V0; xf dB20(V/V)		Error	No
	V/V /V1; xf dB20(V/V)		Error	No
	CMRR		Error	No
	DAC6B:dac6b_tb:1	corner	PROCESS_TEMP_25 - 
	V/V /V0; xf dB20(V/V)		Error	No
	V/V /V1; xf dB20(V/V)		Error	No
	CMRR		Error	No
	DAC6B:dac6b_tb:1	corner	PROCESS_TEMP_26 - 
	V/V /V0; xf dB20(V/V)		Error	No
	V/V /V1; xf dB20(V/V)		Error	No
	CMRR		Error	No
	DAC6B:dac6b_tb:1	corner	PROCESS_TEMP_27 - 
	V/V /V0; xf dB20(V/V)		Error	No
	V/V /V1; xf dB20(V/V)		Error	No
	CMRR		Error	No
	DAC6B:dac6b_tb:1	corner	PROCESS_TEMP_28 - 
	V/V /V0; xf dB20(V/V)		Error	No
	V/V /V1; xf dB20(V/V)		Error	No
	CMRR		Error	No
	DAC6B:dac6b_tb:1	corner	PROCESS_TEMP_29 - 
	V/V /V0; xf dB20(V/V)		Error	No
	V/V /V1; xf dB20(V/V)		Error	No
	CMRR		Error	No
	DAC6B:dac6b_tb:1	corner	PROCESS_TEMP_30 - 
	V/V /V0; xf dB20(V/V)		Error	No
	V/V /V1; xf dB20(V/V)		Error	No
	CMRR		Error	No
	DAC6B:dac6b_tb:1	corner	PROCESS_TEMP_31 - 
	V/V /V0; xf dB20(V/V)		Error	No
	V/V /V1; xf dB20(V/V)		Error	No
	CMRR		Error	No
	DAC6B:dac6b_tb:1	corner	Nominal - 
	V/V /V0; xf dB20(V/V)		Error	No
	V/V /V1; xf dB20(V/V)		Error	No
	CMRR		Error	No
Design parameters: 
	VREF		1.25
	VDD		0
	INIT_CODE		1
	VREF_PULSE		0
	VDD_PULSE		3.3

Interactive.112
Number of points completed: 1
Number of simulation errors: 0
Interactive.112 completed. 
Current time: Tue Jun 25 16:55:45 2024 
