********************************************************************************
db2gds 23.10-p043 64 bit (Mon Oct 2 18:09:08 PDT 2023)
Build Ref No.: 043 Production (10-02-2023) [pvs_2310]

Copyright 2023 Cadence Design Systems, Inc.
All rights reserved worldwide.

Build O/S:       Linux x86_64 3.10.0-693.el7.x86_64
Executed on:     phoenix (Linux x86_64 3.10.0-1160.105.1.el7.x86_64)
Process Id:      5489
Starting Time:   Wed Jun 19 11:36:48 2024 (Wed Jun 19 15:36:48 2024 GMT)
With parameters: iso3_5450 TOP_Dummy.gds iso3 -lmap lmaprEhhQO -prefix Dummy_ -gdslib drc.db -gds_scale 1000 
********************************************************************************

Library name: iso3_5450
GDSII file name: TOP_Dummy.gds
Cells to be written out: iso3
Source Library: iso3_5450
Layer mapping file(GDS <- DMC): lmaprEhhQO
    35 (dt:1) <- 0
    33 (dt:1) <- 1
    31 (dt:1) <- 2
    28 (dt:1) <- 3
    18 (dt:1) <- 4
    16 (dt:1) <- 5
    13 (dt:1) <- 6
    3 (dt:1) <- 7
Cell name case: PRESERVE
Option: add prefix "Dummy_"


                Object Statistics of Cells                            
Cell Name         Box  Polygon     Path   Label Instance Array    Total
----------------------------------------------------------------------
Dummy_iso3         16        0        0       0     0      0        16
----------------------------------------------------------------------

Object Statistics of Layers
Layer   Objects
----------------
  18           3
  28           3
  31           3
  33           6
  35           1
----------------

Object Summary
------------------
     Box        16
 Polygon         0
    Path         0
   Label         0
Instance         0
   Array         0
------------------
   Total        16

Total CPU Time          : 0(s)
Total Real Time         : 0(s)
Peak Memory Used        : 9(M)
