Starting Single Run, Sweeps and Corners...

Current time: Tue Apr 23 09:44:05 2024 
Best design point: 1
Design specs: 
	corner_BIAS:bias_tb:1	corner	PROCESS_BIP_TMP_0 - 
	corner_BIAS:bias_tb:1	corner	PROCESS_BIP_TMP_1 - 
	corner_BIAS:bias_tb:1	corner	PROCESS_BIP_TMP_2 - 
	corner_BIAS:bias_tb:1	corner	PROCESS_BIP_TMP_3 - 
	corner_BIAS:bias_tb:1	corner	PROCESS_BIP_TMP_4 - 
	corner_BIAS:bias_tb:1	corner	PROCESS_BIP_TMP_5 - 
	corner_BIAS:bias_tb:1	corner	PROCESS_BIP_TMP_6 - 
	corner_BIAS:bias_tb:1	corner	PROCESS_BIP_TMP_7 - 
	corner_BIAS:bias_tb:1	corner	PROCESS_BIP_TMP_8 - 
	corner_BIAS:bias_tb:1	corner	PROCESS_BIP_TMP_9 - 
	corner_BIAS:bias_tb:1	corner	PROCESS_BIP_TMP_10 - 
	corner_BIAS:bias_tb:1	corner	PROCESS_BIP_TMP_11 - 
	corner_BIAS:bias_tb:1	corner	PROCESS_BIP_TMP_12 - 
	corner_BIAS:bias_tb:1	corner	PROCESS_BIP_TMP_13 - 
	corner_BIAS:bias_tb:1	corner	PROCESS_BIP_TMP_14 - 
	corner_BIAS:bias_tb:1	corner	PROCESS_BIP_TMP_15 - 
	corner_BIAS:bias_tb:1	corner	PROCESS_BIP_TMP_16 - 
	corner_BIAS:bias_tb:1	corner	PROCESS_BIP_TMP_17 - 
	corner_BIAS:bias_tb:1	corner	PROCESS_BIP_TMP_18 - 
	corner_BIAS:bias_tb:1	corner	PROCESS_BIP_TMP_19 - 
	corner_BIAS:bias_tb:1	corner	PROCESS_BIP_TMP_20 - 
	corner_BIAS:bias_tb:1	corner	PROCESS_BIP_TMP_21 - 
	corner_BIAS:bias_tb:1	corner	PROCESS_BIP_TMP_22 - 
	corner_BIAS:bias_tb:1	corner	PROCESS_BIP_TMP_23 - 
	corner_BIAS:bias_tb:1	corner	PROCESS_BIP_TMP_24 - 
	corner_BIAS:bias_tb:1	corner	PROCESS_BIP_TMP_25 - 
	corner_BIAS:bias_tb:1	corner	PROCESS_BIP_TMP_26 - 
	corner_BIAS:bias_tb:1	corner	PROCESS_BIP_TMP_27 - 
	corner_BIAS:bias_tb:1	corner	PROCESS_BIP_TMP_28 - 
	corner_BIAS:bias_tb:1	corner	PROCESS_BIP_TMP_29 - 
	corner_BIAS:bias_tb:1	corner	PROCESS_BIP_TMP_30 - 
	corner_BIAS:bias_tb:1	corner	PROCESS_BIP_TMP_31 - 
	corner_BIAS:bias_tb:1	corner	PROCESS_BIP_TMP_32 - 
	corner_BIAS:bias_tb:1	corner	PROCESS_BIP_TMP_33 - 
	corner_BIAS:bias_tb:1	corner	PROCESS_BIP_TMP_34 - 
	corner_BIAS:bias_tb:1	corner	PROCESS_BIP_TMP_35 - 
	corner_BIAS:bias_tb:1	corner	PROCESS_BIP_TMP_36 - 
	corner_BIAS:bias_tb:1	corner	PROCESS_BIP_TMP_37 - 
	corner_BIAS:bias_tb:1	corner	PROCESS_BIP_TMP_38 - 
	corner_BIAS:bias_tb:1	corner	PROCESS_BIP_TMP_39 - 
	corner_BIAS:bias_tb:1	corner	PROCESS_BIP_TMP_40 - 
	corner_BIAS:bias_tb:1	corner	PROCESS_BIP_TMP_41 - 
	corner_BIAS:bias_tb:1	corner	PROCESS_BIP_TMP_42 - 
	corner_BIAS:bias_tb:1	corner	PROCESS_BIP_TMP_43 - 
	corner_BIAS:bias_tb:1	corner	PROCESS_BIP_TMP_44 - 
	corner_BIAS:bias_tb:1	corner	PROCESS_BIP_TMP_45 - 
	corner_BIAS:bias_tb:1	corner	PROCESS_BIP_TMP_46 - 
	corner_BIAS:bias_tb:1	corner	PROCESS_BIP_TMP_47 - 
	corner_BIAS:bias_tb:1	corner	PROCESS_BIP_TMP_48 - 
	corner_BIAS:bias_tb:1	corner	PROCESS_BIP_TMP_49 - 
	corner_BIAS:bias_tb:1	corner	PROCESS_BIP_TMP_50 - 
	corner_BIAS:bias_tb:1	corner	PROCESS_BIP_TMP_51 - 
	corner_BIAS:bias_tb:1	corner	PROCESS_BIP_TMP_52 - 
	corner_BIAS:bias_tb:1	corner	PROCESS_BIP_TMP_53 - 
	corner_BIAS:bias_tb:1	corner	PROCESS_BIP_TMP_54 - 
	corner_BIAS:bias_tb:1	corner	PROCESS_BIP_TMP_55 - 
	corner_BIAS:bias_tb:1	corner	PROCESS_BIP_TMP_56 - 
	corner_BIAS:bias_tb:1	corner	PROCESS_BIP_TMP_57 - 
	corner_BIAS:bias_tb:1	corner	PROCESS_BIP_TMP_58 - 
	corner_BIAS:bias_tb:1	corner	PROCESS_BIP_TMP_59 - 
	corner_BIAS:bias_tb:1	corner	PROCESS_BIP_TMP_60 - 
	corner_BIAS:bias_tb:1	corner	PROCESS_BIP_TMP_61 - 
	corner_BIAS:bias_tb:1	corner	PROCESS_BIP_TMP_62 - 
	corner_BIAS:bias_tb:1	corner	PROCESS_BIP_TMP_63 - 
	corner_BIAS:bias_tb:1	corner	Nominal - 
Design parameters: 
	VDD3		3.3
	VDD3_PULSE		100m

Interactive.17
Number of points completed: 1
Number of simulation errors: 0
Interactive.17 completed. 
Current time: Tue Apr 23 09:44:37 2024 
