********************************************************************************
Product   : Virtuoso(R) XStream Out
Program   : @(#)$CDS: strmout version 6.1.8-64b 10/11/2023 09:46 (sjfhw317) $
          : sub-version  IC6.1.8-64b.500.34 
Started at: 07-Aug-2024  16:28:38
User Name : saul
Host Name : phoenix
Directory : /home/saul/projects/ASKA
CADENCE Design Systems, Inc.
********************************************************************************
Info: Cellview Rev Num:99,  Tech Rev Num:59

WARNING (XSTRM-20): Output Stream file '/home/saul/projects/ASKA/layoutverification/pvs_drc/hvswitch5/hvswitch5.gds' already exists. It will be overwritten.
INFO (XSTRM-217): Reading the layer map file, /home/saul/projects/ASKA/.xkit/setup/xh018/cadence/PDK/TECH_XH018_1143/strmInOut.layertable
INFO (XSTRM-217): Reading the object map file, /home/saul/projects/ASKA/.xkit/setup/xh018/cadence/PDK/TECH_XH018_1143/strmOutObjects.map
INFO (XSTRM-162): You have not used the '-viaMap' option. If the OpenAccess design has native oaVia instances, use the '-viaMap' option for preserving oaVia instances in a XStream Out - XStream In round trip. Using the '-viaMap' option improves performance and VM usage of applications using the Streamed-In design.

Summary of Options :
library                                 HVSWITCH
strmFile                                /home/saul/projects/ASKA/layoutverification/pvs_drc/hvswitch5/hvswitch5.gds
topCell                                 hvswitch5
view                                    layout
runDir                                  /home/saul/projects/ASKA/layoutverification/pvs_drc/hvswitch5
logFile                                 /home/saul/projects/ASKA/layoutverification/pvs_drc/hvswitch5/PIPO1.LOG
techLib                                 TECH_XH018
hierDepth                               32
maxVertices                             2048
layerMap                                /home/saul/projects/ASKA/.xkit/setup/xh018/cadence/PDK/TECH_XH018_1143/strmInOut.layertable
objectMap                                /home/saul/projects/ASKA/.xkit/setup/xh018/cadence/PDK/TECH_XH018_1143/strmOutObjects.map
userSkillFile                           /home/saul/projects/ASKA/layoutverification/pvs_drc/hvswitch5/strmout.il
labelDepth                              32
case                                    Preserve
convertDot                              node
convertPin                              geometryAndText

INFO (XSTRM-223): 1. Translating stdVia TECH_XH018/VIA1_C/layout as STRUCTURE VIA1_C_CDNS_723062518850.
INFO (XSTRM-223): 2. Translating stdVia TECH_XH018/VIA1_C/layout as STRUCTURE VIA1_C_CDNS_723062518851.
INFO (XSTRM-223): 3. Translating stdVia TECH_XH018/VIA1_C/layout as STRUCTURE VIA1_C_CDNS_723062518852.
INFO (XSTRM-223): 4. Translating stdVia TECH_XH018/VIA1_C/layout as STRUCTURE VIA1_C_CDNS_723062518853.
INFO (XSTRM-223): 5. Translating stdVia TECH_XH018/VIA1_C/layout as STRUCTURE VIA1_C_CDNS_723062518854.
INFO (XSTRM-223): 6. Translating stdVia TECH_XH018/VIA2_C/layout as STRUCTURE VIA2_C_CDNS_723062518855.
INFO (XSTRM-223): 7. Translating stdVia TECH_XH018/VIA2_C/layout as STRUCTURE VIA2_C_CDNS_723062518856.
INFO (XSTRM-223): 8. Translating stdVia TECH_XH018/VIA1_C/layout as STRUCTURE VIA1_C_CDNS_723062518857.
INFO (XSTRM-223): 9. Translating stdVia TECH_XH018/VIA1_C/layout as STRUCTURE VIA1_C_CDNS_723062518858.
INFO (XSTRM-223): 10. Translating stdVia TECH_XH018/VIA1_C/layout as STRUCTURE VIA1_C_CDNS_723062518859.
INFO (XSTRM-223): 11. Translating stdVia TECH_XH018/VIA1_C/layout as STRUCTURE VIA1_C_CDNS_7230625188510.
INFO (XSTRM-223): 12. Translating stdVia TECH_XH018/VIA1_C/layout as STRUCTURE VIA1_C_CDNS_7230625188511.
INFO (XSTRM-223): 13. Translating stdVia TECH_XH018/VIA1_C/layout as STRUCTURE VIA1_C_CDNS_7230625188512.
INFO (XSTRM-223): 14. Translating stdVia TECH_XH018/VIA2_C/layout as STRUCTURE VIA2_C_CDNS_7230625188513.
INFO (XSTRM-223): 15. Translating stdVia TECH_XH018/VIA1_C/layout as STRUCTURE VIA1_C_CDNS_7230625188514.
INFO (XSTRM-223): 16. Translating stdVia TECH_XH018/VIA1_C/layout as STRUCTURE VIA1_C_CDNS_7230625188515.
INFO (XSTRM-223): 17. Translating stdVia TECH_XH018/VIATP_C/layout as STRUCTURE VIATP_C_CDNS_7230625188516.
INFO (XSTRM-223): 18. Translating stdVia TECH_XH018/VIA2_C/layout as STRUCTURE VIA2_C_CDNS_7230625188517.
INFO (XSTRM-223): 19. Translating stdVia TECH_XH018/VIA3_C/layout as STRUCTURE VIA3_C_CDNS_7230625188518.
INFO (XSTRM-223): 20. Translating stdVia TECH_XH018/VIATP_C/layout as STRUCTURE VIATP_C_CDNS_7230625188519.
INFO (XSTRM-223): 21. Translating stdVia TECH_XH018/VIATP_C/layout as STRUCTURE VIATP_C_CDNS_7230625188520.
INFO (XSTRM-223): 22. Translating stdVia TECH_XH018/VIA2_C/layout as STRUCTURE VIA2_C_CDNS_7230625188521.
INFO (XSTRM-223): 23. Translating stdVia TECH_XH018/VIA1_C/layout as STRUCTURE VIA1_C_CDNS_7230625188522.
INFO (XSTRM-223): 24. Translating stdVia TECH_XH018/VIA2_C/layout as STRUCTURE VIA2_C_CDNS_7230625188523.
INFO (XSTRM-223): 25. Translating stdVia TECH_XH018/VIA3_C/layout as STRUCTURE VIA3_C_CDNS_7230625188524.
INFO (XSTRM-223): 26. Translating stdVia TECH_XH018/VIA3_C/layout as STRUCTURE VIA3_C_CDNS_7230625188525.
INFO (XSTRM-223): 27. Translating stdVia TECH_XH018/VIA2_C/layout as STRUCTURE VIA2_C_CDNS_7230625188526.
INFO (XSTRM-223): 28. Translating stdVia TECH_XH018/VIATP_C/layout as STRUCTURE VIATP_C_CDNS_7230625188527.
INFO (XSTRM-223): 29. Translating stdVia TECH_XH018/VIA3_C/layout as STRUCTURE VIA3_C_CDNS_7230625188528.
INFO (XSTRM-223): 30. Translating stdVia TECH_XH018/VIA3_C/layout as STRUCTURE VIA3_C_CDNS_7230625188529.
INFO (XSTRM-223): 31. Translating stdVia TECH_XH018/VIA3_C/layout as STRUCTURE VIA3_C_CDNS_7230625188530.
INFO (XSTRM-223): 32. Translating stdVia TECH_XH018/VIA3_C/layout as STRUCTURE VIA3_C_CDNS_7230625188531.
INFO (XSTRM-223): 33. Translating stdVia TECH_XH018/VIA3_C/layout as STRUCTURE VIA3_C_CDNS_7230625188532.
INFO (XSTRM-223): 34. Translating stdVia TECH_XH018/VIA3_C/layout as STRUCTURE VIA3_C_CDNS_7230625188533.
INFO (XSTRM-223): 35. Translating stdVia TECH_XH018/VIATP_C/layout as STRUCTURE VIATP_C_CDNS_7230625188534.
INFO (XSTRM-223): 36. Translating stdVia TECH_XH018/VIATP_C/layout as STRUCTURE VIATP_C_CDNS_7230625188535.
INFO (XSTRM-223): 37. Translating stdVia TECH_XH018/VIATP_C/layout as STRUCTURE VIATP_C_CDNS_7230625188536.
INFO (XSTRM-223): 38. Translating stdVia TECH_XH018/VIATP_C/layout as STRUCTURE VIATP_C_CDNS_7230625188537.
INFO (XSTRM-223): 39. Translating stdVia TECH_XH018/VIATP_C/layout as STRUCTURE VIATP_C_CDNS_7230625188538.
INFO (XSTRM-223): 40. Translating stdVia TECH_XH018/VIATP_C/layout as STRUCTURE VIATP_C_CDNS_7230625188539.
INFO (XSTRM-223): 41. Translating stdVia TECH_XH018/VIATP_C/layout as STRUCTURE VIATP_C_CDNS_7230625188540.
INFO (XSTRM-223): 42. Translating stdVia TECH_XH018/VIATP_C/layout as STRUCTURE VIATP_C_CDNS_7230625188541.
INFO (XSTRM-223): 43. Translating stdVia TECH_XH018/VIATP_C/layout as STRUCTURE VIATP_C_CDNS_7230625188542.
INFO (XSTRM-223): 44. Translating stdVia TECH_XH018/VIATP_C/layout as STRUCTURE VIATP_C_CDNS_7230625188543.
INFO (XSTRM-223): 45. Translating stdVia TECH_XH018/VIATP_C/layout as STRUCTURE VIATP_C_CDNS_7230625188544.
INFO (XSTRM-223): 46. Translating stdVia TECH_XH018/VIATP_C/layout as STRUCTURE VIATP_C_CDNS_7230625188545.
INFO (XSTRM-223): 47. Translating stdVia TECH_XH018/VIATP_C/layout as STRUCTURE VIATP_C_CDNS_7230625188546.
INFO (XSTRM-223): 48. Translating stdVia TECH_XH018/VIATP_C/layout as STRUCTURE VIATP_C_CDNS_7230625188547.
INFO (XSTRM-223): 49. Translating stdVia TECH_XH018/VIATP_C/layout as STRUCTURE VIATP_C_CDNS_7230625188548.
INFO (XSTRM-223): 50. Translating stdVia TECH_XH018/VIATP_C/layout as STRUCTURE VIATP_C_CDNS_7230625188549.
INFO (XSTRM-223): 51. Translating stdVia TECH_XH018/VIATP_C/layout as STRUCTURE VIATP_C_CDNS_7230625188550.
INFO (XSTRM-223): 52. Translating stdVia TECH_XH018/VIATP_C/layout as STRUCTURE VIATP_C_CDNS_7230625188551.
INFO (XSTRM-223): 53. Translating stdVia TECH_XH018/VIATP_C/layout as STRUCTURE VIATP_C_CDNS_7230625188552.
INFO (XSTRM-223): 54. Translating stdVia TECH_XH018/VIATP_C/layout as STRUCTURE VIATP_C_CDNS_7230625188553.
INFO (XSTRM-223): 55. Translating stdVia TECH_XH018/VIATP_C/layout as STRUCTURE VIATP_C_CDNS_7230625188554.
INFO (XSTRM-223): 56. Translating stdVia TECH_XH018/VIATP_C/layout as STRUCTURE VIATP_C_CDNS_7230625188555.
INFO (XSTRM-223): 57. Translating stdVia TECH_XH018/VIATP_C/layout as STRUCTURE VIATP_C_CDNS_7230625188556.
INFO (XSTRM-223): 58. Translating stdVia TECH_XH018/VIATP_C/layout as STRUCTURE VIATP_C_CDNS_7230625188557.
INFO (XSTRM-223): 59. Translating stdVia TECH_XH018/VIATP_C/layout as STRUCTURE VIATP_C_CDNS_7230625188558.
INFO (XSTRM-223): 60. Translating stdVia TECH_XH018/VIATP_C/layout as STRUCTURE VIATP_C_CDNS_7230625188559.
INFO (XSTRM-223): 61. Translating stdVia TECH_XH018/VIA1_C/layout as STRUCTURE VIA1_C_CDNS_7230625188560.
INFO (XSTRM-223): 62. Translating cellView PRIMLIB/nedia/layout as STRUCTURE nedia_CDNS_723062518850.
INFO (XSTRM-223): 63. Translating cellView PRIMLIB/ped/layout as STRUCTURE ped_CDNS_723062518851.
INFO (XSTRM-223): 64. Translating cellView PRIMLIB/rpp1k1_3/layout as STRUCTURE rpp1k1_3_CDNS_723062518852.
INFO (XSTRM-223): 65. Translating cellView PRIMLIB/nedia/layout as STRUCTURE nedia_CDNS_723062518853.
INFO (XSTRM-223): 66. Translating cellView PRIMLIB/ne3/layout as STRUCTURE ne3_CDNS_723062518854.
INFO (XSTRM-223): 67. Translating cellView PRIMLIB/PowerMetal/layout as STRUCTURE PowerMetal_CDNS_723062518855.
INFO (XSTRM-223): 68. Translating cellView PRIMLIB/rpp1k1_3/layout as STRUCTURE rpp1k1_3_CDNS_723062518856.
INFO (XSTRM-223): 69. Translating cellView PRIMLIB/dsba/layout as STRUCTURE dsba_CDNS_723062518857.
INFO (XSTRM-223): 70. Translating cellView PRIMLIB/csf4a/layout as STRUCTURE csf4a.
WARNING (XSTRM-35): The objects in the layer-purpose pair 'MET1:pin' are ignored. This is because the layer-purpose pair used in the design is not specified in the layer map file. Specify the layer-purpose pair in the layer map file and try again.
WARNING (XSTRM-35): The objects in the layer-purpose pair 'MET2:pin' are ignored. This is because the layer-purpose pair used in the design is not specified in the layer map file. Specify the layer-purpose pair in the layer map file and try again.
WARNING (XSTRM-35): The objects in the layer-purpose pair 'MET3:pin' are ignored. This is because the layer-purpose pair used in the design is not specified in the layer map file. Specify the layer-purpose pair in the layer map file and try again.
WARNING (XSTRM-35): The objects in the layer-purpose pair 'MET4:pin' are ignored. This is because the layer-purpose pair used in the design is not specified in the layer map file. Specify the layer-purpose pair in the layer map file and try again.
INFO (XSTRM-223): 71. Translating cellView PRIMLIB/dpp20/layout as STRUCTURE dpp20_CDNS_723062518858.
INFO (XSTRM-223): 72. Translating cellView PRIMLIB/rpp1k1_3/layout as STRUCTURE rpp1k1_3_CDNS_723062518859.
INFO (XSTRM-223): 73. Translating cellView PRIMLIB/pe3/layout as STRUCTURE pe3_CDNS_7230625188510.
INFO (XSTRM-223): 74. Translating cellView PRIMLIB/PowerMetal/layout as STRUCTURE PowerMetal_CDNS_7230625188511.
INFO (XSTRM-223): 75. Translating cellView HVSWITCH/hvswitch5/layout as STRUCTURE hvswitch5.
INFO (XSTRM-275): Number of vertexes in the 'polygon' with starting point (412850, 203445) on layer '31' is 3270. These vertices will be represented using 3271 points in the GDS. This number exceeds the maximum limit, 2048, defined by 'maxVertices'. The 'polygon' will be chopped into smaller polygons during XStream Out translation.
INFO (XSTRM-275): Number of vertexes in the 'polygon' with starting point (375920, 67845) on layer '31' is 3270. These vertices will be represented using 3271 points in the GDS. This number exceeds the maximum limit, 2048, defined by 'maxVertices'. The 'polygon' will be chopped into smaller polygons during XStream Out translation.
INFO (XSTRM-275): Number of vertexes in the 'polygon' with starting point (375535, 138245) on layer '31' is 3270. These vertices will be represented using 3271 points in the GDS. This number exceeds the maximum limit, 2048, defined by 'maxVertices'. The 'polygon' will be chopped into smaller polygons during XStream Out translation.
INFO (XSTRM-275): Number of vertexes in the 'polygon' with starting point (412850, 203445) on layer '33' is 3270. These vertices will be represented using 3271 points in the GDS. This number exceeds the maximum limit, 2048, defined by 'maxVertices'. The 'polygon' will be chopped into smaller polygons during XStream Out translation.
INFO (XSTRM-275): Number of vertexes in the 'polygon' with starting point (375535, 138245) on layer '33' is 3270. These vertices will be represented using 3271 points in the GDS. This number exceeds the maximum limit, 2048, defined by 'maxVertices'. The 'polygon' will be chopped into smaller polygons during XStream Out translation.
INFO (XSTRM-275): Number of vertexes in the 'polygon' with starting point (375920, 67845) on layer '33' is 3270. These vertices will be represented using 3271 points in the GDS. This number exceeds the maximum limit, 2048, defined by 'maxVertices'. The 'polygon' will be chopped into smaller polygons during XStream Out translation.
WARNING (XSTRM-154): The object map file does not contain any mapping for the OpenAccess object 'Marker' and the sub-object 'annotation'. Therefore, these objects in the design will not be translated. To enable the translation of these objects in the Stream file, provide a valid mapping in the object map file.
WARNING (XSTRM-154): The object map file does not contain any mapping for the OpenAccess object 'Marker' and the sub-object 'info'. Therefore, these objects in the design will not be translated. To enable the translation of these objects in the Stream file, provide a valid mapping in the object map file.

Summary of Objects Translated:
	Scalar Instances:                       390
	Array Instances:                        0
	Polygons:                               1064
	Paths:                                  47
	Rectangles:                             55864
	Lines:                                  0
	Arcs:                                   0
	Donuts:                                 0
	Dots:                                   0
	Ellipses:                               0
	Boundaries:                             0
	Area Blockages:                         0
	Layer Blockages:                        0
	Area Halos:                             0
	Markers:                                0
	Rows:                                   0
	Standard Vias                           10628
	Custom Vias:                            0
	CdsGen Vias:                            0
	Pathsegs:                               102
	Text:                                   23
	TextDisplay:                            16
	Cells:                                  75

Elapsed Time: 0.6s   User Time: 0.1s   CPU Time: 0.1s   Peak VM: 21204KB
INFO (XSTRM-234): Translation completed. '0' error(s) and '7' warning(s) found.
