********************************************************************************
Product   : Virtuoso(R) XStream Out
Program   : @(#)$CDS: strmout version 6.1.8-64b 01/30/2024 20:01 (cpgbld02) $
          : sub-version  IC6.1.8-64b.500.35 
Started at: 26-Aug-2024  08:15:23
User Name : saul
Host Name : s2424
Directory : /home/saul/projects/ASKA
CADENCE Design Systems, Inc.
********************************************************************************
Info: Cellview Rev Num:99,  Tech Rev Num:59

WARNING (XSTRM-20): Output Stream file '/home/saul/projects/ASKA/PvsLVS/bandgap_su/bandgap_su.gds' already exists. It will be overwritten.
INFO (XSTRM-217): Reading the layer map file, /home/saul/projects/ASKA/.xkit/setup/xh018/cadence/PDK/TECH_XH018_1143/strmInOut.layertable
INFO (XSTRM-217): Reading the object map file, /home/saul/projects/ASKA/.xkit/setup/xh018/cadence/PDK/TECH_XH018_1143/strmOutObjects.map
INFO (XSTRM-162): You have not used the '-viaMap' option. If the OpenAccess design has native oaVia instances, use the '-viaMap' option for preserving oaVia instances in a XStream Out - XStream In round trip. Using the '-viaMap' option improves performance and VM usage of applications using the Streamed-In design.

Summary of Options :
library                                 ASKA_BANDGAP
strmFile                                /home/saul/projects/ASKA/PvsLVS/bandgap_su/bandgap_su.gds
topCell                                 bandgap_su
view                                    layout
runDir                                  /home/saul/projects/ASKA/PvsLVS/bandgap_su
logFile                                 /home/saul/projects/ASKA/PvsLVS/bandgap_su/PIPO1.LOG
techLib                                 TECH_XH018
hierDepth                               32
maxVertices                             2048
layerMap                                /home/saul/projects/ASKA/.xkit/setup/xh018/cadence/PDK/TECH_XH018_1143/strmInOut.layertable
objectMap                                /home/saul/projects/ASKA/.xkit/setup/xh018/cadence/PDK/TECH_XH018_1143/strmOutObjects.map
userSkillFile                           /home/saul/projects/ASKA/PvsLVS/bandgap_su/strmout.il
labelDepth                              32
case                                    Preserve
convertDot                              node
convertPin                              geometryAndText

INFO (XSTRM-223): 1. Translating stdVia TECH_XH018/VIA1_C/layout as STRUCTURE VIA1_C_CDNS_724652923740.
INFO (XSTRM-223): 2. Translating stdVia TECH_XH018/VIA2_C/layout as STRUCTURE VIA2_C_CDNS_724652923741.
INFO (XSTRM-223): 3. Translating stdVia TECH_XH018/VIA1_C/layout as STRUCTURE VIA1_C_CDNS_724652923742.
INFO (XSTRM-223): 4. Translating stdVia TECH_XH018/VIA2_C/layout as STRUCTURE VIA2_C_CDNS_724652923743.
INFO (XSTRM-223): 5. Translating stdVia TECH_XH018/VIA2_C/layout as STRUCTURE VIA2_C_CDNS_724652923744.
INFO (XSTRM-223): 6. Translating stdVia TECH_XH018/VIA1_C/layout as STRUCTURE VIA1_C_CDNS_724652923745.
INFO (XSTRM-223): 7. Translating stdVia TECH_XH018/VIA1_C/layout as STRUCTURE VIA1_C_CDNS_724652923746.
INFO (XSTRM-223): 8. Translating stdVia TECH_XH018/VIA2_C/layout as STRUCTURE VIA2_C_CDNS_724652923747.
INFO (XSTRM-223): 9. Translating stdVia TECH_XH018/VIA1_C/layout as STRUCTURE VIA1_C_CDNS_724652923748.
INFO (XSTRM-223): 10. Translating stdVia TECH_XH018/VIA2_C/layout as STRUCTURE VIA2_C_CDNS_724652923749.
INFO (XSTRM-223): 11. Translating stdVia TECH_XH018/VIA1_C/layout as STRUCTURE VIA1_C_CDNS_7246529237410.
INFO (XSTRM-223): 12. Translating stdVia TECH_XH018/VIA1_C/layout as STRUCTURE VIA1_C_CDNS_7246529237411.
INFO (XSTRM-223): 13. Translating stdVia TECH_XH018/VIA1_C/layout as STRUCTURE VIA1_C_CDNS_7246529237412.
INFO (XSTRM-223): 14. Translating stdVia TECH_XH018/VIA2_C/layout as STRUCTURE VIA2_C_CDNS_7246529237413.
INFO (XSTRM-223): 15. Translating stdVia TECH_XH018/VIA1_C/layout as STRUCTURE VIA1_C_CDNS_7246529237414.
INFO (XSTRM-223): 16. Translating stdVia TECH_XH018/VIA1_C/layout as STRUCTURE VIA1_C_CDNS_7246529237415.
INFO (XSTRM-223): 17. Translating stdVia TECH_XH018/VIA1_C/layout as STRUCTURE VIA1_C_CDNS_7246529237416.
INFO (XSTRM-223): 18. Translating stdVia TECH_XH018/VIA2_C/layout as STRUCTURE VIA2_C_CDNS_7246529237417.
INFO (XSTRM-223): 19. Translating stdVia TECH_XH018/VIA3_C/layout as STRUCTURE VIA3_C_CDNS_7246529237418.
INFO (XSTRM-223): 20. Translating stdVia TECH_XH018/VIA2_C/layout as STRUCTURE VIA2_C_CDNS_7246529237419.
INFO (XSTRM-223): 21. Translating stdVia TECH_XH018/VIA2_C/layout as STRUCTURE VIA2_C_CDNS_7246529237420.
INFO (XSTRM-223): 22. Translating stdVia TECH_XH018/VIA2_C/layout as STRUCTURE VIA2_C_CDNS_7246529237421.
INFO (XSTRM-223): 23. Translating stdVia TECH_XH018/VIA1_C/layout as STRUCTURE VIA1_C_CDNS_7246529237422.
INFO (XSTRM-223): 24. Translating stdVia TECH_XH018/VIA2_C/layout as STRUCTURE VIA2_C_CDNS_7246529237423.
INFO (XSTRM-223): 25. Translating stdVia TECH_XH018/VIA1_C/layout as STRUCTURE VIA1_C_CDNS_7246529237424.
INFO (XSTRM-223): 26. Translating stdVia TECH_XH018/VIA2_C/layout as STRUCTURE VIA2_C_CDNS_7246529237425.
INFO (XSTRM-223): 27. Translating stdVia TECH_XH018/VIA2_C/layout as STRUCTURE VIA2_C_CDNS_7246529237426.
INFO (XSTRM-223): 28. Translating stdVia TECH_XH018/VIA2_C/layout as STRUCTURE VIA2_C_CDNS_7246529237427.
INFO (XSTRM-223): 29. Translating stdVia TECH_XH018/VIA1_C/layout as STRUCTURE VIA1_C_CDNS_7246529237428.
INFO (XSTRM-223): 30. Translating stdVia TECH_XH018/VIA2_C/layout as STRUCTURE VIA2_C_CDNS_7246529237429.
INFO (XSTRM-223): 31. Translating stdVia TECH_XH018/VIA2_C/layout as STRUCTURE VIA2_C_CDNS_7246529237430.
INFO (XSTRM-223): 32. Translating stdVia TECH_XH018/VIATP_C/layout as STRUCTURE VIATP_C_CDNS_7246529237431.
INFO (XSTRM-223): 33. Translating stdVia TECH_XH018/VIA3_C/layout as STRUCTURE VIA3_C_CDNS_7246529237432.
INFO (XSTRM-223): 34. Translating stdVia TECH_XH018/VIA2_C/layout as STRUCTURE VIA2_C_CDNS_7246529237433.
INFO (XSTRM-223): 35. Translating cellView PRIMLIB/pe3/layout as STRUCTURE pe3_CDNS_724652923740.
INFO (XSTRM-223): 36. Translating cellView PRIMLIB/ne3/layout as STRUCTURE ne3_CDNS_724652923741.
INFO (XSTRM-223): 37. Translating cellView PRIMLIB/qpvc3/layout as STRUCTURE qpvc3.
INFO (XSTRM-223): 38. Translating cellView PRIMLIB/rpp1k1_3/layout as STRUCTURE rpp1k1_3_CDNS_724652923742.
INFO (XSTRM-223): 39. Translating cellView PRIMLIB/rpp1k1_3/layout as STRUCTURE rpp1k1_3_CDNS_724652923743.
INFO (XSTRM-223): 40. Translating cellView PRIMLIB/ne3/layout as STRUCTURE ne3_CDNS_724652923744.
INFO (XSTRM-223): 41. Translating cellView PRIMLIB/cmm5t/layout as STRUCTURE cmm5t_CDNS_724652923745.
INFO (XSTRM-223): 42. Translating cellView PRIMLIB/pe3/layout as STRUCTURE pe3_CDNS_724652923746.
INFO (XSTRM-223): 43. Translating cellView PRIMLIB/pe3/layout as STRUCTURE pe3_CDNS_724652923747.
INFO (XSTRM-223): 44. Translating cellView PRIMLIB/ne3/layout as STRUCTURE ne3_CDNS_724652923748.
INFO (XSTRM-223): 45. Translating cellView PRIMLIB/pe3/layout as STRUCTURE pe3_CDNS_724652923749.
INFO (XSTRM-223): 46. Translating cellView PRIMLIB/ne3/layout as STRUCTURE ne3_CDNS_7246529237410.
INFO (XSTRM-223): 47. Translating cellView PRIMLIB/rpp1k1_3/layout as STRUCTURE rpp1k1_3_CDNS_7246529237411.
INFO (XSTRM-223): 48. Translating cellView ASKA_BANDGAP/bandgap_su/layout as STRUCTURE bandgap_su.

Summary of Objects Translated:
	Scalar Instances:                       135
	Array Instances:                        0
	Polygons:                               10
	Paths:                                  101
	Rectangles:                             8546
	Lines:                                  0
	Arcs:                                   0
	Donuts:                                 0
	Dots:                                   0
	Ellipses:                               0
	Boundaries:                             1
	Area Blockages:                         0
	Layer Blockages:                        0
	Area Halos:                             0
	Markers:                                0
	Rows:                                   0
	Standard Vias                           374
	Custom Vias:                            0
	CdsGen Vias:                            0
	Pathsegs:                               595
	Text:                                   19
	TextDisplay:                            3
	Cells:                                  48

Elapsed Time: 0.6s   User Time: 0.3s   CPU Time: 0.1s   Peak VM: 18032KB
INFO (XSTRM-234): Translation completed. '0' error(s) and '1' warning(s) found.
