Virtuoso Framework License (111) was checked out successfully. Total checkout time was 0.07s.
********************************************************************************
Product   : Virtuoso(R) XStream Out
Program   : @(#)$CDS: strmout version 6.1.8-64b 10/11/2023 09:46 (sjfhw317) $
          : sub-version  IC6.1.8-64b.500.34 
Started at: 25-Jun-2024  15:46:26
User Name : saul
Host Name : phoenix
Directory : /home/saul/projects/ASKA
CADENCE Design Systems, Inc.
********************************************************************************
Info: Cellview Rev Num:99,  Tech Rev Num:59

WARNING (XSTRM-20): Output Stream file '/home/saul/projects/ASKA/PvsLVS/bandgap_su/bandgap_su.gds' already exists. It will be overwritten.
INFO (XSTRM-217): Reading the layer map file, /home/saul/projects/ASKA/.xkit/setup/xh018/cadence/PDK/TECH_XH018_1143/strmInOut.layertable
INFO (XSTRM-217): Reading the object map file, /home/saul/projects/ASKA/.xkit/setup/xh018/cadence/PDK/TECH_XH018_1143/strmOutObjects.map
INFO (XSTRM-162): You have not used the '-viaMap' option. If the OpenAccess design has native oaVia instances, use the '-viaMap' option for preserving oaVia instances in a XStream Out - XStream In round trip. Using the '-viaMap' option improves performance and VM usage of applications using the Streamed-In design.

Summary of Options :
library                                 BANDGAP
strmFile                                /home/saul/projects/ASKA/PvsLVS/bandgap_su/bandgap_su.gds
topCell                                 bandgap_su
view                                    layout
runDir                                  /home/saul/projects/ASKA/PvsLVS/bandgap_su
logFile                                 /home/saul/projects/ASKA/PvsLVS/bandgap_su/PIPO1.LOG
techLib                                 TECH_XH018
hierDepth                               32
maxVertices                             2048
layerMap                                /home/saul/projects/ASKA/.xkit/setup/xh018/cadence/PDK/TECH_XH018_1143/strmInOut.layertable
objectMap                                /home/saul/projects/ASKA/.xkit/setup/xh018/cadence/PDK/TECH_XH018_1143/strmOutObjects.map
userSkillFile                           /home/saul/projects/ASKA/PvsLVS/bandgap_su/strmout.il
labelDepth                              32
case                                    Preserve
convertDot                              node
convertPin                              geometryAndText

** Info: PDK loadpath is "/home/saul/pkg/xfab/XKIT/xh018/cadence/v9_0/PDK/IC61/v9_0_4"
Loading XfSktTools.cxt
Loading XfMenu.cxt
Loading XfTechXh018.cxt
Loading XfPcellCore.cxt
function ansiSpicePrintProperties_subcircuit redefined
Loading XfSkillExt.cxt
Initializing library.
Finished Initializing Library .
    Generic PcellKit: 'production' loaded.
    Generic Pcell Skill Tools: 'production' loaded.
Loading Circuit Prospector Setup (XfCircuitProspSetup.il)
INFO (XSTRM-223): 1. Translating stdVia TECH_XH018/VIA1_C/layout as STRUCTURE VIA1_C_CDNS_719344786700.
INFO (XSTRM-223): 2. Translating stdVia TECH_XH018/VIA2_C/layout as STRUCTURE VIA2_C_CDNS_719344786701.
INFO (XSTRM-223): 3. Translating stdVia TECH_XH018/VIA1_C/layout as STRUCTURE VIA1_C_CDNS_719344786702.
INFO (XSTRM-223): 4. Translating stdVia TECH_XH018/VIA2_C/layout as STRUCTURE VIA2_C_CDNS_719344786703.
INFO (XSTRM-223): 5. Translating stdVia TECH_XH018/VIA2_C/layout as STRUCTURE VIA2_C_CDNS_719344786704.
INFO (XSTRM-223): 6. Translating stdVia TECH_XH018/VIA1_C/layout as STRUCTURE VIA1_C_CDNS_719344786705.
INFO (XSTRM-223): 7. Translating stdVia TECH_XH018/VIA1_C/layout as STRUCTURE VIA1_C_CDNS_719344786706.
INFO (XSTRM-223): 8. Translating stdVia TECH_XH018/VIA2_C/layout as STRUCTURE VIA2_C_CDNS_719344786707.
INFO (XSTRM-223): 9. Translating stdVia TECH_XH018/VIA1_C/layout as STRUCTURE VIA1_C_CDNS_719344786708.
INFO (XSTRM-223): 10. Translating stdVia TECH_XH018/VIA2_C/layout as STRUCTURE VIA2_C_CDNS_719344786709.
INFO (XSTRM-223): 11. Translating stdVia TECH_XH018/VIA1_C/layout as STRUCTURE VIA1_C_CDNS_7193447867010.
INFO (XSTRM-223): 12. Translating stdVia TECH_XH018/VIA1_C/layout as STRUCTURE VIA1_C_CDNS_7193447867011.
INFO (XSTRM-223): 13. Translating stdVia TECH_XH018/VIA1_C/layout as STRUCTURE VIA1_C_CDNS_7193447867012.
INFO (XSTRM-223): 14. Translating stdVia TECH_XH018/VIA2_C/layout as STRUCTURE VIA2_C_CDNS_7193447867013.
INFO (XSTRM-223): 15. Translating stdVia TECH_XH018/VIA1_C/layout as STRUCTURE VIA1_C_CDNS_7193447867014.
INFO (XSTRM-223): 16. Translating stdVia TECH_XH018/VIA1_C/layout as STRUCTURE VIA1_C_CDNS_7193447867015.
INFO (XSTRM-223): 17. Translating stdVia TECH_XH018/VIA1_C/layout as STRUCTURE VIA1_C_CDNS_7193447867016.
INFO (XSTRM-223): 18. Translating stdVia TECH_XH018/VIA2_C/layout as STRUCTURE VIA2_C_CDNS_7193447867017.
INFO (XSTRM-223): 19. Translating stdVia TECH_XH018/VIA3_C/layout as STRUCTURE VIA3_C_CDNS_7193447867018.
INFO (XSTRM-223): 20. Translating stdVia TECH_XH018/VIA2_C/layout as STRUCTURE VIA2_C_CDNS_7193447867019.
INFO (XSTRM-223): 21. Translating stdVia TECH_XH018/VIA2_C/layout as STRUCTURE VIA2_C_CDNS_7193447867020.
INFO (XSTRM-223): 22. Translating stdVia TECH_XH018/VIA2_C/layout as STRUCTURE VIA2_C_CDNS_7193447867021.
INFO (XSTRM-223): 23. Translating stdVia TECH_XH018/VIA1_C/layout as STRUCTURE VIA1_C_CDNS_7193447867022.
INFO (XSTRM-223): 24. Translating stdVia TECH_XH018/VIA2_C/layout as STRUCTURE VIA2_C_CDNS_7193447867023.
INFO (XSTRM-223): 25. Translating stdVia TECH_XH018/VIA1_C/layout as STRUCTURE VIA1_C_CDNS_7193447867024.
INFO (XSTRM-223): 26. Translating stdVia TECH_XH018/VIA2_C/layout as STRUCTURE VIA2_C_CDNS_7193447867025.
INFO (XSTRM-223): 27. Translating stdVia TECH_XH018/VIA2_C/layout as STRUCTURE VIA2_C_CDNS_7193447867026.
INFO (XSTRM-223): 28. Translating stdVia TECH_XH018/VIA2_C/layout as STRUCTURE VIA2_C_CDNS_7193447867027.
INFO (XSTRM-223): 29. Translating stdVia TECH_XH018/VIA1_C/layout as STRUCTURE VIA1_C_CDNS_7193447867028.
INFO (XSTRM-223): 30. Translating stdVia TECH_XH018/VIA2_C/layout as STRUCTURE VIA2_C_CDNS_7193447867029.
INFO (XSTRM-223): 31. Translating stdVia TECH_XH018/VIA2_C/layout as STRUCTURE VIA2_C_CDNS_7193447867030.
INFO (XSTRM-223): 32. Translating stdVia TECH_XH018/VIATP_C/layout as STRUCTURE VIATP_C_CDNS_7193447867031.
INFO (XSTRM-223): 33. Translating stdVia TECH_XH018/VIA3_C/layout as STRUCTURE VIA3_C_CDNS_7193447867032.
INFO (XSTRM-223): 34. Translating stdVia TECH_XH018/VIA2_C/layout as STRUCTURE VIA2_C_CDNS_7193447867033.
Express Pcell license has been checked out for the Express Pcell feature.
INFO (XSTRM-223): 35. Translating cellView PRIMLIB/pe3/layout as STRUCTURE pe3_CDNS_719344786700.
INFO (XSTRM-223): 36. Translating cellView PRIMLIB/ne3/layout as STRUCTURE ne3_CDNS_719344786701.
INFO (XSTRM-223): 37. Translating cellView PRIMLIB/qpvc3/layout as STRUCTURE qpvc3.
INFO (XSTRM-223): 38. Translating cellView PRIMLIB/rpp1k1_3/layout as STRUCTURE rpp1k1_3_CDNS_719344786702.
INFO (XSTRM-223): 39. Translating cellView PRIMLIB/rpp1k1_3/layout as STRUCTURE rpp1k1_3_CDNS_719344786703.
INFO (XSTRM-223): 40. Translating cellView PRIMLIB/ne3/layout as STRUCTURE ne3_CDNS_719344786704.
INFO (XSTRM-223): 41. Translating cellView PRIMLIB/cmm5t/layout as STRUCTURE cmm5t_CDNS_719344786705.
INFO (XSTRM-223): 42. Translating cellView PRIMLIB/pe3/layout as STRUCTURE pe3_CDNS_719344786706.
INFO (XSTRM-223): 43. Translating cellView PRIMLIB/pe3/layout as STRUCTURE pe3_CDNS_719344786707.
INFO (XSTRM-223): 44. Translating cellView PRIMLIB/ne3/layout as STRUCTURE ne3_CDNS_719344786708.
INFO (XSTRM-223): 45. Translating cellView PRIMLIB/pe3/layout as STRUCTURE pe3_CDNS_719344786709.
INFO (XSTRM-223): 46. Translating cellView PRIMLIB/ne3/layout as STRUCTURE ne3_CDNS_7193447867010.
INFO (XSTRM-223): 47. Translating cellView PRIMLIB/rpp1k1_3/layout as STRUCTURE rpp1k1_3_CDNS_7193447867011.
INFO (XSTRM-223): 48. Translating cellView BANDGAP/bandgap_su/layout as STRUCTURE bandgap_su.

Summary of Objects Translated:
	Scalar Instances:                       135
	Array Instances:                        0
	Polygons:                               10
	Paths:                                  101
	Rectangles:                             8546
	Lines:                                  0
	Arcs:                                   0
	Donuts:                                 0
	Dots:                                   0
	Ellipses:                               0
	Boundaries:                             1
	Area Blockages:                         0
	Layer Blockages:                        0
	Area Halos:                             0
	Markers:                                0
	Rows:                                   0
	Standard Vias                           374
	Custom Vias:                            0
	CdsGen Vias:                            0
	Pathsegs:                               595
	Text:                                   19
	TextDisplay:                            3
	Cells:                                  48

Elapsed Time: 0.6s   User Time: 0.1s   CPU Time: 0.1s   Peak VM: 16484KB
INFO (XSTRM-234): Translation completed. '0' error(s) and '1' warning(s) found.
