********************************************************************************
Product   : Virtuoso(R) XStream Out
Program   : @(#)$CDS: strmout version 6.1.8-64b 01/30/2024 20:01 (cpgbld02) $
          : sub-version  IC6.1.8-64b.500.35 
Started at: 26-Aug-2024  08:11:57
User Name : saul
Host Name : s2424
Directory : /home/saul/projects/ASKA
CADENCE Design Systems, Inc.
********************************************************************************
Info: Cellview Rev Num:99,  Tech Rev Num:59

WARNING (XSTRM-20): Output Stream file '/home/saul/projects/ASKA/PvsLVS/constant_gm/constant_gm.gds' already exists. It will be overwritten.
INFO (XSTRM-217): Reading the layer map file, /home/saul/projects/ASKA/.xkit/setup/xh018/cadence/PDK/TECH_XH018_1143/strmInOut.layertable
INFO (XSTRM-217): Reading the object map file, /home/saul/projects/ASKA/.xkit/setup/xh018/cadence/PDK/TECH_XH018_1143/strmOutObjects.map
INFO (XSTRM-162): You have not used the '-viaMap' option. If the OpenAccess design has native oaVia instances, use the '-viaMap' option for preserving oaVia instances in a XStream Out - XStream In round trip. Using the '-viaMap' option improves performance and VM usage of applications using the Streamed-In design.

Summary of Options :
library                                 ASKA_CONSTANT_GM
strmFile                                /home/saul/projects/ASKA/PvsLVS/constant_gm/constant_gm.gds
topCell                                 constant_gm
view                                    layout
runDir                                  /home/saul/projects/ASKA/PvsLVS/constant_gm
logFile                                 /home/saul/projects/ASKA/PvsLVS/constant_gm/PIPO1.LOG
techLib                                 TECH_XH018
hierDepth                               32
maxVertices                             2048
layerMap                                /home/saul/projects/ASKA/.xkit/setup/xh018/cadence/PDK/TECH_XH018_1143/strmInOut.layertable
objectMap                                /home/saul/projects/ASKA/.xkit/setup/xh018/cadence/PDK/TECH_XH018_1143/strmOutObjects.map
userSkillFile                           /home/saul/projects/ASKA/PvsLVS/constant_gm/strmout.il
labelDepth                              32
case                                    Preserve
convertDot                              node
convertPin                              geometryAndText

INFO (XSTRM-223): 1. Translating stdVia TECH_XH018/VIA1_C/layout as STRUCTURE VIA1_C_CDNS_724652717070.
INFO (XSTRM-223): 2. Translating stdVia TECH_XH018/VIA2_C/layout as STRUCTURE VIA2_C_CDNS_724652717071.
INFO (XSTRM-223): 3. Translating stdVia TECH_XH018/VIA1_C/layout as STRUCTURE VIA1_C_CDNS_724652717072.
INFO (XSTRM-223): 4. Translating stdVia TECH_XH018/VIA1_C/layout as STRUCTURE VIA1_C_CDNS_724652717073.
INFO (XSTRM-223): 5. Translating stdVia TECH_XH018/VIA1_C/layout as STRUCTURE VIA1_C_CDNS_724652717074.
INFO (XSTRM-223): 6. Translating stdVia TECH_XH018/VIA1_C/layout as STRUCTURE VIA1_C_CDNS_724652717075.
INFO (XSTRM-223): 7. Translating stdVia TECH_XH018/VIA1_C/layout as STRUCTURE VIA1_C_CDNS_724652717076.
INFO (XSTRM-223): 8. Translating stdVia TECH_XH018/VIA2_C/layout as STRUCTURE VIA2_C_CDNS_724652717077.
INFO (XSTRM-223): 9. Translating stdVia TECH_XH018/VIA2_C/layout as STRUCTURE VIA2_C_CDNS_724652717078.
INFO (XSTRM-223): 10. Translating stdVia TECH_XH018/VIA1_C/layout as STRUCTURE VIA1_C_CDNS_724652717079.
INFO (XSTRM-223): 11. Translating stdVia TECH_XH018/VIA1_C/layout as STRUCTURE VIA1_C_CDNS_7246527170710.
INFO (XSTRM-223): 12. Translating stdVia TECH_XH018/VIA2_C/layout as STRUCTURE VIA2_C_CDNS_7246527170711.
INFO (XSTRM-223): 13. Translating stdVia TECH_XH018/VIA1_C/layout as STRUCTURE VIA1_C_CDNS_7246527170712.
INFO (XSTRM-223): 14. Translating stdVia TECH_XH018/VIA1_C/layout as STRUCTURE VIA1_C_CDNS_7246527170713.
INFO (XSTRM-223): 15. Translating stdVia TECH_XH018/VIA2_C/layout as STRUCTURE VIA2_C_CDNS_7246527170714.
INFO (XSTRM-223): 16. Translating stdVia TECH_XH018/VIA1_C/layout as STRUCTURE VIA1_C_CDNS_7246527170715.
INFO (XSTRM-223): 17. Translating stdVia TECH_XH018/VIA2_C/layout as STRUCTURE VIA2_C_CDNS_7246527170716.
INFO (XSTRM-223): 18. Translating stdVia TECH_XH018/VIA2_C/layout as STRUCTURE VIA2_C_CDNS_7246527170717.
INFO (XSTRM-223): 19. Translating stdVia TECH_XH018/VIA2_C/layout as STRUCTURE VIA2_C_CDNS_7246527170718.
INFO (XSTRM-223): 20. Translating stdVia TECH_XH018/VIA2_C/layout as STRUCTURE VIA2_C_CDNS_7246527170719.
INFO (XSTRM-223): 21. Translating stdVia TECH_XH018/VIA1_C/layout as STRUCTURE VIA1_C_CDNS_7246527170720.
INFO (XSTRM-223): 22. Translating stdVia TECH_XH018/VIA1_C/layout as STRUCTURE VIA1_C_CDNS_7246527170721.
INFO (XSTRM-223): 23. Translating stdVia TECH_XH018/VIA1_C/layout as STRUCTURE VIA1_C_CDNS_7246527170722.
INFO (XSTRM-223): 24. Translating stdVia TECH_XH018/VIA1_C/layout as STRUCTURE VIA1_C_CDNS_7246527170723.
INFO (XSTRM-223): 25. Translating stdVia TECH_XH018/VIA1_C/layout as STRUCTURE VIA1_C_CDNS_7246527170724.
INFO (XSTRM-223): 26. Translating cellView PRIMLIB/ne3i_6/layout as STRUCTURE ne3i_6_CDNS_724652717070.
INFO (XSTRM-223): 27. Translating cellView PRIMLIB/pe3/layout as STRUCTURE pe3_CDNS_724652717071.
INFO (XSTRM-223): 28. Translating cellView PRIMLIB/ne3/layout as STRUCTURE ne3_CDNS_724652717072.
INFO (XSTRM-223): 29. Translating cellView PRIMLIB/pe3/layout as STRUCTURE pe3_CDNS_724652717073.
INFO (XSTRM-223): 30. Translating cellView PRIMLIB/pe3/layout as STRUCTURE pe3_CDNS_724652717074.
INFO (XSTRM-223): 31. Translating cellView PRIMLIB/pe3/layout as STRUCTURE pe3_CDNS_724652717075.
INFO (XSTRM-223): 32. Translating cellView PRIMLIB/ne3i_6/layout as STRUCTURE ne3i_6_CDNS_724652717076.
INFO (XSTRM-223): 33. Translating cellView PRIMLIB/rpp1k1_3/layout as STRUCTURE rpp1k1_3_CDNS_724652717077.
INFO (XSTRM-223): 34. Translating cellView ASKA_CONSTANT_GM/constant_gm/layout as STRUCTURE constant_gm.
WARNING (XSTRM-154): The object map file does not contain any mapping for the OpenAccess object 'Marker' and the sub-object 'annotation'. Therefore, these objects in the design will not be translated. To enable the translation of these objects in the Stream file, provide a valid mapping in the object map file.
WARNING (XSTRM-154): The object map file does not contain any mapping for the OpenAccess object 'Marker' and the sub-object 'error'. Therefore, these objects in the design will not be translated. To enable the translation of these objects in the Stream file, provide a valid mapping in the object map file.

Summary of Objects Translated:
	Scalar Instances:                       26
	Array Instances:                        0
	Polygons:                               4
	Paths:                                  173
	Rectangles:                             4390
	Lines:                                  0
	Arcs:                                   0
	Donuts:                                 0
	Dots:                                   0
	Ellipses:                               0
	Boundaries:                             1
	Area Blockages:                         0
	Layer Blockages:                        0
	Area Halos:                             0
	Markers:                                0
	Rows:                                   0
	Standard Vias                           106
	Custom Vias:                            0
	CdsGen Vias:                            0
	Pathsegs:                               199
	Text:                                   19
	TextDisplay:                            9
	Cells:                                  34

Elapsed Time: 0.6s   User Time: 0.3s   CPU Time: 0.1s   Peak VM: 17476KB
INFO (XSTRM-234): Translation completed. '0' error(s) and '3' warning(s) found.
