Starting Single Run, Sweeps and Corners...

Current time: Tue Apr 30 06:33:34 2024 
Best design point: 1
Design specs: 
	PULSE_GENERATOR:pulse_generator_tb:1	corner	PROCESS_OCC_0 - 
	PULSE_GENERATOR:pulse_generator_tb:1	corner	PROCESS_OCC_1 - 
	PULSE_GENERATOR:pulse_generator_tb:1	corner	PROCESS_OCC_2 - 
	PULSE_GENERATOR:pulse_generator_tb:1	corner	PROCESS_OCC_3 - 
	PULSE_GENERATOR:pulse_generator_tb:1	corner	PROCESS_OCC_4 - 
	PULSE_GENERATOR:pulse_generator_tb:1	corner	PROCESS_OCC_5 - 
	PULSE_GENERATOR:pulse_generator_tb:1	corner	PROCESS_OCC_6 - 
	PULSE_GENERATOR:pulse_generator_tb:1	corner	PROCESS_OCC_7 - 
	PULSE_GENERATOR:pulse_generator_tb:1	corner	PROCESS_OCC_8 - 
	PULSE_GENERATOR:pulse_generator_tb:1	corner	PROCESS_OCC_9 - 
	PULSE_GENERATOR:pulse_generator_tb:1	corner	PROCESS_OCC_10 - 
	PULSE_GENERATOR:pulse_generator_tb:1	corner	PROCESS_OCC_11 - 
	PULSE_GENERATOR:pulse_generator_tb:1	corner	PROCESS_OCC_12 - 
	PULSE_GENERATOR:pulse_generator_tb:1	corner	PROCESS_OCC_13 - 
	PULSE_GENERATOR:pulse_generator_tb:1	corner	PROCESS_OCC_14 - 
	PULSE_GENERATOR:pulse_generator_tb:1	corner	PROCESS_OCC_15 - 
	PULSE_GENERATOR:pulse_generator_tb:1	corner	PROCESS_OCC_16 - 
	PULSE_GENERATOR:pulse_generator_tb:1	corner	PROCESS_OCC_17 - 
	PULSE_GENERATOR:pulse_generator_tb:1	corner	PROCESS_OCC_18 - 
	PULSE_GENERATOR:pulse_generator_tb:1	corner	PROCESS_OCC_19 - 
	PULSE_GENERATOR:pulse_generator_tb:1	corner	PROCESS_OCC_20 - 
	PULSE_GENERATOR:pulse_generator_tb:1	corner	PROCESS_OCC_21 - 
	PULSE_GENERATOR:pulse_generator_tb:1	corner	PROCESS_OCC_22 - 
	PULSE_GENERATOR:pulse_generator_tb:1	corner	PROCESS_OCC_23 - 
	PULSE_GENERATOR:pulse_generator_tb:1	corner	PROCESS_OCC_24 - 
	PULSE_GENERATOR:pulse_generator_tb:1	corner	PROCESS_OCC_25 - 
	PULSE_GENERATOR:pulse_generator_tb:1	corner	PROCESS_OCC_26 - 
	PULSE_GENERATOR:pulse_generator_tb:1	corner	PROCESS_OCC_27 - 
	PULSE_GENERATOR:pulse_generator_tb:1	corner	PROCESS_OCC_28 - 
	PULSE_GENERATOR:pulse_generator_tb:1	corner	PROCESS_OCC_29 - 
	PULSE_GENERATOR:pulse_generator_tb:1	corner	PROCESS_OCC_30 - 
	PULSE_GENERATOR:pulse_generator_tb:1	corner	PROCESS_OCC_31 - 
	PULSE_GENERATOR:pulse_generator_tb:1	corner	PROCESS_OCC_TYP - 
	PULSE_GENERATOR:pulse_generator_tb:1	corner	Nominal - 
Design parameters: 
	VDD3		0
	VDD3_PULSE		3.3
	VDDHV		0
	VDDHV_PULSE		40
	DN1		0
	DN2		0
	UP1		0
	UP2		0
	RES		100

Interactive.143
Number of points completed: 1
Number of simulation errors: 0
Interactive.143 completed. 
Current time: Tue Apr 30 10:59:00 2024 
