Starting Single Run, Sweeps and Corners...

Current time: Tue Apr 30 06:29:11 2024 
Best design point: 1
Design specs: 
	PULSE_GENERATOR:pulse_generator_tb:1	corner	PROCESS_TEMP_0 - 
	PULSE_GENERATOR:pulse_generator_tb:1	corner	PROCESS_TEMP_1 - 
	PULSE_GENERATOR:pulse_generator_tb:1	corner	PROCESS_TEMP_2 - 
	PULSE_GENERATOR:pulse_generator_tb:1	corner	PROCESS_TEMP_3 - 
	PULSE_GENERATOR:pulse_generator_tb:1	corner	PROCESS_TEMP_4 - 
	PULSE_GENERATOR:pulse_generator_tb:1	corner	PROCESS_TEMP_5 - 
	PULSE_GENERATOR:pulse_generator_tb:1	corner	PROCESS_TEMP_6 - 
	PULSE_GENERATOR:pulse_generator_tb:1	corner	PROCESS_TEMP_7 - 
	PULSE_GENERATOR:pulse_generator_tb:1	corner	PROCESS_TEMP_8 - 
	PULSE_GENERATOR:pulse_generator_tb:1	corner	PROCESS_TEMP_9 - 
	PULSE_GENERATOR:pulse_generator_tb:1	corner	PROCESS_TEMP_10 - 
	PULSE_GENERATOR:pulse_generator_tb:1	corner	PROCESS_TEMP_11 - 
	PULSE_GENERATOR:pulse_generator_tb:1	corner	PROCESS_TEMP_12 - 
	PULSE_GENERATOR:pulse_generator_tb:1	corner	PROCESS_TEMP_13 - 
	PULSE_GENERATOR:pulse_generator_tb:1	corner	PROCESS_TEMP_14 - 
	PULSE_GENERATOR:pulse_generator_tb:1	corner	PROCESS_TEMP_15 - 
	PULSE_GENERATOR:pulse_generator_tb:1	corner	PROCESS_TEMP_16 - 
	PULSE_GENERATOR:pulse_generator_tb:1	corner	PROCESS_TEMP_17 - 
	PULSE_GENERATOR:pulse_generator_tb:1	corner	PROCESS_TEMP_18 - 
	PULSE_GENERATOR:pulse_generator_tb:1	corner	PROCESS_TEMP_19 - 
	PULSE_GENERATOR:pulse_generator_tb:1	corner	PROCESS_TEMP_20 - 
	PULSE_GENERATOR:pulse_generator_tb:1	corner	PROCESS_TEMP_21 - 
	PULSE_GENERATOR:pulse_generator_tb:1	corner	PROCESS_TEMP_22 - 
	PULSE_GENERATOR:pulse_generator_tb:1	corner	PROCESS_TEMP_23 - 
	PULSE_GENERATOR:pulse_generator_tb:1	corner	PROCESS_TEMP_24 - 
	PULSE_GENERATOR:pulse_generator_tb:1	corner	PROCESS_TEMP_25 - 
	PULSE_GENERATOR:pulse_generator_tb:1	corner	PROCESS_TEMP_26 - 
	PULSE_GENERATOR:pulse_generator_tb:1	corner	PROCESS_TEMP_27 - 
	PULSE_GENERATOR:pulse_generator_tb:1	corner	PROCESS_TEMP_28 - 
	PULSE_GENERATOR:pulse_generator_tb:1	corner	PROCESS_TEMP_29 - 
	PULSE_GENERATOR:pulse_generator_tb:1	corner	PROCESS_TEMP_30 - 
	PULSE_GENERATOR:pulse_generator_tb:1	corner	PROCESS_TEMP_31 - 
	PULSE_GENERATOR:pulse_generator_tb:1	corner	Nominal - 
Design parameters: 
	VDD3		0
	VDD3_PULSE		3.3
	VDDHV		0
	VDDHV_PULSE		40
	DN1		0
	DN2		0
	UP1		0
	UP2		0
	RES		100

Interactive.141
Number of points completed: 1
Number of simulation errors: 0
Interactive.141 completed. 
Current time: Tue Apr 30 06:29:57 2024 
