Starting Single Run, Sweeps and Corners...

Current time: Mon Apr 29 07:33:00 2024 
Best design point: 1
Design specs: 
	PULSE_GENERATOR:pulse_generator_tb:1	corner	VDD_PR_TMP_0 - 
	PULSE_GENERATOR:pulse_generator_tb:1	corner	VDD_PR_TMP_1 - 
	PULSE_GENERATOR:pulse_generator_tb:1	corner	VDD_PR_TMP_2 - 
	PULSE_GENERATOR:pulse_generator_tb:1	corner	VDD_PR_TMP_3 - 
	PULSE_GENERATOR:pulse_generator_tb:1	corner	VDD_PR_TMP_4 - 
	PULSE_GENERATOR:pulse_generator_tb:1	corner	VDD_PR_TMP_5 - 
	PULSE_GENERATOR:pulse_generator_tb:1	corner	VDD_PR_TMP_6 - 
	PULSE_GENERATOR:pulse_generator_tb:1	corner	VDD_PR_TMP_7 - 
	PULSE_GENERATOR:pulse_generator_tb:1	corner	VDD_PR_TMP_8 - 
	PULSE_GENERATOR:pulse_generator_tb:1	corner	VDD_PR_TMP_9 - 
	PULSE_GENERATOR:pulse_generator_tb:1	corner	VDD_PR_TMP_10 - 
	PULSE_GENERATOR:pulse_generator_tb:1	corner	VDD_PR_TMP_11 - 
	PULSE_GENERATOR:pulse_generator_tb:1	corner	VDD_PR_TMP_12 - 
	PULSE_GENERATOR:pulse_generator_tb:1	corner	VDD_PR_TMP_13 - 
	PULSE_GENERATOR:pulse_generator_tb:1	corner	VDD_PR_TMP_14 - 
	PULSE_GENERATOR:pulse_generator_tb:1	corner	VDD_PR_TMP_15 - 
	PULSE_GENERATOR:pulse_generator_tb:1	corner	VDD_PR_TMP_16 - 
	PULSE_GENERATOR:pulse_generator_tb:1	corner	VDD_PR_TMP_17 - 
	PULSE_GENERATOR:pulse_generator_tb:1	corner	VDD_PR_TMP_18 - 
	PULSE_GENERATOR:pulse_generator_tb:1	corner	VDD_PR_TMP_19 - 
	PULSE_GENERATOR:pulse_generator_tb:1	corner	VDD_PR_TMP_20 - 
	PULSE_GENERATOR:pulse_generator_tb:1	corner	VDD_PR_TMP_21 - 
	PULSE_GENERATOR:pulse_generator_tb:1	corner	VDD_PR_TMP_22 - 
	PULSE_GENERATOR:pulse_generator_tb:1	corner	VDD_PR_TMP_23 - 
	PULSE_GENERATOR:pulse_generator_tb:1	corner	VDD_PR_TMP_24 - 
	PULSE_GENERATOR:pulse_generator_tb:1	corner	VDD_PR_TMP_25 - 
	PULSE_GENERATOR:pulse_generator_tb:1	corner	VDD_PR_TMP_26 - 
	PULSE_GENERATOR:pulse_generator_tb:1	corner	VDD_PR_TMP_27 - 
	PULSE_GENERATOR:pulse_generator_tb:1	corner	VDD_PR_TMP_28 - 
	PULSE_GENERATOR:pulse_generator_tb:1	corner	VDD_PR_TMP_29 - 
	PULSE_GENERATOR:pulse_generator_tb:1	corner	VDD_PR_TMP_30 - 
	PULSE_GENERATOR:pulse_generator_tb:1	corner	VDD_PR_TMP_31 - 
	PULSE_GENERATOR:pulse_generator_tb:1	corner	Nominal - 
Design parameters: 
	VDD3		3.3
	VDD3_PULSE		0
	VDDHV		40
	VDDHV_PULSE		0
	DN1		0
	DN2		0
	UP1		0
	UP2		0
	RES		100

Interactive.121
Number of points completed: 1
Number of simulation errors: 0
Interactive.121 completed. 
Current time: Mon Apr 29 07:34:23 2024 
