Starting Single Run, Sweeps and Corners...

Current time: Mon Mar  4 00:57:39 2024 
Best design point: 1
Design specs: 
	DAC6B:dac6b_tb:1	corner	VDD_TEMP_0 - 
	DAC6B:dac6b_tb:1	corner	VDD_TEMP_1 - 
	DAC6B:dac6b_tb:1	corner	VDD_TEMP_2 - 
	DAC6B:dac6b_tb:1	corner	VDD_TEMP_3 - 
	DAC6B:dac6b_tb:1	corner	VDD_TEMP_4 - 
	DAC6B:dac6b_tb:1	corner	VDD_TEMP_5 - 
	DAC6B:dac6b_tb:1	corner	VDD_TEMP_6 - 
	DAC6B:dac6b_tb:1	corner	VDD_TEMP_7 - 
	DAC6B:dac6b_tb:1	corner	VDD_TEMP_8 - 
	DAC6B:dac6b_tb:1	corner	VDD_TEMP_9 - 
	DAC6B:dac6b_tb:1	corner	VDD_TEMP_10 - 
	DAC6B:dac6b_tb:1	corner	VDD_TEMP_11 - 
	DAC6B:dac6b_tb:1	corner	VDD_TEMP_12 - 
	DAC6B:dac6b_tb:1	corner	VDD_TEMP_13 - 
	DAC6B:dac6b_tb:1	corner	VDD_TEMP_14 - 
	DAC6B:dac6b_tb:1	corner	VDD_TEMP_15 - 
	DAC6B:dac6b_tb:1	corner	VDD_TEMP_16 - 
	DAC6B:dac6b_tb:1	corner	VDD_TEMP_17 - 
	DAC6B:dac6b_tb:1	corner	VDD_TEMP_18 - 
	DAC6B:dac6b_tb:1	corner	VDD_TEMP_19 - 
	DAC6B:dac6b_tb:1	corner	VDD_TEMP_20 - 
	DAC6B:dac6b_tb:1	corner	VDD_TEMP_21 - 
	DAC6B:dac6b_tb:1	corner	VDD_TEMP_22 - 
	DAC6B:dac6b_tb:1	corner	VDD_TEMP_23 - 
	DAC6B:dac6b_tb:1	corner	VDD_TEMP_24 - 
	DAC6B:dac6b_tb:1	corner	VDD_TEMP_25 - 
	DAC6B:dac6b_tb:1	corner	VDD_TEMP_26 - 
	DAC6B:dac6b_tb:1	corner	VDD_TEMP_27 - 
	DAC6B:dac6b_tb:1	corner	VDD_TEMP_28 - 
	DAC6B:dac6b_tb:1	corner	VDD_TEMP_29 - 
	DAC6B:dac6b_tb:1	corner	VDD_TEMP_30 - 
	DAC6B:dac6b_tb:1	corner	VDD_TEMP_31 - 
	DAC6B:dac6b_tb:1	corner	Nominal - 
Design parameters: 
	D0		3.3
	D1		3.3
	D2		0
	D3		0
	D4		0
	D5		0
	VREF		1.25

Interactive.5
Number of points completed: 1
Number of simulation errors: 0
Interactive.5 completed. 
Current time: Mon Mar  4 00:58:11 2024 
