Starting Single Run, Sweeps and Corners...

Current time: Sat Mar  2 01:50:11 2024 
Best design point: 1
Design specs: 
	DAC6B:dac6b_tb:1	corner	PROCESS_0 - 
	DAC6B:dac6b_tb:1	corner	PROCESS_1 - 
	DAC6B:dac6b_tb:1	corner	PROCESS_2 - 
	DAC6B:dac6b_tb:1	corner	PROCESS_3 - 
	DAC6B:dac6b_tb:1	corner	PROCESS_4 - 
	DAC6B:dac6b_tb:1	corner	PROCESS_5 - 
	DAC6B:dac6b_tb:1	corner	PROCESS_6 - 
	DAC6B:dac6b_tb:1	corner	PROCESS_7 - 
	DAC6B:dac6b_tb:1	corner	PROCESS_8 - 
	DAC6B:dac6b_tb:1	corner	PROCESS_9 - 
	DAC6B:dac6b_tb:1	corner	PROCESS_10 - 
	DAC6B:dac6b_tb:1	corner	PROCESS_11 - 
	DAC6B:dac6b_tb:1	corner	PROCESS_12 - 
	DAC6B:dac6b_tb:1	corner	PROCESS_13 - 
	DAC6B:dac6b_tb:1	corner	PROCESS_14 - 
	DAC6B:dac6b_tb:1	corner	PROCESS_15 - 
	DAC6B:dac6b_tb:1	corner	Nominal - 
Design parameters: 
	D0		3.3
	D1		3.3
	D2		0
	D3		0
	D4		0
	D5		0
	VREF		1.25

Interactive.3
Number of points completed: 1
Number of simulation errors: 0
Interactive.3 completed. 
Current time: Sat Mar  2 01:50:27 2024 
