Virtuoso Framework License (111) was checked out successfully. Total checkout time was 0.05s.
********************************************************************************
Product   : Virtuoso(R) XStream Out
Program   : @(#)$CDS: strmout version 6.1.8-64b 10/11/2023 09:46 (sjfhw317) $
          : sub-version  IC6.1.8-64b.500.34 
Started at: 19-Jun-2024  05:00:04
User Name : saul
Host Name : phoenix
Directory : /home/saul/projects/ASKA
CADENCE Design Systems, Inc.
********************************************************************************
Info: Cellview Rev Num:99,  Tech Rev Num:59

WARNING (XSTRM-20): Output Stream file '/home/saul/projects/ASKA/layoutverification/pvs_drc/modgen1/modgen1.gds' already exists. It will be overwritten.
INFO (XSTRM-217): Reading the layer map file, /home/saul/projects/ASKA/.xkit/setup/xh018/cadence/PDK/TECH_XH018_1143/strmInOut.layertable
INFO (XSTRM-217): Reading the object map file, /home/saul/projects/ASKA/.xkit/setup/xh018/cadence/PDK/TECH_XH018_1143/strmOutObjects.map
INFO (XSTRM-162): You have not used the '-viaMap' option. If the OpenAccess design has native oaVia instances, use the '-viaMap' option for preserving oaVia instances in a XStream Out - XStream In round trip. Using the '-viaMap' option improves performance and VM usage of applications using the Streamed-In design.

Summary of Options :
library                                 ALL_TESTS
strmFile                                /home/saul/projects/ASKA/layoutverification/pvs_drc/modgen1/modgen1.gds
topCell                                 modgen1
view                                    layout
runDir                                  /home/saul/projects/ASKA/layoutverification/pvs_drc/modgen1
logFile                                 /home/saul/projects/ASKA/layoutverification/pvs_drc/modgen1/PIPO1.LOG
techLib                                 TECH_XH018
hierDepth                               32
maxVertices                             2048
layerMap                                /home/saul/projects/ASKA/.xkit/setup/xh018/cadence/PDK/TECH_XH018_1143/strmInOut.layertable
objectMap                                /home/saul/projects/ASKA/.xkit/setup/xh018/cadence/PDK/TECH_XH018_1143/strmOutObjects.map
userSkillFile                           /home/saul/projects/ASKA/layoutverification/pvs_drc/modgen1/strmout.il
labelDepth                              32
case                                    Preserve
convertDot                              node
convertPin                              geometryAndText

** Info: PDK loadpath is "/home/saul/pkg/xfab/XKIT/xh018/cadence/v9_0/PDK/IC61/v9_0_4"
Loading XfSktTools.cxt
Loading XfMenu.cxt
Loading XfTechXh018.cxt
Loading XfPcellCore.cxt
function ansiSpicePrintProperties_subcircuit redefined
Loading XfSkillExt.cxt
Initializing library.
Finished Initializing Library .
    Generic PcellKit: 'production' loaded.
    Generic Pcell Skill Tools: 'production' loaded.
Loading Circuit Prospector Setup (XfCircuitProspSetup.il)
Express Pcell license has been checked out for the Express Pcell feature.
INFO (XSTRM-223): 1. Translating cellView PRIMLIB/pe3/layout as STRUCTURE pe3_CDNS_718787604280.
INFO (XSTRM-223): 2. Translating cellView PRIMLIB/pe3/layout as STRUCTURE pe3_CDNS_718787604281.
INFO (XSTRM-223): 3. Translating cellView ALL_TESTS/modgen1/layout as STRUCTURE modgen1.
WARNING (XSTRM-154): The object map file does not contain any mapping for the OpenAccess object 'Marker' and the sub-object 'annotation'. Therefore, these objects in the design will not be translated. To enable the translation of these objects in the Stream file, provide a valid mapping in the object map file.

Summary of Objects Translated:
	Scalar Instances:                       5
	Array Instances:                        0
	Polygons:                               0
	Paths:                                  10
	Rectangles:                             210
	Lines:                                  0
	Arcs:                                   0
	Donuts:                                 0
	Dots:                                   0
	Ellipses:                               0
	Boundaries:                             1
	Area Blockages:                         0
	Layer Blockages:                        0
	Area Halos:                             0
	Markers:                                0
	Rows:                                   0
	Standard Vias                           0
	Custom Vias:                            0
	CdsGen Vias:                            0
	Pathsegs:                               2
	Text:                                   2
	TextDisplay:                            0
	Cells:                                  3

Elapsed Time: 0.6s   User Time: 0.1s   CPU Time: 0.1s   Peak VM: 13400KB
INFO (XSTRM-234): Translation completed. '0' error(s) and '2' warning(s) found.
