Virtuoso Framework License (111) was checked out successfully. Total checkout time was 0.07s.
********************************************************************************
Product   : Virtuoso(R) XStream Out
Program   : @(#)$CDS: strmout version 6.1.8-64b 10/11/2023 09:46 (sjfhw317) $
          : sub-version  IC6.1.8-64b.500.34 
Started at: 14-Aug-2024  02:04:39
User Name : saul
Host Name : phoenix
Directory : /home/saul/projects/ASKA
CADENCE Design Systems, Inc.
********************************************************************************
Info: Cellview Rev Num:99,  Tech Rev Num:59

WARNING (XSTRM-20): Output Stream file '/home/saul/projects/ASKA/layoutverification/pvs_drc/constant_gm/constant_gm.gds' already exists. It will be overwritten.
INFO (XSTRM-217): Reading the layer map file, /home/saul/projects/ASKA/.xkit/setup/xh018/cadence/PDK/TECH_XH018_1143/strmInOut.layertable
INFO (XSTRM-217): Reading the object map file, /home/saul/projects/ASKA/.xkit/setup/xh018/cadence/PDK/TECH_XH018_1143/strmOutObjects.map
INFO (XSTRM-162): You have not used the '-viaMap' option. If the OpenAccess design has native oaVia instances, use the '-viaMap' option for preserving oaVia instances in a XStream Out - XStream In round trip. Using the '-viaMap' option improves performance and VM usage of applications using the Streamed-In design.

Summary of Options :
library                                 CONSTANT_GM
strmFile                                /home/saul/projects/ASKA/layoutverification/pvs_drc/constant_gm/constant_gm.gds
topCell                                 constant_gm
view                                    layout
runDir                                  /home/saul/projects/ASKA/layoutverification/pvs_drc/constant_gm
logFile                                 /home/saul/projects/ASKA/layoutverification/pvs_drc/constant_gm/PIPO1.LOG
techLib                                 TECH_XH018
hierDepth                               32
maxVertices                             2048
layerMap                                /home/saul/projects/ASKA/.xkit/setup/xh018/cadence/PDK/TECH_XH018_1143/strmInOut.layertable
objectMap                                /home/saul/projects/ASKA/.xkit/setup/xh018/cadence/PDK/TECH_XH018_1143/strmOutObjects.map
userSkillFile                           /home/saul/projects/ASKA/layoutverification/pvs_drc/constant_gm/strmout.il
labelDepth                              32
case                                    Preserve
convertDot                              node
convertPin                              geometryAndText

** Info: PDK loadpath is "/home/saul/pkg/xfab/XKIT/xh018/cadence/v9_0/PDK/IC61/v9_0_4"
Loading XfSktTools.cxt
Loading XfMenu.cxt
Loading XfTechXh018.cxt
Loading XfPcellCore.cxt
function ansiSpicePrintProperties_subcircuit redefined
Loading XfSkillExt.cxt
Initializing library.
Finished Initializing Library .
    Generic PcellKit: 'production' loaded.
    Generic Pcell Skill Tools: 'production' loaded.
Loading Circuit Prospector Setup (XfCircuitProspSetup.il)
Express Pcell license has been checked out for the Express Pcell feature.
INFO (XSTRM-223): 1. Translating stdVia TECH_XH018/VIA1_C/layout as STRUCTURE VIA1_C_CDNS_723615479080.
INFO (XSTRM-223): 2. Translating stdVia TECH_XH018/VIA2_C/layout as STRUCTURE VIA2_C_CDNS_723615479081.
INFO (XSTRM-223): 3. Translating stdVia TECH_XH018/VIA1_C/layout as STRUCTURE VIA1_C_CDNS_723615479082.
INFO (XSTRM-223): 4. Translating stdVia TECH_XH018/VIA1_C/layout as STRUCTURE VIA1_C_CDNS_723615479083.
INFO (XSTRM-223): 5. Translating stdVia TECH_XH018/VIA1_C/layout as STRUCTURE VIA1_C_CDNS_723615479084.
INFO (XSTRM-223): 6. Translating stdVia TECH_XH018/VIA1_C/layout as STRUCTURE VIA1_C_CDNS_723615479085.
INFO (XSTRM-223): 7. Translating stdVia TECH_XH018/VIA1_C/layout as STRUCTURE VIA1_C_CDNS_723615479086.
INFO (XSTRM-223): 8. Translating stdVia TECH_XH018/VIA2_C/layout as STRUCTURE VIA2_C_CDNS_723615479087.
INFO (XSTRM-223): 9. Translating stdVia TECH_XH018/VIA2_C/layout as STRUCTURE VIA2_C_CDNS_723615479088.
INFO (XSTRM-223): 10. Translating stdVia TECH_XH018/VIA1_C/layout as STRUCTURE VIA1_C_CDNS_723615479089.
INFO (XSTRM-223): 11. Translating stdVia TECH_XH018/VIA1_C/layout as STRUCTURE VIA1_C_CDNS_7236154790810.
INFO (XSTRM-223): 12. Translating stdVia TECH_XH018/VIA2_C/layout as STRUCTURE VIA2_C_CDNS_7236154790811.
INFO (XSTRM-223): 13. Translating stdVia TECH_XH018/VIA1_C/layout as STRUCTURE VIA1_C_CDNS_7236154790812.
INFO (XSTRM-223): 14. Translating stdVia TECH_XH018/VIA1_C/layout as STRUCTURE VIA1_C_CDNS_7236154790813.
INFO (XSTRM-223): 15. Translating stdVia TECH_XH018/VIA2_C/layout as STRUCTURE VIA2_C_CDNS_7236154790814.
INFO (XSTRM-223): 16. Translating stdVia TECH_XH018/VIA1_C/layout as STRUCTURE VIA1_C_CDNS_7236154790815.
INFO (XSTRM-223): 17. Translating stdVia TECH_XH018/VIA2_C/layout as STRUCTURE VIA2_C_CDNS_7236154790816.
INFO (XSTRM-223): 18. Translating stdVia TECH_XH018/VIA2_C/layout as STRUCTURE VIA2_C_CDNS_7236154790817.
INFO (XSTRM-223): 19. Translating stdVia TECH_XH018/VIA2_C/layout as STRUCTURE VIA2_C_CDNS_7236154790818.
INFO (XSTRM-223): 20. Translating stdVia TECH_XH018/VIA2_C/layout as STRUCTURE VIA2_C_CDNS_7236154790819.
INFO (XSTRM-223): 21. Translating stdVia TECH_XH018/VIA1_C/layout as STRUCTURE VIA1_C_CDNS_7236154790820.
INFO (XSTRM-223): 22. Translating stdVia TECH_XH018/VIA1_C/layout as STRUCTURE VIA1_C_CDNS_7236154790821.
INFO (XSTRM-223): 23. Translating stdVia TECH_XH018/VIA1_C/layout as STRUCTURE VIA1_C_CDNS_7236154790822.
INFO (XSTRM-223): 24. Translating stdVia TECH_XH018/VIA1_C/layout as STRUCTURE VIA1_C_CDNS_7236154790823.
INFO (XSTRM-223): 25. Translating stdVia TECH_XH018/VIA1_C/layout as STRUCTURE VIA1_C_CDNS_7236154790824.
INFO (XSTRM-223): 26. Translating cellView PRIMLIB/ne3i_6/layout as STRUCTURE ne3i_6_CDNS_723615479080.
INFO (XSTRM-223): 27. Translating cellView PRIMLIB/pe3/layout as STRUCTURE pe3_CDNS_723615479081.
INFO (XSTRM-223): 28. Translating cellView PRIMLIB/ne3/layout as STRUCTURE ne3_CDNS_723615479082.
INFO (XSTRM-223): 29. Translating cellView PRIMLIB/pe3/layout as STRUCTURE pe3_CDNS_723615479083.
INFO (XSTRM-223): 30. Translating cellView PRIMLIB/pe3/layout as STRUCTURE pe3_CDNS_723615479084.
INFO (XSTRM-223): 31. Translating cellView PRIMLIB/pe3/layout as STRUCTURE pe3_CDNS_723615479085.
INFO (XSTRM-223): 32. Translating cellView PRIMLIB/ne3i_6/layout as STRUCTURE ne3i_6_CDNS_723615479086.
INFO (XSTRM-223): 33. Translating cellView PRIMLIB/rpp1k1_3/layout as STRUCTURE rpp1k1_3_CDNS_723615479087.
INFO (XSTRM-223): 34. Translating cellView CONSTANT_GM/constant_gm/layout as STRUCTURE constant_gm.
WARNING (XSTRM-154): The object map file does not contain any mapping for the OpenAccess object 'Marker' and the sub-object 'annotation'. Therefore, these objects in the design will not be translated. To enable the translation of these objects in the Stream file, provide a valid mapping in the object map file.
WARNING (XSTRM-154): The object map file does not contain any mapping for the OpenAccess object 'Marker' and the sub-object 'error'. Therefore, these objects in the design will not be translated. To enable the translation of these objects in the Stream file, provide a valid mapping in the object map file.

Summary of Objects Translated:
	Scalar Instances:                       26
	Array Instances:                        0
	Polygons:                               4
	Paths:                                  173
	Rectangles:                             4390
	Lines:                                  0
	Arcs:                                   0
	Donuts:                                 0
	Dots:                                   0
	Ellipses:                               0
	Boundaries:                             1
	Area Blockages:                         0
	Layer Blockages:                        0
	Area Halos:                             0
	Markers:                                0
	Rows:                                   0
	Standard Vias                           106
	Custom Vias:                            0
	CdsGen Vias:                            0
	Pathsegs:                               199
	Text:                                   19
	TextDisplay:                            9
	Cells:                                  34

Elapsed Time: 0.7s   User Time: 0.1s   CPU Time: 0.1s   Peak VM: 17560KB
INFO (XSTRM-234): Translation completed. '0' error(s) and '3' warning(s) found.
