Virtuoso Framework License (111) was checked out successfully. Total checkout time was 0.10s.
********************************************************************************
Product   : Virtuoso(R) XStream Out
Program   : @(#)$CDS: strmout version 6.1.8-64b 10/11/2023 09:46 (sjfhw317) $
          : sub-version  IC6.1.8-64b.500.34 
Started at: 26-Jun-2024  14:49:07
User Name : saul
Host Name : phoenix
Directory : /home/saul/projects/ASKA
CADENCE Design Systems, Inc.
********************************************************************************
Info: Cellview Rev Num:99,  Tech Rev Num:59

WARNING (XSTRM-20): Output Stream file '/home/saul/projects/ASKA/PvsLVS/dac6b_amp_n2/dac6b_amp_n2.gds' already exists. It will be overwritten.
INFO (XSTRM-217): Reading the layer map file, /home/saul/projects/ASKA/.xkit/setup/xh018/cadence/PDK/TECH_XH018_1143/strmInOut.layertable
INFO (XSTRM-217): Reading the object map file, /home/saul/projects/ASKA/.xkit/setup/xh018/cadence/PDK/TECH_XH018_1143/strmOutObjects.map
INFO (XSTRM-162): You have not used the '-viaMap' option. If the OpenAccess design has native oaVia instances, use the '-viaMap' option for preserving oaVia instances in a XStream Out - XStream In round trip. Using the '-viaMap' option improves performance and VM usage of applications using the Streamed-In design.

Summary of Options :
library                                 DAC6B
strmFile                                /home/saul/projects/ASKA/PvsLVS/dac6b_amp_n2/dac6b_amp_n2.gds
topCell                                 dac6b_amp_n2
view                                    layout
runDir                                  /home/saul/projects/ASKA/PvsLVS/dac6b_amp_n2
logFile                                 /home/saul/projects/ASKA/PvsLVS/dac6b_amp_n2/PIPO1.LOG
techLib                                 TECH_XH018
hierDepth                               32
maxVertices                             2048
layerMap                                /home/saul/projects/ASKA/.xkit/setup/xh018/cadence/PDK/TECH_XH018_1143/strmInOut.layertable
objectMap                                /home/saul/projects/ASKA/.xkit/setup/xh018/cadence/PDK/TECH_XH018_1143/strmOutObjects.map
userSkillFile                           /home/saul/projects/ASKA/PvsLVS/dac6b_amp_n2/strmout.il
labelDepth                              32
case                                    Preserve
convertDot                              node
convertPin                              geometryAndText

** Info: PDK loadpath is "/home/saul/pkg/xfab/XKIT/xh018/cadence/v9_0/PDK/IC61/v9_0_4"
Loading XfSktTools.cxt
Loading XfMenu.cxt
Loading XfTechXh018.cxt
Loading XfPcellCore.cxt
function ansiSpicePrintProperties_subcircuit redefined
Loading XfSkillExt.cxt
Initializing library.
Finished Initializing Library .
    Generic PcellKit: 'production' loaded.
    Generic Pcell Skill Tools: 'production' loaded.
Loading Circuit Prospector Setup (XfCircuitProspSetup.il)
INFO (XSTRM-223): 1. Translating stdVia TECH_XH018/VIA1_C/layout as STRUCTURE VIA1_C_CDNS_719427747080.
INFO (XSTRM-223): 2. Translating stdVia TECH_XH018/VIA1_C/layout as STRUCTURE VIA1_C_CDNS_719427747081.
INFO (XSTRM-223): 3. Translating stdVia TECH_XH018/VIA1_C/layout as STRUCTURE VIA1_C_CDNS_719427747082.
INFO (XSTRM-223): 4. Translating stdVia TECH_XH018/VIA1_C/layout as STRUCTURE VIA1_C_CDNS_719427747083.
INFO (XSTRM-223): 5. Translating stdVia TECH_XH018/VIA1_C/layout as STRUCTURE VIA1_C_CDNS_719427747084.
INFO (XSTRM-223): 6. Translating stdVia TECH_XH018/VIA1_C/layout as STRUCTURE VIA1_C_CDNS_719427747085.
INFO (XSTRM-223): 7. Translating stdVia TECH_XH018/VIA1_C/layout as STRUCTURE VIA1_C_CDNS_719427747086.
INFO (XSTRM-223): 8. Translating stdVia TECH_XH018/VIA2_C/layout as STRUCTURE VIA2_C_CDNS_719427747087.
INFO (XSTRM-223): 9. Translating stdVia TECH_XH018/VIA2_C/layout as STRUCTURE VIA2_C_CDNS_719427747088.
INFO (XSTRM-223): 10. Translating stdVia TECH_XH018/VIA1_C/layout as STRUCTURE VIA1_C_CDNS_719427747089.
INFO (XSTRM-223): 11. Translating stdVia TECH_XH018/VIA1_C/layout as STRUCTURE VIA1_C_CDNS_7194277470810.
INFO (XSTRM-223): 12. Translating stdVia TECH_XH018/VIA1_C/layout as STRUCTURE VIA1_C_CDNS_7194277470811.
INFO (XSTRM-223): 13. Translating stdVia TECH_XH018/VIA2_C/layout as STRUCTURE VIA2_C_CDNS_7194277470812.
INFO (XSTRM-223): 14. Translating stdVia TECH_XH018/VIA1_C/layout as STRUCTURE VIA1_C_CDNS_7194277470813.
INFO (XSTRM-223): 15. Translating stdVia TECH_XH018/VIA2_C/layout as STRUCTURE VIA2_C_CDNS_7194277470814.
INFO (XSTRM-223): 16. Translating stdVia TECH_XH018/VIA2_C/layout as STRUCTURE VIA2_C_CDNS_7194277470815.
INFO (XSTRM-223): 17. Translating stdVia TECH_XH018/VIA1_C/layout as STRUCTURE VIA1_C_CDNS_7194277470816.
INFO (XSTRM-223): 18. Translating stdVia TECH_XH018/VIA2_C/layout as STRUCTURE VIA2_C_CDNS_7194277470817.
INFO (XSTRM-223): 19. Translating stdVia TECH_XH018/VIA1_C/layout as STRUCTURE VIA1_C_CDNS_7194277470818.
INFO (XSTRM-223): 20. Translating stdVia TECH_XH018/VIA3_C/layout as STRUCTURE VIA3_C_CDNS_7194277470819.
INFO (XSTRM-223): 21. Translating stdVia TECH_XH018/VIA2_C/layout as STRUCTURE VIA2_C_CDNS_7194277470820.
INFO (XSTRM-223): 22. Translating stdVia TECH_XH018/VIA1_C/layout as STRUCTURE VIA1_C_CDNS_7194277470821.
INFO (XSTRM-223): 23. Translating stdVia TECH_XH018/VIA1_C/layout as STRUCTURE VIA1_C_CDNS_7194277470822.
INFO (XSTRM-223): 24. Translating stdVia TECH_XH018/VIA1_C/layout as STRUCTURE VIA1_C_CDNS_7194277470823.
INFO (XSTRM-223): 25. Translating stdVia TECH_XH018/VIA1_C/layout as STRUCTURE VIA1_C_CDNS_7194277470824.
INFO (XSTRM-223): 26. Translating stdVia TECH_XH018/VIA2_C/layout as STRUCTURE VIA2_C_CDNS_7194277470825.
INFO (XSTRM-223): 27. Translating stdVia TECH_XH018/VIA1_C/layout as STRUCTURE VIA1_C_CDNS_7194277470826.
INFO (XSTRM-223): 28. Translating stdVia TECH_XH018/VIA2_C/layout as STRUCTURE VIA2_C_CDNS_7194277470827.
INFO (XSTRM-223): 29. Translating stdVia TECH_XH018/VIA1_C/layout as STRUCTURE VIA1_C_CDNS_7194277470828.
INFO (XSTRM-223): 30. Translating stdVia TECH_XH018/VIA2_C/layout as STRUCTURE VIA2_C_CDNS_7194277470829.
INFO (XSTRM-223): 31. Translating stdVia TECH_XH018/VIA3_C/layout as STRUCTURE VIA3_C_CDNS_7194277470830.
INFO (XSTRM-223): 32. Translating stdVia TECH_XH018/VIA2_C/layout as STRUCTURE VIA2_C_CDNS_7194277470831.
INFO (XSTRM-223): 33. Translating stdVia TECH_XH018/VIA1_C/layout as STRUCTURE VIA1_C_CDNS_7194277470832.
INFO (XSTRM-223): 34. Translating stdVia TECH_XH018/VIA2_C/layout as STRUCTURE VIA2_C_CDNS_7194277470833.
INFO (XSTRM-223): 35. Translating stdVia TECH_XH018/VIA2_C/layout as STRUCTURE VIA2_C_CDNS_7194277470834.
INFO (XSTRM-223): 36. Translating stdVia TECH_XH018/VIA2_C/layout as STRUCTURE VIA2_C_CDNS_7194277470835.
INFO (XSTRM-223): 37. Translating stdVia TECH_XH018/VIA2_C/layout as STRUCTURE VIA2_C_CDNS_7194277470836.
INFO (XSTRM-223): 38. Translating stdVia TECH_XH018/VIA2_C/layout as STRUCTURE VIA2_C_CDNS_7194277470837.
INFO (XSTRM-223): 39. Translating stdVia TECH_XH018/VIA3_C/layout as STRUCTURE VIA3_C_CDNS_7194277470838.
INFO (XSTRM-223): 40. Translating stdVia TECH_XH018/VIA2_C/layout as STRUCTURE VIA2_C_CDNS_7194277470839.
INFO (XSTRM-223): 41. Translating stdVia TECH_XH018/VIA3_C/layout as STRUCTURE VIA3_C_CDNS_7194277470840.
INFO (XSTRM-223): 42. Translating stdVia TECH_XH018/VIA2_C/layout as STRUCTURE VIA2_C_CDNS_7194277470841.
INFO (XSTRM-223): 43. Translating stdVia TECH_XH018/VIA2_C/layout as STRUCTURE VIA2_C_CDNS_7194277470842.
INFO (XSTRM-223): 44. Translating stdVia TECH_XH018/VIA1_C/layout as STRUCTURE VIA1_C_CDNS_7194277470843.
INFO (XSTRM-223): 45. Translating stdVia TECH_XH018/VIA2_C/layout as STRUCTURE VIA2_C_CDNS_7194277470844.
INFO (XSTRM-223): 46. Translating stdVia TECH_XH018/VIA2_C/layout as STRUCTURE VIA2_C_CDNS_7194277470845.
INFO (XSTRM-223): 47. Translating stdVia TECH_XH018/VIA2_C/layout as STRUCTURE VIA2_C_CDNS_7194277470846.
Express Pcell license has been checked out for the Express Pcell feature.
INFO (XSTRM-223): 48. Translating cellView PRIMLIB/pe3/layout as STRUCTURE pe3_CDNS_719427747080.
INFO (XSTRM-223): 49. Translating cellView PRIMLIB/pe3/layout as STRUCTURE pe3_CDNS_719427747081.
INFO (XSTRM-223): 50. Translating cellView PRIMLIB/pe3/layout as STRUCTURE pe3_CDNS_719427747082.
INFO (XSTRM-223): 51. Translating cellView PRIMLIB/pe3/layout as STRUCTURE pe3_CDNS_719427747083.
INFO (XSTRM-223): 52. Translating cellView PRIMLIB/pe3/layout as STRUCTURE pe3_CDNS_719427747084.
INFO (XSTRM-223): 53. Translating cellView PRIMLIB/pe3/layout as STRUCTURE pe3_CDNS_719427747085.
INFO (XSTRM-223): 54. Translating cellView PRIMLIB/pe3/layout as STRUCTURE pe3_CDNS_719427747086.
INFO (XSTRM-223): 55. Translating cellView PRIMLIB/rpp1k1_3/layout as STRUCTURE rpp1k1_3_CDNS_719427747087.
INFO (XSTRM-223): 56. Translating cellView PRIMLIB/pe3/layout as STRUCTURE pe3_CDNS_719427747088.
INFO (XSTRM-223): 57. Translating cellView PRIMLIB/rpp1k1_3/layout as STRUCTURE rpp1k1_3_CDNS_719427747089.
INFO (XSTRM-223): 58. Translating cellView PRIMLIB/pe3/layout as STRUCTURE pe3_CDNS_7194277470810.
INFO (XSTRM-223): 59. Translating cellView PRIMLIB/pe3/layout as STRUCTURE pe3_CDNS_7194277470811.
INFO (XSTRM-223): 60. Translating cellView PRIMLIB/pe3/layout as STRUCTURE pe3_CDNS_7194277470812.
INFO (XSTRM-223): 61. Translating cellView PRIMLIB/ne3/layout as STRUCTURE ne3_CDNS_7194277470813.
INFO (XSTRM-223): 62. Translating cellView PRIMLIB/ne3i_6/layout as STRUCTURE ne3i_6_CDNS_7194277470814.
INFO (XSTRM-223): 63. Translating cellView PRIMLIB/ne3/layout as STRUCTURE ne3_CDNS_7194277470815.
INFO (XSTRM-223): 64. Translating cellView PRIMLIB/pe3/layout as STRUCTURE pe3_CDNS_7194277470816.
INFO (XSTRM-223): 65. Translating cellView PRIMLIB/ne3/layout as STRUCTURE ne3_CDNS_7194277470817.
INFO (XSTRM-223): 66. Translating cellView PRIMLIB/ne3/layout as STRUCTURE ne3_CDNS_7194277470818.
INFO (XSTRM-223): 67. Translating cellView DAC6B/dac6b_amp_n2/layout as STRUCTURE dac6b_amp_n2.

Summary of Objects Translated:
	Scalar Instances:                       233
	Array Instances:                        0
	Polygons:                               4
	Paths:                                  373
	Rectangles:                             13136
	Lines:                                  0
	Arcs:                                   0
	Donuts:                                 0
	Dots:                                   0
	Ellipses:                               0
	Boundaries:                             1
	Area Blockages:                         0
	Layer Blockages:                        0
	Area Halos:                             0
	Markers:                                0
	Rows:                                   0
	Standard Vias                           1115
	Custom Vias:                            0
	CdsGen Vias:                            0
	Pathsegs:                               1657
	Text:                                   34
	TextDisplay:                            1
	Cells:                                  67

Elapsed Time: 0.6s   User Time: 0.1s   CPU Time: 0.1s   Peak VM: 20836KB
INFO (XSTRM-234): Translation completed. '0' error(s) and '1' warning(s) found.
