Starting Single Run, Sweeps and Corners...

Current time: Tue Apr  9 04:00:54 2024 
Best design point: 1
Design specs: 
	CONSTANT_GM:constant_gm_tb:1	corner	PROCESS_TEMP_0 - 
	IDC("/I0/M7/D")		-1.022u
	V/V /V0; xf dB20(V/V)		Error	No
	CONSTANT_GM:constant_gm_tb:1	corner	PROCESS_TEMP_1 - 
	IDC("/I0/M7/D")		-1.447u
	V/V /V0; xf dB20(V/V)		Error	No
	CONSTANT_GM:constant_gm_tb:1	corner	PROCESS_TEMP_2 - 
	IDC("/I0/M7/D")		-1.022u
	V/V /V0; xf dB20(V/V)		Error	No
	CONSTANT_GM:constant_gm_tb:1	corner	PROCESS_TEMP_3 - 
	IDC("/I0/M7/D")		-1.447u
	V/V /V0; xf dB20(V/V)		Error	No
	CONSTANT_GM:constant_gm_tb:1	corner	PROCESS_TEMP_4 - 
	IDC("/I0/M7/D")		-924.2n
	V/V /V0; xf dB20(V/V)		Error	No
	CONSTANT_GM:constant_gm_tb:1	corner	PROCESS_TEMP_5 - 
	IDC("/I0/M7/D")		-1.378u
	V/V /V0; xf dB20(V/V)		Error	No
	CONSTANT_GM:constant_gm_tb:1	corner	PROCESS_TEMP_6 - 
	IDC("/I0/M7/D")		-924.2n
	V/V /V0; xf dB20(V/V)		Error	No
	CONSTANT_GM:constant_gm_tb:1	corner	PROCESS_TEMP_7 - 
	IDC("/I0/M7/D")		-1.378u
	V/V /V0; xf dB20(V/V)		Error	No
	CONSTANT_GM:constant_gm_tb:1	corner	PROCESS_TEMP_8 - 
	IDC("/I0/M7/D")		-905.4n
	V/V /V0; xf dB20(V/V)		Error	No
	CONSTANT_GM:constant_gm_tb:1	corner	PROCESS_TEMP_9 - 
	IDC("/I0/M7/D")		-1.346u
	V/V /V0; xf dB20(V/V)		Error	No
	CONSTANT_GM:constant_gm_tb:1	corner	PROCESS_TEMP_10 - 
	IDC("/I0/M7/D")		-905.4n
	V/V /V0; xf dB20(V/V)		Error	No
	CONSTANT_GM:constant_gm_tb:1	corner	PROCESS_TEMP_11 - 
	IDC("/I0/M7/D")		-1.346u
	V/V /V0; xf dB20(V/V)		Error	No
	CONSTANT_GM:constant_gm_tb:1	corner	PROCESS_TEMP_12 - 
	IDC("/I0/M7/D")		-914.8n
	V/V /V0; xf dB20(V/V)		Error	No
	CONSTANT_GM:constant_gm_tb:1	corner	PROCESS_TEMP_13 - 
	IDC("/I0/M7/D")		-1.36u
	V/V /V0; xf dB20(V/V)		Error	No
	CONSTANT_GM:constant_gm_tb:1	corner	PROCESS_TEMP_14 - 
	IDC("/I0/M7/D")		-914.8n
	V/V /V0; xf dB20(V/V)		Error	No
	CONSTANT_GM:constant_gm_tb:1	corner	PROCESS_TEMP_15 - 
	IDC("/I0/M7/D")		-1.36u
	V/V /V0; xf dB20(V/V)		Error	No
	CONSTANT_GM:constant_gm_tb:1	corner	PROCESS_TEMP_16 - 
	IDC("/I0/M7/D")		-794.9n
	V/V /V0; xf dB20(V/V)		Error	No
	CONSTANT_GM:constant_gm_tb:1	corner	PROCESS_TEMP_17 - 
	IDC("/I0/M7/D")		-1.147u
	V/V /V0; xf dB20(V/V)		Error	No
	CONSTANT_GM:constant_gm_tb:1	corner	PROCESS_TEMP_18 - 
	IDC("/I0/M7/D")		-794.9n
	V/V /V0; xf dB20(V/V)		Error	No
	CONSTANT_GM:constant_gm_tb:1	corner	PROCESS_TEMP_19 - 
	IDC("/I0/M7/D")		-1.147u
	V/V /V0; xf dB20(V/V)		Error	No
	CONSTANT_GM:constant_gm_tb:1	corner	PROCESS_TEMP_20 - 
	IDC("/I0/M7/D")		-713.8n
	V/V /V0; xf dB20(V/V)		Error	No
	CONSTANT_GM:constant_gm_tb:1	corner	PROCESS_TEMP_21 - 
	IDC("/I0/M7/D")		-1.093u
	V/V /V0; xf dB20(V/V)		Error	No
	CONSTANT_GM:constant_gm_tb:1	corner	PROCESS_TEMP_22 - 
	IDC("/I0/M7/D")		-713.8n
	V/V /V0; xf dB20(V/V)		Error	No
	CONSTANT_GM:constant_gm_tb:1	corner	PROCESS_TEMP_23 - 
	IDC("/I0/M7/D")		-1.093u
	V/V /V0; xf dB20(V/V)		Error	No
	CONSTANT_GM:constant_gm_tb:1	corner	PROCESS_TEMP_24 - 
	IDC("/I0/M7/D")		-699n
	V/V /V0; xf dB20(V/V)		Error	No
	CONSTANT_GM:constant_gm_tb:1	corner	PROCESS_TEMP_25 - 
	IDC("/I0/M7/D")		-1.069u
	V/V /V0; xf dB20(V/V)		Error	No
	CONSTANT_GM:constant_gm_tb:1	corner	PROCESS_TEMP_26 - 
	IDC("/I0/M7/D")		-699n
	V/V /V0; xf dB20(V/V)		Error	No
	CONSTANT_GM:constant_gm_tb:1	corner	PROCESS_TEMP_27 - 
	IDC("/I0/M7/D")		-1.069u
	V/V /V0; xf dB20(V/V)		Error	No
	CONSTANT_GM:constant_gm_tb:1	corner	PROCESS_TEMP_28 - 
	IDC("/I0/M7/D")		-706.3n
	V/V /V0; xf dB20(V/V)		Error	No
	CONSTANT_GM:constant_gm_tb:1	corner	PROCESS_TEMP_29 - 
	IDC("/I0/M7/D")		-1.08u
	V/V /V0; xf dB20(V/V)		Error	No
	CONSTANT_GM:constant_gm_tb:1	corner	PROCESS_TEMP_30 - 
	IDC("/I0/M7/D")		-706.3n
	V/V /V0; xf dB20(V/V)		Error	No
	CONSTANT_GM:constant_gm_tb:1	corner	PROCESS_TEMP_31 - 
	IDC("/I0/M7/D")		-1.08u
	V/V /V0; xf dB20(V/V)		Error	No
	CONSTANT_GM:constant_gm_tb:1	corner	Nominal - 
	IDC("/I0/M7/D")		-997.6n
	V/V /V0; xf dB20(V/V)		Error	No
Design parameters: 
	VDD3		3.3
	VDD_PULSE		100m

Interactive.91
Number of points completed: 1
Number of simulation errors: 0
Interactive.91 completed. 
Current time: Tue Apr  9 04:01:02 2024 
