Starting Single Run, Sweeps and Corners...

Current time: Thu Jun 20 07:56:33 2024 
Best design point: 1
Design specs: 
	CONSTANT_GM:constant_gm_tb:1	corner	PROCESS_TEMP_0 - 
	CONSTANT_GM:constant_gm_tb:1	corner	PROCESS_TEMP_1 - 
	CONSTANT_GM:constant_gm_tb:1	corner	PROCESS_TEMP_2 - 
	CONSTANT_GM:constant_gm_tb:1	corner	PROCESS_TEMP_3 - 
	CONSTANT_GM:constant_gm_tb:1	corner	PROCESS_TEMP_4 - 
	CONSTANT_GM:constant_gm_tb:1	corner	PROCESS_TEMP_5 - 
	CONSTANT_GM:constant_gm_tb:1	corner	PROCESS_TEMP_6 - 
	CONSTANT_GM:constant_gm_tb:1	corner	PROCESS_TEMP_7 - 
	CONSTANT_GM:constant_gm_tb:1	corner	PROCESS_TEMP_8 - 
	CONSTANT_GM:constant_gm_tb:1	corner	PROCESS_TEMP_9 - 
	CONSTANT_GM:constant_gm_tb:1	corner	PROCESS_TEMP_10 - 
	CONSTANT_GM:constant_gm_tb:1	corner	PROCESS_TEMP_11 - 
	CONSTANT_GM:constant_gm_tb:1	corner	PROCESS_TEMP_12 - 
	CONSTANT_GM:constant_gm_tb:1	corner	PROCESS_TEMP_13 - 
	CONSTANT_GM:constant_gm_tb:1	corner	PROCESS_TEMP_14 - 
	CONSTANT_GM:constant_gm_tb:1	corner	PROCESS_TEMP_15 - 
	CONSTANT_GM:constant_gm_tb:1	corner	PROCESS_TEMP_16 - 
	CONSTANT_GM:constant_gm_tb:1	corner	PROCESS_TEMP_17 - 
	CONSTANT_GM:constant_gm_tb:1	corner	PROCESS_TEMP_18 - 
	CONSTANT_GM:constant_gm_tb:1	corner	PROCESS_TEMP_19 - 
	CONSTANT_GM:constant_gm_tb:1	corner	PROCESS_TEMP_20 - 
	CONSTANT_GM:constant_gm_tb:1	corner	PROCESS_TEMP_21 - 
	CONSTANT_GM:constant_gm_tb:1	corner	PROCESS_TEMP_22 - 
	CONSTANT_GM:constant_gm_tb:1	corner	PROCESS_TEMP_23 - 
	CONSTANT_GM:constant_gm_tb:1	corner	PROCESS_TEMP_24 - 
	CONSTANT_GM:constant_gm_tb:1	corner	PROCESS_TEMP_25 - 
	CONSTANT_GM:constant_gm_tb:1	corner	PROCESS_TEMP_26 - 
	CONSTANT_GM:constant_gm_tb:1	corner	PROCESS_TEMP_27 - 
	CONSTANT_GM:constant_gm_tb:1	corner	PROCESS_TEMP_28 - 
	CONSTANT_GM:constant_gm_tb:1	corner	PROCESS_TEMP_29 - 
	CONSTANT_GM:constant_gm_tb:1	corner	PROCESS_TEMP_30 - 
	CONSTANT_GM:constant_gm_tb:1	corner	PROCESS_TEMP_31 - 
	CONSTANT_GM:constant_gm_tb:1	corner	Nominal - 
Design parameters: 
	VDD3		0
	VDD_PULSE		3.3

Interactive.124
Number of points completed: 1
Number of simulation errors: 0
Interactive.124 completed. 
Current time: Thu Jun 20 07:56:45 2024 
