*Info*    Exporting services from client ... 

*Info*    Client has finished starting ... 



*Info*    Configuring the session ...

	Library      = CURRENT_SOURCE
	Cell         = current_source_gm_tb
	View         = config
	Simulator    = spectre
	State Path   = $AXL_SETUPDB_DIR/test_states
	State Name   = Corner_Sim_none_Interactive.296
	Results DB   = /home/saul/projects/ASKA/CURRENT_SOURCE/current_source_gm_tb/adexl/results/data/Interactive.296.rdb
	Results Dir  = /home/saul/projects/ASKA/Sim/CURRENT_SOURCE/current_source_gm_tb/adexl/results/data/Interactive.296/1/Corner_Sim
	Results Loc  = /home/saul/projects/ASKA/Sim/CURRENT_SOURCE/current_source_gm_tb/adexl/results/data
	Project Dir  = /home/saul/projects/ASKA/Sim
	Setup DB loc = /home/saul/projects/ASKA/CURRENT_SOURCE/current_source_gm_tb/adexl
	File Encoding = 0



*Info*    The auto suspension is disabled.






*Info*    Run start for Point ID (59 1) on testbench [ Corner_Sim ].

Resetting statistical vars

*Info*    Setting parameter values ...

Setting var ENABLE = "3.3"
Setting var ENABLE_STEP = "0"
Setting var IBIAS = "1u"
Setting var IBIAS_PULSE = "0"
Setting var PACTIVE = "3.3"
Setting var PACTIVE_STEP = "0"
Setting var VDD = "3.3"
Setting var VDDH = "40"
Setting var VDDH_STEP = "0"
Setting var VDD_AC = "0"
Setting var VDD_STEP = "0"
Setting var VIN_AC = "1"
Setting var VIN_DC = "1"
Setting var VIN_STEP = "33m"
Setting var VIN_STEP2 = "0"
Setting var VSWITCH = "18"
Setting var VSWITCH_STEP = "0"
Setting var temperature = "27"
Setting temp(T) = 27

*Info*    Netlist Directory =
          /home/saul/projects/ASKA/Sim/CURRENT_SOURCE/current_source_gm_tb/adexl/results/data/Interactive.296/1/Corner_Sim/netlist


*Info*    Data Directory    =
          /home/saul/projects/ASKA/Sim/CURRENT_SOURCE/current_source_gm_tb/adexl/results/data/Interactive.296/1/Corner_Sim


*Info*    Creating Netlist for Point ID (59 1)

generate netlist...
function ansCdlCompPrim redefined
function ansCdlCompPrim redefined
function ansCdlCompPrim redefined
Begin Incremental Netlisting Jun 18 02:27:05 2024
WARNING (OSSHNL-269): Variable 'simModelNamePrefix' is not defined in the current netlisting session. It had a value
'_unl' last time netlisting was done in current run directory. Netlists from last
session cannot be used for incremental netlisting. Therefore re-netlisting the
design.

WARNING (OSSHNL-941): Failed to open the sameCellNamesInMultipleLibs file '/home/saul/projects/ASKA/Sim/CURRENT_SOURCE/current_source_gm_tb/adexl/results/data/Interactive.237/1/Corner_Sim/netlist/ihnl/sameCellNamesInMultipleLibs', in the append mode.
Ensure that you have the write permission for the mentioned file.

End netlisting Jun 18 02:27:05 2024

Netlisting Statistics:
	Number of components:   62

	Elapsed time:          0.0s
Errors: 0	Warnings: 0
      ...successful.
compose simulator input file...
      ...successful.

*Info*    Running simulation on testbench [ Corner_Sim ] for Point ID
          (59 1).

Delete psf data in /home/saul/projects/ASKA/Sim/CURRENT_SOURCE/current_source_gm_tb/adexl/results/data/Interactive.296/1/Corner_Sim/psf.
compose simulator input file...
      ...successful.
start simulator if needed...
      ...successful.
simulate...
To view the simulator output, right-click on the test name, result 
name, or any value in the "Results" tab of the Outputs section and 
choose "Output Log" menu option.
INFO (ADE-3071): Simulation completed successfully.
reading simulation data...
      ...successful.
*Info*    Client has finished evaluating ... 

ERROR (ADEXL-2709): Evaluation of output 'DC_GAIN' returned 'nil' for point:'1' test:'Corner_Sim'
	Expression:'deriv(IS("/I0/OUT"))'.
Ensure that the definition of output is correct.


*Info*    Run complete for Point ID (59 1) on testbench [ Corner_Sim
          ].





Simulation design variables differ from those on the cellView,
they have been saved in the file "/tmp/saved-design-variables".
To save future changes, copy variables to cellView before exiting.
