\# Program start time:     UTC 2024.06.18 06:50:40.875
\# Local time: EDT (UTC-04:00) 2024.06.18 02:50:40.875
\o Program:		@(#)$CDS: virtuoso version 6.1.8-64b 10/11/2023 09:56 (cpgbld01) $
\o Hierarchy:		/home/saul/cadence/installs/IC618/tools.lnx86/dfII/
\o Sub version:		sub-version  IC6.1.8-64b.500.34  (64-bit addresses)
\# Command line:	/pkg/cadence/installs/IC618/tools.lnx86/dfII/bin/64bit/virtuoso -noautostart -mpssession virtuoso2190 -mpshost phoenix -davinciService DaVinciService_2190_1718683360 -log /home/saul/projects/ASKA/logs_saul/logs0/Job175.log -licenseLockFileName /home/saul/projects/ASKA/.tmp_saul/.phoenix_2190 -interactiveA -interactiveE -interactiveRTT -nostdin -nographE -axlChildIdFlag 175
\# Host name (type):	phoenix (x86_64)
\# Operating system:	Linux 3.10.0-1160.105.1.el7.x86_64 #1 SMP Thu Dec 7 15:39:45 UTC 2023
\# Linux /etc/issue:	\S
\# Linux /etc/issue:	Kernel \r on an \m
\# X display name (WxH):	:6400 (1024x868)
\# Available geometry:			TL(0:0) BR(1023:867)
\# X server:			The X.Org Foundation
\# Depth of Visual (Root):	24 (24)
\# Number of Planes Used:	24
\# X version:		11.0 (vendor release 12004000)
\# X resource pool:	base 0x400000, mask 0x1fffff (2097151), shift 0
\# 			current id 0x0, current max 0x1ffffa (2097146)
\# Max data seg size:	     unlimited
\# Max process size:	     unlimited
\# Initial sbrk value:	        641 MB
\# Available memory:	     22,653 MB
\# System memory:	     25,561 MB
\# Maximum memory size:	     25,138 MB
\# Max mem available:	     22,872 MB
\# Initial memory used:	        218 MB
\#        process size:	      1,821 MB
\# Thread usage limits (effective/default):	maxthreads 4096/4096 maxload 7.00/7.00
\# Qt version:		5.9.1
\# Window Manager:	other
\# User Name:		saul
\o Working Directory:	phoenix:/home/saul/projects/ASKA
\# Process Id:		18068
\o 
\o COPYRIGHT (C) 1992-2023  CADENCE DESIGN SYSTEMS INC.  ALL RIGHTS RESERVED.
\o           (C) 1992-2023  UNIX SYSTEMS Laboratories INC.,
\o                          Reproduced with permission.
\o 
\o This Cadence Design Systems program and online documentation are
\o proprietary/confidential information and may be disclosed/used only
\o as authorized in a license agreement controlling such use and disclosure.
\o 
\o           RESTRICTED RIGHTS NOTICE (SHORT FORM)
\o Use/reproduction/disclosure is subject to restriction
\o set forth at FAR 1252.227-19 or its equivalent.
\o Loading geView.cxt 
\o Loading menuBuilder.cxt 
\o Loading schView.cxt 
\o Loading selectSv.cxt 
\o Loading pvsui.cxt
\o Loading wireEdit.cxt 
\o Loading pte2.cxt 
\o Loading xlUI.cxt 
\o Loading auCore.cxt 
\o Loading vhdl.cxt 
\o Loading seismic.cxt 
\o Loading ci.cxt 
\o Loading ams.cxt 
\o Loading oasis.cxt 
\o Loading analog.cxt 
\o Loading asimenv.cxt 
\o Loading dal.cxt 
\o Loading awv.cxt 
\o Loading socket.cxt 
\o Loading par.cxt 
\o Loading alvs.cxt 
\o Loading caa.cxt 
\o Loading amps.cxt 
\o Loading adexlCore.cxt 
\o Loading adexl.cxt 
\# Memory report: using         348 MB, process size 2,073 MB at UTC 2024.06.18 06:50:42.140
\o *Info*    Exporting services from client ... 
\o 
\o Loading adexlDM.cxt 
\o Loading cpf.cxt 
\o Loading cli.cxt 
\o Loading lp.cxt 
\o INFO (ELI-00302) Connecting to parent process (session=virtuoso2190, host=phoenix). Connection mode is ICRP. Total timeout is 180 seconds. Connection timeout is 90 seconds.
\o INFO (ELI-00303) Step 1: Connecting to parent. Time spent is 0 seconds.
\o INFO (ELI-00304) The registration of the child 18068 within 90 seconds is being processed...
\o INFO (ELI-00305) The result of registration is true. Time spent is 0 seconds.
\o INFO (ELI-00308) The connection has ended. Result is true. Total time spent is 0 seconds.
\# [02:50:40.512345] Configured Lic search path (22.01-s002): 3000@lic08.ug.kth.se
\o Loading .cdsinit for the XH018 X-Fab XKit.
\o     LOAD xh018_1143 SPECIFIC CALL-BACK ROUTINES
\o     LOAD ALL AVAILABLE P-CELL FUNCTIONS
\o ** Info: PDK loadpath is "/home/saul/pkg/xfab/XKIT/xh018/cadence/v9_0/PDK/IC61/v9_0_4"
\o Loading XfSktTools.cxt
\o Loading XfMenu.cxt
\o Loading XfTechXh018.cxt
\o Loading XfPcellCore.cxt
\o function ansiSpicePrintProperties_subcircuit redefined
\o Loading XfSkillExt.cxt
\o Initializing library.
\o Finished Initializing Library .
\o     Generic PcellKit: 'production' loaded.
\o     Generic Pcell Skill Tools: 'production' loaded.
\o Loading Circuit Prospector Setup (XfCircuitProspSetup.il)
\o     LOAD THE ENVIRONMENT FILE
\o  --> Setting the required PDK definitions...
\o     GDSII LAYER MAPPING FILE = "./.xkit/setup/xh018/cadence/PDK/TECH_XH018_1143/strmInOut.layertable"
\o     GDSII OBJECT MAPPING FILE = "./.xkit/setup/xh018/cadence/PDK/TECH_XH018_1143/strmOutObjects.map"
\o Use model setup from PDK...
\o Loading spectrei.cxt 
\o Loading devCheck.cxt 
\o Loading relXpert.cxt 
\o Loading vdsil.cxt 
\o Loading hspiceD.cxt 
\o Loading spectreinl.cxt 
\o Loading UltraSim.cxt 
\o Loading msgHandler.cxt 
\o Loading AMSOSS.cxt 
\o Loading AMS.cxt 
\o  --> Finished setting the required PDK definitions
\o  --> Setting the recommended EDA tool defaults...
\o  --> Finished setting the recommended EDA tool defaults
\o     LOAD DEFAULT BINDKEYS
\o Loading viva.cxt 
\o  --> AssuraTools Setup not available
\o *Info*    Client has finished starting ... 
\o 
\p > 
\# Loading perfDiag...
\# (PerfDiag): Set GDB path to environment variable 'gdbPath' (gdb).
\# Memory report: using         474 MB, process size 2,208 MB at UTC 2024.06.18 06:50:44.114
\# Performance Diagnostic tool is installed. You can access PerfDiag from CIW Tools or use the shell command 'cdsPerfDiag -p 18068' to open it when Virtuoso freezes.
\# (PerfDiag): Loading backtrace from /pkg/cadence/installs/IC618/tools/lib/64bit/cdnslibunwind.so
\o Loading vqp.cxt 
\o Loading hdlPkg.cxt 
\o 
\o 
\o *Info*    Configuring the session ...
\o 
\o Loading simui.cxt 
\o 	Library      = CURRENT_SOURCE
\o 	Cell         = current_source_gm_tb
\o 	View         = config
\o 	Simulator    = spectre
\o 	State Path   = $AXL_SETUPDB_DIR/test_states
\o 	State Name   = Corner_Sim_none_Interactive.298
\o 	Results DB   = /home/saul/projects/ASKA/CURRENT_SOURCE/current_source_gm_tb/adexl/results/data/Interactive.298.rdb
\o 	Results Dir  = /home/saul/projects/ASKA/Sim/CURRENT_SOURCE/current_source_gm_tb/adexl/results/data/Interactive.298/1/Corner_Sim
\o 	Results Loc  = /home/saul/projects/ASKA/Sim/CURRENT_SOURCE/current_source_gm_tb/adexl/results/data
\o 	Project Dir  = /home/saul/projects/ASKA/Sim
\o 	Setup DB loc = /home/saul/projects/ASKA/CURRENT_SOURCE/current_source_gm_tb/adexl
\o 	File Encoding = 0
\o 
\o 
\o WARNING (ADE-7017): The Spectre run mode needs to be 'batch' when EM/IR analysis is enabled. Automatically setting the run mode to 'batch'.
\o 
\o *Info*    The auto suspension is disabled.
\o 
\o     LOAD GENERIC "X-KIT" SKILL CONTEXT "./.xkit/setup/x_all/cadence/xenv/skill/context6/xkit.cxt" 
\o  - Menu "XKit Utilities" installed to CIW.
\o     LOAD ".cdsinit_personal" FILE FROM THE WORKING DIRECTORY.
\o     INFO: To customize this setup, please use the following environment variables:
\o           CUSTOM_SCRIPT_PATH - should point to the master shell or perl script
\o                              e.g.:
\o                              setenv CUSTOM_SCRIPT_PATH /path/to/my/script/LoadMyScripts.csh
\o           CUSTOM_SKILL_PATH - should point to your master skill load file
\o                              e.g.:
\o                              setenv CUSTOM_SKILL_PATH /path/to/my/skill/LoadMySkills.il
\o  loading default key binding 
\o  -> END LOAD ".cdsinit" FILE
\o Loading monte.cxt 
\o 
\o 
\o 
\o 
\o 
\o *Info*    Run start for Point ID (61 5) on testbench [ Corner_Sim ].
\o 
\o Resetting statistical vars
\o 
\o *Info*    Setting parameter values ...
\o 
\o Setting var ENABLE = "3.3"
\o Setting var ENABLE_STEP = "0"
\o Setting var IBIAS = "1u"
\o Setting var IBIAS_PULSE = "0"
\o Setting var PACTIVE = "3.3"
\o Setting var PACTIVE_STEP = "0"
\o Setting var VDD = "3.6"
\o Setting var VDDH = "40"
\o Setting var VDDH_STEP = "0"
\o Setting var VDD_AC = "0"
\o Setting var VDD_STEP = "0"
\o Setting var VIN_AC = "1"
\o Setting var VIN_DC = "1"
\o Setting var VIN_STEP = "33m"
\o Setting var VIN_STEP2 = "0"
\o Setting var VSWITCH = "18"
\o Setting var VSWITCH_STEP = "0"
\o Setting var temperature = "85"
\o Setting temp(T) = 85
\o 
\o *Info*    Netlist Directory =
\o           /home/saul/projects/ASKA/Sim/CURRENT_SOURCE/current_source_gm_tb/adexl/results/data/Interactive.298/5/Corner_Sim/netlist
\o 
\o 
\o *Info*    Data Directory    =
\o           /home/saul/projects/ASKA/Sim/CURRENT_SOURCE/current_source_gm_tb/adexl/results/data/Interactive.298/5/Corner_Sim
\o 
\o 
\o *Info*    Creating Netlist for Point ID (61 5)
\o 
\o generate netlist...
\o Loading hnlInit.cxt 
\o Loading seCore.cxt 
\o function ansCdlCompPrim redefined
\o function ansCdlCompPrim redefined
\# [02:50:45.003289] periodic Lic check successful
\# [02:50:45.003291] Feature usage summary:
\o Begin Incremental Netlisting Jun 18 02:50:45 2024
\o End netlisting Jun 18 02:50:45 2024
\o 
\o 	The netlist is up to date.
\o 	Time taken to compare the design with netlist:   1.0s
\o       ...successful.
\o compose simulator input file...
\o       ...successful.
\# Memory report: using         600 MB, process size 2,339 MB at UTC 2024.06.18 06:50:45.108
\o 
\o *Info*    Running simulation on testbench [ Corner_Sim ] for Point ID
\o           (61 5).
\o 
\o Delete psf data in /home/saul/projects/ASKA/Sim/CURRENT_SOURCE/current_source_gm_tb/adexl/results/data/Interactive.298/5/Corner_Sim/psf.
\o compose simulator input file...
\o       ...successful.
\o start simulator if needed...
\o       ...successful.
\o simulate...
\o To view the simulator output, right-click on the test name, result 
\o name, or any value in the "Results" tab of the Outputs section and 
\o choose "Output Log" menu option.
\o Loading paraplot.cxt 
\o INFO (ADE-3071): Simulation completed successfully.
\o reading simulation data...
\o       ...successful.
\o *Info*    Client has finished evaluating ... 
\o 
\e *Error* deriv: can't handle deriv(nil)
\e 
\e 
\o ERROR (ADE-2709): Evaluation of output 'DC_GAIN' returned 'nil' for point:'5' test:'Corner_Sim'
\o 	Expression:'deriv(IS("/I0/OUT"))'.
\o Ensure that the definition of output is correct.
\o 
\o 
\o *Info*    Run complete for Point ID (61 5) on testbench [ Corner_Sim
\o           ].
\o 
\o 
\o 
\o 
\o 
\o 
\o 
\o 
\o 
\o 
\o *Info*    Run start for Point ID (61 7) on testbench [ Corner_Sim ].
\o 
\o Resetting statistical vars
\o 
\o *Info*    Setting parameter values ...
\o 
\o Setting var VDD = "3"
\o 
\o *Info*    Netlist Directory =
\o           /home/saul/projects/ASKA/Sim/CURRENT_SOURCE/current_source_gm_tb/adexl/results/data/Interactive.298/7/Corner_Sim/netlist
\o 
\o 
\o *Info*    Data Directory    =
\o           /home/saul/projects/ASKA/Sim/CURRENT_SOURCE/current_source_gm_tb/adexl/results/data/Interactive.298/7/Corner_Sim
\o 
\o 
\o *Info*    Creating Netlist for Point ID (61 7)
\o 
\o generate netlist...
\o function ansCdlCompPrim redefined
\o function ansCdlCompPrim redefined
\o Begin Incremental Netlisting Jun 18 02:50:46 2024
\o End netlisting Jun 18 02:50:46 2024
\o 
\o 	The netlist is up to date.
\o 	Time taken to compare the design with netlist:   0.0s
\o       ...successful.
\o compose simulator input file...
\o       ...successful.
\o 
\o *Info*    Running simulation on testbench [ Corner_Sim ] for Point ID
\o           (61 7).
\o 
\o Delete psf data in /home/saul/projects/ASKA/Sim/CURRENT_SOURCE/current_source_gm_tb/adexl/results/data/Interactive.298/7/Corner_Sim/psf.
\o compose simulator input file...
\o       ...successful.
\o start simulator if needed...
\o       ...successful.
\o simulate...
\o To view the simulator output, right-click on the test name, result 
\o name, or any value in the "Results" tab of the Outputs section and 
\o choose "Output Log" menu option.
\o INFO (ADE-3071): Simulation completed successfully.
\o reading simulation data...
\o       ...successful.
\o *Info*    Client has finished evaluating ... 
\o 
\e *Error* deriv: can't handle deriv(nil)
\e 
\e 
\o ERROR (ADE-2709): Evaluation of output 'DC_GAIN' returned 'nil' for point:'7' test:'Corner_Sim'
\o 	Expression:'deriv(IS("/I0/OUT"))'.
\o Ensure that the definition of output is correct.
\o 
\o 
\o *Info*    Run complete for Point ID (61 7) on testbench [ Corner_Sim
\o           ].
\o 
\o 
\o 
\o 
\o 
\o 
\o 
\o 
\o 
\o 
\o *Info*    Run start for Point ID (61 9) on testbench [ Corner_Sim ].
\o 
\o Resetting statistical vars
\o 
\o *Info*    Setting parameter values ...
\o 
\o Setting var VDD = "3.6"
\o 
\o *Info*    Netlist Directory =
\o           /home/saul/projects/ASKA/Sim/CURRENT_SOURCE/current_source_gm_tb/adexl/results/data/Interactive.298/9/Corner_Sim/netlist
\o 
\o 
\o *Info*    Data Directory    =
\o           /home/saul/projects/ASKA/Sim/CURRENT_SOURCE/current_source_gm_tb/adexl/results/data/Interactive.298/9/Corner_Sim
\o 
\o 
\o *Info*    Creating Netlist for Point ID (61 9)
\o 
\o generate netlist...
\o function ansCdlCompPrim redefined
\o function ansCdlCompPrim redefined
\o Begin Incremental Netlisting Jun 18 02:50:47 2024
\o End netlisting Jun 18 02:50:47 2024
\o 
\o 	The netlist is up to date.
\o 	Time taken to compare the design with netlist:   0.0s
\o       ...successful.
\o compose simulator input file...
\o       ...successful.
\o 
\o *Info*    Running simulation on testbench [ Corner_Sim ] for Point ID
\o           (61 9).
\o 
\o Delete psf data in /home/saul/projects/ASKA/Sim/CURRENT_SOURCE/current_source_gm_tb/adexl/results/data/Interactive.298/9/Corner_Sim/psf.
\o compose simulator input file...
\o       ...successful.
\o start simulator if needed...
\o       ...successful.
\o simulate...
\o To view the simulator output, right-click on the test name, result 
\o name, or any value in the "Results" tab of the Outputs section and 
\o choose "Output Log" menu option.
\o INFO (ADE-3071): Simulation completed successfully.
\o reading simulation data...
\o       ...successful.
\o *Info*    Client has finished evaluating ... 
\o 
\e *Error* deriv: can't handle deriv(nil)
\e 
\e 
\o ERROR (ADE-2709): Evaluation of output 'DC_GAIN' returned 'nil' for point:'9' test:'Corner_Sim'
\o 	Expression:'deriv(IS("/I0/OUT"))'.
\o Ensure that the definition of output is correct.
\o 
\o 
\o *Info*    Run complete for Point ID (61 9) on testbench [ Corner_Sim
\o           ].
\o 
\o 
\o 
\o 
\o 
\o 
\o 
\o 
\o 
\o 
\o *Info*    Run start for Point ID (61 10) on testbench [ Corner_Sim ].
\o 
\o Resetting statistical vars
\o 
\o *Info*    Setting parameter values ...
\o 
\o Setting var VDD = "3"
\o Setting var temperature = "-40"
\o Setting temp(T) = -40
\o 
\o *Info*    Netlist Directory =
\o           /home/saul/projects/ASKA/Sim/CURRENT_SOURCE/current_source_gm_tb/adexl/results/data/Interactive.298/10/Corner_Sim/netlist
\o 
\o 
\o *Info*    Data Directory    =
\o           /home/saul/projects/ASKA/Sim/CURRENT_SOURCE/current_source_gm_tb/adexl/results/data/Interactive.298/10/Corner_Sim
\o 
\o 
\o *Info*    Creating Netlist for Point ID (61 10)
\o 
\o generate netlist...
\o function ansCdlCompPrim redefined
\o function ansCdlCompPrim redefined
\o Begin Incremental Netlisting Jun 18 02:50:49 2024
\o End netlisting Jun 18 02:50:49 2024
\o 
\o 	The netlist is up to date.
\o 	Time taken to compare the design with netlist:   0.0s
\o       ...successful.
\o compose simulator input file...
\o       ...successful.
\o 
\o *Info*    Running simulation on testbench [ Corner_Sim ] for Point ID
\o           (61 10).
\o 
\o Delete psf data in /home/saul/projects/ASKA/Sim/CURRENT_SOURCE/current_source_gm_tb/adexl/results/data/Interactive.298/10/Corner_Sim/psf.
\o compose simulator input file...
\o       ...successful.
\o start simulator if needed...
\o       ...successful.
\o simulate...
\o To view the simulator output, right-click on the test name, result 
\o name, or any value in the "Results" tab of the Outputs section and 
\o choose "Output Log" menu option.
\# Available memory:         20,328 MB at UTC 2024.06.18 06:50:50.876
\# Memory report: Maximum memory size now 21,020 MB at UTC 2024.06.18 06:50:50.876
\# Thread usage report: 13 active threads, active load 1.40 at UTC 2024.06.18 06:50:50.876
\# Memory report: Maximum memory size now 20,395 MB at UTC 2024.06.18 06:51:00.577
\o INFO (ADE-3071): Simulation completed successfully.
\o reading simulation data...
\o       ...successful.
\o *Info*    Client has finished evaluating ... 
\o 
\e *Error* deriv: can't handle deriv(nil)
\e 
\e 
\o ERROR (ADE-2709): Evaluation of output 'DC_GAIN' returned 'nil' for point:'10' test:'Corner_Sim'
\o 	Expression:'deriv(IS("/I0/OUT"))'.
\o Ensure that the definition of output is correct.
\o 
\o 
\o *Info*    Run complete for Point ID (61 10) on testbench [ Corner_Sim
\o           ].
\o 
\o 
\o 
\o 
\o 
\o 
\o 
\o 
\o 
\o 
\o *Info*    Run start for Point ID (61 15) on testbench [ Corner_Sim ].
\o 
\o Resetting statistical vars
\o 
\o *Info*    Setting parameter values ...
\o 
\o Setting var temperature = "85"
\o Setting temp(T) = 85
\o 
\o *Info*    Netlist Directory =
\o           /home/saul/projects/ASKA/Sim/CURRENT_SOURCE/current_source_gm_tb/adexl/results/data/Interactive.298/15/Corner_Sim/netlist
\o 
\o 
\o *Info*    Data Directory    =
\o           /home/saul/projects/ASKA/Sim/CURRENT_SOURCE/current_source_gm_tb/adexl/results/data/Interactive.298/15/Corner_Sim
\o 
\o 
\o *Info*    Creating Netlist for Point ID (61 15)
\o 
\o generate netlist...
\o function ansCdlCompPrim redefined
\o function ansCdlCompPrim redefined
\o Begin Incremental Netlisting Jun 18 02:51:03 2024
\o End netlisting Jun 18 02:51:03 2024
\o 
\o 	The netlist is up to date.
\o 	Time taken to compare the design with netlist:   0.0s
\o       ...successful.
\o compose simulator input file...
\o       ...successful.
\o 
\o *Info*    Running simulation on testbench [ Corner_Sim ] for Point ID
\o           (61 15).
\o 
\o Delete psf data in /home/saul/projects/ASKA/Sim/CURRENT_SOURCE/current_source_gm_tb/adexl/results/data/Interactive.298/15/Corner_Sim/psf.
\o compose simulator input file...
\o       ...successful.
\o start simulator if needed...
\o       ...successful.
\o simulate...
\o To view the simulator output, right-click on the test name, result 
\o name, or any value in the "Results" tab of the Outputs section and 
\o choose "Output Log" menu option.
\# Memory report: using         712 MB, process size 2,501 MB at UTC 2024.06.18 06:51:04.689
\o INFO (ADE-3071): Simulation completed successfully.
\o reading simulation data...
\o       ...successful.
\o *Info*    Client has finished evaluating ... 
\o 
\e *Error* deriv: can't handle deriv(nil)
\e 
\e 
\o ERROR (ADE-2709): Evaluation of output 'DC_GAIN' returned 'nil' for point:'15' test:'Corner_Sim'
\o 	Expression:'deriv(IS("/I0/OUT"))'.
\o Ensure that the definition of output is correct.
\o 
\o 
\o *Info*    Run complete for Point ID (61 15) on testbench [ Corner_Sim
\o           ].
\o 
\o 
\o 
\o 
\o 
\o 
\o 
\o 
\o 
\o 
\o *Info*    Run start for Point ID (61 18) on testbench [ Corner_Sim ].
\o 
\o Resetting statistical vars
\o 
\o *Info*    Setting parameter values ...
\o 
\o Setting var temperature = "-40"
\o Setting temp(T) = -40
\o 
\o *Info*    Netlist Directory =
\o           /home/saul/projects/ASKA/Sim/CURRENT_SOURCE/current_source_gm_tb/adexl/results/data/Interactive.298/18/Corner_Sim/netlist
\o 
\o 
\o *Info*    Data Directory    =
\o           /home/saul/projects/ASKA/Sim/CURRENT_SOURCE/current_source_gm_tb/adexl/results/data/Interactive.298/18/Corner_Sim
\o 
\o 
\o *Info*    Creating Netlist for Point ID (61 18)
\o 
\o generate netlist...
\o function ansCdlCompPrim redefined
\o function ansCdlCompPrim redefined
\o Begin Incremental Netlisting Jun 18 02:51:05 2024
\o End netlisting Jun 18 02:51:05 2024
\o 
\o 	The netlist is up to date.
\o 	Time taken to compare the design with netlist:   0.0s
\o       ...successful.
\o compose simulator input file...
\o       ...successful.
\o 
\o *Info*    Running simulation on testbench [ Corner_Sim ] for Point ID
\o           (61 18).
\o 
\o Delete psf data in /home/saul/projects/ASKA/Sim/CURRENT_SOURCE/current_source_gm_tb/adexl/results/data/Interactive.298/18/Corner_Sim/psf.
\o compose simulator input file...
\o       ...successful.
\o start simulator if needed...
\o       ...successful.
\o simulate...
\o To view the simulator output, right-click on the test name, result 
\o name, or any value in the "Results" tab of the Outputs section and 
\o choose "Output Log" menu option.
\o *Info*    Current simulation for points ((61 18)).
\o *Info*    (ADE-3072): Simulation stopped because you selected the
\o           'Stop Simulation' command in ADE.
\o 
\o INFO (ADE-3067): Errors encountered during simulation. For more information, right-click
\o         on a test name in the 'Results' tab of the Outputs pane and choose 'Output Log'
\o         to view the simulation run log.
\o reading simulation data...
\o       ...successful.
\o *Info*    Client has finished evaluating ... 
\o 
\e *Error* deriv: can't handle deriv(nil)
\e 
\e 
\o ERROR (ADE-2709): Evaluation of output 'DC_GAIN' returned 'nil' for point:'18' test:'Corner_Sim'
\o 	Expression:'deriv(IS("/I0/OUT"))'.
\o Ensure that the definition of output is correct.
\o 
\o 
\o *Info*    Run complete for Point ID (61 18) on testbench [ Corner_Sim
\o           ].
\o 
\o 
\o 
\o 
\o 
\# Memory report: Maximum memory size now 21,547 MB at UTC 2024.06.18 06:51:10.880
\o Simulation design variables differ from those on the cellView,
\o they have been saved in the file "/tmp/saved-design-variables".
\o To save future changes, copy variables to cellView before exiting.
\o 
\o 
\o *Info*    Configuring the session ...
\o 
\o 	Library      = CURRENT_SOURCE
\o 	Cell         = current_source_gm_tb
\o 	View         = config
\o 	Simulator    = spectre
\o 	State Path   = $AXL_SETUPDB_DIR/test_states
\o 	State Name   = Corner_Sim_none_Interactive.299
\o 	Results DB   = /home/saul/projects/ASKA/CURRENT_SOURCE/current_source_gm_tb/adexl/results/data/Interactive.299.rdb
\o 	Results Dir  = /home/saul/projects/ASKA/Sim/CURRENT_SOURCE/current_source_gm_tb/adexl/results/data/Interactive.299/1/Corner_Sim
\o 	Results Loc  = /home/saul/projects/ASKA/Sim/CURRENT_SOURCE/current_source_gm_tb/adexl/results/data
\o 	Project Dir  = /home/saul/projects/ASKA/Sim
\o 	Setup DB loc = /home/saul/projects/ASKA/CURRENT_SOURCE/current_source_gm_tb/adexl
\o 	File Encoding = 0
\o 
\o 
\o 
\o *Info*    The auto suspension is disabled.
\o 
\o 
\o 
\o 
\o 
\o 
\o *Info*    Run start for Point ID (62 4) on testbench [ Corner_Sim ].
\o 
\o Resetting statistical vars
\o 
\o *Info*    Setting parameter values ...
\o 
\o Setting var ENABLE = "3.3"
\o Setting var ENABLE_STEP = "0"
\o Setting var IBIAS = "1u"
\o Setting var IBIAS_PULSE = "0"
\o Setting var PACTIVE = "3.3"
\o Setting var PACTIVE_STEP = "0"
\o Setting var VDD = "3.6"
\o Setting var VDDH = "40"
\o Setting var VDDH_STEP = "0"
\o Setting var VDD_AC = "0"
\o Setting var VDD_STEP = "0"
\o Setting var VIN_AC = "1"
\o Setting var VIN_DC = "1"
\o Setting var VIN_STEP = "33m"
\o Setting var VIN_STEP2 = "0"
\o Setting var VSWITCH = "18"
\o Setting var VSWITCH_STEP = "0"
\o Setting var temperature = "-40"
\o Setting temp(T) = -40
\o 
\o *Info*    Netlist Directory =
\o           /home/saul/projects/ASKA/Sim/CURRENT_SOURCE/current_source_gm_tb/adexl/results/data/Interactive.299/4/Corner_Sim/netlist
\o 
\o 
\o *Info*    Data Directory    =
\o           /home/saul/projects/ASKA/Sim/CURRENT_SOURCE/current_source_gm_tb/adexl/results/data/Interactive.299/4/Corner_Sim
\o 
\o 
\o *Info*    Creating Netlist for Point ID (62 4)
\o 
\o generate netlist...
\o function ansCdlCompPrim redefined
\o function ansCdlCompPrim redefined
\o Begin Incremental Netlisting Jun 18 02:51:31 2024
\o Loading json.cxt 
\o End netlisting Jun 18 02:51:31 2024
\o 
\o Netlisting Statistics:
\o 	Number of components:   33
\o 
\o 	Elapsed time:          0.0s
\o Errors: 0	Warnings: 0
\o       ...successful.
\o compose simulator input file...
\o       ...successful.
\o 
\o *Info*    Running simulation on testbench [ Corner_Sim ] for Point ID
\o           (62 4).
\o 
\o Delete psf data in /home/saul/projects/ASKA/Sim/CURRENT_SOURCE/current_source_gm_tb/adexl/results/data/Interactive.299/4/Corner_Sim/psf.
\o compose simulator input file...
\o       ...successful.
\o start simulator if needed...
\o       ...successful.
\o simulate...
\o To view the simulator output, right-click on the test name, result 
\o name, or any value in the "Results" tab of the Outputs section and 
\o choose "Output Log" menu option.
\# Memory report: Maximum memory size now 20,202 MB at UTC 2024.06.18 06:51:40.877
\o INFO (ADE-3071): Simulation completed successfully.
\o reading simulation data...
\o       ...successful.
\o *Info*    Client has finished evaluating ... 
\o 
\e *Error* deriv: can't handle deriv(nil)
\e 
\e 
\o ERROR (ADE-2709): Evaluation of output 'DC_GAIN' returned 'nil' for point:'4' test:'Corner_Sim'
\o 	Expression:'deriv(IS("/I0/OUT"))'.
\o Ensure that the definition of output is correct.
\o 
\o 
\o *Info*    Run complete for Point ID (62 4) on testbench [ Corner_Sim
\o           ].
\o 
\o 
\o 
\o 
\o 
\o 
\o 
\o 
\o 
\o 
\o *Info*    Run start for Point ID (62 19) on testbench [ Corner_Sim ].
\o 
\o Resetting statistical vars
\o 
\o *Info*    Setting parameter values ...
\o 
\o Setting var VDD = "3"
\o Setting var temperature = "85"
\o Setting temp(T) = 85
\o 
\o *Info*    Netlist Directory =
\o           /home/saul/projects/ASKA/Sim/CURRENT_SOURCE/current_source_gm_tb/adexl/results/data/Interactive.299/19/Corner_Sim/netlist
\o 
\o 
\o *Info*    Data Directory    =
\o           /home/saul/projects/ASKA/Sim/CURRENT_SOURCE/current_source_gm_tb/adexl/results/data/Interactive.299/19/Corner_Sim
\o 
\o 
\o *Info*    Creating Netlist for Point ID (62 19)
\o 
\o generate netlist...
\o function ansCdlCompPrim redefined
\o function ansCdlCompPrim redefined
\o Begin Incremental Netlisting Jun 18 02:51:48 2024
\o End netlisting Jun 18 02:51:48 2024
\o 
\o 	The netlist is up to date.
\o 	Time taken to compare the design with netlist:   0.0s
\o       ...successful.
\o compose simulator input file...
\o       ...successful.
\o 
\o *Info*    Running simulation on testbench [ Corner_Sim ] for Point ID
\o           (62 19).
\o 
\o Delete psf data in /home/saul/projects/ASKA/Sim/CURRENT_SOURCE/current_source_gm_tb/adexl/results/data/Interactive.299/19/Corner_Sim/psf.
\o compose simulator input file...
\o       ...successful.
\o start simulator if needed...
\o       ...successful.
\o simulate...
\o To view the simulator output, right-click on the test name, result 
\o name, or any value in the "Results" tab of the Outputs section and 
\o choose "Output Log" menu option.
\o INFO (ADE-3071): Simulation completed successfully.
\o reading simulation data...
\o       ...successful.
\o *Info*    Client has finished evaluating ... 
\o 
\e *Error* deriv: can't handle deriv(nil)
\e 
\e 
\o ERROR (ADE-2709): Evaluation of output 'DC_GAIN' returned 'nil' for point:'19' test:'Corner_Sim'
\o 	Expression:'deriv(IS("/I0/OUT"))'.
\o Ensure that the definition of output is correct.
\o 
\o 
\o *Info*    Run complete for Point ID (62 19) on testbench [ Corner_Sim
\o           ].
\o 
\o 
\o 
\o 
\o 
\# Memory report: Maximum memory size now 20,970 MB at UTC 2024.06.18 06:51:50.361
\o 
\o 
\o 
\o 
\o 
\o *Info*    Run start for Point ID (62 22) on testbench [ Corner_Sim ].
\o 
\o Resetting statistical vars
\o 
\o *Info*    Setting parameter values ...
\o 
\o Setting var temperature = "-40"
\o Setting temp(T) = -40
\o 
\o *Info*    Netlist Directory =
\o           /home/saul/projects/ASKA/Sim/CURRENT_SOURCE/current_source_gm_tb/adexl/results/data/Interactive.299/22/Corner_Sim/netlist
\o 
\o 
\o *Info*    Data Directory    =
\o           /home/saul/projects/ASKA/Sim/CURRENT_SOURCE/current_source_gm_tb/adexl/results/data/Interactive.299/22/Corner_Sim
\o 
\o 
\o *Info*    Creating Netlist for Point ID (62 22)
\o 
\o generate netlist...
\o function ansCdlCompPrim redefined
\o function ansCdlCompPrim redefined
\o Begin Incremental Netlisting Jun 18 02:51:50 2024
\o End netlisting Jun 18 02:51:50 2024
\o 
\o 	The netlist is up to date.
\o 	Time taken to compare the design with netlist:   0.0s
\o       ...successful.
\o compose simulator input file...
\o       ...successful.
\o 
\o *Info*    Running simulation on testbench [ Corner_Sim ] for Point ID
\o           (62 22).
\o 
\o Delete psf data in /home/saul/projects/ASKA/Sim/CURRENT_SOURCE/current_source_gm_tb/adexl/results/data/Interactive.299/22/Corner_Sim/psf.
\o compose simulator input file...
\o       ...successful.
\o start simulator if needed...
\o       ...successful.
\o simulate...
\o To view the simulator output, right-click on the test name, result 
\o name, or any value in the "Results" tab of the Outputs section and 
\o choose "Output Log" menu option.
\o *Info*    Current simulation for points ((62 22)).
\o *Info*    (ADE-3072): Simulation stopped because you selected the
\o           'Stop Simulation' command in ADE.
\o 
\o INFO (ADE-3067): Errors encountered during simulation. For more information, right-click
\o         on a test name in the 'Results' tab of the Outputs pane and choose 'Output Log'
\o         to view the simulation run log.
\o reading simulation data...
\o       ...successful.
\o *Info*    Client has finished evaluating ... 
\o 
\e *Error* deriv: can't handle deriv(nil)
\e 
\e 
\o ERROR (ADE-2709): Evaluation of output 'DC_GAIN' returned 'nil' for point:'22' test:'Corner_Sim'
\o 	Expression:'deriv(IS("/I0/OUT"))'.
\o Ensure that the definition of output is correct.
\o 
\o 
\o *Info*    Run complete for Point ID (62 22) on testbench [ Corner_Sim
\o           ].
\o 
\o 
\o 
\o 
\o 
\o Simulation design variables differ from those on the cellView,
\o they have been saved in the file "/tmp/saved-design-variables".
\o To save future changes, copy variables to cellView before exiting.
\o 
\o 
\o *Info*    Configuring the session ...
\o 
\o 	Library      = CURRENT_SOURCE
\o 	Cell         = current_source_gm_tb
\o 	View         = config
\o 	Simulator    = spectre
\o 	State Path   = $AXL_SETUPDB_DIR/test_states
\o 	State Name   = Corner_Sim_none_Interactive.300
\o 	Results DB   = /home/saul/projects/ASKA/CURRENT_SOURCE/current_source_gm_tb/adexl/results/data/Interactive.300.rdb
\o 	Results Dir  = /home/saul/projects/ASKA/Sim/CURRENT_SOURCE/current_source_gm_tb/adexl/results/data/Interactive.300/1/Corner_Sim
\o 	Results Loc  = /home/saul/projects/ASKA/Sim/CURRENT_SOURCE/current_source_gm_tb/adexl/results/data
\o 	Project Dir  = /home/saul/projects/ASKA/Sim
\o 	Setup DB loc = /home/saul/projects/ASKA/CURRENT_SOURCE/current_source_gm_tb/adexl
\o 	File Encoding = 0
\o 
\o 
\o 
\o *Info*    The auto suspension is disabled.
\o 
\o 
\o 
\o 
\o 
\o 
\o *Info*    Run start for Point ID (63 4) on testbench [ Corner_Sim ].
\o 
\o Resetting statistical vars
\o 
\o *Info*    Setting parameter values ...
\o 
\o Setting var ENABLE = "3.3"
\o Setting var ENABLE_STEP = "0"
\o Setting var IBIAS = "1u"
\o Setting var IBIAS_PULSE = "0"
\o Setting var PACTIVE = "3.3"
\o Setting var PACTIVE_STEP = "0"
\o Setting var VDD = "3.6"
\o Setting var VDDH = "40"
\o Setting var VDDH_STEP = "0"
\o Setting var VDD_AC = "0"
\o Setting var VDD_STEP = "0"
\o Setting var VIN_AC = "1"
\o Setting var VIN_DC = "1"
\o Setting var VIN_STEP = "33m"
\o Setting var VIN_STEP2 = "0"
\o Setting var VSWITCH = "18"
\o Setting var VSWITCH_STEP = "0"
\o Setting var temperature = "-40"
\o Setting temp(T) = -40
\o 
\o *Info*    Netlist Directory =
\o           /home/saul/projects/ASKA/Sim/CURRENT_SOURCE/current_source_gm_tb/adexl/results/data/Interactive.300/4/Corner_Sim/netlist
\o 
\o 
\o *Info*    Data Directory    =
\o           /home/saul/projects/ASKA/Sim/CURRENT_SOURCE/current_source_gm_tb/adexl/results/data/Interactive.300/4/Corner_Sim
\o 
\o 
\o *Info*    Creating Netlist for Point ID (63 4)
\o 
\o generate netlist...
\o function ansCdlCompPrim redefined
\o function ansCdlCompPrim redefined
\o Begin Incremental Netlisting Jun 18 02:52:02 2024
\o End netlisting Jun 18 02:52:02 2024
\o 
\o Netlisting Statistics:
\o 	Number of components:   33
\o 
\o 	Elapsed time:          0.0s
\o Errors: 0	Warnings: 0
\o       ...successful.
\o compose simulator input file...
\o       ...successful.
\o 
\o *Info*    Running simulation on testbench [ Corner_Sim ] for Point ID
\o           (63 4).
\o 
\o Delete psf data in /home/saul/projects/ASKA/Sim/CURRENT_SOURCE/current_source_gm_tb/adexl/results/data/Interactive.300/4/Corner_Sim/psf.
\o compose simulator input file...
\o       ...successful.
\o start simulator if needed...
\o       ...successful.
\o simulate...
\o To view the simulator output, right-click on the test name, result 
\o name, or any value in the "Results" tab of the Outputs section and 
\o choose "Output Log" menu option.
\# Memory report: Maximum memory size now 20,094 MB at UTC 2024.06.18 06:52:09.716
\# Memory report: Maximum memory size now 19,603 MB at UTC 2024.06.18 06:52:19.087
\o INFO (ADE-3071): Simulation completed successfully.
\o reading simulation data...
\o       ...successful.
\o *Info*    Client has finished evaluating ... 
\o 
\e *Error* deriv: can't handle deriv(nil)
\e 
\e 
\o ERROR (ADE-2709): Evaluation of output 'DC_GAIN' returned 'nil' for point:'4' test:'Corner_Sim'
\o 	Expression:'deriv(IS("/I0/OUT"))'.
\o Ensure that the definition of output is correct.
\o 
\# Memory report: using         832 MB, process size 2,621 MB at UTC 2024.06.18 06:52:20.346
\o 
\o *Info*    Run complete for Point ID (63 4) on testbench [ Corner_Sim
\o           ].
\o 
\o 
\o 
\o 
\o 
\o 
\o 
\o 
\o 
\o 
\o *Info*    Run start for Point ID (63 19) on testbench [ Corner_Sim ].
\o 
\o Resetting statistical vars
\o 
\o *Info*    Setting parameter values ...
\o 
\o Setting var VDD = "3"
\o Setting var temperature = "85"
\o Setting temp(T) = 85
\o 
\o *Info*    Netlist Directory =
\o           /home/saul/projects/ASKA/Sim/CURRENT_SOURCE/current_source_gm_tb/adexl/results/data/Interactive.300/19/Corner_Sim/netlist
\o 
\o 
\o *Info*    Data Directory    =
\o           /home/saul/projects/ASKA/Sim/CURRENT_SOURCE/current_source_gm_tb/adexl/results/data/Interactive.300/19/Corner_Sim
\o 
\o 
\o *Info*    Creating Netlist for Point ID (63 19)
\o 
\o generate netlist...
\o function ansCdlCompPrim redefined
\o function ansCdlCompPrim redefined
\o Begin Incremental Netlisting Jun 18 02:52:20 2024
\o End netlisting Jun 18 02:52:20 2024
\o 
\o 	The netlist is up to date.
\o 	Time taken to compare the design with netlist:   0.0s
\o       ...successful.
\o compose simulator input file...
\o       ...successful.
\o 
\o *Info*    Running simulation on testbench [ Corner_Sim ] for Point ID
\o           (63 19).
\o 
\o Delete psf data in /home/saul/projects/ASKA/Sim/CURRENT_SOURCE/current_source_gm_tb/adexl/results/data/Interactive.300/19/Corner_Sim/psf.
\o compose simulator input file...
\o       ...successful.
\o start simulator if needed...
\o       ...successful.
\o simulate...
\o To view the simulator output, right-click on the test name, result 
\o name, or any value in the "Results" tab of the Outputs section and 
\o choose "Output Log" menu option.
\o INFO (ADE-3071): Simulation completed successfully.
\o reading simulation data...
\o       ...successful.
\o *Info*    Client has finished evaluating ... 
\o 
\e *Error* deriv: can't handle deriv(nil)
\e 
\e 
\o ERROR (ADE-2709): Evaluation of output 'DC_GAIN' returned 'nil' for point:'19' test:'Corner_Sim'
\o 	Expression:'deriv(IS("/I0/OUT"))'.
\o Ensure that the definition of output is correct.
\o 
\o 
\o *Info*    Run complete for Point ID (63 19) on testbench [ Corner_Sim
\o           ].
\o 
\o 
\o 
\o 
\o 
\o 
\o 
\o 
\o 
\o 
\o *Info*    Run start for Point ID (63 22) on testbench [ Corner_Sim ].
\o 
\o Resetting statistical vars
\o 
\o *Info*    Setting parameter values ...
\o 
\o Setting var temperature = "-40"
\o Setting temp(T) = -40
\o 
\o *Info*    Netlist Directory =
\o           /home/saul/projects/ASKA/Sim/CURRENT_SOURCE/current_source_gm_tb/adexl/results/data/Interactive.300/22/Corner_Sim/netlist
\o 
\o 
\o *Info*    Data Directory    =
\o           /home/saul/projects/ASKA/Sim/CURRENT_SOURCE/current_source_gm_tb/adexl/results/data/Interactive.300/22/Corner_Sim
\o 
\o 
\o *Info*    Creating Netlist for Point ID (63 22)
\o 
\o generate netlist...
\o function ansCdlCompPrim redefined
\o function ansCdlCompPrim redefined
\o Begin Incremental Netlisting Jun 18 02:52:21 2024
\o End netlisting Jun 18 02:52:21 2024
\o 
\o 	The netlist is up to date.
\o 	Time taken to compare the design with netlist:   0.0s
\o       ...successful.
\o compose simulator input file...
\o       ...successful.
\o 
\o *Info*    Running simulation on testbench [ Corner_Sim ] for Point ID
\o           (63 22).
\o 
\o Delete psf data in /home/saul/projects/ASKA/Sim/CURRENT_SOURCE/current_source_gm_tb/adexl/results/data/Interactive.300/22/Corner_Sim/psf.
\o compose simulator input file...
\o       ...successful.
\o start simulator if needed...
\o       ...successful.
\o simulate...
\o To view the simulator output, right-click on the test name, result 
\o name, or any value in the "Results" tab of the Outputs section and 
\o choose "Output Log" menu option.
\o *Info*    Current simulation for points ((63 22)).
\o *Info*    (ADE-3072): Simulation stopped because you selected the
\o           'Stop Simulation' command in ADE.
\o 
\o INFO (ADE-3067): Errors encountered during simulation. For more information, right-click
\o         on a test name in the 'Results' tab of the Outputs pane and choose 'Output Log'
\o         to view the simulation run log.
\o reading simulation data...
\o       ...successful.
\o *Info*    Client has finished evaluating ... 
\o 
\e *Error* deriv: can't handle deriv(nil)
\e 
\e 
\o ERROR (ADE-2709): Evaluation of output 'DC_GAIN' returned 'nil' for point:'22' test:'Corner_Sim'
\o 	Expression:'deriv(IS("/I0/OUT"))'.
\o Ensure that the definition of output is correct.
\o 
\o 
\o *Info*    Run complete for Point ID (63 22) on testbench [ Corner_Sim
\o           ].
\o 
\o 
\o 
\o 
\o 
\# Memory report: Maximum memory size now 20,504 MB at UTC 2024.06.18 06:52:38.877
\o Simulation design variables differ from those on the cellView,
\o they have been saved in the file "/tmp/saved-design-variables".
\o To save future changes, copy variables to cellView before exiting.
\o 
\o 
\o *Info*    Configuring the session ...
\o 
\o 	Library      = CURRENT_SOURCE
\o 	Cell         = current_source_gm_tb
\o 	View         = config
\o 	Simulator    = spectre
\o 	State Path   = $AXL_SETUPDB_DIR/test_states
\o 	State Name   = Corner_Sim_none_Interactive.301
\o 	Results DB   = /home/saul/projects/ASKA/CURRENT_SOURCE/current_source_gm_tb/adexl/results/data/Interactive.301.rdb
\o 	Results Dir  = /home/saul/projects/ASKA/Sim/CURRENT_SOURCE/current_source_gm_tb/adexl/results/data/Interactive.301/1/Corner_Sim
\o 	Results Loc  = /home/saul/projects/ASKA/Sim/CURRENT_SOURCE/current_source_gm_tb/adexl/results/data
\o 	Project Dir  = /home/saul/projects/ASKA/Sim
\o 	Setup DB loc = /home/saul/projects/ASKA/CURRENT_SOURCE/current_source_gm_tb/adexl
\o 	File Encoding = 0
\o 
\o 
\o 
\o *Info*    The auto suspension is disabled.
\o 
\o 
\o 
\o 
\o 
\o 
\o *Info*    Run start for Point ID (64 4) on testbench [ Corner_Sim ].
\o 
\o Resetting statistical vars
\o 
\o *Info*    Setting parameter values ...
\o 
\o Setting var ENABLE = "3.3"
\o Setting var ENABLE_STEP = "0"
\o Setting var IBIAS = "1u"
\o Setting var IBIAS_PULSE = "0"
\o Setting var PACTIVE = "3.3"
\o Setting var PACTIVE_STEP = "0"
\o Setting var VDD = "3.6"
\o Setting var VDDH = "40"
\o Setting var VDDH_STEP = "0"
\o Setting var VDD_AC = "0"
\o Setting var VDD_STEP = "0"
\o Setting var VIN_AC = "1"
\o Setting var VIN_DC = "1"
\o Setting var VIN_STEP = "33m"
\o Setting var VIN_STEP2 = "0"
\o Setting var VSWITCH = "18"
\o Setting var VSWITCH_STEP = "0"
\o Setting var temperature = "-40"
\o Setting temp(T) = -40
\o 
\o *Info*    Netlist Directory =
\o           /home/saul/projects/ASKA/Sim/CURRENT_SOURCE/current_source_gm_tb/adexl/results/data/Interactive.301/4/Corner_Sim/netlist
\o 
\o 
\o *Info*    Data Directory    =
\o           /home/saul/projects/ASKA/Sim/CURRENT_SOURCE/current_source_gm_tb/adexl/results/data/Interactive.301/4/Corner_Sim
\o 
\o 
\o *Info*    Creating Netlist for Point ID (64 4)
\o 
\o generate netlist...
\o function ansCdlCompPrim redefined
\o function ansCdlCompPrim redefined
\o Begin Incremental Netlisting Jun 18 02:52:48 2024
\o End netlisting Jun 18 02:52:48 2024
\o 
\o Netlisting Statistics:
\o 	Number of components:   33
\o 
\o 	Elapsed time:          0.0s
\o Errors: 0	Warnings: 0
\o       ...successful.
\o compose simulator input file...
\o       ...successful.
\o 
\o *Info*    Running simulation on testbench [ Corner_Sim ] for Point ID
\o           (64 4).
\o 
\o Delete psf data in /home/saul/projects/ASKA/Sim/CURRENT_SOURCE/current_source_gm_tb/adexl/results/data/Interactive.301/4/Corner_Sim/psf.
\o compose simulator input file...
\o       ...successful.
\o start simulator if needed...
\o       ...successful.
\o simulate...
\o To view the simulator output, right-click on the test name, result 
\o name, or any value in the "Results" tab of the Outputs section and 
\o choose "Output Log" menu option.
\# Available memory:         18,456 MB at UTC 2024.06.18 06:52:57.879
\# Memory report: Maximum memory size now 19,324 MB at UTC 2024.06.18 06:52:57.879
\o INFO (ADE-3071): Simulation completed successfully.
\o reading simulation data...
\o       ...successful.
\o *Info*    Client has finished evaluating ... 
\o 
\e *Error* deriv: can't handle deriv(nil)
\e 
\e 
\o ERROR (ADE-2709): Evaluation of output 'DC_GAIN' returned 'nil' for point:'4' test:'Corner_Sim'
\o 	Expression:'deriv(IS("/I0/OUT"))'.
\o Ensure that the definition of output is correct.
\o 
\o 
\o *Info*    Run complete for Point ID (64 4) on testbench [ Corner_Sim
\o           ].
\o 
\o 
\o 
\o 
\o 
\o 
\o 
\o 
\o 
\o 
\o *Info*    Run start for Point ID (64 19) on testbench [ Corner_Sim ].
\o 
\o Resetting statistical vars
\o 
\o *Info*    Setting parameter values ...
\o 
\o Setting var VDD = "3"
\o Setting var temperature = "85"
\o Setting temp(T) = 85
\o 
\o *Info*    Netlist Directory =
\o           /home/saul/projects/ASKA/Sim/CURRENT_SOURCE/current_source_gm_tb/adexl/results/data/Interactive.301/19/Corner_Sim/netlist
\o 
\o 
\o *Info*    Data Directory    =
\o           /home/saul/projects/ASKA/Sim/CURRENT_SOURCE/current_source_gm_tb/adexl/results/data/Interactive.301/19/Corner_Sim
\o 
\o 
\o *Info*    Creating Netlist for Point ID (64 19)
\o 
\o generate netlist...
\o function ansCdlCompPrim redefined
\o function ansCdlCompPrim redefined
\o Begin Incremental Netlisting Jun 18 02:53:06 2024
\o End netlisting Jun 18 02:53:06 2024
\o 
\o 	The netlist is up to date.
\o 	Time taken to compare the design with netlist:   0.0s
\o       ...successful.
\o compose simulator input file...
\o       ...successful.
\o 
\o *Info*    Running simulation on testbench [ Corner_Sim ] for Point ID
\o           (64 19).
\o 
\o Delete psf data in /home/saul/projects/ASKA/Sim/CURRENT_SOURCE/current_source_gm_tb/adexl/results/data/Interactive.301/19/Corner_Sim/psf.
\o compose simulator input file...
\o       ...successful.
\o start simulator if needed...
\o       ...successful.
\o simulate...
\o To view the simulator output, right-click on the test name, result 
\o name, or any value in the "Results" tab of the Outputs section and 
\o choose "Output Log" menu option.
\o INFO (ADE-3071): Simulation completed successfully.
\o reading simulation data...
\o       ...successful.
\o *Info*    Client has finished evaluating ... 
\o 
\e *Error* deriv: can't handle deriv(nil)
\e 
\e 
\o ERROR (ADE-2709): Evaluation of output 'DC_GAIN' returned 'nil' for point:'19' test:'Corner_Sim'
\o 	Expression:'deriv(IS("/I0/OUT"))'.
\o Ensure that the definition of output is correct.
\o 
\o 
\o *Info*    Run complete for Point ID (64 19) on testbench [ Corner_Sim
\o           ].
\o 
\o 
\o 
\o 
\o 
\o 
\o 
\o 
\o 
\o 
\o *Info*    Run start for Point ID (64 21) on testbench [ Corner_Sim ].
\o 
\o Resetting statistical vars
\o 
\o *Info*    Setting parameter values ...
\o 
\o Setting var VDD = "3.6"
\o 
\o *Info*    Netlist Directory =
\o           /home/saul/projects/ASKA/Sim/CURRENT_SOURCE/current_source_gm_tb/adexl/results/data/Interactive.301/21/Corner_Sim/netlist
\o 
\o 
\o *Info*    Data Directory    =
\o           /home/saul/projects/ASKA/Sim/CURRENT_SOURCE/current_source_gm_tb/adexl/results/data/Interactive.301/21/Corner_Sim
\o 
\o 
\o *Info*    Creating Netlist for Point ID (64 21)
\o 
\o generate netlist...
\o function ansCdlCompPrim redefined
\o function ansCdlCompPrim redefined
\o Begin Incremental Netlisting Jun 18 02:53:07 2024
\o End netlisting Jun 18 02:53:07 2024
\o 
\o 	The netlist is up to date.
\o 	Time taken to compare the design with netlist:   0.0s
\o       ...successful.
\o compose simulator input file...
\o       ...successful.
\o 
\o *Info*    Running simulation on testbench [ Corner_Sim ] for Point ID
\o           (64 21).
\o 
\o Delete psf data in /home/saul/projects/ASKA/Sim/CURRENT_SOURCE/current_source_gm_tb/adexl/results/data/Interactive.301/21/Corner_Sim/psf.
\o compose simulator input file...
\o       ...successful.
\o start simulator if needed...
\o       ...successful.
\o simulate...
\o To view the simulator output, right-click on the test name, result 
\o name, or any value in the "Results" tab of the Outputs section and 
\o choose "Output Log" menu option.
\o INFO (ADE-3071): Simulation completed successfully.
\o reading simulation data...
\o       ...successful.
\o *Info*    Client has finished evaluating ... 
\o 
\e *Error* deriv: can't handle deriv(nil)
\e 
\e 
\o ERROR (ADE-2709): Evaluation of output 'DC_GAIN' returned 'nil' for point:'21' test:'Corner_Sim'
\o 	Expression:'deriv(IS("/I0/OUT"))'.
\o Ensure that the definition of output is correct.
\o 
\o 
\o *Info*    Run complete for Point ID (64 21) on testbench [ Corner_Sim
\o           ].
\o 
\o 
\o 
\o 
\o 
\o 
\o 
\o 
\o 
\o 
\o *Info*    Run start for Point ID (64 24) on testbench [ Corner_Sim ].
\o 
\o Resetting statistical vars
\o 
\o *Info*    Setting parameter values ...
\o 
\o Setting var temperature = "-40"
\o Setting temp(T) = -40
\o 
\o *Info*    Netlist Directory =
\o           /home/saul/projects/ASKA/Sim/CURRENT_SOURCE/current_source_gm_tb/adexl/results/data/Interactive.301/24/Corner_Sim/netlist
\o 
\o 
\o *Info*    Data Directory    =
\o           /home/saul/projects/ASKA/Sim/CURRENT_SOURCE/current_source_gm_tb/adexl/results/data/Interactive.301/24/Corner_Sim
\o 
\o 
\o *Info*    Creating Netlist for Point ID (64 24)
\o 
\o generate netlist...
\o function ansCdlCompPrim redefined
\o function ansCdlCompPrim redefined
\o Begin Incremental Netlisting Jun 18 02:53:08 2024
\o End netlisting Jun 18 02:53:08 2024
\o 
\o 	The netlist is up to date.
\o 	Time taken to compare the design with netlist:   0.0s
\o       ...successful.
\o compose simulator input file...
\o       ...successful.
\o 
\o *Info*    Running simulation on testbench [ Corner_Sim ] for Point ID
\o           (64 24).
\o 
\o Delete psf data in /home/saul/projects/ASKA/Sim/CURRENT_SOURCE/current_source_gm_tb/adexl/results/data/Interactive.301/24/Corner_Sim/psf.
\o compose simulator input file...
\o       ...successful.
\o start simulator if needed...
\o       ...successful.
\o simulate...
\o To view the simulator output, right-click on the test name, result 
\o name, or any value in the "Results" tab of the Outputs section and 
\o choose "Output Log" menu option.
\# Memory report: Maximum memory size now 18,864 MB at UTC 2024.06.18 06:53:16.876
\o INFO (ADE-3071): Simulation completed successfully.
\o reading simulation data...
\o       ...successful.
\o *Info*    Client has finished evaluating ... 
\o 
\e *Error* deriv: can't handle deriv(nil)
\e 
\e 
\o ERROR (ADE-2709): Evaluation of output 'DC_GAIN' returned 'nil' for point:'24' test:'Corner_Sim'
\o 	Expression:'deriv(IS("/I0/OUT"))'.
\o Ensure that the definition of output is correct.
\o 
\# Memory report: using         942 MB, process size 2,731 MB at UTC 2024.06.18 06:53:25.188
\o 
\o *Info*    Run complete for Point ID (64 24) on testbench [ Corner_Sim
\o           ].
\o 
\o 
\o 
\o 
\o 
\o 
\o 
\o 
\o 
\o 
\o *Info*    Run start for Point ID (64 40) on testbench [ Corner_Sim ].
\o 
\o Resetting statistical vars
\o 
\o *Info*    Setting parameter values ...
\o 
\o 
\o *Info*    Netlist Directory =
\o           /home/saul/projects/ASKA/Sim/CURRENT_SOURCE/current_source_gm_tb/adexl/results/data/Interactive.301/40/Corner_Sim/netlist
\o 
\o 
\o *Info*    Data Directory    =
\o           /home/saul/projects/ASKA/Sim/CURRENT_SOURCE/current_source_gm_tb/adexl/results/data/Interactive.301/40/Corner_Sim
\o 
\o 
\o *Info*    Creating Netlist for Point ID (64 40)
\o 
\o generate netlist...
\o function ansCdlCompPrim redefined
\o function ansCdlCompPrim redefined
\o Begin Incremental Netlisting Jun 18 02:53:25 2024
\o End netlisting Jun 18 02:53:25 2024
\o 
\o 	The netlist is up to date.
\o 	Time taken to compare the design with netlist:   0.0s
\o       ...successful.
\o compose simulator input file...
\o       ...successful.
\o 
\o *Info*    Running simulation on testbench [ Corner_Sim ] for Point ID
\o           (64 40).
\o 
\o Delete psf data in /home/saul/projects/ASKA/Sim/CURRENT_SOURCE/current_source_gm_tb/adexl/results/data/Interactive.301/40/Corner_Sim/psf.
\o compose simulator input file...
\o       ...successful.
\o start simulator if needed...
\o       ...successful.
\o simulate...
\o To view the simulator output, right-click on the test name, result 
\o name, or any value in the "Results" tab of the Outputs section and 
\o choose "Output Log" menu option.
\# Memory report: Maximum memory size now 19,301 MB at UTC 2024.06.18 06:53:26.270
\o *Info*    Current simulation for points ((64 40)).
\o *Info*    (ADE-3072): Simulation stopped because you selected the
\o           'Stop Simulation' command in ADE.
\o 
\o INFO (ADE-3067): Errors encountered during simulation. For more information, right-click
\o         on a test name in the 'Results' tab of the Outputs pane and choose 'Output Log'
\o         to view the simulation run log.
\o reading simulation data...
\o       ...successful.
\o *Info*    Client has finished evaluating ... 
\o 
\e *Error* deriv: can't handle deriv(nil)
\e 
\e 
\o ERROR (ADE-2709): Evaluation of output 'DC_GAIN' returned 'nil' for point:'40' test:'Corner_Sim'
\o 	Expression:'deriv(IS("/I0/OUT"))'.
\o Ensure that the definition of output is correct.
\o 
\o 
\o *Info*    Run complete for Point ID (64 40) on testbench [ Corner_Sim
\o           ].
\o 
\o 
\o 
\o 
\o 
\# Memory report: Maximum memory size now 19,743 MB at UTC 2024.06.18 06:53:35.877
\o Job 175 timed out after no activity in 300 seconds.
\o Simulation design variables differ from those on the cellView,
\o they have been saved in the file "/tmp/saved-design-variables".
\o To save future changes, copy variables to cellView before exiting.
\# Lic Summary:
\# [02:58:27.366291] Cdslmd servers:3000@lic08.ug.kth.se
\# [02:58:27.366299] Feature usage summary:
\# Memory report: on exit            966 MB, process size 2,755 MB at UTC 2024.06.18 06:58:27.890
\# Memory report: peak usage         966 MB, process size 2,755 MB
