*Info*    Exporting services from client ... 

*Info*    Client has finished starting ... 



*Info*    Configuring the session ...

	Library      = CURRENT_SOURCE
	Cell         = current_source_gm_tb
	View         = schematic
	Simulator    = spectre
	State Path   = $AXL_SETUPDB_DIR/test_states
	State Name   = Montecarlo_Sim_CURRENT_SOURCE:current_source_gm_tb:1:1_state_Interactive.225
	Results DB   = /home/saul/projects/ASKA/CURRENT_SOURCE/current_source_gm_tb/adexl/results/data/Interactive.225.rdb
	Results Dir  = /home/saul/projects/ASKA/Sim/CURRENT_SOURCE/current_source_gm_tb/adexl/results/data/Interactive.225/1/Montecarlo_Sim
	Results Loc  = /home/saul/projects/ASKA/Sim/CURRENT_SOURCE/current_source_gm_tb/adexl/results/data
	Project Dir  = /home/saul/projects/ASKA/Sim
	Setup DB loc = /home/saul/projects/ASKA/CURRENT_SOURCE/current_source_gm_tb/adexl
	File Encoding = 0



*Info*    The auto suspension is disabled.






*Info*    Run start for Point ID (4 1) on testbench [ Montecarlo_Sim
          ].

Resetting statistical vars

*Info*    Setting parameter values ...

Setting var ENABLE = "3.3"
Setting var ENABLE_STEP = "-3.3"
Setting var IBIAS = "1u"
Setting var IBIAS_PULSE = "0"
Setting var VDD = "3.3"
Setting var VDDH = "40"
Setting var VDDH_STEP = "0"
Setting var VDD_AC = "0"
Setting var VDD_STEP = "0"
Setting var VIN_AC = "1"
Setting var VIN_DC = "0"
Setting var VIN_STEP = "300m"
Setting var VSWITCH = "0"
Setting var VSWITCH_STEP = "18"
Setting var temperature = "27"
Setting temp(T) = 27

*Info*    Netlist Directory =
          /home/saul/projects/ASKA/Sim/CURRENT_SOURCE/current_source_gm_tb/adexl/results/data/Interactive.225/1/Montecarlo_Sim/netlist


*Info*    Data Directory    =
          /home/saul/projects/ASKA/Sim/CURRENT_SOURCE/current_source_gm_tb/adexl/results/data/Interactive.225/1/Montecarlo_Sim


*Info*    Creating Netlist for Point ID (4 1)

generate netlist...
function ansCdlCompPrim redefined
function ansCdlCompPrim redefined
Initializing the control file using cp:
    cp /home/saul/cadence/installs/IC618/tools.lnx86/dfII/etc/si/control.spectre /home/saul/projects/ASKA/Sim/CURRENT_SOURCE/current_source_gm_tb/adexl/results/data/Interactive.225/1/Montecarlo_Sim/netlist/control
Copying Spectre source file 'spectre.inp'
Copying Spectre command file 'spectre.sim'
Begin Incremental Netlisting Apr 29 06:31:25 2024
WARNING (OSSHNL-941): Failed to open the sameCellNamesInMultipleLibs file '/home/saul/projects/ASKA/Sim/CURRENT_SOURCE/current_source_gm_tb/adexl/results/data/Interactive.96/1/Corner_Sim/netlist/ihnl/sameCellNamesInMultipleLibs', in the append mode.
Ensure that you have the write permission for the mentioned file.

End netlisting Apr 29 06:31:25 2024

Netlisting Statistics:
	Number of components:   55

	Elapsed time:          0.0s
Errors: 0	Warnings: 0
      ...successful.
compose simulator input file...
      ...successful.

*Info*    Running simulation on testbench [ Montecarlo_Sim ] for
          Point ID (4 1).

Delete psf data in /home/saul/projects/ASKA/Sim/CURRENT_SOURCE/current_source_gm_tb/adexl/results/data/Interactive.225/1/Montecarlo_Sim/psf.
compose simulator input file...
      ...successful.
start simulator if needed...
      ...successful.
simulate...
To view the simulator output, right-click on the test name, result 
name, or any value in the "Results" tab of the Outputs section and 
choose "Output Log" menu option.
INFO (ADE-3071): Simulation completed successfully.
reading simulation data...
      ...successful.
*Info*    Client has finished evaluating ... 

WARNING (OCN-6038): Results xf are not available for /home/saul/projects/ASKA/Sim/CURRENT_SOURCE/current_source_gm_tb/adexl/results/data/Interactive.225/1/Montecarlo_Sim. Use results() for a list of available results.
WARNING (OCN-6038): Results xf are not available for /home/saul/projects/ASKA/Sim/CURRENT_SOURCE/current_source_gm_tb/adexl/results/data/Interactive.225/1/Montecarlo_Sim. Use results() for a list of available results.
WARNING (OCN-6038): Results xf are not available for /home/saul/projects/ASKA/Sim/CURRENT_SOURCE/current_source_gm_tb/adexl/results/data/Interactive.225/1/Montecarlo_Sim. Use results() for a list of available results.
WARNING (OCN-6038): Results xf are not available for /home/saul/projects/ASKA/Sim/CURRENT_SOURCE/current_source_gm_tb/adexl/results/data/Interactive.225/1/Montecarlo_Sim. Use results() for a list of available results.
ERROR (ADEXL-2708): Evaluation of output 'PSRR' failed for point:'1' test:'Montecarlo_Sim'
	Expression:'(db(getData("/V0" ?result "xf")) - db(getData("/V3" ?result "xf")))'
	because of the following error(s)
	*Error* difference: can't handle (nil - nil).
Ensure that the definition of output is correct.

ERROR (ADEXL-2709): Evaluation of output 'DC_GAIN' returned 'nil' for point:'1' test:'Montecarlo_Sim'
	Expression:'deriv(IS("/I0/OUT"))'.
Ensure that the definition of output is correct.

WARNING (OCN-6038): Results xf are not available for /home/saul/projects/ASKA/Sim/CURRENT_SOURCE/current_source_gm_tb/adexl/results/data/Interactive.225/1/Montecarlo_Sim. Use results() for a list of available results.
WARNING (OCN-6038): Results xf are not available for /home/saul/projects/ASKA/Sim/CURRENT_SOURCE/current_source_gm_tb/adexl/results/data/Interactive.225/1/Montecarlo_Sim. Use results() for a list of available results.
ERROR (ADEXL-2709): Evaluation of output 'I/V /V0; xf dB20(I/V)' returned 'nil' for point:'1' test:'Montecarlo_Sim'
	Expression:'db(getData("/V0" ?result "xf"))'.
Ensure that the definition of output is correct.

WARNING (OCN-6038): Results xf are not available for /home/saul/projects/ASKA/Sim/CURRENT_SOURCE/current_source_gm_tb/adexl/results/data/Interactive.225/1/Montecarlo_Sim. Use results() for a list of available results.
WARNING (OCN-6038): Results xf are not available for /home/saul/projects/ASKA/Sim/CURRENT_SOURCE/current_source_gm_tb/adexl/results/data/Interactive.225/1/Montecarlo_Sim. Use results() for a list of available results.
ERROR (ADEXL-2709): Evaluation of output 'I/V /V3; xf dB20(I/V)' returned 'nil' for point:'1' test:'Montecarlo_Sim'
	Expression:'db(getData("/V3" ?result "xf"))'.
Ensure that the definition of output is correct.


*Info*    Run complete for Point ID (4 1) on testbench [
          Montecarlo_Sim ].





Simulation design variables differ from those on the cellView,
they have been saved in the file "/tmp/saved-design-variables".
To save future changes, copy variables to cellView before exiting.
