*Info*    Exporting services from client ... 

*Info*    Client has finished starting ... 



*Info*    Configuring the session ...

	Library      = PULSE_GENERATOR
	Cell         = pulse_generator_tb
	View         = config
	Simulator    = spectre
	State Path   = $AXL_SETUPDB_DIR/test_states
	State Name   = PULSE_GENERATOR:pulse_generator_tb:1_none_Interactive.149
	Results DB   = /home/saul/projects/ASKA/PULSE_GENERATOR/pulse_generator_tb/adexl/results/data/Interactive.149.rdb
	Results Dir  = /home/saul/projects/ASKA/Sim/PULSE_GENERATOR/pulse_generator_tb/adexl/results/data/Interactive.149/1/PULSE_GENERATOR:pulse_generator_tb:1
	Results Loc  = /home/saul/projects/ASKA/Sim/PULSE_GENERATOR/pulse_generator_tb/adexl/results/data
	Project Dir  = /home/saul/projects/ASKA/Sim
	Setup DB loc = /home/saul/projects/ASKA/PULSE_GENERATOR/pulse_generator_tb/adexl
	File Encoding = 0



*Info*    The auto suspension is disabled.






*Info*    Run start for Point ID (5 1) on testbench [
          PULSE_GENERATOR:pulse_generator_tb:1 ].

Resetting statistical vars

*Info*    Setting parameter values ...

Setting var DN1 = "0"
Setting var DN2 = "0"
Setting var RES = "100"
Setting var UP1 = "0"
Setting var UP2 = "0"
Setting var VDD3 = "0"
Setting var VDD3_PULSE = "3.3"
Setting var VDDHV = "0"
Setting var VDDHV_PULSE = "40"
Setting var temperature = "27"
Setting temp(T) = 27

*Info*    Netlist Directory =
          /home/saul/projects/ASKA/Sim/PULSE_GENERATOR/pulse_generator_tb/adexl/results/data/Interactive.149/1/PULSE_GENERATOR:pulse_generator_tb:1/netlist


*Info*    Data Directory    =
          /home/saul/projects/ASKA/Sim/PULSE_GENERATOR/pulse_generator_tb/adexl/results/data/Interactive.149/1/PULSE_GENERATOR:pulse_generator_tb:1


*Info*    Creating Netlist for Point ID (5 1)

generate netlist...
function ansCdlCompPrim redefined
function ansCdlCompPrim redefined
Begin Incremental Netlisting May 16 03:30:45 2024
WARNING (OSSHNL-159): The primitive, 'HVSWITCH/hvswitch5/veriloga', has been updated since the last netlisting session
in this current run directory. Therefore, re-netlisting all cell views where
this primitive is instantiated.

End netlisting May 16 03:30:45 2024

Netlisting Statistics:
	Number of components:   40

	Elapsed time:          0.0s
Errors: 0	Warnings: 0
      ...successful.
compose simulator input file...
      ...successful.

*Info*    Running simulation on testbench [
          PULSE_GENERATOR:pulse_generator_tb:1 ] for Point ID (5 1).

Delete psf data in /home/saul/projects/ASKA/Sim/PULSE_GENERATOR/pulse_generator_tb/adexl/results/data/Interactive.149/1/PULSE_GENERATOR:pulse_generator_tb:1/psf.
compose simulator input file...
      ...successful.
start simulator if needed...
      ...successful.
simulate...
To view the simulator output, right-click on the test name, result 
name, or any value in the "Results" tab of the Outputs section and 
choose "Output Log" menu option.
INFO (ADE-3067): Errors encountered during simulation. For more information, right-click
        on a test name in the 'Results' tab of the Outputs pane and choose 'Output Log'
        to view the simulation run log.

*Error*   Error ID  = 5011
*Error*   Error Msg = Simulator failed to complete the simulation.

          Error found by spectre during AHDL read-in.
Error found by
          spectre during AHDL read-in.
ERROR (VACOMP-2157):
          "/home/saul/projects/ASKA/HVSWITCH/hvswitch5/veriloga/veriloga.va", line 41: Encountered a contribution statement embedded in an 
analog event. Remove the contribution statement from the analog event.
ERROR (VACOMP-2157): "/home/saul/projects/ASKA/HVSWITCH/hvswitch5/veriloga/veriloga.va", line 43: Encountered a contribution statement embedded in an 
analog event. Remove the contribution statement from the analog event.
ERROR (VACOMP-2157): "/home/saul/projects/ASKA/HVSWITCH/hvswitch5/veriloga/veriloga.va", line 50: Encountered a contribution statement embedded in an 
analog event. Remove the contribution statement from the analog event.
ERROR (VACOMP-2157): "/home/saul/projects/ASKA/HVSWITCH/hvswitch5/veriloga/veriloga.va", line 52: Encountered a contribution statement embedded in an 
analog event. Remove the contribution statement from the analog
           event.










*Info*    Run start for Point ID (5 1) on testbench [
          PULSE_GENERATOR:pulse_generator_tb:1 ].

Resetting statistical vars

*Info*    Setting parameter values ...

Setting var DN1 = "0"
Setting var DN2 = "0"
Setting var RES = "100"
Setting var UP1 = "0"
Setting var UP2 = "0"
Setting var VDD3 = "0"
Setting var VDD3_PULSE = "3.3"
Setting var VDDHV = "0"
Setting var VDDHV_PULSE = "40"
Setting var temperature = "27"
Setting temp(T) = 27

*Info*    Netlist Directory =
          /home/saul/projects/ASKA/Sim/PULSE_GENERATOR/pulse_generator_tb/adexl/results/data/Interactive.149/1/PULSE_GENERATOR:pulse_generator_tb:1/netlist


*Info*    Data Directory    =
          /home/saul/projects/ASKA/Sim/PULSE_GENERATOR/pulse_generator_tb/adexl/results/data/Interactive.149/1/PULSE_GENERATOR:pulse_generator_tb:1


*Info*    Creating Netlist for Point ID (5 1)

generate netlist...
function ansCdlCompPrim redefined
function ansCdlCompPrim redefined
Begin Incremental Netlisting May 16 03:30:46 2024
End netlisting May 16 03:30:46 2024

	The netlist is up to date.
	Time taken to compare the design with netlist:   0.0s
      ...successful.
compose simulator input file...
      ...successful.

*Info*    Running simulation on testbench [
          PULSE_GENERATOR:pulse_generator_tb:1 ] for Point ID (5 1).

Delete psf data in /home/saul/projects/ASKA/Sim/PULSE_GENERATOR/pulse_generator_tb/adexl/results/data/Interactive.149/1/PULSE_GENERATOR:pulse_generator_tb:1/psf.
compose simulator input file...
      ...successful.
start simulator if needed...
      ...successful.
simulate...
To view the simulator output, right-click on the test name, result 
name, or any value in the "Results" tab of the Outputs section and 
choose "Output Log" menu option.
INFO (ADE-3067): Errors encountered during simulation. For more information, right-click
        on a test name in the 'Results' tab of the Outputs pane and choose 'Output Log'
        to view the simulation run log.

*Error*   Error ID  = 5011
*Error*   Error Msg = Simulator failed to complete the simulation.

          Error found by spectre during AHDL read-in.
Error found by
          spectre during AHDL read-in.
ERROR (VACOMP-2157):
          "/home/saul/projects/ASKA/HVSWITCH/hvswitch5/veriloga/veriloga.va", line 41: Encountered a contribution statement embedded in an 
analog event. Remove the contribution statement from the analog event.
ERROR (VACOMP-2157): "/home/saul/projects/ASKA/HVSWITCH/hvswitch5/veriloga/veriloga.va", line 43: Encountered a contribution statement embedded in an 
analog event. Remove the contribution statement from the analog event.
ERROR (VACOMP-2157): "/home/saul/projects/ASKA/HVSWITCH/hvswitch5/veriloga/veriloga.va", line 50: Encountered a contribution statement embedded in an 
analog event. Remove the contribution statement from the analog event.
ERROR (VACOMP-2157): "/home/saul/projects/ASKA/HVSWITCH/hvswitch5/veriloga/veriloga.va", line 52: Encountered a contribution statement embedded in an 
analog event. Remove the contribution statement from the analog
           event.





Simulation design variables differ from those on the cellView,
they have been saved in the file "/tmp/saved-design-variables".
To save future changes, copy variables to cellView before exiting.
