\# Program start time:     UTC 2024.03.26 14:37:52.483
\# Local time: EDT (UTC-04:00) 2024.03.26 10:37:52.483
\o Program:		@(#)$CDS: virtuoso version 6.1.8-64b 10/11/2023 09:56 (cpgbld01) $
\o Hierarchy:		/home/saul/cadence/installs/IC618/tools.lnx86/dfII/
\o Sub version:		sub-version  IC6.1.8-64b.500.34  (64-bit addresses)
\# Command line:	/pkg/cadence/installs/IC618/tools.lnx86/dfII/bin/64bit/virtuoso -noautostart -mpssession virtuoso24529 -mpshost phoenix -davinciService DaVinciService_24529_1711437775 -log /home/saul/projects/ASKA/logs_saul/logs0/Job138.log -licenseLockFileName /home/saul/projects/ASKA/.tmp_saul/.phoenix_24529 -interactiveA -interactiveE -interactiveRTT -nostdin -nographE -axlChildIdFlag 138
\# Host name (type):	phoenix (x86_64)
\# Operating system:	Linux 3.10.0-1160.105.1.el7.x86_64 #1 SMP Thu Dec 7 15:39:45 UTC 2023
\# Linux /etc/issue:	\S
\# Linux /etc/issue:	Kernel \r on an \m
\# X display name (WxH):	:3738 (1024x868)
\# Available geometry:			TL(0:0) BR(1023:867)
\# X server:			The X.Org Foundation
\# Depth of Visual (Root):	24 (24)
\# Number of Planes Used:	24
\# X version:		11.0 (vendor release 12004000)
\# X resource pool:	base 0x400000, mask 0x1fffff (2097151), shift 0
\# 			current id 0x0, current max 0x1ffffa (2097146)
\# Max data seg size:	     unlimited
\# Max process size:	     unlimited
\# Initial sbrk value:	        638 MB
\# Available memory:	     20,400 MB
\# System memory:	     23,948 MB
\# Maximum memory size:	     23,521 MB
\# Max mem available:	     20,611 MB
\# Initial memory used:	        210 MB
\#        process size:	      1,813 MB
\# Thread usage limits (effective/default):	maxthreads 4096/4096 maxload 6.00/6.00
\# Qt version:		5.9.1
\# Window Manager:	other
\# User Name:		saul
\o Working Directory:	phoenix:/home/saul/projects/ASKA
\# Process Id:		20567
\o 
\o COPYRIGHT (C) 1992-2023  CADENCE DESIGN SYSTEMS INC.  ALL RIGHTS RESERVED.
\o           (C) 1992-2023  UNIX SYSTEMS Laboratories INC.,
\o                          Reproduced with permission.
\o 
\o This Cadence Design Systems program and online documentation are
\o proprietary/confidential information and may be disclosed/used only
\o as authorized in a license agreement controlling such use and disclosure.
\o 
\o           RESTRICTED RIGHTS NOTICE (SHORT FORM)
\o Use/reproduction/disclosure is subject to restriction
\o set forth at FAR 1252.227-19 or its equivalent.
\o Loading geView.cxt 
\o Loading menuBuilder.cxt 
\o Loading schView.cxt 
\o Loading selectSv.cxt 
\o Loading pvsui.cxt
\o Loading wireEdit.cxt 
\o Loading pte2.cxt 
\o Loading xlUI.cxt 
\o Loading auCore.cxt 
\o Loading vhdl.cxt 
\o Loading seismic.cxt 
\o Loading ci.cxt 
\o Loading ams.cxt 
\o Loading oasis.cxt 
\o Loading analog.cxt 
\o Loading asimenv.cxt 
\o Loading dal.cxt 
\o Loading awv.cxt 
\o Loading socket.cxt 
\o Loading par.cxt 
\o Loading alvs.cxt 
\o Loading caa.cxt 
\o Loading amps.cxt 
\o Loading adexlCore.cxt 
\o Loading adexl.cxt 
\o *Info*    Exporting services from client ... 
\o 
\o Loading adexlDM.cxt 
\o Loading cpf.cxt 
\o Loading cli.cxt 
\o Loading lp.cxt 
\o INFO (ELI-00302) Connecting to parent process (session=virtuoso24529, host=phoenix). Connection mode is ICRP. Total timeout is 180 seconds. Connection timeout is 90 seconds.
\o INFO (ELI-00303) Step 1: Connecting to parent. Time spent is 0 seconds.
\o INFO (ELI-00304) The registration of the child 20567 within 90 seconds is being processed...
\o INFO (ELI-00305) The result of registration is true. Time spent is 0 seconds.
\o INFO (ELI-00308) The connection has ended. Result is true. Total time spent is 0 seconds.
\# [10:37:52.512401] Configured Lic search path (22.01-s002): 3000@lic08.ug.kth.se
\# Memory report: using         362 MB, process size 2,094 MB at UTC 2024.03.26 14:37:55.902
\o Loading .cdsinit for the XH018 X-Fab XKit.
\o     LOAD xh018_1143 SPECIFIC CALL-BACK ROUTINES
\o     LOAD ALL AVAILABLE P-CELL FUNCTIONS
\o ** Info: PDK loadpath is "/home/saul/pkg/xfab/XKIT/xh018/cadence/v9_0/PDK/IC61/v9_0_4"
\o Loading XfSktTools.cxt
\o Loading XfMenu.cxt
\o Loading XfTechXh018.cxt
\o Loading XfPcellCore.cxt
\o function ansiSpicePrintProperties_subcircuit redefined
\o Loading XfSkillExt.cxt
\o Initializing library.
\o Finished Initializing Library .
\o     Generic PcellKit: 'production' loaded.
\o     Generic Pcell Skill Tools: 'production' loaded.
\o Loading Circuit Prospector Setup (XfCircuitProspSetup.il)
\o     LOAD THE ENVIRONMENT FILE
\o  --> Setting the required PDK definitions...
\o     GDSII LAYER MAPPING FILE = "./.xkit/setup/xh018/cadence/PDK/TECH_XH018_1143/strmInOut.layertable"
\o     GDSII OBJECT MAPPING FILE = "./.xkit/setup/xh018/cadence/PDK/TECH_XH018_1143/strmOutObjects.map"
\o Use model setup from PDK...
\o Loading spectrei.cxt 
\o Loading devCheck.cxt 
\o Loading relXpert.cxt 
\o Loading vdsil.cxt 
\o Loading hspiceD.cxt 
\o Loading spectreinl.cxt 
\o Loading UltraSim.cxt 
\o Loading msgHandler.cxt 
\o Loading AMSOSS.cxt 
\o Loading AMS.cxt 
\o  --> Finished setting the required PDK definitions
\o  --> Setting the recommended EDA tool defaults...
\o  --> Finished setting the recommended EDA tool defaults
\o     LOAD DEFAULT BINDKEYS
\o Loading viva.cxt 
\o  --> AssuraTools Setup not available
\o *Info*    Client has finished starting ... 
\o 
\p > 
\# Loading perfDiag...
\# (PerfDiag): Set GDB path to environment variable 'gdbPath' (gdb).
\# Memory report: using         465 MB, process size 2,200 MB at UTC 2024.03.26 14:37:57.039
\# Performance Diagnostic tool is installed. You can access PerfDiag from CIW Tools or use the shell command 'cdsPerfDiag -p 20567' to open it when Virtuoso freezes.
\# (PerfDiag): Loading backtrace from /pkg/cadence/installs/IC618/tools/lib/64bit/cdnslibunwind.so
\o Loading vqp.cxt 
\o Loading hdlPkg.cxt 
\o 
\o 
\o *Info*    Configuring the session ...
\o 
\o Loading simui.cxt 
\o 	Library      = BANDGAP
\o 	Cell         = bandgap_tb
\o 	View         = config
\o 	Simulator    = spectre
\o 	State Path   = $AXL_SETUPDB_DIR/test_states
\o 	State Name   = BANDGAP:bandgap_tb:1_none_Interactive.40
\o 	Results DB   = /home/saul/projects/ASKA/BANDGAP/bandgap_tb/adexl/results/data/Interactive.40.rdb
\o 	Results Dir  = /home/saul/projects/ASKA/Sim/BANDGAP/bandgap_tb/adexl/results/data/Interactive.40/1/BANDGAP:bandgap_tb:1
\o 	Results Loc  = /home/saul/projects/ASKA/Sim/BANDGAP/bandgap_tb/adexl/results/data
\o 	Project Dir  = /home/saul/projects/ASKA/Sim
\o 	Setup DB loc = /home/saul/projects/ASKA/BANDGAP/bandgap_tb/adexl
\o 	File Encoding = 0
\o 
\o 
\o WARNING (ADE-7017): The Spectre run mode needs to be 'batch' when EM/IR analysis is enabled. Automatically setting the run mode to 'batch'.
\o 
\o *Info*    The auto suspension is disabled.
\o 
\o     LOAD GENERIC "X-KIT" SKILL CONTEXT "./.xkit/setup/x_all/cadence/xenv/skill/context6/xkit.cxt" 
\o  - Menu "XKit Utilities" installed to CIW.
\o     LOAD ".cdsinit_personal" FILE FROM THE WORKING DIRECTORY.
\o     INFO: To customize this setup, please use the following environment variables:
\o           CUSTOM_SCRIPT_PATH - should point to the master shell or perl script
\o                              e.g.:
\o                              setenv CUSTOM_SCRIPT_PATH /path/to/my/script/LoadMyScripts.csh
\o           CUSTOM_SKILL_PATH - should point to your master skill load file
\o                              e.g.:
\o                              setenv CUSTOM_SKILL_PATH /path/to/my/skill/LoadMySkills.il
\o  loading default key binding 
\o  -> END LOAD ".cdsinit" FILE
\o Loading monte.cxt 
\o 
\o 
\o 
\o 
\o 
\o *Info*    Run start for Point ID (45 4) on testbench [
\o           BANDGAP:bandgap_tb:1 ].
\o 
\o Resetting statistical vars
\o 
\o *Info*    Setting parameter values ...
\o 
\o Setting var IBIAS = "1u"
\o Setting var IBIAS_PULSE = "0"
\o Setting var IPULSE = "0"
\o Setting var VDD3 = "3.6"
\o Setting var VDD_PULSE = "0"
\o Setting var temperature = "-40"
\o Setting temp(T) = -40
\o 
\o *Info*    Netlist Directory =
\o           /home/saul/projects/ASKA/Sim/BANDGAP/bandgap_tb/adexl/results/data/Interactive.40/4/BANDGAP:bandgap_tb:1/netlist
\o 
\o 
\o *Info*    Data Directory    =
\o           /home/saul/projects/ASKA/Sim/BANDGAP/bandgap_tb/adexl/results/data/Interactive.40/4/BANDGAP:bandgap_tb:1
\o 
\o 
\o *Info*    Creating Netlist for Point ID (45 4)
\o 
\o generate netlist...
\o Loading hnlInit.cxt 
\o Loading seCore.cxt 
\o function ansCdlCompPrim redefined
\o function ansCdlCompPrim redefined
\# [10:37:57.381056] Periodic Lic check successful
\# [10:37:57.381058] Feature usage summary:
\o Begin Incremental Netlisting Mar 26 10:37:57 2024
\o End netlisting Mar 26 10:37:57 2024
\o 
\o 	The netlist is up to date.
\o 	Time taken to compare the design with netlist:   0.0s
\o       ...successful.
\o compose simulator input file...
\o       ...successful.
\# Memory report: using         592 MB, process size 2,331 MB at UTC 2024.03.26 14:37:58.043
\o 
\o *Info*    Running simulation on testbench [ BANDGAP:bandgap_tb:1 ]
\o           for Point ID (45 4).
\o 
\o Delete psf data in /home/saul/projects/ASKA/Sim/BANDGAP/bandgap_tb/adexl/results/data/Interactive.40/4/BANDGAP:bandgap_tb:1/psf.
\o compose simulator input file...
\o       ...successful.
\o start simulator if needed...
\o       ...successful.
\o simulate...
\o To view the simulator output, right-click on the test name, result 
\o name, or any value in the "Results" tab of the Outputs section and 
\o choose "Output Log" menu option.
\o Loading paraplot.cxt 
\o INFO (ADE-3071): Simulation completed successfully.
\o reading simulation data...
\o       ...successful.
\o *Info*    Client has finished evaluating ... 
\o 
\o 
\o *Info*    Run complete for Point ID (45 4) on testbench [
\o           BANDGAP:bandgap_tb:1 ].
\o 
\o 
\o 
\o 
\o 
\o 
\o 
\o 
\o 
\o 
\o *Info*    Run start for Point ID (45 7) on testbench [
\o           BANDGAP:bandgap_tb:1 ].
\o 
\o Resetting statistical vars
\o 
\o *Info*    Setting parameter values ...
\o 
\o Setting var VDD3 = "3"
\o Setting var temperature = "85"
\o Setting temp(T) = 85
\o 
\o *Info*    Netlist Directory =
\o           /home/saul/projects/ASKA/Sim/BANDGAP/bandgap_tb/adexl/results/data/Interactive.40/7/BANDGAP:bandgap_tb:1/netlist
\o 
\o 
\o *Info*    Data Directory    =
\o           /home/saul/projects/ASKA/Sim/BANDGAP/bandgap_tb/adexl/results/data/Interactive.40/7/BANDGAP:bandgap_tb:1
\o 
\o 
\o *Info*    Creating Netlist for Point ID (45 7)
\o 
\o generate netlist...
\o function ansCdlCompPrim redefined
\o function ansCdlCompPrim redefined
\o Begin Incremental Netlisting Mar 26 10:37:59 2024
\o End netlisting Mar 26 10:37:59 2024
\o 
\o 	The netlist is up to date.
\o 	Time taken to compare the design with netlist:   0.0s
\o       ...successful.
\o compose simulator input file...
\o       ...successful.
\o 
\o *Info*    Running simulation on testbench [ BANDGAP:bandgap_tb:1 ]
\o           for Point ID (45 7).
\o 
\o Delete psf data in /home/saul/projects/ASKA/Sim/BANDGAP/bandgap_tb/adexl/results/data/Interactive.40/7/BANDGAP:bandgap_tb:1/psf.
\o compose simulator input file...
\o       ...successful.
\o start simulator if needed...
\o       ...successful.
\o simulate...
\o To view the simulator output, right-click on the test name, result 
\o name, or any value in the "Results" tab of the Outputs section and 
\o choose "Output Log" menu option.
\o INFO (ADE-3071): Simulation completed successfully.
\o reading simulation data...
\o       ...successful.
\o *Info*    Client has finished evaluating ... 
\o 
\o 
\o *Info*    Run complete for Point ID (45 7) on testbench [
\o           BANDGAP:bandgap_tb:1 ].
\o 
\o 
\o 
\o 
\o 
\o 
\o 
\o 
\o 
\o 
\o *Info*    Run start for Point ID (45 16) on testbench [
\o           BANDGAP:bandgap_tb:1 ].
\o 
\o Resetting statistical vars
\o 
\o *Info*    Setting parameter values ...
\o 
\o Setting var VDD3 = "3.6"
\o Setting var temperature = "-40"
\o Setting temp(T) = -40
\o 
\o *Info*    Netlist Directory =
\o           /home/saul/projects/ASKA/Sim/BANDGAP/bandgap_tb/adexl/results/data/Interactive.40/16/BANDGAP:bandgap_tb:1/netlist
\o 
\o 
\o *Info*    Data Directory    =
\o           /home/saul/projects/ASKA/Sim/BANDGAP/bandgap_tb/adexl/results/data/Interactive.40/16/BANDGAP:bandgap_tb:1
\o 
\o 
\o *Info*    Creating Netlist for Point ID (45 16)
\o 
\o generate netlist...
\o function ansCdlCompPrim redefined
\o function ansCdlCompPrim redefined
\o Begin Incremental Netlisting Mar 26 10:38:01 2024
\o End netlisting Mar 26 10:38:01 2024
\o 
\o 	The netlist is up to date.
\o 	Time taken to compare the design with netlist:   0.0s
\o       ...successful.
\o compose simulator input file...
\o       ...successful.
\o 
\o *Info*    Running simulation on testbench [ BANDGAP:bandgap_tb:1 ]
\o           for Point ID (45 16).
\o 
\o Delete psf data in /home/saul/projects/ASKA/Sim/BANDGAP/bandgap_tb/adexl/results/data/Interactive.40/16/BANDGAP:bandgap_tb:1/psf.
\o compose simulator input file...
\o       ...successful.
\o start simulator if needed...
\o       ...successful.
\o simulate...
\o To view the simulator output, right-click on the test name, result 
\o name, or any value in the "Results" tab of the Outputs section and 
\o choose "Output Log" menu option.
\# Available memory:         18,078 MB at UTC 2024.03.26 14:38:02.695
\# Memory report: Maximum memory size now 18,725 MB at UTC 2024.03.26 14:38:02.695
\# Thread usage report: 12 active threads, active load 1.40 at UTC 2024.03.26 14:38:02.695
\o INFO (ADE-3071): Simulation completed successfully.
\o reading simulation data...
\o       ...successful.
\o *Info*    Client has finished evaluating ... 
\o 
\o 
\o *Info*    Run complete for Point ID (45 16) on testbench [
\o           BANDGAP:bandgap_tb:1 ].
\o 
\o 
\o 
\o 
\o 
\o 
\o 
\o 
\o 
\o 
\o *Info*    Run start for Point ID (45 22) on testbench [
\o           BANDGAP:bandgap_tb:1 ].
\o 
\o Resetting statistical vars
\o 
\o *Info*    Setting parameter values ...
\o 
\o Setting var VDD3 = "3"
\o 
\o *Info*    Netlist Directory =
\o           /home/saul/projects/ASKA/Sim/BANDGAP/bandgap_tb/adexl/results/data/Interactive.40/22/BANDGAP:bandgap_tb:1/netlist
\o 
\o 
\o *Info*    Data Directory    =
\o           /home/saul/projects/ASKA/Sim/BANDGAP/bandgap_tb/adexl/results/data/Interactive.40/22/BANDGAP:bandgap_tb:1
\o 
\o 
\o *Info*    Creating Netlist for Point ID (45 22)
\o 
\o generate netlist...
\o function ansCdlCompPrim redefined
\o function ansCdlCompPrim redefined
\o Begin Incremental Netlisting Mar 26 10:38:03 2024
\o End netlisting Mar 26 10:38:03 2024
\o 
\o 	The netlist is up to date.
\o 	Time taken to compare the design with netlist:   0.0s
\o       ...successful.
\o compose simulator input file...
\o       ...successful.
\o 
\o *Info*    Running simulation on testbench [ BANDGAP:bandgap_tb:1 ]
\o           for Point ID (45 22).
\o 
\o Delete psf data in /home/saul/projects/ASKA/Sim/BANDGAP/bandgap_tb/adexl/results/data/Interactive.40/22/BANDGAP:bandgap_tb:1/psf.
\o compose simulator input file...
\o       ...successful.
\o start simulator if needed...
\o       ...successful.
\o simulate...
\o To view the simulator output, right-click on the test name, result 
\o name, or any value in the "Results" tab of the Outputs section and 
\o choose "Output Log" menu option.
\o INFO (ADE-3071): Simulation completed successfully.
\o reading simulation data...
\o       ...successful.
\o *Info*    Client has finished evaluating ... 
\o 
\o 
\o *Info*    Run complete for Point ID (45 22) on testbench [
\o           BANDGAP:bandgap_tb:1 ].
\o 
\o 
\o 
\o 
\o 
\o 
\o 
\o 
\o 
\o 
\o *Info*    Run start for Point ID (45 28) on testbench [
\o           BANDGAP:bandgap_tb:1 ].
\o 
\o Resetting statistical vars
\o 
\o *Info*    Setting parameter values ...
\o 
\o Setting var VDD3 = "3.6"
\o 
\o *Info*    Netlist Directory =
\o           /home/saul/projects/ASKA/Sim/BANDGAP/bandgap_tb/adexl/results/data/Interactive.40/28/BANDGAP:bandgap_tb:1/netlist
\o 
\o 
\o *Info*    Data Directory    =
\o           /home/saul/projects/ASKA/Sim/BANDGAP/bandgap_tb/adexl/results/data/Interactive.40/28/BANDGAP:bandgap_tb:1
\o 
\o 
\o *Info*    Creating Netlist for Point ID (45 28)
\o 
\o generate netlist...
\o function ansCdlCompPrim redefined
\o function ansCdlCompPrim redefined
\o Begin Incremental Netlisting Mar 26 10:38:05 2024
\o End netlisting Mar 26 10:38:05 2024
\o 
\o 	The netlist is up to date.
\o 	Time taken to compare the design with netlist:   0.0s
\o       ...successful.
\o compose simulator input file...
\o       ...successful.
\o 
\o *Info*    Running simulation on testbench [ BANDGAP:bandgap_tb:1 ]
\o           for Point ID (45 28).
\o 
\o Delete psf data in /home/saul/projects/ASKA/Sim/BANDGAP/bandgap_tb/adexl/results/data/Interactive.40/28/BANDGAP:bandgap_tb:1/psf.
\o compose simulator input file...
\o       ...successful.
\o start simulator if needed...
\o       ...successful.
\o simulate...
\o To view the simulator output, right-click on the test name, result 
\o name, or any value in the "Results" tab of the Outputs section and 
\o choose "Output Log" menu option.
\o INFO (ADE-3071): Simulation completed successfully.
\o reading simulation data...
\o       ...successful.
\o *Info*    Client has finished evaluating ... 
\o 
\o 
\o *Info*    Run complete for Point ID (45 28) on testbench [
\o           BANDGAP:bandgap_tb:1 ].
\o 
\o 
\o 
\o 
\o 
\o 
\o 
\o 
\o 
\o 
\o *Info*    Run start for Point ID (45 34) on testbench [
\o           BANDGAP:bandgap_tb:1 ].
\o 
\o Resetting statistical vars
\o 
\o *Info*    Setting parameter values ...
\o 
\o Setting var VDD3 = "3"
\o 
\o *Info*    Netlist Directory =
\o           /home/saul/projects/ASKA/Sim/BANDGAP/bandgap_tb/adexl/results/data/Interactive.40/34/BANDGAP:bandgap_tb:1/netlist
\o 
\o 
\o *Info*    Data Directory    =
\o           /home/saul/projects/ASKA/Sim/BANDGAP/bandgap_tb/adexl/results/data/Interactive.40/34/BANDGAP:bandgap_tb:1
\o 
\o 
\o *Info*    Creating Netlist for Point ID (45 34)
\o 
\o generate netlist...
\o function ansCdlCompPrim redefined
\o function ansCdlCompPrim redefined
\o Begin Incremental Netlisting Mar 26 10:38:07 2024
\o End netlisting Mar 26 10:38:07 2024
\o 
\o 	The netlist is up to date.
\o 	Time taken to compare the design with netlist:   0.0s
\o       ...successful.
\o compose simulator input file...
\o       ...successful.
\o 
\o *Info*    Running simulation on testbench [ BANDGAP:bandgap_tb:1 ]
\o           for Point ID (45 34).
\o 
\o Delete psf data in /home/saul/projects/ASKA/Sim/BANDGAP/bandgap_tb/adexl/results/data/Interactive.40/34/BANDGAP:bandgap_tb:1/psf.
\o compose simulator input file...
\o       ...successful.
\o start simulator if needed...
\o       ...successful.
\o simulate...
\o To view the simulator output, right-click on the test name, result 
\o name, or any value in the "Results" tab of the Outputs section and 
\o choose "Output Log" menu option.
\# Memory report: using         696 MB, process size 2,485 MB at UTC 2024.03.26 14:38:08.563
\o INFO (ADE-3071): Simulation completed successfully.
\o reading simulation data...
\o       ...successful.
\o *Info*    Client has finished evaluating ... 
\o 
\o 
\o *Info*    Run complete for Point ID (45 34) on testbench [
\o           BANDGAP:bandgap_tb:1 ].
\o 
\o 
\o 
\o 
\o 
\o 
\o 
\o 
\o 
\o 
\o *Info*    Run start for Point ID (45 40) on testbench [
\o           BANDGAP:bandgap_tb:1 ].
\o 
\o Resetting statistical vars
\o 
\o *Info*    Setting parameter values ...
\o 
\o Setting var VDD3 = "3.6"
\o 
\o *Info*    Netlist Directory =
\o           /home/saul/projects/ASKA/Sim/BANDGAP/bandgap_tb/adexl/results/data/Interactive.40/40/BANDGAP:bandgap_tb:1/netlist
\o 
\o 
\o *Info*    Data Directory    =
\o           /home/saul/projects/ASKA/Sim/BANDGAP/bandgap_tb/adexl/results/data/Interactive.40/40/BANDGAP:bandgap_tb:1
\o 
\o 
\o *Info*    Creating Netlist for Point ID (45 40)
\o 
\o generate netlist...
\o function ansCdlCompPrim redefined
\o function ansCdlCompPrim redefined
\o Begin Incremental Netlisting Mar 26 10:38:09 2024
\o End netlisting Mar 26 10:38:09 2024
\o 
\o 	The netlist is up to date.
\o 	Time taken to compare the design with netlist:   0.0s
\o       ...successful.
\o compose simulator input file...
\o       ...successful.
\o 
\o *Info*    Running simulation on testbench [ BANDGAP:bandgap_tb:1 ]
\o           for Point ID (45 40).
\o 
\o Delete psf data in /home/saul/projects/ASKA/Sim/BANDGAP/bandgap_tb/adexl/results/data/Interactive.40/40/BANDGAP:bandgap_tb:1/psf.
\o compose simulator input file...
\o       ...successful.
\o start simulator if needed...
\o       ...successful.
\o simulate...
\o To view the simulator output, right-click on the test name, result 
\o name, or any value in the "Results" tab of the Outputs section and 
\o choose "Output Log" menu option.
\o INFO (ADE-3071): Simulation completed successfully.
\o reading simulation data...
\o       ...successful.
\o *Info*    Client has finished evaluating ... 
\o 
\o 
\o *Info*    Run complete for Point ID (45 40) on testbench [
\o           BANDGAP:bandgap_tb:1 ].
\o 
\o 
\o 
\o 
\o 
\o 
\o 
\o 
\o 
\o 
\o *Info*    Run start for Point ID (45 46) on testbench [
\o           BANDGAP:bandgap_tb:1 ].
\o 
\o Resetting statistical vars
\o 
\o *Info*    Setting parameter values ...
\o 
\o Setting var VDD3 = "3"
\o 
\o *Info*    Netlist Directory =
\o           /home/saul/projects/ASKA/Sim/BANDGAP/bandgap_tb/adexl/results/data/Interactive.40/46/BANDGAP:bandgap_tb:1/netlist
\o 
\o 
\o *Info*    Data Directory    =
\o           /home/saul/projects/ASKA/Sim/BANDGAP/bandgap_tb/adexl/results/data/Interactive.40/46/BANDGAP:bandgap_tb:1
\o 
\o 
\o *Info*    Creating Netlist for Point ID (45 46)
\o 
\o generate netlist...
\o function ansCdlCompPrim redefined
\o function ansCdlCompPrim redefined
\o Begin Incremental Netlisting Mar 26 10:38:11 2024
\o End netlisting Mar 26 10:38:11 2024
\o 
\o 	The netlist is up to date.
\o 	Time taken to compare the design with netlist:   0.0s
\o       ...successful.
\o compose simulator input file...
\o       ...successful.
\o 
\o *Info*    Running simulation on testbench [ BANDGAP:bandgap_tb:1 ]
\o           for Point ID (45 46).
\o 
\o Delete psf data in /home/saul/projects/ASKA/Sim/BANDGAP/bandgap_tb/adexl/results/data/Interactive.40/46/BANDGAP:bandgap_tb:1/psf.
\o compose simulator input file...
\o       ...successful.
\o start simulator if needed...
\o       ...successful.
\o simulate...
\o To view the simulator output, right-click on the test name, result 
\o name, or any value in the "Results" tab of the Outputs section and 
\o choose "Output Log" menu option.
\o INFO (ADE-3071): Simulation completed successfully.
\o reading simulation data...
\o       ...successful.
\o *Info*    Client has finished evaluating ... 
\o 
\o 
\o *Info*    Run complete for Point ID (45 46) on testbench [
\o           BANDGAP:bandgap_tb:1 ].
\o 
\o 
\o 
\o 
\o 
\o 
\o 
\o 
\o 
\o 
\o *Info*    Run start for Point ID (45 51) on testbench [
\o           BANDGAP:bandgap_tb:1 ].
\o 
\o Resetting statistical vars
\o 
\o *Info*    Setting parameter values ...
\o 
\o Setting var temperature = "85"
\o Setting temp(T) = 85
\o 
\o *Info*    Netlist Directory =
\o           /home/saul/projects/ASKA/Sim/BANDGAP/bandgap_tb/adexl/results/data/Interactive.40/51/BANDGAP:bandgap_tb:1/netlist
\o 
\o 
\o *Info*    Data Directory    =
\o           /home/saul/projects/ASKA/Sim/BANDGAP/bandgap_tb/adexl/results/data/Interactive.40/51/BANDGAP:bandgap_tb:1
\o 
\o 
\o *Info*    Creating Netlist for Point ID (45 51)
\o 
\o generate netlist...
\o function ansCdlCompPrim redefined
\o function ansCdlCompPrim redefined
\o Begin Incremental Netlisting Mar 26 10:38:13 2024
\o End netlisting Mar 26 10:38:13 2024
\o 
\o 	The netlist is up to date.
\o 	Time taken to compare the design with netlist:   0.0s
\o       ...successful.
\o compose simulator input file...
\o       ...successful.
\o 
\o *Info*    Running simulation on testbench [ BANDGAP:bandgap_tb:1 ]
\o           for Point ID (45 51).
\o 
\o Delete psf data in /home/saul/projects/ASKA/Sim/BANDGAP/bandgap_tb/adexl/results/data/Interactive.40/51/BANDGAP:bandgap_tb:1/psf.
\o compose simulator input file...
\o       ...successful.
\o start simulator if needed...
\o       ...successful.
\o simulate...
\o To view the simulator output, right-click on the test name, result 
\o name, or any value in the "Results" tab of the Outputs section and 
\o choose "Output Log" menu option.
\o INFO (ADE-3071): Simulation completed successfully.
\o reading simulation data...
\o       ...successful.
\o *Info*    Client has finished evaluating ... 
\o 
\o 
\o *Info*    Run complete for Point ID (45 51) on testbench [
\o           BANDGAP:bandgap_tb:1 ].
\o 
\o 
\o 
\o 
\o 
\o 
\o 
\o 
\o 
\o 
\o *Info*    Run start for Point ID (45 57) on testbench [
\o           BANDGAP:bandgap_tb:1 ].
\o 
\o Resetting statistical vars
\o 
\o *Info*    Setting parameter values ...
\o 
\o Setting var VDD3 = "3.6"
\o 
\o *Info*    Netlist Directory =
\o           /home/saul/projects/ASKA/Sim/BANDGAP/bandgap_tb/adexl/results/data/Interactive.40/57/BANDGAP:bandgap_tb:1/netlist
\o 
\o 
\o *Info*    Data Directory    =
\o           /home/saul/projects/ASKA/Sim/BANDGAP/bandgap_tb/adexl/results/data/Interactive.40/57/BANDGAP:bandgap_tb:1
\o 
\o 
\o *Info*    Creating Netlist for Point ID (45 57)
\o 
\o generate netlist...
\o function ansCdlCompPrim redefined
\o function ansCdlCompPrim redefined
\o Begin Incremental Netlisting Mar 26 10:38:15 2024
\o End netlisting Mar 26 10:38:15 2024
\o 
\o 	The netlist is up to date.
\o 	Time taken to compare the design with netlist:   0.0s
\o       ...successful.
\o compose simulator input file...
\o       ...successful.
\o 
\o *Info*    Running simulation on testbench [ BANDGAP:bandgap_tb:1 ]
\o           for Point ID (45 57).
\o 
\o Delete psf data in /home/saul/projects/ASKA/Sim/BANDGAP/bandgap_tb/adexl/results/data/Interactive.40/57/BANDGAP:bandgap_tb:1/psf.
\o compose simulator input file...
\o       ...successful.
\o start simulator if needed...
\o       ...successful.
\o simulate...
\o To view the simulator output, right-click on the test name, result 
\o name, or any value in the "Results" tab of the Outputs section and 
\o choose "Output Log" menu option.
\o INFO (ADE-3071): Simulation completed successfully.
\o reading simulation data...
\o       ...successful.
\o *Info*    Client has finished evaluating ... 
\o 
\o 
\o *Info*    Run complete for Point ID (45 57) on testbench [
\o           BANDGAP:bandgap_tb:1 ].
\o 
\o 
\o 
\o 
\o 
\o 
\o 
\o 
\o 
\o 
\o *Info*    Run start for Point ID (45 63) on testbench [
\o           BANDGAP:bandgap_tb:1 ].
\o 
\o Resetting statistical vars
\o 
\o *Info*    Setting parameter values ...
\o 
\o Setting var VDD3 = "3"
\o 
\o *Info*    Netlist Directory =
\o           /home/saul/projects/ASKA/Sim/BANDGAP/bandgap_tb/adexl/results/data/Interactive.40/63/BANDGAP:bandgap_tb:1/netlist
\o 
\o 
\o *Info*    Data Directory    =
\o           /home/saul/projects/ASKA/Sim/BANDGAP/bandgap_tb/adexl/results/data/Interactive.40/63/BANDGAP:bandgap_tb:1
\o 
\o 
\o *Info*    Creating Netlist for Point ID (45 63)
\o 
\o generate netlist...
\o function ansCdlCompPrim redefined
\o function ansCdlCompPrim redefined
\o Begin Incremental Netlisting Mar 26 10:38:17 2024
\o End netlisting Mar 26 10:38:17 2024
\o 
\o 	The netlist is up to date.
\o 	Time taken to compare the design with netlist:   0.0s
\o       ...successful.
\o compose simulator input file...
\o       ...successful.
\o 
\o *Info*    Running simulation on testbench [ BANDGAP:bandgap_tb:1 ]
\o           for Point ID (45 63).
\o 
\o Delete psf data in /home/saul/projects/ASKA/Sim/BANDGAP/bandgap_tb/adexl/results/data/Interactive.40/63/BANDGAP:bandgap_tb:1/psf.
\o compose simulator input file...
\o       ...successful.
\o start simulator if needed...
\o       ...successful.
\o simulate...
\o To view the simulator output, right-click on the test name, result 
\o name, or any value in the "Results" tab of the Outputs section and 
\o choose "Output Log" menu option.
\o INFO (ADE-3071): Simulation completed successfully.
\o reading simulation data...
\o       ...successful.
\o *Info*    Client has finished evaluating ... 
\o 
\o 
\o *Info*    Run complete for Point ID (45 63) on testbench [
\o           BANDGAP:bandgap_tb:1 ].
\o 
\o 
\o 
\o 
\o 
\o 
\o 
\o 
\o 
\o 
\o *Info*    Run start for Point ID (45 69) on testbench [
\o           BANDGAP:bandgap_tb:1 ].
\o 
\o Resetting statistical vars
\o 
\o *Info*    Setting parameter values ...
\o 
\o Setting var VDD3 = "3.6"
\o 
\o *Info*    Netlist Directory =
\o           /home/saul/projects/ASKA/Sim/BANDGAP/bandgap_tb/adexl/results/data/Interactive.40/69/BANDGAP:bandgap_tb:1/netlist
\o 
\o 
\o *Info*    Data Directory    =
\o           /home/saul/projects/ASKA/Sim/BANDGAP/bandgap_tb/adexl/results/data/Interactive.40/69/BANDGAP:bandgap_tb:1
\o 
\o 
\o *Info*    Creating Netlist for Point ID (45 69)
\o 
\o generate netlist...
\o function ansCdlCompPrim redefined
\o function ansCdlCompPrim redefined
\o Begin Incremental Netlisting Mar 26 10:38:19 2024
\o End netlisting Mar 26 10:38:19 2024
\o 
\o 	The netlist is up to date.
\o 	Time taken to compare the design with netlist:   0.0s
\o       ...successful.
\o compose simulator input file...
\o       ...successful.
\o 
\o *Info*    Running simulation on testbench [ BANDGAP:bandgap_tb:1 ]
\o           for Point ID (45 69).
\o 
\o Delete psf data in /home/saul/projects/ASKA/Sim/BANDGAP/bandgap_tb/adexl/results/data/Interactive.40/69/BANDGAP:bandgap_tb:1/psf.
\o compose simulator input file...
\o       ...successful.
\o start simulator if needed...
\o       ...successful.
\o simulate...
\o To view the simulator output, right-click on the test name, result 
\o name, or any value in the "Results" tab of the Outputs section and 
\o choose "Output Log" menu option.
\o INFO (ADE-3071): Simulation completed successfully.
\o reading simulation data...
\o       ...successful.
\o *Info*    Client has finished evaluating ... 
\o 
\o 
\o *Info*    Run complete for Point ID (45 69) on testbench [
\o           BANDGAP:bandgap_tb:1 ].
\o 
\o 
\o 
\o 
\o 
\o 
\o 
\o 
\o 
\o 
\o *Info*    Run start for Point ID (45 76) on testbench [
\o           BANDGAP:bandgap_tb:1 ].
\o 
\o Resetting statistical vars
\o 
\o *Info*    Setting parameter values ...
\o 
\o Setting var temperature = "-40"
\o Setting temp(T) = -40
\o 
\o *Info*    Netlist Directory =
\o           /home/saul/projects/ASKA/Sim/BANDGAP/bandgap_tb/adexl/results/data/Interactive.40/76/BANDGAP:bandgap_tb:1/netlist
\o 
\o 
\o *Info*    Data Directory    =
\o           /home/saul/projects/ASKA/Sim/BANDGAP/bandgap_tb/adexl/results/data/Interactive.40/76/BANDGAP:bandgap_tb:1
\o 
\o 
\o *Info*    Creating Netlist for Point ID (45 76)
\o 
\o generate netlist...
\o function ansCdlCompPrim redefined
\o function ansCdlCompPrim redefined
\o Begin Incremental Netlisting Mar 26 10:38:21 2024
\o End netlisting Mar 26 10:38:21 2024
\o 
\o 	The netlist is up to date.
\o 	Time taken to compare the design with netlist:   0.0s
\o       ...successful.
\o compose simulator input file...
\o       ...successful.
\o 
\o *Info*    Running simulation on testbench [ BANDGAP:bandgap_tb:1 ]
\o           for Point ID (45 76).
\o 
\o Delete psf data in /home/saul/projects/ASKA/Sim/BANDGAP/bandgap_tb/adexl/results/data/Interactive.40/76/BANDGAP:bandgap_tb:1/psf.
\o compose simulator input file...
\o       ...successful.
\o start simulator if needed...
\o       ...successful.
\o simulate...
\o To view the simulator output, right-click on the test name, result 
\o name, or any value in the "Results" tab of the Outputs section and 
\o choose "Output Log" menu option.
\# Memory report: Maximum memory size now 17,959 MB at UTC 2024.03.26 14:38:22.364
\# Memory report: using         805 MB, process size 2,594 MB at UTC 2024.03.26 14:38:22.364
\o INFO (ADE-3071): Simulation completed successfully.
\o reading simulation data...
\o       ...successful.
\o *Info*    Client has finished evaluating ... 
\o 
\o 
\o *Info*    Run complete for Point ID (45 76) on testbench [
\o           BANDGAP:bandgap_tb:1 ].
\o 
\o 
\o 
\o 
\o 
\o 
\o 
\o 
\o 
\o 
\o *Info*    Run start for Point ID (45 82) on testbench [
\o           BANDGAP:bandgap_tb:1 ].
\o 
\o Resetting statistical vars
\o 
\o *Info*    Setting parameter values ...
\o 
\o Setting var VDD3 = "3"
\o 
\o *Info*    Netlist Directory =
\o           /home/saul/projects/ASKA/Sim/BANDGAP/bandgap_tb/adexl/results/data/Interactive.40/82/BANDGAP:bandgap_tb:1/netlist
\o 
\o 
\o *Info*    Data Directory    =
\o           /home/saul/projects/ASKA/Sim/BANDGAP/bandgap_tb/adexl/results/data/Interactive.40/82/BANDGAP:bandgap_tb:1
\o 
\o 
\o *Info*    Creating Netlist for Point ID (45 82)
\o 
\o generate netlist...
\o function ansCdlCompPrim redefined
\o function ansCdlCompPrim redefined
\o Begin Incremental Netlisting Mar 26 10:38:23 2024
\o End netlisting Mar 26 10:38:23 2024
\o 
\o 	The netlist is up to date.
\o 	Time taken to compare the design with netlist:   0.0s
\o       ...successful.
\o compose simulator input file...
\o       ...successful.
\o 
\o *Info*    Running simulation on testbench [ BANDGAP:bandgap_tb:1 ]
\o           for Point ID (45 82).
\o 
\o Delete psf data in /home/saul/projects/ASKA/Sim/BANDGAP/bandgap_tb/adexl/results/data/Interactive.40/82/BANDGAP:bandgap_tb:1/psf.
\o compose simulator input file...
\o       ...successful.
\o start simulator if needed...
\o       ...successful.
\o simulate...
\o To view the simulator output, right-click on the test name, result 
\o name, or any value in the "Results" tab of the Outputs section and 
\o choose "Output Log" menu option.
\o INFO (ADE-3071): Simulation completed successfully.
\o reading simulation data...
\o       ...successful.
\o *Info*    Client has finished evaluating ... 
\o 
\o 
\o *Info*    Run complete for Point ID (45 82) on testbench [
\o           BANDGAP:bandgap_tb:1 ].
\o 
\o 
\o 
\o 
\o 
\o 
\o 
\o 
\o 
\o 
\o *Info*    Run start for Point ID (45 87) on testbench [
\o           BANDGAP:bandgap_tb:1 ].
\o 
\o Resetting statistical vars
\o 
\o *Info*    Setting parameter values ...
\o 
\o Setting var temperature = "85"
\o Setting temp(T) = 85
\o 
\o *Info*    Netlist Directory =
\o           /home/saul/projects/ASKA/Sim/BANDGAP/bandgap_tb/adexl/results/data/Interactive.40/87/BANDGAP:bandgap_tb:1/netlist
\o 
\o 
\o *Info*    Data Directory    =
\o           /home/saul/projects/ASKA/Sim/BANDGAP/bandgap_tb/adexl/results/data/Interactive.40/87/BANDGAP:bandgap_tb:1
\o 
\o 
\o *Info*    Creating Netlist for Point ID (45 87)
\o 
\o generate netlist...
\o function ansCdlCompPrim redefined
\o function ansCdlCompPrim redefined
\o Begin Incremental Netlisting Mar 26 10:38:25 2024
\o End netlisting Mar 26 10:38:25 2024
\o 
\o 	The netlist is up to date.
\o 	Time taken to compare the design with netlist:   0.0s
\o       ...successful.
\o compose simulator input file...
\o       ...successful.
\o 
\o *Info*    Running simulation on testbench [ BANDGAP:bandgap_tb:1 ]
\o           for Point ID (45 87).
\o 
\o Delete psf data in /home/saul/projects/ASKA/Sim/BANDGAP/bandgap_tb/adexl/results/data/Interactive.40/87/BANDGAP:bandgap_tb:1/psf.
\o compose simulator input file...
\o       ...successful.
\o start simulator if needed...
\o       ...successful.
\o simulate...
\o To view the simulator output, right-click on the test name, result 
\o name, or any value in the "Results" tab of the Outputs section and 
\o choose "Output Log" menu option.
\o INFO (ADE-3071): Simulation completed successfully.
\o reading simulation data...
\o       ...successful.
\o *Info*    Client has finished evaluating ... 
\o 
\o 
\o *Info*    Run complete for Point ID (45 87) on testbench [
\o           BANDGAP:bandgap_tb:1 ].
\o 
\o 
\o 
\o 
\o 
\o 
\o 
\o 
\o 
\o 
\o *Info*    Run start for Point ID (45 94) on testbench [
\o           BANDGAP:bandgap_tb:1 ].
\o 
\o Resetting statistical vars
\o 
\o *Info*    Setting parameter values ...
\o 
\o Setting var temperature = "-40"
\o Setting temp(T) = -40
\o 
\o *Info*    Netlist Directory =
\o           /home/saul/projects/ASKA/Sim/BANDGAP/bandgap_tb/adexl/results/data/Interactive.40/94/BANDGAP:bandgap_tb:1/netlist
\o 
\o 
\o *Info*    Data Directory    =
\o           /home/saul/projects/ASKA/Sim/BANDGAP/bandgap_tb/adexl/results/data/Interactive.40/94/BANDGAP:bandgap_tb:1
\o 
\o 
\o *Info*    Creating Netlist for Point ID (45 94)
\o 
\o generate netlist...
\o function ansCdlCompPrim redefined
\o function ansCdlCompPrim redefined
\o Begin Incremental Netlisting Mar 26 10:38:27 2024
\o End netlisting Mar 26 10:38:27 2024
\o 
\o 	The netlist is up to date.
\o 	Time taken to compare the design with netlist:   0.0s
\o       ...successful.
\o compose simulator input file...
\o       ...successful.
\o 
\o *Info*    Running simulation on testbench [ BANDGAP:bandgap_tb:1 ]
\o           for Point ID (45 94).
\o 
\o Delete psf data in /home/saul/projects/ASKA/Sim/BANDGAP/bandgap_tb/adexl/results/data/Interactive.40/94/BANDGAP:bandgap_tb:1/psf.
\o compose simulator input file...
\o       ...successful.
\o start simulator if needed...
\o       ...successful.
\o simulate...
\o To view the simulator output, right-click on the test name, result 
\o name, or any value in the "Results" tab of the Outputs section and 
\o choose "Output Log" menu option.
\o INFO (ADE-3071): Simulation completed successfully.
\o reading simulation data...
\o       ...successful.
\o *Info*    Client has finished evaluating ... 
\o 
\o 
\o *Info*    Run complete for Point ID (45 94) on testbench [
\o           BANDGAP:bandgap_tb:1 ].
\o 
\o 
\o 
\o 
\o 
\o 
\o 
\o 
\o 
\o 
\o *Info*    Run start for Point ID (45 100) on testbench [
\o           BANDGAP:bandgap_tb:1 ].
\o 
\o Resetting statistical vars
\o 
\o *Info*    Setting parameter values ...
\o 
\o Setting var VDD3 = "3.6"
\o 
\o *Info*    Netlist Directory =
\o           /home/saul/projects/ASKA/Sim/BANDGAP/bandgap_tb/adexl/results/data/Interactive.40/100/BANDGAP:bandgap_tb:1/netlist
\o 
\o 
\o *Info*    Data Directory    =
\o           /home/saul/projects/ASKA/Sim/BANDGAP/bandgap_tb/adexl/results/data/Interactive.40/100/BANDGAP:bandgap_tb:1
\o 
\o 
\o *Info*    Creating Netlist for Point ID (45 100)
\o 
\o generate netlist...
\o function ansCdlCompPrim redefined
\o function ansCdlCompPrim redefined
\o Begin Incremental Netlisting Mar 26 10:38:29 2024
\o End netlisting Mar 26 10:38:29 2024
\o 
\o 	The netlist is up to date.
\o 	Time taken to compare the design with netlist:   0.0s
\o       ...successful.
\o compose simulator input file...
\o       ...successful.
\o 
\o *Info*    Running simulation on testbench [ BANDGAP:bandgap_tb:1 ]
\o           for Point ID (45 100).
\o 
\o Delete psf data in /home/saul/projects/ASKA/Sim/BANDGAP/bandgap_tb/adexl/results/data/Interactive.40/100/BANDGAP:bandgap_tb:1/psf.
\o compose simulator input file...
\o       ...successful.
\o start simulator if needed...
\o       ...successful.
\o simulate...
\o To view the simulator output, right-click on the test name, result 
\o name, or any value in the "Results" tab of the Outputs section and 
\o choose "Output Log" menu option.
\o INFO (ADE-3071): Simulation completed successfully.
\o reading simulation data...
\o       ...successful.
\o *Info*    Client has finished evaluating ... 
\o 
\o 
\o *Info*    Run complete for Point ID (45 100) on testbench [
\o           BANDGAP:bandgap_tb:1 ].
\o 
\o 
\o 
\o 
\o 
\o 
\o 
\o 
\o 
\o 
\o *Info*    Run start for Point ID (45 106) on testbench [
\o           BANDGAP:bandgap_tb:1 ].
\o 
\o Resetting statistical vars
\o 
\o *Info*    Setting parameter values ...
\o 
\o Setting var VDD3 = "3"
\o 
\o *Info*    Netlist Directory =
\o           /home/saul/projects/ASKA/Sim/BANDGAP/bandgap_tb/adexl/results/data/Interactive.40/106/BANDGAP:bandgap_tb:1/netlist
\o 
\o 
\o *Info*    Data Directory    =
\o           /home/saul/projects/ASKA/Sim/BANDGAP/bandgap_tb/adexl/results/data/Interactive.40/106/BANDGAP:bandgap_tb:1
\o 
\o 
\o *Info*    Creating Netlist for Point ID (45 106)
\o 
\o generate netlist...
\o function ansCdlCompPrim redefined
\o function ansCdlCompPrim redefined
\o Begin Incremental Netlisting Mar 26 10:38:31 2024
\o End netlisting Mar 26 10:38:31 2024
\o 
\o 	The netlist is up to date.
\o 	Time taken to compare the design with netlist:   0.0s
\o       ...successful.
\o compose simulator input file...
\o       ...successful.
\o 
\o *Info*    Running simulation on testbench [ BANDGAP:bandgap_tb:1 ]
\o           for Point ID (45 106).
\o 
\o Delete psf data in /home/saul/projects/ASKA/Sim/BANDGAP/bandgap_tb/adexl/results/data/Interactive.40/106/BANDGAP:bandgap_tb:1/psf.
\o compose simulator input file...
\o       ...successful.
\o start simulator if needed...
\o       ...successful.
\o simulate...
\o To view the simulator output, right-click on the test name, result 
\o name, or any value in the "Results" tab of the Outputs section and 
\o choose "Output Log" menu option.
\# Memory report: Maximum memory size now 17,533 MB at UTC 2024.03.26 14:38:32.368
\o INFO (ADE-3071): Simulation completed successfully.
\o reading simulation data...
\o       ...successful.
\o *Info*    Client has finished evaluating ... 
\o 
\o 
\o *Info*    Run complete for Point ID (45 106) on testbench [
\o           BANDGAP:bandgap_tb:1 ].
\o 
\o 
\o 
\o 
\o 
\o 
\o 
\o 
\o 
\o 
\o *Info*    Run start for Point ID (45 111) on testbench [
\o           BANDGAP:bandgap_tb:1 ].
\o 
\o Resetting statistical vars
\o 
\o *Info*    Setting parameter values ...
\o 
\o Setting var temperature = "85"
\o Setting temp(T) = 85
\o 
\o *Info*    Netlist Directory =
\o           /home/saul/projects/ASKA/Sim/BANDGAP/bandgap_tb/adexl/results/data/Interactive.40/111/BANDGAP:bandgap_tb:1/netlist
\o 
\o 
\o *Info*    Data Directory    =
\o           /home/saul/projects/ASKA/Sim/BANDGAP/bandgap_tb/adexl/results/data/Interactive.40/111/BANDGAP:bandgap_tb:1
\o 
\o 
\o *Info*    Creating Netlist for Point ID (45 111)
\o 
\o generate netlist...
\o function ansCdlCompPrim redefined
\o function ansCdlCompPrim redefined
\o Begin Incremental Netlisting Mar 26 10:38:33 2024
\o End netlisting Mar 26 10:38:33 2024
\o 
\o 	The netlist is up to date.
\o 	Time taken to compare the design with netlist:   0.0s
\o       ...successful.
\o compose simulator input file...
\o       ...successful.
\o 
\o *Info*    Running simulation on testbench [ BANDGAP:bandgap_tb:1 ]
\o           for Point ID (45 111).
\o 
\o Delete psf data in /home/saul/projects/ASKA/Sim/BANDGAP/bandgap_tb/adexl/results/data/Interactive.40/111/BANDGAP:bandgap_tb:1/psf.
\o compose simulator input file...
\o       ...successful.
\o start simulator if needed...
\o       ...successful.
\o simulate...
\o To view the simulator output, right-click on the test name, result 
\o name, or any value in the "Results" tab of the Outputs section and 
\o choose "Output Log" menu option.
\o INFO (ADE-3071): Simulation completed successfully.
\o reading simulation data...
\o       ...successful.
\o *Info*    Client has finished evaluating ... 
\o 
\o 
\o *Info*    Run complete for Point ID (45 111) on testbench [
\o           BANDGAP:bandgap_tb:1 ].
\o 
\o 
\o 
\o 
\o 
\o 
\o 
\o 
\o 
\o 
\o *Info*    Run start for Point ID (45 117) on testbench [
\o           BANDGAP:bandgap_tb:1 ].
\o 
\o Resetting statistical vars
\o 
\o *Info*    Setting parameter values ...
\o 
\o Setting var VDD3 = "3.6"
\o 
\o *Info*    Netlist Directory =
\o           /home/saul/projects/ASKA/Sim/BANDGAP/bandgap_tb/adexl/results/data/Interactive.40/117/BANDGAP:bandgap_tb:1/netlist
\o 
\o 
\o *Info*    Data Directory    =
\o           /home/saul/projects/ASKA/Sim/BANDGAP/bandgap_tb/adexl/results/data/Interactive.40/117/BANDGAP:bandgap_tb:1
\o 
\o 
\o *Info*    Creating Netlist for Point ID (45 117)
\o 
\o generate netlist...
\o function ansCdlCompPrim redefined
\o function ansCdlCompPrim redefined
\o Begin Incremental Netlisting Mar 26 10:38:35 2024
\o End netlisting Mar 26 10:38:35 2024
\o 
\o 	The netlist is up to date.
\o 	Time taken to compare the design with netlist:   0.0s
\o       ...successful.
\o compose simulator input file...
\o       ...successful.
\o 
\o *Info*    Running simulation on testbench [ BANDGAP:bandgap_tb:1 ]
\o           for Point ID (45 117).
\o 
\o Delete psf data in /home/saul/projects/ASKA/Sim/BANDGAP/bandgap_tb/adexl/results/data/Interactive.40/117/BANDGAP:bandgap_tb:1/psf.
\o compose simulator input file...
\o       ...successful.
\o start simulator if needed...
\o       ...successful.
\o simulate...
\o To view the simulator output, right-click on the test name, result 
\o name, or any value in the "Results" tab of the Outputs section and 
\o choose "Output Log" menu option.
\# Memory report: using         908 MB, process size 2,697 MB at UTC 2024.03.26 14:38:36.712
\o INFO (ADE-3071): Simulation completed successfully.
\o reading simulation data...
\o       ...successful.
\o *Info*    Client has finished evaluating ... 
\o 
\o 
\o *Info*    Run complete for Point ID (45 117) on testbench [
\o           BANDGAP:bandgap_tb:1 ].
\o 
\o 
\o 
\o 
\o 
\o 
\o 
\o 
\o 
\o 
\o *Info*    Run start for Point ID (45 124) on testbench [
\o           BANDGAP:bandgap_tb:1 ].
\o 
\o Resetting statistical vars
\o 
\o *Info*    Setting parameter values ...
\o 
\o Setting var temperature = "-40"
\o Setting temp(T) = -40
\o 
\o *Info*    Netlist Directory =
\o           /home/saul/projects/ASKA/Sim/BANDGAP/bandgap_tb/adexl/results/data/Interactive.40/124/BANDGAP:bandgap_tb:1/netlist
\o 
\o 
\o *Info*    Data Directory    =
\o           /home/saul/projects/ASKA/Sim/BANDGAP/bandgap_tb/adexl/results/data/Interactive.40/124/BANDGAP:bandgap_tb:1
\o 
\o 
\o *Info*    Creating Netlist for Point ID (45 124)
\o 
\o generate netlist...
\o function ansCdlCompPrim redefined
\o function ansCdlCompPrim redefined
\o Begin Incremental Netlisting Mar 26 10:38:37 2024
\o End netlisting Mar 26 10:38:37 2024
\o 
\o 	The netlist is up to date.
\o 	Time taken to compare the design with netlist:   0.0s
\o       ...successful.
\o compose simulator input file...
\o       ...successful.
\o 
\o *Info*    Running simulation on testbench [ BANDGAP:bandgap_tb:1 ]
\o           for Point ID (45 124).
\o 
\o Delete psf data in /home/saul/projects/ASKA/Sim/BANDGAP/bandgap_tb/adexl/results/data/Interactive.40/124/BANDGAP:bandgap_tb:1/psf.
\o compose simulator input file...
\o       ...successful.
\o start simulator if needed...
\o       ...successful.
\o simulate...
\o To view the simulator output, right-click on the test name, result 
\o name, or any value in the "Results" tab of the Outputs section and 
\o choose "Output Log" menu option.
\o INFO (ADE-3071): Simulation completed successfully.
\o reading simulation data...
\o       ...successful.
\o *Info*    Client has finished evaluating ... 
\o 
\o 
\o *Info*    Run complete for Point ID (45 124) on testbench [
\o           BANDGAP:bandgap_tb:1 ].
\o 
\o 
\o 
\o 
\o 
\o 
\o 
\o 
\o 
\o 
\o *Info*    Run start for Point ID (45 129) on testbench [
\o           BANDGAP:bandgap_tb:1 ].
\o 
\o Resetting statistical vars
\o 
\o *Info*    Setting parameter values ...
\o 
\o Setting var temperature = "85"
\o Setting temp(T) = 85
\o 
\o *Info*    Netlist Directory =
\o           /home/saul/projects/ASKA/Sim/BANDGAP/bandgap_tb/adexl/results/data/Interactive.40/129/BANDGAP:bandgap_tb:1/netlist
\o 
\o 
\o *Info*    Data Directory    =
\o           /home/saul/projects/ASKA/Sim/BANDGAP/bandgap_tb/adexl/results/data/Interactive.40/129/BANDGAP:bandgap_tb:1
\o 
\o 
\o *Info*    Creating Netlist for Point ID (45 129)
\o 
\o generate netlist...
\o function ansCdlCompPrim redefined
\o function ansCdlCompPrim redefined
\o Begin Incremental Netlisting Mar 26 10:38:39 2024
\o End netlisting Mar 26 10:38:39 2024
\o 
\o 	The netlist is up to date.
\o 	Time taken to compare the design with netlist:   0.0s
\o       ...successful.
\o compose simulator input file...
\o       ...successful.
\o 
\o *Info*    Running simulation on testbench [ BANDGAP:bandgap_tb:1 ]
\o           for Point ID (45 129).
\o 
\o Delete psf data in /home/saul/projects/ASKA/Sim/BANDGAP/bandgap_tb/adexl/results/data/Interactive.40/129/BANDGAP:bandgap_tb:1/psf.
\o compose simulator input file...
\o       ...successful.
\o start simulator if needed...
\o       ...successful.
\o simulate...
\o To view the simulator output, right-click on the test name, result 
\o name, or any value in the "Results" tab of the Outputs section and 
\o choose "Output Log" menu option.
\o INFO (ADE-3071): Simulation completed successfully.
\o reading simulation data...
\o       ...successful.
\o *Info*    Client has finished evaluating ... 
\o 
\o 
\o *Info*    Run complete for Point ID (45 129) on testbench [
\o           BANDGAP:bandgap_tb:1 ].
\o 
\o 
\o 
\o 
\o 
\# Available memory:         16,250 MB at UTC 2024.03.26 14:38:42.363
\# Memory report: Maximum memory size now 17,150 MB at UTC 2024.03.26 14:38:52.364
\o Simulation design variables differ from those on the cellView,
\o they have been saved in the file "/tmp/saved-design-variables".
\o To save future changes, copy variables to cellView before exiting.
\o 
\o 
\o *Info*    Configuring the session ...
\o 
\o 	Library      = BANDGAP
\o 	Cell         = bandgap_tb
\o 	View         = config
\o 	Simulator    = spectre
\o 	State Path   = $AXL_SETUPDB_DIR/test_states
\o 	State Name   = Montecarlo_BANDGAP:bandgap_tb:1:1_state_MonteCarlo.5
\o 	Results DB   = /home/saul/projects/ASKA/BANDGAP/bandgap_tb/adexl/results/data/MonteCarlo.5.rdb
\o 	Results Dir  = /home/saul/projects/ASKA/Sim/BANDGAP/bandgap_tb/adexl/results/data/MonteCarlo.5/1/Montecarlo
\o 	Results Loc  = /home/saul/projects/ASKA/Sim/BANDGAP/bandgap_tb/adexl/results/data
\o 	Project Dir  = /home/saul/projects/ASKA/Sim
\o 	Setup DB loc = /home/saul/projects/ASKA/BANDGAP/bandgap_tb/adexl
\o 	File Encoding = 0
\o 
\o 
\o 
\o *Info*    The auto suspension is disabled.
\o 
\o 
\o 
\o 
\o 
\o 
\o *Info*    Run start for Point ID (46 1) on testbench [ Montecarlo ].
\o 
\o Resetting statistical vars
\o 
\o *Info*    Setting parameter values ...
\o 
\o Setting var IBIAS = "1u"
\o Setting var IBIAS_PULSE = "0"
\o Setting var IPULSE = "0"
\o Setting var VDD3 = "3.3"
\o Setting var VDD_PULSE = "0"
\o Setting var temperature = "27"
\o Setting temp(T) = 27
\o 
\o *Info*    Netlist Directory =
\o           /home/saul/projects/ASKA/Sim/BANDGAP/bandgap_tb/adexl/results/data/MonteCarlo.5/1/Montecarlo/groupRunDataDir/netlist
\o 
\o 
\o *Info*    Data Directory    =
\o           /home/saul/projects/ASKA/Sim/BANDGAP/bandgap_tb/adexl/results/data/MonteCarlo.5/1/Montecarlo/groupRunDataDir
\o 
\o 
\o *Info*    Creating Netlist for Point ID (46 1)
\o 
\o generate netlist...
\o function ansCdlCompPrim redefined
\o function ansCdlCompPrim redefined
\o Begin Incremental Netlisting Mar 26 10:41:10 2024
\o End netlisting Mar 26 10:41:10 2024
\o 
\o 	The netlist is up to date.
\o 	Time taken to compare the design with netlist:   0.0s
\o       ...successful.
\o compose simulator input file...
\o       ...successful.
\o 
\o *Info*    Running simulation on testbench [ Montecarlo ] for Point ID
\o           (46 1).
\o 
\o *Info*    Spectre controlMode is set "batch" due to monte carlo run.
\o 
\o Delete psf data in /home/saul/projects/ASKA/Sim/BANDGAP/bandgap_tb/adexl/results/data/MonteCarlo.5/1/Montecarlo/groupRunDataDir/psf.
\o generate netlist...
\o function ansCdlCompPrim redefined
\o function ansCdlCompPrim redefined
\o Begin Incremental Netlisting Mar 26 10:41:10 2024
\o End netlisting Mar 26 10:41:10 2024
\o 
\o 	The netlist is up to date.
\o 	Time taken to compare the design with netlist:   0.0s
\o       ...successful.
\o compose simulator input file...
\o       ...successful.
\o start simulator if needed...
\o       ...successful.
\o simulate...
\o To view the simulator output, right-click on the test name, result 
\o name, or any value in the "Results" tab of the Outputs section and 
\o choose "Output Log" menu option.
\# Memory report: Maximum memory size now 16,643 MB at UTC 2024.03.26 14:41:12.536
\o *Info*    Client has finished evaluating ... 
\o 
\o 
\o *Info*    Run complete for Point ID (46 1) on testbench [ Montecarlo
\o           ].
\o 
\o 
\o 
\o 
\o 
\o *Info*    Client has finished evaluating ... 
\o 
\o 
\o *Info*    Run complete for Point ID (46 2) on testbench [ Montecarlo
\o           ].
\o 
\o 
\o 
\o 
\o 
\o *Info*    Client has finished evaluating ... 
\o 
\o 
\o *Info*    Run complete for Point ID (46 3) on testbench [ Montecarlo
\o           ].
\o 
\o 
\o 
\o 
\o 
\# Memory report: using       1,014 MB, process size 2,803 MB at UTC 2024.03.26 14:41:15.429
\o *Info*    Client has finished evaluating ... 
\o 
\o 
\o *Info*    Run complete for Point ID (46 4) on testbench [ Montecarlo
\o           ].
\o 
\o 
\o 
\o 
\o 
\o *Info*    Client has finished evaluating ... 
\o 
\o 
\o *Info*    Run complete for Point ID (46 5) on testbench [ Montecarlo
\o           ].
\o 
\o 
\o 
\o 
\o 
\o *Info*    Client has finished evaluating ... 
\o 
\o 
\o *Info*    Run complete for Point ID (46 6) on testbench [ Montecarlo
\o           ].
\o 
\o 
\o 
\o 
\o 
\o *Info*    Client has finished evaluating ... 
\o 
\o 
\o *Info*    Run complete for Point ID (46 7) on testbench [ Montecarlo
\o           ].
\o 
\o 
\o 
\o 
\o 
\o *Info*    Client has finished evaluating ... 
\o 
\o 
\o *Info*    Run complete for Point ID (46 8) on testbench [ Montecarlo
\o           ].
\o 
\o 
\o 
\o 
\o 
\o *Info*    Client has finished evaluating ... 
\o 
\o 
\o *Info*    Run complete for Point ID (46 9) on testbench [ Montecarlo
\o           ].
\o 
\o 
\o 
\o 
\o 
\o *Info*    Client has finished evaluating ... 
\o 
\o 
\o *Info*    Run complete for Point ID (46 10) on testbench [ Montecarlo
\o           ].
\o 
\o 
\o 
\o 
\o 
\# Memory report: using       1,126 MB, process size 2,915 MB at UTC 2024.03.26 14:41:21.525
\o *Info*    Client has finished evaluating ... 
\o 
\o 
\o *Info*    Run complete for Point ID (46 11) on testbench [ Montecarlo
\o           ].
\o 
\o 
\o 
\o 
\o 
\# Available memory:         14,581 MB at UTC 2024.03.26 14:41:22.240
\# Memory report: Maximum memory size now 15,722 MB at UTC 2024.03.26 14:41:22.240
\o *Info*    Client has finished evaluating ... 
\o 
\o 
\o *Info*    Run complete for Point ID (46 12) on testbench [ Montecarlo
\o           ].
\o 
\o 
\o 
\o 
\o 
\o *Info*    Client has finished evaluating ... 
\o 
\o 
\o *Info*    Run complete for Point ID (46 13) on testbench [ Montecarlo
\o           ].
\o 
\o 
\o 
\o 
\o 
\o *Info*    Client has finished evaluating ... 
\o 
\o 
\o *Info*    Run complete for Point ID (46 14) on testbench [ Montecarlo
\o           ].
\o 
\o 
\o 
\o 
\o 
\o *Info*    Client has finished evaluating ... 
\o 
\o 
\o *Info*    Run complete for Point ID (46 15) on testbench [ Montecarlo
\o           ].
\o 
\o 
\o 
\o 
\o 
\o *Info*    Client has finished evaluating ... 
\o 
\o 
\o *Info*    Run complete for Point ID (46 16) on testbench [ Montecarlo
\o           ].
\o 
\o 
\o 
\o 
\o 
\o *Info*    Client has finished evaluating ... 
\o 
\o 
\o *Info*    Run complete for Point ID (46 17) on testbench [ Montecarlo
\o           ].
\o 
\o 
\o 
\o 
\o 
\o *Info*    Client has finished evaluating ... 
\o 
\o 
\o *Info*    Run complete for Point ID (46 18) on testbench [ Montecarlo
\o           ].
\o 
\o 
\o 
\o 
\o 
\# Memory report: using       1,261 MB, process size 3,050 MB at UTC 2024.03.26 14:41:28.300
\o *Info*    Client has finished evaluating ... 
\o 
\o 
\o *Info*    Run complete for Point ID (46 19) on testbench [ Montecarlo
\o           ].
\o 
\o 
\o 
\o 
\o 
\o *Info*    Client has finished evaluating ... 
\o 
\o 
\o *Info*    Run complete for Point ID (46 20) on testbench [ Montecarlo
\o           ].
\o 
\o 
\o 
\o 
\o 
\o *Info*    Client has finished evaluating ... 
\o 
\o 
\o *Info*    Run complete for Point ID (46 21) on testbench [ Montecarlo
\o           ].
\o 
\o 
\o 
\o 
\o 
\o *Info*    Client has finished evaluating ... 
\o 
\o 
\o *Info*    Run complete for Point ID (46 22) on testbench [ Montecarlo
\o           ].
\o 
\o 
\o 
\o 
\o 
\o *Info*    Client has finished evaluating ... 
\o 
\o 
\o *Info*    Run complete for Point ID (46 23) on testbench [ Montecarlo
\o           ].
\o 
\o 
\o 
\o 
\o 
\# Memory report: Maximum memory size now 14,649 MB at UTC 2024.03.26 14:41:32.446
\o *Info*    Client has finished evaluating ... 
\o 
\o 
\o *Info*    Run complete for Point ID (46 24) on testbench [ Montecarlo
\o           ].
\o 
\o 
\o 
\o 
\o 
\o *Info*    Client has finished evaluating ... 
\o 
\o 
\o *Info*    Run complete for Point ID (46 25) on testbench [ Montecarlo
\o           ].
\o 
\o 
\o 
\o 
\o 
\# Memory report: using       1,366 MB, process size 3,155 MB at UTC 2024.03.26 14:41:34.195
\o *Info*    Client has finished evaluating ... 
\o 
\o 
\o *Info*    Run complete for Point ID (46 26) on testbench [ Montecarlo
\o           ].
\o 
\o 
\o 
\o 
\o 
\o *Info*    Client has finished evaluating ... 
\o 
\o 
\o *Info*    Run complete for Point ID (46 27) on testbench [ Montecarlo
\o           ].
\o 
\o 
\o 
\o 
\o 
\o *Info*    Client has finished evaluating ... 
\o 
\o 
\o *Info*    Run complete for Point ID (46 28) on testbench [ Montecarlo
\o           ].
\o 
\o 
\o 
\o 
\o 
\o *Info*    Client has finished evaluating ... 
\o 
\o 
\o *Info*    Run complete for Point ID (46 29) on testbench [ Montecarlo
\o           ].
\o 
\o 
\o 
\o 
\o 
\o *Info*    Client has finished evaluating ... 
\o 
\o 
\o *Info*    Run complete for Point ID (46 30) on testbench [ Montecarlo
\o           ].
\o 
\o 
\o 
\o 
\o 
\o *Info*    Client has finished evaluating ... 
\o 
\o 
\o *Info*    Run complete for Point ID (46 31) on testbench [ Montecarlo
\o           ].
\o 
\o 
\o 
\o 
\o 
\o *Info*    Client has finished evaluating ... 
\o 
\o 
\o *Info*    Run complete for Point ID (46 32) on testbench [ Montecarlo
\o           ].
\o 
\o 
\o 
\o 
\o 
\o *Info*    Client has finished evaluating ... 
\o 
\o 
\o *Info*    Run complete for Point ID (46 33) on testbench [ Montecarlo
\o           ].
\o 
\o 
\o 
\o 
\o 
\# Memory report: using       1,485 MB, process size 3,274 MB at UTC 2024.03.26 14:41:41.676
\o *Info*    Client has finished evaluating ... 
\o 
\o 
\o *Info*    Run complete for Point ID (46 34) on testbench [ Montecarlo
\o           ].
\o 
\o 
\o 
\o 
\o 
\# Available memory:         12,196 MB at UTC 2024.03.26 14:41:42.420
\# Memory report: Maximum memory size now 13,696 MB at UTC 2024.03.26 14:41:42.420
\o *Info*    Client has finished evaluating ... 
\o 
\o 
\o *Info*    Run complete for Point ID (46 35) on testbench [ Montecarlo
\o           ].
\o 
\o 
\o 
\o 
\o 
\o *Info*    Client has finished evaluating ... 
\o 
\o 
\o *Info*    Run complete for Point ID (46 36) on testbench [ Montecarlo
\o           ].
\o 
\o 
\o 
\o 
\o 
\o *Info*    Client has finished evaluating ... 
\o 
\o 
\o *Info*    Run complete for Point ID (46 37) on testbench [ Montecarlo
\o           ].
\o 
\o 
\o 
\o 
\o 
\o *Info*    Client has finished evaluating ... 
\o 
\o 
\o *Info*    Run complete for Point ID (46 38) on testbench [ Montecarlo
\o           ].
\o 
\o 
\o 
\o 
\o 
\o *Info*    Client has finished evaluating ... 
\o 
\o 
\o *Info*    Run complete for Point ID (46 39) on testbench [ Montecarlo
\o           ].
\o 
\o 
\o 
\o 
\o 
\o *Info*    Client has finished evaluating ... 
\o 
\o 
\o *Info*    Run complete for Point ID (46 40) on testbench [ Montecarlo
\o           ].
\o 
\o 
\o 
\o 
\o 
\# Memory report: using       1,589 MB, process size 3,378 MB at UTC 2024.03.26 14:41:47.601
\o *Info*    Client has finished evaluating ... 
\o 
\o 
\o *Info*    Run complete for Point ID (46 41) on testbench [ Montecarlo
\o           ].
\o 
\o 
\o 
\o 
\o 
\o *Info*    Client has finished evaluating ... 
\o 
\o 
\o *Info*    Run complete for Point ID (46 42) on testbench [ Montecarlo
\o           ].
\o 
\o 
\o 
\o 
\o 
\o *Info*    Client has finished evaluating ... 
\o 
\o 
\o *Info*    Run complete for Point ID (46 43) on testbench [ Montecarlo
\o           ].
\o 
\o 
\o 
\o 
\o 
\o *Info*    Client has finished evaluating ... 
\o 
\o 
\o *Info*    Run complete for Point ID (46 44) on testbench [ Montecarlo
\o           ].
\o 
\o 
\o 
\o 
\o 
\o INFO (ADE-3071): Simulation completed successfully.
\o reading simulation data...
\o       ...successful.
\o *Info*    Client has finished evaluating ... 
\o 
\o 
\o *Info*    Run complete for Point ID (46 45) on testbench [ Montecarlo
\o           ].
\o 
\o 
\o 
\o 
\o 
\o *Info*    Client has finished evaluating ... 
\o 
\o 
\o *Info*    Run complete for Point ID (46 46) on testbench [ Montecarlo
\o           ].
\o 
\o 
\o 
\o 
\o 
\# Memory report: Maximum memory size now 13,106 MB at UTC 2024.03.26 14:41:52.565
\o *Info*    Client has finished evaluating ... 
\o 
\o 
\o *Info*    Run complete for Point ID (46 47) on testbench [ Montecarlo
\o           ].
\o 
\o 
\o 
\o 
\o 
\# Memory report: using       1,697 MB, process size 3,486 MB at UTC 2024.03.26 14:41:53.230
\o *Info*    Client has finished evaluating ... 
\o 
\o 
\o *Info*    Run complete for Point ID (46 48) on testbench [ Montecarlo
\o           ].
\o 
\o 
\o 
\o 
\o 
\o *Info*    Client has finished evaluating ... 
\o 
\o 
\o *Info*    Run complete for Point ID (46 49) on testbench [ Montecarlo
\o           ].
\o 
\o 
\o 
\o 
\o 
\o *Info*    Client has finished evaluating ... 
\o 
\o 
\o *Info*    Run complete for Point ID (46 50) on testbench [ Montecarlo
\o           ].
\o 
\o 
\o 
\o 
\o 
\o *Info*    Monte Carlo Simulation completed successfully...
\# Available memory:         11,072 MB at UTC 2024.03.26 14:44:02.363
\# Memory report: Maximum memory size now 12,798 MB at UTC 2024.03.26 14:44:02.364
\o Job 138 timed out after no activity in 300 seconds.
\o Simulation design variables differ from those on the cellView,
\o they have been saved in the file "/tmp/saved-design-variables".
\o To save future changes, copy variables to cellView before exiting.
\o 
\o *Info*    Received signal SIGTERM.
\o 
\o 
