\# Program start time:     UTC 2024.03.26 13:59:09.992
\# Local time: EDT (UTC-04:00) 2024.03.26 09:59:09.992
\o Program:		@(#)$CDS: virtuoso version 6.1.8-64b 10/11/2023 09:56 (cpgbld01) $
\o Hierarchy:		/home/saul/cadence/installs/IC618/tools.lnx86/dfII/
\o Sub version:		sub-version  IC6.1.8-64b.500.34  (64-bit addresses)
\# Command line:	/pkg/cadence/installs/IC618/tools.lnx86/dfII/bin/64bit/virtuoso -noautostart -mpssession virtuoso24529 -mpshost phoenix -davinciService DaVinciService_24529_1711437775 -log /home/saul/projects/ASKA/logs_saul/logs0/Job124.log -licenseLockFileName /home/saul/projects/ASKA/.tmp_saul/.phoenix_24529 -interactiveA -interactiveE -interactiveRTT -nostdin -nographE -axlChildIdFlag 124
\# Host name (type):	phoenix (x86_64)
\# Operating system:	Linux 3.10.0-1160.105.1.el7.x86_64 #1 SMP Thu Dec 7 15:39:45 UTC 2023
\# Linux /etc/issue:	\S
\# Linux /etc/issue:	Kernel \r on an \m
\# X display name (WxH):	:6260 (1024x868)
\# Available geometry:			TL(0:0) BR(1023:867)
\# X server:			The X.Org Foundation
\# Depth of Visual (Root):	24 (24)
\# Number of Planes Used:	24
\# X version:		11.0 (vendor release 12004000)
\# X resource pool:	base 0x400000, mask 0x1fffff (2097151), shift 0
\# 			current id 0x0, current max 0x1ffffa (2097146)
\# Max data seg size:	     unlimited
\# Max process size:	     unlimited
\# Initial sbrk value:	        620 MB
\# Available memory:	     18,183 MB
\# System memory:	     23,948 MB
\# Maximum memory size:	     23,539 MB
\# Max mem available:	     18,393 MB
\# Initial memory used:	        210 MB
\#        process size:	      1,813 MB
\# Thread usage limits (effective/default):	maxthreads 4096/4096 maxload 6.00/6.00
\# Qt version:		5.9.1
\# Window Manager:	other
\# User Name:		saul
\o Working Directory:	phoenix:/home/saul/projects/ASKA
\# Process Id:		6386
\o 
\o COPYRIGHT (C) 1992-2023  CADENCE DESIGN SYSTEMS INC.  ALL RIGHTS RESERVED.
\o           (C) 1992-2023  UNIX SYSTEMS Laboratories INC.,
\o                          Reproduced with permission.
\o 
\o This Cadence Design Systems program and online documentation are
\o proprietary/confidential information and may be disclosed/used only
\o as authorized in a license agreement controlling such use and disclosure.
\o 
\o           RESTRICTED RIGHTS NOTICE (SHORT FORM)
\o Use/reproduction/disclosure is subject to restriction
\o set forth at FAR 1252.227-19 or its equivalent.
\o Loading geView.cxt 
\o Loading menuBuilder.cxt 
\o Loading schView.cxt 
\o Loading selectSv.cxt 
\o Loading pvsui.cxt
\o Loading wireEdit.cxt 
\o Loading pte2.cxt 
\o Loading xlUI.cxt 
\o Loading auCore.cxt 
\o Loading vhdl.cxt 
\o Loading seismic.cxt 
\o Loading ci.cxt 
\o Loading ams.cxt 
\o Loading oasis.cxt 
\o Loading analog.cxt 
\o Loading asimenv.cxt 
\o Loading dal.cxt 
\o Loading awv.cxt 
\o Loading socket.cxt 
\o Loading par.cxt 
\o Loading alvs.cxt 
\o Loading caa.cxt 
\o Loading amps.cxt 
\o Loading adexlCore.cxt 
\# Memory report: using         322 MB, process size 2,010 MB at UTC 2024.03.26 13:59:11.076
\o Loading adexl.cxt 
\o *Info*    Exporting services from client ... 
\o 
\o Loading adexlDM.cxt 
\o Loading cpf.cxt 
\o Loading cli.cxt 
\o Loading lp.cxt 
\o INFO (ELI-00302) Connecting to parent process (session=virtuoso24529, host=phoenix). Connection mode is ICRP. Total timeout is 180 seconds. Connection timeout is 90 seconds.
\o INFO (ELI-00303) Step 1: Connecting to parent. Time spent is 0 seconds.
\o INFO (ELI-00304) The registration of the child 6386 within 90 seconds is being processed...
\o INFO (ELI-00305) The result of registration is true. Time spent is 0 seconds.
\o INFO (ELI-00308) The connection has ended. Result is true. Total time spent is 0 seconds.
\# [09:59:09.512513] Configured Lic search path (22.01-s002): 3000@lic08.ug.kth.se
\o Loading .cdsinit for the XH018 X-Fab XKit.
\o     LOAD xh018_1143 SPECIFIC CALL-BACK ROUTINES
\o     LOAD ALL AVAILABLE P-CELL FUNCTIONS
\o ** Info: PDK loadpath is "/home/saul/pkg/xfab/XKIT/xh018/cadence/v9_0/PDK/IC61/v9_0_4"
\o Loading XfSktTools.cxt
\o Loading XfMenu.cxt
\o Loading XfTechXh018.cxt
\o Loading XfPcellCore.cxt
\o function ansiSpicePrintProperties_subcircuit redefined
\o Loading XfSkillExt.cxt
\o Initializing library.
\o Finished Initializing Library .
\o     Generic PcellKit: 'production' loaded.
\o     Generic Pcell Skill Tools: 'production' loaded.
\o Loading Circuit Prospector Setup (XfCircuitProspSetup.il)
\o     LOAD THE ENVIRONMENT FILE
\o  --> Setting the required PDK definitions...
\o     GDSII LAYER MAPPING FILE = "./.xkit/setup/xh018/cadence/PDK/TECH_XH018_1143/strmInOut.layertable"
\o     GDSII OBJECT MAPPING FILE = "./.xkit/setup/xh018/cadence/PDK/TECH_XH018_1143/strmOutObjects.map"
\o Use model setup from PDK...
\o Loading spectrei.cxt 
\o Loading devCheck.cxt 
\o Loading relXpert.cxt 
\o Loading vdsil.cxt 
\o Loading hspiceD.cxt 
\o Loading spectreinl.cxt 
\o Loading UltraSim.cxt 
\o Loading msgHandler.cxt 
\o Loading AMSOSS.cxt 
\o Loading AMS.cxt 
\o  --> Finished setting the required PDK definitions
\o  --> Setting the recommended EDA tool defaults...
\o  --> Finished setting the recommended EDA tool defaults
\o     LOAD DEFAULT BINDKEYS
\o Loading viva.cxt 
\o  --> AssuraTools Setup not available
\o *Info*    Client has finished starting ... 
\o 
\p > 
\# Loading perfDiag...
\# (PerfDiag): Set GDB path to environment variable 'gdbPath' (gdb).
\# Memory report: using         465 MB, process size 2,200 MB at UTC 2024.03.26 13:59:13.087
\# Performance Diagnostic tool is installed. You can access PerfDiag from CIW Tools or use the shell command 'cdsPerfDiag -p 6386' to open it when Virtuoso freezes.
\# (PerfDiag): Loading backtrace from /pkg/cadence/installs/IC618/tools/lib/64bit/cdnslibunwind.so
\o Loading vqp.cxt 
\o Loading hdlPkg.cxt 
\o 
\o 
\o *Info*    Configuring the session ...
\o 
\o Loading simui.cxt 
\o 	Library      = BANDGAP
\o 	Cell         = bandgap_tb
\o 	View         = config
\o 	Simulator    = spectre
\o 	State Path   = $AXL_SETUPDB_DIR/test_states
\o 	State Name   = BANDGAP:bandgap_tb:1_none_Interactive.34
\o 	Results DB   = /home/saul/projects/ASKA/BANDGAP/bandgap_tb/adexl/results/data/Interactive.34.rdb
\o 	Results Dir  = /home/saul/projects/ASKA/Sim/BANDGAP/bandgap_tb/adexl/results/data/Interactive.34/3/BANDGAP:bandgap_tb:1
\o 	Results Loc  = /home/saul/projects/ASKA/Sim/BANDGAP/bandgap_tb/adexl/results/data
\o 	Project Dir  = /home/saul/projects/ASKA/Sim
\o 	Setup DB loc = /home/saul/projects/ASKA/BANDGAP/bandgap_tb/adexl
\o 	File Encoding = 0
\o 
\o 
\o WARNING (ADE-7017): The Spectre run mode needs to be 'batch' when EM/IR analysis is enabled. Automatically setting the run mode to 'batch'.
\o 
\o *Info*    The auto suspension is disabled.
\o 
\o     LOAD GENERIC "X-KIT" SKILL CONTEXT "./.xkit/setup/x_all/cadence/xenv/skill/context6/xkit.cxt" 
\o  - Menu "XKit Utilities" installed to CIW.
\o     LOAD ".cdsinit_personal" FILE FROM THE WORKING DIRECTORY.
\o     INFO: To customize this setup, please use the following environment variables:
\o           CUSTOM_SCRIPT_PATH - should point to the master shell or perl script
\o                              e.g.:
\o                              setenv CUSTOM_SCRIPT_PATH /path/to/my/script/LoadMyScripts.csh
\o           CUSTOM_SKILL_PATH - should point to your master skill load file
\o                              e.g.:
\o                              setenv CUSTOM_SKILL_PATH /path/to/my/skill/LoadMySkills.il
\o  loading default key binding 
\o  -> END LOAD ".cdsinit" FILE
\o Loading monte.cxt 
\o 
\o 
\o 
\o 
\o 
\o *Info*    Run start for Point ID (34 5) on testbench [
\o           BANDGAP:bandgap_tb:1 ].
\o 
\o Resetting statistical vars
\o 
\o *Info*    Setting parameter values ...
\o 
\o Setting var IBIAS = "0"
\o Setting var IBIAS_PULSE = "1u"
\o Setting var IPULSE = "0"
\o Setting var VDD3 = "0"
\o Setting var VDD_PULSE = "3.3"
\o Setting var temperature = "85"
\o Setting temp(T) = 85
\o 
\o *Info*    Netlist Directory =
\o           /home/saul/projects/ASKA/Sim/BANDGAP/bandgap_tb/adexl/results/data/Interactive.34/5/BANDGAP:bandgap_tb:1/netlist
\o 
\o 
\o *Info*    Data Directory    =
\o           /home/saul/projects/ASKA/Sim/BANDGAP/bandgap_tb/adexl/results/data/Interactive.34/5/BANDGAP:bandgap_tb:1
\o 
\o 
\o *Info*    Creating Netlist for Point ID (34 5)
\o 
\o generate netlist...
\o Loading hnlInit.cxt 
\o Loading seCore.cxt 
\o function ansCdlCompPrim redefined
\o function ansCdlCompPrim redefined
\# [09:59:14.002177] Periodic Lic check successful
\# [09:59:14.002179] Feature usage summary:
\o Begin Incremental Netlisting Mar 26 09:59:14 2024
\o End netlisting Mar 26 09:59:14 2024
\o 
\o 	The netlist is up to date.
\o 	Time taken to compare the design with netlist:   1.0s
\o       ...successful.
\o compose simulator input file...
\o       ...successful.
\# Memory report: using         592 MB, process size 2,331 MB at UTC 2024.03.26 13:59:14.098
\o 
\o *Info*    Running simulation on testbench [ BANDGAP:bandgap_tb:1 ]
\o           for Point ID (34 5).
\o 
\o Delete psf data in /home/saul/projects/ASKA/Sim/BANDGAP/bandgap_tb/adexl/results/data/Interactive.34/5/BANDGAP:bandgap_tb:1/psf.
\o compose simulator input file...
\o       ...successful.
\o start simulator if needed...
\o       ...successful.
\o simulate...
\o To view the simulator output, right-click on the test name, result 
\o name, or any value in the "Results" tab of the Outputs section and 
\o choose "Output Log" menu option.
\o Loading paraplot.cxt 
\o INFO (ADE-3071): Simulation completed successfully.
\o reading simulation data...
\o       ...successful.
\o *Info*    Client has finished evaluating ... 
\o 
\o 
\o *Info*    Run complete for Point ID (34 5) on testbench [
\o           BANDGAP:bandgap_tb:1 ].
\o 
\o 
\o 
\o 
\o 
\o 
\o 
\o 
\o 
\o 
\o *Info*    Run start for Point ID (34 10) on testbench [
\o           BANDGAP:bandgap_tb:1 ].
\o 
\o Resetting statistical vars
\o 
\o *Info*    Setting parameter values ...
\o 
\o Setting var temperature = "-40"
\o Setting temp(T) = -40
\o 
\o *Info*    Netlist Directory =
\o           /home/saul/projects/ASKA/Sim/BANDGAP/bandgap_tb/adexl/results/data/Interactive.34/10/BANDGAP:bandgap_tb:1/netlist
\o 
\o 
\o *Info*    Data Directory    =
\o           /home/saul/projects/ASKA/Sim/BANDGAP/bandgap_tb/adexl/results/data/Interactive.34/10/BANDGAP:bandgap_tb:1
\o 
\o 
\o *Info*    Creating Netlist for Point ID (34 10)
\o 
\o generate netlist...
\o function ansCdlCompPrim redefined
\o function ansCdlCompPrim redefined
\o Begin Incremental Netlisting Mar 26 09:59:15 2024
\o End netlisting Mar 26 09:59:15 2024
\o 
\o 	The netlist is up to date.
\o 	Time taken to compare the design with netlist:   0.0s
\o       ...successful.
\o compose simulator input file...
\o       ...successful.
\o 
\o *Info*    Running simulation on testbench [ BANDGAP:bandgap_tb:1 ]
\o           for Point ID (34 10).
\o 
\o Delete psf data in /home/saul/projects/ASKA/Sim/BANDGAP/bandgap_tb/adexl/results/data/Interactive.34/10/BANDGAP:bandgap_tb:1/psf.
\o compose simulator input file...
\o       ...successful.
\o start simulator if needed...
\o       ...successful.
\o simulate...
\o To view the simulator output, right-click on the test name, result 
\o name, or any value in the "Results" tab of the Outputs section and 
\o choose "Output Log" menu option.
\o INFO (ADE-3071): Simulation completed successfully.
\o reading simulation data...
\o       ...successful.
\o *Info*    Client has finished evaluating ... 
\o 
\o 
\o *Info*    Run complete for Point ID (34 10) on testbench [
\o           BANDGAP:bandgap_tb:1 ].
\o 
\o 
\o 
\o 
\o 
\o 
\o 
\o 
\o 
\o 
\o *Info*    Run start for Point ID (34 16) on testbench [
\o           BANDGAP:bandgap_tb:1 ].
\o 
\o Resetting statistical vars
\o 
\o *Info*    Setting parameter values ...
\o 
\o 
\o *Info*    Netlist Directory =
\o           /home/saul/projects/ASKA/Sim/BANDGAP/bandgap_tb/adexl/results/data/Interactive.34/16/BANDGAP:bandgap_tb:1/netlist
\o 
\o 
\o *Info*    Data Directory    =
\o           /home/saul/projects/ASKA/Sim/BANDGAP/bandgap_tb/adexl/results/data/Interactive.34/16/BANDGAP:bandgap_tb:1
\o 
\o 
\o *Info*    Creating Netlist for Point ID (34 16)
\o 
\o generate netlist...
\o function ansCdlCompPrim redefined
\o function ansCdlCompPrim redefined
\o Begin Incremental Netlisting Mar 26 09:59:16 2024
\o End netlisting Mar 26 09:59:16 2024
\o 
\o 	The netlist is up to date.
\o 	Time taken to compare the design with netlist:   1.0s
\o       ...successful.
\o compose simulator input file...
\o       ...successful.
\o 
\o *Info*    Running simulation on testbench [ BANDGAP:bandgap_tb:1 ]
\o           for Point ID (34 16).
\o 
\o Delete psf data in /home/saul/projects/ASKA/Sim/BANDGAP/bandgap_tb/adexl/results/data/Interactive.34/16/BANDGAP:bandgap_tb:1/psf.
\o compose simulator input file...
\o       ...successful.
\o start simulator if needed...
\o       ...successful.
\o simulate...
\o To view the simulator output, right-click on the test name, result 
\o name, or any value in the "Results" tab of the Outputs section and 
\o choose "Output Log" menu option.
\o INFO (ADE-3071): Simulation completed successfully.
\o reading simulation data...
\o       ...successful.
\o *Info*    Client has finished evaluating ... 
\o 
\o 
\o *Info*    Run complete for Point ID (34 16) on testbench [
\o           BANDGAP:bandgap_tb:1 ].
\o 
\o 
\o 
\o 
\o 
\o 
\o 
\o 
\o 
\o 
\o *Info*    Run start for Point ID (34 23) on testbench [
\o           BANDGAP:bandgap_tb:1 ].
\o 
\o Resetting statistical vars
\o 
\o *Info*    Setting parameter values ...
\o 
\o Setting var temperature = "85"
\o Setting temp(T) = 85
\o 
\o *Info*    Netlist Directory =
\o           /home/saul/projects/ASKA/Sim/BANDGAP/bandgap_tb/adexl/results/data/Interactive.34/23/BANDGAP:bandgap_tb:1/netlist
\o 
\o 
\o *Info*    Data Directory    =
\o           /home/saul/projects/ASKA/Sim/BANDGAP/bandgap_tb/adexl/results/data/Interactive.34/23/BANDGAP:bandgap_tb:1
\o 
\o 
\o *Info*    Creating Netlist for Point ID (34 23)
\o 
\o generate netlist...
\o function ansCdlCompPrim redefined
\o function ansCdlCompPrim redefined
\o Begin Incremental Netlisting Mar 26 09:59:18 2024
\o End netlisting Mar 26 09:59:18 2024
\o 
\o 	The netlist is up to date.
\o 	Time taken to compare the design with netlist:   0.0s
\o       ...successful.
\o compose simulator input file...
\o       ...successful.
\o 
\o *Info*    Running simulation on testbench [ BANDGAP:bandgap_tb:1 ]
\o           for Point ID (34 23).
\o 
\o Delete psf data in /home/saul/projects/ASKA/Sim/BANDGAP/bandgap_tb/adexl/results/data/Interactive.34/23/BANDGAP:bandgap_tb:1/psf.
\o compose simulator input file...
\o       ...successful.
\o start simulator if needed...
\o       ...successful.
\o simulate...
\o To view the simulator output, right-click on the test name, result 
\o name, or any value in the "Results" tab of the Outputs section and 
\o choose "Output Log" menu option.
\o INFO (ADE-3071): Simulation completed successfully.
\o reading simulation data...
\o       ...successful.
\o *Info*    Client has finished evaluating ... 
\o 
\# Available memory:         16,150 MB at UTC 2024.03.26 13:59:20.138
\# Memory report: Maximum memory size now 16,820 MB at UTC 2024.03.26 13:59:20.138
\# Thread usage report: 12 active threads, active load 1.40 at UTC 2024.03.26 13:59:20.138
\o 
\o *Info*    Run complete for Point ID (34 23) on testbench [
\o           BANDGAP:bandgap_tb:1 ].
\o 
\o 
\o 
\o 
\o 
\o 
\o 
\o 
\o 
\o 
\o *Info*    Run start for Point ID (34 29) on testbench [
\o           BANDGAP:bandgap_tb:1 ].
\o 
\o Resetting statistical vars
\o 
\o *Info*    Setting parameter values ...
\o 
\o 
\o *Info*    Netlist Directory =
\o           /home/saul/projects/ASKA/Sim/BANDGAP/bandgap_tb/adexl/results/data/Interactive.34/29/BANDGAP:bandgap_tb:1/netlist
\o 
\o 
\o *Info*    Data Directory    =
\o           /home/saul/projects/ASKA/Sim/BANDGAP/bandgap_tb/adexl/results/data/Interactive.34/29/BANDGAP:bandgap_tb:1
\o 
\o 
\o *Info*    Creating Netlist for Point ID (34 29)
\o 
\o generate netlist...
\o function ansCdlCompPrim redefined
\o function ansCdlCompPrim redefined
\o Begin Incremental Netlisting Mar 26 09:59:20 2024
\o End netlisting Mar 26 09:59:20 2024
\o 
\o 	The netlist is up to date.
\o 	Time taken to compare the design with netlist:   0.0s
\o       ...successful.
\o compose simulator input file...
\o       ...successful.
\o 
\o *Info*    Running simulation on testbench [ BANDGAP:bandgap_tb:1 ]
\o           for Point ID (34 29).
\o 
\o Delete psf data in /home/saul/projects/ASKA/Sim/BANDGAP/bandgap_tb/adexl/results/data/Interactive.34/29/BANDGAP:bandgap_tb:1/psf.
\o compose simulator input file...
\o       ...successful.
\o start simulator if needed...
\o       ...successful.
\o simulate...
\o To view the simulator output, right-click on the test name, result 
\o name, or any value in the "Results" tab of the Outputs section and 
\o choose "Output Log" menu option.
\o INFO (ADE-3071): Simulation completed successfully.
\o reading simulation data...
\o       ...successful.
\o *Info*    Client has finished evaluating ... 
\o 
\o 
\o *Info*    Run complete for Point ID (34 29) on testbench [
\o           BANDGAP:bandgap_tb:1 ].
\o 
\o 
\o 
\o 
\o 
\o 
\o 
\o 
\o 
\o 
\o *Info*    Run start for Point ID (34 35) on testbench [
\o           BANDGAP:bandgap_tb:1 ].
\o 
\o Resetting statistical vars
\o 
\o *Info*    Setting parameter values ...
\o 
\o 
\o *Info*    Netlist Directory =
\o           /home/saul/projects/ASKA/Sim/BANDGAP/bandgap_tb/adexl/results/data/Interactive.34/35/BANDGAP:bandgap_tb:1/netlist
\o 
\o 
\o *Info*    Data Directory    =
\o           /home/saul/projects/ASKA/Sim/BANDGAP/bandgap_tb/adexl/results/data/Interactive.34/35/BANDGAP:bandgap_tb:1
\o 
\o 
\o *Info*    Creating Netlist for Point ID (34 35)
\o 
\o generate netlist...
\o function ansCdlCompPrim redefined
\o function ansCdlCompPrim redefined
\o Begin Incremental Netlisting Mar 26 09:59:21 2024
\o End netlisting Mar 26 09:59:21 2024
\o 
\o 	The netlist is up to date.
\o 	Time taken to compare the design with netlist:   0.0s
\o       ...successful.
\o compose simulator input file...
\o       ...successful.
\o 
\o *Info*    Running simulation on testbench [ BANDGAP:bandgap_tb:1 ]
\o           for Point ID (34 35).
\o 
\o Delete psf data in /home/saul/projects/ASKA/Sim/BANDGAP/bandgap_tb/adexl/results/data/Interactive.34/35/BANDGAP:bandgap_tb:1/psf.
\o compose simulator input file...
\o       ...successful.
\o start simulator if needed...
\o       ...successful.
\o simulate...
\o To view the simulator output, right-click on the test name, result 
\o name, or any value in the "Results" tab of the Outputs section and 
\o choose "Output Log" menu option.
\o INFO (ADE-3071): Simulation completed successfully.
\o reading simulation data...
\o       ...successful.
\o *Info*    Client has finished evaluating ... 
\o 
\o 
\o *Info*    Run complete for Point ID (34 35) on testbench [
\o           BANDGAP:bandgap_tb:1 ].
\o 
\o 
\o 
\o 
\o 
\o 
\o 
\o 
\o 
\o 
\o *Info*    Run start for Point ID (34 41) on testbench [
\o           BANDGAP:bandgap_tb:1 ].
\o 
\o Resetting statistical vars
\o 
\o *Info*    Setting parameter values ...
\o 
\o 
\o *Info*    Netlist Directory =
\o           /home/saul/projects/ASKA/Sim/BANDGAP/bandgap_tb/adexl/results/data/Interactive.34/41/BANDGAP:bandgap_tb:1/netlist
\o 
\o 
\o *Info*    Data Directory    =
\o           /home/saul/projects/ASKA/Sim/BANDGAP/bandgap_tb/adexl/results/data/Interactive.34/41/BANDGAP:bandgap_tb:1
\o 
\o 
\o *Info*    Creating Netlist for Point ID (34 41)
\o 
\o generate netlist...
\o function ansCdlCompPrim redefined
\o function ansCdlCompPrim redefined
\o Begin Incremental Netlisting Mar 26 09:59:23 2024
\o End netlisting Mar 26 09:59:23 2024
\o 
\o 	The netlist is up to date.
\o 	Time taken to compare the design with netlist:   0.0s
\o       ...successful.
\o compose simulator input file...
\o       ...successful.
\o 
\o *Info*    Running simulation on testbench [ BANDGAP:bandgap_tb:1 ]
\o           for Point ID (34 41).
\o 
\o Delete psf data in /home/saul/projects/ASKA/Sim/BANDGAP/bandgap_tb/adexl/results/data/Interactive.34/41/BANDGAP:bandgap_tb:1/psf.
\o compose simulator input file...
\o       ...successful.
\o start simulator if needed...
\o       ...successful.
\o simulate...
\o To view the simulator output, right-click on the test name, result 
\o name, or any value in the "Results" tab of the Outputs section and 
\o choose "Output Log" menu option.
\# Memory report: using         696 MB, process size 2,485 MB at UTC 2024.03.26 13:59:24.649
\o INFO (ADE-3071): Simulation completed successfully.
\o reading simulation data...
\o       ...successful.
\o *Info*    Client has finished evaluating ... 
\o 
\o 
\o *Info*    Run complete for Point ID (34 41) on testbench [
\o           BANDGAP:bandgap_tb:1 ].
\o 
\o 
\o 
\o 
\o 
\o 
\o 
\o 
\o 
\o 
\o *Info*    Run start for Point ID (34 45) on testbench [
\o           BANDGAP:bandgap_tb:1 ].
\o 
\o Resetting statistical vars
\o 
\o *Info*    Setting parameter values ...
\o 
\o 
\o *Info*    Netlist Directory =
\o           /home/saul/projects/ASKA/Sim/BANDGAP/bandgap_tb/adexl/results/data/Interactive.34/45/BANDGAP:bandgap_tb:1/netlist
\o 
\o 
\o *Info*    Data Directory    =
\o           /home/saul/projects/ASKA/Sim/BANDGAP/bandgap_tb/adexl/results/data/Interactive.34/45/BANDGAP:bandgap_tb:1
\o 
\o 
\o *Info*    Creating Netlist for Point ID (34 45)
\o 
\o generate netlist...
\o function ansCdlCompPrim redefined
\o function ansCdlCompPrim redefined
\o Begin Incremental Netlisting Mar 26 09:59:25 2024
\o End netlisting Mar 26 09:59:25 2024
\o 
\o 	The netlist is up to date.
\o 	Time taken to compare the design with netlist:   0.0s
\o       ...successful.
\o compose simulator input file...
\o       ...successful.
\o 
\o *Info*    Running simulation on testbench [ BANDGAP:bandgap_tb:1 ]
\o           for Point ID (34 45).
\o 
\o Delete psf data in /home/saul/projects/ASKA/Sim/BANDGAP/bandgap_tb/adexl/results/data/Interactive.34/45/BANDGAP:bandgap_tb:1/psf.
\o compose simulator input file...
\o       ...successful.
\o start simulator if needed...
\o       ...successful.
\o simulate...
\o To view the simulator output, right-click on the test name, result 
\o name, or any value in the "Results" tab of the Outputs section and 
\o choose "Output Log" menu option.
\o INFO (ADE-3071): Simulation completed successfully.
\o reading simulation data...
\o       ...successful.
\o *Info*    Client has finished evaluating ... 
\o 
\o 
\o *Info*    Run complete for Point ID (34 45) on testbench [
\o           BANDGAP:bandgap_tb:1 ].
\o 
\o 
\o 
\o 
\o 
\o 
\o 
\o 
\o 
\o 
\o *Info*    Run start for Point ID (34 54) on testbench [
\o           BANDGAP:bandgap_tb:1 ].
\o 
\o Resetting statistical vars
\o 
\o *Info*    Setting parameter values ...
\o 
\o Setting var temperature = "-40"
\o Setting temp(T) = -40
\o 
\o *Info*    Netlist Directory =
\o           /home/saul/projects/ASKA/Sim/BANDGAP/bandgap_tb/adexl/results/data/Interactive.34/54/BANDGAP:bandgap_tb:1/netlist
\o 
\o 
\o *Info*    Data Directory    =
\o           /home/saul/projects/ASKA/Sim/BANDGAP/bandgap_tb/adexl/results/data/Interactive.34/54/BANDGAP:bandgap_tb:1
\o 
\o 
\o *Info*    Creating Netlist for Point ID (34 54)
\o 
\o generate netlist...
\o function ansCdlCompPrim redefined
\o function ansCdlCompPrim redefined
\o Begin Incremental Netlisting Mar 26 09:59:27 2024
\o End netlisting Mar 26 09:59:27 2024
\o 
\o 	The netlist is up to date.
\o 	Time taken to compare the design with netlist:   0.0s
\o       ...successful.
\o compose simulator input file...
\o       ...successful.
\o 
\o *Info*    Running simulation on testbench [ BANDGAP:bandgap_tb:1 ]
\o           for Point ID (34 54).
\o 
\o Delete psf data in /home/saul/projects/ASKA/Sim/BANDGAP/bandgap_tb/adexl/results/data/Interactive.34/54/BANDGAP:bandgap_tb:1/psf.
\o compose simulator input file...
\o       ...successful.
\o start simulator if needed...
\o       ...successful.
\o simulate...
\o To view the simulator output, right-click on the test name, result 
\o name, or any value in the "Results" tab of the Outputs section and 
\o choose "Output Log" menu option.
\o INFO (ADE-3071): Simulation completed successfully.
\o reading simulation data...
\o       ...successful.
\o *Info*    Client has finished evaluating ... 
\o 
\o 
\o *Info*    Run complete for Point ID (34 54) on testbench [
\o           BANDGAP:bandgap_tb:1 ].
\o 
\o 
\o 
\o 
\o 
\o 
\o 
\o 
\o 
\o 
\o *Info*    Run start for Point ID (34 60) on testbench [
\o           BANDGAP:bandgap_tb:1 ].
\o 
\o Resetting statistical vars
\o 
\o *Info*    Setting parameter values ...
\o 
\o 
\o *Info*    Netlist Directory =
\o           /home/saul/projects/ASKA/Sim/BANDGAP/bandgap_tb/adexl/results/data/Interactive.34/60/BANDGAP:bandgap_tb:1/netlist
\o 
\o 
\o *Info*    Data Directory    =
\o           /home/saul/projects/ASKA/Sim/BANDGAP/bandgap_tb/adexl/results/data/Interactive.34/60/BANDGAP:bandgap_tb:1
\o 
\o 
\o *Info*    Creating Netlist for Point ID (34 60)
\o 
\o generate netlist...
\o function ansCdlCompPrim redefined
\o function ansCdlCompPrim redefined
\o Begin Incremental Netlisting Mar 26 09:59:29 2024
\o End netlisting Mar 26 09:59:29 2024
\o 
\o 	The netlist is up to date.
\o 	Time taken to compare the design with netlist:   0.0s
\o       ...successful.
\o compose simulator input file...
\o       ...successful.
\o 
\o *Info*    Running simulation on testbench [ BANDGAP:bandgap_tb:1 ]
\o           for Point ID (34 60).
\o 
\o Delete psf data in /home/saul/projects/ASKA/Sim/BANDGAP/bandgap_tb/adexl/results/data/Interactive.34/60/BANDGAP:bandgap_tb:1/psf.
\o compose simulator input file...
\o       ...successful.
\o start simulator if needed...
\o       ...successful.
\o simulate...
\o To view the simulator output, right-click on the test name, result 
\o name, or any value in the "Results" tab of the Outputs section and 
\o choose "Output Log" menu option.
\# Memory report: Maximum memory size now 16,361 MB at UTC 2024.03.26 13:59:30.363
\o INFO (ADE-3071): Simulation completed successfully.
\o reading simulation data...
\o       ...successful.
\o *Info*    Client has finished evaluating ... 
\o 
\o 
\o *Info*    Run complete for Point ID (34 60) on testbench [
\o           BANDGAP:bandgap_tb:1 ].
\o 
\o 
\o 
\o 
\o 
\o 
\o 
\o 
\o 
\o 
\o *Info*    Run start for Point ID (34 65) on testbench [
\o           BANDGAP:bandgap_tb:1 ].
\o 
\o Resetting statistical vars
\o 
\o *Info*    Setting parameter values ...
\o 
\o Setting var temperature = "85"
\o Setting temp(T) = 85
\o 
\o *Info*    Netlist Directory =
\o           /home/saul/projects/ASKA/Sim/BANDGAP/bandgap_tb/adexl/results/data/Interactive.34/65/BANDGAP:bandgap_tb:1/netlist
\o 
\o 
\o *Info*    Data Directory    =
\o           /home/saul/projects/ASKA/Sim/BANDGAP/bandgap_tb/adexl/results/data/Interactive.34/65/BANDGAP:bandgap_tb:1
\o 
\o 
\o *Info*    Creating Netlist for Point ID (34 65)
\o 
\o generate netlist...
\o function ansCdlCompPrim redefined
\o function ansCdlCompPrim redefined
\o Begin Incremental Netlisting Mar 26 09:59:31 2024
\o End netlisting Mar 26 09:59:31 2024
\o 
\o 	The netlist is up to date.
\o 	Time taken to compare the design with netlist:   0.0s
\o       ...successful.
\o compose simulator input file...
\o       ...successful.
\o 
\o *Info*    Running simulation on testbench [ BANDGAP:bandgap_tb:1 ]
\o           for Point ID (34 65).
\o 
\o Delete psf data in /home/saul/projects/ASKA/Sim/BANDGAP/bandgap_tb/adexl/results/data/Interactive.34/65/BANDGAP:bandgap_tb:1/psf.
\o compose simulator input file...
\o       ...successful.
\o start simulator if needed...
\o       ...successful.
\o simulate...
\o To view the simulator output, right-click on the test name, result 
\o name, or any value in the "Results" tab of the Outputs section and 
\o choose "Output Log" menu option.
\o INFO (ADE-3071): Simulation completed successfully.
\o reading simulation data...
\o       ...successful.
\o *Info*    Client has finished evaluating ... 
\o 
\o 
\o *Info*    Run complete for Point ID (34 65) on testbench [
\o           BANDGAP:bandgap_tb:1 ].
\o 
\o 
\o 
\o 
\o 
\o Simulation design variables differ from those on the cellView,
\o they have been saved in the file "/tmp/saved-design-variables".
\o To save future changes, copy variables to cellView before exiting.
\o 
\o 
\o *Info*    Configuring the session ...
\o 
\o 	Library      = BANDGAP
\o 	Cell         = bandgap_tb
\o 	View         = config
\o 	Simulator    = spectre
\o 	State Path   = $AXL_SETUPDB_DIR/test_states
\o 	State Name   = BANDGAP:bandgap_tb:1_none_Interactive.35
\o 	Results DB   = /home/saul/projects/ASKA/BANDGAP/bandgap_tb/adexl/results/data/Interactive.35.rdb
\o 	Results Dir  = /home/saul/projects/ASKA/Sim/BANDGAP/bandgap_tb/adexl/results/data/Interactive.35/1/BANDGAP:bandgap_tb:1
\o 	Results Loc  = /home/saul/projects/ASKA/Sim/BANDGAP/bandgap_tb/adexl/results/data
\o 	Project Dir  = /home/saul/projects/ASKA/Sim
\o 	Setup DB loc = /home/saul/projects/ASKA/BANDGAP/bandgap_tb/adexl
\o 	File Encoding = 0
\o 
\o 
\o 
\o *Info*    The auto suspension is disabled.
\o 
\o 
\o 
\o 
\o 
\o 
\o *Info*    Run start for Point ID (35 6) on testbench [
\o           BANDGAP:bandgap_tb:1 ].
\o 
\o Resetting statistical vars
\o 
\o *Info*    Setting parameter values ...
\o 
\o Setting var IBIAS = "1u"
\o Setting var IBIAS_PULSE = "0"
\o Setting var IPULSE = "0"
\o Setting var VDD3 = "0"
\o Setting var VDD_PULSE = "3.3"
\o Setting var temperature = "-40"
\o Setting temp(T) = -40
\o 
\o *Info*    Netlist Directory =
\o           /home/saul/projects/ASKA/Sim/BANDGAP/bandgap_tb/adexl/results/data/Interactive.35/6/BANDGAP:bandgap_tb:1/netlist
\o 
\o 
\o *Info*    Data Directory    =
\o           /home/saul/projects/ASKA/Sim/BANDGAP/bandgap_tb/adexl/results/data/Interactive.35/6/BANDGAP:bandgap_tb:1
\o 
\o 
\o *Info*    Creating Netlist for Point ID (35 6)
\o 
\o generate netlist...
\o function ansCdlCompPrim redefined
\o function ansCdlCompPrim redefined
\o Begin Incremental Netlisting Mar 26 10:01:07 2024
\o End netlisting Mar 26 10:01:07 2024
\o 
\o 	The netlist is up to date.
\o 	Time taken to compare the design with netlist:   0.0s
\o       ...successful.
\o compose simulator input file...
\o       ...successful.
\o 
\o *Info*    Running simulation on testbench [ BANDGAP:bandgap_tb:1 ]
\o           for Point ID (35 6).
\o 
\o Delete psf data in /home/saul/projects/ASKA/Sim/BANDGAP/bandgap_tb/adexl/results/data/Interactive.35/6/BANDGAP:bandgap_tb:1/psf.
\o compose simulator input file...
\o       ...successful.
\o start simulator if needed...
\o       ...successful.
\o simulate...
\o To view the simulator output, right-click on the test name, result 
\o name, or any value in the "Results" tab of the Outputs section and 
\o choose "Output Log" menu option.
\o INFO (ADE-3071): Simulation completed successfully.
\o reading simulation data...
\o       ...successful.
\o *Info*    Client has finished evaluating ... 
\o 
\o 
\o *Info*    Run complete for Point ID (35 6) on testbench [
\o           BANDGAP:bandgap_tb:1 ].
\o 
\o 
\o 
\o 
\o 
\o 
\o 
\o 
\o 
\o 
\o *Info*    Run start for Point ID (35 8) on testbench [
\o           BANDGAP:bandgap_tb:1 ].
\o 
\o Resetting statistical vars
\o 
\o *Info*    Setting parameter values ...
\o 
\o 
\o *Info*    Netlist Directory =
\o           /home/saul/projects/ASKA/Sim/BANDGAP/bandgap_tb/adexl/results/data/Interactive.35/8/BANDGAP:bandgap_tb:1/netlist
\o 
\o 
\o *Info*    Data Directory    =
\o           /home/saul/projects/ASKA/Sim/BANDGAP/bandgap_tb/adexl/results/data/Interactive.35/8/BANDGAP:bandgap_tb:1
\o 
\o 
\o *Info*    Creating Netlist for Point ID (35 8)
\o 
\o generate netlist...
\o function ansCdlCompPrim redefined
\o function ansCdlCompPrim redefined
\o Begin Incremental Netlisting Mar 26 10:01:08 2024
\o End netlisting Mar 26 10:01:08 2024
\o 
\o 	The netlist is up to date.
\o 	Time taken to compare the design with netlist:   0.0s
\o       ...successful.
\o compose simulator input file...
\o       ...successful.
\o 
\o *Info*    Running simulation on testbench [ BANDGAP:bandgap_tb:1 ]
\o           for Point ID (35 8).
\o 
\o Delete psf data in /home/saul/projects/ASKA/Sim/BANDGAP/bandgap_tb/adexl/results/data/Interactive.35/8/BANDGAP:bandgap_tb:1/psf.
\o compose simulator input file...
\o       ...successful.
\o start simulator if needed...
\o       ...successful.
\o simulate...
\o To view the simulator output, right-click on the test name, result 
\o name, or any value in the "Results" tab of the Outputs section and 
\o choose "Output Log" menu option.
\o INFO (ADE-3071): Simulation completed successfully.
\o reading simulation data...
\o       ...successful.
\o *Info*    Client has finished evaluating ... 
\o 
\o 
\o *Info*    Run complete for Point ID (35 8) on testbench [
\o           BANDGAP:bandgap_tb:1 ].
\o 
\o 
\o 
\o 
\o 
\o 
\o 
\o 
\o 
\o 
\o *Info*    Run start for Point ID (35 15) on testbench [
\o           BANDGAP:bandgap_tb:1 ].
\o 
\o Resetting statistical vars
\o 
\o *Info*    Setting parameter values ...
\o 
\o Setting var temperature = "85"
\o Setting temp(T) = 85
\o 
\o *Info*    Netlist Directory =
\o           /home/saul/projects/ASKA/Sim/BANDGAP/bandgap_tb/adexl/results/data/Interactive.35/15/BANDGAP:bandgap_tb:1/netlist
\o 
\o 
\o *Info*    Data Directory    =
\o           /home/saul/projects/ASKA/Sim/BANDGAP/bandgap_tb/adexl/results/data/Interactive.35/15/BANDGAP:bandgap_tb:1
\o 
\o 
\o *Info*    Creating Netlist for Point ID (35 15)
\o 
\o generate netlist...
\o function ansCdlCompPrim redefined
\o function ansCdlCompPrim redefined
\o Begin Incremental Netlisting Mar 26 10:01:10 2024
\o End netlisting Mar 26 10:01:10 2024
\o 
\o 	The netlist is up to date.
\o 	Time taken to compare the design with netlist:   0.0s
\o       ...successful.
\o compose simulator input file...
\o       ...successful.
\o 
\o *Info*    Running simulation on testbench [ BANDGAP:bandgap_tb:1 ]
\o           for Point ID (35 15).
\o 
\o Delete psf data in /home/saul/projects/ASKA/Sim/BANDGAP/bandgap_tb/adexl/results/data/Interactive.35/15/BANDGAP:bandgap_tb:1/psf.
\o compose simulator input file...
\o       ...successful.
\o start simulator if needed...
\o       ...successful.
\o simulate...
\o To view the simulator output, right-click on the test name, result 
\o name, or any value in the "Results" tab of the Outputs section and 
\o choose "Output Log" menu option.
\o INFO (ADE-3071): Simulation completed successfully.
\o reading simulation data...
\o       ...successful.
\o *Info*    Client has finished evaluating ... 
\o 
\o 
\o *Info*    Run complete for Point ID (35 15) on testbench [
\o           BANDGAP:bandgap_tb:1 ].
\o 
\o 
\o 
\o 
\o 
\o 
\o 
\o 
\o 
\o 
\o *Info*    Run start for Point ID (35 20) on testbench [
\o           BANDGAP:bandgap_tb:1 ].
\o 
\o Resetting statistical vars
\o 
\o *Info*    Setting parameter values ...
\o 
\o Setting var temperature = "-40"
\o Setting temp(T) = -40
\o 
\o *Info*    Netlist Directory =
\o           /home/saul/projects/ASKA/Sim/BANDGAP/bandgap_tb/adexl/results/data/Interactive.35/20/BANDGAP:bandgap_tb:1/netlist
\o 
\o 
\o *Info*    Data Directory    =
\o           /home/saul/projects/ASKA/Sim/BANDGAP/bandgap_tb/adexl/results/data/Interactive.35/20/BANDGAP:bandgap_tb:1
\o 
\o 
\o *Info*    Creating Netlist for Point ID (35 20)
\o 
\o generate netlist...
\o function ansCdlCompPrim redefined
\o function ansCdlCompPrim redefined
\o Begin Incremental Netlisting Mar 26 10:01:12 2024
\o End netlisting Mar 26 10:01:12 2024
\o 
\o 	The netlist is up to date.
\o 	Time taken to compare the design with netlist:   0.0s
\o       ...successful.
\o compose simulator input file...
\o       ...successful.
\o 
\o *Info*    Running simulation on testbench [ BANDGAP:bandgap_tb:1 ]
\o           for Point ID (35 20).
\o 
\o Delete psf data in /home/saul/projects/ASKA/Sim/BANDGAP/bandgap_tb/adexl/results/data/Interactive.35/20/BANDGAP:bandgap_tb:1/psf.
\o compose simulator input file...
\o       ...successful.
\o start simulator if needed...
\o       ...successful.
\o simulate...
\o To view the simulator output, right-click on the test name, result 
\o name, or any value in the "Results" tab of the Outputs section and 
\o choose "Output Log" menu option.
\# Memory report: using         805 MB, process size 2,594 MB at UTC 2024.03.26 14:01:13.678
\o INFO (ADE-3071): Simulation completed successfully.
\o reading simulation data...
\o       ...successful.
\o *Info*    Client has finished evaluating ... 
\o 
\o 
\o *Info*    Run complete for Point ID (35 20) on testbench [
\o           BANDGAP:bandgap_tb:1 ].
\o 
\o 
\o 
\o 
\o 
\o 
\o 
\o 
\o 
\o 
\o *Info*    Run start for Point ID (35 30) on testbench [
\o           BANDGAP:bandgap_tb:1 ].
\o 
\o Resetting statistical vars
\o 
\o *Info*    Setting parameter values ...
\o 
\o 
\o *Info*    Netlist Directory =
\o           /home/saul/projects/ASKA/Sim/BANDGAP/bandgap_tb/adexl/results/data/Interactive.35/30/BANDGAP:bandgap_tb:1/netlist
\o 
\o 
\o *Info*    Data Directory    =
\o           /home/saul/projects/ASKA/Sim/BANDGAP/bandgap_tb/adexl/results/data/Interactive.35/30/BANDGAP:bandgap_tb:1
\o 
\o 
\o *Info*    Creating Netlist for Point ID (35 30)
\o 
\o generate netlist...
\o function ansCdlCompPrim redefined
\o function ansCdlCompPrim redefined
\o Begin Incremental Netlisting Mar 26 10:01:14 2024
\o End netlisting Mar 26 10:01:14 2024
\o 
\o 	The netlist is up to date.
\o 	Time taken to compare the design with netlist:   0.0s
\o       ...successful.
\o compose simulator input file...
\o       ...successful.
\o 
\o *Info*    Running simulation on testbench [ BANDGAP:bandgap_tb:1 ]
\o           for Point ID (35 30).
\o 
\o Delete psf data in /home/saul/projects/ASKA/Sim/BANDGAP/bandgap_tb/adexl/results/data/Interactive.35/30/BANDGAP:bandgap_tb:1/psf.
\o compose simulator input file...
\o       ...successful.
\o start simulator if needed...
\o       ...successful.
\o simulate...
\o To view the simulator output, right-click on the test name, result 
\o name, or any value in the "Results" tab of the Outputs section and 
\o choose "Output Log" menu option.
\o INFO (ADE-3071): Simulation completed successfully.
\o reading simulation data...
\o       ...successful.
\o *Info*    Client has finished evaluating ... 
\o 
\o 
\o *Info*    Run complete for Point ID (35 30) on testbench [
\o           BANDGAP:bandgap_tb:1 ].
\o 
\o 
\o 
\o 
\o 
\o 
\o 
\o 
\o 
\o 
\o *Info*    Run start for Point ID (35 36) on testbench [
\o           BANDGAP:bandgap_tb:1 ].
\o 
\o Resetting statistical vars
\o 
\o *Info*    Setting parameter values ...
\o 
\o 
\o *Info*    Netlist Directory =
\o           /home/saul/projects/ASKA/Sim/BANDGAP/bandgap_tb/adexl/results/data/Interactive.35/36/BANDGAP:bandgap_tb:1/netlist
\o 
\o 
\o *Info*    Data Directory    =
\o           /home/saul/projects/ASKA/Sim/BANDGAP/bandgap_tb/adexl/results/data/Interactive.35/36/BANDGAP:bandgap_tb:1
\o 
\o 
\o *Info*    Creating Netlist for Point ID (35 36)
\o 
\o generate netlist...
\o function ansCdlCompPrim redefined
\o function ansCdlCompPrim redefined
\o Begin Incremental Netlisting Mar 26 10:01:16 2024
\o End netlisting Mar 26 10:01:16 2024
\o 
\o 	The netlist is up to date.
\o 	Time taken to compare the design with netlist:   0.0s
\o       ...successful.
\o compose simulator input file...
\o       ...successful.
\o 
\o *Info*    Running simulation on testbench [ BANDGAP:bandgap_tb:1 ]
\o           for Point ID (35 36).
\o 
\o Delete psf data in /home/saul/projects/ASKA/Sim/BANDGAP/bandgap_tb/adexl/results/data/Interactive.35/36/BANDGAP:bandgap_tb:1/psf.
\o compose simulator input file...
\o       ...successful.
\o start simulator if needed...
\o       ...successful.
\o simulate...
\o To view the simulator output, right-click on the test name, result 
\o name, or any value in the "Results" tab of the Outputs section and 
\o choose "Output Log" menu option.
\o INFO (ADE-3071): Simulation completed successfully.
\o reading simulation data...
\o       ...successful.
\o *Info*    Client has finished evaluating ... 
\o 
\o 
\o *Info*    Run complete for Point ID (35 36) on testbench [
\o           BANDGAP:bandgap_tb:1 ].
\o 
\o 
\o 
\o 
\o 
\o 
\o 
\o 
\o 
\o 
\o *Info*    Run start for Point ID (35 39) on testbench [
\o           BANDGAP:bandgap_tb:1 ].
\o 
\o Resetting statistical vars
\o 
\o *Info*    Setting parameter values ...
\o 
\o Setting var temperature = "85"
\o Setting temp(T) = 85
\o 
\o *Info*    Netlist Directory =
\o           /home/saul/projects/ASKA/Sim/BANDGAP/bandgap_tb/adexl/results/data/Interactive.35/39/BANDGAP:bandgap_tb:1/netlist
\o 
\o 
\o *Info*    Data Directory    =
\o           /home/saul/projects/ASKA/Sim/BANDGAP/bandgap_tb/adexl/results/data/Interactive.35/39/BANDGAP:bandgap_tb:1
\o 
\o 
\o *Info*    Creating Netlist for Point ID (35 39)
\o 
\o generate netlist...
\o function ansCdlCompPrim redefined
\o function ansCdlCompPrim redefined
\o Begin Incremental Netlisting Mar 26 10:01:18 2024
\o End netlisting Mar 26 10:01:18 2024
\o 
\o 	The netlist is up to date.
\o 	Time taken to compare the design with netlist:   0.0s
\o       ...successful.
\o compose simulator input file...
\o       ...successful.
\o 
\o *Info*    Running simulation on testbench [ BANDGAP:bandgap_tb:1 ]
\o           for Point ID (35 39).
\o 
\o Delete psf data in /home/saul/projects/ASKA/Sim/BANDGAP/bandgap_tb/adexl/results/data/Interactive.35/39/BANDGAP:bandgap_tb:1/psf.
\o compose simulator input file...
\o       ...successful.
\o start simulator if needed...
\o       ...successful.
\o simulate...
\o To view the simulator output, right-click on the test name, result 
\o name, or any value in the "Results" tab of the Outputs section and 
\o choose "Output Log" menu option.
\# Memory report: Maximum memory size now 15,759 MB at UTC 2024.03.26 14:01:20.141
\o INFO (ADE-3071): Simulation completed successfully.
\o reading simulation data...
\o       ...successful.
\o *Info*    Client has finished evaluating ... 
\o 
\o 
\o *Info*    Run complete for Point ID (35 39) on testbench [
\o           BANDGAP:bandgap_tb:1 ].
\o 
\o 
\o 
\o 
\o 
\o 
\o 
\o 
\o 
\o 
\o *Info*    Run start for Point ID (35 45) on testbench [
\o           BANDGAP:bandgap_tb:1 ].
\o 
\o Resetting statistical vars
\o 
\o *Info*    Setting parameter values ...
\o 
\o 
\o *Info*    Netlist Directory =
\o           /home/saul/projects/ASKA/Sim/BANDGAP/bandgap_tb/adexl/results/data/Interactive.35/45/BANDGAP:bandgap_tb:1/netlist
\o 
\o 
\o *Info*    Data Directory    =
\o           /home/saul/projects/ASKA/Sim/BANDGAP/bandgap_tb/adexl/results/data/Interactive.35/45/BANDGAP:bandgap_tb:1
\o 
\o 
\o *Info*    Creating Netlist for Point ID (35 45)
\o 
\o generate netlist...
\o function ansCdlCompPrim redefined
\o function ansCdlCompPrim redefined
\o Begin Incremental Netlisting Mar 26 10:01:20 2024
\o End netlisting Mar 26 10:01:20 2024
\o 
\o 	The netlist is up to date.
\o 	Time taken to compare the design with netlist:   0.0s
\o       ...successful.
\o compose simulator input file...
\o       ...successful.
\o 
\o *Info*    Running simulation on testbench [ BANDGAP:bandgap_tb:1 ]
\o           for Point ID (35 45).
\o 
\o Delete psf data in /home/saul/projects/ASKA/Sim/BANDGAP/bandgap_tb/adexl/results/data/Interactive.35/45/BANDGAP:bandgap_tb:1/psf.
\o compose simulator input file...
\o       ...successful.
\o start simulator if needed...
\o       ...successful.
\o simulate...
\o To view the simulator output, right-click on the test name, result 
\o name, or any value in the "Results" tab of the Outputs section and 
\o choose "Output Log" menu option.
\o INFO (ADE-3071): Simulation completed successfully.
\o reading simulation data...
\o       ...successful.
\o *Info*    Client has finished evaluating ... 
\o 
\o 
\o *Info*    Run complete for Point ID (35 45) on testbench [
\o           BANDGAP:bandgap_tb:1 ].
\o 
\o 
\o 
\o 
\o 
\o 
\o 
\o 
\o 
\o 
\o *Info*    Run start for Point ID (35 52) on testbench [
\o           BANDGAP:bandgap_tb:1 ].
\o 
\o Resetting statistical vars
\o 
\o *Info*    Setting parameter values ...
\o 
\o Setting var temperature = "-40"
\o Setting temp(T) = -40
\o 
\o *Info*    Netlist Directory =
\o           /home/saul/projects/ASKA/Sim/BANDGAP/bandgap_tb/adexl/results/data/Interactive.35/52/BANDGAP:bandgap_tb:1/netlist
\o 
\o 
\o *Info*    Data Directory    =
\o           /home/saul/projects/ASKA/Sim/BANDGAP/bandgap_tb/adexl/results/data/Interactive.35/52/BANDGAP:bandgap_tb:1
\o 
\o 
\o *Info*    Creating Netlist for Point ID (35 52)
\o 
\o generate netlist...
\o function ansCdlCompPrim redefined
\o function ansCdlCompPrim redefined
\o Begin Incremental Netlisting Mar 26 10:01:22 2024
\o End netlisting Mar 26 10:01:22 2024
\o 
\o 	The netlist is up to date.
\o 	Time taken to compare the design with netlist:   0.0s
\o       ...successful.
\o compose simulator input file...
\o       ...successful.
\o 
\o *Info*    Running simulation on testbench [ BANDGAP:bandgap_tb:1 ]
\o           for Point ID (35 52).
\o 
\o Delete psf data in /home/saul/projects/ASKA/Sim/BANDGAP/bandgap_tb/adexl/results/data/Interactive.35/52/BANDGAP:bandgap_tb:1/psf.
\o compose simulator input file...
\o       ...successful.
\o start simulator if needed...
\o       ...successful.
\o simulate...
\o To view the simulator output, right-click on the test name, result 
\o name, or any value in the "Results" tab of the Outputs section and 
\o choose "Output Log" menu option.
\o INFO (ADE-3071): Simulation completed successfully.
\o reading simulation data...
\o       ...successful.
\o *Info*    Client has finished evaluating ... 
\o 
\o 
\o *Info*    Run complete for Point ID (35 52) on testbench [
\o           BANDGAP:bandgap_tb:1 ].
\o 
\o 
\o 
\o 
\o 
\o 
\o 
\o 
\o 
\o 
\o *Info*    Run start for Point ID (35 60) on testbench [
\o           BANDGAP:bandgap_tb:1 ].
\o 
\o Resetting statistical vars
\o 
\o *Info*    Setting parameter values ...
\o 
\o 
\o *Info*    Netlist Directory =
\o           /home/saul/projects/ASKA/Sim/BANDGAP/bandgap_tb/adexl/results/data/Interactive.35/60/BANDGAP:bandgap_tb:1/netlist
\o 
\o 
\o *Info*    Data Directory    =
\o           /home/saul/projects/ASKA/Sim/BANDGAP/bandgap_tb/adexl/results/data/Interactive.35/60/BANDGAP:bandgap_tb:1
\o 
\o 
\o *Info*    Creating Netlist for Point ID (35 60)
\o 
\o generate netlist...
\o function ansCdlCompPrim redefined
\o function ansCdlCompPrim redefined
\o Begin Incremental Netlisting Mar 26 10:01:24 2024
\o End netlisting Mar 26 10:01:24 2024
\o 
\o 	The netlist is up to date.
\o 	Time taken to compare the design with netlist:   0.0s
\o       ...successful.
\o compose simulator input file...
\o       ...successful.
\o 
\o *Info*    Running simulation on testbench [ BANDGAP:bandgap_tb:1 ]
\o           for Point ID (35 60).
\o 
\o Delete psf data in /home/saul/projects/ASKA/Sim/BANDGAP/bandgap_tb/adexl/results/data/Interactive.35/60/BANDGAP:bandgap_tb:1/psf.
\o compose simulator input file...
\o       ...successful.
\o start simulator if needed...
\o       ...successful.
\o simulate...
\o To view the simulator output, right-click on the test name, result 
\o name, or any value in the "Results" tab of the Outputs section and 
\o choose "Output Log" menu option.
\o INFO (ADE-3071): Simulation completed successfully.
\o reading simulation data...
\o       ...successful.
\o *Info*    Client has finished evaluating ... 
\o 
\o 
\o *Info*    Run complete for Point ID (35 60) on testbench [
\o           BANDGAP:bandgap_tb:1 ].
\o 
\o 
\o 
\o 
\o 
\o 
\o 
\o 
\o 
\o 
\o *Info*    Run start for Point ID (35 64) on testbench [
\o           BANDGAP:bandgap_tb:1 ].
\o 
\o Resetting statistical vars
\o 
\o *Info*    Setting parameter values ...
\o 
\o 
\o *Info*    Netlist Directory =
\o           /home/saul/projects/ASKA/Sim/BANDGAP/bandgap_tb/adexl/results/data/Interactive.35/64/BANDGAP:bandgap_tb:1/netlist
\o 
\o 
\o *Info*    Data Directory    =
\o           /home/saul/projects/ASKA/Sim/BANDGAP/bandgap_tb/adexl/results/data/Interactive.35/64/BANDGAP:bandgap_tb:1
\o 
\o 
\o *Info*    Creating Netlist for Point ID (35 64)
\o 
\o generate netlist...
\o function ansCdlCompPrim redefined
\o function ansCdlCompPrim redefined
\o Begin Incremental Netlisting Mar 26 10:01:26 2024
\o End netlisting Mar 26 10:01:26 2024
\o 
\o 	The netlist is up to date.
\o 	Time taken to compare the design with netlist:   0.0s
\o       ...successful.
\o compose simulator input file...
\o       ...successful.
\o 
\o *Info*    Running simulation on testbench [ BANDGAP:bandgap_tb:1 ]
\o           for Point ID (35 64).
\o 
\o Delete psf data in /home/saul/projects/ASKA/Sim/BANDGAP/bandgap_tb/adexl/results/data/Interactive.35/64/BANDGAP:bandgap_tb:1/psf.
\o compose simulator input file...
\o       ...successful.
\o start simulator if needed...
\o       ...successful.
\o simulate...
\o To view the simulator output, right-click on the test name, result 
\o name, or any value in the "Results" tab of the Outputs section and 
\o choose "Output Log" menu option.
\o INFO (ADE-3071): Simulation completed successfully.
\o reading simulation data...
\o       ...successful.
\o *Info*    Client has finished evaluating ... 
\o 
\o 
\o *Info*    Run complete for Point ID (35 64) on testbench [
\o           BANDGAP:bandgap_tb:1 ].
\o 
\o 
\o 
\o 
\o 
\# Memory report: using         909 MB, process size 2,698 MB at UTC 2024.03.26 14:01:30.366
\# Available memory:         14,668 MB at UTC 2024.03.26 14:02:50.379
\o Simulation design variables differ from those on the cellView,
\o they have been saved in the file "/tmp/saved-design-variables".
\o To save future changes, copy variables to cellView before exiting.
\o 
\o 
\o *Info*    Configuring the session ...
\o 
\o 	Library      = BANDGAP
\o 	Cell         = bandgap_tb
\o 	View         = config
\o 	Simulator    = spectre
\o 	State Path   = $AXL_SETUPDB_DIR/test_states
\o 	State Name   = Montecarlo_BANDGAP:bandgap_tb:1:1_state_MonteCarlo.0
\o 	Results DB   = /home/saul/projects/ASKA/BANDGAP/bandgap_tb/adexl/results/data/MonteCarlo.0.rdb
\o 	Results Dir  = /home/saul/projects/ASKA/Sim/BANDGAP/bandgap_tb/adexl/results/data/MonteCarlo.0/1/Montecarlo
\o 	Results Loc  = /home/saul/projects/ASKA/Sim/BANDGAP/bandgap_tb/adexl/results/data
\o 	Project Dir  = /home/saul/projects/ASKA/Sim
\o 	Setup DB loc = /home/saul/projects/ASKA/BANDGAP/bandgap_tb/adexl
\o 	File Encoding = 0
\o 
\o 
\o 
\o *Info*    The auto suspension is disabled.
\o 
\o 
\o 
\o 
\o 
\o 
\o *Info*    Run start for Point ID (36 6) on testbench [ Montecarlo ].
\o 
\o Resetting statistical vars
\o 
\o *Info*    Setting parameter values ...
\o 
\o Setting var IBIAS = "1u"
\o Setting var IBIAS_PULSE = "0"
\o Setting var IPULSE = "0"
\o Setting var VDD3 = "0"
\o Setting var VDD_PULSE = "3.3"
\o Setting var temperature = "-40"
\o Setting temp(T) = -40
\o 
\o *Info*    Netlist Directory =
\o           /home/saul/projects/ASKA/Sim/BANDGAP/bandgap_tb/adexl/results/data/MonteCarlo.0/6/Montecarlo/groupRunDataDir/netlist
\o 
\o 
\o *Info*    Data Directory    =
\o           /home/saul/projects/ASKA/Sim/BANDGAP/bandgap_tb/adexl/results/data/MonteCarlo.0/6/Montecarlo/groupRunDataDir
\o 
\o 
\o *Info*    Creating Netlist for Point ID (36 6)
\o 
\o generate netlist...
\o function ansCdlCompPrim redefined
\o function ansCdlCompPrim redefined
\o Initializing the control file using cp:
\o     cp /home/saul/cadence/installs/IC618/tools.lnx86/dfII/etc/si/control.spectre /home/saul/projects/ASKA/Sim/BANDGAP/bandgap_tb/adexl/results/data/MonteCarlo.0/6/Montecarlo/groupRunDataDir/netlist/control
\o Copying Spectre source file 'spectre.inp'
\o Copying Spectre command file 'spectre.sim'
\o Begin Incremental Netlisting Mar 26 10:02:55 2024
\o Loading json.cxt 
\o End netlisting Mar 26 10:02:55 2024
\o 
\o Netlisting Statistics:
\o 	Number of components:   28
\o 
\o 	Elapsed time:          0.0s
\o Errors: 0	Warnings: 0
\o       ...successful.
\o compose simulator input file...
\o       ...successful.
\o 
\o *Info*    Running simulation on testbench [ Montecarlo ] for Point ID
\o           (36 6).
\o 
\o *Info*    Spectre controlMode is set "batch" due to monte carlo run.
\o 
\o Delete psf data in /home/saul/projects/ASKA/Sim/BANDGAP/bandgap_tb/adexl/results/data/MonteCarlo.0/6/Montecarlo/groupRunDataDir/psf.
\o generate netlist...
\o function ansCdlCompPrim redefined
\o function ansCdlCompPrim redefined
\o Begin Incremental Netlisting Mar 26 10:02:55 2024
\o End netlisting Mar 26 10:02:55 2024
\o 
\o 	The netlist is up to date.
\o 	Time taken to compare the design with netlist:   0.0s
\o       ...successful.
\o compose simulator input file...
\o       ...successful.
\o start simulator if needed...
\o       ...successful.
\o simulate...
\o To view the simulator output, right-click on the test name, result 
\o name, or any value in the "Results" tab of the Outputs section and 
\o choose "Output Log" menu option.
\o *Info*    Current simulation for points ((36 6) (36 71) (36 136) (36
\o           201) (36 266) (36 331) (36 396) (36 461) (36 526) (36 591)
\o           (36 656) (36 721) (36 786) (36 851) (36 916) (36 981) (36
\o           1046) (36 1111) (36 1176) (36 1241) (36 1306) (36 1371) (36
\o           1436) (36 1501) (36 1566) (36 1631) (36 1696) (36 1761) (36
\o           1826) (36 1891) (36 1956) (36 2021) (36 2086) (36 2151) (36
\o           2216) (36 2281) (36 2346) (36 2411) (36 2476) (36 2541) (36
\o           2606) (36 2671) (36 2736) (36 2801) (36 2866) (36 2931) (36
\o           2996) (36 3061) (36 3126) (36 3191) (36 3256) (36 3321) (36
\o           3386) (36 3451) (36 3516) (36 3581) (36 3646) (36 3711) (36
\o           3776) (36 3841) (36 3906) (36 3971) (36 4036) (36 4101) (36
\o           4166) (36 4231) (36 4296) (36 4361) (36 4426) (36 4491) (36
\o           4556) (36 4621) (36 4686) (36 4751) (36 4816) (36 4881) (36
\o           4946) (36 5011) (36 5076) (36 5141) (36 5206) (36 5271) (36
\o           5336) (36 5401) (36 5466) (36 5531) (36 5596) (36 5661) (36
\o           5726) (36 5791) (36 5856) (36 5921) (36 5986) (36 6051) (36
\o           6116) (36 6181) (36 6246) (36 6311) (36 6376) (36 6441) (36
\o           6506) (36 6571) (36 6636) (36 6701) (36 6766) (36 6831) (36
\o           6896) (36 6961) (36 7026) (36 7091) (36 7156) (36 7221) (36
\o           7286) (36 7351) (36 7416) (36 7481) (36 7546) (36 7611) (36
\o           7676) (36 7741) (36 7806) (36 7871) (36 7936) (36 8001) (36
\o           8066) (36 8131) (36 8196) (36 8261) (36 8326) (36 8391) (36
\o           8456) (36 8521) (36 8586) (36 8651) (36 8716) (36 8781) (36
\o           8846) (36 8911) (36 8976) (36 9041) (36 9106) (36 9171) (36
\o           9236) (36 9301) (36 9366) (36 9431) (36 9496) (36 9561) (36
\o           9626) (36 9691) (36 9756) (36 9821) (36 9886) (36 9951) (36
\o           10016) (36 10081) (36 10146) (36 10211) (36 10276) (36
\o           10341) (36 10406) (36 10471) (36 10536) (36 10601) (36
\o           10666) (36 10731) (36 10796) (36 10861) (36 10926) (36
\o           10991) (36 11056) (36 11121) (36 11186) (36 11251) (36
\o           11316) (36 11381) (36 11446) (36 11511) (36 11576) (36
\o           11641) (36 11706) (36 11771) (36 11836) (36 11901) (36
\o           11966) (36 12031) (36 12096) (36 12161) (36 12226) (36
\o           12291) (36 12356) (36 12421) (36 12486) (36 12551) (36
\o           12616) (36 12681) (36 12746) (36 12811) (36 12876) (36
\o           12941) (36 13006) (36 13071) (36 13136) (36 13201) (36
\o           13266) (36 13331) (36 13396) (36 13461) (36 13526) (36
\o           13591) (36 13656) (36 13721) (36 13786) (36 13851) (36
\o           13916) (36 13981) (36 14046) (36 14111) (36 14176) (36
\o           14241) (36 14306) (36 14371) (36 14436) (36 14501) (36
\o           14566) (36 14631) (36 14696) (36 14761) (36 14826) (36
\o           14891) (36 14956) (36 15021) (36 15086) (36 15151) (36
\o           15216) (36 15281) (36 15346) (36 15411) (36 15476) (36
\o           15541) (36 15606) (36 15671) (36 15736) (36 15801) (36
\o           15866) (36 15931) (36 15996) (36 16061) (36 16126) (36
\o           16191) (36 16256) (36 16321) (36 16386) (36 16451) (36
\o           16516) (36 16581) (36 16646) (36 16711) (36 16776) (36
\o           16841) (36 16906) (36 16971) (36 17036) (36 17101) (36
\o           17166) (36 17231) (36 17296) (36 17361) (36 17426) (36
\o           17491) (36 17556) (36 17621) (36 17686) (36 17751) (36
\o           17816) (36 17881) (36 17946) (36 18011) (36 18076) (36
\o           18141) (36 18206) (36 18271) (36 18336) (36 18401) (36
\o           18466) (36 18531) (36 18596) (36 18661) (36 18726) (36
\o           18791) (36 18856) (36 18921) (36 18986) (36 19051) (36
\o           19116) (36 19181) (36 19246) (36 19311) (36 19376) (36
\o           19441)).
\o *Info*    (ADE-3072): Simulation stopped because you selected the
\o           'Stop Simulation' command in ADE.
\o 
\o *Info*    Monte Carlo Simulation unsuccessful...
\o *Info*    See simulation output log for more information.
\o INFO (ADE-3067): Errors encountered during simulation. For more information, right-click
\o         on a test name in the 'Results' tab of the Outputs pane and choose 'Output Log'
\o         to view the simulation run log.
\o Simulation design variables differ from those on the cellView,
\o they have been saved in the file "/tmp/saved-design-variables".
\o To save future changes, copy variables to cellView before exiting.
\o 
\o 
\o *Info*    Configuring the session ...
\o 
\o 	Library      = BANDGAP
\o 	Cell         = bandgap_tb
\o 	View         = config
\o 	Simulator    = spectre
\o 	State Path   = $AXL_SETUPDB_DIR/test_states
\o 	State Name   = Montecarlo_BANDGAP:bandgap_tb:1:1_state_MonteCarlo.1
\o 	Results DB   = /home/saul/projects/ASKA/BANDGAP/bandgap_tb/adexl/results/data/MonteCarlo.1.rdb
\o 	Results Dir  = /home/saul/projects/ASKA/Sim/BANDGAP/bandgap_tb/adexl/results/data/MonteCarlo.1/1/Montecarlo
\o 	Results Loc  = /home/saul/projects/ASKA/Sim/BANDGAP/bandgap_tb/adexl/results/data
\o 	Project Dir  = /home/saul/projects/ASKA/Sim
\o 	Setup DB loc = /home/saul/projects/ASKA/BANDGAP/bandgap_tb/adexl
\o 	File Encoding = 0
\o 
\o 
\o 
\o *Info*    The auto suspension is disabled.
\o 
\o 
\o 
\o 
\o 
\o 
\o *Info*    Run start for Point ID (37 251) on testbench [ Montecarlo ].
\o 
\o Resetting statistical vars
\o 
\o *Info*    Setting parameter values ...
\o 
\o Setting var IBIAS = "1u"
\o Setting var IBIAS_PULSE = "0"
\o Setting var IPULSE = "0"
\o Setting var VDD3 = "0"
\o Setting var VDD_PULSE = "3.3"
\o Setting var temperature = "27"
\o Setting temp(T) = 27
\o 
\o *Info*    Netlist Directory =
\o           /home/saul/projects/ASKA/Sim/BANDGAP/bandgap_tb/adexl/results/data/MonteCarlo.1/251/Montecarlo/groupRunDataDir/netlist
\o 
\o 
\o *Info*    Data Directory    =
\o           /home/saul/projects/ASKA/Sim/BANDGAP/bandgap_tb/adexl/results/data/MonteCarlo.1/251/Montecarlo/groupRunDataDir
\o 
\o 
\o *Info*    Creating Netlist for Point ID (37 251)
\o 
\o generate netlist...
\o function ansCdlCompPrim redefined
\o function ansCdlCompPrim redefined
\o Begin Incremental Netlisting Mar 26 10:03:08 2024
\o End netlisting Mar 26 10:03:08 2024
\o 
\o 	The netlist is up to date.
\o 	Time taken to compare the design with netlist:   0.0s
\o       ...successful.
\o compose simulator input file...
\o       ...successful.
\o 
\o *Info*    Running simulation on testbench [ Montecarlo ] for Point ID
\o           (37 251).
\o 
\o *Info*    Spectre controlMode is set "batch" due to monte carlo run.
\o 
\o Delete psf data in /home/saul/projects/ASKA/Sim/BANDGAP/bandgap_tb/adexl/results/data/MonteCarlo.1/251/Montecarlo/groupRunDataDir/psf.
\o generate netlist...
\o function ansCdlCompPrim redefined
\o function ansCdlCompPrim redefined
\o Begin Incremental Netlisting Mar 26 10:03:08 2024
\o End netlisting Mar 26 10:03:08 2024
\o 
\o 	The netlist is up to date.
\o 	Time taken to compare the design with netlist:   0.0s
\o       ...successful.
\o compose simulator input file...
\o       ...successful.
\o start simulator if needed...
\o       ...successful.
\o simulate...
\o To view the simulator output, right-click on the test name, result 
\o name, or any value in the "Results" tab of the Outputs section and 
\o choose "Output Log" menu option.
\# Memory report: Maximum memory size now 15,068 MB at UTC 2024.03.26 14:03:10.246
\o *Info*    Client has finished evaluating ... 
\o 
\o 
\o *Info*    Run complete for Point ID (37 251) on testbench [
\o           Montecarlo ].
\o 
\o 
\o 
\o 
\o 
\o *Info*    Client has finished evaluating ... 
\o 
\o 
\o *Info*    Run complete for Point ID (37 252) on testbench [
\o           Montecarlo ].
\o 
\o 
\o 
\o 
\o 
\o *Info*    Client has finished evaluating ... 
\o 
\o 
\o *Info*    Run complete for Point ID (37 253) on testbench [
\o           Montecarlo ].
\o 
\o 
\o 
\o 
\o 
\o *Info*    Client has finished evaluating ... 
\o 
\o 
\o *Info*    Run complete for Point ID (37 254) on testbench [
\o           Montecarlo ].
\o 
\o 
\o 
\o 
\o 
\o *Info*    Client has finished evaluating ... 
\o 
\o 
\o *Info*    Run complete for Point ID (37 255) on testbench [
\o           Montecarlo ].
\o 
\o 
\o 
\o 
\o 
\o *Info*    Client has finished evaluating ... 
\o 
\o 
\o *Info*    Run complete for Point ID (37 256) on testbench [
\o           Montecarlo ].
\o 
\o 
\o 
\o 
\o 
\# Memory report: using       1,017 MB, process size 2,806 MB at UTC 2024.03.26 14:03:15.242
\o *Info*    Client has finished evaluating ... 
\o 
\o 
\o *Info*    Run complete for Point ID (37 257) on testbench [
\o           Montecarlo ].
\o 
\o 
\o 
\o 
\o 
\o *Info*    Client has finished evaluating ... 
\o 
\o 
\o *Info*    Run complete for Point ID (37 258) on testbench [
\o           Montecarlo ].
\o 
\o 
\o 
\o 
\o 
\o *Info*    Client has finished evaluating ... 
\o 
\o 
\o *Info*    Run complete for Point ID (37 259) on testbench [
\o           Montecarlo ].
\o 
\o 
\o 
\o 
\o 
\o *Info*    Client has finished evaluating ... 
\o 
\o 
\o *Info*    Run complete for Point ID (37 260) on testbench [
\o           Montecarlo ].
\o 
\o 
\o 
\o 
\o 
\o *Info*    Client has finished evaluating ... 
\o 
\o 
\o *Info*    Run complete for Point ID (37 261) on testbench [
\o           Montecarlo ].
\o 
\o 
\o 
\o 
\o 
\o *Info*    Client has finished evaluating ... 
\o 
\o 
\o *Info*    Run complete for Point ID (37 262) on testbench [
\o           Montecarlo ].
\o 
\o 
\o 
\o 
\o 
\# Available memory:         13,027 MB at UTC 2024.03.26 14:03:20.272
\# Memory report: Maximum memory size now 14,126 MB at UTC 2024.03.26 14:03:20.272
\o *Info*    Client has finished evaluating ... 
\o 
\o 
\o *Info*    Run complete for Point ID (37 263) on testbench [
\o           Montecarlo ].
\o 
\o 
\o 
\o 
\o 
\o *Info*    Client has finished evaluating ... 
\o 
\o 
\o *Info*    Run complete for Point ID (37 264) on testbench [
\o           Montecarlo ].
\o 
\o 
\o 
\o 
\o 
\# Memory report: using       1,127 MB, process size 2,916 MB at UTC 2024.03.26 14:03:21.613
\o *Info*    Client has finished evaluating ... 
\o 
\o 
\o *Info*    Run complete for Point ID (37 265) on testbench [
\o           Montecarlo ].
\o 
\o 
\o 
\o 
\o 
\o *Info*    Client has finished evaluating ... 
\o 
\o 
\o *Info*    Run complete for Point ID (37 266) on testbench [
\o           Montecarlo ].
\o 
\o 
\o 
\o 
\o 
\o *Info*    Client has finished evaluating ... 
\o 
\o 
\o *Info*    Run complete for Point ID (37 267) on testbench [
\o           Montecarlo ].
\o 
\o 
\o 
\o 
\o 
\o *Info*    Client has finished evaluating ... 
\o 
\o 
\o *Info*    Run complete for Point ID (37 268) on testbench [
\o           Montecarlo ].
\o 
\o 
\o 
\o 
\o 
\o *Info*    Client has finished evaluating ... 
\o 
\o 
\o *Info*    Run complete for Point ID (37 269) on testbench [
\o           Montecarlo ].
\o 
\o 
\o 
\o 
\o 
\o *Info*    Client has finished evaluating ... 
\o 
\o 
\o *Info*    Run complete for Point ID (37 270) on testbench [
\o           Montecarlo ].
\o 
\o 
\o 
\o 
\o 
\o *Info*    Client has finished evaluating ... 
\o 
\o 
\o *Info*    Run complete for Point ID (37 271) on testbench [
\o           Montecarlo ].
\o 
\o 
\o 
\o 
\o 
\o *Info*    Client has finished evaluating ... 
\o 
\o 
\o *Info*    Run complete for Point ID (37 272) on testbench [
\o           Montecarlo ].
\o 
\o 
\o 
\o 
\o 
\# Memory report: using       1,255 MB, process size 3,044 MB at UTC 2024.03.26 14:03:28.464
\o *Info*    Client has finished evaluating ... 
\o 
\o 
\o *Info*    Run complete for Point ID (37 273) on testbench [
\o           Montecarlo ].
\o 
\o 
\o 
\o 
\o 
\o *Info*    Client has finished evaluating ... 
\o 
\o 
\o *Info*    Run complete for Point ID (37 274) on testbench [
\o           Montecarlo ].
\o 
\o 
\o 
\o 
\o 
\# Memory report: Maximum memory size now 13,153 MB at UTC 2024.03.26 14:03:30.068
\o *Info*    Client has finished evaluating ... 
\o 
\o 
\o *Info*    Run complete for Point ID (37 275) on testbench [
\o           Montecarlo ].
\o 
\o 
\o 
\o 
\o 
\o *Info*    Client has finished evaluating ... 
\o 
\o 
\o *Info*    Run complete for Point ID (37 276) on testbench [
\o           Montecarlo ].
\o 
\o 
\o 
\o 
\o 
\o *Info*    Client has finished evaluating ... 
\o 
\o 
\o *Info*    Run complete for Point ID (37 277) on testbench [
\o           Montecarlo ].
\o 
\o 
\o 
\o 
\o 
\o *Info*    Client has finished evaluating ... 
\o 
\o 
\o *Info*    Run complete for Point ID (37 278) on testbench [
\o           Montecarlo ].
\o 
\o 
\o 
\o 
\o 
\o *Info*    Client has finished evaluating ... 
\o 
\o 
\o *Info*    Run complete for Point ID (37 279) on testbench [
\o           Montecarlo ].
\o 
\o 
\o 
\o 
\o 
\o *Info*    Client has finished evaluating ... 
\o 
\o 
\o *Info*    Run complete for Point ID (37 280) on testbench [
\o           Montecarlo ].
\o 
\o 
\o 
\o 
\o 
\# Memory report: using       1,363 MB, process size 3,152 MB at UTC 2024.03.26 14:03:35.491
\o *Info*    Client has finished evaluating ... 
\o 
\o 
\o *Info*    Run complete for Point ID (37 281) on testbench [
\o           Montecarlo ].
\o 
\o 
\o 
\o 
\o 
\o *Info*    Client has finished evaluating ... 
\o 
\o 
\o *Info*    Run complete for Point ID (37 282) on testbench [
\o           Montecarlo ].
\o 
\o 
\o 
\o 
\o 
\o *Info*    Client has finished evaluating ... 
\o 
\o 
\o *Info*    Run complete for Point ID (37 283) on testbench [
\o           Montecarlo ].
\o 
\o 
\o 
\o 
\o 
\o *Info*    Client has finished evaluating ... 
\o 
\o 
\o *Info*    Run complete for Point ID (37 284) on testbench [
\o           Montecarlo ].
\o 
\o 
\o 
\o 
\o 
\o *Info*    Client has finished evaluating ... 
\o 
\o 
\o *Info*    Run complete for Point ID (37 285) on testbench [
\o           Montecarlo ].
\o 
\o 
\o 
\o 
\o 
\o *Info*    Client has finished evaluating ... 
\o 
\o 
\o *Info*    Run complete for Point ID (37 286) on testbench [
\o           Montecarlo ].
\o 
\o 
\o 
\o 
\o 
\# Available memory:         11,092 MB at UTC 2024.03.26 14:03:40.441
\# Memory report: Maximum memory size now 12,537 MB at UTC 2024.03.26 14:03:40.441
\o *Info*    Client has finished evaluating ... 
\o 
\o 
\o *Info*    Run complete for Point ID (37 287) on testbench [
\o           Montecarlo ].
\o 
\o 
\o 
\o 
\o 
\o *Info*    Client has finished evaluating ... 
\o 
\o 
\o *Info*    Run complete for Point ID (37 288) on testbench [
\o           Montecarlo ].
\o 
\o 
\o 
\o 
\o 
\o *Info*    Client has finished evaluating ... 
\o 
\o 
\o *Info*    Run complete for Point ID (37 289) on testbench [
\o           Montecarlo ].
\o 
\o 
\o 
\o 
\o 
\# Memory report: using       1,480 MB, process size 3,269 MB at UTC 2024.03.26 14:03:42.272
\o *Info*    Client has finished evaluating ... 
\o 
\o 
\o *Info*    Run complete for Point ID (37 290) on testbench [
\o           Montecarlo ].
\o 
\o 
\o 
\o 
\o 
\o *Info*    Client has finished evaluating ... 
\o 
\o 
\o *Info*    Run complete for Point ID (37 291) on testbench [
\o           Montecarlo ].
\o 
\o 
\o 
\o 
\o 
\o *Info*    Client has finished evaluating ... 
\o 
\o 
\o *Info*    Run complete for Point ID (37 292) on testbench [
\o           Montecarlo ].
\o 
\o 
\o 
\o 
\o 
\o *Info*    Client has finished evaluating ... 
\o 
\o 
\o *Info*    Run complete for Point ID (37 293) on testbench [
\o           Montecarlo ].
\o 
\o 
\o 
\o 
\o 
\o *Info*    Client has finished evaluating ... 
\o 
\o 
\o *Info*    Run complete for Point ID (37 294) on testbench [
\o           Montecarlo ].
\o 
\o 
\o 
\o 
\o 
\o *Info*    Client has finished evaluating ... 
\o 
\o 
\o *Info*    Run complete for Point ID (37 295) on testbench [
\o           Montecarlo ].
\o 
\o 
\o 
\o 
\o 
\o *Info*    Client has finished evaluating ... 
\o 
\o 
\o *Info*    Run complete for Point ID (37 296) on testbench [
\o           Montecarlo ].
\o 
\o 
\o 
\o 
\o 
\o INFO (ADE-3071): Simulation completed successfully.
\o reading simulation data...
\o       ...successful.
\# Memory report: using       1,586 MB, process size 3,375 MB at UTC 2024.03.26 14:03:49.327
\o *Info*    Client has finished evaluating ... 
\o 
\o 
\o *Info*    Run complete for Point ID (37 297) on testbench [
\o           Montecarlo ].
\o 
\o 
\o 
\o 
\o 
\o *Info*    Client has finished evaluating ... 
\o 
\o 
\o *Info*    Run complete for Point ID (37 298) on testbench [
\o           Montecarlo ].
\o 
\o 
\o 
\o 
\o 
\o *Info*    Client has finished evaluating ... 
\o 
\o 
\o *Info*    Run complete for Point ID (37 299) on testbench [
\o           Montecarlo ].
\o 
\o 
\o 
\o 
\o 
\o *Info*    Client has finished evaluating ... 
\o 
\o 
\o *Info*    Run complete for Point ID (37 300) on testbench [
\o           Montecarlo ].
\o 
\o 
\o 
\o 
\o 
\o *Info*    Monte Carlo Simulation completed successfully...
\o Simulation design variables differ from those on the cellView,
\o they have been saved in the file "/tmp/saved-design-variables".
\o To save future changes, copy variables to cellView before exiting.
\o 
\o 
\o *Info*    Configuring the session ...
\o 
\o 	Library      = BANDGAP
\o 	Cell         = bandgap_tb
\o 	View         = config
\o 	Simulator    = spectre
\o 	State Path   = $AXL_SETUPDB_DIR/test_states
\o 	State Name   = Montecarlo_BANDGAP:bandgap_tb:1:1_state_MonteCarlo.2
\o 	Results DB   = /home/saul/projects/ASKA/BANDGAP/bandgap_tb/adexl/results/data/MonteCarlo.2.rdb
\o 	Results Dir  = /home/saul/projects/ASKA/Sim/BANDGAP/bandgap_tb/adexl/results/data/MonteCarlo.2/1/Montecarlo
\o 	Results Loc  = /home/saul/projects/ASKA/Sim/BANDGAP/bandgap_tb/adexl/results/data
\o 	Project Dir  = /home/saul/projects/ASKA/Sim
\o 	Setup DB loc = /home/saul/projects/ASKA/BANDGAP/bandgap_tb/adexl
\o 	File Encoding = 0
\o 
\o 
\o 
\o *Info*    The auto suspension is disabled.
\o 
\o 
\o 
\o 
\o 
\o 
\o *Info*    Run start for Point ID (38 251) on testbench [ Montecarlo ].
\o 
\o Resetting statistical vars
\o 
\o *Info*    Setting parameter values ...
\o 
\o Setting var IBIAS = "1u"
\o Setting var IBIAS_PULSE = "0"
\o Setting var IPULSE = "0"
\o Setting var VDD3 = "0"
\o Setting var VDD_PULSE = "3.3"
\o Setting var temperature = "27"
\o Setting temp(T) = 27
\o 
\o *Info*    Netlist Directory =
\o           /home/saul/projects/ASKA/Sim/BANDGAP/bandgap_tb/adexl/results/data/MonteCarlo.2/251/Montecarlo/groupRunDataDir/netlist
\o 
\o 
\o *Info*    Data Directory    =
\o           /home/saul/projects/ASKA/Sim/BANDGAP/bandgap_tb/adexl/results/data/MonteCarlo.2/251/Montecarlo/groupRunDataDir
\o 
\o 
\o *Info*    Creating Netlist for Point ID (38 251)
\o 
\o generate netlist...
\o function ansCdlCompPrim redefined
\o function ansCdlCompPrim redefined
\o Begin Incremental Netlisting Mar 26 10:04:57 2024
\o End netlisting Mar 26 10:04:57 2024
\o 
\o Netlisting Statistics:
\o 	Number of components:    6
\o 
\o 	Elapsed time:          0.0s
\o Errors: 0	Warnings: 0
\o       ...successful.
\o compose simulator input file...
\o       ...successful.
\o 
\o *Info*    Running simulation on testbench [ Montecarlo ] for Point ID
\o           (38 251).
\o 
\o *Info*    Spectre controlMode is set "batch" due to monte carlo run.
\o 
\o Delete psf data in /home/saul/projects/ASKA/Sim/BANDGAP/bandgap_tb/adexl/results/data/MonteCarlo.2/251/Montecarlo/groupRunDataDir/psf.
\o generate netlist...
\o function ansCdlCompPrim redefined
\o function ansCdlCompPrim redefined
\o Begin Incremental Netlisting Mar 26 10:04:57 2024
\o End netlisting Mar 26 10:04:57 2024
\o 
\o 	The netlist is up to date.
\o 	Time taken to compare the design with netlist:   0.0s
\o       ...successful.
\o compose simulator input file...
\o       ...successful.
\o start simulator if needed...
\o       ...successful.
\o simulate...
\o To view the simulator output, right-click on the test name, result 
\o name, or any value in the "Results" tab of the Outputs section and 
\o choose "Output Log" menu option.
\o *Info*    Client has finished evaluating ... 
\o 
\o 
\o *Info*    Run complete for Point ID (38 251) on testbench [
\o           Montecarlo ].
\o 
\o 
\o 
\o 
\o 
\o *Info*    Client has finished evaluating ... 
\o 
\o 
\o *Info*    Run complete for Point ID (38 252) on testbench [
\o           Montecarlo ].
\o 
\o 
\o 
\o 
\o 
\o *Info*    Client has finished evaluating ... 
\o 
\o 
\o *Info*    Run complete for Point ID (38 253) on testbench [
\o           Montecarlo ].
\o 
\o 
\o 
\o 
\o 
\o *Info*    Client has finished evaluating ... 
\o 
\o 
\o *Info*    Run complete for Point ID (38 254) on testbench [
\o           Montecarlo ].
\o 
\o 
\o 
\o 
\o 
\# Memory report: using       1,691 MB, process size 3,480 MB at UTC 2024.03.26 14:05:02.048
\o *Info*    Client has finished evaluating ... 
\o 
\o 
\o *Info*    Run complete for Point ID (38 255) on testbench [
\o           Montecarlo ].
\o 
\o 
\o 
\o 
\o 
\o *Info*    Client has finished evaluating ... 
\o 
\o 
\o *Info*    Run complete for Point ID (38 256) on testbench [
\o           Montecarlo ].
\o 
\o 
\o 
\o 
\o 
\o *Info*    Client has finished evaluating ... 
\o 
\o 
\o *Info*    Run complete for Point ID (38 257) on testbench [
\o           Montecarlo ].
\o 
\o 
\o 
\o 
\o 
\o *Info*    Client has finished evaluating ... 
\o 
\o 
\o *Info*    Run complete for Point ID (38 258) on testbench [
\o           Montecarlo ].
\o 
\o 
\o 
\o 
\o 
\o *Info*    Client has finished evaluating ... 
\o 
\o 
\o *Info*    Run complete for Point ID (38 259) on testbench [
\o           Montecarlo ].
\o 
\o 
\o 
\o 
\o 
\o *Info*    Client has finished evaluating ... 
\o 
\o 
\o *Info*    Run complete for Point ID (38 260) on testbench [
\o           Montecarlo ].
\o 
\o 
\o 
\o 
\o 
\o *Info*    Client has finished evaluating ... 
\o 
\o 
\o *Info*    Run complete for Point ID (38 261) on testbench [
\o           Montecarlo ].
\o 
\o 
\o 
\o 
\o 
\# Memory report: using       1,796 MB, process size 3,585 MB at UTC 2024.03.26 14:05:09.166
\o *Info*    Client has finished evaluating ... 
\o 
\o 
\o *Info*    Run complete for Point ID (38 262) on testbench [
\o           Montecarlo ].
\o 
\o 
\o 
\o 
\o 
\o *Info*    Client has finished evaluating ... 
\o 
\o 
\o *Info*    Run complete for Point ID (38 263) on testbench [
\o           Montecarlo ].
\o 
\o 
\o 
\o 
\o 
\o *Info*    Client has finished evaluating ... 
\o 
\o 
\o *Info*    Run complete for Point ID (38 264) on testbench [
\o           Montecarlo ].
\o 
\o 
\o 
\o 
\o 
\o *Info*    Client has finished evaluating ... 
\o 
\o 
\o *Info*    Run complete for Point ID (38 265) on testbench [
\o           Montecarlo ].
\o 
\o 
\o 
\o 
\o 
\o *Info*    Client has finished evaluating ... 
\o 
\o 
\o *Info*    Run complete for Point ID (38 266) on testbench [
\o           Montecarlo ].
\o 
\o 
\o 
\o 
\o 
\o *Info*    Client has finished evaluating ... 
\o 
\o 
\o *Info*    Run complete for Point ID (38 267) on testbench [
\o           Montecarlo ].
\o 
\o 
\o 
\o 
\o 
\# Memory report: using       1,905 MB, process size 3,694 MB at UTC 2024.03.26 14:05:14.313
\o *Info*    Client has finished evaluating ... 
\o 
\o 
\o *Info*    Run complete for Point ID (38 268) on testbench [
\o           Montecarlo ].
\o 
\o 
\o 
\o 
\o 
\o *Info*    Client has finished evaluating ... 
\o 
\o 
\o *Info*    Run complete for Point ID (38 269) on testbench [
\o           Montecarlo ].
\o 
\o 
\o 
\o 
\o 
\o *Info*    Client has finished evaluating ... 
\o 
\o 
\o *Info*    Run complete for Point ID (38 270) on testbench [
\o           Montecarlo ].
\o 
\o 
\o 
\o 
\o 
\o *Info*    Client has finished evaluating ... 
\o 
\o 
\o *Info*    Run complete for Point ID (38 271) on testbench [
\o           Montecarlo ].
\o 
\o 
\o 
\o 
\o 
\o *Info*    Client has finished evaluating ... 
\o 
\o 
\o *Info*    Run complete for Point ID (38 272) on testbench [
\o           Montecarlo ].
\o 
\o 
\o 
\o 
\o 
\o *Info*    Client has finished evaluating ... 
\o 
\o 
\o *Info*    Run complete for Point ID (38 273) on testbench [
\o           Montecarlo ].
\o 
\o 
\o 
\o 
\o 
\o *Info*    Client has finished evaluating ... 
\o 
\o 
\o *Info*    Run complete for Point ID (38 274) on testbench [
\o           Montecarlo ].
\o 
\o 
\o 
\o 
\o 
\# Available memory:         10,049 MB at UTC 2024.03.26 14:05:20.361
\# Memory report: Maximum memory size now 12,060 MB at UTC 2024.03.26 14:05:20.361
\# Memory report: using       2,011 MB, process size 3,800 MB at UTC 2024.03.26 14:05:20.361
\o *Info*    Client has finished evaluating ... 
\o 
\o 
\o *Info*    Run complete for Point ID (38 275) on testbench [
\o           Montecarlo ].
\o 
\o 
\o 
\o 
\o 
\o *Info*    Client has finished evaluating ... 
\o 
\o 
\o *Info*    Run complete for Point ID (38 276) on testbench [
\o           Montecarlo ].
\o 
\o 
\o 
\o 
\o 
\o *Info*    Client has finished evaluating ... 
\o 
\o 
\o *Info*    Run complete for Point ID (38 277) on testbench [
\o           Montecarlo ].
\o 
\o 
\o 
\o 
\o 
\o *Info*    Client has finished evaluating ... 
\o 
\o 
\o *Info*    Run complete for Point ID (38 278) on testbench [
\o           Montecarlo ].
\o 
\o 
\o 
\o 
\o 
\o *Info*    Client has finished evaluating ... 
\o 
\o 
\o *Info*    Run complete for Point ID (38 279) on testbench [
\o           Montecarlo ].
\o 
\o 
\o 
\o 
\o 
\o *Info*    Client has finished evaluating ... 
\o 
\o 
\o *Info*    Run complete for Point ID (38 280) on testbench [
\o           Montecarlo ].
\o 
\o 
\o 
\o 
\o 
\o *Info*    Client has finished evaluating ... 
\o 
\o 
\o *Info*    Run complete for Point ID (38 281) on testbench [
\o           Montecarlo ].
\o 
\o 
\o 
\o 
\o 
\o *Info*    Client has finished evaluating ... 
\o 
\o 
\o *Info*    Run complete for Point ID (38 282) on testbench [
\o           Montecarlo ].
\o 
\o 
\o 
\o 
\o 
\# Memory report: Maximum memory size now 11,758 MB at UTC 2024.03.26 14:05:30.097
\# Memory report: using       2,116 MB, process size 3,905 MB at UTC 2024.03.26 14:05:33.467
\o *Info*    Client has finished evaluating ... 
\o 
\o 
\o *Info*    Run complete for Point ID (38 283) on testbench [
\o           Montecarlo ].
\o 
\o 
\o 
\o 
\o 
\o *Info*    Client has finished evaluating ... 
\o 
\o 
\o *Info*    Run complete for Point ID (38 284) on testbench [
\o           Montecarlo ].
\o 
\o 
\o 
\o 
\o 
\o *Info*    Client has finished evaluating ... 
\o 
\o 
\o *Info*    Run complete for Point ID (38 285) on testbench [
\o           Montecarlo ].
\o 
\o 
\o 
\o 
\o 
\o *Info*    Client has finished evaluating ... 
\o 
\o 
\o *Info*    Run complete for Point ID (38 286) on testbench [
\o           Montecarlo ].
\o 
\o 
\o 
\o 
\o 
\o *Info*    Client has finished evaluating ... 
\o 
\o 
\o *Info*    Run complete for Point ID (38 287) on testbench [
\o           Montecarlo ].
\o 
\o 
\o 
\o 
\o 
\o *Info*    Client has finished evaluating ... 
\o 
\o 
\o *Info*    Run complete for Point ID (38 288) on testbench [
\o           Montecarlo ].
\o 
\o 
\o 
\o 
\o 
\o *Info*    Client has finished evaluating ... 
\o 
\o 
\o *Info*    Run complete for Point ID (38 289) on testbench [
\o           Montecarlo ].
\o 
\o 
\o 
\o 
\o 
\# Memory report: using       2,221 MB, process size 4,010 MB at UTC 2024.03.26 14:05:50.208
\o *Info*    Client has finished evaluating ... 
\o 
\o 
\o *Info*    Run complete for Point ID (38 290) on testbench [
\o           Montecarlo ].
\o 
\o 
\o 
\o 
\o 
\o *Info*    Client has finished evaluating ... 
\o 
\o 
\o *Info*    Run complete for Point ID (38 291) on testbench [
\o           Montecarlo ].
\o 
\o 
\o 
\o 
\o 
\o *Info*    Client has finished evaluating ... 
\o 
\o 
\o *Info*    Run complete for Point ID (38 292) on testbench [
\o           Montecarlo ].
\o 
\o 
\o 
\o 
\o 
\o *Info*    Client has finished evaluating ... 
\o 
\o 
\o *Info*    Run complete for Point ID (38 293) on testbench [
\o           Montecarlo ].
\o 
\o 
\o 
\o 
\o 
\o *Info*    Client has finished evaluating ... 
\o 
\o 
\o *Info*    Run complete for Point ID (38 294) on testbench [
\o           Montecarlo ].
\o 
\o 
\o 
\o 
\o 
\# Memory report: Maximum memory size now 12,056 MB at UTC 2024.03.26 14:06:00.077
\o *Info*    Client has finished evaluating ... 
\o 
\o 
\o *Info*    Run complete for Point ID (38 295) on testbench [
\o           Montecarlo ].
\o 
\o 
\o 
\o 
\o 
\o *Info*    Client has finished evaluating ... 
\o 
\o 
\o *Info*    Run complete for Point ID (38 296) on testbench [
\o           Montecarlo ].
\o 
\o 
\o 
\o 
\o 
\o *Info*    Client has finished evaluating ... 
\o 
\o 
\o *Info*    Run complete for Point ID (38 297) on testbench [
\o           Montecarlo ].
\o 
\o 
\o 
\o 
\o 
\o INFO (ADE-3071): Simulation completed successfully.
\o reading simulation data...
\o       ...successful.
\o *Info*    Client has finished evaluating ... 
\o 
\o 
\o *Info*    Run complete for Point ID (38 298) on testbench [
\o           Montecarlo ].
\o 
\o 
\o 
\o 
\o 
\# Memory report: using       2,351 MB, process size 4,140 MB at UTC 2024.03.26 14:06:03.662
\o *Info*    Client has finished evaluating ... 
\o 
\o 
\o *Info*    Run complete for Point ID (38 299) on testbench [
\o           Montecarlo ].
\o 
\o 
\o 
\o 
\o 
\o *Info*    Client has finished evaluating ... 
\o 
\o 
\o *Info*    Run complete for Point ID (38 300) on testbench [
\o           Montecarlo ].
\o 
\o 
\o 
\o 
\o 
\o *Info*    Monte Carlo Simulation completed successfully...
\# Memory report: Maximum memory size now 11,805 MB at UTC 2024.03.26 14:06:10.363
\o Simulation design variables differ from those on the cellView,
\o they have been saved in the file "/tmp/saved-design-variables".
\o To save future changes, copy variables to cellView before exiting.
\# Lic Summary:
\# [10:11:12.416368] Cdslmd servers:3000@lic08.ug.kth.se
\# [10:11:12.416387] Feature usage summary:
\# Memory report: on exit          2,365 MB, process size 4,154 MB at UTC 2024.03.26 14:11:12.425
\# Memory report: peak usage       2,365 MB, process size 4,154 MB
