*Info*    Exporting services from client ... 

*Info*    Client has finished starting ... 



*Info*    Configuring the session ...

	Library      = PULSE_GENERATOR
	Cell         = pulse_generator_tb
	View         = config
	Simulator    = spectre
	State Path   = $AXL_SETUPDB_DIR/test_states
	State Name   = PULSE_GENERATOR:pulse_generator_tb:1_none_Interactive.76
	Results DB   = /home/saul/projects/ASKA/PULSE_GENERATOR/pulse_generator_tb/adexl/results/data/Interactive.76.rdb
	Results Dir  = /home/saul/projects/ASKA/Sim/PULSE_GENERATOR/pulse_generator_tb/adexl/results/data/Interactive.76/1/PULSE_GENERATOR:pulse_generator_tb:1
	Results Loc  = /home/saul/projects/ASKA/Sim/PULSE_GENERATOR/pulse_generator_tb/adexl/results/data
	Project Dir  = /home/saul/projects/ASKA/Sim
	Setup DB loc = /home/saul/projects/ASKA/PULSE_GENERATOR/pulse_generator_tb/adexl
	File Encoding = 0



*Info*    The auto suspension is disabled.






*Info*    Run start for Point ID (76 1) on testbench [
          PULSE_GENERATOR:pulse_generator_tb:1 ].

Resetting statistical vars

*Info*    Setting parameter values ...

Setting var DN1 = "0"
Setting var DN2 = "0"
Setting var RES = "200"
Setting var UP1 = "0"
Setting var UP2 = "0"
Setting var VDD3 = "3.3"
Setting var VDD3_PULSE = "0"
Setting var VDDHV = "40"
Setting var VDDHV_PULSE = "0"
Setting var temperature = "27"
Setting temp(T) = 27

*Info*    Netlist Directory =
          /home/saul/projects/ASKA/Sim/PULSE_GENERATOR/pulse_generator_tb/adexl/results/data/Interactive.76/1/PULSE_GENERATOR:pulse_generator_tb:1/netlist


*Info*    Data Directory    =
          /home/saul/projects/ASKA/Sim/PULSE_GENERATOR/pulse_generator_tb/adexl/results/data/Interactive.76/1/PULSE_GENERATOR:pulse_generator_tb:1


*Info*    Creating Netlist for Point ID (76 1)

generate netlist...
function ansCdlCompPrim redefined
function ansCdlCompPrim redefined
Begin Incremental Netlisting Apr 25 02:58:22 2024
WARNING (OSSHNL-226): There are more design variables used in the current netlisting session as
compared to the last session in the current run directory. The netlist(s)
generated in the last netlisting session cannot be reused for incremental
netlisting. Therefore re-netlisting the design.

WARNING (ADE-6003): Terminal "EN", specified in the CDF termOrder, does not exist
           in the cell-view "PULSE_GENERATOR" "pulse_generator" "schematic"
WARNING (ADE-6004): Mismatch was found between the terminals in the cellView and those on the
           termOrder property on the CDF. Because of the mismatch, the CDF termOrder will
           be ignored. The terminals in the cellView will be netlisted in the alphabetical
           order of their names. Eliminate the mismatch if you want the CDF termOrder
           property to be used for netlisting.
           To edit CDF of a cell, 
           i) Open CIW->Tools->CDF->Edit.
           ii) Select Library Name & Cell Name.
           iii) Click on the Edit button in the simulation information section of the
                Edit CDF window.
End netlisting Apr 25 02:58:22 2024

Netlisting Statistics:
	Number of components:  475

	Elapsed time:          0.0s
Errors: 0	Warnings: 2
      ...successful.
compose simulator input file...
      ...successful.

*Info*    Running simulation on testbench [
          PULSE_GENERATOR:pulse_generator_tb:1 ] for Point ID (76 1).

Delete psf data in /home/saul/projects/ASKA/Sim/PULSE_GENERATOR/pulse_generator_tb/adexl/results/data/Interactive.76/1/PULSE_GENERATOR:pulse_generator_tb:1/psf.
compose simulator input file...
      ...successful.
start simulator if needed...
      ...successful.
simulate...
To view the simulator output, right-click on the test name, result 
name, or any value in the "Results" tab of the Outputs section and 
choose "Output Log" menu option.
INFO (ADE-3071): Simulation completed successfully.
reading simulation data...
      ...successful.
*Info*    Client has finished evaluating ... 


*Info*    Run complete for Point ID (76 1) on testbench [
          PULSE_GENERATOR:pulse_generator_tb:1 ].





Simulation design variables differ from those on the cellView,
they have been saved in the file "/tmp/saved-design-variables".
To save future changes, copy variables to cellView before exiting.
