\# Program start time:     UTC 2024.06.18 07:02:54.814
\# Local time: EDT (UTC-04:00) 2024.06.18 03:02:54.814
\o Program:		@(#)$CDS: virtuoso version 6.1.8-64b 10/11/2023 09:56 (cpgbld01) $
\o Hierarchy:		/home/saul/cadence/installs/IC618/tools.lnx86/dfII/
\o Sub version:		sub-version  IC6.1.8-64b.500.34  (64-bit addresses)
\# Command line:	/pkg/cadence/installs/IC618/tools.lnx86/dfII/bin/64bit/virtuoso -noautostart -mpssession virtuoso2190 -mpshost phoenix -davinciService DaVinciService_2190_1718683360 -log /home/saul/projects/ASKA/logs_saul/logs0/Job187.log -licenseLockFileName /home/saul/projects/ASKA/.tmp_saul/.phoenix_2190 -interactiveA -interactiveE -interactiveRTT -nostdin -nographE -axlChildIdFlag 187
\# Host name (type):	phoenix (x86_64)
\# Operating system:	Linux 3.10.0-1160.105.1.el7.x86_64 #1 SMP Thu Dec 7 15:39:45 UTC 2023
\# Linux /etc/issue:	\S
\# Linux /etc/issue:	Kernel \r on an \m
\# X display name (WxH):	:6304 (1024x868)
\# Available geometry:			TL(0:0) BR(1023:867)
\# X server:			The X.Org Foundation
\# Depth of Visual (Root):	24 (24)
\# Number of Planes Used:	24
\# X version:		11.0 (vendor release 12004000)
\# X resource pool:	base 0x400000, mask 0x1fffff (2097151), shift 0
\# 			current id 0x0, current max 0x1ffffa (2097146)
\# Max data seg size:	     unlimited
\# Max process size:	     unlimited
\# Initial sbrk value:	        641 MB
\# Available memory:	     22,241 MB
\# System memory:	     25,561 MB
\# Maximum memory size:	     25,139 MB
\# Max mem available:	     22,459 MB
\# Initial memory used:	        218 MB
\#        process size:	      1,821 MB
\# Thread usage limits (effective/default):	maxthreads 4096/4096 maxload 7.00/7.00
\# Qt version:		5.9.1
\# Window Manager:	other
\# User Name:		saul
\o Working Directory:	phoenix:/home/saul/projects/ASKA
\# Process Id:		30755
\o 
\o COPYRIGHT (C) 1992-2023  CADENCE DESIGN SYSTEMS INC.  ALL RIGHTS RESERVED.
\o           (C) 1992-2023  UNIX SYSTEMS Laboratories INC.,
\o                          Reproduced with permission.
\o 
\o This Cadence Design Systems program and online documentation are
\o proprietary/confidential information and may be disclosed/used only
\o as authorized in a license agreement controlling such use and disclosure.
\o 
\o           RESTRICTED RIGHTS NOTICE (SHORT FORM)
\o Use/reproduction/disclosure is subject to restriction
\o set forth at FAR 1252.227-19 or its equivalent.
\o Loading geView.cxt 
\o Loading menuBuilder.cxt 
\o Loading schView.cxt 
\o Loading selectSv.cxt 
\o Loading pvsui.cxt
\o Loading wireEdit.cxt 
\o Loading pte2.cxt 
\o Loading xlUI.cxt 
\o Loading auCore.cxt 
\o Loading vhdl.cxt 
\o Loading seismic.cxt 
\o Loading ci.cxt 
\o Loading ams.cxt 
\o Loading oasis.cxt 
\o Loading analog.cxt 
\o Loading asimenv.cxt 
\o Loading dal.cxt 
\o Loading awv.cxt 
\o Loading socket.cxt 
\o Loading par.cxt 
\o Loading alvs.cxt 
\o Loading caa.cxt 
\o Loading amps.cxt 
\o Loading adexlCore.cxt 
\o Loading adexl.cxt 
\o *Info*    Exporting services from client ... 
\o 
\o Loading adexlDM.cxt 
\o Loading cpf.cxt 
\o Loading cli.cxt 
\o Loading lp.cxt 
\# Memory report: using         355 MB, process size 2,080 MB at UTC 2024.06.18 07:02:56.057
\o INFO (ELI-00302) Connecting to parent process (session=virtuoso2190, host=phoenix). Connection mode is ICRP. Total timeout is 180 seconds. Connection timeout is 90 seconds.
\o INFO (ELI-00303) Step 1: Connecting to parent. Time spent is 0 seconds.
\o INFO (ELI-00304) The registration of the child 30755 within 90 seconds is being processed...
\o INFO (ELI-00305) The result of registration is true. Time spent is 0 seconds.
\o INFO (ELI-00308) The connection has ended. Result is true. Total time spent is 0 seconds.
\# [03:02:54.512369] Configured Lic search path (22.01-s002): 3000@lic08.ug.kth.se
\o Loading .cdsinit for the XH018 X-Fab XKit.
\o     LOAD xh018_1143 SPECIFIC CALL-BACK ROUTINES
\o     LOAD ALL AVAILABLE P-CELL FUNCTIONS
\o ** Info: PDK loadpath is "/home/saul/pkg/xfab/XKIT/xh018/cadence/v9_0/PDK/IC61/v9_0_4"
\o Loading XfSktTools.cxt
\o Loading XfMenu.cxt
\o Loading XfTechXh018.cxt
\o Loading XfPcellCore.cxt
\o function ansiSpicePrintProperties_subcircuit redefined
\o Loading XfSkillExt.cxt
\o Initializing library.
\o Finished Initializing Library .
\o     Generic PcellKit: 'production' loaded.
\o     Generic Pcell Skill Tools: 'production' loaded.
\o Loading Circuit Prospector Setup (XfCircuitProspSetup.il)
\o     LOAD THE ENVIRONMENT FILE
\o  --> Setting the required PDK definitions...
\o     GDSII LAYER MAPPING FILE = "./.xkit/setup/xh018/cadence/PDK/TECH_XH018_1143/strmInOut.layertable"
\o     GDSII OBJECT MAPPING FILE = "./.xkit/setup/xh018/cadence/PDK/TECH_XH018_1143/strmOutObjects.map"
\o Use model setup from PDK...
\o Loading spectrei.cxt 
\o Loading devCheck.cxt 
\o Loading relXpert.cxt 
\o Loading vdsil.cxt 
\o Loading hspiceD.cxt 
\o Loading spectreinl.cxt 
\o Loading UltraSim.cxt 
\o Loading msgHandler.cxt 
\o Loading AMSOSS.cxt 
\o Loading AMS.cxt 
\o  --> Finished setting the required PDK definitions
\o  --> Setting the recommended EDA tool defaults...
\o  --> Finished setting the recommended EDA tool defaults
\o     LOAD DEFAULT BINDKEYS
\o Loading viva.cxt 
\o  --> AssuraTools Setup not available
\o *Info*    Client has finished starting ... 
\o 
\p > 
\# Loading perfDiag...
\# (PerfDiag): Set GDB path to environment variable 'gdbPath' (gdb).
\# Performance Diagnostic tool is installed. You can access PerfDiag from CIW Tools or use the shell command 'cdsPerfDiag -p 30755' to open it when Virtuoso freezes.
\# (PerfDiag): Loading backtrace from /pkg/cadence/installs/IC618/tools/lib/64bit/cdnslibunwind.so
\# Memory report: using         482 MB, process size 2,221 MB at UTC 2024.06.18 07:02:58.082
\o Loading vqp.cxt 
\o Loading hdlPkg.cxt 
\o 
\o 
\o *Info*    Configuring the session ...
\o 
\o Loading simui.cxt 
\o 	Library      = CURRENT_SOURCE
\o 	Cell         = current_source_gm_tb
\o 	View         = config
\o 	Simulator    = spectre
\o 	State Path   = $AXL_SETUPDB_DIR/test_states
\o 	State Name   = Corner_Sim_none_Interactive.305
\o 	Results DB   = /home/saul/projects/ASKA/CURRENT_SOURCE/current_source_gm_tb/adexl/results/data/Interactive.305.rdb
\o 	Results Dir  = /home/saul/projects/ASKA/Sim/CURRENT_SOURCE/current_source_gm_tb/adexl/results/data/Interactive.305/1/Corner_Sim
\o 	Results Loc  = /home/saul/projects/ASKA/Sim/CURRENT_SOURCE/current_source_gm_tb/adexl/results/data
\o 	Project Dir  = /home/saul/projects/ASKA/Sim
\o 	Setup DB loc = /home/saul/projects/ASKA/CURRENT_SOURCE/current_source_gm_tb/adexl
\o 	File Encoding = 0
\o 
\o 
\o WARNING (ADE-7017): The Spectre run mode needs to be 'batch' when EM/IR analysis is enabled. Automatically setting the run mode to 'batch'.
\o 
\o *Info*    The auto suspension is disabled.
\o 
\o     LOAD GENERIC "X-KIT" SKILL CONTEXT "./.xkit/setup/x_all/cadence/xenv/skill/context6/xkit.cxt" 
\o  - Menu "XKit Utilities" installed to CIW.
\o     LOAD ".cdsinit_personal" FILE FROM THE WORKING DIRECTORY.
\o     INFO: To customize this setup, please use the following environment variables:
\o           CUSTOM_SCRIPT_PATH - should point to the master shell or perl script
\o                              e.g.:
\o                              setenv CUSTOM_SCRIPT_PATH /path/to/my/script/LoadMyScripts.csh
\o           CUSTOM_SKILL_PATH - should point to your master skill load file
\o                              e.g.:
\o                              setenv CUSTOM_SKILL_PATH /path/to/my/skill/LoadMySkills.il
\o  loading default key binding 
\o  -> END LOAD ".cdsinit" FILE
\o Loading monte.cxt 
\o 
\o 
\o 
\o 
\o 
\o *Info*    Run start for Point ID (68 5) on testbench [ Corner_Sim ].
\o 
\o Resetting statistical vars
\o 
\o *Info*    Setting parameter values ...
\o 
\o Setting var ENABLE = "3.3"
\o Setting var ENABLE_STEP = "0"
\o Setting var IBIAS = "1u"
\o Setting var IBIAS_PULSE = "0"
\o Setting var PACTIVE = "3.3"
\o Setting var PACTIVE_STEP = "0"
\o Setting var VDD = "3.6"
\o Setting var VDDH = "40"
\o Setting var VDDH_STEP = "0"
\o Setting var VDD_AC = "0"
\o Setting var VDD_STEP = "0"
\o Setting var VIN_AC = "1"
\o Setting var VIN_DC = "1"
\o Setting var VIN_STEP = "33m"
\o Setting var VIN_STEP2 = "0"
\o Setting var VSWITCH = "18"
\o Setting var VSWITCH_STEP = "0"
\o Setting var temperature = "85"
\o Setting temp(T) = 85
\o 
\o *Info*    Netlist Directory =
\o           /home/saul/projects/ASKA/Sim/CURRENT_SOURCE/current_source_gm_tb/adexl/results/data/Interactive.305/5/Corner_Sim/netlist
\o 
\o 
\o *Info*    Data Directory    =
\o           /home/saul/projects/ASKA/Sim/CURRENT_SOURCE/current_source_gm_tb/adexl/results/data/Interactive.305/5/Corner_Sim
\o 
\o 
\o *Info*    Creating Netlist for Point ID (68 5)
\o 
\o generate netlist...
\o Loading hnlInit.cxt 
\o Loading seCore.cxt 
\o function ansCdlCompPrim redefined
\o function ansCdlCompPrim redefined
\# [03:02:58.346835] Periodic Lic check successful
\# [03:02:58.346841] Feature usage summary:
\o Begin Incremental Netlisting Jun 18 03:02:58 2024
\o End netlisting Jun 18 03:02:58 2024
\o 
\o 	The netlist is up to date.
\o 	Time taken to compare the design with netlist:   0.0s
\o       ...successful.
\o compose simulator input file...
\o       ...successful.
\o 
\o *Info*    Running simulation on testbench [ Corner_Sim ] for Point ID
\o           (68 5).
\o 
\o Delete psf data in /home/saul/projects/ASKA/Sim/CURRENT_SOURCE/current_source_gm_tb/adexl/results/data/Interactive.305/5/Corner_Sim/psf.
\o compose simulator input file...
\o       ...successful.
\o start simulator if needed...
\o       ...successful.
\o simulate...
\o To view the simulator output, right-click on the test name, result 
\o name, or any value in the "Results" tab of the Outputs section and 
\o choose "Output Log" menu option.
\# Memory report: using         621 MB, process size 2,410 MB at UTC 2024.06.18 07:02:59.098
\o Loading paraplot.cxt 
\o INFO (ADE-3071): Simulation completed successfully.
\o reading simulation data...
\o       ...successful.
\o *Info*    Client has finished evaluating ... 
\o 
\e *Error* deriv: can't handle deriv(nil)
\e 
\e 
\o ERROR (ADE-2709): Evaluation of output 'DC_GAIN' returned 'nil' for point:'5' test:'Corner_Sim'
\o 	Expression:'deriv(IS("/I0/OUT"))'.
\o Ensure that the definition of output is correct.
\o 
\o 
\o *Info*    Run complete for Point ID (68 5) on testbench [ Corner_Sim
\o           ].
\o 
\o 
\o 
\o 
\o 
\o 
\o 
\o 
\o 
\o 
\o *Info*    Run start for Point ID (68 9) on testbench [ Corner_Sim ].
\o 
\o Resetting statistical vars
\o 
\o *Info*    Setting parameter values ...
\o 
\o 
\o *Info*    Netlist Directory =
\o           /home/saul/projects/ASKA/Sim/CURRENT_SOURCE/current_source_gm_tb/adexl/results/data/Interactive.305/9/Corner_Sim/netlist
\o 
\o 
\o *Info*    Data Directory    =
\o           /home/saul/projects/ASKA/Sim/CURRENT_SOURCE/current_source_gm_tb/adexl/results/data/Interactive.305/9/Corner_Sim
\o 
\o 
\o *Info*    Creating Netlist for Point ID (68 9)
\o 
\o generate netlist...
\o function ansCdlCompPrim redefined
\o function ansCdlCompPrim redefined
\o Begin Incremental Netlisting Jun 18 03:03:00 2024
\o End netlisting Jun 18 03:03:00 2024
\o 
\o 	The netlist is up to date.
\o 	Time taken to compare the design with netlist:   0.0s
\o       ...successful.
\o compose simulator input file...
\o       ...successful.
\o 
\o *Info*    Running simulation on testbench [ Corner_Sim ] for Point ID
\o           (68 9).
\o 
\o Delete psf data in /home/saul/projects/ASKA/Sim/CURRENT_SOURCE/current_source_gm_tb/adexl/results/data/Interactive.305/9/Corner_Sim/psf.
\o compose simulator input file...
\o       ...successful.
\o start simulator if needed...
\o       ...successful.
\o simulate...
\o To view the simulator output, right-click on the test name, result 
\o name, or any value in the "Results" tab of the Outputs section and 
\o choose "Output Log" menu option.
\o INFO (ADE-3071): Simulation completed successfully.
\o reading simulation data...
\o       ...successful.
\o *Info*    Client has finished evaluating ... 
\o 
\e *Error* deriv: can't handle deriv(nil)
\e 
\e 
\o ERROR (ADE-2709): Evaluation of output 'DC_GAIN' returned 'nil' for point:'9' test:'Corner_Sim'
\o 	Expression:'deriv(IS("/I0/OUT"))'.
\o Ensure that the definition of output is correct.
\o 
\o 
\o *Info*    Run complete for Point ID (68 9) on testbench [ Corner_Sim
\o           ].
\o 
\o 
\o 
\o 
\o 
\o 
\o 
\o 
\o 
\o 
\o *Info*    Run start for Point ID (68 13) on testbench [ Corner_Sim ].
\o 
\o Resetting statistical vars
\o 
\o *Info*    Setting parameter values ...
\o 
\o 
\o *Info*    Netlist Directory =
\o           /home/saul/projects/ASKA/Sim/CURRENT_SOURCE/current_source_gm_tb/adexl/results/data/Interactive.305/13/Corner_Sim/netlist
\o 
\o 
\o *Info*    Data Directory    =
\o           /home/saul/projects/ASKA/Sim/CURRENT_SOURCE/current_source_gm_tb/adexl/results/data/Interactive.305/13/Corner_Sim
\o 
\o 
\o *Info*    Creating Netlist for Point ID (68 13)
\o 
\o generate netlist...
\o function ansCdlCompPrim redefined
\o function ansCdlCompPrim redefined
\o Begin Incremental Netlisting Jun 18 03:03:01 2024
\o End netlisting Jun 18 03:03:01 2024
\o 
\o 	The netlist is up to date.
\o 	Time taken to compare the design with netlist:   0.0s
\o       ...successful.
\o compose simulator input file...
\o       ...successful.
\o 
\o *Info*    Running simulation on testbench [ Corner_Sim ] for Point ID
\o           (68 13).
\o 
\o Delete psf data in /home/saul/projects/ASKA/Sim/CURRENT_SOURCE/current_source_gm_tb/adexl/results/data/Interactive.305/13/Corner_Sim/psf.
\o compose simulator input file...
\o       ...successful.
\o start simulator if needed...
\o       ...successful.
\o simulate...
\o To view the simulator output, right-click on the test name, result 
\o name, or any value in the "Results" tab of the Outputs section and 
\o choose "Output Log" menu option.
\o INFO (ADE-3071): Simulation completed successfully.
\o reading simulation data...
\o       ...successful.
\o *Info*    Client has finished evaluating ... 
\o 
\e *Error* deriv: can't handle deriv(nil)
\e 
\e 
\o ERROR (ADE-2709): Evaluation of output 'DC_GAIN' returned 'nil' for point:'13' test:'Corner_Sim'
\o 	Expression:'deriv(IS("/I0/OUT"))'.
\o Ensure that the definition of output is correct.
\o 
\o 
\o *Info*    Run complete for Point ID (68 13) on testbench [ Corner_Sim
\o           ].
\o 
\o 
\o 
\o 
\o 
\o 
\o 
\o 
\o 
\o 
\o *Info*    Run start for Point ID (68 17) on testbench [ Corner_Sim ].
\o 
\o Resetting statistical vars
\o 
\o *Info*    Setting parameter values ...
\o 
\o 
\o *Info*    Netlist Directory =
\o           /home/saul/projects/ASKA/Sim/CURRENT_SOURCE/current_source_gm_tb/adexl/results/data/Interactive.305/17/Corner_Sim/netlist
\o 
\o 
\o *Info*    Data Directory    =
\o           /home/saul/projects/ASKA/Sim/CURRENT_SOURCE/current_source_gm_tb/adexl/results/data/Interactive.305/17/Corner_Sim
\o 
\o 
\o *Info*    Creating Netlist for Point ID (68 17)
\o 
\o generate netlist...
\o function ansCdlCompPrim redefined
\o function ansCdlCompPrim redefined
\o Begin Incremental Netlisting Jun 18 03:03:03 2024
\o End netlisting Jun 18 03:03:03 2024
\o 
\o 	The netlist is up to date.
\o 	Time taken to compare the design with netlist:   0.0s
\o       ...successful.
\o compose simulator input file...
\o       ...successful.
\o 
\o *Info*    Running simulation on testbench [ Corner_Sim ] for Point ID
\o           (68 17).
\o 
\o Delete psf data in /home/saul/projects/ASKA/Sim/CURRENT_SOURCE/current_source_gm_tb/adexl/results/data/Interactive.305/17/Corner_Sim/psf.
\o compose simulator input file...
\o       ...successful.
\o start simulator if needed...
\o       ...successful.
\o simulate...
\o To view the simulator output, right-click on the test name, result 
\o name, or any value in the "Results" tab of the Outputs section and 
\o choose "Output Log" menu option.
\o INFO (ADE-3071): Simulation completed successfully.
\o reading simulation data...
\o       ...successful.
\o *Info*    Client has finished evaluating ... 
\o 
\e *Error* deriv: can't handle deriv(nil)
\e 
\e 
\o ERROR (ADE-2709): Evaluation of output 'DC_GAIN' returned 'nil' for point:'17' test:'Corner_Sim'
\o 	Expression:'deriv(IS("/I0/OUT"))'.
\o Ensure that the definition of output is correct.
\o 
\o 
\o *Info*    Run complete for Point ID (68 17) on testbench [ Corner_Sim
\o           ].
\o 
\o 
\o 
\o 
\o 
\# Available memory:         20,415 MB at UTC 2024.06.18 07:03:04.997
\# Memory report: Maximum memory size now 21,125 MB at UTC 2024.06.18 07:03:04.997
\# Thread usage report: 13 active threads, active load 1.40 at UTC 2024.06.18 07:03:04.997
\o 
\o 
\o 
\o 
\o 
\o *Info*    Run start for Point ID (68 21) on testbench [ Corner_Sim ].
\o 
\o Resetting statistical vars
\o 
\o *Info*    Setting parameter values ...
\o 
\o 
\o *Info*    Netlist Directory =
\o           /home/saul/projects/ASKA/Sim/CURRENT_SOURCE/current_source_gm_tb/adexl/results/data/Interactive.305/21/Corner_Sim/netlist
\o 
\o 
\o *Info*    Data Directory    =
\o           /home/saul/projects/ASKA/Sim/CURRENT_SOURCE/current_source_gm_tb/adexl/results/data/Interactive.305/21/Corner_Sim
\o 
\o 
\o *Info*    Creating Netlist for Point ID (68 21)
\o 
\o generate netlist...
\o function ansCdlCompPrim redefined
\o function ansCdlCompPrim redefined
\o Begin Incremental Netlisting Jun 18 03:03:05 2024
\o End netlisting Jun 18 03:03:05 2024
\o 
\o 	The netlist is up to date.
\o 	Time taken to compare the design with netlist:   0.0s
\o       ...successful.
\o compose simulator input file...
\o       ...successful.
\o 
\o *Info*    Running simulation on testbench [ Corner_Sim ] for Point ID
\o           (68 21).
\o 
\o Delete psf data in /home/saul/projects/ASKA/Sim/CURRENT_SOURCE/current_source_gm_tb/adexl/results/data/Interactive.305/21/Corner_Sim/psf.
\o compose simulator input file...
\o       ...successful.
\o start simulator if needed...
\o       ...successful.
\o simulate...
\o To view the simulator output, right-click on the test name, result 
\o name, or any value in the "Results" tab of the Outputs section and 
\o choose "Output Log" menu option.
\o INFO (ADE-3071): Simulation completed successfully.
\o reading simulation data...
\o       ...successful.
\o *Info*    Client has finished evaluating ... 
\o 
\e *Error* deriv: can't handle deriv(nil)
\e 
\e 
\o ERROR (ADE-2709): Evaluation of output 'DC_GAIN' returned 'nil' for point:'21' test:'Corner_Sim'
\o 	Expression:'deriv(IS("/I0/OUT"))'.
\o Ensure that the definition of output is correct.
\o 
\o 
\o *Info*    Run complete for Point ID (68 21) on testbench [ Corner_Sim
\o           ].
\o 
\o 
\o 
\o 
\o 
\o 
\o 
\o 
\o 
\o 
\o *Info*    Run start for Point ID (68 25) on testbench [ Corner_Sim ].
\o 
\o Resetting statistical vars
\o 
\o *Info*    Setting parameter values ...
\o 
\o 
\o *Info*    Netlist Directory =
\o           /home/saul/projects/ASKA/Sim/CURRENT_SOURCE/current_source_gm_tb/adexl/results/data/Interactive.305/25/Corner_Sim/netlist
\o 
\o 
\o *Info*    Data Directory    =
\o           /home/saul/projects/ASKA/Sim/CURRENT_SOURCE/current_source_gm_tb/adexl/results/data/Interactive.305/25/Corner_Sim
\o 
\o 
\o *Info*    Creating Netlist for Point ID (68 25)
\o 
\o generate netlist...
\o function ansCdlCompPrim redefined
\o function ansCdlCompPrim redefined
\o Begin Incremental Netlisting Jun 18 03:03:06 2024
\o End netlisting Jun 18 03:03:06 2024
\o 
\o 	The netlist is up to date.
\o 	Time taken to compare the design with netlist:   0.0s
\o       ...successful.
\o compose simulator input file...
\o       ...successful.
\o 
\o *Info*    Running simulation on testbench [ Corner_Sim ] for Point ID
\o           (68 25).
\o 
\o Delete psf data in /home/saul/projects/ASKA/Sim/CURRENT_SOURCE/current_source_gm_tb/adexl/results/data/Interactive.305/25/Corner_Sim/psf.
\o compose simulator input file...
\o       ...successful.
\o start simulator if needed...
\o       ...successful.
\o simulate...
\o To view the simulator output, right-click on the test name, result 
\o name, or any value in the "Results" tab of the Outputs section and 
\o choose "Output Log" menu option.
\# Memory report: using         731 MB, process size 2,520 MB at UTC 2024.06.18 07:03:07.345
\o INFO (ADE-3071): Simulation completed successfully.
\o reading simulation data...
\o       ...successful.
\o *Info*    Client has finished evaluating ... 
\o 
\e *Error* deriv: can't handle deriv(nil)
\e 
\e 
\o ERROR (ADE-2709): Evaluation of output 'DC_GAIN' returned 'nil' for point:'25' test:'Corner_Sim'
\o 	Expression:'deriv(IS("/I0/OUT"))'.
\o Ensure that the definition of output is correct.
\o 
\o 
\o *Info*    Run complete for Point ID (68 25) on testbench [ Corner_Sim
\o           ].
\o 
\o 
\o 
\o 
\o 
\o 
\o 
\o 
\o 
\o 
\o *Info*    Run start for Point ID (68 29) on testbench [ Corner_Sim ].
\o 
\o Resetting statistical vars
\o 
\o *Info*    Setting parameter values ...
\o 
\o 
\o *Info*    Netlist Directory =
\o           /home/saul/projects/ASKA/Sim/CURRENT_SOURCE/current_source_gm_tb/adexl/results/data/Interactive.305/29/Corner_Sim/netlist
\o 
\o 
\o *Info*    Data Directory    =
\o           /home/saul/projects/ASKA/Sim/CURRENT_SOURCE/current_source_gm_tb/adexl/results/data/Interactive.305/29/Corner_Sim
\o 
\o 
\o *Info*    Creating Netlist for Point ID (68 29)
\o 
\o generate netlist...
\o function ansCdlCompPrim redefined
\o function ansCdlCompPrim redefined
\o Begin Incremental Netlisting Jun 18 03:03:08 2024
\o End netlisting Jun 18 03:03:08 2024
\o 
\o 	The netlist is up to date.
\o 	Time taken to compare the design with netlist:   0.0s
\o       ...successful.
\o compose simulator input file...
\o       ...successful.
\o 
\o *Info*    Running simulation on testbench [ Corner_Sim ] for Point ID
\o           (68 29).
\o 
\o Delete psf data in /home/saul/projects/ASKA/Sim/CURRENT_SOURCE/current_source_gm_tb/adexl/results/data/Interactive.305/29/Corner_Sim/psf.
\o compose simulator input file...
\o       ...successful.
\o start simulator if needed...
\o       ...successful.
\o simulate...
\o To view the simulator output, right-click on the test name, result 
\o name, or any value in the "Results" tab of the Outputs section and 
\o choose "Output Log" menu option.
\o INFO (ADE-3071): Simulation completed successfully.
\o reading simulation data...
\o       ...successful.
\o *Info*    Client has finished evaluating ... 
\o 
\e *Error* deriv: can't handle deriv(nil)
\e 
\e 
\o ERROR (ADE-2709): Evaluation of output 'DC_GAIN' returned 'nil' for point:'29' test:'Corner_Sim'
\o 	Expression:'deriv(IS("/I0/OUT"))'.
\o Ensure that the definition of output is correct.
\o 
\o 
\o *Info*    Run complete for Point ID (68 29) on testbench [ Corner_Sim
\o           ].
\o 
\o 
\o 
\o 
\o 
\o 
\o 
\o 
\o 
\o 
\o *Info*    Run start for Point ID (68 33) on testbench [ Corner_Sim ].
\o 
\o Resetting statistical vars
\o 
\o *Info*    Setting parameter values ...
\o 
\o 
\o *Info*    Netlist Directory =
\o           /home/saul/projects/ASKA/Sim/CURRENT_SOURCE/current_source_gm_tb/adexl/results/data/Interactive.305/33/Corner_Sim/netlist
\o 
\o 
\o *Info*    Data Directory    =
\o           /home/saul/projects/ASKA/Sim/CURRENT_SOURCE/current_source_gm_tb/adexl/results/data/Interactive.305/33/Corner_Sim
\o 
\o 
\o *Info*    Creating Netlist for Point ID (68 33)
\o 
\o generate netlist...
\o function ansCdlCompPrim redefined
\o function ansCdlCompPrim redefined
\o Begin Incremental Netlisting Jun 18 03:03:09 2024
\o End netlisting Jun 18 03:03:09 2024
\o 
\o 	The netlist is up to date.
\o 	Time taken to compare the design with netlist:   0.0s
\o       ...successful.
\o compose simulator input file...
\o       ...successful.
\o 
\o *Info*    Running simulation on testbench [ Corner_Sim ] for Point ID
\o           (68 33).
\o 
\o Delete psf data in /home/saul/projects/ASKA/Sim/CURRENT_SOURCE/current_source_gm_tb/adexl/results/data/Interactive.305/33/Corner_Sim/psf.
\o compose simulator input file...
\o       ...successful.
\o start simulator if needed...
\o       ...successful.
\o simulate...
\o To view the simulator output, right-click on the test name, result 
\o name, or any value in the "Results" tab of the Outputs section and 
\o choose "Output Log" menu option.
\o INFO (ADE-3071): Simulation completed successfully.
\o reading simulation data...
\o       ...successful.
\o *Info*    Client has finished evaluating ... 
\o 
\e *Error* deriv: can't handle deriv(nil)
\e 
\e 
\o ERROR (ADE-2709): Evaluation of output 'DC_GAIN' returned 'nil' for point:'33' test:'Corner_Sim'
\o 	Expression:'deriv(IS("/I0/OUT"))'.
\o Ensure that the definition of output is correct.
\o 
\o 
\o *Info*    Run complete for Point ID (68 33) on testbench [ Corner_Sim
\o           ].
\o 
\o 
\o 
\o 
\o 
\o 
\o 
\o 
\o 
\o 
\o *Info*    Run start for Point ID (68 38) on testbench [ Corner_Sim ].
\o 
\o Resetting statistical vars
\o 
\o *Info*    Setting parameter values ...
\o 
\o Setting var VDD = "3"
\o Setting var temperature = "-40"
\o Setting temp(T) = -40
\o 
\o *Info*    Netlist Directory =
\o           /home/saul/projects/ASKA/Sim/CURRENT_SOURCE/current_source_gm_tb/adexl/results/data/Interactive.305/38/Corner_Sim/netlist
\o 
\o 
\o *Info*    Data Directory    =
\o           /home/saul/projects/ASKA/Sim/CURRENT_SOURCE/current_source_gm_tb/adexl/results/data/Interactive.305/38/Corner_Sim
\o 
\o 
\o *Info*    Creating Netlist for Point ID (68 38)
\o 
\o generate netlist...
\o function ansCdlCompPrim redefined
\o function ansCdlCompPrim redefined
\o Begin Incremental Netlisting Jun 18 03:03:11 2024
\o End netlisting Jun 18 03:03:11 2024
\o 
\o 	The netlist is up to date.
\o 	Time taken to compare the design with netlist:   0.0s
\o       ...successful.
\o compose simulator input file...
\o       ...successful.
\o 
\o *Info*    Running simulation on testbench [ Corner_Sim ] for Point ID
\o           (68 38).
\o 
\o Delete psf data in /home/saul/projects/ASKA/Sim/CURRENT_SOURCE/current_source_gm_tb/adexl/results/data/Interactive.305/38/Corner_Sim/psf.
\o compose simulator input file...
\o       ...successful.
\o start simulator if needed...
\o       ...successful.
\o simulate...
\o To view the simulator output, right-click on the test name, result 
\o name, or any value in the "Results" tab of the Outputs section and 
\o choose "Output Log" menu option.
\# Memory report: Maximum memory size now 20,273 MB at UTC 2024.06.18 07:03:14.548
\o INFO (ADE-3071): Simulation completed successfully.
\o reading simulation data...
\o       ...successful.
\o *Info*    Client has finished evaluating ... 
\o 
\e *Error* deriv: can't handle deriv(nil)
\e 
\e 
\o ERROR (ADE-2709): Evaluation of output 'DC_GAIN' returned 'nil' for point:'38' test:'Corner_Sim'
\o 	Expression:'deriv(IS("/I0/OUT"))'.
\o Ensure that the definition of output is correct.
\o 
\o 
\o *Info*    Run complete for Point ID (68 38) on testbench [ Corner_Sim
\o           ].
\o 
\o 
\o 
\o 
\o 
\o 
\o 
\o 
\o 
\o 
\o *Info*    Run start for Point ID (68 49) on testbench [ Corner_Sim ].
\o 
\o Resetting statistical vars
\o 
\o *Info*    Setting parameter values ...
\o 
\o Setting var VDD = "3.6"
\o Setting var temperature = "85"
\o Setting temp(T) = 85
\o 
\o *Info*    Netlist Directory =
\o           /home/saul/projects/ASKA/Sim/CURRENT_SOURCE/current_source_gm_tb/adexl/results/data/Interactive.305/49/Corner_Sim/netlist
\o 
\o 
\o *Info*    Data Directory    =
\o           /home/saul/projects/ASKA/Sim/CURRENT_SOURCE/current_source_gm_tb/adexl/results/data/Interactive.305/49/Corner_Sim
\o 
\o 
\o *Info*    Creating Netlist for Point ID (68 49)
\o 
\o generate netlist...
\o function ansCdlCompPrim redefined
\o function ansCdlCompPrim redefined
\o Begin Incremental Netlisting Jun 18 03:03:22 2024
\o End netlisting Jun 18 03:03:22 2024
\o 
\o 	The netlist is up to date.
\o 	Time taken to compare the design with netlist:   0.0s
\o       ...successful.
\o compose simulator input file...
\o       ...successful.
\o 
\o *Info*    Running simulation on testbench [ Corner_Sim ] for Point ID
\o           (68 49).
\o 
\o Delete psf data in /home/saul/projects/ASKA/Sim/CURRENT_SOURCE/current_source_gm_tb/adexl/results/data/Interactive.305/49/Corner_Sim/psf.
\o compose simulator input file...
\o       ...successful.
\o start simulator if needed...
\o       ...successful.
\o simulate...
\o To view the simulator output, right-click on the test name, result 
\o name, or any value in the "Results" tab of the Outputs section and 
\o choose "Output Log" menu option.
\o INFO (ADE-3071): Simulation completed successfully.
\o reading simulation data...
\o       ...successful.
\o *Info*    Client has finished evaluating ... 
\o 
\e *Error* deriv: can't handle deriv(nil)
\e 
\e 
\o ERROR (ADE-2709): Evaluation of output 'DC_GAIN' returned 'nil' for point:'49' test:'Corner_Sim'
\o 	Expression:'deriv(IS("/I0/OUT"))'.
\o Ensure that the definition of output is correct.
\o 
\o 
\o *Info*    Run complete for Point ID (68 49) on testbench [ Corner_Sim
\o           ].
\o 
\o 
\o 
\o 
\o 
\o 
\o 
\o 
\o 
\o 
\o *Info*    Run start for Point ID (68 53) on testbench [ Corner_Sim ].
\o 
\o Resetting statistical vars
\o 
\o *Info*    Setting parameter values ...
\o 
\o 
\o *Info*    Netlist Directory =
\o           /home/saul/projects/ASKA/Sim/CURRENT_SOURCE/current_source_gm_tb/adexl/results/data/Interactive.305/53/Corner_Sim/netlist
\o 
\o 
\o *Info*    Data Directory    =
\o           /home/saul/projects/ASKA/Sim/CURRENT_SOURCE/current_source_gm_tb/adexl/results/data/Interactive.305/53/Corner_Sim
\o 
\o 
\o *Info*    Creating Netlist for Point ID (68 53)
\o 
\o generate netlist...
\o function ansCdlCompPrim redefined
\o function ansCdlCompPrim redefined
\o Begin Incremental Netlisting Jun 18 03:03:24 2024
\o End netlisting Jun 18 03:03:24 2024
\o 
\o 	The netlist is up to date.
\o 	Time taken to compare the design with netlist:   0.0s
\o       ...successful.
\o compose simulator input file...
\o       ...successful.
\o 
\o *Info*    Running simulation on testbench [ Corner_Sim ] for Point ID
\o           (68 53).
\o 
\o Delete psf data in /home/saul/projects/ASKA/Sim/CURRENT_SOURCE/current_source_gm_tb/adexl/results/data/Interactive.305/53/Corner_Sim/psf.
\o compose simulator input file...
\o       ...successful.
\o start simulator if needed...
\o       ...successful.
\o simulate...
\o To view the simulator output, right-click on the test name, result 
\o name, or any value in the "Results" tab of the Outputs section and 
\o choose "Output Log" menu option.
\o INFO (ADE-3071): Simulation completed successfully.
\o reading simulation data...
\o       ...successful.
\o *Info*    Client has finished evaluating ... 
\o 
\e *Error* deriv: can't handle deriv(nil)
\e 
\e 
\o ERROR (ADE-2709): Evaluation of output 'DC_GAIN' returned 'nil' for point:'53' test:'Corner_Sim'
\o 	Expression:'deriv(IS("/I0/OUT"))'.
\o Ensure that the definition of output is correct.
\o 
\o 
\o *Info*    Run complete for Point ID (68 53) on testbench [ Corner_Sim
\o           ].
\o 
\o 
\o 
\o 
\o 
\o 
\o 
\o 
\o 
\o 
\o *Info*    Run start for Point ID (68 56) on testbench [ Corner_Sim ].
\o 
\o Resetting statistical vars
\o 
\o *Info*    Setting parameter values ...
\o 
\o Setting var temperature = "-40"
\o Setting temp(T) = -40
\o 
\o *Info*    Netlist Directory =
\o           /home/saul/projects/ASKA/Sim/CURRENT_SOURCE/current_source_gm_tb/adexl/results/data/Interactive.305/56/Corner_Sim/netlist
\o 
\o 
\o *Info*    Data Directory    =
\o           /home/saul/projects/ASKA/Sim/CURRENT_SOURCE/current_source_gm_tb/adexl/results/data/Interactive.305/56/Corner_Sim
\o 
\o 
\o *Info*    Creating Netlist for Point ID (68 56)
\o 
\o generate netlist...
\o function ansCdlCompPrim redefined
\o function ansCdlCompPrim redefined
\o Begin Incremental Netlisting Jun 18 03:03:26 2024
\# Memory report: using         845 MB, process size 2,634 MB at UTC 2024.06.18 07:03:26.066
\o End netlisting Jun 18 03:03:26 2024
\o 
\o 	The netlist is up to date.
\o 	Time taken to compare the design with netlist:   0.0s
\o       ...successful.
\o compose simulator input file...
\o       ...successful.
\o 
\o *Info*    Running simulation on testbench [ Corner_Sim ] for Point ID
\o           (68 56).
\o 
\o Delete psf data in /home/saul/projects/ASKA/Sim/CURRENT_SOURCE/current_source_gm_tb/adexl/results/data/Interactive.305/56/Corner_Sim/psf.
\o compose simulator input file...
\o       ...successful.
\o start simulator if needed...
\o       ...successful.
\o simulate...
\o To view the simulator output, right-click on the test name, result 
\o name, or any value in the "Results" tab of the Outputs section and 
\o choose "Output Log" menu option.
\# Memory report: Maximum memory size now 19,639 MB at UTC 2024.06.18 07:03:33.876
\o INFO (ADE-3071): Simulation completed successfully.
\o reading simulation data...
\o       ...successful.
\o *Info*    Client has finished evaluating ... 
\o 
\e *Error* deriv: can't handle deriv(nil)
\e 
\e 
\o ERROR (ADE-2709): Evaluation of output 'DC_GAIN' returned 'nil' for point:'56' test:'Corner_Sim'
\o 	Expression:'deriv(IS("/I0/OUT"))'.
\o Ensure that the definition of output is correct.
\o 
\o 
\o *Info*    Run complete for Point ID (68 56) on testbench [ Corner_Sim
\o           ].
\o 
\o 
\o 
\o 
\o 
\# Memory report: Maximum memory size now 20,355 MB at UTC 2024.06.18 07:03:43.876
\o Simulation design variables differ from those on the cellView,
\o they have been saved in the file "/tmp/saved-design-variables".
\o To save future changes, copy variables to cellView before exiting.
\o 
\o 
\o *Info*    Configuring the session ...
\o 
\o 	Library      = CURRENT_SOURCE
\o 	Cell         = current_source_gm_tb
\o 	View         = config
\o 	Simulator    = spectre
\o 	State Path   = $AXL_SETUPDB_DIR/test_states
\o 	State Name   = Corner_Sim_none_Interactive.306
\o 	Results DB   = /home/saul/projects/ASKA/CURRENT_SOURCE/current_source_gm_tb/adexl/results/data/Interactive.306.rdb
\o 	Results Dir  = /home/saul/projects/ASKA/Sim/CURRENT_SOURCE/current_source_gm_tb/adexl/results/data/Interactive.306/1/Corner_Sim
\o 	Results Loc  = /home/saul/projects/ASKA/Sim/CURRENT_SOURCE/current_source_gm_tb/adexl/results/data
\o 	Project Dir  = /home/saul/projects/ASKA/Sim
\o 	Setup DB loc = /home/saul/projects/ASKA/CURRENT_SOURCE/current_source_gm_tb/adexl
\o 	File Encoding = 0
\o 
\o 
\o 
\o *Info*    The auto suspension is disabled.
\o 
\o 
\o 
\o 
\o 
\o 
\o *Info*    Run start for Point ID (69 4) on testbench [ Corner_Sim ].
\o 
\o Resetting statistical vars
\o 
\o *Info*    Setting parameter values ...
\o 
\o Setting var ENABLE = "3.3"
\o Setting var ENABLE_STEP = "0"
\o Setting var IBIAS = "1u"
\o Setting var IBIAS_PULSE = "0"
\o Setting var PACTIVE = "3.3"
\o Setting var PACTIVE_STEP = "0"
\o Setting var VDD = "3.6"
\o Setting var VDDH = "40"
\o Setting var VDDH_STEP = "0"
\o Setting var VDD_AC = "0"
\o Setting var VDD_STEP = "0"
\o Setting var VIN_AC = "1"
\o Setting var VIN_DC = "1"
\o Setting var VIN_STEP = "33m"
\o Setting var VIN_STEP2 = "0"
\o Setting var VSWITCH = "18"
\o Setting var VSWITCH_STEP = "0"
\o Setting var temperature = "-40"
\o Setting temp(T) = -40
\o 
\o *Info*    Netlist Directory =
\o           /home/saul/projects/ASKA/Sim/CURRENT_SOURCE/current_source_gm_tb/adexl/results/data/Interactive.306/4/Corner_Sim/netlist
\o 
\o 
\o *Info*    Data Directory    =
\o           /home/saul/projects/ASKA/Sim/CURRENT_SOURCE/current_source_gm_tb/adexl/results/data/Interactive.306/4/Corner_Sim
\o 
\o 
\o *Info*    Creating Netlist for Point ID (69 4)
\o 
\o generate netlist...
\o function ansCdlCompPrim redefined
\o function ansCdlCompPrim redefined
\o Begin Incremental Netlisting Jun 18 03:05:10 2024
\o Loading json.cxt 
\o End netlisting Jun 18 03:05:10 2024
\o 
\o Netlisting Statistics:
\o 	Number of components:   33
\o 
\o 	Elapsed time:          0.0s
\o Errors: 0	Warnings: 0
\o       ...successful.
\o compose simulator input file...
\o       ...successful.
\o 
\o *Info*    Running simulation on testbench [ Corner_Sim ] for Point ID
\o           (69 4).
\o 
\o Delete psf data in /home/saul/projects/ASKA/Sim/CURRENT_SOURCE/current_source_gm_tb/adexl/results/data/Interactive.306/4/Corner_Sim/psf.
\o compose simulator input file...
\o       ...successful.
\o start simulator if needed...
\o       ...successful.
\o simulate...
\o To view the simulator output, right-click on the test name, result 
\o name, or any value in the "Results" tab of the Outputs section and 
\o choose "Output Log" menu option.
\# Memory report: Maximum memory size now 19,746 MB at UTC 2024.06.18 07:05:13.876
\o INFO (ADE-3071): Simulation completed successfully.
\o reading simulation data...
\o       ...successful.
\o *Info*    Client has finished evaluating ... 
\o 
\e *Error* deriv: can't handle deriv(nil)
\e 
\e 
\o ERROR (ADE-2709): Evaluation of output 'DC_GAIN' returned 'nil' for point:'4' test:'Corner_Sim'
\o 	Expression:'deriv(IS("/I0/OUT"))'.
\o Ensure that the definition of output is correct.
\o 
\o 
\o *Info*    Run complete for Point ID (69 4) on testbench [ Corner_Sim
\o           ].
\o 
\o 
\o 
\o 
\o 
\o 
\o 
\o 
\o 
\o 
\o *Info*    Run start for Point ID (69 11) on testbench [ Corner_Sim ].
\o 
\o Resetting statistical vars
\o 
\o *Info*    Setting parameter values ...
\o 
\o Setting var VDD = "3"
\o Setting var temperature = "85"
\o Setting temp(T) = 85
\o 
\o *Info*    Netlist Directory =
\o           /home/saul/projects/ASKA/Sim/CURRENT_SOURCE/current_source_gm_tb/adexl/results/data/Interactive.306/11/Corner_Sim/netlist
\o 
\o 
\o *Info*    Data Directory    =
\o           /home/saul/projects/ASKA/Sim/CURRENT_SOURCE/current_source_gm_tb/adexl/results/data/Interactive.306/11/Corner_Sim
\o 
\o 
\o *Info*    Creating Netlist for Point ID (69 11)
\o 
\o generate netlist...
\o function ansCdlCompPrim redefined
\o function ansCdlCompPrim redefined
\o Begin Incremental Netlisting Jun 18 03:05:21 2024
\o End netlisting Jun 18 03:05:21 2024
\o 
\o 	The netlist is up to date.
\o 	Time taken to compare the design with netlist:   0.0s
\o       ...successful.
\o compose simulator input file...
\o       ...successful.
\o 
\o *Info*    Running simulation on testbench [ Corner_Sim ] for Point ID
\o           (69 11).
\o 
\o Delete psf data in /home/saul/projects/ASKA/Sim/CURRENT_SOURCE/current_source_gm_tb/adexl/results/data/Interactive.306/11/Corner_Sim/psf.
\o compose simulator input file...
\o       ...successful.
\o start simulator if needed...
\o       ...successful.
\o simulate...
\o To view the simulator output, right-click on the test name, result 
\o name, or any value in the "Results" tab of the Outputs section and 
\o choose "Output Log" menu option.
\o *Info*    Current simulation for points ((69 11)).
\o *Info*    (ADE-3072): Simulation stopped because you selected the
\o           'Stop Simulation' command in ADE.
\o 
\o INFO (ADE-3067): Errors encountered during simulation. For more information, right-click
\o         on a test name in the 'Results' tab of the Outputs pane and choose 'Output Log'
\o         to view the simulation run log.
\o reading simulation data...
\o       ...successful.
\o *Info*    Client has finished evaluating ... 
\o 
\e *Error* deriv: can't handle deriv(nil)
\e 
\e 
\o ERROR (ADE-2709): Evaluation of output 'DC_GAIN' returned 'nil' for point:'11' test:'Corner_Sim'
\o 	Expression:'deriv(IS("/I0/OUT"))'.
\o Ensure that the definition of output is correct.
\o 
\o 
\o *Info*    Run complete for Point ID (69 11) on testbench [ Corner_Sim
\o           ].
\o 
\o 
\o 
\o 
\o 
\# Memory report: Maximum memory size now 20,135 MB at UTC 2024.06.18 07:06:33.878
\o Job 187 timed out after no activity in 300 seconds.
\o Simulation design variables differ from those on the cellView,
\o they have been saved in the file "/tmp/saved-design-variables".
\o To save future changes, copy variables to cellView before exiting.
\o 
\o *Info*    Received signal SIGTERM.
\o 
\o 
