\# Program start time:     UTC 2024.03.22 11:24:13.680
\# Local time: EDT (UTC-04:00) 2024.03.22 07:24:13.680
\o Program:		@(#)$CDS: virtuoso version 6.1.8-64b 10/11/2023 09:56 (cpgbld01) $
\o Hierarchy:		/home/saul/cadence/installs/IC618/tools.lnx86/dfII/
\o Sub version:		sub-version  IC6.1.8-64b.500.34  (64-bit addresses)
\# Command line:	/pkg/cadence/installs/IC618/tools.lnx86/dfII/bin/64bit/virtuoso -noautostart -mpssession virtuoso30923 -mpshost phoenix -davinciService DaVinciService_30923_1711084774 -log /home/saul/projects/ASKA/logs_saul/logs0/Job135.log -licenseLockFileName /home/saul/projects/ASKA/.tmp_saul/.phoenix_30923 -interactiveA -interactiveE -interactiveRTT -nostdin -nographE -axlChildIdFlag 135
\# Host name (type):	phoenix (x86_64)
\# Operating system:	Linux 3.10.0-1160.105.1.el7.x86_64 #1 SMP Thu Dec 7 15:39:45 UTC 2023
\# Linux /etc/issue:	\S
\# Linux /etc/issue:	Kernel \r on an \m
\# X display name (WxH):	:7696 (1024x868)
\# Available geometry:			TL(0:0) BR(1023:867)
\# X server:			The X.Org Foundation
\# Depth of Visual (Root):	24 (24)
\# Number of Planes Used:	24
\# X version:		11.0 (vendor release 12004000)
\# X resource pool:	base 0x400000, mask 0x1fffff (2097151), shift 0
\# 			current id 0x0, current max 0x1ffffa (2097146)
\# Max data seg size:	     unlimited
\# Max process size:	     unlimited
\# Initial sbrk value:	        618 MB
\# Available memory:	     17,568 MB
\# System memory:	     23,948 MB
\# Maximum memory size:	     23,541 MB
\# Max mem available:	     17,778 MB
\# Initial memory used:	        210 MB
\#        process size:	      1,813 MB
\# Thread usage limits (effective/default):	maxthreads 4096/4096 maxload 6.00/6.00
\# Qt version:		5.9.1
\# Window Manager:	other
\# User Name:		saul
\o Working Directory:	phoenix:/home/saul/projects/ASKA
\# Process Id:		5725
\o 
\o COPYRIGHT (C) 1992-2023  CADENCE DESIGN SYSTEMS INC.  ALL RIGHTS RESERVED.
\o           (C) 1992-2023  UNIX SYSTEMS Laboratories INC.,
\o                          Reproduced with permission.
\o 
\o This Cadence Design Systems program and online documentation are
\o proprietary/confidential information and may be disclosed/used only
\o as authorized in a license agreement controlling such use and disclosure.
\o 
\o           RESTRICTED RIGHTS NOTICE (SHORT FORM)
\o Use/reproduction/disclosure is subject to restriction
\o set forth at FAR 1252.227-19 or its equivalent.
\o Loading geView.cxt 
\o Loading menuBuilder.cxt 
\o Loading schView.cxt 
\o Loading selectSv.cxt 
\o Loading pvsui.cxt
\o Loading wireEdit.cxt 
\o Loading pte2.cxt 
\o Loading xlUI.cxt 
\o Loading auCore.cxt 
\o Loading vhdl.cxt 
\o Loading seismic.cxt 
\o Loading ci.cxt 
\o Loading ams.cxt 
\o Loading oasis.cxt 
\o Loading analog.cxt 
\o Loading asimenv.cxt 
\o Loading dal.cxt 
\o Loading awv.cxt 
\o Loading socket.cxt 
\o Loading par.cxt 
\o Loading alvs.cxt 
\o Loading caa.cxt 
\o Loading amps.cxt 
\o Loading adexlCore.cxt 
\o Loading adexl.cxt 
\o *Info*    Exporting services from client ... 
\o 
\o Loading adexlDM.cxt 
\o Loading cpf.cxt 
\o Loading cli.cxt 
\o Loading lp.cxt 
\o INFO (ELI-00302) Connecting to parent process (session=virtuoso30923, host=phoenix). Connection mode is ICRP. Total timeout is 180 seconds. Connection timeout is 90 seconds.
\o INFO (ELI-00303) Step 1: Connecting to parent. Time spent is 0 seconds.
\o INFO (ELI-00304) The registration of the child 5725 within 90 seconds is being processed...
\o INFO (ELI-00305) The result of registration is true. Time spent is 0 seconds.
\o INFO (ELI-00308) The connection has ended. Result is true. Total time spent is 0 seconds.
\# [07:24:13.512393] Configured Lic search path (22.01-s002): 3000@lic08.ug.kth.se
\# Memory report: using         362 MB, process size 2,094 MB at UTC 2024.03.22 11:24:16.720
\o Loading .cdsinit for the XH018 X-Fab XKit.
\o     LOAD xh018_1143 SPECIFIC CALL-BACK ROUTINES
\o     LOAD ALL AVAILABLE P-CELL FUNCTIONS
\o ** Info: PDK loadpath is "/home/saul/pkg/xfab/XKIT/xh018/cadence/v9_0/PDK/IC61/v9_0_4"
\o Loading XfSktTools.cxt
\o Loading XfMenu.cxt
\o Loading XfTechXh018.cxt
\o Loading XfPcellCore.cxt
\o function ansiSpicePrintProperties_subcircuit redefined
\o Loading XfSkillExt.cxt
\o Initializing library.
\o Finished Initializing Library .
\o     Generic PcellKit: 'production' loaded.
\o     Generic Pcell Skill Tools: 'production' loaded.
\o Loading Circuit Prospector Setup (XfCircuitProspSetup.il)
\o     LOAD THE ENVIRONMENT FILE
\o  --> Setting the required PDK definitions...
\o     GDSII LAYER MAPPING FILE = "./.xkit/setup/xh018/cadence/PDK/TECH_XH018_1143/strmInOut.layertable"
\o     GDSII OBJECT MAPPING FILE = "./.xkit/setup/xh018/cadence/PDK/TECH_XH018_1143/strmOutObjects.map"
\o Use model setup from PDK...
\o Loading spectrei.cxt 
\o Loading devCheck.cxt 
\o Loading relXpert.cxt 
\o Loading vdsil.cxt 
\o Loading hspiceD.cxt 
\o Loading spectreinl.cxt 
\o Loading UltraSim.cxt 
\o Loading msgHandler.cxt 
\o Loading AMSOSS.cxt 
\o Loading AMS.cxt 
\o  --> Finished setting the required PDK definitions
\o  --> Setting the recommended EDA tool defaults...
\o  --> Finished setting the recommended EDA tool defaults
\o     LOAD DEFAULT BINDKEYS
\o Loading viva.cxt 
\o  --> AssuraTools Setup not available
\o *Info*    Client has finished starting ... 
\o 
\p > 
\# Loading perfDiag...
\# (PerfDiag): Set GDB path to environment variable 'gdbPath' (gdb).
\# Performance Diagnostic tool is installed. You can access PerfDiag from CIW Tools or use the shell command 'cdsPerfDiag -p 5725' to open it when Virtuoso freezes.
\# (PerfDiag): Loading backtrace from /pkg/cadence/installs/IC618/tools/lib/64bit/cdnslibunwind.so
\o Loading vqp.cxt 
\o Loading hdlPkg.cxt 
\o 
\o 
\o *Info*    Configuring the session ...
\o 
\o Loading simui.cxt 
\o 	Library      = HVSWITCH
\o 	Cell         = hvswitch_tb
\o 	View         = config
\o 	Simulator    = spectre
\o 	State Path   = $AXL_SETUPDB_DIR/test_states
\o 	State Name   = HVSWITCH:hvswitch_tb:1_none_Interactive.271
\o 	Results DB   = /home/saul/projects/ASKA/HVSWITCH/hvswitch_tb/adexl/results/data/Interactive.271.rdb
\o 	Results Dir  = /home/saul/projects/ASKA/Sim/HVSWITCH/hvswitch_tb/adexl/results/data/Interactive.271/1/HVSWITCH:hvswitch_tb:1
\o 	Results Loc  = /home/saul/projects/ASKA/Sim/HVSWITCH/hvswitch_tb/adexl/results/data
\o 	Project Dir  = /home/saul/projects/ASKA/Sim
\o 	Setup DB loc = /home/saul/projects/ASKA/HVSWITCH/hvswitch_tb/adexl
\o 	File Encoding = 0
\o 
\o 
\# Memory report: using         486 MB, process size 2,224 MB at UTC 2024.03.22 11:24:18.154
\o WARNING (ADE-7017): The Spectre run mode needs to be 'batch' when EM/IR analysis is enabled. Automatically setting the run mode to 'batch'.
\o 
\o *Info*    The auto suspension is disabled.
\o 
\o     LOAD GENERIC "X-KIT" SKILL CONTEXT "./.xkit/setup/x_all/cadence/xenv/skill/context6/xkit.cxt" 
\o  - Menu "XKit Utilities" installed to CIW.
\o     LOAD ".cdsinit_personal" FILE FROM THE WORKING DIRECTORY.
\o     INFO: To customize this setup, please use the following environment variables:
\o           CUSTOM_SCRIPT_PATH - should point to the master shell or perl script
\o                              e.g.:
\o                              setenv CUSTOM_SCRIPT_PATH /path/to/my/script/LoadMyScripts.csh
\o           CUSTOM_SKILL_PATH - should point to your master skill load file
\o                              e.g.:
\o                              setenv CUSTOM_SKILL_PATH /path/to/my/skill/LoadMySkills.il
\o  loading default key binding 
\o  -> END LOAD ".cdsinit" FILE
\o Loading monte.cxt 
\o 
\o 
\o 
\o 
\o 
\o *Info*    Run start for Point ID (72 4) on testbench [
\o           HVSWITCH:hvswitch_tb:1 ].
\o 
\o Resetting statistical vars
\o 
\o *Info*    Setting parameter values ...
\o 
\o Setting var CAP_EXT = "0"
\o Setting var DN1 = "3.3"
\o Setting var DN2 = "0"
\o Setting var IDC = "50m"
\o Setting var UP1 = "0"
\o Setting var UP2 = "3.3"
\o Setting var VDAC = "1"
\o Setting var VDD = "3.3"
\o Setting var VDDHV = "40"
\o Setting var VDDHV_PULSE = "0"
\o Setting var temperature = "85"
\o Setting temp(T) = 85
\o 
\o *Info*    Netlist Directory =
\o           /home/saul/projects/ASKA/Sim/HVSWITCH/hvswitch_tb/adexl/results/data/Interactive.271/4/HVSWITCH:hvswitch_tb:1/netlist
\o 
\o 
\o *Info*    Data Directory    =
\o           /home/saul/projects/ASKA/Sim/HVSWITCH/hvswitch_tb/adexl/results/data/Interactive.271/4/HVSWITCH:hvswitch_tb:1
\o 
\o 
\o *Info*    Creating Netlist for Point ID (72 4)
\o 
\o generate netlist...
\o Loading hnlInit.cxt 
\o Loading seCore.cxt 
\o function ansCdlCompPrim redefined
\o function ansCdlCompPrim redefined
\# [07:24:18.302104] Periodic Lic check successful
\# [07:24:18.302105] Feature usage summary:
\o Begin Incremental Netlisting Mar 22 07:24:18 2024
\o End netlisting Mar 22 07:24:18 2024
\o 
\o 	The netlist is up to date.
\o 	Time taken to compare the design with netlist:   0.0s
\o       ...successful.
\o compose simulator input file...
\o       ...successful.
\o 
\o *Info*    Running simulation on testbench [ HVSWITCH:hvswitch_tb:1 ]
\o           for Point ID (72 4).
\o 
\o Delete psf data in /home/saul/projects/ASKA/Sim/HVSWITCH/hvswitch_tb/adexl/results/data/Interactive.271/4/HVSWITCH:hvswitch_tb:1/psf.
\o compose simulator input file...
\# Memory report: using         593 MB, process size 2,331 MB at UTC 2024.03.22 11:24:19.078
\o       ...successful.
\o start simulator if needed...
\o       ...successful.
\o simulate...
\o To view the simulator output, right-click on the test name, result 
\o name, or any value in the "Results" tab of the Outputs section and 
\o choose "Output Log" menu option.
\o Loading paraplot.cxt 
\# Available memory:         14,735 MB at UTC 2024.03.22 11:24:23.902
\# Memory report: Maximum memory size now 15,346 MB at UTC 2024.03.22 11:24:23.902
\# Thread usage report: 12 active threads, active load 1.40 at UTC 2024.03.22 11:24:23.902
\# Memory report: Maximum memory size now 14,328 MB at UTC 2024.03.22 11:24:33.894
\# Available memory:         12,877 MB at UTC 2024.03.22 11:24:43.897
\# Memory report: Maximum memory size now 13,488 MB at UTC 2024.03.22 11:24:43.897
\# Memory report: Maximum memory size now 13,173 MB at UTC 2024.03.22 11:24:53.894
\o INFO (ADE-3071): Simulation completed successfully.
\o reading simulation data...
\o       ...successful.
\o *Info*    Client has finished evaluating ... 
\o 
\# Memory report: using         708 MB, process size 2,497 MB at UTC 2024.03.22 11:26:22.420
\o 
\o *Info*    Run complete for Point ID (72 4) on testbench [
\o           HVSWITCH:hvswitch_tb:1 ].
\o 
\o 
\o 
\o 
\o 
\o 
\o 
\o 
\o 
\o 
\o *Info*    Run start for Point ID (72 9) on testbench [
\o           HVSWITCH:hvswitch_tb:1 ].
\o 
\o Resetting statistical vars
\o 
\o *Info*    Setting parameter values ...
\o 
\o Setting var temperature = "-40"
\o Setting temp(T) = -40
\o 
\o *Info*    Netlist Directory =
\o           /home/saul/projects/ASKA/Sim/HVSWITCH/hvswitch_tb/adexl/results/data/Interactive.271/9/HVSWITCH:hvswitch_tb:1/netlist
\o 
\o 
\o *Info*    Data Directory    =
\o           /home/saul/projects/ASKA/Sim/HVSWITCH/hvswitch_tb/adexl/results/data/Interactive.271/9/HVSWITCH:hvswitch_tb:1
\o 
\o 
\o *Info*    Creating Netlist for Point ID (72 9)
\o 
\o generate netlist...
\o function ansCdlCompPrim redefined
\o function ansCdlCompPrim redefined
\o Begin Incremental Netlisting Mar 22 07:26:22 2024
\o End netlisting Mar 22 07:26:22 2024
\o 
\o 	The netlist is up to date.
\o 	Time taken to compare the design with netlist:   0.0s
\o       ...successful.
\o compose simulator input file...
\o       ...successful.
\o 
\o *Info*    Running simulation on testbench [ HVSWITCH:hvswitch_tb:1 ]
\o           for Point ID (72 9).
\o 
\o Delete psf data in /home/saul/projects/ASKA/Sim/HVSWITCH/hvswitch_tb/adexl/results/data/Interactive.271/9/HVSWITCH:hvswitch_tb:1/psf.
\o compose simulator input file...
\o       ...successful.
\o start simulator if needed...
\o       ...successful.
\o simulate...
\o To view the simulator output, right-click on the test name, result 
\o name, or any value in the "Results" tab of the Outputs section and 
\o choose "Output Log" menu option.
\# Memory report: Maximum memory size now 14,252 MB at UTC 2024.03.22 11:26:23.894
\# Memory report: Maximum memory size now 13,888 MB at UTC 2024.03.22 11:26:33.894
\# Memory report: Maximum memory size now 13,483 MB at UTC 2024.03.22 11:26:43.899
\# Memory report: Maximum memory size now 12,582 MB at UTC 2024.03.22 11:26:53.907
\# Available memory:         11,597 MB at UTC 2024.03.22 11:27:03.894
\# Memory report: Maximum memory size now 12,306 MB at UTC 2024.03.22 11:27:03.894
\o INFO (ADE-3071): Simulation completed successfully.
\o reading simulation data...
\o       ...successful.
\o *Info*    Client has finished evaluating ... 
\o 
\o 
\o *Info*    Run complete for Point ID (72 9) on testbench [
\o           HVSWITCH:hvswitch_tb:1 ].
\o 
\o 
\o 
\o 
\o 
\o 
\o 
\o 
\o 
\o 
\o *Info*    Run start for Point ID (72 18) on testbench [
\o           HVSWITCH:hvswitch_tb:1 ].
\o 
\o Resetting statistical vars
\o 
\o *Info*    Setting parameter values ...
\o 
\o Setting var temperature = "85"
\o Setting temp(T) = 85
\o 
\o *Info*    Netlist Directory =
\o           /home/saul/projects/ASKA/Sim/HVSWITCH/hvswitch_tb/adexl/results/data/Interactive.271/18/HVSWITCH:hvswitch_tb:1/netlist
\o 
\o 
\o *Info*    Data Directory    =
\o           /home/saul/projects/ASKA/Sim/HVSWITCH/hvswitch_tb/adexl/results/data/Interactive.271/18/HVSWITCH:hvswitch_tb:1
\o 
\o 
\o *Info*    Creating Netlist for Point ID (72 18)
\o 
\o generate netlist...
\o function ansCdlCompPrim redefined
\o function ansCdlCompPrim redefined
\o Begin Incremental Netlisting Mar 22 07:28:30 2024
\o End netlisting Mar 22 07:28:30 2024
\o 
\o 	The netlist is up to date.
\o 	Time taken to compare the design with netlist:   0.0s
\o       ...successful.
\o compose simulator input file...
\o       ...successful.
\o 
\o *Info*    Running simulation on testbench [ HVSWITCH:hvswitch_tb:1 ]
\o           for Point ID (72 18).
\o 
\o Delete psf data in /home/saul/projects/ASKA/Sim/HVSWITCH/hvswitch_tb/adexl/results/data/Interactive.271/18/HVSWITCH:hvswitch_tb:1/psf.
\o compose simulator input file...
\o       ...successful.
\o start simulator if needed...
\o       ...successful.
\o simulate...
\o To view the simulator output, right-click on the test name, result 
\o name, or any value in the "Results" tab of the Outputs section and 
\o choose "Output Log" menu option.
\# Available memory:         13,018 MB at UTC 2024.03.22 11:28:33.906
\# Memory report: Maximum memory size now 13,737 MB at UTC 2024.03.22 11:28:33.906
\# Memory report: Maximum memory size now 12,775 MB at UTC 2024.03.22 11:28:53.894
\# Available memory:         11,584 MB at UTC 2024.03.22 11:29:03.901
\# Memory report: Maximum memory size now 12,304 MB at UTC 2024.03.22 11:29:03.901
\# Memory report: Maximum memory size now 12,557 MB at UTC 2024.03.22 11:30:33.896
\o INFO (ADE-3071): Simulation completed successfully.
\o reading simulation data...
\o       ...successful.
\o *Info*    Client has finished evaluating ... 
\o 
\o 
\o *Info*    Run complete for Point ID (72 18) on testbench [
\o           HVSWITCH:hvswitch_tb:1 ].
\o 
\o 
\o 
\o 
\o 
\o 
\o 
\o 
\o 
\o 
\o *Info*    Run start for Point ID (72 25) on testbench [
\o           HVSWITCH:hvswitch_tb:1 ].
\o 
\o Resetting statistical vars
\o 
\o *Info*    Setting parameter values ...
\o 
\o Setting var temperature = "-40"
\o Setting temp(T) = -40
\o 
\o *Info*    Netlist Directory =
\o           /home/saul/projects/ASKA/Sim/HVSWITCH/hvswitch_tb/adexl/results/data/Interactive.271/25/HVSWITCH:hvswitch_tb:1/netlist
\o 
\o 
\o *Info*    Data Directory    =
\o           /home/saul/projects/ASKA/Sim/HVSWITCH/hvswitch_tb/adexl/results/data/Interactive.271/25/HVSWITCH:hvswitch_tb:1
\o 
\o 
\o *Info*    Creating Netlist for Point ID (72 25)
\o 
\o generate netlist...
\o function ansCdlCompPrim redefined
\o function ansCdlCompPrim redefined
\o Begin Incremental Netlisting Mar 22 07:30:39 2024
\o End netlisting Mar 22 07:30:39 2024
\o 
\o 	The netlist is up to date.
\o 	Time taken to compare the design with netlist:   0.0s
\o       ...successful.
\o compose simulator input file...
\o       ...successful.
\o 
\o *Info*    Running simulation on testbench [ HVSWITCH:hvswitch_tb:1 ]
\o           for Point ID (72 25).
\o 
\o Delete psf data in /home/saul/projects/ASKA/Sim/HVSWITCH/hvswitch_tb/adexl/results/data/Interactive.271/25/HVSWITCH:hvswitch_tb:1/psf.
\o compose simulator input file...
\o       ...successful.
\o start simulator if needed...
\o       ...successful.
\o simulate...
\o To view the simulator output, right-click on the test name, result 
\o name, or any value in the "Results" tab of the Outputs section and 
\o choose "Output Log" menu option.
\# Memory report: Maximum memory size now 13,087 MB at UTC 2024.03.22 11:30:43.894
\# Available memory:         12,776 MB at UTC 2024.03.22 11:30:53.901
\# Memory report: Maximum memory size now 13,506 MB at UTC 2024.03.22 11:30:53.901
\# Memory report: Maximum memory size now 12,667 MB at UTC 2024.03.22 11:31:03.894
\# Available memory:         11,488 MB at UTC 2024.03.22 11:31:13.459
\# Memory report: Maximum memory size now 12,218 MB at UTC 2024.03.22 11:31:13.459
\o INFO (ADE-3071): Simulation completed successfully.
\o reading simulation data...
\o       ...successful.
\o *Info*    Client has finished evaluating ... 
\o 
\# Available memory:         12,702 MB at UTC 2024.03.22 11:32:42.184
\# Memory report: Maximum memory size now 13,485 MB at UTC 2024.03.22 11:32:42.184
\o 
\o *Info*    Run complete for Point ID (72 25) on testbench [
\o           HVSWITCH:hvswitch_tb:1 ].
\o 
\o 
\o 
\o 
\o 
\o 
\o 
\o 
\o 
\o 
\o *Info*    Run start for Point ID (72 32) on testbench [
\o           HVSWITCH:hvswitch_tb:1 ].
\o 
\o Resetting statistical vars
\o 
\o *Info*    Setting parameter values ...
\o 
\o Setting var temperature = "85"
\o Setting temp(T) = 85
\o 
\o *Info*    Netlist Directory =
\o           /home/saul/projects/ASKA/Sim/HVSWITCH/hvswitch_tb/adexl/results/data/Interactive.271/32/HVSWITCH:hvswitch_tb:1/netlist
\o 
\o 
\o *Info*    Data Directory    =
\o           /home/saul/projects/ASKA/Sim/HVSWITCH/hvswitch_tb/adexl/results/data/Interactive.271/32/HVSWITCH:hvswitch_tb:1
\o 
\o 
\o *Info*    Creating Netlist for Point ID (72 32)
\o 
\o generate netlist...
\o function ansCdlCompPrim redefined
\o function ansCdlCompPrim redefined
\o Begin Incremental Netlisting Mar 22 07:32:42 2024
\o End netlisting Mar 22 07:32:42 2024
\o 
\o 	The netlist is up to date.
\o 	Time taken to compare the design with netlist:   0.0s
\o       ...successful.
\o compose simulator input file...
\o       ...successful.
\o 
\o *Info*    Running simulation on testbench [ HVSWITCH:hvswitch_tb:1 ]
\o           for Point ID (72 32).
\o 
\o Delete psf data in /home/saul/projects/ASKA/Sim/HVSWITCH/hvswitch_tb/adexl/results/data/Interactive.271/32/HVSWITCH:hvswitch_tb:1/psf.
\o compose simulator input file...
\o       ...successful.
\o start simulator if needed...
\o       ...successful.
\o simulate...
\o To view the simulator output, right-click on the test name, result 
\o name, or any value in the "Results" tab of the Outputs section and 
\o choose "Output Log" menu option.
\# Memory report: Maximum memory size now 13,159 MB at UTC 2024.03.22 11:33:11.893
\o INFO (ADE-3071): Simulation completed successfully.
\o reading simulation data...
\o       ...successful.
\o *Info*    Client has finished evaluating ... 
\o 
\o 
\o *Info*    Run complete for Point ID (72 32) on testbench [
\o           HVSWITCH:hvswitch_tb:1 ].
\o 
\o 
\o 
\o 
\o 
\# Available memory:         14,027 MB at UTC 2024.03.22 11:34:21.899
\# Memory report: Maximum memory size now 14,779 MB at UTC 2024.03.22 11:34:21.899
\# Available memory:         11,656 MB at UTC 2024.03.22 11:34:31.895
\# Memory report: Maximum memory size now 12,408 MB at UTC 2024.03.22 11:34:31.895
\# Available memory:         13,257 MB at UTC 2024.03.22 11:37:41.730
\# Memory report: Maximum memory size now 14,009 MB at UTC 2024.03.22 11:37:41.730
\o Simulation design variables differ from those on the cellView,
\o they have been saved in the file "/tmp/saved-design-variables".
\o To save future changes, copy variables to cellView before exiting.
\o 
\o 
\o *Info*    Configuring the session ...
\o 
\o 	Library      = HVSWITCH
\o 	Cell         = hvswitch_tb
\o 	View         = config
\o 	Simulator    = spectre
\o 	State Path   = $AXL_SETUPDB_DIR/test_states
\o 	State Name   = HVSWITCH:hvswitch_tb:1_none_Interactive.272
\o 	Results DB   = /home/saul/projects/ASKA/HVSWITCH/hvswitch_tb/adexl/results/data/Interactive.272.rdb
\o 	Results Dir  = /home/saul/projects/ASKA/Sim/HVSWITCH/hvswitch_tb/adexl/results/data/Interactive.272/1/HVSWITCH:hvswitch_tb:1
\o 	Results Loc  = /home/saul/projects/ASKA/Sim/HVSWITCH/hvswitch_tb/adexl/results/data
\o 	Project Dir  = /home/saul/projects/ASKA/Sim
\o 	Setup DB loc = /home/saul/projects/ASKA/HVSWITCH/hvswitch_tb/adexl
\o 	File Encoding = 0
\o 
\o 
\o 
\o *Info*    The auto suspension is disabled.
\o 
\o 
\o 
\o 
\o 
\o 
\o *Info*    Run start for Point ID (73 6) on testbench [
\o           HVSWITCH:hvswitch_tb:1 ].
\o 
\o Resetting statistical vars
\o 
\o *Info*    Setting parameter values ...
\o 
\o Setting var CAP_EXT = "0"
\o Setting var DN1 = "3.3"
\o Setting var DN2 = "0"
\o Setting var IDC = "50m"
\o Setting var UP1 = "0"
\o Setting var UP2 = "3.3"
\o Setting var VDAC = "1"
\o Setting var VDD = "3"
\o Setting var VDDHV = "40"
\o Setting var VDDHV_PULSE = "0"
\o Setting var temperature = "85"
\o Setting temp(T) = 85
\o 
\o *Info*    Netlist Directory =
\o           /home/saul/projects/ASKA/Sim/HVSWITCH/hvswitch_tb/adexl/results/data/Interactive.272/6/HVSWITCH:hvswitch_tb:1/netlist
\o 
\o 
\o *Info*    Data Directory    =
\o           /home/saul/projects/ASKA/Sim/HVSWITCH/hvswitch_tb/adexl/results/data/Interactive.272/6/HVSWITCH:hvswitch_tb:1
\o 
\o 
\o *Info*    Creating Netlist for Point ID (73 6)
\o 
\o generate netlist...
\o function ansCdlCompPrim redefined
\o function ansCdlCompPrim redefined
\o Begin Incremental Netlisting Mar 22 07:37:42 2024
\o End netlisting Mar 22 07:37:42 2024
\o 
\o 	The netlist is up to date.
\o 	Time taken to compare the design with netlist:   0.0s
\o       ...successful.
\o compose simulator input file...
\o       ...successful.
\o 
\o *Info*    Running simulation on testbench [ HVSWITCH:hvswitch_tb:1 ]
\o           for Point ID (73 6).
\o 
\o Delete psf data in /home/saul/projects/ASKA/Sim/HVSWITCH/hvswitch_tb/adexl/results/data/Interactive.272/6/HVSWITCH:hvswitch_tb:1/psf.
\o compose simulator input file...
\o       ...successful.
\o start simulator if needed...
\o       ...successful.
\o simulate...
\o To view the simulator output, right-click on the test name, result 
\o name, or any value in the "Results" tab of the Outputs section and 
\o choose "Output Log" menu option.
\# Available memory:         11,555 MB at UTC 2024.03.22 11:37:51.894
\# Memory report: Maximum memory size now 12,307 MB at UTC 2024.03.22 11:37:51.894
\# Memory report: Maximum memory size now 11,696 MB at UTC 2024.03.22 11:38:11.895
\o INFO (ADE-3071): Simulation completed successfully.
\o reading simulation data...
\o       ...successful.
\o *Info*    Client has finished evaluating ... 
\o 
\o 
\o *Info*    Run complete for Point ID (73 6) on testbench [
\o           HVSWITCH:hvswitch_tb:1 ].
\o 
\o 
\o 
\o 
\o 
\o 
\o 
\o 
\o 
\o 
\o *Info*    Run start for Point ID (73 10) on testbench [
\o           HVSWITCH:hvswitch_tb:1 ].
\o 
\o Resetting statistical vars
\o 
\o *Info*    Setting parameter values ...
\o 
\o 
\o *Info*    Netlist Directory =
\o           /home/saul/projects/ASKA/Sim/HVSWITCH/hvswitch_tb/adexl/results/data/Interactive.272/10/HVSWITCH:hvswitch_tb:1/netlist
\o 
\o 
\o *Info*    Data Directory    =
\o           /home/saul/projects/ASKA/Sim/HVSWITCH/hvswitch_tb/adexl/results/data/Interactive.272/10/HVSWITCH:hvswitch_tb:1
\o 
\o 
\o *Info*    Creating Netlist for Point ID (73 10)
\o 
\o generate netlist...
\o function ansCdlCompPrim redefined
\o function ansCdlCompPrim redefined
\o Begin Incremental Netlisting Mar 22 07:39:27 2024
\o End netlisting Mar 22 07:39:27 2024
\o 
\o 	The netlist is up to date.
\o 	Time taken to compare the design with netlist:   0.0s
\o       ...successful.
\o compose simulator input file...
\o       ...successful.
\o 
\o *Info*    Running simulation on testbench [ HVSWITCH:hvswitch_tb:1 ]
\o           for Point ID (73 10).
\o 
\o Delete psf data in /home/saul/projects/ASKA/Sim/HVSWITCH/hvswitch_tb/adexl/results/data/Interactive.272/10/HVSWITCH:hvswitch_tb:1/psf.
\o compose simulator input file...
\o       ...successful.
\o start simulator if needed...
\o       ...successful.
\o simulate...
\o To view the simulator output, right-click on the test name, result 
\o name, or any value in the "Results" tab of the Outputs section and 
\o choose "Output Log" menu option.
\# Memory report: Maximum memory size now 12,636 MB at UTC 2024.03.22 11:39:31.894
\# Memory report: Maximum memory size now 12,123 MB at UTC 2024.03.22 11:39:41.898
\# Memory report: Maximum memory size now 11,828 MB at UTC 2024.03.22 11:39:51.894
\# Memory report: Maximum memory size now 12,088 MB at UTC 2024.03.22 11:40:11.901
\# Memory report: Maximum memory size now 11,660 MB at UTC 2024.03.22 11:40:41.894
\o INFO (ADE-3071): Simulation completed successfully.
\o reading simulation data...
\o       ...successful.
\o *Info*    Client has finished evaluating ... 
\o 
\o 
\o *Info*    Run complete for Point ID (73 10) on testbench [
\o           HVSWITCH:hvswitch_tb:1 ].
\o 
\o 
\o 
\o 
\o 
\o 
\o 
\o 
\o 
\o 
\o *Info*    Run start for Point ID (73 14) on testbench [
\o           HVSWITCH:hvswitch_tb:1 ].
\o 
\o Resetting statistical vars
\o 
\o *Info*    Setting parameter values ...
\o 
\o 
\o *Info*    Netlist Directory =
\o           /home/saul/projects/ASKA/Sim/HVSWITCH/hvswitch_tb/adexl/results/data/Interactive.272/14/HVSWITCH:hvswitch_tb:1/netlist
\o 
\o 
\o *Info*    Data Directory    =
\o           /home/saul/projects/ASKA/Sim/HVSWITCH/hvswitch_tb/adexl/results/data/Interactive.272/14/HVSWITCH:hvswitch_tb:1
\o 
\o 
\o *Info*    Creating Netlist for Point ID (73 14)
\o 
\o generate netlist...
\o function ansCdlCompPrim redefined
\o function ansCdlCompPrim redefined
\o Begin Incremental Netlisting Mar 22 07:41:10 2024
\o End netlisting Mar 22 07:41:10 2024
\o 
\o 	The netlist is up to date.
\o 	Time taken to compare the design with netlist:   0.0s
\o       ...successful.
\o compose simulator input file...
\o       ...successful.
\o 
\o *Info*    Running simulation on testbench [ HVSWITCH:hvswitch_tb:1 ]
\o           for Point ID (73 14).
\o 
\o Delete psf data in /home/saul/projects/ASKA/Sim/HVSWITCH/hvswitch_tb/adexl/results/data/Interactive.272/14/HVSWITCH:hvswitch_tb:1/psf.
\o compose simulator input file...
\o       ...successful.
\o start simulator if needed...
\# Memory report: Maximum memory size now 12,072 MB at UTC 2024.03.22 11:41:11.052
\o       ...successful.
\o simulate...
\o To view the simulator output, right-click on the test name, result 
\o name, or any value in the "Results" tab of the Outputs section and 
\o choose "Output Log" menu option.
\# Memory report: Maximum memory size now 11,745 MB at UTC 2024.03.22 11:41:50.899
\# Memory report: Maximum memory size now 12,108 MB at UTC 2024.03.22 11:42:00.894
\# Memory report: Maximum memory size now 11,694 MB at UTC 2024.03.22 11:42:10.894
\# Memory report: Maximum memory size now 12,168 MB at UTC 2024.03.22 11:42:50.894
\o INFO (ADE-3071): Simulation completed successfully.
\o reading simulation data...
\o       ...successful.
\o *Info*    Client has finished evaluating ... 
\o 
\# Memory report: using         809 MB, process size 2,598 MB at UTC 2024.03.22 11:42:56.361
\o 
\o *Info*    Run complete for Point ID (73 14) on testbench [
\o           HVSWITCH:hvswitch_tb:1 ].
\o 
\o 
\o 
\o 
\o 
\o 
\o 
\o 
\o 
\o 
\o *Info*    Run start for Point ID (73 21) on testbench [
\o           HVSWITCH:hvswitch_tb:1 ].
\o 
\o Resetting statistical vars
\o 
\o *Info*    Setting parameter values ...
\o 
\o Setting var temperature = "-40"
\o Setting temp(T) = -40
\o 
\o *Info*    Netlist Directory =
\o           /home/saul/projects/ASKA/Sim/HVSWITCH/hvswitch_tb/adexl/results/data/Interactive.272/21/HVSWITCH:hvswitch_tb:1/netlist
\o 
\o 
\o *Info*    Data Directory    =
\o           /home/saul/projects/ASKA/Sim/HVSWITCH/hvswitch_tb/adexl/results/data/Interactive.272/21/HVSWITCH:hvswitch_tb:1
\o 
\o 
\o *Info*    Creating Netlist for Point ID (73 21)
\o 
\o generate netlist...
\o function ansCdlCompPrim redefined
\o function ansCdlCompPrim redefined
\o Begin Incremental Netlisting Mar 22 07:42:56 2024
\o End netlisting Mar 22 07:42:56 2024
\o 
\o 	The netlist is up to date.
\o 	Time taken to compare the design with netlist:   0.0s
\o       ...successful.
\o compose simulator input file...
\o       ...successful.
\o 
\o *Info*    Running simulation on testbench [ HVSWITCH:hvswitch_tb:1 ]
\o           for Point ID (73 21).
\o 
\o Delete psf data in /home/saul/projects/ASKA/Sim/HVSWITCH/hvswitch_tb/adexl/results/data/Interactive.272/21/HVSWITCH:hvswitch_tb:1/psf.
\o compose simulator input file...
\o       ...successful.
\o start simulator if needed...
\o       ...successful.
\o simulate...
\o To view the simulator output, right-click on the test name, result 
\o name, or any value in the "Results" tab of the Outputs section and 
\o choose "Output Log" menu option.
\# Memory report: Maximum memory size now 11,869 MB at UTC 2024.03.22 11:43:10.902
\# Memory report: Maximum memory size now 12,149 MB at UTC 2024.03.22 11:43:40.896
\# Memory report: Maximum memory size now 11,853 MB at UTC 2024.03.22 11:44:00.894
\o INFO (ADE-3071): Simulation completed successfully.
\o reading simulation data...
\o       ...successful.
\o *Info*    Client has finished evaluating ... 
\o 
\o 
\o *Info*    Run complete for Point ID (73 21) on testbench [
\o           HVSWITCH:hvswitch_tb:1 ].
\o 
\o 
\o 
\o 
\o 
\o 
\o 
\o 
\o 
\o 
\o *Info*    Run start for Point ID (73 26) on testbench [
\o           HVSWITCH:hvswitch_tb:1 ].
\o 
\o Resetting statistical vars
\o 
\o *Info*    Setting parameter values ...
\o 
\o Setting var temperature = "85"
\o Setting temp(T) = 85
\o 
\o *Info*    Netlist Directory =
\o           /home/saul/projects/ASKA/Sim/HVSWITCH/hvswitch_tb/adexl/results/data/Interactive.272/26/HVSWITCH:hvswitch_tb:1/netlist
\o 
\o 
\o *Info*    Data Directory    =
\o           /home/saul/projects/ASKA/Sim/HVSWITCH/hvswitch_tb/adexl/results/data/Interactive.272/26/HVSWITCH:hvswitch_tb:1
\o 
\o 
\o *Info*    Creating Netlist for Point ID (73 26)
\o 
\o generate netlist...
\o function ansCdlCompPrim redefined
\o function ansCdlCompPrim redefined
\o Begin Incremental Netlisting Mar 22 07:44:44 2024
\o End netlisting Mar 22 07:44:44 2024
\o 
\o 	The netlist is up to date.
\o 	Time taken to compare the design with netlist:   0.0s
\o       ...successful.
\o compose simulator input file...
\o       ...successful.
\o 
\o *Info*    Running simulation on testbench [ HVSWITCH:hvswitch_tb:1 ]
\o           for Point ID (73 26).
\o 
\o Delete psf data in /home/saul/projects/ASKA/Sim/HVSWITCH/hvswitch_tb/adexl/results/data/Interactive.272/26/HVSWITCH:hvswitch_tb:1/psf.
\o compose simulator input file...
\o       ...successful.
\o start simulator if needed...
\o       ...successful.
\o simulate...
\o To view the simulator output, right-click on the test name, result 
\o name, or any value in the "Results" tab of the Outputs section and 
\o choose "Output Log" menu option.
\# Memory report: Maximum memory size now 12,108 MB at UTC 2024.03.22 11:45:20.894
\# Memory report: Maximum memory size now 11,836 MB at UTC 2024.03.22 11:45:30.894
\# Memory report: Maximum memory size now 12,226 MB at UTC 2024.03.22 11:46:09.894
\o INFO (ADE-3071): Simulation completed successfully.
\o reading simulation data...
\o       ...successful.
\o *Info*    Client has finished evaluating ... 
\o 
\o 
\o *Info*    Run complete for Point ID (73 26) on testbench [
\o           HVSWITCH:hvswitch_tb:1 ].
\o 
\o 
\o 
\o 
\o 
\o 
\o 
\o 
\o 
\o 
\o *Info*    Run start for Point ID (73 32) on testbench [
\o           HVSWITCH:hvswitch_tb:1 ].
\o 
\o Resetting statistical vars
\o 
\o *Info*    Setting parameter values ...
\o 
\o Setting var VDD = "3.6"
\o 
\o *Info*    Netlist Directory =
\o           /home/saul/projects/ASKA/Sim/HVSWITCH/hvswitch_tb/adexl/results/data/Interactive.272/32/HVSWITCH:hvswitch_tb:1/netlist
\o 
\o 
\o *Info*    Data Directory    =
\o           /home/saul/projects/ASKA/Sim/HVSWITCH/hvswitch_tb/adexl/results/data/Interactive.272/32/HVSWITCH:hvswitch_tb:1
\o 
\o 
\o *Info*    Creating Netlist for Point ID (73 32)
\o 
\o generate netlist...
\o function ansCdlCompPrim redefined
\o function ansCdlCompPrim redefined
\o Begin Incremental Netlisting Mar 22 07:46:29 2024
\o End netlisting Mar 22 07:46:29 2024
\o 
\o 	The netlist is up to date.
\o 	Time taken to compare the design with netlist:   0.0s
\o       ...successful.
\o compose simulator input file...
\o       ...successful.
\o 
\o *Info*    Running simulation on testbench [ HVSWITCH:hvswitch_tb:1 ]
\o           for Point ID (73 32).
\o 
\o Delete psf data in /home/saul/projects/ASKA/Sim/HVSWITCH/hvswitch_tb/adexl/results/data/Interactive.272/32/HVSWITCH:hvswitch_tb:1/psf.
\o compose simulator input file...
\o       ...successful.
\o start simulator if needed...
\o       ...successful.
\o simulate...
\o To view the simulator output, right-click on the test name, result 
\o name, or any value in the "Results" tab of the Outputs section and 
\o choose "Output Log" menu option.
\# Memory report: Maximum memory size now 11,835 MB at UTC 2024.03.22 11:46:39.905
\# Memory report: Maximum memory size now 12,085 MB at UTC 2024.03.22 11:46:49.604
\# Memory report: Maximum memory size now 11,704 MB at UTC 2024.03.22 11:46:59.896
\# Memory report: Maximum memory size now 12,436 MB at UTC 2024.03.22 11:47:57.894
\# Memory report: Maximum memory size now 11,943 MB at UTC 2024.03.22 11:48:07.339
\# Memory report: Maximum memory size now 11,615 MB at UTC 2024.03.22 11:48:26.894
\# Memory report: Maximum memory size now 11,975 MB at UTC 2024.03.22 11:48:36.916
\o INFO (ADE-3071): Simulation completed successfully.
\o reading simulation data...
\o       ...successful.
\o *Info*    Client has finished evaluating ... 
\o 
\o 
\o *Info*    Run complete for Point ID (73 32) on testbench [
\o           HVSWITCH:hvswitch_tb:1 ].
\o 
\o 
\o 
\o 
\o 
\o 
\o 
\o 
\o 
\o 
\o *Info*    Run start for Point ID (73 39) on testbench [
\o           HVSWITCH:hvswitch_tb:1 ].
\o 
\o Resetting statistical vars
\o 
\o *Info*    Setting parameter values ...
\o 
\o Setting var temperature = "-40"
\o Setting temp(T) = -40
\o 
\o *Info*    Netlist Directory =
\o           /home/saul/projects/ASKA/Sim/HVSWITCH/hvswitch_tb/adexl/results/data/Interactive.272/39/HVSWITCH:hvswitch_tb:1/netlist
\o 
\o 
\o *Info*    Data Directory    =
\o           /home/saul/projects/ASKA/Sim/HVSWITCH/hvswitch_tb/adexl/results/data/Interactive.272/39/HVSWITCH:hvswitch_tb:1
\o 
\o 
\o *Info*    Creating Netlist for Point ID (73 39)
\o 
\o generate netlist...
\o function ansCdlCompPrim redefined
\o function ansCdlCompPrim redefined
\o Begin Incremental Netlisting Mar 22 07:48:46 2024
\o End netlisting Mar 22 07:48:47 2024
\o 
\o 	The netlist is up to date.
\o 	Time taken to compare the design with netlist:   1.0s
\o       ...successful.
\o compose simulator input file...
\o       ...successful.
\o 
\o *Info*    Running simulation on testbench [ HVSWITCH:hvswitch_tb:1 ]
\o           for Point ID (73 39).
\o 
\o Delete psf data in /home/saul/projects/ASKA/Sim/HVSWITCH/hvswitch_tb/adexl/results/data/Interactive.272/39/HVSWITCH:hvswitch_tb:1/psf.
\o compose simulator input file...
\o       ...successful.
\o start simulator if needed...
\o       ...successful.
\o simulate...
\o To view the simulator output, right-click on the test name, result 
\o name, or any value in the "Results" tab of the Outputs section and 
\o choose "Output Log" menu option.
\# Memory report: Maximum memory size now 11,689 MB at UTC 2024.03.22 11:49:24.894
\# Memory report: Maximum memory size now 11,953 MB at UTC 2024.03.22 11:49:44.894
\# Memory report: Maximum memory size now 11,655 MB at UTC 2024.03.22 11:49:54.397
\# Memory report: Maximum memory size now 12,191 MB at UTC 2024.03.22 11:50:24.289
\# Memory report: Maximum memory size now 11,741 MB at UTC 2024.03.22 11:50:43.894
\# Memory report: Maximum memory size now 12,284 MB at UTC 2024.03.22 11:51:33.257
\# Memory report: Maximum memory size now 11,753 MB at UTC 2024.03.22 11:51:42.894
\o INFO (ADE-3071): Simulation completed successfully.
\o reading simulation data...
\o       ...successful.
\o *Info*    Client has finished evaluating ... 
\o 
\o 
\o *Info*    Run complete for Point ID (73 39) on testbench [
\o           HVSWITCH:hvswitch_tb:1 ].
\o 
\o 
\o 
\o 
\o 
\o 
\o 
\o 
\o 
\o 
\o *Info*    Run start for Point ID (73 49) on testbench [
\o           HVSWITCH:hvswitch_tb:1 ].
\o 
\o Resetting statistical vars
\o 
\o *Info*    Setting parameter values ...
\o 
\o Setting var VDD = "3"
\o 
\o *Info*    Netlist Directory =
\o           /home/saul/projects/ASKA/Sim/HVSWITCH/hvswitch_tb/adexl/results/data/Interactive.272/49/HVSWITCH:hvswitch_tb:1/netlist
\o 
\o 
\o *Info*    Data Directory    =
\o           /home/saul/projects/ASKA/Sim/HVSWITCH/hvswitch_tb/adexl/results/data/Interactive.272/49/HVSWITCH:hvswitch_tb:1
\o 
\o 
\o *Info*    Creating Netlist for Point ID (73 49)
\o 
\o generate netlist...
\o function ansCdlCompPrim redefined
\o function ansCdlCompPrim redefined
\o Begin Incremental Netlisting Mar 22 07:51:58 2024
\o End netlisting Mar 22 07:51:58 2024
\o 
\o 	The netlist is up to date.
\o 	Time taken to compare the design with netlist:   0.0s
\o       ...successful.
\o compose simulator input file...
\o       ...successful.
\o 
\o *Info*    Running simulation on testbench [ HVSWITCH:hvswitch_tb:1 ]
\o           for Point ID (73 49).
\o 
\o Delete psf data in /home/saul/projects/ASKA/Sim/HVSWITCH/hvswitch_tb/adexl/results/data/Interactive.272/49/HVSWITCH:hvswitch_tb:1/psf.
\o compose simulator input file...
\o       ...successful.
\o start simulator if needed...
\o       ...successful.
\o simulate...
\o To view the simulator output, right-click on the test name, result 
\o name, or any value in the "Results" tab of the Outputs section and 
\o choose "Output Log" menu option.
\# Memory report: Maximum memory size now 12,010 MB at UTC 2024.03.22 11:53:01.894
\# Memory report: Maximum memory size now 11,758 MB at UTC 2024.03.22 11:53:11.894
\o INFO (ADE-3071): Simulation completed successfully.
\o reading simulation data...
\o       ...successful.
\o *Info*    Client has finished evaluating ... 
\o 
\o 
\o *Info*    Run complete for Point ID (73 49) on testbench [
\o           HVSWITCH:hvswitch_tb:1 ].
\o 
\o 
\o 
\o 
\o 
\o 
\o 
\o 
\o 
\o 
\o *Info*    Run start for Point ID (73 54) on testbench [
\o           HVSWITCH:hvswitch_tb:1 ].
\o 
\o Resetting statistical vars
\o 
\o *Info*    Setting parameter values ...
\o 
\o Setting var temperature = "85"
\o Setting temp(T) = 85
\o 
\o *Info*    Netlist Directory =
\o           /home/saul/projects/ASKA/Sim/HVSWITCH/hvswitch_tb/adexl/results/data/Interactive.272/54/HVSWITCH:hvswitch_tb:1/netlist
\o 
\o 
\o *Info*    Data Directory    =
\o           /home/saul/projects/ASKA/Sim/HVSWITCH/hvswitch_tb/adexl/results/data/Interactive.272/54/HVSWITCH:hvswitch_tb:1
\o 
\o 
\o *Info*    Creating Netlist for Point ID (73 54)
\o 
\o generate netlist...
\o function ansCdlCompPrim redefined
\o function ansCdlCompPrim redefined
\o Begin Incremental Netlisting Mar 22 07:53:43 2024
\o End netlisting Mar 22 07:53:43 2024
\o 
\o 	The netlist is up to date.
\o 	Time taken to compare the design with netlist:   0.0s
\o       ...successful.
\o compose simulator input file...
\o       ...successful.
\o 
\o *Info*    Running simulation on testbench [ HVSWITCH:hvswitch_tb:1 ]
\o           for Point ID (73 54).
\o 
\o Delete psf data in /home/saul/projects/ASKA/Sim/HVSWITCH/hvswitch_tb/adexl/results/data/Interactive.272/54/HVSWITCH:hvswitch_tb:1/psf.
\o compose simulator input file...
\o       ...successful.
\o start simulator if needed...
\o       ...successful.
\o simulate...
\o To view the simulator output, right-click on the test name, result 
\o name, or any value in the "Results" tab of the Outputs section and 
\o choose "Output Log" menu option.
\o INFO (ADE-3071): Simulation completed successfully.
\o reading simulation data...
\o       ...successful.
\o *Info*    Client has finished evaluating ... 
\o 
\o 
\o *Info*    Run complete for Point ID (73 54) on testbench [
\o           HVSWITCH:hvswitch_tb:1 ].
\o 
\o 
\o 
\o 
\o 
\o 
\o 
\o 
\o 
\o 
\o *Info*    Run start for Point ID (73 61) on testbench [
\o           HVSWITCH:hvswitch_tb:1 ].
\o 
\o Resetting statistical vars
\o 
\o *Info*    Setting parameter values ...
\o 
\o Setting var temperature = "-40"
\o Setting temp(T) = -40
\o 
\o *Info*    Netlist Directory =
\o           /home/saul/projects/ASKA/Sim/HVSWITCH/hvswitch_tb/adexl/results/data/Interactive.272/61/HVSWITCH:hvswitch_tb:1/netlist
\o 
\o 
\o *Info*    Data Directory    =
\o           /home/saul/projects/ASKA/Sim/HVSWITCH/hvswitch_tb/adexl/results/data/Interactive.272/61/HVSWITCH:hvswitch_tb:1
\o 
\o 
\o *Info*    Creating Netlist for Point ID (73 61)
\o 
\o generate netlist...
\o function ansCdlCompPrim redefined
\o function ansCdlCompPrim redefined
\o Begin Incremental Netlisting Mar 22 07:55:26 2024
\o End netlisting Mar 22 07:55:26 2024
\o 
\o 	The netlist is up to date.
\o 	Time taken to compare the design with netlist:   0.0s
\o       ...successful.
\o compose simulator input file...
\o       ...successful.
\o 
\o *Info*    Running simulation on testbench [ HVSWITCH:hvswitch_tb:1 ]
\o           for Point ID (73 61).
\o 
\o Delete psf data in /home/saul/projects/ASKA/Sim/HVSWITCH/hvswitch_tb/adexl/results/data/Interactive.272/61/HVSWITCH:hvswitch_tb:1/psf.
\o compose simulator input file...
\o       ...successful.
\o start simulator if needed...
\o       ...successful.
\o simulate...
\o To view the simulator output, right-click on the test name, result 
\o name, or any value in the "Results" tab of the Outputs section and 
\o choose "Output Log" menu option.
\# Memory report: Maximum memory size now 12,042 MB at UTC 2024.03.22 11:55:31.894
\# Memory report: Maximum memory size now 11,799 MB at UTC 2024.03.22 11:55:41.894
\# Memory report: Maximum memory size now 11,509 MB at UTC 2024.03.22 11:56:01.894
\# Memory report: Maximum memory size now 12,038 MB at UTC 2024.03.22 11:56:21.894
\# Memory report: Maximum memory size now 11,740 MB at UTC 2024.03.22 11:56:31.897
\o INFO (ADE-3071): Simulation completed successfully.
\o reading simulation data...
\o       ...successful.
\o *Info*    Client has finished evaluating ... 
\o 
\o 
\o *Info*    Run complete for Point ID (73 61) on testbench [
\o           HVSWITCH:hvswitch_tb:1 ].
\o 
\o 
\o 
\o 
\o 
\# Memory report: Maximum memory size now 12,177 MB at UTC 2024.03.22 11:57:11.909
\# Memory report: Maximum memory size now 12,560 MB at UTC 2024.03.22 11:57:41.893
\# Memory report: Maximum memory size now 12,958 MB at UTC 2024.03.22 11:57:51.894
\# Memory report: Maximum memory size now 13,349 MB at UTC 2024.03.22 11:58:01.895
\# Available memory:         12,872 MB at UTC 2024.03.22 11:58:31.908
\# Memory report: Maximum memory size now 13,745 MB at UTC 2024.03.22 11:58:31.908
\# Memory report: Maximum memory size now 14,137 MB at UTC 2024.03.22 11:58:41.894
\# Available memory:          9,962 MB at UTC 2024.03.22 11:59:31.895
\# Memory report: Maximum memory size now 10,835 MB at UTC 2024.03.22 11:59:31.895
\o Simulation design variables differ from those on the cellView,
\o they have been saved in the file "/tmp/saved-design-variables".
\o To save future changes, copy variables to cellView before exiting.
\# Lic Summary:
\# [08:03:36.466457] Cdslmd servers:3000@lic08.ug.kth.se
\# [08:03:36.466465] Feature usage summary:
\# Memory report: on exit            873 MB, process size 2,662 MB at UTC 2024.03.22 12:03:36.473
\# Memory report: peak usage         873 MB, process size 2,662 MB
