*Info*    Exporting services from client ... 

*Info*    Client has finished starting ... 



*Info*    Configuring the session ...

	Library      = HVSWITCH
	Cell         = hvswitch_tb
	View         = config
	Simulator    = spectre
	State Path   = $AXL_SETUPDB_DIR/test_states
	State Name   = HVSWITCH:hvswitch_tb:1_none_Interactive.459
	Results DB   = /home/saul/projects/ASKA/HVSWITCH/hvswitch_tb/adexl/results/data/Interactive.459.rdb
	Results Dir  = /home/saul/projects/ASKA/Sim/HVSWITCH/hvswitch_tb/adexl/results/data/Interactive.459/1/HVSWITCH:hvswitch_tb:1
	Results Loc  = /home/saul/projects/ASKA/Sim/HVSWITCH/hvswitch_tb/adexl/results/data
	Project Dir  = /home/saul/projects/ASKA/Sim
	Setup DB loc = /home/saul/projects/ASKA/HVSWITCH/hvswitch_tb/adexl
	File Encoding = 0


WARNING (ADE-7017): The Spectre run mode needs to be 'batch' when EM/IR analysis is enabled. Automatically setting the run mode to 'batch'.

*Info*    The auto suspension is disabled.

Loading monte.cxt 





*Info*    Run start for Point ID (2 1) on testbench [
          HVSWITCH:hvswitch_tb:1 ].

Resetting statistical vars

*Info*    Setting parameter values ...

Setting var CAP_EXT = "10p"
Setting var DN1 = "0"
Setting var DN2 = "0"
Setting var IDC = "50m"
Setting var START_DELAY = "200u"
Setting var UP1 = "0"
Setting var UP2 = "0"
Setting var VDAC = "1.65"
Setting var VDAC2 = "1.65"
Setting var VDD = "3.3"
Setting var VDDHV = "0"
Setting var VDDHV_PULSE = "40"
Setting var temperature = "27"
Setting temp(T) = 27

*Info*    Netlist Directory =
          /home/saul/projects/ASKA/Sim/HVSWITCH/hvswitch_tb/adexl/results/data/Interactive.459/1/HVSWITCH:hvswitch_tb:1/netlist


*Info*    Data Directory    =
          /home/saul/projects/ASKA/Sim/HVSWITCH/hvswitch_tb/adexl/results/data/Interactive.459/1/HVSWITCH:hvswitch_tb:1


*Info*    Creating Netlist for Point ID (2 1)

generate netlist...
Loading hnlInit.cxt 
Loading seCore.cxt 
function ansCdlCompPrim redefined
function ansCdlCompPrim redefined
Initializing the control file using cp:
    cp /home/saul/cadence/installs/IC618/tools.lnx86/dfII/etc/si/control.spectre /home/saul/projects/ASKA/Sim/HVSWITCH/hvswitch_tb/adexl/results/data/Interactive.459/1/HVSWITCH:hvswitch_tb:1/netlist/control
Copying Spectre source file 'spectre.inp'
Copying Spectre command file 'spectre.sim'
Begin Incremental Netlisting Apr 22 05:00:01 2024
Loading json.cxt 
End netlisting Apr 22 05:00:01 2024

Netlisting Statistics:
	Number of components:   72

	Elapsed time:          1.0s (72.00/s)
Errors: 0	Warnings: 0
      ...successful.
compose simulator input file...
      ...successful.

*Info*    Running simulation on testbench [ HVSWITCH:hvswitch_tb:1 ]
          for Point ID (2 1).

Delete psf data in /home/saul/projects/ASKA/Sim/HVSWITCH/hvswitch_tb/adexl/results/data/Interactive.459/1/HVSWITCH:hvswitch_tb:1/psf.
compose simulator input file...
      ...successful.
start simulator if needed...
      ...successful.
simulate...
To view the simulator output, right-click on the test name, result 
name, or any value in the "Results" tab of the Outputs section and 
choose "Output Log" menu option.
Loading paraplot.cxt 
INFO (ADE-3071): Simulation completed successfully.
reading simulation data...
      ...successful.
*Info*    Client has finished evaluating ... 


*Info*    Run complete for Point ID (2 1) on testbench [
          HVSWITCH:hvswitch_tb:1 ].





Simulation design variables differ from those on the cellView,
they have been saved in the file "/tmp/saved-design-variables".
To save future changes, copy variables to cellView before exiting.
