*Info*    Exporting services from client ... 

*Info*    Client has finished starting ... 



*Info*    Configuring the session ...

	Library      = ASKA_TOP
	Cell         = aska_core_tb
	View         = config_an_schem_dig_fun
	Simulator    = ams
	State Path   = $AXL_SETUPDB_DIR/test_states
	State Name   = only_ELE_ASKA_TOP:aska_core_tb:1:1_state_Interactive.282
	Results DB   = /home/saul/projects/ASKA/ASKA_TOP/aska_core_tb/adexl/results/data/Interactive.282.rdb
	Results Dir  = /home/saul/projects/ASKA/Sim/ASKA_TOP/aska_core_tb/adexl/results/data/Interactive.282/1/only_ELE
	Results Loc  = /home/saul/projects/ASKA/Sim/ASKA_TOP/aska_core_tb/adexl/results/data
	Project Dir  = /home/saul/projects/ASKA/Sim
	Setup DB loc = /home/saul/projects/ASKA/ASKA_TOP/aska_core_tb/adexl
	File Encoding = 0


WARNING (ADE-1009): There is another session running with the same design and project
        directory. To avoid overwriting of results, either quit one of the sessions or
        change the project directory in one of the sessions. You can quit the session
        by closing the corresponding ADE window.

*Info*    The auto suspension is disabled.

Simulation design variables differ from those on the cellView,
they have been saved in the file "/tmp/saved-design-variables".
To save future changes, copy variables to cellView before exiting.
