*Info*    Exporting services from client ... 

*Info*    Client has finished starting ... 



*Info*    Configuring the session ...

	Library      = BANDGAP
	Cell         = bandgap_tb
	View         = config
	Simulator    = spectre
	State Path   = $AXL_SETUPDB_DIR/test_states
	State Name   = BANDGAP:bandgap_tb:1_none_Interactive.48
	Results DB   = /home/saul/projects/ASKA/BANDGAP/bandgap_tb/adexl/results/data/Interactive.48.rdb
	Results Dir  = /home/saul/projects/ASKA/Sim/BANDGAP/bandgap_tb/adexl/results/data/Interactive.48/1/BANDGAP:bandgap_tb:1
	Results Loc  = /home/saul/projects/ASKA/Sim/BANDGAP/bandgap_tb/adexl/results/data
	Project Dir  = /home/saul/projects/ASKA/Sim
	Setup DB loc = /home/saul/projects/ASKA/BANDGAP/bandgap_tb/adexl
	File Encoding = 0


WARNING (ADE-7017): The Spectre run mode needs to be 'batch' when EM/IR analysis is enabled. Automatically setting the run mode to 'batch'.

*Info*    The auto suspension is disabled.






*Info*    Run start for Point ID (1 1) on testbench [
          BANDGAP:bandgap_tb:1 ].

Resetting statistical vars

*Info*    Setting parameter values ...

Setting var IBIAS = "1u"
Setting var IBIAS_PULSE = "0"
Setting var IPULSE = "0"
Setting var VDD3 = "3.3"
Setting var VDD_PULSE = "0"
Setting var temperature = "27"
Setting temp(T) = 27

*Info*    Netlist Directory =
          /home/saul/projects/ASKA/Sim/BANDGAP/bandgap_tb/adexl/results/data/Interactive.48/1/BANDGAP:bandgap_tb:1/netlist


*Info*    Data Directory    =
          /home/saul/projects/ASKA/Sim/BANDGAP/bandgap_tb/adexl/results/data/Interactive.48/1/BANDGAP:bandgap_tb:1


*Info*    Creating Netlist for Point ID (1 1)

generate netlist...
Loading hnlInit.cxt 
Loading seCore.cxt 
function ansCdlCompPrim redefined
function ansCdlCompPrim redefined
Begin Incremental Netlisting Apr  3 02:03:58 2024
Loading json.cxt 
End netlisting Apr  3 02:03:58 2024

Netlisting Statistics:
	Number of components:   36

	Elapsed time:          0.0s
Errors: 0	Warnings: 0
      ...successful.
compose simulator input file...
      ...successful.

*Info*    Running simulation on testbench [ BANDGAP:bandgap_tb:1 ]
          for Point ID (1 1).

Delete psf data in /home/saul/projects/ASKA/Sim/BANDGAP/bandgap_tb/adexl/results/data/Interactive.48/1/BANDGAP:bandgap_tb:1/psf.
compose simulator input file...
      ...successful.
start simulator if needed...
      ...successful.
simulate...
To view the simulator output, right-click on the test name, result 
name, or any value in the "Results" tab of the Outputs section and 
choose "Output Log" menu option.
Loading paraplot.cxt 
INFO (ADE-3071): Simulation completed successfully.
reading simulation data...
      ...successful.
*Info*    Client has finished evaluating ... 

WARNING (OCN-6038): Results xf are not available for /home/saul/projects/ASKA/Sim/BANDGAP/bandgap_tb/adexl/results/data/Interactive.48/1/BANDGAP:bandgap_tb:1. Use results() for a list of available results.
WARNING (OCN-6038): Results xf are not available for /home/saul/projects/ASKA/Sim/BANDGAP/bandgap_tb/adexl/results/data/Interactive.48/1/BANDGAP:bandgap_tb:1. Use results() for a list of available results.
ERROR (ADEXL-2709): Evaluation of output 'dB20(getData("/V0" ?result "xf"))' returned 'nil' for point:'1' test:'BANDGAP:bandgap_tb:1'
	Expression:'dB20(getData("/V0" ?result "xf"))'.
Ensure that the definition of output is correct.


*Info*    Run complete for Point ID (1 1) on testbench [
          BANDGAP:bandgap_tb:1 ].





Simulation design variables differ from those on the cellView,
they have been saved in the file "/tmp/saved-design-variables".
To save future changes, copy variables to cellView before exiting.
