*Info*    Exporting services from client ... 

*Info*    Client has finished starting ... 



*Info*    Configuring the session ...

	Library      = POR
	Cell         = por_tb
	View         = config
	Simulator    = spectre
	State Path   = $AXL_SETUPDB_DIR/test_states
	State Name   = POR:por_tb:1_none_Interactive.88
	Results DB   = /home/saul/projects/ASKA/POR/por_tb/adexl/results/data/Interactive.88.rdb
	Results Dir  = /home/saul/projects/ASKA/Sim/POR/por_tb/adexl/results/data/Interactive.88/1/POR:por_tb:1
	Results Loc  = /home/saul/projects/ASKA/Sim/POR/por_tb/adexl/results/data
	Project Dir  = /home/saul/projects/ASKA/Sim
	Setup DB loc = /home/saul/projects/ASKA/POR/por_tb/adexl
	File Encoding = 0



*Info*    The auto suspension is disabled.






*Info*    Run start for Point ID (88 1) on testbench [ POR:por_tb:1 ].

Resetting statistical vars

*Info*    Setting parameter values ...

Setting var VDD3 = "0"
Setting var VDD_BOR = "-0.3"
Setting var VDD_PULSE = "3.3"
Setting var VDD_RT = "100u"
Setting var temperature = "27"
Setting temp(T) = 27

*Info*    Netlist Directory =
          /home/saul/projects/ASKA/Sim/POR/por_tb/adexl/results/data/Interactive.88/1/POR:por_tb:1/netlist


*Info*    Data Directory    =
          /home/saul/projects/ASKA/Sim/POR/por_tb/adexl/results/data/Interactive.88/1/POR:por_tb:1


*Info*    Creating Netlist for Point ID (88 1)

generate netlist...
function ansCdlCompPrim redefined
function ansCdlCompPrim redefined
Begin Incremental Netlisting May 14 10:09:13 2024
WARNING (OSSHNL-941): Failed to open the sameCellNamesInMultipleLibs file '/home/saul/projects/ASKA/Sim/POR/por_tb/adexl/results/data/Interactive.0/1/POR:por_tb:1/netlist/ihnl/sameCellNamesInMultipleLibs', in the append mode.
Ensure that you have the write permission for the mentioned file.

End netlisting May 14 10:09:13 2024

	The netlist is up to date.
	Time taken to compare the design with netlist:   0.0s
      ...successful.
compose simulator input file...
      ...successful.

*Info*    Running simulation on testbench [ POR:por_tb:1 ] for Point
          ID (88 1).

Delete psf data in /home/saul/projects/ASKA/Sim/POR/por_tb/adexl/results/data/Interactive.88/1/POR:por_tb:1/psf.
compose simulator input file...
      ...successful.
start simulator if needed...
      ...successful.
simulate...
To view the simulator output, right-click on the test name, result 
name, or any value in the "Results" tab of the Outputs section and 
choose "Output Log" menu option.
INFO (ADE-3071): Simulation completed successfully.
reading simulation data...
      ...successful.
*Info*    Client has finished evaluating ... 


*Info*    Run complete for Point ID (88 1) on testbench [
          POR:por_tb:1 ].





Simulation design variables differ from those on the cellView,
they have been saved in the file "/tmp/saved-design-variables".
To save future changes, copy variables to cellView before exiting.
