\# Program start time:     UTC 2024.04.18 04:01:24.683
\# Local time: EDT (UTC-04:00) 2024.04.18 00:01:24.683
\o Program:		@(#)$CDS: virtuoso version 6.1.8-64b 10/11/2023 09:56 (cpgbld01) $
\o Hierarchy:		/home/saul/cadence/installs/IC618/tools.lnx86/dfII/
\o Sub version:		sub-version  IC6.1.8-64b.500.34  (64-bit addresses)
\# Command line:	/pkg/cadence/installs/IC618/tools.lnx86/dfII/bin/64bit/virtuoso -noautostart -mpssession virtuoso5839 -mpshost phoenix -davinciService DaVinciService_5839_1713327833 -log /home/saul/projects/ASKA/logs_saul/logs0/Job235.log -licenseLockFileName /home/saul/projects/ASKA/.tmp_saul/.phoenix_5839 -interactiveA -interactiveE -interactiveRTT -nostdin -nographE -axlChildIdFlag 235
\# Host name (type):	phoenix (x86_64)
\# Operating system:	Linux 3.10.0-1160.105.1.el7.x86_64 #1 SMP Thu Dec 7 15:39:45 UTC 2023
\# Linux /etc/issue:	\S
\# Linux /etc/issue:	Kernel \r on an \m
\# X display name (WxH):	:5835 (1024x868)
\# Available geometry:			TL(0:0) BR(1023:867)
\# X server:			The X.Org Foundation
\# Depth of Visual (Root):	24 (24)
\# Number of Planes Used:	24
\# X version:		11.0 (vendor release 12004000)
\# X resource pool:	base 0x400000, mask 0x1fffff (2097151), shift 0
\# 			current id 0x0, current max 0x1ffffa (2097146)
\# Max data seg size:	     unlimited
\# Max process size:	     unlimited
\# Initial sbrk value:	        626 MB
\# Available memory:	     19,047 MB
\# System memory:	     25,561 MB
\# Maximum memory size:	     25,154 MB
\# Max mem available:	     19,265 MB
\# Initial memory used:	        218 MB
\#        process size:	      1,821 MB
\# Thread usage limits (effective/default):	maxthreads 4096/4096 maxload 7.00/7.00
\# Qt version:		5.9.1
\# Window Manager:	other
\# User Name:		saul
\o Working Directory:	phoenix:/home/saul/projects/ASKA
\# Process Id:		28025
\o 
\o COPYRIGHT (C) 1992-2023  CADENCE DESIGN SYSTEMS INC.  ALL RIGHTS RESERVED.
\o           (C) 1992-2023  UNIX SYSTEMS Laboratories INC.,
\o                          Reproduced with permission.
\o 
\o This Cadence Design Systems program and online documentation are
\o proprietary/confidential information and may be disclosed/used only
\o as authorized in a license agreement controlling such use and disclosure.
\o 
\o           RESTRICTED RIGHTS NOTICE (SHORT FORM)
\o Use/reproduction/disclosure is subject to restriction
\o set forth at FAR 1252.227-19 or its equivalent.
\o Loading geView.cxt 
\o Loading menuBuilder.cxt 
\o Loading schView.cxt 
\o Loading selectSv.cxt 
\o Loading pvsui.cxt
\o Loading wireEdit.cxt 
\o Loading pte2.cxt 
\o Loading xlUI.cxt 
\o Loading auCore.cxt 
\o Loading vhdl.cxt 
\o Loading seismic.cxt 
\o Loading ci.cxt 
\o Loading ams.cxt 
\o Loading oasis.cxt 
\o Loading analog.cxt 
\o Loading asimenv.cxt 
\o Loading dal.cxt 
\o Loading awv.cxt 
\o Loading socket.cxt 
\o Loading par.cxt 
\o Loading alvs.cxt 
\o Loading caa.cxt 
\o Loading amps.cxt 
\o Loading adexlCore.cxt 
\o Loading adexl.cxt 
\o *Info*    Exporting services from client ... 
\o 
\o Loading adexlDM.cxt 
\o Loading cpf.cxt 
\o Loading cli.cxt 
\o Loading lp.cxt 
\o INFO (ELI-00302) Connecting to parent process (session=virtuoso5839, host=phoenix). Connection mode is ICRP. Total timeout is 180 seconds. Connection timeout is 90 seconds.
\o INFO (ELI-00303) Step 1: Connecting to parent. Time spent is 0 seconds.
\o INFO (ELI-00304) The registration of the child 28025 within 90 seconds is being processed...
\o INFO (ELI-00305) The result of registration is true. Time spent is 0 seconds.
\o INFO (ELI-00308) The connection has ended. Result is true. Total time spent is 0 seconds.
\# [00:01:24.512313] Configured Lic search path (22.01-s002): 3000@lic08.ug.kth.se
\# Memory report: using         370 MB, process size 2,102 MB at UTC 2024.04.18 04:01:26.613
\o Loading .cdsinit for the XH018 X-Fab XKit.
\o     LOAD xh018_1143 SPECIFIC CALL-BACK ROUTINES
\o     LOAD ALL AVAILABLE P-CELL FUNCTIONS
\o ** Info: PDK loadpath is "/home/saul/pkg/xfab/XKIT/xh018/cadence/v9_0/PDK/IC61/v9_0_4"
\o Loading XfSktTools.cxt
\o Loading XfMenu.cxt
\o Loading XfTechXh018.cxt
\o Loading XfPcellCore.cxt
\o function ansiSpicePrintProperties_subcircuit redefined
\o Loading XfSkillExt.cxt
\o Initializing library.
\o Finished Initializing Library .
\o     Generic PcellKit: 'production' loaded.
\o     Generic Pcell Skill Tools: 'production' loaded.
\o Loading Circuit Prospector Setup (XfCircuitProspSetup.il)
\o     LOAD THE ENVIRONMENT FILE
\o  --> Setting the required PDK definitions...
\o     GDSII LAYER MAPPING FILE = "./.xkit/setup/xh018/cadence/PDK/TECH_XH018_1143/strmInOut.layertable"
\o     GDSII OBJECT MAPPING FILE = "./.xkit/setup/xh018/cadence/PDK/TECH_XH018_1143/strmOutObjects.map"
\o Use model setup from PDK...
\o Loading spectrei.cxt 
\o Loading devCheck.cxt 
\o Loading relXpert.cxt 
\o Loading vdsil.cxt 
\o Loading hspiceD.cxt 
\o Loading spectreinl.cxt 
\o Loading UltraSim.cxt 
\o Loading msgHandler.cxt 
\o Loading AMSOSS.cxt 
\o Loading AMS.cxt 
\o  --> Finished setting the required PDK definitions
\o  --> Setting the recommended EDA tool defaults...
\o  --> Finished setting the recommended EDA tool defaults
\o     LOAD DEFAULT BINDKEYS
\o Loading viva.cxt 
\o  --> AssuraTools Setup not available
\o *Info*    Client has finished starting ... 
\o 
\p > 
\# Loading perfDiag...
\# (PerfDiag): Set GDB path to environment variable 'gdbPath' (gdb).
\# Performance Diagnostic tool is installed. You can access PerfDiag from CIW Tools or use the shell command 'cdsPerfDiag -p 28025' to open it when Virtuoso freezes.
\# (PerfDiag): Loading backtrace from /pkg/cadence/installs/IC618/tools/lib/64bit/cdnslibunwind.so
\o Loading vqp.cxt 
\o Loading hdlPkg.cxt 
\o 
\o 
\o *Info*    Configuring the session ...
\o 
\o Loading simui.cxt 
\o 	Library      = HVSWITCH
\o 	Cell         = hvswitch_tb
\o 	View         = config
\o 	Simulator    = spectre
\o 	State Path   = $AXL_SETUPDB_DIR/test_states
\o 	State Name   = SOA_HVSWITCH:hvswitch_tb:1:1_state_Interactive.390
\o 	Results DB   = /home/saul/projects/ASKA/HVSWITCH/hvswitch_tb/adexl/results/data/Interactive.390.rdb
\o 	Results Dir  = /home/saul/projects/ASKA/Sim/HVSWITCH/hvswitch_tb/adexl/results/data/Interactive.390/1/SOA
\o 	Results Loc  = /home/saul/projects/ASKA/Sim/HVSWITCH/hvswitch_tb/adexl/results/data
\o 	Project Dir  = /home/saul/projects/ASKA/Sim
\o 	Setup DB loc = /home/saul/projects/ASKA/HVSWITCH/hvswitch_tb/adexl
\o 	File Encoding = 0
\o 
\o 
\# Memory report: using         494 MB, process size 2,233 MB at UTC 2024.04.18 04:01:28.066
\o WARNING (ADE-7017): The Spectre run mode needs to be 'batch' when EM/IR analysis is enabled. Automatically setting the run mode to 'batch'.
\o 
\o *Info*    The auto suspension is disabled.
\o 
\o     LOAD GENERIC "X-KIT" SKILL CONTEXT "./.xkit/setup/x_all/cadence/xenv/skill/context6/xkit.cxt" 
\o  - Menu "XKit Utilities" installed to CIW.
\o     LOAD ".cdsinit_personal" FILE FROM THE WORKING DIRECTORY.
\o     INFO: To customize this setup, please use the following environment variables:
\o           CUSTOM_SCRIPT_PATH - should point to the master shell or perl script
\o                              e.g.:
\o                              setenv CUSTOM_SCRIPT_PATH /path/to/my/script/LoadMyScripts.csh
\o           CUSTOM_SKILL_PATH - should point to your master skill load file
\o                              e.g.:
\o                              setenv CUSTOM_SKILL_PATH /path/to/my/skill/LoadMySkills.il
\o  loading default key binding 
\o  -> END LOAD ".cdsinit" FILE
\o Loading monte.cxt 
\o 
\o 
\o 
\o 
\o 
\o *Info*    Run start for Point ID (11 2) on testbench [ SOA ].
\o 
\o Resetting statistical vars
\o 
\o *Info*    Setting parameter values ...
\o 
\o Setting var CAP_EXT = "10p"
\o Setting var DN1 = "0"
\o Setting var DN2 = "0"
\o Setting var IDC = "50m"
\o Setting var START_DELAY = "20u"
\o Setting var UP1 = "0"
\o Setting var UP2 = "0"
\o Setting var VDAC = "330m"
\o Setting var VDAC2 = "1.65"
\o Setting var VDD = "3"
\o Setting var VDDHV = "40"
\o Setting var VDDHV_PULSE = "0"
\o Setting var temperature = "85"
\o Setting temp(T) = 85
\o 
\o *Info*    Netlist Directory =
\o           /home/saul/projects/ASKA/Sim/HVSWITCH/hvswitch_tb/adexl/results/data/Interactive.390/2/SOA/netlist
\o 
\o 
\o *Info*    Data Directory    =
\o           /home/saul/projects/ASKA/Sim/HVSWITCH/hvswitch_tb/adexl/results/data/Interactive.390/2/SOA
\o 
\o 
\o *Info*    Creating Netlist for Point ID (11 2)
\o 
\o generate netlist...
\o Loading hnlInit.cxt 
\o Loading seCore.cxt 
\o function ansCdlCompPrim redefined
\o function ansCdlCompPrim redefined
\# [00:01:28.228417] Periodic Lic check successful
\# [00:01:28.228418] Feature usage summary:
\o Begin Incremental Netlisting Apr 18 00:01:28 2024
\o Loading json.cxt 
\o End netlisting Apr 18 00:01:28 2024
\o 
\o Netlisting Statistics:
\o 	Number of components:   20
\o 
\o 	Elapsed time:          0.0s
\o Errors: 0	Warnings: 0
\o       ...successful.
\o compose simulator input file...
\o       ...successful.
\# Memory report: using         605 MB, process size 2,344 MB at UTC 2024.04.18 04:01:29.234
\o 
\o *Info*    Running simulation on testbench [ SOA ] for Point ID (11 2).
\o 
\o Delete psf data in /home/saul/projects/ASKA/Sim/HVSWITCH/hvswitch_tb/adexl/results/data/Interactive.390/2/SOA/psf.
\o compose simulator input file...
\o       ...successful.
\o start simulator if needed...
\o       ...successful.
\o simulate...
\o To view the simulator output, right-click on the test name, result 
\o name, or any value in the "Results" tab of the Outputs section and 
\o choose "Output Log" menu option.
\o Loading paraplot.cxt 
\# Available memory:         16,946 MB at UTC 2024.04.18 04:01:34.254
\# Memory report: Maximum memory size now 17,572 MB at UTC 2024.04.18 04:01:34.254
\# Thread usage report: 13 active threads, active load 1.40 at UTC 2024.04.18 04:01:34.254
\# Memory report: Maximum memory size now 17,166 MB at UTC 2024.04.18 04:01:44.631
\# Memory report: Maximum memory size now 16,535 MB at UTC 2024.04.18 04:01:54.631
\# Available memory:         14,972 MB at UTC 2024.04.18 04:02:04.631
\# Memory report: Maximum memory size now 15,598 MB at UTC 2024.04.18 04:02:04.631
\o INFO (ADE-3071): Simulation completed successfully.
\o reading simulation data...
\o       ...successful.
\o *Info*    Client has finished evaluating ... 
\o 
\o 
\o *Info*    Run complete for Point ID (11 2) on testbench [ SOA ].
\o 
\o 
\o 
\o 
\o 
\o 
\o 
\o 
\o 
\o 
\o *Info*    Run start for Point ID (11 6) on testbench [ SOA ].
\o 
\o Resetting statistical vars
\o 
\o *Info*    Setting parameter values ...
\o 
\o 
\o *Info*    Netlist Directory =
\o           /home/saul/projects/ASKA/Sim/HVSWITCH/hvswitch_tb/adexl/results/data/Interactive.390/6/SOA/netlist
\o 
\o 
\o *Info*    Data Directory    =
\o           /home/saul/projects/ASKA/Sim/HVSWITCH/hvswitch_tb/adexl/results/data/Interactive.390/6/SOA
\o 
\o 
\o *Info*    Creating Netlist for Point ID (11 6)
\o 
\o generate netlist...
\o function ansCdlCompPrim redefined
\o function ansCdlCompPrim redefined
\o Begin Incremental Netlisting Apr 18 00:04:20 2024
\# Memory report: using         716 MB, process size 2,505 MB at UTC 2024.04.18 04:04:20.101
\o End netlisting Apr 18 00:04:20 2024
\o 
\o 	The netlist is up to date.
\o 	Time taken to compare the design with netlist:   0.0s
\o       ...successful.
\o compose simulator input file...
\o       ...successful.
\o 
\o *Info*    Running simulation on testbench [ SOA ] for Point ID (11 6).
\o 
\o Delete psf data in /home/saul/projects/ASKA/Sim/HVSWITCH/hvswitch_tb/adexl/results/data/Interactive.390/6/SOA/psf.
\o compose simulator input file...
\o       ...successful.
\o start simulator if needed...
\o       ...successful.
\o simulate...
\o To view the simulator output, right-click on the test name, result 
\o name, or any value in the "Results" tab of the Outputs section and 
\o choose "Output Log" menu option.
\# Memory report: Maximum memory size now 16,385 MB at UTC 2024.04.18 04:04:24.631
\# Memory report: Maximum memory size now 15,930 MB at UTC 2024.04.18 04:04:44.631
\# Memory report: Maximum memory size now 15,452 MB at UTC 2024.04.18 04:04:54.631
\# Memory report: Maximum memory size now 15,106 MB at UTC 2024.04.18 04:05:14.631
\# Memory report: Maximum memory size now 14,782 MB at UTC 2024.04.18 04:05:34.631
\o INFO (ADE-3071): Simulation completed successfully.
\o reading simulation data...
\o       ...successful.
\o *Info*    Client has finished evaluating ... 
\o 
\o 
\o *Info*    Run complete for Point ID (11 6) on testbench [ SOA ].
\o 
\o 
\o 
\o 
\o 
\o 
\o 
\o 
\o 
\o 
\o *Info*    Run start for Point ID (11 11) on testbench [ SOA ].
\o 
\o Resetting statistical vars
\o 
\o *Info*    Setting parameter values ...
\o 
\o Setting var VDD = "3.6"
\o Setting var temperature = "-40"
\o Setting temp(T) = -40
\o 
\o *Info*    Netlist Directory =
\o           /home/saul/projects/ASKA/Sim/HVSWITCH/hvswitch_tb/adexl/results/data/Interactive.390/11/SOA/netlist
\o 
\o 
\o *Info*    Data Directory    =
\o           /home/saul/projects/ASKA/Sim/HVSWITCH/hvswitch_tb/adexl/results/data/Interactive.390/11/SOA
\o 
\o 
\o *Info*    Creating Netlist for Point ID (11 11)
\o 
\o generate netlist...
\o function ansCdlCompPrim redefined
\o function ansCdlCompPrim redefined
\o Begin Incremental Netlisting Apr 18 00:07:07 2024
\o End netlisting Apr 18 00:07:07 2024
\o 
\o 	The netlist is up to date.
\o 	Time taken to compare the design with netlist:   0.0s
\o       ...successful.
\o compose simulator input file...
\o       ...successful.
\o 
\o *Info*    Running simulation on testbench [ SOA ] for Point ID (11
\o           11).
\o 
\o Delete psf data in /home/saul/projects/ASKA/Sim/HVSWITCH/hvswitch_tb/adexl/results/data/Interactive.390/11/SOA/psf.
\o compose simulator input file...
\o       ...successful.
\o start simulator if needed...
\o       ...successful.
\o simulate...
\o To view the simulator output, right-click on the test name, result 
\o name, or any value in the "Results" tab of the Outputs section and 
\o choose "Output Log" menu option.
\# Memory report: Maximum memory size now 15,127 MB at UTC 2024.04.18 04:07:14.631
\# Memory report: Maximum memory size now 15,944 MB at UTC 2024.04.18 04:07:24.631
\# Memory report: Maximum memory size now 15,586 MB at UTC 2024.04.18 04:07:34.364
\# Memory report: Maximum memory size now 15,028 MB at UTC 2024.04.18 04:08:13.632
\# Memory report: Maximum memory size now 14,599 MB at UTC 2024.04.18 04:08:33.642
\# Memory report: Maximum memory size now 15,044 MB at UTC 2024.04.18 04:10:13.631
\# Memory report: Maximum memory size now 15,704 MB at UTC 2024.04.18 04:10:33.634
\# Memory report: Maximum memory size now 15,347 MB at UTC 2024.04.18 04:10:43.345
\o INFO (ADE-3071): Simulation completed successfully.
\o reading simulation data...
\o       ...successful.
\o *Info*    Client has finished evaluating ... 
\o 
\o 
\o *Info*    Run complete for Point ID (11 11) on testbench [ SOA ].
\o 
\o 
\o 
\o 
\o 
\o 
\o 
\o 
\o 
\o 
\o *Info*    Run start for Point ID (11 19) on testbench [ SOA ].
\o 
\o Resetting statistical vars
\o 
\o *Info*    Setting parameter values ...
\o 
\o 
\o *Info*    Netlist Directory =
\o           /home/saul/projects/ASKA/Sim/HVSWITCH/hvswitch_tb/adexl/results/data/Interactive.390/19/SOA/netlist
\o 
\o 
\o *Info*    Data Directory    =
\o           /home/saul/projects/ASKA/Sim/HVSWITCH/hvswitch_tb/adexl/results/data/Interactive.390/19/SOA
\o 
\o 
\o *Info*    Creating Netlist for Point ID (11 19)
\o 
\o generate netlist...
\o function ansCdlCompPrim redefined
\o function ansCdlCompPrim redefined
\o Begin Incremental Netlisting Apr 18 00:10:44 2024
\o End netlisting Apr 18 00:10:44 2024
\o 
\o 	The netlist is up to date.
\o 	Time taken to compare the design with netlist:   0.0s
\o       ...successful.
\o compose simulator input file...
\o       ...successful.
\o 
\o *Info*    Running simulation on testbench [ SOA ] for Point ID (11
\o           19).
\o 
\o Delete psf data in /home/saul/projects/ASKA/Sim/HVSWITCH/hvswitch_tb/adexl/results/data/Interactive.390/19/SOA/psf.
\o compose simulator input file...
\o       ...successful.
\o start simulator if needed...
\o       ...successful.
\o simulate...
\o To view the simulator output, right-click on the test name, result 
\o name, or any value in the "Results" tab of the Outputs section and 
\o choose "Output Log" menu option.
\# Memory report: Maximum memory size now 14,986 MB at UTC 2024.04.18 04:11:03.630
\# Memory report: Maximum memory size now 14,624 MB at UTC 2024.04.18 04:11:33.631
\# Memory report: Maximum memory size now 15,289 MB at UTC 2024.04.18 04:13:23.631
\# Memory report: Maximum memory size now 14,683 MB at UTC 2024.04.18 04:13:53.284
\o INFO (ADE-3071): Simulation completed successfully.
\o reading simulation data...
\o       ...successful.
\o *Info*    Client has finished evaluating ... 
\o 
\o 
\o *Info*    Run complete for Point ID (11 19) on testbench [ SOA ].
\o 
\o 
\o 
\o 
\o 
\o 
\o 
\o 
\o 
\o 
\o *Info*    Run start for Point ID (11 24) on testbench [ SOA ].
\o 
\o Resetting statistical vars
\o 
\o *Info*    Setting parameter values ...
\o 
\o Setting var temperature = "85"
\o Setting temp(T) = 85
\o 
\o *Info*    Netlist Directory =
\o           /home/saul/projects/ASKA/Sim/HVSWITCH/hvswitch_tb/adexl/results/data/Interactive.390/24/SOA/netlist
\o 
\o 
\o *Info*    Data Directory    =
\o           /home/saul/projects/ASKA/Sim/HVSWITCH/hvswitch_tb/adexl/results/data/Interactive.390/24/SOA
\o 
\o 
\o *Info*    Creating Netlist for Point ID (11 24)
\o 
\o generate netlist...
\o function ansCdlCompPrim redefined
\o function ansCdlCompPrim redefined
\o Begin Incremental Netlisting Apr 18 00:13:54 2024
\o End netlisting Apr 18 00:13:54 2024
\o 
\o 	The netlist is up to date.
\o 	Time taken to compare the design with netlist:   0.0s
\o       ...successful.
\o compose simulator input file...
\o       ...successful.
\o 
\o *Info*    Running simulation on testbench [ SOA ] for Point ID (11
\o           24).
\o 
\o Delete psf data in /home/saul/projects/ASKA/Sim/HVSWITCH/hvswitch_tb/adexl/results/data/Interactive.390/24/SOA/psf.
\o compose simulator input file...
\o       ...successful.
\o start simulator if needed...
\o       ...successful.
\o simulate...
\o To view the simulator output, right-click on the test name, result 
\o name, or any value in the "Results" tab of the Outputs section and 
\o choose "Output Log" menu option.
\# Memory report: Maximum memory size now 15,030 MB at UTC 2024.04.18 04:14:13.631
\# Memory report: Maximum memory size now 14,467 MB at UTC 2024.04.18 04:14:33.631
\# Available memory:         13,468 MB at UTC 2024.04.18 04:14:43.631
\# Memory report: Maximum memory size now 14,962 MB at UTC 2024.04.18 04:16:13.631
\# Memory report: Maximum memory size now 14,582 MB at UTC 2024.04.18 04:16:33.631
\o INFO (ADE-3071): Simulation completed successfully.
\o reading simulation data...
\o       ...successful.
\o *Info*    Client has finished evaluating ... 
\o 
\o 
\o *Info*    Run complete for Point ID (11 24) on testbench [ SOA ].
\o 
\o 
\o 
\o 
\o 
\o 
\o 
\o 
\o 
\o 
\o *Info*    Run start for Point ID (11 29) on testbench [ SOA ].
\o 
\o Resetting statistical vars
\o 
\o *Info*    Setting parameter values ...
\o 
\o Setting var VDD = "3"
\o Setting var temperature = "-40"
\o Setting temp(T) = -40
\o 
\o *Info*    Netlist Directory =
\o           /home/saul/projects/ASKA/Sim/HVSWITCH/hvswitch_tb/adexl/results/data/Interactive.390/29/SOA/netlist
\o 
\o 
\o *Info*    Data Directory    =
\o           /home/saul/projects/ASKA/Sim/HVSWITCH/hvswitch_tb/adexl/results/data/Interactive.390/29/SOA
\o 
\o 
\o *Info*    Creating Netlist for Point ID (11 29)
\o 
\o generate netlist...
\o function ansCdlCompPrim redefined
\o function ansCdlCompPrim redefined
\o Begin Incremental Netlisting Apr 18 00:16:54 2024
\o End netlisting Apr 18 00:16:54 2024
\o 
\o 	The netlist is up to date.
\o 	Time taken to compare the design with netlist:   0.0s
\o       ...successful.
\o compose simulator input file...
\o       ...successful.
\o 
\o *Info*    Running simulation on testbench [ SOA ] for Point ID (11
\o           29).
\o 
\o Delete psf data in /home/saul/projects/ASKA/Sim/HVSWITCH/hvswitch_tb/adexl/results/data/Interactive.390/29/SOA/psf.
\o compose simulator input file...
\o       ...successful.
\o start simulator if needed...
\o       ...successful.
\o simulate...
\o To view the simulator output, right-click on the test name, result 
\o name, or any value in the "Results" tab of the Outputs section and 
\o choose "Output Log" menu option.
\# Memory report: Maximum memory size now 15,195 MB at UTC 2024.04.18 04:17:02.632
\# Memory report: Maximum memory size now 14,465 MB at UTC 2024.04.18 04:17:22.631
\# Memory report: Maximum memory size now 14,051 MB at UTC 2024.04.18 04:17:32.632
\# Memory report: Maximum memory size now 14,582 MB at UTC 2024.04.18 04:18:52.631
\# Memory report: Maximum memory size now 14,187 MB at UTC 2024.04.18 04:19:22.631
\o INFO (ADE-3071): Simulation completed successfully.
\o reading simulation data...
\o       ...successful.
\o *Info*    Client has finished evaluating ... 
\o 
\o 
\o *Info*    Run complete for Point ID (11 29) on testbench [ SOA ].
\o 
\o 
\o 
\o 
\o 
\# Memory report: Maximum memory size now 15,108 MB at UTC 2024.04.18 04:19:42.056
\o 
\o 
\o 
\o 
\o 
\o *Info*    Run start for Point ID (11 32) on testbench [ SOA ].
\o 
\o Resetting statistical vars
\o 
\o *Info*    Setting parameter values ...
\o 
\o Setting var VDD = "3.6"
\o Setting var temperature = "85"
\o Setting temp(T) = 85
\o 
\o *Info*    Netlist Directory =
\o           /home/saul/projects/ASKA/Sim/HVSWITCH/hvswitch_tb/adexl/results/data/Interactive.390/32/SOA/netlist
\o 
\o 
\o *Info*    Data Directory    =
\o           /home/saul/projects/ASKA/Sim/HVSWITCH/hvswitch_tb/adexl/results/data/Interactive.390/32/SOA
\o 
\o 
\o *Info*    Creating Netlist for Point ID (11 32)
\o 
\o generate netlist...
\o function ansCdlCompPrim redefined
\o function ansCdlCompPrim redefined
\o Begin Incremental Netlisting Apr 18 00:19:42 2024
\o End netlisting Apr 18 00:19:42 2024
\o 
\o 	The netlist is up to date.
\o 	Time taken to compare the design with netlist:   0.0s
\o       ...successful.
\o compose simulator input file...
\o       ...successful.
\o 
\o *Info*    Running simulation on testbench [ SOA ] for Point ID (11
\o           32).
\o 
\o Delete psf data in /home/saul/projects/ASKA/Sim/HVSWITCH/hvswitch_tb/adexl/results/data/Interactive.390/32/SOA/psf.
\o compose simulator input file...
\o       ...successful.
\o start simulator if needed...
\o       ...successful.
\o simulate...
\o To view the simulator output, right-click on the test name, result 
\o name, or any value in the "Results" tab of the Outputs section and 
\o choose "Output Log" menu option.
\# Memory report: Maximum memory size now 14,505 MB at UTC 2024.04.18 04:20:11.413
\# Memory report: Maximum memory size now 14,088 MB at UTC 2024.04.18 04:20:41.292
\# Memory report: Maximum memory size now 14,991 MB at UTC 2024.04.18 04:22:31.635
\o INFO (ADE-3071): Simulation completed successfully.
\o reading simulation data...
\o       ...successful.
\o *Info*    Client has finished evaluating ... 
\o 
\o 
\o *Info*    Run complete for Point ID (11 32) on testbench [ SOA ].
\o 
\o 
\o 
\o 
\o 
\o 
\o 
\o 
\o 
\o 
\o *Info*    Run start for Point ID (11 39) on testbench [ SOA ].
\o 
\o Resetting statistical vars
\o 
\o *Info*    Setting parameter values ...
\o 
\o Setting var temperature = "-40"
\o Setting temp(T) = -40
\o 
\o *Info*    Netlist Directory =
\o           /home/saul/projects/ASKA/Sim/HVSWITCH/hvswitch_tb/adexl/results/data/Interactive.390/39/SOA/netlist
\o 
\o 
\o *Info*    Data Directory    =
\o           /home/saul/projects/ASKA/Sim/HVSWITCH/hvswitch_tb/adexl/results/data/Interactive.390/39/SOA
\o 
\o 
\o *Info*    Creating Netlist for Point ID (11 39)
\o 
\o generate netlist...
\o function ansCdlCompPrim redefined
\o function ansCdlCompPrim redefined
\o Begin Incremental Netlisting Apr 18 00:22:42 2024
\o End netlisting Apr 18 00:22:42 2024
\o 
\o 	The netlist is up to date.
\o 	Time taken to compare the design with netlist:   0.0s
\o       ...successful.
\o compose simulator input file...
\o       ...successful.
\o 
\o *Info*    Running simulation on testbench [ SOA ] for Point ID (11
\o           39).
\o 
\o Delete psf data in /home/saul/projects/ASKA/Sim/HVSWITCH/hvswitch_tb/adexl/results/data/Interactive.390/39/SOA/psf.
\o compose simulator input file...
\o       ...successful.
\o start simulator if needed...
\o       ...successful.
\o simulate...
\o To view the simulator output, right-click on the test name, result 
\o name, or any value in the "Results" tab of the Outputs section and 
\o choose "Output Log" menu option.
\# Memory report: Maximum memory size now 14,642 MB at UTC 2024.04.18 04:22:51.631
\# Memory report: Maximum memory size now 14,231 MB at UTC 2024.04.18 04:23:01.633
\# Memory report: Maximum memory size now 13,887 MB at UTC 2024.04.18 04:23:11.632
\# Memory report: Maximum memory size now 14,442 MB at UTC 2024.04.18 04:25:20.631
\# Memory report: Maximum memory size now 13,900 MB at UTC 2024.04.18 04:25:50.325
\o INFO (ADE-3071): Simulation completed successfully.
\o reading simulation data...
\o       ...successful.
\o *Info*    Client has finished evaluating ... 
\o 
\o 
\o *Info*    Run complete for Point ID (11 39) on testbench [ SOA ].
\o 
\o 
\o 
\o 
\o 
\o 
\o 
\o 
\o 
\o 
\o *Info*    Run start for Point ID (11 44) on testbench [ SOA ].
\o 
\o Resetting statistical vars
\o 
\o *Info*    Setting parameter values ...
\o 
\o Setting var temperature = "85"
\o Setting temp(T) = 85
\o 
\o *Info*    Netlist Directory =
\o           /home/saul/projects/ASKA/Sim/HVSWITCH/hvswitch_tb/adexl/results/data/Interactive.390/44/SOA/netlist
\o 
\o 
\o *Info*    Data Directory    =
\o           /home/saul/projects/ASKA/Sim/HVSWITCH/hvswitch_tb/adexl/results/data/Interactive.390/44/SOA
\o 
\o 
\o *Info*    Creating Netlist for Point ID (11 44)
\o 
\o generate netlist...
\o function ansCdlCompPrim redefined
\o function ansCdlCompPrim redefined
\o Begin Incremental Netlisting Apr 18 00:26:24 2024
\o End netlisting Apr 18 00:26:24 2024
\o 
\o 	The netlist is up to date.
\o 	Time taken to compare the design with netlist:   0.0s
\o       ...successful.
\o compose simulator input file...
\o       ...successful.
\o 
\o *Info*    Running simulation on testbench [ SOA ] for Point ID (11
\o           44).
\o 
\o Delete psf data in /home/saul/projects/ASKA/Sim/HVSWITCH/hvswitch_tb/adexl/results/data/Interactive.390/44/SOA/psf.
\o compose simulator input file...
\o       ...successful.
\o start simulator if needed...
\o       ...successful.
\o simulate...
\o To view the simulator output, right-click on the test name, result 
\o name, or any value in the "Results" tab of the Outputs section and 
\o choose "Output Log" menu option.
\# Memory report: using         832 MB, process size 2,622 MB at UTC 2024.04.18 04:26:25.530
\# Memory report: Maximum memory size now 14,621 MB at UTC 2024.04.18 04:28:00.631
\# Memory report: Maximum memory size now 14,292 MB at UTC 2024.04.18 04:28:10.631
\# Memory report: Maximum memory size now 13,940 MB at UTC 2024.04.18 04:28:40.631
\o INFO (ADE-3071): Simulation completed successfully.
\o reading simulation data...
\o       ...successful.
\o *Info*    Client has finished evaluating ... 
\o 
\o 
\o *Info*    Run complete for Point ID (11 44) on testbench [ SOA ].
\o 
\o 
\o 
\o 
\o 
\o 
\o 
\o 
\o 
\o 
\o *Info*    Run start for Point ID (11 49) on testbench [ SOA ].
\o 
\o Resetting statistical vars
\o 
\o *Info*    Setting parameter values ...
\o 
\o Setting var VDD = "3"
\o Setting var temperature = "-40"
\o Setting temp(T) = -40
\o 
\o *Info*    Netlist Directory =
\o           /home/saul/projects/ASKA/Sim/HVSWITCH/hvswitch_tb/adexl/results/data/Interactive.390/49/SOA/netlist
\o 
\o 
\o *Info*    Data Directory    =
\o           /home/saul/projects/ASKA/Sim/HVSWITCH/hvswitch_tb/adexl/results/data/Interactive.390/49/SOA
\o 
\o 
\o *Info*    Creating Netlist for Point ID (11 49)
\o 
\o generate netlist...
\o function ansCdlCompPrim redefined
\o function ansCdlCompPrim redefined
\o Begin Incremental Netlisting Apr 18 00:29:58 2024
\o End netlisting Apr 18 00:29:58 2024
\o 
\o 	The netlist is up to date.
\o 	Time taken to compare the design with netlist:   0.0s
\o       ...successful.
\o compose simulator input file...
\o       ...successful.
\o 
\o *Info*    Running simulation on testbench [ SOA ] for Point ID (11
\o           49).
\o 
\o Delete psf data in /home/saul/projects/ASKA/Sim/HVSWITCH/hvswitch_tb/adexl/results/data/Interactive.390/49/SOA/psf.
\o compose simulator input file...
\o       ...successful.
\o start simulator if needed...
\o       ...successful.
\o simulate...
\o To view the simulator output, right-click on the test name, result 
\o name, or any value in the "Results" tab of the Outputs section and 
\o choose "Output Log" menu option.
\# Memory report: Maximum memory size now 14,262 MB at UTC 2024.04.18 04:30:00.631
\# Memory report: Maximum memory size now 13,931 MB at UTC 2024.04.18 04:30:10.632
\# Memory report: Maximum memory size now 14,321 MB at UTC 2024.04.18 04:30:50.630
\# Memory report: Maximum memory size now 13,991 MB at UTC 2024.04.18 04:31:10.631
\# Memory report: Maximum memory size now 13,679 MB at UTC 2024.04.18 04:31:20.630
\o INFO (ADE-3071): Simulation completed successfully.
\o reading simulation data...
\o       ...successful.
\o *Info*    Client has finished evaluating ... 
\o 
\o 
\o *Info*    Run complete for Point ID (11 49) on testbench [ SOA ].
\o 
\o 
\o 
\o 
\o 
\o 
\o 
\o 
\o 
\o 
\o *Info*    Run start for Point ID (11 52) on testbench [ SOA ].
\o 
\o Resetting statistical vars
\o 
\o *Info*    Setting parameter values ...
\o 
\o Setting var VDD = "3.6"
\o Setting var temperature = "85"
\o Setting temp(T) = 85
\o 
\o *Info*    Netlist Directory =
\o           /home/saul/projects/ASKA/Sim/HVSWITCH/hvswitch_tb/adexl/results/data/Interactive.390/52/SOA/netlist
\o 
\o 
\o *Info*    Data Directory    =
\o           /home/saul/projects/ASKA/Sim/HVSWITCH/hvswitch_tb/adexl/results/data/Interactive.390/52/SOA
\o 
\o 
\o *Info*    Creating Netlist for Point ID (11 52)
\o 
\o generate netlist...
\o function ansCdlCompPrim redefined
\o function ansCdlCompPrim redefined
\o Begin Incremental Netlisting Apr 18 00:32:41 2024
\o End netlisting Apr 18 00:32:41 2024
\o 
\o 	The netlist is up to date.
\o 	Time taken to compare the design with netlist:   0.0s
\o       ...successful.
\o compose simulator input file...
\o       ...successful.
\o 
\o *Info*    Running simulation on testbench [ SOA ] for Point ID (11
\o           52).
\o 
\o Delete psf data in /home/saul/projects/ASKA/Sim/HVSWITCH/hvswitch_tb/adexl/results/data/Interactive.390/52/SOA/psf.
\o compose simulator input file...
\o       ...successful.
\o start simulator if needed...
\o       ...successful.
\o simulate...
\o To view the simulator output, right-click on the test name, result 
\o name, or any value in the "Results" tab of the Outputs section and 
\o choose "Output Log" menu option.
\# Memory report: Maximum memory size now 13,976 MB at UTC 2024.04.18 04:32:50.157
\# Memory report: Maximum memory size now 14,478 MB at UTC 2024.04.18 04:33:00.631
\# Memory report: Maximum memory size now 14,118 MB at UTC 2024.04.18 04:33:10.631
\# Memory report: Maximum memory size now 13,659 MB at UTC 2024.04.18 04:34:30.631
\o INFO (ADE-3071): Simulation completed successfully.
\o reading simulation data...
\o       ...successful.
\o *Info*    Client has finished evaluating ... 
\o 
\o 
\o *Info*    Run complete for Point ID (11 52) on testbench [ SOA ].
\o 
\o 
\o 
\o 
\o 
\o 
\o 
\o 
\o 
\o 
\o *Info*    Run start for Point ID (11 57) on testbench [ SOA ].
\o 
\o Resetting statistical vars
\o 
\o *Info*    Setting parameter values ...
\o 
\o Setting var VDD = "3"
\o Setting var temperature = "-40"
\o Setting temp(T) = -40
\o 
\o *Info*    Netlist Directory =
\o           /home/saul/projects/ASKA/Sim/HVSWITCH/hvswitch_tb/adexl/results/data/Interactive.390/57/SOA/netlist
\o 
\o 
\o *Info*    Data Directory    =
\o           /home/saul/projects/ASKA/Sim/HVSWITCH/hvswitch_tb/adexl/results/data/Interactive.390/57/SOA
\o 
\o 
\o *Info*    Creating Netlist for Point ID (11 57)
\o 
\o generate netlist...
\o function ansCdlCompPrim redefined
\o function ansCdlCompPrim redefined
\o Begin Incremental Netlisting Apr 18 00:35:39 2024
\o End netlisting Apr 18 00:35:39 2024
\o 
\o 	The netlist is up to date.
\o 	Time taken to compare the design with netlist:   0.0s
\o       ...successful.
\o compose simulator input file...
\o       ...successful.
\o 
\o *Info*    Running simulation on testbench [ SOA ] for Point ID (11
\o           57).
\o 
\o Delete psf data in /home/saul/projects/ASKA/Sim/HVSWITCH/hvswitch_tb/adexl/results/data/Interactive.390/57/SOA/psf.
\o compose simulator input file...
\o       ...successful.
\o start simulator if needed...
\o       ...successful.
\o simulate...
\o To view the simulator output, right-click on the test name, result 
\o name, or any value in the "Results" tab of the Outputs section and 
\o choose "Output Log" menu option.
\# Memory report: Maximum memory size now 14,179 MB at UTC 2024.04.18 04:35:40.632
\# Memory report: Maximum memory size now 13,880 MB at UTC 2024.04.18 04:36:20.631
\# Memory report: Maximum memory size now 14,241 MB at UTC 2024.04.18 04:37:20.631
\# Memory report: Maximum memory size now 13,892 MB at UTC 2024.04.18 04:37:30.631
\o INFO (ADE-3071): Simulation completed successfully.
\o reading simulation data...
\o       ...successful.
\o *Info*    Client has finished evaluating ... 
\o 
\o 
\o *Info*    Run complete for Point ID (11 57) on testbench [ SOA ].
\o 
\o 
\o 
\o 
\o 
\o 
\o 
\o 
\o 
\o 
\o *Info*    Run start for Point ID (11 62) on testbench [ SOA ].
\o 
\o Resetting statistical vars
\o 
\o *Info*    Setting parameter values ...
\o 
\o Setting var temperature = "85"
\o Setting temp(T) = 85
\o 
\o *Info*    Netlist Directory =
\o           /home/saul/projects/ASKA/Sim/HVSWITCH/hvswitch_tb/adexl/results/data/Interactive.390/62/SOA/netlist
\o 
\o 
\o *Info*    Data Directory    =
\o           /home/saul/projects/ASKA/Sim/HVSWITCH/hvswitch_tb/adexl/results/data/Interactive.390/62/SOA
\o 
\o 
\o *Info*    Creating Netlist for Point ID (11 62)
\o 
\o generate netlist...
\o function ansCdlCompPrim redefined
\o function ansCdlCompPrim redefined
\o Begin Incremental Netlisting Apr 18 00:38:24 2024
\o End netlisting Apr 18 00:38:24 2024
\o 
\o 	The netlist is up to date.
\o 	Time taken to compare the design with netlist:   0.0s
\o       ...successful.
\o compose simulator input file...
\o       ...successful.
\o 
\o *Info*    Running simulation on testbench [ SOA ] for Point ID (11
\o           62).
\o 
\o Delete psf data in /home/saul/projects/ASKA/Sim/HVSWITCH/hvswitch_tb/adexl/results/data/Interactive.390/62/SOA/psf.
\o compose simulator input file...
\o       ...successful.
\o start simulator if needed...
\o       ...successful.
\o simulate...
\o To view the simulator output, right-click on the test name, result 
\o name, or any value in the "Results" tab of the Outputs section and 
\o choose "Output Log" menu option.
\# Memory report: Maximum memory size now 14,482 MB at UTC 2024.04.18 04:38:30.630
\# Memory report: Maximum memory size now 14,110 MB at UTC 2024.04.18 04:38:50.631
\# Memory report: Maximum memory size now 13,751 MB at UTC 2024.04.18 04:39:00.631
\# Memory report: Maximum memory size now 14,045 MB at UTC 2024.04.18 04:39:40.631
\# Memory report: Maximum memory size now 14,648 MB at UTC 2024.04.18 04:40:10.631
\# Memory report: Maximum memory size now 14,266 MB at UTC 2024.04.18 04:40:30.631
\o INFO (ADE-3071): Simulation completed successfully.
\o reading simulation data...
\o       ...successful.
\o *Info*    Client has finished evaluating ... 
\o 
\o 
\o *Info*    Run complete for Point ID (11 62) on testbench [ SOA ].
\o 
\o 
\o 
\o 
\o 
\# Memory report: Maximum memory size now 14,596 MB at UTC 2024.04.18 04:41:10.633
\# Memory report: Maximum memory size now 15,123 MB at UTC 2024.04.18 04:41:40.631
\# Available memory:         15,303 MB at UTC 2024.04.18 04:42:40.631
\# Memory report: Maximum memory size now 16,182 MB at UTC 2024.04.18 04:42:40.632
\# Memory report: Maximum memory size now 16,785 MB at UTC 2024.04.18 04:47:40.632
\o Simulation design variables differ from those on the cellView,
\o they have been saved in the file "/tmp/saved-design-variables".
\o To save future changes, copy variables to cellView before exiting.
\o 
\o *Info*    Received signal SIGTERM.
\o 
\o 
