*Info*    Exporting services from client ... 

*Info*    Client has finished starting ... 



*Info*    Configuring the session ...

	Library      = HVSWITCH
	Cell         = hvswitch_tb
	View         = config
	Simulator    = spectre
	State Path   = $AXL_SETUPDB_DIR/test_states
	State Name   = HVSWITCH:hvswitch_tb:1_none_Interactive.396
	Results DB   = /home/saul/projects/ASKA/HVSWITCH/hvswitch_tb/adexl/results/data/Interactive.396.rdb
	Results Dir  = /home/saul/projects/ASKA/Sim/HVSWITCH/hvswitch_tb/adexl/results/data/Interactive.396/1/HVSWITCH:hvswitch_tb:1
	Results Loc  = /home/saul/projects/ASKA/Sim/HVSWITCH/hvswitch_tb/adexl/results/data
	Project Dir  = /home/saul/projects/ASKA/Sim
	Setup DB loc = /home/saul/projects/ASKA/HVSWITCH/hvswitch_tb/adexl
	File Encoding = 0



*Info*    The auto suspension is disabled.






*Info*    Run start for Point ID (17 1) on testbench [
          HVSWITCH:hvswitch_tb:1 ].

Resetting statistical vars

*Info*    Setting parameter values ...

Setting var CAP_EXT = "10p"
Setting var DN1 = "3.3"
Setting var DN2 = "0"
Setting var IDC = "50m"
Setting var START_DELAY = "20u"
Setting var UP1 = "3.3"
Setting var UP2 = "0"
Setting var VDAC = "33m"
Setting var VDAC2 = "330m"
Setting var VDD = "3.3"
Setting var VDDHV = "40"
Setting var VDDHV_PULSE = "0"
Setting var temperature = "27"
Setting temp(T) = 27

*Info*    Netlist Directory =
          /home/saul/projects/ASKA/Sim/HVSWITCH/hvswitch_tb/adexl/results/data/Interactive.396/1/HVSWITCH:hvswitch_tb:1/netlist


*Info*    Data Directory    =
          /home/saul/projects/ASKA/Sim/HVSWITCH/hvswitch_tb/adexl/results/data/Interactive.396/1/HVSWITCH:hvswitch_tb:1


*Info*    Creating Netlist for Point ID (17 1)

generate netlist...
function ansCdlCompPrim redefined
function ansCdlCompPrim redefined
Begin Incremental Netlisting Apr 19 06:55:41 2024
WARNING (OSSHNL-159): The primitive, 'HVSWITCH/hbridge_stimulus/veriloga', has been updated since the last netlisting session
in this current run directory. Therefore, re-netlisting all cell views where
this primitive is instantiated.

WARNING (OSSHNL-941): Failed to open the sameCellNamesInMultipleLibs file '/home/saul/projects/ASKA/Sim/HVSWITCH/hvswitch_tb/adexl/results/data/Interactive.279/1/HVSWITCH:hvswitch_tb:1/netlist/ihnl/sameCellNamesInMultipleLibs', in the append mode.
Ensure that you have the write permission for the mentioned file.

End netlisting Apr 19 06:55:41 2024

Netlisting Statistics:
	Number of components:   21

	Elapsed time:          0.0s
Errors: 0	Warnings: 0
      ...successful.
compose simulator input file...
      ...successful.

*Info*    Running simulation on testbench [ HVSWITCH:hvswitch_tb:1 ]
          for Point ID (17 1).

Delete psf data in /home/saul/projects/ASKA/Sim/HVSWITCH/hvswitch_tb/adexl/results/data/Interactive.396/1/HVSWITCH:hvswitch_tb:1/psf.
compose simulator input file...
      ...successful.
start simulator if needed...
      ...successful.
simulate...
To view the simulator output, right-click on the test name, result 
name, or any value in the "Results" tab of the Outputs section and 
choose "Output Log" menu option.
INFO (ADE-3071): Simulation completed successfully.
reading simulation data...
      ...successful.
*Info*    Client has finished evaluating ... 


*Info*    Run complete for Point ID (17 1) on testbench [
          HVSWITCH:hvswitch_tb:1 ].





Simulation design variables differ from those on the cellView,
they have been saved in the file "/tmp/saved-design-variables".
To save future changes, copy variables to cellView before exiting.
