\# Program start time:     UTC 2024.04.09 06:56:21.556
\# Local time: EDT (UTC-04:00) 2024.04.09 02:56:21.556
\o Program:		@(#)$CDS: virtuoso version 6.1.8-64b 10/11/2023 09:56 (cpgbld01) $
\o Hierarchy:		/home/saul/cadence/installs/IC618/tools.lnx86/dfII/
\o Sub version:		sub-version  IC6.1.8-64b.500.34  (64-bit addresses)
\# Command line:	/pkg/cadence/installs/IC618/tools.lnx86/dfII/bin/64bit/virtuoso -noautostart -mpssession virtuoso22447 -mpshost phoenix -davinciService DaVinciService_22447_1712640478 -log /home/saul/projects/ASKA/logs_saul/logs0/Job28.log -licenseLockFileName /home/saul/projects/ASKA/.tmp_saul/.phoenix_22447 -interactiveA -interactiveE -interactiveRTT -nostdin -nographE -axlChildIdFlag 28
\# Host name (type):	phoenix (x86_64)
\# Operating system:	Linux 3.10.0-1160.105.1.el7.x86_64 #1 SMP Thu Dec 7 15:39:45 UTC 2023
\# Linux /etc/issue:	\S
\# Linux /etc/issue:	Kernel \r on an \m
\# X display name (WxH):	:1761 (1024x868)
\# Available geometry:			TL(0:0) BR(1023:867)
\# X server:			The X.Org Foundation
\# Depth of Visual (Root):	24 (24)
\# Number of Planes Used:	24
\# X version:		11.0 (vendor release 12004000)
\# X resource pool:	base 0x400000, mask 0x1fffff (2097151), shift 0
\# 			current id 0x0, current max 0x1ffffa (2097146)
\# Max data seg size:	     unlimited
\# Max process size:	     unlimited
\# Initial sbrk value:	        619 MB
\# Available memory:	     20,916 MB
\# System memory:	     25,561 MB
\# Maximum memory size:	     25,160 MB
\# Max mem available:	     21,134 MB
\# Initial memory used:	        218 MB
\#        process size:	      1,821 MB
\# Thread usage limits (effective/default):	maxthreads 4096/4096 maxload 7.00/7.00
\# Qt version:		5.9.1
\# Window Manager:	other
\# User Name:		saul
\o Working Directory:	phoenix:/home/saul/projects/ASKA
\# Process Id:		16236
\o 
\o COPYRIGHT (C) 1992-2023  CADENCE DESIGN SYSTEMS INC.  ALL RIGHTS RESERVED.
\o           (C) 1992-2023  UNIX SYSTEMS Laboratories INC.,
\o                          Reproduced with permission.
\o 
\o This Cadence Design Systems program and online documentation are
\o proprietary/confidential information and may be disclosed/used only
\o as authorized in a license agreement controlling such use and disclosure.
\o 
\o           RESTRICTED RIGHTS NOTICE (SHORT FORM)
\o Use/reproduction/disclosure is subject to restriction
\o set forth at FAR 1252.227-19 or its equivalent.
\o Loading geView.cxt 
\o Loading menuBuilder.cxt 
\o Loading schView.cxt 
\o Loading selectSv.cxt 
\o Loading pvsui.cxt
\o Loading wireEdit.cxt 
\o Loading pte2.cxt 
\o Loading xlUI.cxt 
\o Loading auCore.cxt 
\o Loading vhdl.cxt 
\o Loading seismic.cxt 
\o Loading ci.cxt 
\o Loading ams.cxt 
\o Loading oasis.cxt 
\o Loading analog.cxt 
\o Loading asimenv.cxt 
\o Loading dal.cxt 
\o Loading awv.cxt 
\o Loading socket.cxt 
\o Loading par.cxt 
\o Loading alvs.cxt 
\o Loading caa.cxt 
\o Loading amps.cxt 
\o Loading adexlCore.cxt 
\o Loading adexl.cxt 
\o *Info*    Exporting services from client ... 
\o 
\o Loading adexlDM.cxt 
\o Loading cpf.cxt 
\o Loading cli.cxt 
\o Loading lp.cxt 
\o INFO (ELI-00302) Connecting to parent process (session=virtuoso22447, host=phoenix). Connection mode is ICRP. Total timeout is 180 seconds. Connection timeout is 90 seconds.
\o INFO (ELI-00303) Step 1: Connecting to parent. Time spent is 0 seconds.
\o INFO (ELI-00304) The registration of the child 16236 within 90 seconds is being processed...
\o INFO (ELI-00305) The result of registration is true. Time spent is 0 seconds.
\o INFO (ELI-00308) The connection has ended. Result is true. Total time spent is 0 seconds.
\# [02:56:21.512385] Configured Lic search path (22.01-s002): 3000@lic08.ug.kth.se
\# Memory report: using         370 MB, process size 2,102 MB at UTC 2024.04.09 06:56:23.477
\o Loading .cdsinit for the XH018 X-Fab XKit.
\o     LOAD xh018_1143 SPECIFIC CALL-BACK ROUTINES
\o     LOAD ALL AVAILABLE P-CELL FUNCTIONS
\o ** Info: PDK loadpath is "/home/saul/pkg/xfab/XKIT/xh018/cadence/v9_0/PDK/IC61/v9_0_4"
\o Loading XfSktTools.cxt
\o Loading XfMenu.cxt
\o Loading XfTechXh018.cxt
\o Loading XfPcellCore.cxt
\o function ansiSpicePrintProperties_subcircuit redefined
\o Loading XfSkillExt.cxt
\o Initializing library.
\o Finished Initializing Library .
\o     Generic PcellKit: 'production' loaded.
\o     Generic Pcell Skill Tools: 'production' loaded.
\o Loading Circuit Prospector Setup (XfCircuitProspSetup.il)
\o     LOAD THE ENVIRONMENT FILE
\o  --> Setting the required PDK definitions...
\o     GDSII LAYER MAPPING FILE = "./.xkit/setup/xh018/cadence/PDK/TECH_XH018_1143/strmInOut.layertable"
\o     GDSII OBJECT MAPPING FILE = "./.xkit/setup/xh018/cadence/PDK/TECH_XH018_1143/strmOutObjects.map"
\o Use model setup from PDK...
\o Loading spectrei.cxt 
\o Loading devCheck.cxt 
\o Loading relXpert.cxt 
\o Loading vdsil.cxt 
\o Loading hspiceD.cxt 
\o Loading spectreinl.cxt 
\o Loading UltraSim.cxt 
\o Loading msgHandler.cxt 
\o Loading AMSOSS.cxt 
\o Loading AMS.cxt 
\# Memory report: using         472 MB, process size 2,204 MB at UTC 2024.04.09 06:56:24.415
\o  --> Finished setting the required PDK definitions
\o  --> Setting the recommended EDA tool defaults...
\o  --> Finished setting the recommended EDA tool defaults
\o     LOAD DEFAULT BINDKEYS
\o Loading viva.cxt 
\o  --> AssuraTools Setup not available
\o *Info*    Client has finished starting ... 
\o 
\p > 
\# Loading perfDiag...
\# (PerfDiag): Set GDB path to environment variable 'gdbPath' (gdb).
\# Performance Diagnostic tool is installed. You can access PerfDiag from CIW Tools or use the shell command 'cdsPerfDiag -p 16236' to open it when Virtuoso freezes.
\# (PerfDiag): Loading backtrace from /pkg/cadence/installs/IC618/tools/lib/64bit/cdnslibunwind.so
\o Loading vqp.cxt 
\o Loading hdlPkg.cxt 
\o 
\o 
\o *Info*    Configuring the session ...
\o 
\o Loading simui.cxt 
\o 	Library      = CONSTANT_GM
\o 	Cell         = constant_gm_tb
\o 	View         = config
\o 	Simulator    = spectre
\o 	State Path   = $AXL_SETUPDB_DIR/test_states
\o 	State Name   = CONSTANT_GM:constant_gm_tb:1_none_Interactive.82
\o 	Results DB   = /home/saul/projects/ASKA/CONSTANT_GM/constant_gm_tb/adexl/results/data/Interactive.82.rdb
\o 	Results Dir  = /home/saul/projects/ASKA/Sim/CONSTANT_GM/constant_gm_tb/adexl/results/data/Interactive.82/1/CONSTANT_GM:constant_gm_tb:1
\o 	Results Loc  = /home/saul/projects/ASKA/Sim/CONSTANT_GM/constant_gm_tb/adexl/results/data
\o 	Project Dir  = /home/saul/projects/ASKA/Sim
\o 	Setup DB loc = /home/saul/projects/ASKA/CONSTANT_GM/constant_gm_tb/adexl
\o 	File Encoding = 0
\o 
\o 
\o WARNING (ADE-7017): The Spectre run mode needs to be 'batch' when EM/IR analysis is enabled. Automatically setting the run mode to 'batch'.
\o 
\o *Info*    The auto suspension is disabled.
\o 
\o     LOAD GENERIC "X-KIT" SKILL CONTEXT "./.xkit/setup/x_all/cadence/xenv/skill/context6/xkit.cxt" 
\o  - Menu "XKit Utilities" installed to CIW.
\o     LOAD ".cdsinit_personal" FILE FROM THE WORKING DIRECTORY.
\o     INFO: To customize this setup, please use the following environment variables:
\o           CUSTOM_SCRIPT_PATH - should point to the master shell or perl script
\o                              e.g.:
\o                              setenv CUSTOM_SCRIPT_PATH /path/to/my/script/LoadMyScripts.csh
\o           CUSTOM_SKILL_PATH - should point to your master skill load file
\o                              e.g.:
\o                              setenv CUSTOM_SKILL_PATH /path/to/my/skill/LoadMySkills.il
\o  loading default key binding 
\o  -> END LOAD ".cdsinit" FILE
\o Loading monte.cxt 
\o 
\o 
\o 
\o 
\o 
\o *Info*    Run start for Point ID (40 2) on testbench [
\o           CONSTANT_GM:constant_gm_tb:1 ].
\o 
\o Resetting statistical vars
\o 
\o *Info*    Setting parameter values ...
\o 
\o Setting var VDD3 = "0"
\o Setting var VDD_PULSE = "3.3"
\o Setting var temperature = "-40"
\o Setting temp(T) = -40
\o 
\o *Info*    Netlist Directory =
\o           /home/saul/projects/ASKA/Sim/CONSTANT_GM/constant_gm_tb/adexl/results/data/Interactive.82/2/CONSTANT_GM:constant_gm_tb:1/netlist
\o 
\o 
\o *Info*    Data Directory    =
\o           /home/saul/projects/ASKA/Sim/CONSTANT_GM/constant_gm_tb/adexl/results/data/Interactive.82/2/CONSTANT_GM:constant_gm_tb:1
\o 
\o 
\o *Info*    Creating Netlist for Point ID (40 2)
\o 
\o generate netlist...
\o Loading hnlInit.cxt 
\o Loading seCore.cxt 
\o function ansCdlCompPrim redefined
\o function ansCdlCompPrim redefined
\# [02:56:25.452097] Periodic Lic check successful
\# [02:56:25.452098] Feature usage summary:
\o Begin Incremental Netlisting Apr  9 02:56:25 2024
\o Loading json.cxt 
\o End netlisting Apr  9 02:56:25 2024
\o 
\o Netlisting Statistics:
\o 	Number of components:   20
\o 
\o 	Elapsed time:          0.0s
\o Errors: 0	Warnings: 0
\o       ...successful.
\o compose simulator input file...
\o       ...successful.
\o 
\o *Info*    Running simulation on testbench [
\o           CONSTANT_GM:constant_gm_tb:1 ] for Point ID (40 2).
\o 
\o Delete psf data in /home/saul/projects/ASKA/Sim/CONSTANT_GM/constant_gm_tb/adexl/results/data/Interactive.82/2/CONSTANT_GM:constant_gm_tb:1/psf.
\o compose simulator input file...
\o       ...successful.
\o start simulator if needed...
\o       ...successful.
\o simulate...
\o To view the simulator output, right-click on the test name, result 
\o name, or any value in the "Results" tab of the Outputs section and 
\o choose "Output Log" menu option.
\o Loading paraplot.cxt 
\# Memory report: using         622 MB, process size 2,411 MB at UTC 2024.04.09 06:56:26.063
\o INFO (ADE-3071): Simulation completed successfully.
\o reading simulation data...
\o       ...successful.
\o *Info*    Client has finished evaluating ... 
\o 
\o WARNING (OCN-6038): Results xf are not available for /home/saul/projects/ASKA/Sim/CONSTANT_GM/constant_gm_tb/adexl/results/data/Interactive.82/2/CONSTANT_GM:constant_gm_tb:1. Use results() for a list of available results.
\o WARNING (OCN-6038): Results xf are not available for /home/saul/projects/ASKA/Sim/CONSTANT_GM/constant_gm_tb/adexl/results/data/Interactive.82/2/CONSTANT_GM:constant_gm_tb:1. Use results() for a list of available results.
\e *Error* db: can't handle db(nil)
\e 
\e 
\o ERROR (ADE-2709): Evaluation of output 'V/V /V0; xf dB20(V/V)' returned 'nil' for point:'2' test:'CONSTANT_GM:constant_gm_tb:1'
\o 	Expression:'db(getData("/V0" ?result "xf"))'.
\o Ensure that the definition of output is correct.
\o 
\o 
\o *Info*    Run complete for Point ID (40 2) on testbench [
\o           CONSTANT_GM:constant_gm_tb:1 ].
\o 
\o 
\o 
\o 
\o 
\o 
\o 
\o 
\o 
\o 
\o *Info*    Run start for Point ID (40 8) on testbench [
\o           CONSTANT_GM:constant_gm_tb:1 ].
\o 
\o Resetting statistical vars
\o 
\o *Info*    Setting parameter values ...
\o 
\o 
\o *Info*    Netlist Directory =
\o           /home/saul/projects/ASKA/Sim/CONSTANT_GM/constant_gm_tb/adexl/results/data/Interactive.82/8/CONSTANT_GM:constant_gm_tb:1/netlist
\o 
\o 
\o *Info*    Data Directory    =
\o           /home/saul/projects/ASKA/Sim/CONSTANT_GM/constant_gm_tb/adexl/results/data/Interactive.82/8/CONSTANT_GM:constant_gm_tb:1
\o 
\o 
\o *Info*    Creating Netlist for Point ID (40 8)
\o 
\o generate netlist...
\o function ansCdlCompPrim redefined
\o function ansCdlCompPrim redefined
\o Begin Incremental Netlisting Apr  9 02:56:26 2024
\o End netlisting Apr  9 02:56:26 2024
\o 
\o 	The netlist is up to date.
\o 	Time taken to compare the design with netlist:   0.0s
\o       ...successful.
\o compose simulator input file...
\o       ...successful.
\o 
\o *Info*    Running simulation on testbench [
\o           CONSTANT_GM:constant_gm_tb:1 ] for Point ID (40 8).
\o 
\o Delete psf data in /home/saul/projects/ASKA/Sim/CONSTANT_GM/constant_gm_tb/adexl/results/data/Interactive.82/8/CONSTANT_GM:constant_gm_tb:1/psf.
\o compose simulator input file...
\o       ...successful.
\o start simulator if needed...
\o       ...successful.
\o simulate...
\o To view the simulator output, right-click on the test name, result 
\o name, or any value in the "Results" tab of the Outputs section and 
\o choose "Output Log" menu option.
\o INFO (ADE-3071): Simulation completed successfully.
\o reading simulation data...
\o       ...successful.
\o *Info*    Client has finished evaluating ... 
\o 
\o WARNING (OCN-6038): Results xf are not available for /home/saul/projects/ASKA/Sim/CONSTANT_GM/constant_gm_tb/adexl/results/data/Interactive.82/8/CONSTANT_GM:constant_gm_tb:1. Use results() for a list of available results.
\o WARNING (OCN-6038): Results xf are not available for /home/saul/projects/ASKA/Sim/CONSTANT_GM/constant_gm_tb/adexl/results/data/Interactive.82/8/CONSTANT_GM:constant_gm_tb:1. Use results() for a list of available results.
\e *Error* db: can't handle db(nil)
\e 
\e 
\o ERROR (ADE-2709): Evaluation of output 'V/V /V0; xf dB20(V/V)' returned 'nil' for point:'8' test:'CONSTANT_GM:constant_gm_tb:1'
\o 	Expression:'db(getData("/V0" ?result "xf"))'.
\o Ensure that the definition of output is correct.
\o 
\o 
\o *Info*    Run complete for Point ID (40 8) on testbench [
\o           CONSTANT_GM:constant_gm_tb:1 ].
\o 
\o 
\o 
\o 
\o 
\o 
\o 
\o 
\o 
\o 
\o *Info*    Run start for Point ID (40 12) on testbench [
\o           CONSTANT_GM:constant_gm_tb:1 ].
\o 
\o Resetting statistical vars
\o 
\o *Info*    Setting parameter values ...
\o 
\o 
\o *Info*    Netlist Directory =
\o           /home/saul/projects/ASKA/Sim/CONSTANT_GM/constant_gm_tb/adexl/results/data/Interactive.82/12/CONSTANT_GM:constant_gm_tb:1/netlist
\o 
\o 
\o *Info*    Data Directory    =
\o           /home/saul/projects/ASKA/Sim/CONSTANT_GM/constant_gm_tb/adexl/results/data/Interactive.82/12/CONSTANT_GM:constant_gm_tb:1
\o 
\o 
\o *Info*    Creating Netlist for Point ID (40 12)
\o 
\o generate netlist...
\o function ansCdlCompPrim redefined
\o function ansCdlCompPrim redefined
\o Begin Incremental Netlisting Apr  9 02:56:28 2024
\o End netlisting Apr  9 02:56:28 2024
\o 
\o 	The netlist is up to date.
\o 	Time taken to compare the design with netlist:   0.0s
\o       ...successful.
\o compose simulator input file...
\o       ...successful.
\o 
\o *Info*    Running simulation on testbench [
\o           CONSTANT_GM:constant_gm_tb:1 ] for Point ID (40 12).
\o 
\o Delete psf data in /home/saul/projects/ASKA/Sim/CONSTANT_GM/constant_gm_tb/adexl/results/data/Interactive.82/12/CONSTANT_GM:constant_gm_tb:1/psf.
\o compose simulator input file...
\o       ...successful.
\o start simulator if needed...
\o       ...successful.
\o simulate...
\o To view the simulator output, right-click on the test name, result 
\o name, or any value in the "Results" tab of the Outputs section and 
\o choose "Output Log" menu option.
\o INFO (ADE-3071): Simulation completed successfully.
\o reading simulation data...
\o       ...successful.
\o *Info*    Client has finished evaluating ... 
\o 
\o WARNING (OCN-6038): Results xf are not available for /home/saul/projects/ASKA/Sim/CONSTANT_GM/constant_gm_tb/adexl/results/data/Interactive.82/12/CONSTANT_GM:constant_gm_tb:1. Use results() for a list of available results.
\o WARNING (OCN-6038): Results xf are not available for /home/saul/projects/ASKA/Sim/CONSTANT_GM/constant_gm_tb/adexl/results/data/Interactive.82/12/CONSTANT_GM:constant_gm_tb:1. Use results() for a list of available results.
\e *Error* db: can't handle db(nil)
\e 
\e 
\o ERROR (ADE-2709): Evaluation of output 'V/V /V0; xf dB20(V/V)' returned 'nil' for point:'12' test:'CONSTANT_GM:constant_gm_tb:1'
\o 	Expression:'db(getData("/V0" ?result "xf"))'.
\o Ensure that the definition of output is correct.
\o 
\o 
\o *Info*    Run complete for Point ID (40 12) on testbench [
\o           CONSTANT_GM:constant_gm_tb:1 ].
\o 
\o 
\o 
\o 
\o 
\o 
\o 
\o 
\o 
\o 
\o *Info*    Run start for Point ID (40 17) on testbench [
\o           CONSTANT_GM:constant_gm_tb:1 ].
\o 
\o Resetting statistical vars
\o 
\o *Info*    Setting parameter values ...
\o 
\o Setting var temperature = "85"
\o Setting temp(T) = 85
\o 
\o *Info*    Netlist Directory =
\o           /home/saul/projects/ASKA/Sim/CONSTANT_GM/constant_gm_tb/adexl/results/data/Interactive.82/17/CONSTANT_GM:constant_gm_tb:1/netlist
\o 
\o 
\o *Info*    Data Directory    =
\o           /home/saul/projects/ASKA/Sim/CONSTANT_GM/constant_gm_tb/adexl/results/data/Interactive.82/17/CONSTANT_GM:constant_gm_tb:1
\o 
\o 
\o *Info*    Creating Netlist for Point ID (40 17)
\o 
\o generate netlist...
\o function ansCdlCompPrim redefined
\o function ansCdlCompPrim redefined
\o Begin Incremental Netlisting Apr  9 02:56:29 2024
\o End netlisting Apr  9 02:56:29 2024
\o 
\o 	The netlist is up to date.
\o 	Time taken to compare the design with netlist:   0.0s
\o       ...successful.
\o compose simulator input file...
\o       ...successful.
\o 
\o *Info*    Running simulation on testbench [
\o           CONSTANT_GM:constant_gm_tb:1 ] for Point ID (40 17).
\o 
\o Delete psf data in /home/saul/projects/ASKA/Sim/CONSTANT_GM/constant_gm_tb/adexl/results/data/Interactive.82/17/CONSTANT_GM:constant_gm_tb:1/psf.
\o compose simulator input file...
\o       ...successful.
\o start simulator if needed...
\o       ...successful.
\o simulate...
\o To view the simulator output, right-click on the test name, result 
\o name, or any value in the "Results" tab of the Outputs section and 
\o choose "Output Log" menu option.
\o INFO (ADE-3071): Simulation completed successfully.
\o reading simulation data...
\o       ...successful.
\o *Info*    Client has finished evaluating ... 
\o 
\o WARNING (OCN-6038): Results xf are not available for /home/saul/projects/ASKA/Sim/CONSTANT_GM/constant_gm_tb/adexl/results/data/Interactive.82/17/CONSTANT_GM:constant_gm_tb:1. Use results() for a list of available results.
\o WARNING (OCN-6038): Results xf are not available for /home/saul/projects/ASKA/Sim/CONSTANT_GM/constant_gm_tb/adexl/results/data/Interactive.82/17/CONSTANT_GM:constant_gm_tb:1. Use results() for a list of available results.
\e *Error* db: can't handle db(nil)
\e 
\e 
\o ERROR (ADE-2709): Evaluation of output 'V/V /V0; xf dB20(V/V)' returned 'nil' for point:'17' test:'CONSTANT_GM:constant_gm_tb:1'
\o 	Expression:'db(getData("/V0" ?result "xf"))'.
\o Ensure that the definition of output is correct.
\o 
\# Available memory:         19,133 MB at UTC 2024.04.09 06:56:31.233
\# Memory report: Maximum memory size now 19,819 MB at UTC 2024.04.09 06:56:31.233
\# Thread usage report: 13 active threads, active load 1.40 at UTC 2024.04.09 06:56:31.233
\o 
\o *Info*    Run complete for Point ID (40 17) on testbench [
\o           CONSTANT_GM:constant_gm_tb:1 ].
\o 
\o 
\o 
\o 
\o 
\o 
\o 
\o 
\o 
\o 
\o *Info*    Run start for Point ID (40 23) on testbench [
\o           CONSTANT_GM:constant_gm_tb:1 ].
\o 
\o Resetting statistical vars
\o 
\o *Info*    Setting parameter values ...
\o 
\o 
\o *Info*    Netlist Directory =
\o           /home/saul/projects/ASKA/Sim/CONSTANT_GM/constant_gm_tb/adexl/results/data/Interactive.82/23/CONSTANT_GM:constant_gm_tb:1/netlist
\o 
\o 
\o *Info*    Data Directory    =
\o           /home/saul/projects/ASKA/Sim/CONSTANT_GM/constant_gm_tb/adexl/results/data/Interactive.82/23/CONSTANT_GM:constant_gm_tb:1
\o 
\o 
\o *Info*    Creating Netlist for Point ID (40 23)
\o 
\o generate netlist...
\o function ansCdlCompPrim redefined
\o function ansCdlCompPrim redefined
\o Begin Incremental Netlisting Apr  9 02:56:31 2024
\o End netlisting Apr  9 02:56:31 2024
\o 
\o 	The netlist is up to date.
\o 	Time taken to compare the design with netlist:   0.0s
\o       ...successful.
\o compose simulator input file...
\o       ...successful.
\o 
\o *Info*    Running simulation on testbench [
\o           CONSTANT_GM:constant_gm_tb:1 ] for Point ID (40 23).
\o 
\o Delete psf data in /home/saul/projects/ASKA/Sim/CONSTANT_GM/constant_gm_tb/adexl/results/data/Interactive.82/23/CONSTANT_GM:constant_gm_tb:1/psf.
\o compose simulator input file...
\o       ...successful.
\o start simulator if needed...
\o       ...successful.
\o simulate...
\o To view the simulator output, right-click on the test name, result 
\o name, or any value in the "Results" tab of the Outputs section and 
\o choose "Output Log" menu option.
\o INFO (ADE-3071): Simulation completed successfully.
\o reading simulation data...
\o       ...successful.
\o *Info*    Client has finished evaluating ... 
\o 
\o WARNING (OCN-6038): Results xf are not available for /home/saul/projects/ASKA/Sim/CONSTANT_GM/constant_gm_tb/adexl/results/data/Interactive.82/23/CONSTANT_GM:constant_gm_tb:1. Use results() for a list of available results.
\o WARNING (OCN-6038): Results xf are not available for /home/saul/projects/ASKA/Sim/CONSTANT_GM/constant_gm_tb/adexl/results/data/Interactive.82/23/CONSTANT_GM:constant_gm_tb:1. Use results() for a list of available results.
\e *Error* db: can't handle db(nil)
\e 
\e 
\o ERROR (ADE-2709): Evaluation of output 'V/V /V0; xf dB20(V/V)' returned 'nil' for point:'23' test:'CONSTANT_GM:constant_gm_tb:1'
\o 	Expression:'db(getData("/V0" ?result "xf"))'.
\o Ensure that the definition of output is correct.
\o 
\o 
\o *Info*    Run complete for Point ID (40 23) on testbench [
\o           CONSTANT_GM:constant_gm_tb:1 ].
\o 
\o 
\o 
\o 
\o 
\o 
\o 
\o 
\o 
\o 
\o *Info*    Run start for Point ID (40 28) on testbench [
\o           CONSTANT_GM:constant_gm_tb:1 ].
\o 
\o Resetting statistical vars
\o 
\o *Info*    Setting parameter values ...
\o 
\o Setting var temperature = "-40"
\o Setting temp(T) = -40
\o 
\o *Info*    Netlist Directory =
\o           /home/saul/projects/ASKA/Sim/CONSTANT_GM/constant_gm_tb/adexl/results/data/Interactive.82/28/CONSTANT_GM:constant_gm_tb:1/netlist
\o 
\o 
\o *Info*    Data Directory    =
\o           /home/saul/projects/ASKA/Sim/CONSTANT_GM/constant_gm_tb/adexl/results/data/Interactive.82/28/CONSTANT_GM:constant_gm_tb:1
\o 
\o 
\o *Info*    Creating Netlist for Point ID (40 28)
\o 
\o generate netlist...
\o function ansCdlCompPrim redefined
\o function ansCdlCompPrim redefined
\o Begin Incremental Netlisting Apr  9 02:56:32 2024
\o End netlisting Apr  9 02:56:32 2024
\o 
\o 	The netlist is up to date.
\o 	Time taken to compare the design with netlist:   0.0s
\o       ...successful.
\o compose simulator input file...
\o       ...successful.
\o 
\o *Info*    Running simulation on testbench [
\o           CONSTANT_GM:constant_gm_tb:1 ] for Point ID (40 28).
\o 
\o Delete psf data in /home/saul/projects/ASKA/Sim/CONSTANT_GM/constant_gm_tb/adexl/results/data/Interactive.82/28/CONSTANT_GM:constant_gm_tb:1/psf.
\o compose simulator input file...
\o       ...successful.
\o start simulator if needed...
\o       ...successful.
\o simulate...
\o To view the simulator output, right-click on the test name, result 
\o name, or any value in the "Results" tab of the Outputs section and 
\o choose "Output Log" menu option.
\o INFO (ADE-3071): Simulation completed successfully.
\o reading simulation data...
\o       ...successful.
\o *Info*    Client has finished evaluating ... 
\o 
\o WARNING (OCN-6038): Results xf are not available for /home/saul/projects/ASKA/Sim/CONSTANT_GM/constant_gm_tb/adexl/results/data/Interactive.82/28/CONSTANT_GM:constant_gm_tb:1. Use results() for a list of available results.
\o WARNING (OCN-6038): Results xf are not available for /home/saul/projects/ASKA/Sim/CONSTANT_GM/constant_gm_tb/adexl/results/data/Interactive.82/28/CONSTANT_GM:constant_gm_tb:1. Use results() for a list of available results.
\e *Error* db: can't handle db(nil)
\e 
\e 
\o ERROR (ADE-2709): Evaluation of output 'V/V /V0; xf dB20(V/V)' returned 'nil' for point:'28' test:'CONSTANT_GM:constant_gm_tb:1'
\o 	Expression:'db(getData("/V0" ?result "xf"))'.
\o Ensure that the definition of output is correct.
\o 
\o 
\o *Info*    Run complete for Point ID (40 28) on testbench [
\o           CONSTANT_GM:constant_gm_tb:1 ].
\o 
\o 
\o 
\o 
\o 
\o 
\o 
\o 
\o 
\o 
\o *Info*    Run start for Point ID (40 32) on testbench [
\o           CONSTANT_GM:constant_gm_tb:1 ].
\o 
\o Resetting statistical vars
\o 
\o *Info*    Setting parameter values ...
\o 
\o 
\o *Info*    Netlist Directory =
\o           /home/saul/projects/ASKA/Sim/CONSTANT_GM/constant_gm_tb/adexl/results/data/Interactive.82/32/CONSTANT_GM:constant_gm_tb:1/netlist
\o 
\o 
\o *Info*    Data Directory    =
\o           /home/saul/projects/ASKA/Sim/CONSTANT_GM/constant_gm_tb/adexl/results/data/Interactive.82/32/CONSTANT_GM:constant_gm_tb:1
\o 
\o 
\o *Info*    Creating Netlist for Point ID (40 32)
\o 
\o generate netlist...
\o function ansCdlCompPrim redefined
\o function ansCdlCompPrim redefined
\o Begin Incremental Netlisting Apr  9 02:56:34 2024
\o End netlisting Apr  9 02:56:34 2024
\o 
\o 	The netlist is up to date.
\o 	Time taken to compare the design with netlist:   0.0s
\o       ...successful.
\o compose simulator input file...
\o       ...successful.
\o 
\o *Info*    Running simulation on testbench [
\o           CONSTANT_GM:constant_gm_tb:1 ] for Point ID (40 32).
\o 
\o Delete psf data in /home/saul/projects/ASKA/Sim/CONSTANT_GM/constant_gm_tb/adexl/results/data/Interactive.82/32/CONSTANT_GM:constant_gm_tb:1/psf.
\o compose simulator input file...
\o       ...successful.
\o start simulator if needed...
\o       ...successful.
\o simulate...
\o To view the simulator output, right-click on the test name, result 
\o name, or any value in the "Results" tab of the Outputs section and 
\o choose "Output Log" menu option.
\# Memory report: using         725 MB, process size 2,514 MB at UTC 2024.04.09 06:56:35.215
\o INFO (ADE-3071): Simulation completed successfully.
\o reading simulation data...
\o       ...successful.
\o *Info*    Client has finished evaluating ... 
\o 
\o WARNING (OCN-6038): Results xf are not available for /home/saul/projects/ASKA/Sim/CONSTANT_GM/constant_gm_tb/adexl/results/data/Interactive.82/32/CONSTANT_GM:constant_gm_tb:1. Use results() for a list of available results.
\o WARNING (OCN-6038): Results xf are not available for /home/saul/projects/ASKA/Sim/CONSTANT_GM/constant_gm_tb/adexl/results/data/Interactive.82/32/CONSTANT_GM:constant_gm_tb:1. Use results() for a list of available results.
\e *Error* db: can't handle db(nil)
\e 
\e 
\o ERROR (ADE-2709): Evaluation of output 'V/V /V0; xf dB20(V/V)' returned 'nil' for point:'32' test:'CONSTANT_GM:constant_gm_tb:1'
\o 	Expression:'db(getData("/V0" ?result "xf"))'.
\o Ensure that the definition of output is correct.
\o 
\o 
\o *Info*    Run complete for Point ID (40 32) on testbench [
\o           CONSTANT_GM:constant_gm_tb:1 ].
\o 
\o 
\o 
\o 
\o 
\o Simulation design variables differ from those on the cellView,
\o they have been saved in the file "/tmp/saved-design-variables".
\o To save future changes, copy variables to cellView before exiting.
\o 
\o 
\o *Info*    Configuring the session ...
\o 
\o 	Library      = CONSTANT_GM
\o 	Cell         = constant_gm_tb
\o 	View         = config
\o 	Simulator    = spectre
\o 	State Path   = $AXL_SETUPDB_DIR/test_states
\o 	State Name   = CONSTANT_GM:constant_gm_tb:1_none_Interactive.83
\o 	Results DB   = /home/saul/projects/ASKA/CONSTANT_GM/constant_gm_tb/adexl/results/data/Interactive.83.rdb
\o 	Results Dir  = /home/saul/projects/ASKA/Sim/CONSTANT_GM/constant_gm_tb/adexl/results/data/Interactive.83/1/CONSTANT_GM:constant_gm_tb:1
\o 	Results Loc  = /home/saul/projects/ASKA/Sim/CONSTANT_GM/constant_gm_tb/adexl/results/data
\o 	Project Dir  = /home/saul/projects/ASKA/Sim
\o 	Setup DB loc = /home/saul/projects/ASKA/CONSTANT_GM/constant_gm_tb/adexl
\o 	File Encoding = 0
\o 
\o 
\o 
\o *Info*    The auto suspension is disabled.
\o 
\o 
\o 
\o 
\o 
\o 
\o *Info*    Run start for Point ID (41 3) on testbench [
\o           CONSTANT_GM:constant_gm_tb:1 ].
\o 
\o Resetting statistical vars
\o 
\o *Info*    Setting parameter values ...
\o 
\o Setting var VDD3 = "0"
\o Setting var VDD_PULSE = "3.3"
\o Setting var temperature = "85"
\o Setting temp(T) = 85
\o 
\o *Info*    Netlist Directory =
\o           /home/saul/projects/ASKA/Sim/CONSTANT_GM/constant_gm_tb/adexl/results/data/Interactive.83/3/CONSTANT_GM:constant_gm_tb:1/netlist
\o 
\o 
\o *Info*    Data Directory    =
\o           /home/saul/projects/ASKA/Sim/CONSTANT_GM/constant_gm_tb/adexl/results/data/Interactive.83/3/CONSTANT_GM:constant_gm_tb:1
\o 
\o 
\o *Info*    Creating Netlist for Point ID (41 3)
\o 
\o generate netlist...
\o function ansCdlCompPrim redefined
\o function ansCdlCompPrim redefined
\o Begin Incremental Netlisting Apr  9 02:57:09 2024
\o End netlisting Apr  9 02:57:09 2024
\o 
\o 	The netlist is up to date.
\o 	Time taken to compare the design with netlist:   0.0s
\o       ...successful.
\o compose simulator input file...
\o       ...successful.
\o 
\o *Info*    Running simulation on testbench [
\o           CONSTANT_GM:constant_gm_tb:1 ] for Point ID (41 3).
\o 
\o Delete psf data in /home/saul/projects/ASKA/Sim/CONSTANT_GM/constant_gm_tb/adexl/results/data/Interactive.83/3/CONSTANT_GM:constant_gm_tb:1/psf.
\o compose simulator input file...
\o       ...successful.
\o start simulator if needed...
\o       ...successful.
\o simulate...
\o To view the simulator output, right-click on the test name, result 
\o name, or any value in the "Results" tab of the Outputs section and 
\o choose "Output Log" menu option.
\o INFO (ADE-3071): Simulation completed successfully.
\o reading simulation data...
\o       ...successful.
\o *Info*    Client has finished evaluating ... 
\o 
\o WARNING (OCN-6038): Results xf are not available for /home/saul/projects/ASKA/Sim/CONSTANT_GM/constant_gm_tb/adexl/results/data/Interactive.83/3/CONSTANT_GM:constant_gm_tb:1. Use results() for a list of available results.
\o WARNING (OCN-6038): Results xf are not available for /home/saul/projects/ASKA/Sim/CONSTANT_GM/constant_gm_tb/adexl/results/data/Interactive.83/3/CONSTANT_GM:constant_gm_tb:1. Use results() for a list of available results.
\e *Error* db: can't handle db(nil)
\e 
\e 
\o ERROR (ADE-2709): Evaluation of output 'V/V /V0; xf dB20(V/V)' returned 'nil' for point:'3' test:'CONSTANT_GM:constant_gm_tb:1'
\o 	Expression:'db(getData("/V0" ?result "xf"))'.
\o Ensure that the definition of output is correct.
\o 
\o 
\o *Info*    Run complete for Point ID (41 3) on testbench [
\o           CONSTANT_GM:constant_gm_tb:1 ].
\o 
\o 
\o 
\o 
\o 
\o 
\o 
\o 
\o 
\o 
\o *Info*    Run start for Point ID (41 7) on testbench [
\o           CONSTANT_GM:constant_gm_tb:1 ].
\o 
\o Resetting statistical vars
\o 
\o *Info*    Setting parameter values ...
\o 
\o 
\o *Info*    Netlist Directory =
\o           /home/saul/projects/ASKA/Sim/CONSTANT_GM/constant_gm_tb/adexl/results/data/Interactive.83/7/CONSTANT_GM:constant_gm_tb:1/netlist
\o 
\o 
\o *Info*    Data Directory    =
\o           /home/saul/projects/ASKA/Sim/CONSTANT_GM/constant_gm_tb/adexl/results/data/Interactive.83/7/CONSTANT_GM:constant_gm_tb:1
\o 
\o 
\o *Info*    Creating Netlist for Point ID (41 7)
\o 
\o generate netlist...
\o function ansCdlCompPrim redefined
\o function ansCdlCompPrim redefined
\o Begin Incremental Netlisting Apr  9 02:57:11 2024
\o End netlisting Apr  9 02:57:11 2024
\o 
\o 	The netlist is up to date.
\o 	Time taken to compare the design with netlist:   0.0s
\o       ...successful.
\o compose simulator input file...
\o       ...successful.
\o 
\o *Info*    Running simulation on testbench [
\o           CONSTANT_GM:constant_gm_tb:1 ] for Point ID (41 7).
\o 
\o Delete psf data in /home/saul/projects/ASKA/Sim/CONSTANT_GM/constant_gm_tb/adexl/results/data/Interactive.83/7/CONSTANT_GM:constant_gm_tb:1/psf.
\o compose simulator input file...
\o       ...successful.
\o start simulator if needed...
\o       ...successful.
\o simulate...
\o To view the simulator output, right-click on the test name, result 
\o name, or any value in the "Results" tab of the Outputs section and 
\o choose "Output Log" menu option.
\o INFO (ADE-3071): Simulation completed successfully.
\o reading simulation data...
\o       ...successful.
\o *Info*    Client has finished evaluating ... 
\o 
\o WARNING (OCN-6038): Results xf are not available for /home/saul/projects/ASKA/Sim/CONSTANT_GM/constant_gm_tb/adexl/results/data/Interactive.83/7/CONSTANT_GM:constant_gm_tb:1. Use results() for a list of available results.
\o WARNING (OCN-6038): Results xf are not available for /home/saul/projects/ASKA/Sim/CONSTANT_GM/constant_gm_tb/adexl/results/data/Interactive.83/7/CONSTANT_GM:constant_gm_tb:1. Use results() for a list of available results.
\e *Error* db: can't handle db(nil)
\e 
\e 
\o ERROR (ADE-2709): Evaluation of output 'V/V /V0; xf dB20(V/V)' returned 'nil' for point:'7' test:'CONSTANT_GM:constant_gm_tb:1'
\o 	Expression:'db(getData("/V0" ?result "xf"))'.
\o Ensure that the definition of output is correct.
\o 
\o 
\o *Info*    Run complete for Point ID (41 7) on testbench [
\o           CONSTANT_GM:constant_gm_tb:1 ].
\o 
\o 
\o 
\o 
\o 
\o 
\o 
\o 
\o 
\o 
\o *Info*    Run start for Point ID (41 11) on testbench [
\o           CONSTANT_GM:constant_gm_tb:1 ].
\o 
\o Resetting statistical vars
\o 
\o *Info*    Setting parameter values ...
\o 
\o 
\o *Info*    Netlist Directory =
\o           /home/saul/projects/ASKA/Sim/CONSTANT_GM/constant_gm_tb/adexl/results/data/Interactive.83/11/CONSTANT_GM:constant_gm_tb:1/netlist
\o 
\o 
\o *Info*    Data Directory    =
\o           /home/saul/projects/ASKA/Sim/CONSTANT_GM/constant_gm_tb/adexl/results/data/Interactive.83/11/CONSTANT_GM:constant_gm_tb:1
\o 
\o 
\o *Info*    Creating Netlist for Point ID (41 11)
\o 
\o generate netlist...
\o function ansCdlCompPrim redefined
\o function ansCdlCompPrim redefined
\o Begin Incremental Netlisting Apr  9 02:57:12 2024
\o End netlisting Apr  9 02:57:12 2024
\o 
\o 	The netlist is up to date.
\o 	Time taken to compare the design with netlist:   0.0s
\o       ...successful.
\o compose simulator input file...
\o       ...successful.
\o 
\o *Info*    Running simulation on testbench [
\o           CONSTANT_GM:constant_gm_tb:1 ] for Point ID (41 11).
\o 
\o Delete psf data in /home/saul/projects/ASKA/Sim/CONSTANT_GM/constant_gm_tb/adexl/results/data/Interactive.83/11/CONSTANT_GM:constant_gm_tb:1/psf.
\o compose simulator input file...
\o       ...successful.
\o start simulator if needed...
\o       ...successful.
\o simulate...
\o To view the simulator output, right-click on the test name, result 
\o name, or any value in the "Results" tab of the Outputs section and 
\o choose "Output Log" menu option.
\o INFO (ADE-3071): Simulation completed successfully.
\o reading simulation data...
\o       ...successful.
\o *Info*    Client has finished evaluating ... 
\o 
\o WARNING (OCN-6038): Results xf are not available for /home/saul/projects/ASKA/Sim/CONSTANT_GM/constant_gm_tb/adexl/results/data/Interactive.83/11/CONSTANT_GM:constant_gm_tb:1. Use results() for a list of available results.
\o WARNING (OCN-6038): Results xf are not available for /home/saul/projects/ASKA/Sim/CONSTANT_GM/constant_gm_tb/adexl/results/data/Interactive.83/11/CONSTANT_GM:constant_gm_tb:1. Use results() for a list of available results.
\e *Error* db: can't handle db(nil)
\e 
\e 
\o ERROR (ADE-2709): Evaluation of output 'V/V /V0; xf dB20(V/V)' returned 'nil' for point:'11' test:'CONSTANT_GM:constant_gm_tb:1'
\o 	Expression:'db(getData("/V0" ?result "xf"))'.
\o Ensure that the definition of output is correct.
\o 
\o 
\o *Info*    Run complete for Point ID (41 11) on testbench [
\o           CONSTANT_GM:constant_gm_tb:1 ].
\o 
\o 
\o 
\o 
\o 
\o 
\o 
\o 
\o 
\o 
\o *Info*    Run start for Point ID (41 19) on testbench [
\o           CONSTANT_GM:constant_gm_tb:1 ].
\o 
\o Resetting statistical vars
\o 
\o *Info*    Setting parameter values ...
\o 
\o 
\o *Info*    Netlist Directory =
\o           /home/saul/projects/ASKA/Sim/CONSTANT_GM/constant_gm_tb/adexl/results/data/Interactive.83/19/CONSTANT_GM:constant_gm_tb:1/netlist
\o 
\o 
\o *Info*    Data Directory    =
\o           /home/saul/projects/ASKA/Sim/CONSTANT_GM/constant_gm_tb/adexl/results/data/Interactive.83/19/CONSTANT_GM:constant_gm_tb:1
\o 
\o 
\o *Info*    Creating Netlist for Point ID (41 19)
\o 
\o generate netlist...
\o function ansCdlCompPrim redefined
\o function ansCdlCompPrim redefined
\o Begin Incremental Netlisting Apr  9 02:57:14 2024
\o End netlisting Apr  9 02:57:14 2024
\o 
\o 	The netlist is up to date.
\o 	Time taken to compare the design with netlist:   0.0s
\o       ...successful.
\o compose simulator input file...
\o       ...successful.
\o 
\o *Info*    Running simulation on testbench [
\o           CONSTANT_GM:constant_gm_tb:1 ] for Point ID (41 19).
\o 
\o Delete psf data in /home/saul/projects/ASKA/Sim/CONSTANT_GM/constant_gm_tb/adexl/results/data/Interactive.83/19/CONSTANT_GM:constant_gm_tb:1/psf.
\o compose simulator input file...
\o       ...successful.
\o start simulator if needed...
\o       ...successful.
\o simulate...
\o To view the simulator output, right-click on the test name, result 
\o name, or any value in the "Results" tab of the Outputs section and 
\o choose "Output Log" menu option.
\o INFO (ADE-3071): Simulation completed successfully.
\o reading simulation data...
\o       ...successful.
\o *Info*    Client has finished evaluating ... 
\o 
\o WARNING (OCN-6038): Results xf are not available for /home/saul/projects/ASKA/Sim/CONSTANT_GM/constant_gm_tb/adexl/results/data/Interactive.83/19/CONSTANT_GM:constant_gm_tb:1. Use results() for a list of available results.
\o WARNING (OCN-6038): Results xf are not available for /home/saul/projects/ASKA/Sim/CONSTANT_GM/constant_gm_tb/adexl/results/data/Interactive.83/19/CONSTANT_GM:constant_gm_tb:1. Use results() for a list of available results.
\e *Error* db: can't handle db(nil)
\e 
\e 
\o ERROR (ADE-2709): Evaluation of output 'V/V /V0; xf dB20(V/V)' returned 'nil' for point:'19' test:'CONSTANT_GM:constant_gm_tb:1'
\o 	Expression:'db(getData("/V0" ?result "xf"))'.
\o Ensure that the definition of output is correct.
\o 
\o 
\o *Info*    Run complete for Point ID (41 19) on testbench [
\o           CONSTANT_GM:constant_gm_tb:1 ].
\o 
\o 
\o 
\o 
\o 
\o 
\o 
\o 
\o 
\o 
\o *Info*    Run start for Point ID (41 23) on testbench [
\o           CONSTANT_GM:constant_gm_tb:1 ].
\o 
\o Resetting statistical vars
\o 
\o *Info*    Setting parameter values ...
\o 
\o 
\o *Info*    Netlist Directory =
\o           /home/saul/projects/ASKA/Sim/CONSTANT_GM/constant_gm_tb/adexl/results/data/Interactive.83/23/CONSTANT_GM:constant_gm_tb:1/netlist
\o 
\o 
\o *Info*    Data Directory    =
\o           /home/saul/projects/ASKA/Sim/CONSTANT_GM/constant_gm_tb/adexl/results/data/Interactive.83/23/CONSTANT_GM:constant_gm_tb:1
\o 
\o 
\o *Info*    Creating Netlist for Point ID (41 23)
\o 
\o generate netlist...
\o function ansCdlCompPrim redefined
\o function ansCdlCompPrim redefined
\o Begin Incremental Netlisting Apr  9 02:57:15 2024
\o End netlisting Apr  9 02:57:15 2024
\o 
\o 	The netlist is up to date.
\o 	Time taken to compare the design with netlist:   0.0s
\o       ...successful.
\o compose simulator input file...
\o       ...successful.
\o 
\o *Info*    Running simulation on testbench [
\o           CONSTANT_GM:constant_gm_tb:1 ] for Point ID (41 23).
\o 
\o Delete psf data in /home/saul/projects/ASKA/Sim/CONSTANT_GM/constant_gm_tb/adexl/results/data/Interactive.83/23/CONSTANT_GM:constant_gm_tb:1/psf.
\o compose simulator input file...
\o       ...successful.
\o start simulator if needed...
\o       ...successful.
\o simulate...
\o To view the simulator output, right-click on the test name, result 
\o name, or any value in the "Results" tab of the Outputs section and 
\o choose "Output Log" menu option.
\o INFO (ADE-3071): Simulation completed successfully.
\o reading simulation data...
\o       ...successful.
\o *Info*    Client has finished evaluating ... 
\o 
\o WARNING (OCN-6038): Results xf are not available for /home/saul/projects/ASKA/Sim/CONSTANT_GM/constant_gm_tb/adexl/results/data/Interactive.83/23/CONSTANT_GM:constant_gm_tb:1. Use results() for a list of available results.
\o WARNING (OCN-6038): Results xf are not available for /home/saul/projects/ASKA/Sim/CONSTANT_GM/constant_gm_tb/adexl/results/data/Interactive.83/23/CONSTANT_GM:constant_gm_tb:1. Use results() for a list of available results.
\e *Error* db: can't handle db(nil)
\e 
\e 
\o ERROR (ADE-2709): Evaluation of output 'V/V /V0; xf dB20(V/V)' returned 'nil' for point:'23' test:'CONSTANT_GM:constant_gm_tb:1'
\o 	Expression:'db(getData("/V0" ?result "xf"))'.
\o Ensure that the definition of output is correct.
\o 
\o 
\o *Info*    Run complete for Point ID (41 23) on testbench [
\o           CONSTANT_GM:constant_gm_tb:1 ].
\o 
\o 
\o 
\o 
\o 
\o 
\o 
\o 
\o 
\o 
\o *Info*    Run start for Point ID (41 26) on testbench [
\o           CONSTANT_GM:constant_gm_tb:1 ].
\o 
\o Resetting statistical vars
\o 
\o *Info*    Setting parameter values ...
\o 
\o Setting var temperature = "-40"
\o Setting temp(T) = -40
\o 
\o *Info*    Netlist Directory =
\o           /home/saul/projects/ASKA/Sim/CONSTANT_GM/constant_gm_tb/adexl/results/data/Interactive.83/26/CONSTANT_GM:constant_gm_tb:1/netlist
\o 
\o 
\o *Info*    Data Directory    =
\o           /home/saul/projects/ASKA/Sim/CONSTANT_GM/constant_gm_tb/adexl/results/data/Interactive.83/26/CONSTANT_GM:constant_gm_tb:1
\o 
\o 
\o *Info*    Creating Netlist for Point ID (41 26)
\o 
\o generate netlist...
\o function ansCdlCompPrim redefined
\o function ansCdlCompPrim redefined
\o Begin Incremental Netlisting Apr  9 02:57:17 2024
\o End netlisting Apr  9 02:57:17 2024
\o 
\o 	The netlist is up to date.
\o 	Time taken to compare the design with netlist:   0.0s
\o       ...successful.
\o compose simulator input file...
\o       ...successful.
\o 
\o *Info*    Running simulation on testbench [
\o           CONSTANT_GM:constant_gm_tb:1 ] for Point ID (41 26).
\o 
\o Delete psf data in /home/saul/projects/ASKA/Sim/CONSTANT_GM/constant_gm_tb/adexl/results/data/Interactive.83/26/CONSTANT_GM:constant_gm_tb:1/psf.
\o compose simulator input file...
\o       ...successful.
\o start simulator if needed...
\o       ...successful.
\o simulate...
\o To view the simulator output, right-click on the test name, result 
\o name, or any value in the "Results" tab of the Outputs section and 
\o choose "Output Log" menu option.
\o INFO (ADE-3071): Simulation completed successfully.
\o reading simulation data...
\o       ...successful.
\o *Info*    Client has finished evaluating ... 
\o 
\o WARNING (OCN-6038): Results xf are not available for /home/saul/projects/ASKA/Sim/CONSTANT_GM/constant_gm_tb/adexl/results/data/Interactive.83/26/CONSTANT_GM:constant_gm_tb:1. Use results() for a list of available results.
\o WARNING (OCN-6038): Results xf are not available for /home/saul/projects/ASKA/Sim/CONSTANT_GM/constant_gm_tb/adexl/results/data/Interactive.83/26/CONSTANT_GM:constant_gm_tb:1. Use results() for a list of available results.
\e *Error* db: can't handle db(nil)
\e 
\e 
\o ERROR (ADE-2709): Evaluation of output 'V/V /V0; xf dB20(V/V)' returned 'nil' for point:'26' test:'CONSTANT_GM:constant_gm_tb:1'
\o 	Expression:'db(getData("/V0" ?result "xf"))'.
\o Ensure that the definition of output is correct.
\o 
\o 
\o *Info*    Run complete for Point ID (41 26) on testbench [
\o           CONSTANT_GM:constant_gm_tb:1 ].
\o 
\o 
\o 
\o 
\o 
\o 
\o 
\o 
\o 
\o 
\o *Info*    Run start for Point ID (41 32) on testbench [
\o           CONSTANT_GM:constant_gm_tb:1 ].
\o 
\o Resetting statistical vars
\o 
\o *Info*    Setting parameter values ...
\o 
\o 
\o *Info*    Netlist Directory =
\o           /home/saul/projects/ASKA/Sim/CONSTANT_GM/constant_gm_tb/adexl/results/data/Interactive.83/32/CONSTANT_GM:constant_gm_tb:1/netlist
\o 
\o 
\o *Info*    Data Directory    =
\o           /home/saul/projects/ASKA/Sim/CONSTANT_GM/constant_gm_tb/adexl/results/data/Interactive.83/32/CONSTANT_GM:constant_gm_tb:1
\o 
\o 
\o *Info*    Creating Netlist for Point ID (41 32)
\o 
\o generate netlist...
\o function ansCdlCompPrim redefined
\o function ansCdlCompPrim redefined
\o Begin Incremental Netlisting Apr  9 02:57:18 2024
\o End netlisting Apr  9 02:57:18 2024
\o 
\o 	The netlist is up to date.
\o 	Time taken to compare the design with netlist:   0.0s
\o       ...successful.
\o compose simulator input file...
\o       ...successful.
\o 
\o *Info*    Running simulation on testbench [
\o           CONSTANT_GM:constant_gm_tb:1 ] for Point ID (41 32).
\o 
\o Delete psf data in /home/saul/projects/ASKA/Sim/CONSTANT_GM/constant_gm_tb/adexl/results/data/Interactive.83/32/CONSTANT_GM:constant_gm_tb:1/psf.
\o compose simulator input file...
\o       ...successful.
\o start simulator if needed...
\o       ...successful.
\o simulate...
\o To view the simulator output, right-click on the test name, result 
\o name, or any value in the "Results" tab of the Outputs section and 
\o choose "Output Log" menu option.
\# Memory report: using         835 MB, process size 2,624 MB at UTC 2024.04.09 06:57:19.727
\# Memory report: Maximum memory size now 19,014 MB at UTC 2024.04.09 06:57:19.934
\o INFO (ADE-3071): Simulation completed successfully.
\o reading simulation data...
\o       ...successful.
\o *Info*    Client has finished evaluating ... 
\o 
\o WARNING (OCN-6038): Results xf are not available for /home/saul/projects/ASKA/Sim/CONSTANT_GM/constant_gm_tb/adexl/results/data/Interactive.83/32/CONSTANT_GM:constant_gm_tb:1. Use results() for a list of available results.
\o WARNING (OCN-6038): Results xf are not available for /home/saul/projects/ASKA/Sim/CONSTANT_GM/constant_gm_tb/adexl/results/data/Interactive.83/32/CONSTANT_GM:constant_gm_tb:1. Use results() for a list of available results.
\e *Error* db: can't handle db(nil)
\e 
\e 
\o ERROR (ADE-2709): Evaluation of output 'V/V /V0; xf dB20(V/V)' returned 'nil' for point:'32' test:'CONSTANT_GM:constant_gm_tb:1'
\o 	Expression:'db(getData("/V0" ?result "xf"))'.
\o Ensure that the definition of output is correct.
\o 
\o 
\o *Info*    Run complete for Point ID (41 32) on testbench [
\o           CONSTANT_GM:constant_gm_tb:1 ].
\o 
\o 
\o 
\o 
\o 
\o Simulation design variables differ from those on the cellView,
\o they have been saved in the file "/tmp/saved-design-variables".
\o To save future changes, copy variables to cellView before exiting.
\o 
\o 
\o *Info*    Configuring the session ...
\o 
\o 	Library      = CONSTANT_GM
\o 	Cell         = constant_gm_tb
\o 	View         = config
\o 	Simulator    = spectre
\o 	State Path   = $AXL_SETUPDB_DIR/test_states
\o 	State Name   = Montecarlo_CONSTANT_GM:constant_gm_tb:1:1_state_MonteCarlo.0
\o 	Results DB   = /home/saul/projects/ASKA/CONSTANT_GM/constant_gm_tb/adexl/results/data/MonteCarlo.0.rdb
\o 	Results Dir  = /home/saul/projects/ASKA/Sim/CONSTANT_GM/constant_gm_tb/adexl/results/data/MonteCarlo.0/1/Montecarlo
\o 	Results Loc  = /home/saul/projects/ASKA/Sim/CONSTANT_GM/constant_gm_tb/adexl/results/data
\o 	Project Dir  = /home/saul/projects/ASKA/Sim
\o 	Setup DB loc = /home/saul/projects/ASKA/CONSTANT_GM/constant_gm_tb/adexl
\o 	File Encoding = 0
\o 
\o 
\o 
\o *Info*    The auto suspension is disabled.
\o 
\o 
\o 
\o 
\o 
\o 
\o *Info*    Run start for Point ID (42 241) on testbench [ Montecarlo ].
\o 
\o Resetting statistical vars
\o 
\o *Info*    Setting parameter values ...
\o 
\o Setting var VDD3 = "0"
\o Setting var VDD_PULSE = "3.3"
\o Setting var temperature = "27"
\o Setting temp(T) = 27
\o 
\o *Info*    Netlist Directory =
\o           /home/saul/projects/ASKA/Sim/CONSTANT_GM/constant_gm_tb/adexl/results/data/MonteCarlo.0/241/Montecarlo/groupRunDataDir/netlist
\o 
\o 
\o *Info*    Data Directory    =
\o           /home/saul/projects/ASKA/Sim/CONSTANT_GM/constant_gm_tb/adexl/results/data/MonteCarlo.0/241/Montecarlo/groupRunDataDir
\o 
\o 
\o *Info*    Creating Netlist for Point ID (42 241)
\o 
\o generate netlist...
\o function ansCdlCompPrim redefined
\o function ansCdlCompPrim redefined
\o Initializing the control file using cp:
\o     cp /home/saul/cadence/installs/IC618/tools.lnx86/dfII/etc/si/control.spectre /home/saul/projects/ASKA/Sim/CONSTANT_GM/constant_gm_tb/adexl/results/data/MonteCarlo.0/241/Montecarlo/groupRunDataDir/netlist/control
\o Copying Spectre source file 'spectre.inp'
\o Copying Spectre command file 'spectre.sim'
\o Begin Incremental Netlisting Apr  9 02:59:45 2024
\o End netlisting Apr  9 02:59:45 2024
\o 
\o Netlisting Statistics:
\o 	Number of components:   20
\o 
\o 	Elapsed time:          0.0s
\o Errors: 0	Warnings: 0
\o       ...successful.
\o compose simulator input file...
\o       ...successful.
\o 
\o *Info*    Running simulation on testbench [ Montecarlo ] for Point ID
\o           (42 241).
\o 
\o *Info*    Spectre controlMode is set "batch" due to monte carlo run.
\o 
\o Delete psf data in /home/saul/projects/ASKA/Sim/CONSTANT_GM/constant_gm_tb/adexl/results/data/MonteCarlo.0/241/Montecarlo/groupRunDataDir/psf.
\o generate netlist...
\o function ansCdlCompPrim redefined
\o function ansCdlCompPrim redefined
\o Begin Incremental Netlisting Apr  9 02:59:45 2024
\o End netlisting Apr  9 02:59:45 2024
\o 
\o 	The netlist is up to date.
\o 	Time taken to compare the design with netlist:   0.0s
\o       ...successful.
\o compose simulator input file...
\o       ...successful.
\o start simulator if needed...
\o       ...successful.
\o simulate...
\o To view the simulator output, right-click on the test name, result 
\o name, or any value in the "Results" tab of the Outputs section and 
\o choose "Output Log" menu option.
\o ERROR (ADE-2709): Evaluation of output 'IDC("/I0/M7/D")' returned 'nil' for point:'241' test:'Montecarlo'
\o 	Expression:'IDC("/I0/M7/D")'.
\o Ensure that the definition of output is correct.
\o 
\o *Info*    Client has finished evaluating ... 
\o 
\o 
\o *Info*    Run complete for Point ID (42 241) on testbench [
\o           Montecarlo ].
\o 
\o 
\o 
\o 
\o 
\o ERROR (ADE-2709): Evaluation of output 'IDC("/I0/M7/D")' returned 'nil' for point:'242' test:'Montecarlo'
\o 	Expression:'IDC("/I0/M7/D")'.
\o Ensure that the definition of output is correct.
\o 
\o *Info*    Client has finished evaluating ... 
\o 
\o 
\o *Info*    Run complete for Point ID (42 242) on testbench [
\o           Montecarlo ].
\o 
\o 
\o 
\o 
\o 
\o ERROR (ADE-2709): Evaluation of output 'IDC("/I0/M7/D")' returned 'nil' for point:'243' test:'Montecarlo'
\o 	Expression:'IDC("/I0/M7/D")'.
\o Ensure that the definition of output is correct.
\o 
\o *Info*    Client has finished evaluating ... 
\o 
\o 
\o *Info*    Run complete for Point ID (42 243) on testbench [
\o           Montecarlo ].
\o 
\o 
\o 
\o 
\o 
\o ERROR (ADE-2709): Evaluation of output 'IDC("/I0/M7/D")' returned 'nil' for point:'244' test:'Montecarlo'
\o 	Expression:'IDC("/I0/M7/D")'.
\o Ensure that the definition of output is correct.
\o 
\# Memory report: Maximum memory size now 18,577 MB at UTC 2024.04.09 06:59:49.531
\o *Info*    Client has finished evaluating ... 
\o 
\o 
\o *Info*    Run complete for Point ID (42 244) on testbench [
\o           Montecarlo ].
\o 
\o 
\o 
\o 
\o 
\o ERROR (ADE-2709): Evaluation of output 'IDC("/I0/M7/D")' returned 'nil' for point:'245' test:'Montecarlo'
\o 	Expression:'IDC("/I0/M7/D")'.
\o Ensure that the definition of output is correct.
\o 
\o *Info*    Client has finished evaluating ... 
\o 
\o 
\o *Info*    Run complete for Point ID (42 245) on testbench [
\o           Montecarlo ].
\o 
\o 
\o 
\o 
\o 
\o ERROR (ADE-2709): Evaluation of output 'IDC("/I0/M7/D")' returned 'nil' for point:'246' test:'Montecarlo'
\o 	Expression:'IDC("/I0/M7/D")'.
\o Ensure that the definition of output is correct.
\o 
\o *Info*    Client has finished evaluating ... 
\o 
\o 
\o *Info*    Run complete for Point ID (42 246) on testbench [
\o           Montecarlo ].
\o 
\o 
\o 
\o 
\o 
\# Memory report: using         950 MB, process size 2,739 MB at UTC 2024.04.09 06:59:52.041
\o ERROR (ADE-2709): Evaluation of output 'IDC("/I0/M7/D")' returned 'nil' for point:'247' test:'Montecarlo'
\o 	Expression:'IDC("/I0/M7/D")'.
\o Ensure that the definition of output is correct.
\o 
\o *Info*    Client has finished evaluating ... 
\o 
\o 
\o *Info*    Run complete for Point ID (42 247) on testbench [
\o           Montecarlo ].
\o 
\o 
\o 
\o 
\o 
\o ERROR (ADE-2709): Evaluation of output 'IDC("/I0/M7/D")' returned 'nil' for point:'248' test:'Montecarlo'
\o 	Expression:'IDC("/I0/M7/D")'.
\o Ensure that the definition of output is correct.
\o 
\o *Info*    Client has finished evaluating ... 
\o 
\o 
\o *Info*    Run complete for Point ID (42 248) on testbench [
\o           Montecarlo ].
\o 
\o 
\o 
\o 
\o 
\o ERROR (ADE-2709): Evaluation of output 'IDC("/I0/M7/D")' returned 'nil' for point:'249' test:'Montecarlo'
\o 	Expression:'IDC("/I0/M7/D")'.
\o Ensure that the definition of output is correct.
\o 
\o *Info*    Client has finished evaluating ... 
\o 
\o 
\o *Info*    Run complete for Point ID (42 249) on testbench [
\o           Montecarlo ].
\o 
\o 
\o 
\o 
\o 
\o ERROR (ADE-2709): Evaluation of output 'IDC("/I0/M7/D")' returned 'nil' for point:'250' test:'Montecarlo'
\o 	Expression:'IDC("/I0/M7/D")'.
\o Ensure that the definition of output is correct.
\o 
\o *Info*    Client has finished evaluating ... 
\o 
\o 
\o *Info*    Run complete for Point ID (42 250) on testbench [
\o           Montecarlo ].
\o 
\o 
\o 
\o 
\o 
\o ERROR (ADE-2709): Evaluation of output 'IDC("/I0/M7/D")' returned 'nil' for point:'251' test:'Montecarlo'
\o 	Expression:'IDC("/I0/M7/D")'.
\o Ensure that the definition of output is correct.
\o 
\o *Info*    Client has finished evaluating ... 
\o 
\o 
\o *Info*    Run complete for Point ID (42 251) on testbench [
\o           Montecarlo ].
\o 
\o 
\o 
\o 
\o 
\o ERROR (ADE-2709): Evaluation of output 'IDC("/I0/M7/D")' returned 'nil' for point:'252' test:'Montecarlo'
\o 	Expression:'IDC("/I0/M7/D")'.
\o Ensure that the definition of output is correct.
\o 
\o *Info*    Client has finished evaluating ... 
\o 
\o 
\o *Info*    Run complete for Point ID (42 252) on testbench [
\o           Montecarlo ].
\o 
\o 
\o 
\o 
\o 
\o ERROR (ADE-2709): Evaluation of output 'IDC("/I0/M7/D")' returned 'nil' for point:'253' test:'Montecarlo'
\o 	Expression:'IDC("/I0/M7/D")'.
\o Ensure that the definition of output is correct.
\o 
\o *Info*    Client has finished evaluating ... 
\o 
\o 
\o *Info*    Run complete for Point ID (42 253) on testbench [
\o           Montecarlo ].
\o 
\o 
\o 
\o 
\o 
\o ERROR (ADE-2709): Evaluation of output 'IDC("/I0/M7/D")' returned 'nil' for point:'254' test:'Montecarlo'
\o 	Expression:'IDC("/I0/M7/D")'.
\o Ensure that the definition of output is correct.
\o 
\# Memory report: using       1,064 MB, process size 2,853 MB at UTC 2024.04.09 06:59:58.209
\o *Info*    Client has finished evaluating ... 
\o 
\o 
\o *Info*    Run complete for Point ID (42 254) on testbench [
\o           Montecarlo ].
\o 
\o 
\o 
\o 
\o 
\o ERROR (ADE-2709): Evaluation of output 'IDC("/I0/M7/D")' returned 'nil' for point:'255' test:'Montecarlo'
\o 	Expression:'IDC("/I0/M7/D")'.
\o Ensure that the definition of output is correct.
\o 
\o *Info*    Client has finished evaluating ... 
\o 
\o 
\o *Info*    Run complete for Point ID (42 255) on testbench [
\o           Montecarlo ].
\o 
\o 
\o 
\o 
\o 
\o ERROR (ADE-2709): Evaluation of output 'IDC("/I0/M7/D")' returned 'nil' for point:'256' test:'Montecarlo'
\o 	Expression:'IDC("/I0/M7/D")'.
\o Ensure that the definition of output is correct.
\o 
\# Available memory:         16,717 MB at UTC 2024.04.09 06:59:59.521
\# Memory report: Maximum memory size now 17,810 MB at UTC 2024.04.09 06:59:59.521
\o *Info*    Client has finished evaluating ... 
\o 
\o 
\o *Info*    Run complete for Point ID (42 256) on testbench [
\o           Montecarlo ].
\o 
\o 
\o 
\o 
\o 
\o ERROR (ADE-2709): Evaluation of output 'IDC("/I0/M7/D")' returned 'nil' for point:'257' test:'Montecarlo'
\o 	Expression:'IDC("/I0/M7/D")'.
\o Ensure that the definition of output is correct.
\o 
\o *Info*    Client has finished evaluating ... 
\o 
\o 
\o *Info*    Run complete for Point ID (42 257) on testbench [
\o           Montecarlo ].
\o 
\o 
\o 
\o 
\o 
\o INFO (ADE-3071): Simulation completed successfully.
\o reading simulation data...
\o       ...successful.
\o ERROR (ADE-2709): Evaluation of output 'IDC("/I0/M7/D")' returned 'nil' for point:'258' test:'Montecarlo'
\o 	Expression:'IDC("/I0/M7/D")'.
\o Ensure that the definition of output is correct.
\o 
\o *Info*    Client has finished evaluating ... 
\o 
\o 
\o *Info*    Run complete for Point ID (42 258) on testbench [
\o           Montecarlo ].
\o 
\o 
\o 
\o 
\o 
\o ERROR (ADE-2709): Evaluation of output 'IDC("/I0/M7/D")' returned 'nil' for point:'259' test:'Montecarlo'
\o 	Expression:'IDC("/I0/M7/D")'.
\o Ensure that the definition of output is correct.
\o 
\o *Info*    Client has finished evaluating ... 
\o 
\o 
\o *Info*    Run complete for Point ID (42 259) on testbench [
\o           Montecarlo ].
\o 
\o 
\o 
\o 
\o 
\o ERROR (ADE-2709): Evaluation of output 'IDC("/I0/M7/D")' returned 'nil' for point:'260' test:'Montecarlo'
\o 	Expression:'IDC("/I0/M7/D")'.
\o Ensure that the definition of output is correct.
\o 
\o *Info*    Client has finished evaluating ... 
\o 
\o 
\o *Info*    Run complete for Point ID (42 260) on testbench [
\o           Montecarlo ].
\o 
\o 
\o 
\o 
\o 
\o ERROR (ADE-2709): Evaluation of output 'IDC("/I0/M7/D")' returned 'nil' for point:'261' test:'Montecarlo'
\o 	Expression:'IDC("/I0/M7/D")'.
\o Ensure that the definition of output is correct.
\o 
\o *Info*    Client has finished evaluating ... 
\o 
\o 
\o *Info*    Run complete for Point ID (42 261) on testbench [
\o           Montecarlo ].
\o 
\o 
\o 
\o 
\o 
\o ERROR (ADE-2709): Evaluation of output 'IDC("/I0/M7/D")' returned 'nil' for point:'262' test:'Montecarlo'
\o 	Expression:'IDC("/I0/M7/D")'.
\o Ensure that the definition of output is correct.
\o 
\# Memory report: using       1,185 MB, process size 2,974 MB at UTC 2024.04.09 07:00:04.341
\o *Info*    Client has finished evaluating ... 
\o 
\o 
\o *Info*    Run complete for Point ID (42 262) on testbench [
\o           Montecarlo ].
\o 
\o 
\o 
\o 
\o 
\o ERROR (ADE-2709): Evaluation of output 'IDC("/I0/M7/D")' returned 'nil' for point:'263' test:'Montecarlo'
\o 	Expression:'IDC("/I0/M7/D")'.
\o Ensure that the definition of output is correct.
\o 
\o *Info*    Client has finished evaluating ... 
\o 
\o 
\o *Info*    Run complete for Point ID (42 263) on testbench [
\o           Montecarlo ].
\o 
\o 
\o 
\o 
\o 
\o ERROR (ADE-2709): Evaluation of output 'IDC("/I0/M7/D")' returned 'nil' for point:'264' test:'Montecarlo'
\o 	Expression:'IDC("/I0/M7/D")'.
\o Ensure that the definition of output is correct.
\o 
\o *Info*    Client has finished evaluating ... 
\o 
\o 
\o *Info*    Run complete for Point ID (42 264) on testbench [
\o           Montecarlo ].
\o 
\o 
\o 
\o 
\o 
\o ERROR (ADE-2709): Evaluation of output 'IDC("/I0/M7/D")' returned 'nil' for point:'265' test:'Montecarlo'
\o 	Expression:'IDC("/I0/M7/D")'.
\o Ensure that the definition of output is correct.
\o 
\o *Info*    Client has finished evaluating ... 
\o 
\o 
\o *Info*    Run complete for Point ID (42 265) on testbench [
\o           Montecarlo ].
\o 
\o 
\o 
\o 
\o 
\o ERROR (ADE-2709): Evaluation of output 'IDC("/I0/M7/D")' returned 'nil' for point:'266' test:'Montecarlo'
\o 	Expression:'IDC("/I0/M7/D")'.
\o Ensure that the definition of output is correct.
\o 
\o *Info*    Client has finished evaluating ... 
\o 
\o 
\o *Info*    Run complete for Point ID (42 266) on testbench [
\o           Montecarlo ].
\o 
\o 
\o 
\o 
\o 
\o ERROR (ADE-2709): Evaluation of output 'IDC("/I0/M7/D")' returned 'nil' for point:'267' test:'Montecarlo'
\o 	Expression:'IDC("/I0/M7/D")'.
\o Ensure that the definition of output is correct.
\o 
\o *Info*    Client has finished evaluating ... 
\o 
\o 
\o *Info*    Run complete for Point ID (42 267) on testbench [
\o           Montecarlo ].
\o 
\o 
\o 
\o 
\o 
\o ERROR (ADE-2709): Evaluation of output 'IDC("/I0/M7/D")' returned 'nil' for point:'268' test:'Montecarlo'
\o 	Expression:'IDC("/I0/M7/D")'.
\o Ensure that the definition of output is correct.
\o 
\# Memory report: using       1,290 MB, process size 3,079 MB at UTC 2024.04.09 07:00:08.192
\o *Info*    Client has finished evaluating ... 
\o 
\o 
\o *Info*    Run complete for Point ID (42 268) on testbench [
\o           Montecarlo ].
\o 
\o 
\o 
\o 
\o 
\o ERROR (ADE-2709): Evaluation of output 'IDC("/I0/M7/D")' returned 'nil' for point:'269' test:'Montecarlo'
\o 	Expression:'IDC("/I0/M7/D")'.
\o Ensure that the definition of output is correct.
\o 
\o *Info*    Client has finished evaluating ... 
\o 
\o 
\o *Info*    Run complete for Point ID (42 269) on testbench [
\o           Montecarlo ].
\o 
\o 
\o 
\o 
\o 
\o ERROR (ADE-2709): Evaluation of output 'IDC("/I0/M7/D")' returned 'nil' for point:'270' test:'Montecarlo'
\o 	Expression:'IDC("/I0/M7/D")'.
\o Ensure that the definition of output is correct.
\o 
\# Memory report: Maximum memory size now 17,225 MB at UTC 2024.04.09 07:00:09.217
\o *Info*    Client has finished evaluating ... 
\o 
\o 
\o *Info*    Run complete for Point ID (42 270) on testbench [
\o           Montecarlo ].
\o 
\o 
\o 
\o 
\o 
\o ERROR (ADE-2709): Evaluation of output 'IDC("/I0/M7/D")' returned 'nil' for point:'271' test:'Montecarlo'
\o 	Expression:'IDC("/I0/M7/D")'.
\o Ensure that the definition of output is correct.
\o 
\o *Info*    Client has finished evaluating ... 
\o 
\o 
\o *Info*    Run complete for Point ID (42 271) on testbench [
\o           Montecarlo ].
\o 
\o 
\o 
\o 
\o 
\o ERROR (ADE-2709): Evaluation of output 'IDC("/I0/M7/D")' returned 'nil' for point:'272' test:'Montecarlo'
\o 	Expression:'IDC("/I0/M7/D")'.
\o Ensure that the definition of output is correct.
\o 
\o *Info*    Client has finished evaluating ... 
\o 
\o 
\o *Info*    Run complete for Point ID (42 272) on testbench [
\o           Montecarlo ].
\o 
\o 
\o 
\o 
\o 
\o ERROR (ADE-2709): Evaluation of output 'IDC("/I0/M7/D")' returned 'nil' for point:'273' test:'Montecarlo'
\o 	Expression:'IDC("/I0/M7/D")'.
\o Ensure that the definition of output is correct.
\o 
\o *Info*    Client has finished evaluating ... 
\o 
\o 
\o *Info*    Run complete for Point ID (42 273) on testbench [
\o           Montecarlo ].
\o 
\o 
\o 
\o 
\o 
\o ERROR (ADE-2709): Evaluation of output 'IDC("/I0/M7/D")' returned 'nil' for point:'274' test:'Montecarlo'
\o 	Expression:'IDC("/I0/M7/D")'.
\o Ensure that the definition of output is correct.
\o 
\o *Info*    Client has finished evaluating ... 
\o 
\o 
\o *Info*    Run complete for Point ID (42 274) on testbench [
\o           Montecarlo ].
\o 
\o 
\o 
\o 
\o 
\o ERROR (ADE-2709): Evaluation of output 'IDC("/I0/M7/D")' returned 'nil' for point:'275' test:'Montecarlo'
\o 	Expression:'IDC("/I0/M7/D")'.
\o Ensure that the definition of output is correct.
\o 
\o *Info*    Client has finished evaluating ... 
\o 
\o 
\o *Info*    Run complete for Point ID (42 275) on testbench [
\o           Montecarlo ].
\o 
\o 
\o 
\o 
\o 
\o ERROR (ADE-2709): Evaluation of output 'IDC("/I0/M7/D")' returned 'nil' for point:'276' test:'Montecarlo'
\o 	Expression:'IDC("/I0/M7/D")'.
\o Ensure that the definition of output is correct.
\o 
\# Memory report: using       1,408 MB, process size 3,197 MB at UTC 2024.04.09 07:00:13.263
\o *Info*    Client has finished evaluating ... 
\o 
\o 
\o *Info*    Run complete for Point ID (42 276) on testbench [
\o           Montecarlo ].
\o 
\o 
\o 
\o 
\o 
\o ERROR (ADE-2709): Evaluation of output 'IDC("/I0/M7/D")' returned 'nil' for point:'277' test:'Montecarlo'
\o 	Expression:'IDC("/I0/M7/D")'.
\o Ensure that the definition of output is correct.
\o 
\o *Info*    Client has finished evaluating ... 
\o 
\o 
\o *Info*    Run complete for Point ID (42 277) on testbench [
\o           Montecarlo ].
\o 
\o 
\o 
\o 
\o 
\o ERROR (ADE-2709): Evaluation of output 'IDC("/I0/M7/D")' returned 'nil' for point:'278' test:'Montecarlo'
\o 	Expression:'IDC("/I0/M7/D")'.
\o Ensure that the definition of output is correct.
\o 
\o *Info*    Client has finished evaluating ... 
\o 
\o 
\o *Info*    Run complete for Point ID (42 278) on testbench [
\o           Montecarlo ].
\o 
\o 
\o 
\o 
\o 
\o ERROR (ADE-2709): Evaluation of output 'IDC("/I0/M7/D")' returned 'nil' for point:'279' test:'Montecarlo'
\o 	Expression:'IDC("/I0/M7/D")'.
\o Ensure that the definition of output is correct.
\o 
\o *Info*    Client has finished evaluating ... 
\o 
\o 
\o *Info*    Run complete for Point ID (42 279) on testbench [
\o           Montecarlo ].
\o 
\o 
\o 
\o 
\o 
\o ERROR (ADE-2709): Evaluation of output 'IDC("/I0/M7/D")' returned 'nil' for point:'280' test:'Montecarlo'
\o 	Expression:'IDC("/I0/M7/D")'.
\o Ensure that the definition of output is correct.
\o 
\o *Info*    Client has finished evaluating ... 
\o 
\o 
\o *Info*    Run complete for Point ID (42 280) on testbench [
\o           Montecarlo ].
\o 
\o 
\o 
\o 
\o 
\o ERROR (ADE-2709): Evaluation of output 'IDC("/I0/M7/D")' returned 'nil' for point:'281' test:'Montecarlo'
\o 	Expression:'IDC("/I0/M7/D")'.
\o Ensure that the definition of output is correct.
\o 
\o *Info*    Client has finished evaluating ... 
\o 
\o 
\o *Info*    Run complete for Point ID (42 281) on testbench [
\o           Montecarlo ].
\o 
\o 
\o 
\o 
\o 
\o ERROR (ADE-2709): Evaluation of output 'IDC("/I0/M7/D")' returned 'nil' for point:'282' test:'Montecarlo'
\o 	Expression:'IDC("/I0/M7/D")'.
\o Ensure that the definition of output is correct.
\o 
\o *Info*    Client has finished evaluating ... 
\o 
\o 
\o *Info*    Run complete for Point ID (42 282) on testbench [
\o           Montecarlo ].
\o 
\o 
\o 
\o 
\o 
\o ERROR (ADE-2709): Evaluation of output 'IDC("/I0/M7/D")' returned 'nil' for point:'283' test:'Montecarlo'
\o 	Expression:'IDC("/I0/M7/D")'.
\o Ensure that the definition of output is correct.
\o 
\o *Info*    Client has finished evaluating ... 
\o 
\o 
\o *Info*    Run complete for Point ID (42 283) on testbench [
\o           Montecarlo ].
\o 
\o 
\o 
\o 
\o 
\o ERROR (ADE-2709): Evaluation of output 'IDC("/I0/M7/D")' returned 'nil' for point:'284' test:'Montecarlo'
\o 	Expression:'IDC("/I0/M7/D")'.
\o Ensure that the definition of output is correct.
\o 
\# Memory report: using       1,519 MB, process size 3,308 MB at UTC 2024.04.09 07:00:18.082
\o *Info*    Client has finished evaluating ... 
\o 
\o 
\o *Info*    Run complete for Point ID (42 284) on testbench [
\o           Montecarlo ].
\o 
\o 
\o 
\o 
\o 
\o ERROR (ADE-2709): Evaluation of output 'IDC("/I0/M7/D")' returned 'nil' for point:'285' test:'Montecarlo'
\o 	Expression:'IDC("/I0/M7/D")'.
\o Ensure that the definition of output is correct.
\o 
\o *Info*    Client has finished evaluating ... 
\o 
\o 
\o *Info*    Run complete for Point ID (42 285) on testbench [
\o           Montecarlo ].
\o 
\o 
\o 
\o 
\o 
\# Available memory:         14,744 MB at UTC 2024.04.09 07:00:19.081
\# Memory report: Maximum memory size now 16,285 MB at UTC 2024.04.09 07:00:19.081
\o ERROR (ADE-2709): Evaluation of output 'IDC("/I0/M7/D")' returned 'nil' for point:'286' test:'Montecarlo'
\o 	Expression:'IDC("/I0/M7/D")'.
\o Ensure that the definition of output is correct.
\o 
\o *Info*    Client has finished evaluating ... 
\o 
\o 
\o *Info*    Run complete for Point ID (42 286) on testbench [
\o           Montecarlo ].
\o 
\o 
\o 
\o 
\o 
\o ERROR (ADE-2709): Evaluation of output 'IDC("/I0/M7/D")' returned 'nil' for point:'287' test:'Montecarlo'
\o 	Expression:'IDC("/I0/M7/D")'.
\o Ensure that the definition of output is correct.
\o 
\o *Info*    Client has finished evaluating ... 
\o 
\o 
\o *Info*    Run complete for Point ID (42 287) on testbench [
\o           Montecarlo ].
\o 
\o 
\o 
\o 
\o 
\o ERROR (ADE-2709): Evaluation of output 'IDC("/I0/M7/D")' returned 'nil' for point:'288' test:'Montecarlo'
\o 	Expression:'IDC("/I0/M7/D")'.
\o Ensure that the definition of output is correct.
\o 
\o *Info*    Client has finished evaluating ... 
\o 
\o 
\o *Info*    Run complete for Point ID (42 288) on testbench [
\o           Montecarlo ].
\o 
\o 
\o 
\o 
\o 
\o ERROR (ADE-2709): Evaluation of output 'IDC("/I0/M7/D")' returned 'nil' for point:'289' test:'Montecarlo'
\o 	Expression:'IDC("/I0/M7/D")'.
\o Ensure that the definition of output is correct.
\o 
\o *Info*    Client has finished evaluating ... 
\o 
\o 
\o *Info*    Run complete for Point ID (42 289) on testbench [
\o           Montecarlo ].
\o 
\o 
\o 
\o 
\o 
\o ERROR (ADE-2709): Evaluation of output 'IDC("/I0/M7/D")' returned 'nil' for point:'290' test:'Montecarlo'
\o 	Expression:'IDC("/I0/M7/D")'.
\o Ensure that the definition of output is correct.
\o 
\o *Info*    Client has finished evaluating ... 
\o 
\o 
\o *Info*    Run complete for Point ID (42 290) on testbench [
\o           Montecarlo ].
\o 
\o 
\o 
\o 
\o 
\o ERROR (ADE-2709): Evaluation of output 'IDC("/I0/M7/D")' returned 'nil' for point:'291' test:'Montecarlo'
\o 	Expression:'IDC("/I0/M7/D")'.
\o Ensure that the definition of output is correct.
\o 
\o *Info*    Client has finished evaluating ... 
\o 
\o 
\o *Info*    Run complete for Point ID (42 291) on testbench [
\o           Montecarlo ].
\o 
\o 
\o 
\o 
\o 
\o ERROR (ADE-2709): Evaluation of output 'IDC("/I0/M7/D")' returned 'nil' for point:'292' test:'Montecarlo'
\o 	Expression:'IDC("/I0/M7/D")'.
\o Ensure that the definition of output is correct.
\o 
\# Memory report: using       1,637 MB, process size 3,426 MB at UTC 2024.04.09 07:00:23.123
\o *Info*    Client has finished evaluating ... 
\o 
\o 
\o *Info*    Run complete for Point ID (42 292) on testbench [
\o           Montecarlo ].
\o 
\o 
\o 
\o 
\o 
\o ERROR (ADE-2709): Evaluation of output 'IDC("/I0/M7/D")' returned 'nil' for point:'293' test:'Montecarlo'
\o 	Expression:'IDC("/I0/M7/D")'.
\o Ensure that the definition of output is correct.
\o 
\o *Info*    Client has finished evaluating ... 
\o 
\o 
\o *Info*    Run complete for Point ID (42 293) on testbench [
\o           Montecarlo ].
\o 
\o 
\o 
\o 
\o 
\o ERROR (ADE-2709): Evaluation of output 'IDC("/I0/M7/D")' returned 'nil' for point:'294' test:'Montecarlo'
\o 	Expression:'IDC("/I0/M7/D")'.
\o Ensure that the definition of output is correct.
\o 
\o *Info*    Client has finished evaluating ... 
\o 
\o 
\o *Info*    Run complete for Point ID (42 294) on testbench [
\o           Montecarlo ].
\o 
\o 
\o 
\o 
\o 
\o ERROR (ADE-2709): Evaluation of output 'IDC("/I0/M7/D")' returned 'nil' for point:'295' test:'Montecarlo'
\o 	Expression:'IDC("/I0/M7/D")'.
\o Ensure that the definition of output is correct.
\o 
\o *Info*    Client has finished evaluating ... 
\o 
\o 
\o *Info*    Run complete for Point ID (42 295) on testbench [
\o           Montecarlo ].
\o 
\o 
\o 
\o 
\o 
\o ERROR (ADE-2709): Evaluation of output 'IDC("/I0/M7/D")' returned 'nil' for point:'296' test:'Montecarlo'
\o 	Expression:'IDC("/I0/M7/D")'.
\o Ensure that the definition of output is correct.
\o 
\o *Info*    Client has finished evaluating ... 
\o 
\o 
\o *Info*    Run complete for Point ID (42 296) on testbench [
\o           Montecarlo ].
\o 
\o 
\o 
\o 
\o 
\o ERROR (ADE-2709): Evaluation of output 'IDC("/I0/M7/D")' returned 'nil' for point:'297' test:'Montecarlo'
\o 	Expression:'IDC("/I0/M7/D")'.
\o Ensure that the definition of output is correct.
\o 
\o *Info*    Client has finished evaluating ... 
\o 
\o 
\o *Info*    Run complete for Point ID (42 297) on testbench [
\o           Montecarlo ].
\o 
\o 
\o 
\o 
\o 
\o ERROR (ADE-2709): Evaluation of output 'IDC("/I0/M7/D")' returned 'nil' for point:'298' test:'Montecarlo'
\o 	Expression:'IDC("/I0/M7/D")'.
\o Ensure that the definition of output is correct.
\o 
\o *Info*    Client has finished evaluating ... 
\o 
\o 
\o *Info*    Run complete for Point ID (42 298) on testbench [
\o           Montecarlo ].
\o 
\o 
\o 
\o 
\o 
\o ERROR (ADE-2709): Evaluation of output 'IDC("/I0/M7/D")' returned 'nil' for point:'299' test:'Montecarlo'
\o 	Expression:'IDC("/I0/M7/D")'.
\o Ensure that the definition of output is correct.
\o 
\o *Info*    Client has finished evaluating ... 
\o 
\o 
\o *Info*    Run complete for Point ID (42 299) on testbench [
\o           Montecarlo ].
\o 
\o 
\o 
\o 
\o 
\o ERROR (ADE-2709): Evaluation of output 'IDC("/I0/M7/D")' returned 'nil' for point:'300' test:'Montecarlo'
\o 	Expression:'IDC("/I0/M7/D")'.
\o Ensure that the definition of output is correct.
\o 
\# Memory report: using       1,755 MB, process size 3,545 MB at UTC 2024.04.09 07:00:28.203
\o *Info*    Client has finished evaluating ... 
\o 
\o 
\o *Info*    Run complete for Point ID (42 300) on testbench [
\o           Montecarlo ].
\o 
\o 
\o 
\o 
\o 
\o *Info*    Monte Carlo Simulation completed successfully...
\# Memory report: Maximum memory size now 15,425 MB at UTC 2024.04.09 07:00:28.938
\o Simulation design variables differ from those on the cellView,
\o they have been saved in the file "/tmp/saved-design-variables".
\o To save future changes, copy variables to cellView before exiting.
\# Lic Summary:
\# [03:05:30.000674] Cdslmd servers:3000@lic08.ug.kth.se
\# [03:05:30.000704] Feature usage summary:
\# Memory report: on exit          1,763 MB, process size 3,552 MB at UTC 2024.04.09 07:05:31.000
\# Memory report: peak usage       1,763 MB, process size 3,552 MB
