\# Program start time:     UTC 2024.04.18 04:01:24.723
\# Local time: EDT (UTC-04:00) 2024.04.18 00:01:24.723
\o Program:		@(#)$CDS: virtuoso version 6.1.8-64b 10/11/2023 09:56 (cpgbld01) $
\o Hierarchy:		/home/saul/cadence/installs/IC618/tools.lnx86/dfII/
\o Sub version:		sub-version  IC6.1.8-64b.500.34  (64-bit addresses)
\# Command line:	/pkg/cadence/installs/IC618/tools.lnx86/dfII/bin/64bit/virtuoso -noautostart -mpssession virtuoso5839 -mpshost phoenix -davinciService DaVinciService_5839_1713327833 -log /home/saul/projects/ASKA/logs_saul/logs0/Job236.log -licenseLockFileName /home/saul/projects/ASKA/.tmp_saul/.phoenix_5839 -interactiveA -interactiveE -interactiveRTT -nostdin -nographE -axlChildIdFlag 236
\# Host name (type):	phoenix (x86_64)
\# Operating system:	Linux 3.10.0-1160.105.1.el7.x86_64 #1 SMP Thu Dec 7 15:39:45 UTC 2023
\# Linux /etc/issue:	\S
\# Linux /etc/issue:	Kernel \r on an \m
\# X display name (WxH):	:6573 (1024x868)
\# Available geometry:			TL(0:0) BR(1023:867)
\# X server:			The X.Org Foundation
\# Depth of Visual (Root):	24 (24)
\# Number of Planes Used:	24
\# X version:		11.0 (vendor release 12004000)
\# X resource pool:	base 0x400000, mask 0x1fffff (2097151), shift 0
\# 			current id 0x0, current max 0x1ffffa (2097146)
\# Max data seg size:	     unlimited
\# Max process size:	     unlimited
\# Initial sbrk value:	        635 MB
\# Available memory:	     19,025 MB
\# System memory:	     25,561 MB
\# Maximum memory size:	     25,144 MB
\# Max mem available:	     19,243 MB
\# Initial memory used:	        218 MB
\#        process size:	      1,821 MB
\# Thread usage limits (effective/default):	maxthreads 4096/4096 maxload 7.00/7.00
\# Qt version:		5.9.1
\# Window Manager:	other
\# User Name:		saul
\o Working Directory:	phoenix:/home/saul/projects/ASKA
\# Process Id:		28033
\o 
\o COPYRIGHT (C) 1992-2023  CADENCE DESIGN SYSTEMS INC.  ALL RIGHTS RESERVED.
\o           (C) 1992-2023  UNIX SYSTEMS Laboratories INC.,
\o                          Reproduced with permission.
\o 
\o This Cadence Design Systems program and online documentation are
\o proprietary/confidential information and may be disclosed/used only
\o as authorized in a license agreement controlling such use and disclosure.
\o 
\o           RESTRICTED RIGHTS NOTICE (SHORT FORM)
\o Use/reproduction/disclosure is subject to restriction
\o set forth at FAR 1252.227-19 or its equivalent.
\o Loading geView.cxt 
\o Loading menuBuilder.cxt 
\o Loading schView.cxt 
\o Loading selectSv.cxt 
\o Loading pvsui.cxt
\o Loading wireEdit.cxt 
\o Loading pte2.cxt 
\o Loading xlUI.cxt 
\o Loading auCore.cxt 
\o Loading vhdl.cxt 
\o Loading seismic.cxt 
\o Loading ci.cxt 
\o Loading ams.cxt 
\o Loading oasis.cxt 
\o Loading analog.cxt 
\o Loading asimenv.cxt 
\o Loading dal.cxt 
\o Loading awv.cxt 
\o Loading socket.cxt 
\o Loading par.cxt 
\o Loading alvs.cxt 
\o Loading caa.cxt 
\o Loading amps.cxt 
\o Loading adexlCore.cxt 
\o Loading adexl.cxt 
\o *Info*    Exporting services from client ... 
\o 
\o Loading adexlDM.cxt 
\o Loading cpf.cxt 
\o Loading cli.cxt 
\o Loading lp.cxt 
\o INFO (ELI-00302) Connecting to parent process (session=virtuoso5839, host=phoenix). Connection mode is ICRP. Total timeout is 180 seconds. Connection timeout is 90 seconds.
\o INFO (ELI-00303) Step 1: Connecting to parent. Time spent is 0 seconds.
\o INFO (ELI-00304) The registration of the child 28033 within 90 seconds is being processed...
\o INFO (ELI-00305) The result of registration is true. Time spent is 0 seconds.
\o INFO (ELI-00308) The connection has ended. Result is true. Total time spent is 0 seconds.
\# [00:01:24.512313] Configured Lic search path (22.01-s002): 3000@lic08.ug.kth.se
\# Memory report: using         370 MB, process size 2,102 MB at UTC 2024.04.18 04:01:26.671
\o Loading .cdsinit for the XH018 X-Fab XKit.
\o     LOAD xh018_1143 SPECIFIC CALL-BACK ROUTINES
\o     LOAD ALL AVAILABLE P-CELL FUNCTIONS
\o ** Info: PDK loadpath is "/home/saul/pkg/xfab/XKIT/xh018/cadence/v9_0/PDK/IC61/v9_0_4"
\o Loading XfSktTools.cxt
\o Loading XfMenu.cxt
\o Loading XfTechXh018.cxt
\o Loading XfPcellCore.cxt
\o function ansiSpicePrintProperties_subcircuit redefined
\o Loading XfSkillExt.cxt
\o Initializing library.
\o Finished Initializing Library .
\o     Generic PcellKit: 'production' loaded.
\o     Generic Pcell Skill Tools: 'production' loaded.
\o Loading Circuit Prospector Setup (XfCircuitProspSetup.il)
\o     LOAD THE ENVIRONMENT FILE
\o  --> Setting the required PDK definitions...
\o     GDSII LAYER MAPPING FILE = "./.xkit/setup/xh018/cadence/PDK/TECH_XH018_1143/strmInOut.layertable"
\o     GDSII OBJECT MAPPING FILE = "./.xkit/setup/xh018/cadence/PDK/TECH_XH018_1143/strmOutObjects.map"
\o Use model setup from PDK...
\o Loading spectrei.cxt 
\o Loading devCheck.cxt 
\o Loading relXpert.cxt 
\o Loading vdsil.cxt 
\o Loading hspiceD.cxt 
\o Loading spectreinl.cxt 
\o Loading UltraSim.cxt 
\o Loading msgHandler.cxt 
\o Loading AMSOSS.cxt 
\o Loading AMS.cxt 
\o  --> Finished setting the required PDK definitions
\o  --> Setting the recommended EDA tool defaults...
\o  --> Finished setting the recommended EDA tool defaults
\o     LOAD DEFAULT BINDKEYS
\o Loading viva.cxt 
\o  --> AssuraTools Setup not available
\o *Info*    Client has finished starting ... 
\o 
\p > 
\# Loading perfDiag...
\# (PerfDiag): Set GDB path to environment variable 'gdbPath' (gdb).
\# Performance Diagnostic tool is installed. You can access PerfDiag from CIW Tools or use the shell command 'cdsPerfDiag -p 28033' to open it when Virtuoso freezes.
\# (PerfDiag): Loading backtrace from /pkg/cadence/installs/IC618/tools/lib/64bit/cdnslibunwind.so
\o Loading vqp.cxt 
\o Loading hdlPkg.cxt 
\o 
\o 
\o *Info*    Configuring the session ...
\o 
\o Loading simui.cxt 
\o 	Library      = HVSWITCH
\o 	Cell         = hvswitch_tb
\o 	View         = config
\o 	Simulator    = spectre
\o 	State Path   = $AXL_SETUPDB_DIR/test_states
\o 	State Name   = SOA_HVSWITCH:hvswitch_tb:1:1_state_Interactive.390
\o 	Results DB   = /home/saul/projects/ASKA/HVSWITCH/hvswitch_tb/adexl/results/data/Interactive.390.rdb
\o 	Results Dir  = /home/saul/projects/ASKA/Sim/HVSWITCH/hvswitch_tb/adexl/results/data/Interactive.390/1/SOA
\o 	Results Loc  = /home/saul/projects/ASKA/Sim/HVSWITCH/hvswitch_tb/adexl/results/data
\o 	Project Dir  = /home/saul/projects/ASKA/Sim
\o 	Setup DB loc = /home/saul/projects/ASKA/HVSWITCH/hvswitch_tb/adexl
\o 	File Encoding = 0
\o 
\o 
\# Memory report: using         494 MB, process size 2,233 MB at UTC 2024.04.18 04:01:28.145
\o WARNING (ADE-7017): The Spectre run mode needs to be 'batch' when EM/IR analysis is enabled. Automatically setting the run mode to 'batch'.
\o 
\o *Info*    The auto suspension is disabled.
\o 
\o     LOAD GENERIC "X-KIT" SKILL CONTEXT "./.xkit/setup/x_all/cadence/xenv/skill/context6/xkit.cxt" 
\o  - Menu "XKit Utilities" installed to CIW.
\o     LOAD ".cdsinit_personal" FILE FROM THE WORKING DIRECTORY.
\o     INFO: To customize this setup, please use the following environment variables:
\o           CUSTOM_SCRIPT_PATH - should point to the master shell or perl script
\o                              e.g.:
\o                              setenv CUSTOM_SCRIPT_PATH /path/to/my/script/LoadMyScripts.csh
\o           CUSTOM_SKILL_PATH - should point to your master skill load file
\o                              e.g.:
\o                              setenv CUSTOM_SKILL_PATH /path/to/my/skill/LoadMySkills.il
\o  loading default key binding 
\o  -> END LOAD ".cdsinit" FILE
\o Loading monte.cxt 
\o 
\o 
\o 
\o 
\o 
\o *Info*    Run start for Point ID (11 3) on testbench [ SOA ].
\o 
\o Resetting statistical vars
\o 
\o *Info*    Setting parameter values ...
\o 
\o Setting var CAP_EXT = "10p"
\o Setting var DN1 = "0"
\o Setting var DN2 = "0"
\o Setting var IDC = "50m"
\o Setting var START_DELAY = "20u"
\o Setting var UP1 = "0"
\o Setting var UP2 = "0"
\o Setting var VDAC = "330m"
\o Setting var VDAC2 = "1.65"
\o Setting var VDD = "3.6"
\o Setting var VDDHV = "40"
\o Setting var VDDHV_PULSE = "0"
\o Setting var temperature = "-40"
\o Setting temp(T) = -40
\o 
\o *Info*    Netlist Directory =
\o           /home/saul/projects/ASKA/Sim/HVSWITCH/hvswitch_tb/adexl/results/data/Interactive.390/3/SOA/netlist
\o 
\o 
\o *Info*    Data Directory    =
\o           /home/saul/projects/ASKA/Sim/HVSWITCH/hvswitch_tb/adexl/results/data/Interactive.390/3/SOA
\o 
\o 
\o *Info*    Creating Netlist for Point ID (11 3)
\o 
\o generate netlist...
\o Loading hnlInit.cxt 
\o Loading seCore.cxt 
\o function ansCdlCompPrim redefined
\o function ansCdlCompPrim redefined
\# [00:01:28.252451] Periodic Lic check successful
\# [00:01:28.252456] Feature usage summary:
\o Begin Incremental Netlisting Apr 18 00:01:28 2024
\o Loading json.cxt 
\o End netlisting Apr 18 00:01:28 2024
\o 
\o Netlisting Statistics:
\o 	Number of components:   20
\o 
\o 	Elapsed time:          0.0s
\o Errors: 0	Warnings: 0
\o       ...successful.
\o compose simulator input file...
\o       ...successful.
\# Memory report: using         605 MB, process size 2,344 MB at UTC 2024.04.18 04:01:29.259
\o 
\o *Info*    Running simulation on testbench [ SOA ] for Point ID (11 3).
\o 
\o Delete psf data in /home/saul/projects/ASKA/Sim/HVSWITCH/hvswitch_tb/adexl/results/data/Interactive.390/3/SOA/psf.
\o compose simulator input file...
\o       ...successful.
\o start simulator if needed...
\o       ...successful.
\o simulate...
\o To view the simulator output, right-click on the test name, result 
\o name, or any value in the "Results" tab of the Outputs section and 
\o choose "Output Log" menu option.
\o Loading paraplot.cxt 
\# Available memory:         16,933 MB at UTC 2024.04.18 04:01:34.631
\# Memory report: Maximum memory size now 17,559 MB at UTC 2024.04.18 04:01:34.631
\# Thread usage report: 13 active threads, active load 1.40 at UTC 2024.04.18 04:01:34.631
\# Memory report: Maximum memory size now 17,166 MB at UTC 2024.04.18 04:01:44.594
\# Memory report: Maximum memory size now 16,535 MB at UTC 2024.04.18 04:01:54.632
\# Available memory:         14,975 MB at UTC 2024.04.18 04:02:04.453
\# Memory report: Maximum memory size now 15,601 MB at UTC 2024.04.18 04:02:04.453
\# Memory report: Maximum memory size now 16,306 MB at UTC 2024.04.18 04:04:24.631
\# Memory report: Maximum memory size now 15,853 MB at UTC 2024.04.18 04:04:44.630
\# Memory report: Maximum memory size now 15,397 MB at UTC 2024.04.18 04:04:54.170
\o INFO (ADE-3071): Simulation completed successfully.
\o reading simulation data...
\o       ...successful.
\o *Info*    Client has finished evaluating ... 
\o 
\# Memory report: using         743 MB, process size 2,532 MB at UTC 2024.04.18 04:05:02.270
\o 
\o *Info*    Run complete for Point ID (11 3) on testbench [ SOA ].
\o 
\o 
\o 
\o 
\o 
\o 
\o 
\o 
\o 
\o 
\o *Info*    Run start for Point ID (11 10) on testbench [ SOA ].
\o 
\o Resetting statistical vars
\o 
\o *Info*    Setting parameter values ...
\o 
\o Setting var VDD = "3"
\o Setting var temperature = "85"
\o Setting temp(T) = 85
\o 
\o *Info*    Netlist Directory =
\o           /home/saul/projects/ASKA/Sim/HVSWITCH/hvswitch_tb/adexl/results/data/Interactive.390/10/SOA/netlist
\o 
\o 
\o *Info*    Data Directory    =
\o           /home/saul/projects/ASKA/Sim/HVSWITCH/hvswitch_tb/adexl/results/data/Interactive.390/10/SOA
\o 
\o 
\o *Info*    Creating Netlist for Point ID (11 10)
\o 
\o generate netlist...
\o function ansCdlCompPrim redefined
\o function ansCdlCompPrim redefined
\o Begin Incremental Netlisting Apr 18 00:05:02 2024
\o End netlisting Apr 18 00:05:02 2024
\o 
\o 	The netlist is up to date.
\o 	Time taken to compare the design with netlist:   0.0s
\o       ...successful.
\o compose simulator input file...
\o       ...successful.
\o 
\o *Info*    Running simulation on testbench [ SOA ] for Point ID (11
\o           10).
\o 
\o Delete psf data in /home/saul/projects/ASKA/Sim/HVSWITCH/hvswitch_tb/adexl/results/data/Interactive.390/10/SOA/psf.
\o compose simulator input file...
\o       ...successful.
\o start simulator if needed...
\o       ...successful.
\o simulate...
\o To view the simulator output, right-click on the test name, result 
\o name, or any value in the "Results" tab of the Outputs section and 
\o choose "Output Log" menu option.
\# Memory report: Maximum memory size now 15,031 MB at UTC 2024.04.18 04:05:24.631
\# Memory report: Maximum memory size now 15,959 MB at UTC 2024.04.18 04:07:24.631
\# Memory report: Maximum memory size now 15,600 MB at UTC 2024.04.18 04:07:34.631
\o INFO (ADE-3071): Simulation completed successfully.
\o reading simulation data...
\o       ...successful.
\o *Info*    Client has finished evaluating ... 
\o 
\o 
\o *Info*    Run complete for Point ID (11 10) on testbench [ SOA ].
\o 
\o 
\o 
\o 
\o 
\o 
\o 
\o 
\o 
\o 
\o *Info*    Run start for Point ID (11 15) on testbench [ SOA ].
\o 
\o Resetting statistical vars
\o 
\o *Info*    Setting parameter values ...
\o 
\o Setting var VDD = "3.6"
\o Setting var temperature = "-40"
\o Setting temp(T) = -40
\o 
\o *Info*    Netlist Directory =
\o           /home/saul/projects/ASKA/Sim/HVSWITCH/hvswitch_tb/adexl/results/data/Interactive.390/15/SOA/netlist
\o 
\o 
\o *Info*    Data Directory    =
\o           /home/saul/projects/ASKA/Sim/HVSWITCH/hvswitch_tb/adexl/results/data/Interactive.390/15/SOA
\o 
\o 
\o *Info*    Creating Netlist for Point ID (11 15)
\o 
\o generate netlist...
\o function ansCdlCompPrim redefined
\o function ansCdlCompPrim redefined
\o Begin Incremental Netlisting Apr 18 00:07:48 2024
\o End netlisting Apr 18 00:07:48 2024
\o 
\o 	The netlist is up to date.
\o 	Time taken to compare the design with netlist:   0.0s
\o       ...successful.
\o compose simulator input file...
\o       ...successful.
\o 
\o *Info*    Running simulation on testbench [ SOA ] for Point ID (11
\o           15).
\o 
\o Delete psf data in /home/saul/projects/ASKA/Sim/HVSWITCH/hvswitch_tb/adexl/results/data/Interactive.390/15/SOA/psf.
\o compose simulator input file...
\o       ...successful.
\o start simulator if needed...
\o       ...successful.
\o simulate...
\o To view the simulator output, right-click on the test name, result 
\o name, or any value in the "Results" tab of the Outputs section and 
\o choose "Output Log" menu option.
\# Memory report: Maximum memory size now 15,026 MB at UTC 2024.04.18 04:08:14.631
\# Memory report: Maximum memory size now 14,628 MB at UTC 2024.04.18 04:08:24.190
\# Memory report: Maximum memory size now 15,039 MB at UTC 2024.04.18 04:10:14.631
\# Memory report: Maximum memory size now 15,652 MB at UTC 2024.04.18 04:10:34.631
\# Memory report: Maximum memory size now 15,249 MB at UTC 2024.04.18 04:10:54.631
\o INFO (ADE-3071): Simulation completed successfully.
\o reading simulation data...
\o       ...successful.
\o *Info*    Client has finished evaluating ... 
\o 
\o 
\o *Info*    Run complete for Point ID (11 15) on testbench [ SOA ].
\o 
\o 
\o 
\o 
\o 
\o 
\o 
\o 
\o 
\o 
\o *Info*    Run start for Point ID (11 20) on testbench [ SOA ].
\o 
\o Resetting statistical vars
\o 
\o *Info*    Setting parameter values ...
\o 
\o Setting var temperature = "85"
\o Setting temp(T) = 85
\o 
\o *Info*    Netlist Directory =
\o           /home/saul/projects/ASKA/Sim/HVSWITCH/hvswitch_tb/adexl/results/data/Interactive.390/20/SOA/netlist
\o 
\o 
\o *Info*    Data Directory    =
\o           /home/saul/projects/ASKA/Sim/HVSWITCH/hvswitch_tb/adexl/results/data/Interactive.390/20/SOA
\o 
\o 
\o *Info*    Creating Netlist for Point ID (11 20)
\o 
\o generate netlist...
\o function ansCdlCompPrim redefined
\o function ansCdlCompPrim redefined
\o Begin Incremental Netlisting Apr 18 00:11:04 2024
\o End netlisting Apr 18 00:11:04 2024
\o 
\o 	The netlist is up to date.
\o 	Time taken to compare the design with netlist:   0.0s
\o       ...successful.
\o compose simulator input file...
\o       ...successful.
\o 
\o *Info*    Running simulation on testbench [ SOA ] for Point ID (11
\o           20).
\o 
\o Delete psf data in /home/saul/projects/ASKA/Sim/HVSWITCH/hvswitch_tb/adexl/results/data/Interactive.390/20/SOA/psf.
\o compose simulator input file...
\o       ...successful.
\o start simulator if needed...
\o       ...successful.
\o simulate...
\o To view the simulator output, right-click on the test name, result 
\o name, or any value in the "Results" tab of the Outputs section and 
\o choose "Output Log" menu option.
\# Memory report: Maximum memory size now 14,752 MB at UTC 2024.04.18 04:11:24.631
\# Memory report: Maximum memory size now 14,421 MB at UTC 2024.04.18 04:11:44.631
\# Memory report: Maximum memory size now 15,791 MB at UTC 2024.04.18 04:13:24.631
\# Memory report: Maximum memory size now 15,347 MB at UTC 2024.04.18 04:13:34.331
\# Memory report: Maximum memory size now 14,644 MB at UTC 2024.04.18 04:14:04.632
\o INFO (ADE-3071): Simulation completed successfully.
\o reading simulation data...
\o       ...successful.
\o *Info*    Client has finished evaluating ... 
\o 
\o 
\o *Info*    Run complete for Point ID (11 20) on testbench [ SOA ].
\o 
\o 
\o 
\o 
\o 
\o 
\o 
\o 
\o 
\o 
\o *Info*    Run start for Point ID (11 25) on testbench [ SOA ].
\o 
\o Resetting statistical vars
\o 
\o *Info*    Setting parameter values ...
\o 
\o Setting var VDD = "3"
\o Setting var temperature = "-40"
\o Setting temp(T) = -40
\o 
\o *Info*    Netlist Directory =
\o           /home/saul/projects/ASKA/Sim/HVSWITCH/hvswitch_tb/adexl/results/data/Interactive.390/25/SOA/netlist
\o 
\o 
\o *Info*    Data Directory    =
\o           /home/saul/projects/ASKA/Sim/HVSWITCH/hvswitch_tb/adexl/results/data/Interactive.390/25/SOA
\o 
\o 
\o *Info*    Creating Netlist for Point ID (11 25)
\o 
\o generate netlist...
\o function ansCdlCompPrim redefined
\o function ansCdlCompPrim redefined
\o Begin Incremental Netlisting Apr 18 00:14:09 2024
\o End netlisting Apr 18 00:14:09 2024
\o 
\o 	The netlist is up to date.
\o 	Time taken to compare the design with netlist:   0.0s
\o       ...successful.
\o compose simulator input file...
\o       ...successful.
\o 
\o *Info*    Running simulation on testbench [ SOA ] for Point ID (11
\o           25).
\o 
\o Delete psf data in /home/saul/projects/ASKA/Sim/HVSWITCH/hvswitch_tb/adexl/results/data/Interactive.390/25/SOA/psf.
\o compose simulator input file...
\o       ...successful.
\o start simulator if needed...
\o       ...successful.
\o simulate...
\o To view the simulator output, right-click on the test name, result 
\o name, or any value in the "Results" tab of the Outputs section and 
\o choose "Output Log" menu option.
\# Memory report: Maximum memory size now 15,011 MB at UTC 2024.04.18 04:14:14.631
\# Memory report: Maximum memory size now 14,455 MB at UTC 2024.04.18 04:14:34.631
\# Available memory:         13,468 MB at UTC 2024.04.18 04:14:44.632
\# Memory report: Maximum memory size now 14,942 MB at UTC 2024.04.18 04:16:14.631
\# Memory report: Maximum memory size now 14,564 MB at UTC 2024.04.18 04:16:34.630
\# Memory report: Maximum memory size now 15,183 MB at UTC 2024.04.18 04:16:54.630
\o INFO (ADE-3071): Simulation completed successfully.
\o reading simulation data...
\o       ...successful.
\o *Info*    Client has finished evaluating ... 
\o 
\o 
\o *Info*    Run complete for Point ID (11 25) on testbench [ SOA ].
\o 
\o 
\o 
\o 
\o 
\o 
\o 
\o 
\o 
\o 
\o *Info*    Run start for Point ID (11 30) on testbench [ SOA ].
\o 
\o Resetting statistical vars
\o 
\o *Info*    Setting parameter values ...
\o 
\o Setting var temperature = "85"
\o Setting temp(T) = 85
\o 
\o *Info*    Netlist Directory =
\o           /home/saul/projects/ASKA/Sim/HVSWITCH/hvswitch_tb/adexl/results/data/Interactive.390/30/SOA/netlist
\o 
\o 
\o *Info*    Data Directory    =
\o           /home/saul/projects/ASKA/Sim/HVSWITCH/hvswitch_tb/adexl/results/data/Interactive.390/30/SOA
\o 
\o 
\o *Info*    Creating Netlist for Point ID (11 30)
\o 
\o generate netlist...
\o function ansCdlCompPrim redefined
\o function ansCdlCompPrim redefined
\o Begin Incremental Netlisting Apr 18 00:16:57 2024
\o End netlisting Apr 18 00:16:57 2024
\o 
\o 	The netlist is up to date.
\o 	Time taken to compare the design with netlist:   0.0s
\o       ...successful.
\o compose simulator input file...
\o       ...successful.
\o 
\o *Info*    Running simulation on testbench [ SOA ] for Point ID (11
\o           30).
\o 
\o Delete psf data in /home/saul/projects/ASKA/Sim/HVSWITCH/hvswitch_tb/adexl/results/data/Interactive.390/30/SOA/psf.
\o compose simulator input file...
\o       ...successful.
\o start simulator if needed...
\o       ...successful.
\o simulate...
\o To view the simulator output, right-click on the test name, result 
\o name, or any value in the "Results" tab of the Outputs section and 
\o choose "Output Log" menu option.
\# Memory report: Maximum memory size now 14,430 MB at UTC 2024.04.18 04:17:24.631
\# Memory report: Maximum memory size now 14,047 MB at UTC 2024.04.18 04:17:34.658
\# Memory report: Maximum memory size now 14,492 MB at UTC 2024.04.18 04:18:54.631
\# Memory report: Maximum memory size now 14,168 MB at UTC 2024.04.18 04:19:24.632
\o INFO (ADE-3071): Simulation completed successfully.
\o reading simulation data...
\o       ...successful.
\o *Info*    Client has finished evaluating ... 
\o 
\o 
\o *Info*    Run complete for Point ID (11 30) on testbench [ SOA ].
\o 
\o 
\o 
\o 
\o 
\o 
\o 
\o 
\o 
\o 
\o *Info*    Run start for Point ID (11 33) on testbench [ SOA ].
\o 
\o Resetting statistical vars
\o 
\o *Info*    Setting parameter values ...
\o 
\o Setting var temperature = "-40"
\o Setting temp(T) = -40
\o 
\o *Info*    Netlist Directory =
\o           /home/saul/projects/ASKA/Sim/HVSWITCH/hvswitch_tb/adexl/results/data/Interactive.390/33/SOA/netlist
\o 
\o 
\o *Info*    Data Directory    =
\o           /home/saul/projects/ASKA/Sim/HVSWITCH/hvswitch_tb/adexl/results/data/Interactive.390/33/SOA
\o 
\o 
\o *Info*    Creating Netlist for Point ID (11 33)
\o 
\o generate netlist...
\o function ansCdlCompPrim redefined
\o function ansCdlCompPrim redefined
\o Begin Incremental Netlisting Apr 18 00:19:42 2024
\o End netlisting Apr 18 00:19:42 2024
\o 
\o 	The netlist is up to date.
\o 	Time taken to compare the design with netlist:   0.0s
\o       ...successful.
\o compose simulator input file...
\o       ...successful.
\o 
\o *Info*    Running simulation on testbench [ SOA ] for Point ID (11
\o           33).
\o 
\o Delete psf data in /home/saul/projects/ASKA/Sim/HVSWITCH/hvswitch_tb/adexl/results/data/Interactive.390/33/SOA/psf.
\o compose simulator input file...
\o       ...successful.
\o start simulator if needed...
\o       ...successful.
\o simulate...
\o To view the simulator output, right-click on the test name, result 
\o name, or any value in the "Results" tab of the Outputs section and 
\o choose "Output Log" menu option.
\# Memory report: Maximum memory size now 15,456 MB at UTC 2024.04.18 04:19:44.635
\# Memory report: Maximum memory size now 14,951 MB at UTC 2024.04.18 04:19:54.632
\# Memory report: Maximum memory size now 14,133 MB at UTC 2024.04.18 04:20:14.631
\# Memory report: Maximum memory size now 13,854 MB at UTC 2024.04.18 04:21:34.631
\# Memory report: Maximum memory size now 14,168 MB at UTC 2024.04.18 04:22:14.630
\o INFO (ADE-3071): Simulation completed successfully.
\o reading simulation data...
\o       ...successful.
\o *Info*    Client has finished evaluating ... 
\o 
\o 
\o *Info*    Run complete for Point ID (11 33) on testbench [ SOA ].
\o 
\o 
\o 
\o 
\o 
\o 
\o 
\o 
\o 
\o 
\o *Info*    Run start for Point ID (11 37) on testbench [ SOA ].
\o 
\o Resetting statistical vars
\o 
\o *Info*    Setting parameter values ...
\o 
\o 
\o *Info*    Netlist Directory =
\o           /home/saul/projects/ASKA/Sim/HVSWITCH/hvswitch_tb/adexl/results/data/Interactive.390/37/SOA/netlist
\o 
\o 
\o *Info*    Data Directory    =
\o           /home/saul/projects/ASKA/Sim/HVSWITCH/hvswitch_tb/adexl/results/data/Interactive.390/37/SOA
\o 
\o 
\o *Info*    Creating Netlist for Point ID (11 37)
\o 
\o generate netlist...
\o function ansCdlCompPrim redefined
\o function ansCdlCompPrim redefined
\o Begin Incremental Netlisting Apr 18 00:22:30 2024
\o End netlisting Apr 18 00:22:30 2024
\o 
\o 	The netlist is up to date.
\o 	Time taken to compare the design with netlist:   0.0s
\o       ...successful.
\o compose simulator input file...
\o       ...successful.
\o 
\o *Info*    Running simulation on testbench [ SOA ] for Point ID (11
\o           37).
\o 
\o Delete psf data in /home/saul/projects/ASKA/Sim/HVSWITCH/hvswitch_tb/adexl/results/data/Interactive.390/37/SOA/psf.
\o compose simulator input file...
\o       ...successful.
\o start simulator if needed...
\o       ...successful.
\o simulate...
\o To view the simulator output, right-click on the test name, result 
\o name, or any value in the "Results" tab of the Outputs section and 
\o choose "Output Log" menu option.
\# Memory report: Maximum memory size now 14,838 MB at UTC 2024.04.18 04:22:34.633
\# Memory report: Maximum memory size now 14,501 MB at UTC 2024.04.18 04:22:54.632
\# Memory report: Maximum memory size now 13,929 MB at UTC 2024.04.18 04:23:04.631
\# Memory report: Maximum memory size now 14,231 MB at UTC 2024.04.18 04:25:14.631
\o INFO (ADE-3071): Simulation completed successfully.
\o reading simulation data...
\o       ...successful.
\o *Info*    Client has finished evaluating ... 
\o 
\o 
\o *Info*    Run complete for Point ID (11 37) on testbench [ SOA ].
\o 
\o 
\o 
\o 
\o 
\o 
\o 
\o 
\o 
\o 
\o *Info*    Run start for Point ID (11 42) on testbench [ SOA ].
\o 
\o Resetting statistical vars
\o 
\o *Info*    Setting parameter values ...
\o 
\o Setting var temperature = "85"
\o Setting temp(T) = 85
\o 
\o *Info*    Netlist Directory =
\o           /home/saul/projects/ASKA/Sim/HVSWITCH/hvswitch_tb/adexl/results/data/Interactive.390/42/SOA/netlist
\o 
\o 
\o *Info*    Data Directory    =
\o           /home/saul/projects/ASKA/Sim/HVSWITCH/hvswitch_tb/adexl/results/data/Interactive.390/42/SOA
\o 
\o 
\o *Info*    Creating Netlist for Point ID (11 42)
\o 
\o generate netlist...
\o function ansCdlCompPrim redefined
\o function ansCdlCompPrim redefined
\o Begin Incremental Netlisting Apr 18 00:25:15 2024
\o End netlisting Apr 18 00:25:15 2024
\o 
\o 	The netlist is up to date.
\o 	Time taken to compare the design with netlist:   0.0s
\o       ...successful.
\o compose simulator input file...
\o       ...successful.
\o 
\o *Info*    Running simulation on testbench [ SOA ] for Point ID (11
\o           42).
\o 
\o Delete psf data in /home/saul/projects/ASKA/Sim/HVSWITCH/hvswitch_tb/adexl/results/data/Interactive.390/42/SOA/psf.
\o compose simulator input file...
\o       ...successful.
\o start simulator if needed...
\o       ...successful.
\o simulate...
\o To view the simulator output, right-click on the test name, result 
\o name, or any value in the "Results" tab of the Outputs section and 
\o choose "Output Log" menu option.
\# Memory report: Maximum memory size now 13,907 MB at UTC 2024.04.18 04:25:54.631
\# Memory report: Maximum memory size now 13,621 MB at UTC 2024.04.18 04:26:14.631
\# Memory report: Maximum memory size now 14,189 MB at UTC 2024.04.18 04:26:24.631
\# Memory report: Maximum memory size now 13,800 MB at UTC 2024.04.18 04:26:54.631
\o INFO (ADE-3071): Simulation completed successfully.
\o reading simulation data...
\o       ...successful.
\o *Info*    Client has finished evaluating ... 
\o 
\o 
\o *Info*    Run complete for Point ID (11 42) on testbench [ SOA ].
\o 
\o 
\o 
\o 
\o 
\o 
\o 
\o 
\o 
\o 
\o *Info*    Run start for Point ID (11 45) on testbench [ SOA ].
\o 
\o Resetting statistical vars
\o 
\o *Info*    Setting parameter values ...
\o 
\o Setting var temperature = "-40"
\o Setting temp(T) = -40
\o 
\o *Info*    Netlist Directory =
\o           /home/saul/projects/ASKA/Sim/HVSWITCH/hvswitch_tb/adexl/results/data/Interactive.390/45/SOA/netlist
\o 
\o 
\o *Info*    Data Directory    =
\o           /home/saul/projects/ASKA/Sim/HVSWITCH/hvswitch_tb/adexl/results/data/Interactive.390/45/SOA
\o 
\o 
\o *Info*    Creating Netlist for Point ID (11 45)
\o 
\o generate netlist...
\o function ansCdlCompPrim redefined
\o function ansCdlCompPrim redefined
\o Begin Incremental Netlisting Apr 18 00:27:58 2024
\o End netlisting Apr 18 00:27:58 2024
\o 
\o 	The netlist is up to date.
\o 	Time taken to compare the design with netlist:   0.0s
\o       ...successful.
\o compose simulator input file...
\o       ...successful.
\o 
\o *Info*    Running simulation on testbench [ SOA ] for Point ID (11
\o           45).
\o 
\o Delete psf data in /home/saul/projects/ASKA/Sim/HVSWITCH/hvswitch_tb/adexl/results/data/Interactive.390/45/SOA/psf.
\o compose simulator input file...
\o       ...successful.
\o start simulator if needed...
\o       ...successful.
\o simulate...
\o To view the simulator output, right-click on the test name, result 
\o name, or any value in the "Results" tab of the Outputs section and 
\o choose "Output Log" menu option.
\# Memory report: Maximum memory size now 14,410 MB at UTC 2024.04.18 04:28:04.630
\# Memory report: Maximum memory size now 14,039 MB at UTC 2024.04.18 04:28:24.631
\# Memory report: Maximum memory size now 13,663 MB at UTC 2024.04.18 04:30:34.631
\o INFO (ADE-3071): Simulation completed successfully.
\o reading simulation data...
\o       ...successful.
\o *Info*    Client has finished evaluating ... 
\o 
\# Memory report: Maximum memory size now 14,634 MB at UTC 2024.04.18 04:30:44.071
\o 
\o *Info*    Run complete for Point ID (11 45) on testbench [ SOA ].
\o 
\o 
\o 
\o 
\o 
\o 
\o 
\o 
\o 
\o 
\o *Info*    Run start for Point ID (11 51) on testbench [ SOA ].
\o 
\o Resetting statistical vars
\o 
\o *Info*    Setting parameter values ...
\o 
\o Setting var VDD = "3.6"
\o 
\o *Info*    Netlist Directory =
\o           /home/saul/projects/ASKA/Sim/HVSWITCH/hvswitch_tb/adexl/results/data/Interactive.390/51/SOA/netlist
\o 
\o 
\o *Info*    Data Directory    =
\o           /home/saul/projects/ASKA/Sim/HVSWITCH/hvswitch_tb/adexl/results/data/Interactive.390/51/SOA
\o 
\o 
\o *Info*    Creating Netlist for Point ID (11 51)
\o 
\o generate netlist...
\o function ansCdlCompPrim redefined
\o function ansCdlCompPrim redefined
\o Begin Incremental Netlisting Apr 18 00:30:44 2024
\o End netlisting Apr 18 00:30:44 2024
\o 
\o 	The netlist is up to date.
\o 	Time taken to compare the design with netlist:   0.0s
\o       ...successful.
\o compose simulator input file...
\o       ...successful.
\o 
\o *Info*    Running simulation on testbench [ SOA ] for Point ID (11
\o           51).
\o 
\o Delete psf data in /home/saul/projects/ASKA/Sim/HVSWITCH/hvswitch_tb/adexl/results/data/Interactive.390/51/SOA/psf.
\o compose simulator input file...
\o       ...successful.
\o start simulator if needed...
\o       ...successful.
\o simulate...
\o To view the simulator output, right-click on the test name, result 
\o name, or any value in the "Results" tab of the Outputs section and 
\o choose "Output Log" menu option.
\# Memory report: Maximum memory size now 14,285 MB at UTC 2024.04.18 04:30:53.631
\# Memory report: Maximum memory size now 13,795 MB at UTC 2024.04.18 04:31:13.404
\# Memory report: Maximum memory size now 14,098 MB at UTC 2024.04.18 04:32:43.631
\# Memory report: Maximum memory size now 13,781 MB at UTC 2024.04.18 04:33:43.631
\o INFO (ADE-3071): Simulation completed successfully.
\o reading simulation data...
\o       ...successful.
\o *Info*    Client has finished evaluating ... 
\o 
\o 
\o *Info*    Run complete for Point ID (11 51) on testbench [ SOA ].
\o 
\o 
\o 
\o 
\o 
\# Memory report: using         854 MB, process size 2,643 MB at UTC 2024.04.18 04:33:55.158
\o 
\o 
\o 
\o 
\o 
\o *Info*    Run start for Point ID (11 56) on testbench [ SOA ].
\o 
\o Resetting statistical vars
\o 
\o *Info*    Setting parameter values ...
\o 
\o Setting var temperature = "85"
\o Setting temp(T) = 85
\o 
\o *Info*    Netlist Directory =
\o           /home/saul/projects/ASKA/Sim/HVSWITCH/hvswitch_tb/adexl/results/data/Interactive.390/56/SOA/netlist
\o 
\o 
\o *Info*    Data Directory    =
\o           /home/saul/projects/ASKA/Sim/HVSWITCH/hvswitch_tb/adexl/results/data/Interactive.390/56/SOA
\o 
\o 
\o *Info*    Creating Netlist for Point ID (11 56)
\o 
\o generate netlist...
\o function ansCdlCompPrim redefined
\o function ansCdlCompPrim redefined
\o Begin Incremental Netlisting Apr 18 00:33:55 2024
\o End netlisting Apr 18 00:33:55 2024
\o 
\o 	The netlist is up to date.
\o 	Time taken to compare the design with netlist:   0.0s
\o       ...successful.
\o compose simulator input file...
\o       ...successful.
\o 
\o *Info*    Running simulation on testbench [ SOA ] for Point ID (11
\o           56).
\o 
\o Delete psf data in /home/saul/projects/ASKA/Sim/HVSWITCH/hvswitch_tb/adexl/results/data/Interactive.390/56/SOA/psf.
\o compose simulator input file...
\o       ...successful.
\o start simulator if needed...
\o       ...successful.
\o simulate...
\o To view the simulator output, right-click on the test name, result 
\o name, or any value in the "Results" tab of the Outputs section and 
\o choose "Output Log" menu option.
\# Memory report: Maximum memory size now 14,219 MB at UTC 2024.04.18 04:34:03.290
\# Memory report: Maximum memory size now 13,758 MB at UTC 2024.04.18 04:34:23.631
\# Memory report: Maximum memory size now 14,101 MB at UTC 2024.04.18 04:35:43.208
\# Memory report: Maximum memory size now 13,749 MB at UTC 2024.04.18 04:36:33.630
\o INFO (ADE-3071): Simulation completed successfully.
\o reading simulation data...
\o       ...successful.
\o *Info*    Client has finished evaluating ... 
\o 
\# Memory report: Maximum memory size now 14,200 MB at UTC 2024.04.18 04:36:53.313
\o 
\o *Info*    Run complete for Point ID (11 56) on testbench [ SOA ].
\o 
\o 
\o 
\o 
\o 
\o 
\o 
\o 
\o 
\o 
\o *Info*    Run start for Point ID (11 60) on testbench [ SOA ].
\o 
\o Resetting statistical vars
\o 
\o *Info*    Setting parameter values ...
\o 
\o 
\o *Info*    Netlist Directory =
\o           /home/saul/projects/ASKA/Sim/HVSWITCH/hvswitch_tb/adexl/results/data/Interactive.390/60/SOA/netlist
\o 
\o 
\o *Info*    Data Directory    =
\o           /home/saul/projects/ASKA/Sim/HVSWITCH/hvswitch_tb/adexl/results/data/Interactive.390/60/SOA
\o 
\o 
\o *Info*    Creating Netlist for Point ID (11 60)
\o 
\o generate netlist...
\o function ansCdlCompPrim redefined
\o function ansCdlCompPrim redefined
\o Begin Incremental Netlisting Apr 18 00:36:53 2024
\o End netlisting Apr 18 00:36:53 2024
\o 
\o 	The netlist is up to date.
\o 	Time taken to compare the design with netlist:   0.0s
\o       ...successful.
\o compose simulator input file...
\o       ...successful.
\o 
\o *Info*    Running simulation on testbench [ SOA ] for Point ID (11
\o           60).
\o 
\o Delete psf data in /home/saul/projects/ASKA/Sim/HVSWITCH/hvswitch_tb/adexl/results/data/Interactive.390/60/SOA/psf.
\o compose simulator input file...
\o       ...successful.
\o start simulator if needed...
\o       ...successful.
\o simulate...
\o To view the simulator output, right-click on the test name, result 
\o name, or any value in the "Results" tab of the Outputs section and 
\o choose "Output Log" menu option.
\# Memory report: Maximum memory size now 13,904 MB at UTC 2024.04.18 04:37:33.631
\# Memory report: Maximum memory size now 14,378 MB at UTC 2024.04.18 04:38:33.631
\# Memory report: Maximum memory size now 13,978 MB at UTC 2024.04.18 04:38:53.631
\# Memory report: Maximum memory size now 13,625 MB at UTC 2024.04.18 04:39:13.341
\# Memory report: Maximum memory size now 13,996 MB at UTC 2024.04.18 04:39:43.631
\# Memory report: Maximum memory size now 14,342 MB at UTC 2024.04.18 04:40:03.578
\o INFO (ADE-3071): Simulation completed successfully.
\o reading simulation data...
\o       ...successful.
\o *Info*    Client has finished evaluating ... 
\o 
\o 
\o *Info*    Run complete for Point ID (11 60) on testbench [ SOA ].
\o 
\o 
\o 
\o 
\o 
\# Memory report: Maximum memory size now 14,628 MB at UTC 2024.04.18 04:40:13.631
\# Memory report: Maximum memory size now 14,255 MB at UTC 2024.04.18 04:40:33.631
\# Memory report: Maximum memory size now 14,628 MB at UTC 2024.04.18 04:41:03.632
\# Memory report: Maximum memory size now 15,125 MB at UTC 2024.04.18 04:41:43.631
\# Available memory:         14,772 MB at UTC 2024.04.18 04:42:33.654
\# Memory report: Maximum memory size now 15,657 MB at UTC 2024.04.18 04:42:33.655
\# Memory report: Maximum memory size now 16,188 MB at UTC 2024.04.18 04:42:43.633
\o Simulation design variables differ from those on the cellView,
\o they have been saved in the file "/tmp/saved-design-variables".
\o To save future changes, copy variables to cellView before exiting.
\# Lic Summary:
\# [00:47:42.132736] Cdslmd servers:3000@lic08.ug.kth.se
\# [00:47:42.132769] Feature usage summary:
\# Memory report: on exit            885 MB, process size 2,674 MB at UTC 2024.04.18 04:47:42.657
\# Memory report: peak usage         885 MB, process size 2,674 MB
