*Info*    Exporting services from client ... 

*Info*    Client has finished starting ... 



*Info*    Configuring the session ...

	Library      = PULSE_GENERATOR
	Cell         = pulse_generator_tb
	View         = config
	Simulator    = spectre
	State Path   = $AXL_SETUPDB_DIR/test_states
	State Name   = PULSE_GENERATOR:pulse_generator_tb:1_none_Interactive.235
	Results DB   = /home/saul/projects/ASKA/PULSE_GENERATOR/pulse_generator_tb/adexl/results/data/Interactive.235.rdb
	Results Dir  = /home/saul/projects/ASKA/Sim/PULSE_GENERATOR/pulse_generator_tb/adexl/results/data/Interactive.235/1/PULSE_GENERATOR:pulse_generator_tb:1
	Results Loc  = /home/saul/projects/ASKA/Sim/PULSE_GENERATOR/pulse_generator_tb/adexl/results/data
	Project Dir  = /home/saul/projects/ASKA/Sim
	Setup DB loc = /home/saul/projects/ASKA/PULSE_GENERATOR/pulse_generator_tb/adexl
	File Encoding = 0



*Info*    The auto suspension is disabled.






*Info*    Run start for Point ID (1 1) on testbench [
          PULSE_GENERATOR:pulse_generator_tb:1 ].

Resetting statistical vars

*Info*    Setting parameter values ...

Setting var DN1 = "0"
Setting var DN2 = "0"
Setting var RES = "100"
Setting var UP1 = "0"
Setting var UP2 = "0"
Setting var VDD3 = "0"
Setting var VDD3_PULSE = "3.3"
Setting var VDDHV = "0"
Setting var VDDHV_PULSE = "40"
Setting var temperature = "27"
Setting temp(T) = 27

*Info*    Netlist Directory =
          /home/saul/projects/ASKA/Sim/PULSE_GENERATOR/pulse_generator_tb/adexl/results/data/Interactive.235/1/PULSE_GENERATOR:pulse_generator_tb:1/netlist


*Info*    Data Directory    =
          /home/saul/projects/ASKA/Sim/PULSE_GENERATOR/pulse_generator_tb/adexl/results/data/Interactive.235/1/PULSE_GENERATOR:pulse_generator_tb:1


*Info*    Creating Netlist for Point ID (1 1)

generate netlist...
function ansCdlCompPrim redefined
function ansCdlCompPrim redefined
Begin Incremental Netlisting Jun  6 16:03:59 2024
ERROR (OSSHNL-109): The cellview 'PULSE_GENERATOR/pulse_generator/schematic' has been modified since the last extraction. Validate
that the schematic is correct and run Check and Save to correct this error.

End netlisting Jun  6 16:03:59 2024
ERROR (OSSHNL-514): Netlist generation failed because of the errors reported above. The netlist might not have been generated at all, or the generated netlist could be corrupt. Fix the reported errors and regenerate the netlist.
      ...unsuccessful.

*Error*   Error ID  = 5012
*Error*   Error Msg = Failed to create netlist.









*Info*    Run start for Point ID (1 1) on testbench [
          PULSE_GENERATOR:pulse_generator_tb:1 ].

Resetting statistical vars

*Info*    Setting parameter values ...

Setting var DN1 = "0"
Setting var DN2 = "0"
Setting var RES = "100"
Setting var UP1 = "0"
Setting var UP2 = "0"
Setting var VDD3 = "0"
Setting var VDD3_PULSE = "3.3"
Setting var VDDHV = "0"
Setting var VDDHV_PULSE = "40"
Setting var temperature = "27"
Setting temp(T) = 27

*Info*    Netlist Directory =
          /home/saul/projects/ASKA/Sim/PULSE_GENERATOR/pulse_generator_tb/adexl/results/data/Interactive.235/1/PULSE_GENERATOR:pulse_generator_tb:1/netlist


*Info*    Data Directory    =
          /home/saul/projects/ASKA/Sim/PULSE_GENERATOR/pulse_generator_tb/adexl/results/data/Interactive.235/1/PULSE_GENERATOR:pulse_generator_tb:1


*Info*    Creating Netlist for Point ID (1 1)

generate netlist...
function ansCdlCompPrim redefined
function ansCdlCompPrim redefined
Begin Incremental Netlisting Jun  6 16:03:59 2024
ERROR (OSSHNL-109): The cellview 'PULSE_GENERATOR/pulse_generator/schematic' has been modified since the last extraction. Validate
that the schematic is correct and run Check and Save to correct this error.

End netlisting Jun  6 16:03:59 2024
ERROR (OSSHNL-514): Netlist generation failed because of the errors reported above. The netlist might not have been generated at all, or the generated netlist could be corrupt. Fix the reported errors and regenerate the netlist.
      ...unsuccessful.

*Error*   Error ID  = 5012
*Error*   Error Msg = Failed to create netlist.




Simulation design variables differ from those on the cellView,
they have been saved in the file "/tmp/saved-design-variables".
To save future changes, copy variables to cellView before exiting.
