\# Program start time:     UTC 2024.03.26 09:43:42.755
\# Local time: EDT (UTC-04:00) 2024.03.26 05:43:42.755
\o Program:		@(#)$CDS: virtuoso version 6.1.8-64b 10/11/2023 09:56 (cpgbld01) $
\o Hierarchy:		/home/saul/cadence/installs/IC618/tools.lnx86/dfII/
\o Sub version:		sub-version  IC6.1.8-64b.500.34  (64-bit addresses)
\# Command line:	/pkg/cadence/installs/IC618/tools.lnx86/dfII/bin/64bit/virtuoso -noautostart -mpssession virtuoso24529 -mpshost phoenix -davinciService DaVinciService_24529_1711437775 -log /home/saul/projects/ASKA/logs_saul/logs0/Job35.log -licenseLockFileName /home/saul/projects/ASKA/.tmp_saul/.phoenix_24529 -interactiveA -interactiveE -interactiveRTT -nostdin -nographE -axlChildIdFlag 35
\# Host name (type):	phoenix (x86_64)
\# Operating system:	Linux 3.10.0-1160.105.1.el7.x86_64 #1 SMP Thu Dec 7 15:39:45 UTC 2023
\# Linux /etc/issue:	\S
\# Linux /etc/issue:	Kernel \r on an \m
\# X display name (WxH):	:6590 (1024x868)
\# Available geometry:			TL(0:0) BR(1023:867)
\# X server:			The X.Org Foundation
\# Depth of Visual (Root):	24 (24)
\# Number of Planes Used:	24
\# X version:		11.0 (vendor release 12004000)
\# X resource pool:	base 0x400000, mask 0x1fffff (2097151), shift 0
\# 			current id 0x0, current max 0x1ffffa (2097146)
\# Max data seg size:	     unlimited
\# Max process size:	     unlimited
\# Initial sbrk value:	        637 MB
\# Available memory:	     18,736 MB
\# System memory:	     23,948 MB
\# Maximum memory size:	     23,522 MB
\# Max mem available:	     18,946 MB
\# Initial memory used:	        210 MB
\#        process size:	      1,813 MB
\# Thread usage limits (effective/default):	maxthreads 4096/4096 maxload 6.00/6.00
\# Qt version:		5.9.1
\# Window Manager:	other
\# User Name:		saul
\o Working Directory:	phoenix:/home/saul/projects/ASKA
\# Process Id:		12877
\o 
\o COPYRIGHT (C) 1992-2023  CADENCE DESIGN SYSTEMS INC.  ALL RIGHTS RESERVED.
\o           (C) 1992-2023  UNIX SYSTEMS Laboratories INC.,
\o                          Reproduced with permission.
\o 
\o This Cadence Design Systems program and online documentation are
\o proprietary/confidential information and may be disclosed/used only
\o as authorized in a license agreement controlling such use and disclosure.
\o 
\o           RESTRICTED RIGHTS NOTICE (SHORT FORM)
\o Use/reproduction/disclosure is subject to restriction
\o set forth at FAR 1252.227-19 or its equivalent.
\o Loading geView.cxt 
\o Loading menuBuilder.cxt 
\o Loading schView.cxt 
\o Loading selectSv.cxt 
\o Loading pvsui.cxt
\o Loading wireEdit.cxt 
\o Loading pte2.cxt 
\o Loading xlUI.cxt 
\o Loading auCore.cxt 
\o Loading vhdl.cxt 
\o Loading seismic.cxt 
\o Loading ci.cxt 
\o Loading ams.cxt 
\o Loading oasis.cxt 
\o Loading analog.cxt 
\o Loading asimenv.cxt 
\o Loading dal.cxt 
\o Loading awv.cxt 
\o Loading socket.cxt 
\o Loading par.cxt 
\o Loading alvs.cxt 
\o Loading caa.cxt 
\o Loading amps.cxt 
\o Loading adexlCore.cxt 
\o Loading adexl.cxt 
\# Memory report: using         340 MB, process size 2,065 MB at UTC 2024.03.26 09:43:44.047
\o *Info*    Exporting services from client ... 
\o 
\o Loading adexlDM.cxt 
\o Loading cpf.cxt 
\o Loading cli.cxt 
\o Loading lp.cxt 
\o INFO (ELI-00302) Connecting to parent process (session=virtuoso24529, host=phoenix). Connection mode is ICRP. Total timeout is 180 seconds. Connection timeout is 90 seconds.
\o INFO (ELI-00303) Step 1: Connecting to parent. Time spent is 0 seconds.
\o INFO (ELI-00304) The registration of the child 12877 within 90 seconds is being processed...
\o INFO (ELI-00305) The result of registration is true. Time spent is 0 seconds.
\o INFO (ELI-00308) The connection has ended. Result is true. Total time spent is 0 seconds.
\# [05:43:42.512401] Configured Lic search path (22.01-s002): 3000@lic08.ug.kth.se
\o Loading .cdsinit for the XH018 X-Fab XKit.
\o     LOAD xh018_1143 SPECIFIC CALL-BACK ROUTINES
\o     LOAD ALL AVAILABLE P-CELL FUNCTIONS
\o ** Info: PDK loadpath is "/home/saul/pkg/xfab/XKIT/xh018/cadence/v9_0/PDK/IC61/v9_0_4"
\o Loading XfSktTools.cxt
\o Loading XfMenu.cxt
\o Loading XfTechXh018.cxt
\o Loading XfPcellCore.cxt
\o function ansiSpicePrintProperties_subcircuit redefined
\o Loading XfSkillExt.cxt
\o Initializing library.
\o Finished Initializing Library .
\o     Generic PcellKit: 'production' loaded.
\o     Generic Pcell Skill Tools: 'production' loaded.
\o Loading Circuit Prospector Setup (XfCircuitProspSetup.il)
\o     LOAD THE ENVIRONMENT FILE
\o  --> Setting the required PDK definitions...
\o     GDSII LAYER MAPPING FILE = "./.xkit/setup/xh018/cadence/PDK/TECH_XH018_1143/strmInOut.layertable"
\o     GDSII OBJECT MAPPING FILE = "./.xkit/setup/xh018/cadence/PDK/TECH_XH018_1143/strmOutObjects.map"
\o Use model setup from PDK...
\o Loading spectrei.cxt 
\o Loading devCheck.cxt 
\o Loading relXpert.cxt 
\o Loading vdsil.cxt 
\o Loading hspiceD.cxt 
\o Loading spectreinl.cxt 
\o Loading UltraSim.cxt 
\o Loading msgHandler.cxt 
\o Loading AMSOSS.cxt 
\o Loading AMS.cxt 
\o  --> Finished setting the required PDK definitions
\o  --> Setting the recommended EDA tool defaults...
\o  --> Finished setting the recommended EDA tool defaults
\o     LOAD DEFAULT BINDKEYS
\o Loading viva.cxt 
\o  --> AssuraTools Setup not available
\o *Info*    Client has finished starting ... 
\o 
\p > 
\# Loading perfDiag...
\# (PerfDiag): Set GDB path to environment variable 'gdbPath' (gdb).
\# Performance Diagnostic tool is installed. You can access PerfDiag from CIW Tools or use the shell command 'cdsPerfDiag -p 12877' to open it when Virtuoso freezes.
\# (PerfDiag): Loading backtrace from /pkg/cadence/installs/IC618/tools/lib/64bit/cdnslibunwind.so
\# Memory report: using         474 MB, process size 2,212 MB at UTC 2024.03.26 09:43:46.058
\o Loading vqp.cxt 
\o Loading hdlPkg.cxt 
\o 
\o 
\o *Info*    Configuring the session ...
\o 
\o Loading simui.cxt 
\o 	Library      = BANDGAP
\o 	Cell         = bandgap_noop
\o 	View         = schematic
\o 	Simulator    = spectre
\o 	State Path   = $AXL_SETUPDB_DIR/test_states
\o 	State Name   = BANDGAP:bandgap_noop:1_none_Interactive.18
\o 	Results DB   = /home/saul/projects/ASKA/BANDGAP/bandgap_noop/adexl/results/data/Interactive.18.rdb
\o 	Results Dir  = /home/saul/projects/ASKA/Sim/BANDGAP/bandgap_noop/adexl/results/data/Interactive.18/1/BANDGAP:bandgap_noop:1
\o 	Results Loc  = /home/saul/projects/ASKA/Sim/BANDGAP/bandgap_noop/adexl/results/data
\o 	Project Dir  = /home/saul/projects/ASKA/Sim
\o 	Setup DB loc = /home/saul/projects/ASKA/BANDGAP/bandgap_noop/adexl
\o 	File Encoding = 0
\o 
\o 
\o WARNING (ADE-7017): The Spectre run mode needs to be 'batch' when EM/IR analysis is enabled. Automatically setting the run mode to 'batch'.
\o 
\o *Info*    The auto suspension is disabled.
\o 
\o     LOAD GENERIC "X-KIT" SKILL CONTEXT "./.xkit/setup/x_all/cadence/xenv/skill/context6/xkit.cxt" 
\o  - Menu "XKit Utilities" installed to CIW.
\o     LOAD ".cdsinit_personal" FILE FROM THE WORKING DIRECTORY.
\o     INFO: To customize this setup, please use the following environment variables:
\o           CUSTOM_SCRIPT_PATH - should point to the master shell or perl script
\o                              e.g.:
\o                              setenv CUSTOM_SCRIPT_PATH /path/to/my/script/LoadMyScripts.csh
\o           CUSTOM_SKILL_PATH - should point to your master skill load file
\o                              e.g.:
\o                              setenv CUSTOM_SKILL_PATH /path/to/my/skill/LoadMySkills.il
\o  loading default key binding 
\o  -> END LOAD ".cdsinit" FILE
\o Loading monte.cxt 
\o 
\o 
\o 
\o 
\o 
\o *Info*    Run start for Point ID (7 1) on testbench [
\o           BANDGAP:bandgap_noop:1 ].
\o 
\o Resetting statistical vars
\o 
\o *Info*    Setting parameter values ...
\o 
\o Setting var temperature = "27"
\o Setting temp(T) = 27
\o 
\o *Info*    Netlist Directory =
\o           /home/saul/projects/ASKA/Sim/BANDGAP/bandgap_noop/adexl/results/data/Interactive.18/1/BANDGAP:bandgap_noop:1/netlist
\o 
\o 
\o *Info*    Data Directory    =
\o           /home/saul/projects/ASKA/Sim/BANDGAP/bandgap_noop/adexl/results/data/Interactive.18/1/BANDGAP:bandgap_noop:1
\o 
\o 
\o *Info*    Creating Netlist for Point ID (7 1)
\o 
\o generate netlist...
\o Loading hnlInit.cxt 
\o Loading seCore.cxt 
\o function ansCdlCompPrim redefined
\o function ansCdlCompPrim redefined
\# [05:43:46.408065] Periodic Lic check successful
\# [05:43:46.408066] Feature usage summary:
\o Begin Incremental Netlisting Mar 26 05:43:46 2024
\o Loading json.cxt 
\o End netlisting Mar 26 05:43:46 2024
\o 
\o Netlisting Statistics:
\o 	Number of components:   12
\o 
\o 	Elapsed time:          0.0s
\o Errors: 0	Warnings: 0
\o       ...successful.
\o compose simulator input file...
\o       ...successful.
\o 
\o *Info*    Running simulation on testbench [ BANDGAP:bandgap_noop:1 ]
\o           for Point ID (7 1).
\o 
\o Delete psf data in /home/saul/projects/ASKA/Sim/BANDGAP/bandgap_noop/adexl/results/data/Interactive.18/1/BANDGAP:bandgap_noop:1/psf.
\o compose simulator input file...
\o       ...successful.
\o start simulator if needed...
\o       ...successful.
\o simulate...
\o To view the simulator output, right-click on the test name, result 
\o name, or any value in the "Results" tab of the Outputs section and 
\o choose "Output Log" menu option.
\o Loading paraplot.cxt 
\# Memory report: using         601 MB, process size 2,390 MB at UTC 2024.03.26 09:43:48.068
\o INFO (ADE-3071): Simulation completed successfully.
\o reading simulation data...
\o       ...successful.
\o *Info*    Client has finished evaluating ... 
\o 
\o 
\o *Info*    Run complete for Point ID (7 1) on testbench [
\o           BANDGAP:bandgap_noop:1 ].
\o 
\o 
\o 
\o 
\o 
\o 
\o 
\o 
\o 
\o 
\o *Info*    Run start for Point ID (7 9) on testbench [
\o           BANDGAP:bandgap_noop:1 ].
\o 
\o Resetting statistical vars
\o 
\o *Info*    Setting parameter values ...
\o 
\o 
\o *Info*    Netlist Directory =
\o           /home/saul/projects/ASKA/Sim/BANDGAP/bandgap_noop/adexl/results/data/Interactive.18/9/BANDGAP:bandgap_noop:1/netlist
\o 
\o 
\o *Info*    Data Directory    =
\o           /home/saul/projects/ASKA/Sim/BANDGAP/bandgap_noop/adexl/results/data/Interactive.18/9/BANDGAP:bandgap_noop:1
\o 
\o 
\o *Info*    Creating Netlist for Point ID (7 9)
\o 
\o generate netlist...
\o function ansCdlCompPrim redefined
\o function ansCdlCompPrim redefined
\o Begin Incremental Netlisting Mar 26 05:43:48 2024
\o End netlisting Mar 26 05:43:48 2024
\o 
\o 	The netlist is up to date.
\o 	Time taken to compare the design with netlist:   0.0s
\o       ...successful.
\o compose simulator input file...
\o       ...successful.
\o 
\o *Info*    Running simulation on testbench [ BANDGAP:bandgap_noop:1 ]
\o           for Point ID (7 9).
\o 
\o Delete psf data in /home/saul/projects/ASKA/Sim/BANDGAP/bandgap_noop/adexl/results/data/Interactive.18/9/BANDGAP:bandgap_noop:1/psf.
\o compose simulator input file...
\o       ...successful.
\o start simulator if needed...
\o       ...successful.
\o simulate...
\o To view the simulator output, right-click on the test name, result 
\o name, or any value in the "Results" tab of the Outputs section and 
\o choose "Output Log" menu option.
\o INFO (ADE-3071): Simulation completed successfully.
\o reading simulation data...
\o       ...successful.
\o *Info*    Client has finished evaluating ... 
\o 
\o 
\o *Info*    Run complete for Point ID (7 9) on testbench [
\o           BANDGAP:bandgap_noop:1 ].
\o 
\o 
\o 
\o 
\o 
\# Available memory:         16,845 MB at UTC 2024.03.26 09:43:53.363
\# Memory report: Maximum memory size now 17,465 MB at UTC 2024.03.26 09:43:53.363
\# Thread usage report: 12 active threads, active load 1.40 at UTC 2024.03.26 09:43:53.363
\o Simulation design variables differ from those on the cellView,
\o they have been saved in the file "/tmp/saved-design-variables".
\o To save future changes, copy variables to cellView before exiting.
\o 
\o 
\o *Info*    Configuring the session ...
\o 
\o 	Library      = BANDGAP
\o 	Cell         = bandgap_noop
\o 	View         = schematic
\o 	Simulator    = spectre
\o 	State Path   = $AXL_SETUPDB_DIR/test_states
\o 	State Name   = BANDGAP:bandgap_noop:1_none_Interactive.19
\o 	Results DB   = /home/saul/projects/ASKA/BANDGAP/bandgap_noop/adexl/results/data/Interactive.19.rdb
\o 	Results Dir  = /home/saul/projects/ASKA/Sim/BANDGAP/bandgap_noop/adexl/results/data/Interactive.19/1/BANDGAP:bandgap_noop:1
\o 	Results Loc  = /home/saul/projects/ASKA/Sim/BANDGAP/bandgap_noop/adexl/results/data
\o 	Project Dir  = /home/saul/projects/ASKA/Sim
\o 	Setup DB loc = /home/saul/projects/ASKA/BANDGAP/bandgap_noop/adexl
\o 	File Encoding = 0
\o 
\o 
\o 
\o *Info*    The auto suspension is disabled.
\o 
\o 
\o 
\o 
\o 
\o 
\o *Info*    Run start for Point ID (8 1) on testbench [
\o           BANDGAP:bandgap_noop:1 ].
\o 
\o Resetting statistical vars
\o 
\o *Info*    Setting parameter values ...
\o 
\o Setting var temperature = "27"
\o Setting temp(T) = 27
\o 
\o *Info*    Netlist Directory =
\o           /home/saul/projects/ASKA/Sim/BANDGAP/bandgap_noop/adexl/results/data/Interactive.19/1/BANDGAP:bandgap_noop:1/netlist
\o 
\o 
\o *Info*    Data Directory    =
\o           /home/saul/projects/ASKA/Sim/BANDGAP/bandgap_noop/adexl/results/data/Interactive.19/1/BANDGAP:bandgap_noop:1
\o 
\o 
\o *Info*    Creating Netlist for Point ID (8 1)
\o 
\o generate netlist...
\o function ansCdlCompPrim redefined
\o function ansCdlCompPrim redefined
\o Begin Incremental Netlisting Mar 26 05:46:30 2024
\o End netlisting Mar 26 05:46:30 2024
\o 
\o Netlisting Statistics:
\o 	Number of components:   13
\o 
\o 	Elapsed time:          0.0s
\o Errors: 0	Warnings: 0
\o       ...successful.
\o compose simulator input file...
\o       ...successful.
\o 
\o *Info*    Running simulation on testbench [ BANDGAP:bandgap_noop:1 ]
\o           for Point ID (8 1).
\o 
\o Delete psf data in /home/saul/projects/ASKA/Sim/BANDGAP/bandgap_noop/adexl/results/data/Interactive.19/1/BANDGAP:bandgap_noop:1/psf.
\o compose simulator input file...
\o       ...successful.
\o start simulator if needed...
\o       ...successful.
\o simulate...
\o To view the simulator output, right-click on the test name, result 
\o name, or any value in the "Results" tab of the Outputs section and 
\o choose "Output Log" menu option.
\o INFO (ADE-3071): Simulation completed successfully.
\o reading simulation data...
\o       ...successful.
\o *Info*    Client has finished evaluating ... 
\o 
\o 
\o *Info*    Run complete for Point ID (8 1) on testbench [
\o           BANDGAP:bandgap_noop:1 ].
\o 
\o 
\o 
\o 
\o 
\o 
\o 
\o 
\o 
\o 
\o *Info*    Run start for Point ID (8 9) on testbench [
\o           BANDGAP:bandgap_noop:1 ].
\o 
\o Resetting statistical vars
\o 
\o *Info*    Setting parameter values ...
\o 
\o 
\o *Info*    Netlist Directory =
\o           /home/saul/projects/ASKA/Sim/BANDGAP/bandgap_noop/adexl/results/data/Interactive.19/9/BANDGAP:bandgap_noop:1/netlist
\o 
\o 
\o *Info*    Data Directory    =
\o           /home/saul/projects/ASKA/Sim/BANDGAP/bandgap_noop/adexl/results/data/Interactive.19/9/BANDGAP:bandgap_noop:1
\o 
\o 
\o *Info*    Creating Netlist for Point ID (8 9)
\o 
\o generate netlist...
\o function ansCdlCompPrim redefined
\o function ansCdlCompPrim redefined
\o Begin Incremental Netlisting Mar 26 05:46:31 2024
\o End netlisting Mar 26 05:46:31 2024
\o 
\o 	The netlist is up to date.
\o 	Time taken to compare the design with netlist:   0.0s
\o       ...successful.
\o compose simulator input file...
\o       ...successful.
\o 
\o *Info*    Running simulation on testbench [ BANDGAP:bandgap_noop:1 ]
\o           for Point ID (8 9).
\o 
\o Delete psf data in /home/saul/projects/ASKA/Sim/BANDGAP/bandgap_noop/adexl/results/data/Interactive.19/9/BANDGAP:bandgap_noop:1/psf.
\o compose simulator input file...
\o       ...successful.
\o start simulator if needed...
\o       ...successful.
\o simulate...
\o To view the simulator output, right-click on the test name, result 
\o name, or any value in the "Results" tab of the Outputs section and 
\o choose "Output Log" menu option.
\o INFO (ADE-3071): Simulation completed successfully.
\o reading simulation data...
\o       ...successful.
\o *Info*    Client has finished evaluating ... 
\o 
\o 
\o *Info*    Run complete for Point ID (8 9) on testbench [
\o           BANDGAP:bandgap_noop:1 ].
\o 
\o 
\o 
\o 
\o 
\o Simulation design variables differ from those on the cellView,
\o they have been saved in the file "/tmp/saved-design-variables".
\o To save future changes, copy variables to cellView before exiting.
\o 
\o 
\o *Info*    Configuring the session ...
\o 
\o 	Library      = BANDGAP
\o 	Cell         = bandgap_noop
\o 	View         = schematic
\o 	Simulator    = spectre
\o 	State Path   = $AXL_SETUPDB_DIR/test_states
\o 	State Name   = BANDGAP:bandgap_noop:1_none_Interactive.20
\o 	Results DB   = /home/saul/projects/ASKA/BANDGAP/bandgap_noop/adexl/results/data/Interactive.20.rdb
\o 	Results Dir  = /home/saul/projects/ASKA/Sim/BANDGAP/bandgap_noop/adexl/results/data/Interactive.20/1/BANDGAP:bandgap_noop:1
\o 	Results Loc  = /home/saul/projects/ASKA/Sim/BANDGAP/bandgap_noop/adexl/results/data
\o 	Project Dir  = /home/saul/projects/ASKA/Sim
\o 	Setup DB loc = /home/saul/projects/ASKA/BANDGAP/bandgap_noop/adexl
\o 	File Encoding = 0
\o 
\o 
\o 
\o *Info*    The auto suspension is disabled.
\o 
\o 
\o 
\o 
\o 
\o 
\o *Info*    Run start for Point ID (9 2) on testbench [
\o           BANDGAP:bandgap_noop:1 ].
\o 
\o Resetting statistical vars
\o 
\o *Info*    Setting parameter values ...
\o 
\o Setting var temperature = "27"
\o Setting temp(T) = 27
\o 
\o *Info*    Netlist Directory =
\o           /home/saul/projects/ASKA/Sim/BANDGAP/bandgap_noop/adexl/results/data/Interactive.20/2/BANDGAP:bandgap_noop:1/netlist
\o 
\o 
\o *Info*    Data Directory    =
\o           /home/saul/projects/ASKA/Sim/BANDGAP/bandgap_noop/adexl/results/data/Interactive.20/2/BANDGAP:bandgap_noop:1
\o 
\o 
\o *Info*    Creating Netlist for Point ID (9 2)
\o 
\o generate netlist...
\o function ansCdlCompPrim redefined
\o function ansCdlCompPrim redefined
\o Begin Incremental Netlisting Mar 26 05:46:42 2024
\o End netlisting Mar 26 05:46:42 2024
\o 
\o 	The netlist is up to date.
\o 	Time taken to compare the design with netlist:   0.0s
\o       ...successful.
\o compose simulator input file...
\o       ...successful.
\o 
\o *Info*    Running simulation on testbench [ BANDGAP:bandgap_noop:1 ]
\o           for Point ID (9 2).
\o 
\o Delete psf data in /home/saul/projects/ASKA/Sim/BANDGAP/bandgap_noop/adexl/results/data/Interactive.20/2/BANDGAP:bandgap_noop:1/psf.
\o compose simulator input file...
\o       ...successful.
\o start simulator if needed...
\o       ...successful.
\o simulate...
\o To view the simulator output, right-click on the test name, result 
\o name, or any value in the "Results" tab of the Outputs section and 
\o choose "Output Log" menu option.
\o INFO (ADE-3071): Simulation completed successfully.
\o reading simulation data...
\o       ...successful.
\o *Info*    Client has finished evaluating ... 
\o 
\o 
\o *Info*    Run complete for Point ID (9 2) on testbench [
\o           BANDGAP:bandgap_noop:1 ].
\o 
\o 
\o 
\o 
\o 
\o 
\o 
\o 
\o 
\o 
\o *Info*    Run start for Point ID (9 9) on testbench [
\o           BANDGAP:bandgap_noop:1 ].
\o 
\o Resetting statistical vars
\o 
\o *Info*    Setting parameter values ...
\o 
\o 
\o *Info*    Netlist Directory =
\o           /home/saul/projects/ASKA/Sim/BANDGAP/bandgap_noop/adexl/results/data/Interactive.20/9/BANDGAP:bandgap_noop:1/netlist
\o 
\o 
\o *Info*    Data Directory    =
\o           /home/saul/projects/ASKA/Sim/BANDGAP/bandgap_noop/adexl/results/data/Interactive.20/9/BANDGAP:bandgap_noop:1
\o 
\o 
\o *Info*    Creating Netlist for Point ID (9 9)
\o 
\o generate netlist...
\o function ansCdlCompPrim redefined
\o function ansCdlCompPrim redefined
\o Begin Incremental Netlisting Mar 26 05:46:44 2024
\o End netlisting Mar 26 05:46:44 2024
\o 
\o 	The netlist is up to date.
\o 	Time taken to compare the design with netlist:   0.0s
\o       ...successful.
\o compose simulator input file...
\o       ...successful.
\o 
\o *Info*    Running simulation on testbench [ BANDGAP:bandgap_noop:1 ]
\o           for Point ID (9 9).
\o 
\o Delete psf data in /home/saul/projects/ASKA/Sim/BANDGAP/bandgap_noop/adexl/results/data/Interactive.20/9/BANDGAP:bandgap_noop:1/psf.
\o compose simulator input file...
\o       ...successful.
\o start simulator if needed...
\o       ...successful.
\o simulate...
\o To view the simulator output, right-click on the test name, result 
\o name, or any value in the "Results" tab of the Outputs section and 
\o choose "Output Log" menu option.
\o INFO (ADE-3071): Simulation completed successfully.
\o reading simulation data...
\o       ...successful.
\o *Info*    Client has finished evaluating ... 
\o 
\o 
\o *Info*    Run complete for Point ID (9 9) on testbench [
\o           BANDGAP:bandgap_noop:1 ].
\o 
\o 
\o 
\o 
\o 
\o Simulation design variables differ from those on the cellView,
\o they have been saved in the file "/tmp/saved-design-variables".
\o To save future changes, copy variables to cellView before exiting.
\o 
\o 
\o *Info*    Configuring the session ...
\o 
\o 	Library      = BANDGAP
\o 	Cell         = bandgap_noop
\o 	View         = schematic
\o 	Simulator    = spectre
\o 	State Path   = $AXL_SETUPDB_DIR/test_states
\o 	State Name   = BANDGAP:bandgap_noop:1_none_Interactive.21
\o 	Results DB   = /home/saul/projects/ASKA/BANDGAP/bandgap_noop/adexl/results/data/Interactive.21.rdb
\o 	Results Dir  = /home/saul/projects/ASKA/Sim/BANDGAP/bandgap_noop/adexl/results/data/Interactive.21/1/BANDGAP:bandgap_noop:1
\o 	Results Loc  = /home/saul/projects/ASKA/Sim/BANDGAP/bandgap_noop/adexl/results/data
\o 	Project Dir  = /home/saul/projects/ASKA/Sim
\o 	Setup DB loc = /home/saul/projects/ASKA/BANDGAP/bandgap_noop/adexl
\o 	File Encoding = 0
\o 
\o 
\o 
\o *Info*    The auto suspension is disabled.
\o 
\o 
\o 
\o 
\o 
\o 
\o *Info*    Run start for Point ID (10 1) on testbench [
\o           BANDGAP:bandgap_noop:1 ].
\o 
\o Resetting statistical vars
\o 
\o *Info*    Setting parameter values ...
\o 
\o Setting var temperature = "27"
\o Setting temp(T) = 27
\o 
\o *Info*    Netlist Directory =
\o           /home/saul/projects/ASKA/Sim/BANDGAP/bandgap_noop/adexl/results/data/Interactive.21/1/BANDGAP:bandgap_noop:1/netlist
\o 
\o 
\o *Info*    Data Directory    =
\o           /home/saul/projects/ASKA/Sim/BANDGAP/bandgap_noop/adexl/results/data/Interactive.21/1/BANDGAP:bandgap_noop:1
\o 
\o 
\o *Info*    Creating Netlist for Point ID (10 1)
\o 
\o generate netlist...
\o function ansCdlCompPrim redefined
\o function ansCdlCompPrim redefined
\o Begin Incremental Netlisting Mar 26 05:47:31 2024
\o End netlisting Mar 26 05:47:31 2024
\o 
\o Netlisting Statistics:
\o 	Number of components:   13
\o 
\o 	Elapsed time:          0.0s
\o Errors: 0	Warnings: 0
\o       ...successful.
\o compose simulator input file...
\o       ...successful.
\o 
\o *Info*    Running simulation on testbench [ BANDGAP:bandgap_noop:1 ]
\o           for Point ID (10 1).
\o 
\o Delete psf data in /home/saul/projects/ASKA/Sim/BANDGAP/bandgap_noop/adexl/results/data/Interactive.21/1/BANDGAP:bandgap_noop:1/psf.
\o compose simulator input file...
\o       ...successful.
\o start simulator if needed...
\o       ...successful.
\o simulate...
\o To view the simulator output, right-click on the test name, result 
\o name, or any value in the "Results" tab of the Outputs section and 
\o choose "Output Log" menu option.
\o INFO (ADE-3071): Simulation completed successfully.
\o reading simulation data...
\o       ...successful.
\o *Info*    Client has finished evaluating ... 
\o 
\o 
\o *Info*    Run complete for Point ID (10 1) on testbench [
\o           BANDGAP:bandgap_noop:1 ].
\o 
\o 
\o 
\o 
\o 
\o Simulation design variables differ from those on the cellView,
\o they have been saved in the file "/tmp/saved-design-variables".
\o To save future changes, copy variables to cellView before exiting.
\o 
\o 
\o *Info*    Configuring the session ...
\o 
\o 	Library      = BANDGAP
\o 	Cell         = bandgap_noop
\o 	View         = schematic
\o 	Simulator    = spectre
\o 	State Path   = $AXL_SETUPDB_DIR/test_states
\o 	State Name   = BANDGAP:bandgap_noop:1_none_Interactive.22
\o 	Results DB   = /home/saul/projects/ASKA/BANDGAP/bandgap_noop/adexl/results/data/Interactive.22.rdb
\o 	Results Dir  = /home/saul/projects/ASKA/Sim/BANDGAP/bandgap_noop/adexl/results/data/Interactive.22/1/BANDGAP:bandgap_noop:1
\o 	Results Loc  = /home/saul/projects/ASKA/Sim/BANDGAP/bandgap_noop/adexl/results/data
\o 	Project Dir  = /home/saul/projects/ASKA/Sim
\o 	Setup DB loc = /home/saul/projects/ASKA/BANDGAP/bandgap_noop/adexl
\o 	File Encoding = 0
\o 
\o 
\o 
\o *Info*    The auto suspension is disabled.
\o 
\o 
\o 
\o 
\o 
\o 
\o *Info*    Run start for Point ID (11 4) on testbench [
\o           BANDGAP:bandgap_noop:1 ].
\o 
\o Resetting statistical vars
\o 
\o *Info*    Setting parameter values ...
\o 
\o Setting var temperature = "27"
\o Setting temp(T) = 27
\o 
\o *Info*    Netlist Directory =
\o           /home/saul/projects/ASKA/Sim/BANDGAP/bandgap_noop/adexl/results/data/Interactive.22/4/BANDGAP:bandgap_noop:1/netlist
\o 
\o 
\o *Info*    Data Directory    =
\o           /home/saul/projects/ASKA/Sim/BANDGAP/bandgap_noop/adexl/results/data/Interactive.22/4/BANDGAP:bandgap_noop:1
\o 
\o 
\o *Info*    Creating Netlist for Point ID (11 4)
\o 
\o generate netlist...
\o function ansCdlCompPrim redefined
\o function ansCdlCompPrim redefined
\o Begin Incremental Netlisting Mar 26 05:48:02 2024
\o End netlisting Mar 26 05:48:02 2024
\o 
\o Netlisting Statistics:
\o 	Number of components:   13
\o 
\o 	Elapsed time:          0.0s
\o Errors: 0	Warnings: 0
\o       ...successful.
\o compose simulator input file...
\o       ...successful.
\o 
\o *Info*    Running simulation on testbench [ BANDGAP:bandgap_noop:1 ]
\o           for Point ID (11 4).
\o 
\o Delete psf data in /home/saul/projects/ASKA/Sim/BANDGAP/bandgap_noop/adexl/results/data/Interactive.22/4/BANDGAP:bandgap_noop:1/psf.
\o compose simulator input file...
\o       ...successful.
\o start simulator if needed...
\o       ...successful.
\o simulate...
\o To view the simulator output, right-click on the test name, result 
\o name, or any value in the "Results" tab of the Outputs section and 
\o choose "Output Log" menu option.
\# Memory report: Maximum memory size now 16,879 MB at UTC 2024.03.26 09:48:03.364
\o INFO (ADE-3071): Simulation completed successfully.
\o reading simulation data...
\o       ...successful.
\o *Info*    Client has finished evaluating ... 
\o 
\o 
\o *Info*    Run complete for Point ID (11 4) on testbench [
\o           BANDGAP:bandgap_noop:1 ].
\o 
\o 
\o 
\o 
\o 
\# Memory report: Maximum memory size now 17,273 MB at UTC 2024.03.26 09:48:13.363
\o Simulation design variables differ from those on the cellView,
\o they have been saved in the file "/tmp/saved-design-variables".
\o To save future changes, copy variables to cellView before exiting.
\o 
\o 
\o *Info*    Configuring the session ...
\o 
\o 	Library      = BANDGAP
\o 	Cell         = bandgap_noop
\o 	View         = schematic
\o 	Simulator    = spectre
\o 	State Path   = $AXL_SETUPDB_DIR/test_states
\o 	State Name   = BANDGAP:bandgap_noop:1_none_Interactive.23
\o 	Results DB   = /home/saul/projects/ASKA/BANDGAP/bandgap_noop/adexl/results/data/Interactive.23.rdb
\o 	Results Dir  = /home/saul/projects/ASKA/Sim/BANDGAP/bandgap_noop/adexl/results/data/Interactive.23/1/BANDGAP:bandgap_noop:1
\o 	Results Loc  = /home/saul/projects/ASKA/Sim/BANDGAP/bandgap_noop/adexl/results/data
\o 	Project Dir  = /home/saul/projects/ASKA/Sim
\o 	Setup DB loc = /home/saul/projects/ASKA/BANDGAP/bandgap_noop/adexl
\o 	File Encoding = 0
\o 
\o 
\o 
\o *Info*    The auto suspension is disabled.
\o 
\o 
\o 
\o 
\o 
\o 
\o *Info*    Run start for Point ID (12 2) on testbench [
\o           BANDGAP:bandgap_noop:1 ].
\o 
\o Resetting statistical vars
\o 
\o *Info*    Setting parameter values ...
\o 
\o Setting var temperature = "27"
\o Setting temp(T) = 27
\o 
\o *Info*    Netlist Directory =
\o           /home/saul/projects/ASKA/Sim/BANDGAP/bandgap_noop/adexl/results/data/Interactive.23/2/BANDGAP:bandgap_noop:1/netlist
\o 
\o 
\o *Info*    Data Directory    =
\o           /home/saul/projects/ASKA/Sim/BANDGAP/bandgap_noop/adexl/results/data/Interactive.23/2/BANDGAP:bandgap_noop:1
\o 
\o 
\o *Info*    Creating Netlist for Point ID (12 2)
\o 
\o generate netlist...
\o function ansCdlCompPrim redefined
\o function ansCdlCompPrim redefined
\o Begin Incremental Netlisting Mar 26 05:48:32 2024
\o End netlisting Mar 26 05:48:32 2024
\o 
\o Netlisting Statistics:
\o 	Number of components:   13
\o 
\o 	Elapsed time:          0.0s
\o Errors: 0	Warnings: 0
\o       ...successful.
\o compose simulator input file...
\o       ...successful.
\o 
\o *Info*    Running simulation on testbench [ BANDGAP:bandgap_noop:1 ]
\o           for Point ID (12 2).
\o 
\o Delete psf data in /home/saul/projects/ASKA/Sim/BANDGAP/bandgap_noop/adexl/results/data/Interactive.23/2/BANDGAP:bandgap_noop:1/psf.
\o compose simulator input file...
\o       ...successful.
\o start simulator if needed...
\o       ...successful.
\o simulate...
\o To view the simulator output, right-click on the test name, result 
\o name, or any value in the "Results" tab of the Outputs section and 
\o choose "Output Log" menu option.
\o INFO (ADE-3071): Simulation completed successfully.
\o reading simulation data...
\o       ...successful.
\o *Info*    Client has finished evaluating ... 
\o 
\o 
\o *Info*    Run complete for Point ID (12 2) on testbench [
\o           BANDGAP:bandgap_noop:1 ].
\o 
\o 
\o 
\o 
\o 
\o 
\o 
\o 
\o 
\o 
\o *Info*    Run start for Point ID (12 7) on testbench [
\o           BANDGAP:bandgap_noop:1 ].
\o 
\o Resetting statistical vars
\o 
\o *Info*    Setting parameter values ...
\o 
\o 
\o *Info*    Netlist Directory =
\o           /home/saul/projects/ASKA/Sim/BANDGAP/bandgap_noop/adexl/results/data/Interactive.23/7/BANDGAP:bandgap_noop:1/netlist
\o 
\o 
\o *Info*    Data Directory    =
\o           /home/saul/projects/ASKA/Sim/BANDGAP/bandgap_noop/adexl/results/data/Interactive.23/7/BANDGAP:bandgap_noop:1
\o 
\o 
\o *Info*    Creating Netlist for Point ID (12 7)
\o 
\o generate netlist...
\o function ansCdlCompPrim redefined
\o function ansCdlCompPrim redefined
\o Begin Incremental Netlisting Mar 26 05:48:33 2024
\o End netlisting Mar 26 05:48:33 2024
\o 
\o 	The netlist is up to date.
\o 	Time taken to compare the design with netlist:   0.0s
\o       ...successful.
\o compose simulator input file...
\o       ...successful.
\o 
\o *Info*    Running simulation on testbench [ BANDGAP:bandgap_noop:1 ]
\o           for Point ID (12 7).
\o 
\o Delete psf data in /home/saul/projects/ASKA/Sim/BANDGAP/bandgap_noop/adexl/results/data/Interactive.23/7/BANDGAP:bandgap_noop:1/psf.
\o compose simulator input file...
\o       ...successful.
\o start simulator if needed...
\o       ...successful.
\o simulate...
\o To view the simulator output, right-click on the test name, result 
\o name, or any value in the "Results" tab of the Outputs section and 
\o choose "Output Log" menu option.
\o INFO (ADE-3071): Simulation completed successfully.
\o reading simulation data...
\o       ...successful.
\o *Info*    Client has finished evaluating ... 
\o 
\o 
\o *Info*    Run complete for Point ID (12 7) on testbench [
\o           BANDGAP:bandgap_noop:1 ].
\o 
\o 
\o 
\o 
\o 
\o Simulation design variables differ from those on the cellView,
\o they have been saved in the file "/tmp/saved-design-variables".
\o To save future changes, copy variables to cellView before exiting.
\o 
\o 
\o *Info*    Configuring the session ...
\o 
\o 	Library      = BANDGAP
\o 	Cell         = bandgap_noop
\o 	View         = schematic
\o 	Simulator    = spectre
\o 	State Path   = $AXL_SETUPDB_DIR/test_states
\o 	State Name   = BANDGAP:bandgap_noop:1_none_Interactive.24
\o 	Results DB   = /home/saul/projects/ASKA/BANDGAP/bandgap_noop/adexl/results/data/Interactive.24.rdb
\o 	Results Dir  = /home/saul/projects/ASKA/Sim/BANDGAP/bandgap_noop/adexl/results/data/Interactive.24/1/BANDGAP:bandgap_noop:1
\o 	Results Loc  = /home/saul/projects/ASKA/Sim/BANDGAP/bandgap_noop/adexl/results/data
\o 	Project Dir  = /home/saul/projects/ASKA/Sim
\o 	Setup DB loc = /home/saul/projects/ASKA/BANDGAP/bandgap_noop/adexl
\o 	File Encoding = 0
\o 
\o 
\o 
\o *Info*    The auto suspension is disabled.
\o 
\o 
\o 
\o 
\o 
\o 
\o *Info*    Run start for Point ID (13 2) on testbench [
\o           BANDGAP:bandgap_noop:1 ].
\o 
\o Resetting statistical vars
\o 
\o *Info*    Setting parameter values ...
\o 
\o Setting var temperature = "27"
\o Setting temp(T) = 27
\o 
\o *Info*    Netlist Directory =
\o           /home/saul/projects/ASKA/Sim/BANDGAP/bandgap_noop/adexl/results/data/Interactive.24/2/BANDGAP:bandgap_noop:1/netlist
\o 
\o 
\o *Info*    Data Directory    =
\o           /home/saul/projects/ASKA/Sim/BANDGAP/bandgap_noop/adexl/results/data/Interactive.24/2/BANDGAP:bandgap_noop:1
\o 
\o 
\o *Info*    Creating Netlist for Point ID (13 2)
\o 
\o generate netlist...
\o function ansCdlCompPrim redefined
\o function ansCdlCompPrim redefined
\o Begin Incremental Netlisting Mar 26 05:49:12 2024
\o End netlisting Mar 26 05:49:12 2024
\o 
\o Netlisting Statistics:
\o 	Number of components:   13
\o 
\o 	Elapsed time:          0.0s
\o Errors: 0	Warnings: 0
\o       ...successful.
\o compose simulator input file...
\o       ...successful.
\o 
\o *Info*    Running simulation on testbench [ BANDGAP:bandgap_noop:1 ]
\o           for Point ID (13 2).
\o 
\o Delete psf data in /home/saul/projects/ASKA/Sim/BANDGAP/bandgap_noop/adexl/results/data/Interactive.24/2/BANDGAP:bandgap_noop:1/psf.
\o compose simulator input file...
\o       ...successful.
\o start simulator if needed...
\o       ...successful.
\o simulate...
\o To view the simulator output, right-click on the test name, result 
\o name, or any value in the "Results" tab of the Outputs section and 
\o choose "Output Log" menu option.
\# Memory report: Maximum memory size now 16,868 MB at UTC 2024.03.26 09:49:13.146
\o INFO (ADE-3071): Simulation completed successfully.
\o reading simulation data...
\o       ...successful.
\o *Info*    Client has finished evaluating ... 
\o 
\o 
\o *Info*    Run complete for Point ID (13 2) on testbench [
\o           BANDGAP:bandgap_noop:1 ].
\o 
\o 
\o 
\o 
\o 
\o 
\o 
\o 
\o 
\o 
\o *Info*    Run start for Point ID (13 7) on testbench [
\o           BANDGAP:bandgap_noop:1 ].
\o 
\o Resetting statistical vars
\o 
\o *Info*    Setting parameter values ...
\o 
\o 
\o *Info*    Netlist Directory =
\o           /home/saul/projects/ASKA/Sim/BANDGAP/bandgap_noop/adexl/results/data/Interactive.24/7/BANDGAP:bandgap_noop:1/netlist
\o 
\o 
\o *Info*    Data Directory    =
\o           /home/saul/projects/ASKA/Sim/BANDGAP/bandgap_noop/adexl/results/data/Interactive.24/7/BANDGAP:bandgap_noop:1
\o 
\o 
\o *Info*    Creating Netlist for Point ID (13 7)
\o 
\o generate netlist...
\o function ansCdlCompPrim redefined
\o function ansCdlCompPrim redefined
\o Begin Incremental Netlisting Mar 26 05:49:13 2024
\o End netlisting Mar 26 05:49:13 2024
\o 
\o 	The netlist is up to date.
\o 	Time taken to compare the design with netlist:   0.0s
\o       ...successful.
\o compose simulator input file...
\o       ...successful.
\o 
\o *Info*    Running simulation on testbench [ BANDGAP:bandgap_noop:1 ]
\o           for Point ID (13 7).
\o 
\o Delete psf data in /home/saul/projects/ASKA/Sim/BANDGAP/bandgap_noop/adexl/results/data/Interactive.24/7/BANDGAP:bandgap_noop:1/psf.
\o compose simulator input file...
\o       ...successful.
\o start simulator if needed...
\o       ...successful.
\o simulate...
\o To view the simulator output, right-click on the test name, result 
\o name, or any value in the "Results" tab of the Outputs section and 
\o choose "Output Log" menu option.
\o INFO (ADE-3071): Simulation completed successfully.
\o reading simulation data...
\o       ...successful.
\o *Info*    Client has finished evaluating ... 
\o 
\o 
\o *Info*    Run complete for Point ID (13 7) on testbench [
\o           BANDGAP:bandgap_noop:1 ].
\o 
\o 
\o 
\o 
\o 
\o Simulation design variables differ from those on the cellView,
\o they have been saved in the file "/tmp/saved-design-variables".
\o To save future changes, copy variables to cellView before exiting.
\o 
\o 
\o *Info*    Configuring the session ...
\o 
\o 	Library      = BANDGAP
\o 	Cell         = bandgap_noop
\o 	View         = schematic
\o 	Simulator    = spectre
\o 	State Path   = $AXL_SETUPDB_DIR/test_states
\o 	State Name   = BANDGAP:bandgap_noop:1_none_Interactive.25
\o 	Results DB   = /home/saul/projects/ASKA/BANDGAP/bandgap_noop/adexl/results/data/Interactive.25.rdb
\o 	Results Dir  = /home/saul/projects/ASKA/Sim/BANDGAP/bandgap_noop/adexl/results/data/Interactive.25/1/BANDGAP:bandgap_noop:1
\o 	Results Loc  = /home/saul/projects/ASKA/Sim/BANDGAP/bandgap_noop/adexl/results/data
\o 	Project Dir  = /home/saul/projects/ASKA/Sim
\o 	Setup DB loc = /home/saul/projects/ASKA/BANDGAP/bandgap_noop/adexl
\o 	File Encoding = 0
\o 
\o 
\o 
\o *Info*    The auto suspension is disabled.
\o 
\o 
\o 
\o 
\o 
\o 
\o *Info*    Run start for Point ID (14 1) on testbench [
\o           BANDGAP:bandgap_noop:1 ].
\o 
\o Resetting statistical vars
\o 
\o *Info*    Setting parameter values ...
\o 
\o Setting var temperature = "27"
\o Setting temp(T) = 27
\o 
\o *Info*    Netlist Directory =
\o           /home/saul/projects/ASKA/Sim/BANDGAP/bandgap_noop/adexl/results/data/Interactive.25/1/BANDGAP:bandgap_noop:1/netlist
\o 
\o 
\o *Info*    Data Directory    =
\o           /home/saul/projects/ASKA/Sim/BANDGAP/bandgap_noop/adexl/results/data/Interactive.25/1/BANDGAP:bandgap_noop:1
\o 
\o 
\o *Info*    Creating Netlist for Point ID (14 1)
\o 
\o generate netlist...
\o function ansCdlCompPrim redefined
\o function ansCdlCompPrim redefined
\o Begin Incremental Netlisting Mar 26 05:49:47 2024
\o End netlisting Mar 26 05:49:47 2024
\o 
\o 	The netlist is up to date.
\o 	Time taken to compare the design with netlist:   0.0s
\o       ...successful.
\o compose simulator input file...
\o       ...successful.
\o 
\o *Info*    Running simulation on testbench [ BANDGAP:bandgap_noop:1 ]
\o           for Point ID (14 1).
\o 
\o Delete psf data in /home/saul/projects/ASKA/Sim/BANDGAP/bandgap_noop/adexl/results/data/Interactive.25/1/BANDGAP:bandgap_noop:1/psf.
\o compose simulator input file...
\o       ...successful.
\o start simulator if needed...
\o       ...successful.
\o simulate...
\o To view the simulator output, right-click on the test name, result 
\o name, or any value in the "Results" tab of the Outputs section and 
\o choose "Output Log" menu option.
\o INFO (ADE-3071): Simulation completed successfully.
\o reading simulation data...
\o       ...successful.
\o *Info*    Client has finished evaluating ... 
\o 
\o 
\o *Info*    Run complete for Point ID (14 1) on testbench [
\o           BANDGAP:bandgap_noop:1 ].
\o 
\o 
\o 
\o 
\o 
\# Memory report: Maximum memory size now 17,580 MB at UTC 2024.03.26 09:54:23.363
\o Simulation design variables differ from those on the cellView,
\o they have been saved in the file "/tmp/saved-design-variables".
\o To save future changes, copy variables to cellView before exiting.
\# Memory report: Maximum memory size now 18,476 MB at UTC 2024.03.26 09:54:53.374
\# Lic Summary:
\# [05:54:53.374371] Cdslmd servers:3000@lic08.ug.kth.se
\# [05:54:53.374378] Feature usage summary:
\# Memory report: on exit            678 MB, process size 2,467 MB at UTC 2024.03.26 09:54:53.374
\# Memory report: peak usage         678 MB, process size 2,467 MB
