*Info*    Exporting services from client ... 

*Info*    Client has finished starting ... 



*Info*    Configuring the session ...

	Library      = REF_BIAS
	Cell         = ref_bias_tb
	View         = config
	Simulator    = spectre
	State Path   = $AXL_SETUPDB_DIR/test_states
	State Name   = Corner_sim_none_Interactive.130
	Results DB   = /home/saul/projects/ASKA/REF_BIAS/ref_bias_tb/adexl/results/data/Interactive.130.rdb
	Results Dir  = /home/saul/projects/ASKA/Sim/REF_BIAS/ref_bias_tb/adexl/results/data/Interactive.130/1/Corner_sim
	Results Loc  = /home/saul/projects/ASKA/Sim/REF_BIAS/ref_bias_tb/adexl/results/data
	Project Dir  = /home/saul/projects/ASKA/Sim
	Setup DB loc = /home/saul/projects/ASKA/REF_BIAS/ref_bias_tb/adexl
	File Encoding = 0



*Info*    The auto suspension is disabled.






*Info*    Run start for Point ID (1 1) on testbench [ Corner_sim ].

Resetting statistical vars

*Info*    Setting parameter values ...

Setting var VDD3 = "0"
Setting var VDD3_PULSE = "3.3"
Setting var VREF = "1.21"
Setting var VREF_PULSE = "0"
Setting var temperature = "27"
Setting temp(T) = 27

*Info*    Netlist Directory =
          /home/saul/projects/ASKA/Sim/REF_BIAS/ref_bias_tb/adexl/results/data/Interactive.130/1/Corner_sim/netlist


*Info*    Data Directory    =
          /home/saul/projects/ASKA/Sim/REF_BIAS/ref_bias_tb/adexl/results/data/Interactive.130/1/Corner_sim


*Info*    Creating Netlist for Point ID (1 1)

generate netlist...
function ansCdlCompPrim redefined
function ansCdlCompPrim redefined
Begin Incremental Netlisting Jun 24 11:09:26 2024
WARNING (OSSHNL-335): Design configuration has changed since last netlisting session in this run
directory. Netlist(s) from last session cannot be reused for incremental
netlisting. Therefore, re-netlisting the design.

End netlisting Jun 24 11:09:27 2024

Netlisting Statistics:
	Number of components: 10777

	Elapsed time:          1.0s (10777.00/s)
Errors: 0	Warnings: 0
      ...successful.
compose simulator input file...
      ...successful.

*Info*    Running simulation on testbench [ Corner_sim ] for Point ID
          (1 1).

Delete psf data in /home/saul/projects/ASKA/Sim/REF_BIAS/ref_bias_tb/adexl/results/data/Interactive.130/1/Corner_sim/psf.
compose simulator input file...
      ...successful.
start simulator if needed...
      ...successful.
simulate...
To view the simulator output, right-click on the test name, result 
name, or any value in the "Results" tab of the Outputs section and 
choose "Output Log" menu option.
INFO (ADE-3071): Simulation completed successfully.
reading simulation data...
      ...successful.
*Info*    Client has finished evaluating ... 

WARNING (OCN-6038): Results xf are not available for /home/saul/projects/ASKA/Sim/REF_BIAS/ref_bias_tb/adexl/results/data/Interactive.130/1/Corner_sim. Use results() for a list of available results.
WARNING (OCN-6038): Results xf are not available for /home/saul/projects/ASKA/Sim/REF_BIAS/ref_bias_tb/adexl/results/data/Interactive.130/1/Corner_sim. Use results() for a list of available results.
ERROR (ADEXL-2709): Evaluation of output 'V/V /V1; xf dB20(V/V)' returned 'nil' for point:'1' test:'Corner_sim'
	Expression:'db(getData("/V1" ?result "xf"))'.
Ensure that the definition of output is correct.

WARNING (OCN-6038): Results pz are not available for /home/saul/projects/ASKA/Sim/REF_BIAS/ref_bias_tb/adexl/results/data/Interactive.130/1/Corner_sim. Use results() for a list of available results.
WARNING (OCN-6038): Results pz are not available for /home/saul/projects/ASKA/Sim/REF_BIAS/ref_bias_tb/adexl/results/data/Interactive.130/1/Corner_sim. Use results() for a list of available results.
ERROR (ADEXL-2709): Evaluation of output 'Zeros' returned 'nil' for point:'1' test:'Corner_sim'
	Expression:'pzFrequencyAndRealFilter(getData("zeros" ?result "pz"))'.
Ensure that the definition of output is correct.

WARNING (OCN-6038): Results pz are not available for /home/saul/projects/ASKA/Sim/REF_BIAS/ref_bias_tb/adexl/results/data/Interactive.130/1/Corner_sim. Use results() for a list of available results.
WARNING (OCN-6038): Results pz are not available for /home/saul/projects/ASKA/Sim/REF_BIAS/ref_bias_tb/adexl/results/data/Interactive.130/1/Corner_sim. Use results() for a list of available results.
ERROR (ADEXL-2709): Evaluation of output 'Poles' returned 'nil' for point:'1' test:'Corner_sim'
	Expression:'pzFrequencyAndRealFilter(getData("poles" ?result "pz"))'.
Ensure that the definition of output is correct.

WARNING (OCN-6038): Results xf are not available for /home/saul/projects/ASKA/Sim/REF_BIAS/ref_bias_tb/adexl/results/data/Interactive.130/1/Corner_sim. Use results() for a list of available results.
WARNING (OCN-6038): Results xf are not available for /home/saul/projects/ASKA/Sim/REF_BIAS/ref_bias_tb/adexl/results/data/Interactive.130/1/Corner_sim. Use results() for a list of available results.
ERROR (ADEXL-2709): Evaluation of output 'V/V /V0; xf dB20(V/V)' returned 'nil' for point:'1' test:'Corner_sim'
	Expression:'db(getData("/V0" ?result "xf"))'.
Ensure that the definition of output is correct.


*Info*    Run complete for Point ID (1 1) on testbench [ Corner_sim ].





Simulation design variables differ from those on the cellView,
they have been saved in the file "/tmp/saved-design-variables".
To save future changes, copy variables to cellView before exiting.
