*Info*    Exporting services from client ... 

*Info*    Client has finished starting ... 



*Info*    Configuring the session ...

	Library      = ALL_TESTS
	Cell         = emir_test_1_tb
	View         = config
	Simulator    = spectre
	State Path   = $AXL_SETUPDB_DIR/test_states
	State Name   = ALL_TESTS:emir_test_1_tb:1_none_Interactive.0
	Results DB   = /home/saul/projects/ASKA/ALL_TESTS/emir_test_1_tb/adexl/results/data/Interactive.0.rdb
	Results Dir  = /home/saul/projects/ASKA/Sim/ALL_TESTS/emir_test_1_tb/adexl/results/data/Interactive.0/1/ALL_TESTS:emir_test_1_tb:1
	Results Loc  = /home/saul/projects/ASKA/Sim/ALL_TESTS/emir_test_1_tb/adexl/results/data
	Project Dir  = /home/saul/projects/ASKA/Sim
	Setup DB loc = /home/saul/projects/ASKA/ALL_TESTS/emir_test_1_tb/adexl
	File Encoding = 0



*Info*    The auto suspension is disabled.






*Info*    Run start for Point ID (0 1) on testbench [
          ALL_TESTS:emir_test_1_tb:1 ].

Resetting statistical vars

*Info*    Setting parameter values ...

Setting var VDC = "10"
Setting var temperature = "27"
Setting temp(T) = 27

*Info*    Netlist Directory =
          /home/saul/projects/ASKA/Sim/ALL_TESTS/emir_test_1_tb/adexl/results/data/Interactive.0/1/ALL_TESTS:emir_test_1_tb:1/netlist


*Info*    Data Directory    =
          /home/saul/projects/ASKA/Sim/ALL_TESTS/emir_test_1_tb/adexl/results/data/Interactive.0/1/ALL_TESTS:emir_test_1_tb:1


*Info*    Creating Netlist for Point ID (0 1)

generate netlist...
function ansCdlCompPrim redefined
function ansCdlCompPrim redefined
Initializing the control file using cp:
    cp /home/saul/cadence/installs/IC618/tools.lnx86/dfII/etc/si/control.spectre /home/saul/projects/ASKA/Sim/ALL_TESTS/emir_test_1_tb/adexl/results/data/Interactive.0/1/ALL_TESTS:emir_test_1_tb:1/netlist/control
Copying Spectre source file 'spectre.inp'
Copying Spectre command file 'spectre.sim'
Begin Incremental Netlisting Jul 17 07:10:41 2024
End netlisting Jul 17 07:10:41 2024

Netlisting Statistics:
	Number of components:    6

	Elapsed time:          0.0s
Errors: 0	Warnings: 0
      ...successful.
compose simulator input file...
      ...successful.

*Info*    Running simulation on testbench [
          ALL_TESTS:emir_test_1_tb:1 ] for Point ID (0 1).

Delete psf data in /home/saul/projects/ASKA/Sim/ALL_TESTS/emir_test_1_tb/adexl/results/data/Interactive.0/1/ALL_TESTS:emir_test_1_tb:1/psf.
compose simulator input file...
      ...successful.
start simulator if needed...
      ...successful.
simulate...
To view the simulator output, right-click on the test name, result 
name, or any value in the "Results" tab of the Outputs section and 
choose "Output Log" menu option.
INFO (ADE-3071): Simulation completed successfully.
reading simulation data...
      ...successful.
*Info*    Client has finished evaluating ... 


*Info*    Run complete for Point ID (0 1) on testbench [
          ALL_TESTS:emir_test_1_tb:1 ].





Simulation design variables differ from those on the cellView,
they have been saved in the file "/tmp/saved-design-variables".
To save future changes, copy variables to cellView before exiting.
