*Info*    Exporting services from client ... 

*Info*    Client has finished starting ... 



*Info*    Configuring the session ...

	Library      = ALL_TESTS
	Cell         = emir_test_2_tb
	View         = config
	Simulator    = spectre
	State Path   = $AXL_SETUPDB_DIR/test_states
	State Name   = ALL_TESTS:emir_test_2_tb:1:1_ALL_TESTS:emir_test_2_tb:1:1_state_Interactive.20
	Results DB   = /home/saul/projects/ASKA/ALL_TESTS/emir_test_2_tb/adexl/results/data/Interactive.20.rdb
	Results Dir  = /home/saul/projects/ASKA/Sim/ALL_TESTS/emir_test_2_tb/adexl/results/data/Interactive.20/1/ALL_TESTS:emir_test_2_tb:1:1
	Results Loc  = /home/saul/projects/ASKA/Sim/ALL_TESTS/emir_test_2_tb/adexl/results/data
	Project Dir  = /home/saul/projects/ASKA/Sim
	Setup DB loc = /home/saul/projects/ASKA/ALL_TESTS/emir_test_2_tb/adexl
	File Encoding = 0



*Info*    The auto suspension is disabled.






*Info*    Run start for Point ID (12 1) on testbench [
          ALL_TESTS:emir_test_2_tb:1:1 ].

Resetting statistical vars

*Info*    Setting parameter values ...

Setting var VDC = "40"
Setting var temperature = "27"
Setting temp(T) = 27

*Info*    Netlist Directory =
          /home/saul/projects/ASKA/Sim/ALL_TESTS/emir_test_2_tb/adexl/results/data/Interactive.20/1/ALL_TESTS:emir_test_2_tb:1:1/netlist


*Info*    Data Directory    =
          /home/saul/projects/ASKA/Sim/ALL_TESTS/emir_test_2_tb/adexl/results/data/Interactive.20/1/ALL_TESTS:emir_test_2_tb:1:1


*Info*    Creating Netlist for Point ID (12 1)

generate netlist...
function ansCdlCompPrim redefined
function ansCdlCompPrim redefined
Begin Incremental Netlisting Jul 17 13:27:02 2024
WARNING (OSSHNL-335): Design configuration has changed since last netlisting session in this run
directory. Netlist(s) from last session cannot be reused for incremental
netlisting. Therefore, re-netlisting the design.

WARNING (OSSHNL-941): Failed to open the sameCellNamesInMultipleLibs file '/home/saul/projects/ASKA/Sim/ALL_TESTS/emir_test_2_tb/adexl/results/data/Interactive.0/1/ALL_TESTS:emir_test_2_tb:1/netlist/ihnl/sameCellNamesInMultipleLibs', in the append mode.
Ensure that you have the write permission for the mentioned file.

End netlisting Jul 17 13:27:03 2024

Netlisting Statistics:
	Number of components:   48

	Elapsed time:          1.0s (48.00/s)
Errors: 0	Warnings: 0
      ...successful.
compose simulator input file...
      ...successful.

*Info*    Running simulation on testbench [
          ALL_TESTS:emir_test_2_tb:1:1 ] for Point ID (12 1).

Delete psf data in /home/saul/projects/ASKA/Sim/ALL_TESTS/emir_test_2_tb/adexl/results/data/Interactive.20/1/ALL_TESTS:emir_test_2_tb:1:1/psf.
compose simulator input file...
      ...successful.
start simulator if needed...
      ...successful.
simulate...
To view the simulator output, right-click on the test name, result 
name, or any value in the "Results" tab of the Outputs section and 
choose "Output Log" menu option.
INFO (ADE-3067): Errors encountered during simulation. For more information, right-click
        on a test name in the 'Results' tab of the Outputs pane and choose 'Output Log'
        to view the simulation run log.

*Error*   Error ID  = 5011
*Error*   Error Msg = Simulator failed to complete the simulation.

          Error found by spectre.
Error found by spectre.
ERROR
          (SPECTRE-657): Cannot run simulation because no DSPF file
          is specified. To ensure that the DSPF files are parsed
          properly in the EMIR flow, spec
ify the file names by using
          the 'dspf_include' statement or add the spf, dpf, or spef
          option in the netlist.










*Info*    Run start for Point ID (12 1) on testbench [
          ALL_TESTS:emir_test_2_tb:1:1 ].

Resetting statistical vars

*Info*    Setting parameter values ...

Setting var VDC = "40"
Setting var temperature = "27"
Setting temp(T) = 27

*Info*    Netlist Directory =
          /home/saul/projects/ASKA/Sim/ALL_TESTS/emir_test_2_tb/adexl/results/data/Interactive.20/1/ALL_TESTS:emir_test_2_tb:1:1/netlist


*Info*    Data Directory    =
          /home/saul/projects/ASKA/Sim/ALL_TESTS/emir_test_2_tb/adexl/results/data/Interactive.20/1/ALL_TESTS:emir_test_2_tb:1:1


*Info*    Creating Netlist for Point ID (12 1)

generate netlist...
function ansCdlCompPrim redefined
function ansCdlCompPrim redefined
Begin Incremental Netlisting Jul 17 13:27:04 2024
WARNING (OSSHNL-941): Failed to open the sameCellNamesInMultipleLibs file '/home/saul/projects/ASKA/Sim/ALL_TESTS/emir_test_2_tb/adexl/results/data/Interactive.0/1/ALL_TESTS:emir_test_2_tb:1/netlist/ihnl/sameCellNamesInMultipleLibs', in the append mode.
Ensure that you have the write permission for the mentioned file.

End netlisting Jul 17 13:27:04 2024

	The netlist is up to date.
	Time taken to compare the design with netlist:   0.0s
      ...successful.
compose simulator input file...
      ...successful.

*Info*    Running simulation on testbench [
          ALL_TESTS:emir_test_2_tb:1:1 ] for Point ID (12 1).

Delete psf data in /home/saul/projects/ASKA/Sim/ALL_TESTS/emir_test_2_tb/adexl/results/data/Interactive.20/1/ALL_TESTS:emir_test_2_tb:1:1/psf.
compose simulator input file...
      ...successful.
start simulator if needed...
      ...successful.
simulate...
To view the simulator output, right-click on the test name, result 
name, or any value in the "Results" tab of the Outputs section and 
choose "Output Log" menu option.
INFO (ADE-3067): Errors encountered during simulation. For more information, right-click
        on a test name in the 'Results' tab of the Outputs pane and choose 'Output Log'
        to view the simulation run log.

*Error*   Error ID  = 5011
*Error*   Error Msg = Simulator failed to complete the simulation.

          Error found by spectre.
Error found by spectre.
ERROR
          (SPECTRE-657): Cannot run simulation because no DSPF file
          is specified. To ensure that the DSPF files are parsed
          properly in the EMIR flow, spec
ify the file names by using
          the 'dspf_include' statement or add the spf, dpf, or spef
          option in the netlist.





Simulation design variables differ from those on the cellView,
they have been saved in the file "/tmp/saved-design-variables".
To save future changes, copy variables to cellView before exiting.
