*Info*    Exporting services from client ... 

*Info*    Client has finished starting ... 



*Info*    Configuring the session ...

	Library      = BIAS
	Cell         = bias_tb
	View         = config
	Simulator    = spectre
	State Path   = $AXL_SETUPDB_DIR/test_states
	State Name   = BIAS:bias_tb:1_none_Interactive.1
	Results DB   = /home/saul/projects/ASKA/BIAS/bias_tb/adexl/results/data/Interactive.1.rdb
	Results Dir  = /home/saul/projects/ASKA/Sim/BIAS/bias_tb/adexl/results/data/Interactive.1/1/BIAS:bias_tb:1
	Results Loc  = /home/saul/projects/ASKA/Sim/BIAS/bias_tb/adexl/results/data
	Project Dir  = /home/saul/projects/ASKA/Sim
	Setup DB loc = /home/saul/projects/ASKA/BIAS/bias_tb/adexl
	File Encoding = 0



*Info*    The auto suspension is disabled.






*Info*    Run start for Point ID (1 1) on testbench [ BIAS:bias_tb:1
          ].

Resetting statistical vars

*Info*    Setting parameter values ...

Setting var VDD3 = "3.3"
Setting var VDD3_PULSE = "0"
Setting var temperature = "27"
Setting temp(T) = 27

*Info*    Netlist Directory =
          /home/saul/projects/ASKA/Sim/BIAS/bias_tb/adexl/results/data/Interactive.1/1/BIAS:bias_tb:1/netlist


*Info*    Data Directory    =
          /home/saul/projects/ASKA/Sim/BIAS/bias_tb/adexl/results/data/Interactive.1/1/BIAS:bias_tb:1


*Info*    Creating Netlist for Point ID (1 1)

generate netlist...
function ansCdlCompPrim redefined
function ansCdlCompPrim redefined
Begin Incremental Netlisting Apr 23 03:53:35 2024
Netlist Error: Cannot find any info on instance "INS<1:2>" in cell-view "IO_CELLS_JIC3V" "APR04DPC" "cmos_sch"
Netlist Error: Some cell-views used inside this block could not be netlisted in analog context
Netlist Error: Cannot find any info on instance "INS<1:2>" in cell-view "IO_CELLS_JIC3V" "APR04DPC" "cmos_sch"
Netlist Error: Some cell-views used inside this block could not be netlisted in analog context
Netlist Error: Cannot find any info on instance "IN<1:24>" in cell-view "IO_CELLS_JIC3V" "APR04DPC" "cmos_sch"
Netlist Error: Some cell-views used inside this block could not be netlisted in analog context
Netlist Error: Cannot find any info on instance "IN<1:24>" in cell-view "IO_CELLS_JIC3V" "APR04DPC" "cmos_sch"
Netlist Error: Some cell-views used inside this block could not be netlisted in analog context
Netlist Error: Cannot find any info on instance "IN<1:24>" in cell-view "IO_CELLS_JIC3V" "APR04DPC" "cmos_sch"
Netlist Error: Some cell-views used inside this block could not be netlisted in analog context
Netlist Error: Cannot find any info on instance "IN<1:24>" in cell-view "IO_CELLS_JIC3V" "APR04DPC" "cmos_sch"
Netlist Error: Some cell-views used inside this block could not be netlisted in analog context
Netlist Error: Cannot find any info on instance "IN<1:24>" in cell-view "IO_CELLS_JIC3V" "APR04DPC" "cmos_sch"
Netlist Error: Some cell-views used inside this block could not be netlisted in analog context
Netlist Error: Cannot find any info on instance "IN<1:24>" in cell-view "IO_CELLS_JIC3V" "APR04DPC" "cmos_sch"
Netlist Error: Some cell-views used inside this block could not be netlisted in analog context
Netlist Error: Cannot find any info on instance "IN<1:24>" in cell-view "IO_CELLS_JIC3V" "APR04DPC" "cmos_sch"
Netlist Error: Some cell-views used inside this block could not be netlisted in analog context
Netlist Error: Cannot find any info on instance "IN<1:24>" in cell-view "IO_CELLS_JIC3V" "APR04DPC" "cmos_sch"
Netlist Error: Some cell-views used inside this block could not be netlisted in analog context
Netlist Error: Cannot find any info on instance "IN<1:24>" in cell-view "IO_CELLS_JIC3V" "APR04DPC" "cmos_sch"
Netlist Error: Some cell-views used inside this block could not be netlisted in analog context
Netlist Error: Cannot find any info on instance "IN<1:24>" in cell-view "IO_CELLS_JIC3V" "APR04DPC" "cmos_sch"
Netlist Error: Some cell-views used inside this block could not be netlisted in analog context
Netlist Error: Cannot find any info on instance "IN<1:24>" in cell-view "IO_CELLS_JIC3V" "APR04DPC" "cmos_sch"
Netlist Error: Some cell-views used inside this block could not be netlisted in analog context
Netlist Error: Cannot find any info on instance "IN<1:24>" in cell-view "IO_CELLS_JIC3V" "APR04DPC" "cmos_sch"
Netlist Error: Some cell-views used inside this block could not be netlisted in analog context
Netlist Error: Cannot find any info on instance "IN<1:24>" in cell-view "IO_CELLS_JIC3V" "APR04DPC" "cmos_sch"
Netlist Error: Some cell-views used inside this block could not be netlisted in analog context
Netlist Error: Cannot find any info on instance "IN<1:24>" in cell-view "IO_CELLS_JIC3V" "APR04DPC" "cmos_sch"
Netlist Error: Some cell-views used inside this block could not be netlisted in analog context
Netlist Error: Cannot find any info on instance "IN<1:24>" in cell-view "IO_CELLS_JIC3V" "APR04DPC" "cmos_sch"
Netlist Error: Some cell-views used inside this block could not be netlisted in analog context
Netlist Error: Cannot find any info on instance "IN<1:24>" in cell-view "IO_CELLS_JIC3V" "APR04DPC" "cmos_sch"
Netlist Error: Some cell-views used inside this block could not be netlisted in analog context
Netlist Error: Cannot find any info on instance "IN<1:24>" in cell-view "IO_CELLS_JIC3V" "APR04DPC" "cmos_sch"
Netlist Error: Some cell-views used inside this block could not be netlisted in analog context
Netlist Error: Cannot find any info on instance "IN<1:24>" in cell-view "IO_CELLS_JIC3V" "APR04DPC" "cmos_sch"
Netlist Error: Some cell-views used inside this block could not be netlisted in analog context
Netlist Error: Cannot find any info on instance "IN<1:24>" in cell-view "IO_CELLS_JIC3V" "APR04DPC" "cmos_sch"
Netlist Error: Some cell-views used inside this block could not be netlisted in analog context
Netlist Error: Cannot find any info on instance "IN<1:24>" in cell-view "IO_CELLS_JIC3V" "APR04DPC" "cmos_sch"
Netlist Error: Some cell-views used inside this block could not be netlisted in analog context
Netlist Error: Cannot find any info on instance "IN<1:24>" in cell-view "IO_CELLS_JIC3V" "APR04DPC" "cmos_sch"
Netlist Error: Some cell-views used inside this block could not be netlisted in analog context
Netlist Error: Cannot find any info on instance "IN<1:24>" in cell-view "IO_CELLS_JIC3V" "APR04DPC" "cmos_sch"
Netlist Error: Some cell-views used inside this block could not be netlisted in analog context
Netlist Error: Cannot find any info on instance "IN<1:24>" in cell-view "IO_CELLS_JIC3V" "APR04DPC" "cmos_sch"
Netlist Error: Some cell-views used inside this block could not be netlisted in analog context
Netlist Error: Cannot find any info on instance "IN<1:24>" in cell-view "IO_CELLS_JIC3V" "APR04DPC" "cmos_sch"
Netlist Error: Some cell-views used inside this block could not be netlisted in analog context
Netlist Error: Cannot find any info on instance "I3" in cell-view "IO_CELLS_JIC3V" "APR04DPC" "cmos_sch"
Netlist Error: Some cell-views used inside this block could not be netlisted in analog context
Netlist Error: Cannot find any info on instance "IP<1:24>" in cell-view "IO_CELLS_JIC3V" "APR04DPC" "cmos_sch"
Netlist Error: Some cell-views used inside this block could not be netlisted in analog context
Netlist Error: Cannot find any info on instance "IP<1:24>" in cell-view "IO_CELLS_JIC3V" "APR04DPC" "cmos_sch"
Netlist Error: Some cell-views used inside this block could not be netlisted in analog context
Netlist Error: Cannot find any info on instance "IP<1:24>" in cell-view "IO_CELLS_JIC3V" "APR04DPC" "cmos_sch"
Netlist Error: Some cell-views used inside this block could not be netlisted in analog context
Netlist Error: Cannot find any info on instance "IP<1:24>" in cell-view "IO_CELLS_JIC3V" "APR04DPC" "cmos_sch"
Netlist Error: Some cell-views used inside this block could not be netlisted in analog context
Netlist Error: Cannot find any info on instance "IP<1:24>" in cell-view "IO_CELLS_JIC3V" "APR04DPC" "cmos_sch"
Netlist Error: Some cell-views used inside this block could not be netlisted in analog context
Netlist Error: Cannot find any info on instance "IP<1:24>" in cell-view "IO_CELLS_JIC3V" "APR04DPC" "cmos_sch"
Netlist Error: Some cell-views used inside this block could not be netlisted in analog context
Netlist Error: Cannot find any info on instance "IP<1:24>" in cell-view "IO_CELLS_JIC3V" "APR04DPC" "cmos_sch"
Netlist Error: Some cell-views used inside this block could not be netlisted in analog context
Netlist Error: Cannot find any info on instance "IP<1:24>" in cell-view "IO_CELLS_JIC3V" "APR04DPC" "cmos_sch"
Netlist Error: Some cell-views used inside this block could not be netlisted in analog context
Netlist Error: Cannot find any info on instance "IP<1:24>" in cell-view "IO_CELLS_JIC3V" "APR04DPC" "cmos_sch"
Netlist Error: Some cell-views used inside this block could not be netlisted in analog context
Netlist Error: Cannot find any info on instance "IP<1:24>" in cell-view "IO_CELLS_JIC3V" "APR04DPC" "cmos_sch"
Netlist Error: Some cell-views used inside this block could not be netlisted in analog context
Netlist Error: Cannot find any info on instance "IP<1:24>" in cell-view "IO_CELLS_JIC3V" "APR04DPC" "cmos_sch"
Netlist Error: Some cell-views used inside this block could not be netlisted in analog context
Netlist Error: Cannot find any info on instance "IP<1:24>" in cell-view "IO_CELLS_JIC3V" "APR04DPC" "cmos_sch"
Netlist Error: Some cell-views used inside this block could not be netlisted in analog context
Netlist Error: Cannot find any info on instance "IP<1:24>" in cell-view "IO_CELLS_JIC3V" "APR04DPC" "cmos_sch"
Netlist Error: Some cell-views used inside this block could not be netlisted in analog context
Netlist Error: Cannot find any info on instance "IP<1:24>" in cell-view "IO_CELLS_JIC3V" "APR04DPC" "cmos_sch"
Netlist Error: Some cell-views used inside this block could not be netlisted in analog context
Netlist Error: Cannot find any info on instance "IP<1:24>" in cell-view "IO_CELLS_JIC3V" "APR04DPC" "cmos_sch"
Netlist Error: Some cell-views used inside this block could not be netlisted in analog context
Netlist Error: Cannot find any info on instance "IP<1:24>" in cell-view "IO_CELLS_JIC3V" "APR04DPC" "cmos_sch"
Netlist Error: Some cell-views used inside this block could not be netlisted in analog context
Netlist Error: Cannot find any info on instance "IP<1:24>" in cell-view "IO_CELLS_JIC3V" "APR04DPC" "cmos_sch"
Netlist Error: Some cell-views used inside this block could not be netlisted in analog context
Netlist Error: Cannot find any info on instance "IP<1:24>" in cell-view "IO_CELLS_JIC3V" "APR04DPC" "cmos_sch"
Netlist Error: Some cell-views used inside this block could not be netlisted in analog context
Netlist Error: Cannot find any info on instance "IP<1:24>" in cell-view "IO_CELLS_JIC3V" "APR04DPC" "cmos_sch"
Netlist Error: Some cell-views used inside this block could not be netlisted in analog context
Netlist Error: Cannot find any info on instance "IP<1:24>" in cell-view "IO_CELLS_JIC3V" "APR04DPC" "cmos_sch"
Netlist Error: Some cell-views used inside this block could not be netlisted in analog context
Netlist Error: Cannot find any info on instance "IP<1:24>" in cell-view "IO_CELLS_JIC3V" "APR04DPC" "cmos_sch"
Netlist Error: Some cell-views used inside this block could not be netlisted in analog context
Netlist Error: Cannot find any info on instance "IP<1:24>" in cell-view "IO_CELLS_JIC3V" "APR04DPC" "cmos_sch"
Netlist Error: Some cell-views used inside this block could not be netlisted in analog context
Netlist Error: Cannot find any info on instance "IP<1:24>" in cell-view "IO_CELLS_JIC3V" "APR04DPC" "cmos_sch"
Netlist Error: Some cell-views used inside this block could not be netlisted in analog context
Netlist Error: Cannot find any info on instance "IP<1:24>" in cell-view "IO_CELLS_JIC3V" "APR04DPC" "cmos_sch"
Netlist Error: Some cell-views used inside this block could not be netlisted in analog context
Netlist Error: Cannot find any info on instance "I157" in cell-view "IO_CELLS_JIC3V" "APR04DPC" "cmos_sch"
Netlist Error: Some cell-views used inside this block could not be netlisted in analog context
End netlisting Apr 23 03:53:35 2024
ERROR (OSSHNL-514): Netlist generation failed because of the errors reported above. The netlist might not have been generated at all, or the generated netlist could be corrupt. Fix the reported errors and regenerate the netlist.
      ...unsuccessful.

*Error*   Error ID  = 5012
*Error*   Error Msg = Failed to create netlist.









*Info*    Run start for Point ID (1 1) on testbench [ BIAS:bias_tb:1
          ].

Resetting statistical vars

*Info*    Setting parameter values ...

Setting var VDD3 = "3.3"
Setting var VDD3_PULSE = "0"
Setting var temperature = "27"
Setting temp(T) = 27

*Info*    Netlist Directory =
          /home/saul/projects/ASKA/Sim/BIAS/bias_tb/adexl/results/data/Interactive.1/1/BIAS:bias_tb:1/netlist


*Info*    Data Directory    =
          /home/saul/projects/ASKA/Sim/BIAS/bias_tb/adexl/results/data/Interactive.1/1/BIAS:bias_tb:1


*Info*    Creating Netlist for Point ID (1 1)

generate netlist...
function ansCdlCompPrim redefined
function ansCdlCompPrim redefined
Begin Incremental Netlisting Apr 23 03:53:35 2024
Netlist Error: Cannot find any info on instance "INS<1:2>" in cell-view "IO_CELLS_JIC3V" "APR04DPC" "cmos_sch"
Netlist Error: Some cell-views used inside this block could not be netlisted in analog context
Netlist Error: Cannot find any info on instance "INS<1:2>" in cell-view "IO_CELLS_JIC3V" "APR04DPC" "cmos_sch"
Netlist Error: Some cell-views used inside this block could not be netlisted in analog context
Netlist Error: Cannot find any info on instance "IN<1:24>" in cell-view "IO_CELLS_JIC3V" "APR04DPC" "cmos_sch"
Netlist Error: Some cell-views used inside this block could not be netlisted in analog context
Netlist Error: Cannot find any info on instance "IN<1:24>" in cell-view "IO_CELLS_JIC3V" "APR04DPC" "cmos_sch"
Netlist Error: Some cell-views used inside this block could not be netlisted in analog context
Netlist Error: Cannot find any info on instance "IN<1:24>" in cell-view "IO_CELLS_JIC3V" "APR04DPC" "cmos_sch"
Netlist Error: Some cell-views used inside this block could not be netlisted in analog context
Netlist Error: Cannot find any info on instance "IN<1:24>" in cell-view "IO_CELLS_JIC3V" "APR04DPC" "cmos_sch"
Netlist Error: Some cell-views used inside this block could not be netlisted in analog context
Netlist Error: Cannot find any info on instance "IN<1:24>" in cell-view "IO_CELLS_JIC3V" "APR04DPC" "cmos_sch"
Netlist Error: Some cell-views used inside this block could not be netlisted in analog context
Netlist Error: Cannot find any info on instance "IN<1:24>" in cell-view "IO_CELLS_JIC3V" "APR04DPC" "cmos_sch"
Netlist Error: Some cell-views used inside this block could not be netlisted in analog context
Netlist Error: Cannot find any info on instance "IN<1:24>" in cell-view "IO_CELLS_JIC3V" "APR04DPC" "cmos_sch"
Netlist Error: Some cell-views used inside this block could not be netlisted in analog context
Netlist Error: Cannot find any info on instance "IN<1:24>" in cell-view "IO_CELLS_JIC3V" "APR04DPC" "cmos_sch"
Netlist Error: Some cell-views used inside this block could not be netlisted in analog context
Netlist Error: Cannot find any info on instance "IN<1:24>" in cell-view "IO_CELLS_JIC3V" "APR04DPC" "cmos_sch"
Netlist Error: Some cell-views used inside this block could not be netlisted in analog context
Netlist Error: Cannot find any info on instance "IN<1:24>" in cell-view "IO_CELLS_JIC3V" "APR04DPC" "cmos_sch"
Netlist Error: Some cell-views used inside this block could not be netlisted in analog context
Netlist Error: Cannot find any info on instance "IN<1:24>" in cell-view "IO_CELLS_JIC3V" "APR04DPC" "cmos_sch"
Netlist Error: Some cell-views used inside this block could not be netlisted in analog context
Netlist Error: Cannot find any info on instance "IN<1:24>" in cell-view "IO_CELLS_JIC3V" "APR04DPC" "cmos_sch"
Netlist Error: Some cell-views used inside this block could not be netlisted in analog context
Netlist Error: Cannot find any info on instance "IN<1:24>" in cell-view "IO_CELLS_JIC3V" "APR04DPC" "cmos_sch"
Netlist Error: Some cell-views used inside this block could not be netlisted in analog context
Netlist Error: Cannot find any info on instance "IN<1:24>" in cell-view "IO_CELLS_JIC3V" "APR04DPC" "cmos_sch"
Netlist Error: Some cell-views used inside this block could not be netlisted in analog context
Netlist Error: Cannot find any info on instance "IN<1:24>" in cell-view "IO_CELLS_JIC3V" "APR04DPC" "cmos_sch"
Netlist Error: Some cell-views used inside this block could not be netlisted in analog context
Netlist Error: Cannot find any info on instance "IN<1:24>" in cell-view "IO_CELLS_JIC3V" "APR04DPC" "cmos_sch"
Netlist Error: Some cell-views used inside this block could not be netlisted in analog context
Netlist Error: Cannot find any info on instance "IN<1:24>" in cell-view "IO_CELLS_JIC3V" "APR04DPC" "cmos_sch"
Netlist Error: Some cell-views used inside this block could not be netlisted in analog context
Netlist Error: Cannot find any info on instance "IN<1:24>" in cell-view "IO_CELLS_JIC3V" "APR04DPC" "cmos_sch"
Netlist Error: Some cell-views used inside this block could not be netlisted in analog context
Netlist Error: Cannot find any info on instance "IN<1:24>" in cell-view "IO_CELLS_JIC3V" "APR04DPC" "cmos_sch"
Netlist Error: Some cell-views used inside this block could not be netlisted in analog context
Netlist Error: Cannot find any info on instance "IN<1:24>" in cell-view "IO_CELLS_JIC3V" "APR04DPC" "cmos_sch"
Netlist Error: Some cell-views used inside this block could not be netlisted in analog context
Netlist Error: Cannot find any info on instance "IN<1:24>" in cell-view "IO_CELLS_JIC3V" "APR04DPC" "cmos_sch"
Netlist Error: Some cell-views used inside this block could not be netlisted in analog context
Netlist Error: Cannot find any info on instance "IN<1:24>" in cell-view "IO_CELLS_JIC3V" "APR04DPC" "cmos_sch"
Netlist Error: Some cell-views used inside this block could not be netlisted in analog context
Netlist Error: Cannot find any info on instance "IN<1:24>" in cell-view "IO_CELLS_JIC3V" "APR04DPC" "cmos_sch"
Netlist Error: Some cell-views used inside this block could not be netlisted in analog context
Netlist Error: Cannot find any info on instance "IN<1:24>" in cell-view "IO_CELLS_JIC3V" "APR04DPC" "cmos_sch"
Netlist Error: Some cell-views used inside this block could not be netlisted in analog context
Netlist Error: Cannot find any info on instance "I3" in cell-view "IO_CELLS_JIC3V" "APR04DPC" "cmos_sch"
Netlist Error: Some cell-views used inside this block could not be netlisted in analog context
Netlist Error: Cannot find any info on instance "IP<1:24>" in cell-view "IO_CELLS_JIC3V" "APR04DPC" "cmos_sch"
Netlist Error: Some cell-views used inside this block could not be netlisted in analog context
Netlist Error: Cannot find any info on instance "IP<1:24>" in cell-view "IO_CELLS_JIC3V" "APR04DPC" "cmos_sch"
Netlist Error: Some cell-views used inside this block could not be netlisted in analog context
Netlist Error: Cannot find any info on instance "IP<1:24>" in cell-view "IO_CELLS_JIC3V" "APR04DPC" "cmos_sch"
Netlist Error: Some cell-views used inside this block could not be netlisted in analog context
Netlist Error: Cannot find any info on instance "IP<1:24>" in cell-view "IO_CELLS_JIC3V" "APR04DPC" "cmos_sch"
Netlist Error: Some cell-views used inside this block could not be netlisted in analog context
Netlist Error: Cannot find any info on instance "IP<1:24>" in cell-view "IO_CELLS_JIC3V" "APR04DPC" "cmos_sch"
Netlist Error: Some cell-views used inside this block could not be netlisted in analog context
Netlist Error: Cannot find any info on instance "IP<1:24>" in cell-view "IO_CELLS_JIC3V" "APR04DPC" "cmos_sch"
Netlist Error: Some cell-views used inside this block could not be netlisted in analog context
Netlist Error: Cannot find any info on instance "IP<1:24>" in cell-view "IO_CELLS_JIC3V" "APR04DPC" "cmos_sch"
Netlist Error: Some cell-views used inside this block could not be netlisted in analog context
Netlist Error: Cannot find any info on instance "IP<1:24>" in cell-view "IO_CELLS_JIC3V" "APR04DPC" "cmos_sch"
Netlist Error: Some cell-views used inside this block could not be netlisted in analog context
Netlist Error: Cannot find any info on instance "IP<1:24>" in cell-view "IO_CELLS_JIC3V" "APR04DPC" "cmos_sch"
Netlist Error: Some cell-views used inside this block could not be netlisted in analog context
Netlist Error: Cannot find any info on instance "IP<1:24>" in cell-view "IO_CELLS_JIC3V" "APR04DPC" "cmos_sch"
Netlist Error: Some cell-views used inside this block could not be netlisted in analog context
Netlist Error: Cannot find any info on instance "IP<1:24>" in cell-view "IO_CELLS_JIC3V" "APR04DPC" "cmos_sch"
Netlist Error: Some cell-views used inside this block could not be netlisted in analog context
Netlist Error: Cannot find any info on instance "IP<1:24>" in cell-view "IO_CELLS_JIC3V" "APR04DPC" "cmos_sch"
Netlist Error: Some cell-views used inside this block could not be netlisted in analog context
Netlist Error: Cannot find any info on instance "IP<1:24>" in cell-view "IO_CELLS_JIC3V" "APR04DPC" "cmos_sch"
Netlist Error: Some cell-views used inside this block could not be netlisted in analog context
Netlist Error: Cannot find any info on instance "IP<1:24>" in cell-view "IO_CELLS_JIC3V" "APR04DPC" "cmos_sch"
Netlist Error: Some cell-views used inside this block could not be netlisted in analog context
Netlist Error: Cannot find any info on instance "IP<1:24>" in cell-view "IO_CELLS_JIC3V" "APR04DPC" "cmos_sch"
Netlist Error: Some cell-views used inside this block could not be netlisted in analog context
Netlist Error: Cannot find any info on instance "IP<1:24>" in cell-view "IO_CELLS_JIC3V" "APR04DPC" "cmos_sch"
Netlist Error: Some cell-views used inside this block could not be netlisted in analog context
Netlist Error: Cannot find any info on instance "IP<1:24>" in cell-view "IO_CELLS_JIC3V" "APR04DPC" "cmos_sch"
Netlist Error: Some cell-views used inside this block could not be netlisted in analog context
Netlist Error: Cannot find any info on instance "IP<1:24>" in cell-view "IO_CELLS_JIC3V" "APR04DPC" "cmos_sch"
Netlist Error: Some cell-views used inside this block could not be netlisted in analog context
Netlist Error: Cannot find any info on instance "IP<1:24>" in cell-view "IO_CELLS_JIC3V" "APR04DPC" "cmos_sch"
Netlist Error: Some cell-views used inside this block could not be netlisted in analog context
Netlist Error: Cannot find any info on instance "IP<1:24>" in cell-view "IO_CELLS_JIC3V" "APR04DPC" "cmos_sch"
Netlist Error: Some cell-views used inside this block could not be netlisted in analog context
Netlist Error: Cannot find any info on instance "IP<1:24>" in cell-view "IO_CELLS_JIC3V" "APR04DPC" "cmos_sch"
Netlist Error: Some cell-views used inside this block could not be netlisted in analog context
Netlist Error: Cannot find any info on instance "IP<1:24>" in cell-view "IO_CELLS_JIC3V" "APR04DPC" "cmos_sch"
Netlist Error: Some cell-views used inside this block could not be netlisted in analog context
Netlist Error: Cannot find any info on instance "IP<1:24>" in cell-view "IO_CELLS_JIC3V" "APR04DPC" "cmos_sch"
Netlist Error: Some cell-views used inside this block could not be netlisted in analog context
Netlist Error: Cannot find any info on instance "IP<1:24>" in cell-view "IO_CELLS_JIC3V" "APR04DPC" "cmos_sch"
Netlist Error: Some cell-views used inside this block could not be netlisted in analog context
Netlist Error: Cannot find any info on instance "I157" in cell-view "IO_CELLS_JIC3V" "APR04DPC" "cmos_sch"
Netlist Error: Some cell-views used inside this block could not be netlisted in analog context
End netlisting Apr 23 03:53:35 2024
ERROR (OSSHNL-514): Netlist generation failed because of the errors reported above. The netlist might not have been generated at all, or the generated netlist could be corrupt. Fix the reported errors and regenerate the netlist.
      ...unsuccessful.

*Error*   Error ID  = 5012
*Error*   Error Msg = Failed to create netlist.




Simulation design variables differ from those on the cellView,
they have been saved in the file "/tmp/saved-design-variables".
To save future changes, copy variables to cellView before exiting.
