\# Program start time:     UTC 2024.06.25 21:02:00.753
\# Local time: EDT (UTC-04:00) 2024.06.25 17:02:00.753
\o Program:		@(#)$CDS: virtuoso version 6.1.8-64b 10/11/2023 09:56 (cpgbld01) $
\o Hierarchy:		/home/saul/cadence/installs/IC618/tools.lnx86/dfII/
\o Sub version:		sub-version  IC6.1.8-64b.500.34  (64-bit addresses)
\# Command line:	/pkg/cadence/installs/IC618/tools.lnx86/dfII/bin/64bit/virtuoso -noautostart -mpssession virtuoso10203 -mpshost phoenix -davinciService DaVinciService_10203_1719345115 -log /home/saul/projects/ASKA/logs_saul/logs0/Job59.log -licenseLockFileName /home/saul/projects/ASKA/.tmp_saul/.phoenix_10203 -interactiveA -interactiveE -interactiveRTT -nostdin -nographE -axlChildIdFlag 59
\# Host name (type):	phoenix (x86_64)
\# Operating system:	Linux 3.10.0-1160.105.1.el7.x86_64 #1 SMP Thu Dec 7 15:39:45 UTC 2023
\# Linux /etc/issue:	\S
\# Linux /etc/issue:	Kernel \r on an \m
\# X display name (WxH):	:3024 (1024x868)
\# Available geometry:			TL(0:0) BR(1023:867)
\# X server:			The X.Org Foundation
\# Depth of Visual (Root):	24 (24)
\# Number of Planes Used:	24
\# X version:		11.0 (vendor release 12004000)
\# X resource pool:	base 0x400000, mask 0x1fffff (2097151), shift 0
\# 			current id 0x0, current max 0x1ffffa (2097146)
\# Max data seg size:	     unlimited
\# Max process size:	     unlimited
\# Initial sbrk value:	        633 MB
\# Available memory:	     20,627 MB
\# System memory:	     25,561 MB
\# Maximum memory size:	     25,146 MB
\# Max mem available:	     20,846 MB
\# Initial memory used:	        218 MB
\#        process size:	      1,821 MB
\# Thread usage limits (effective/default):	maxthreads 4096/4096 maxload 7.00/7.00
\# Qt version:		5.9.1
\# Window Manager:	other
\# User Name:		saul
\o Working Directory:	phoenix:/home/saul/projects/ASKA
\# Process Id:		6415
\o 
\o COPYRIGHT (C) 1992-2023  CADENCE DESIGN SYSTEMS INC.  ALL RIGHTS RESERVED.
\o           (C) 1992-2023  UNIX SYSTEMS Laboratories INC.,
\o                          Reproduced with permission.
\o 
\o This Cadence Design Systems program and online documentation are
\o proprietary/confidential information and may be disclosed/used only
\o as authorized in a license agreement controlling such use and disclosure.
\o 
\o           RESTRICTED RIGHTS NOTICE (SHORT FORM)
\o Use/reproduction/disclosure is subject to restriction
\o set forth at FAR 1252.227-19 or its equivalent.
\o Loading geView.cxt 
\o Loading menuBuilder.cxt 
\o Loading schView.cxt 
\o Loading selectSv.cxt 
\o Loading pvsui.cxt
\o Loading wireEdit.cxt 
\o Loading pte2.cxt 
\o Loading xlUI.cxt 
\o Loading auCore.cxt 
\o Loading vhdl.cxt 
\o Loading seismic.cxt 
\o Loading ci.cxt 
\o Loading ams.cxt 
\o Loading oasis.cxt 
\o Loading analog.cxt 
\o Loading asimenv.cxt 
\o Loading dal.cxt 
\o Loading awv.cxt 
\o Loading socket.cxt 
\o Loading par.cxt 
\o Loading alvs.cxt 
\o Loading caa.cxt 
\o Loading amps.cxt 
\o Loading adexlCore.cxt 
\o Loading adexl.cxt 
\o *Info*    Exporting services from client ... 
\o 
\o Loading adexlDM.cxt 
\o Loading cpf.cxt 
\o Loading cli.cxt 
\o Loading lp.cxt 
\o INFO (ELI-00302) Connecting to parent process (session=virtuoso10203, host=phoenix). Connection mode is ICRP. Total timeout is 180 seconds. Connection timeout is 90 seconds.
\o INFO (ELI-00303) Step 1: Connecting to parent. Time spent is 0 seconds.
\o INFO (ELI-00304) The registration of the child 6415 within 90 seconds is being processed...
\o INFO (ELI-00305) The result of registration is true. Time spent is 0 seconds.
\o INFO (ELI-00308) The connection has ended. Result is true. Total time spent is 0 seconds.
\# [17:02:00.512337] Configured Lic search path (22.01-s002): 3000@lic08.ug.kth.se
\# Memory report: using         370 MB, process size 2,102 MB at UTC 2024.06.25 21:02:02.595
\o Loading .cdsinit for the XH018 X-Fab XKit.
\o     LOAD xh018_1143 SPECIFIC CALL-BACK ROUTINES
\o     LOAD ALL AVAILABLE P-CELL FUNCTIONS
\o ** Info: PDK loadpath is "/home/saul/pkg/xfab/XKIT/xh018/cadence/v9_0/PDK/IC61/v9_0_4"
\o Loading XfSktTools.cxt
\o Loading XfMenu.cxt
\o Loading XfTechXh018.cxt
\o Loading XfPcellCore.cxt
\o function ansiSpicePrintProperties_subcircuit redefined
\o Loading XfSkillExt.cxt
\o Initializing library.
\o Finished Initializing Library .
\o     Generic PcellKit: 'production' loaded.
\o     Generic Pcell Skill Tools: 'production' loaded.
\o Loading Circuit Prospector Setup (XfCircuitProspSetup.il)
\o     LOAD THE ENVIRONMENT FILE
\o  --> Setting the required PDK definitions...
\o     GDSII LAYER MAPPING FILE = "./.xkit/setup/xh018/cadence/PDK/TECH_XH018_1143/strmInOut.layertable"
\o     GDSII OBJECT MAPPING FILE = "./.xkit/setup/xh018/cadence/PDK/TECH_XH018_1143/strmOutObjects.map"
\o Use model setup from PDK...
\o Loading spectrei.cxt 
\o Loading devCheck.cxt 
\o Loading relXpert.cxt 
\o Loading vdsil.cxt 
\o Loading hspiceD.cxt 
\o Loading spectreinl.cxt 
\o Loading UltraSim.cxt 
\o Loading msgHandler.cxt 
\o Loading AMSOSS.cxt 
\o Loading AMS.cxt 
\o  --> Finished setting the required PDK definitions
\o  --> Setting the recommended EDA tool defaults...
\o  --> Finished setting the recommended EDA tool defaults
\o     LOAD DEFAULT BINDKEYS
\o Loading viva.cxt 
\o  --> AssuraTools Setup not available
\o *Info*    Client has finished starting ... 
\o 
\p > 
\# Loading perfDiag...
\# (PerfDiag): Set GDB path to environment variable 'gdbPath' (gdb).
\# Performance Diagnostic tool is installed. You can access PerfDiag from CIW Tools or use the shell command 'cdsPerfDiag -p 6415' to open it when Virtuoso freezes.
\# (PerfDiag): Loading backtrace from /pkg/cadence/installs/IC618/tools/lib/64bit/cdnslibunwind.so
\o Loading vqp.cxt 
\o Loading hdlPkg.cxt 
\o 
\o 
\o *Info*    Configuring the session ...
\o 
\o Loading simui.cxt 
\o 	Library      = DAC6B
\o 	Cell         = dac6b_va_tb
\o 	View         = schematic
\o 	Simulator    = spectre
\o 	State Path   = $AXL_SETUPDB_DIR/test_states
\o 	State Name   = DAC6B:dac6b_tb:1_spectre_state1_Interactive.113
\o 	Results DB   = /home/saul/projects/ASKA/DAC6B/dac6b_va_tb/adexl/results/data/Interactive.113.rdb
\o 	Results Dir  = /home/saul/projects/ASKA/Sim/DAC6B/dac6b_va_tb/adexl/results/data/Interactive.113/5/DAC6B:dac6b_tb:1
\o 	Results Loc  = /home/saul/projects/ASKA/Sim/DAC6B/dac6b_va_tb/adexl/results/data
\o 	Project Dir  = /home/saul/projects/ASKA/Sim
\o 	Setup DB loc = /home/saul/projects/ASKA/DAC6B/dac6b_va_tb/adexl
\o 	File Encoding = 0
\o 
\o 
\o WARNING (ADE-7017): The Spectre run mode needs to be 'batch' when EM/IR analysis is enabled. Automatically setting the run mode to 'batch'.
\# Memory report: using         494 MB, process size 2,232 MB at UTC 2024.06.25 21:02:04.142
\o 
\o *Info*    The auto suspension is disabled.
\o 
\o     LOAD GENERIC "X-KIT" SKILL CONTEXT "./.xkit/setup/x_all/cadence/xenv/skill/context6/xkit.cxt" 
\o  - Menu "XKit Utilities" installed to CIW.
\o     LOAD ".cdsinit_personal" FILE FROM THE WORKING DIRECTORY.
\o     INFO: To customize this setup, please use the following environment variables:
\o           CUSTOM_SCRIPT_PATH - should point to the master shell or perl script
\o                              e.g.:
\o                              setenv CUSTOM_SCRIPT_PATH /path/to/my/script/LoadMyScripts.csh
\o           CUSTOM_SKILL_PATH - should point to your master skill load file
\o                              e.g.:
\o                              setenv CUSTOM_SKILL_PATH /path/to/my/skill/LoadMySkills.il
\o  loading default key binding 
\o  -> END LOAD ".cdsinit" FILE
\o Loading monte.cxt 
\o 
\o 
\o 
\o 
\o 
\o *Info*    Run start for Point ID (0 7) on testbench [
\o           DAC6B:dac6b_tb:1 ].
\o 
\o Resetting statistical vars
\o 
\o *Info*    Setting parameter values ...
\o 
\o Setting var INIT_CODE = "1"
\o Setting var VDD = "3"
\o Setting var VDD_PULSE = "3.3"
\o Setting var VREF = "1.25"
\o Setting var VREF_PULSE = "0"
\o Setting var temperature = "85"
\o Setting temp(T) = 85
\o 
\o *Info*    Netlist Directory =
\o           /home/saul/projects/ASKA/Sim/DAC6B/dac6b_va_tb/adexl/results/data/Interactive.113/7/DAC6B:dac6b_tb:1/netlist
\o 
\o 
\o *Info*    Data Directory    =
\o           /home/saul/projects/ASKA/Sim/DAC6B/dac6b_va_tb/adexl/results/data/Interactive.113/7/DAC6B:dac6b_tb:1
\o 
\o 
\o *Info*    Creating Netlist for Point ID (0 7)
\o 
\o generate netlist...
\o Loading hnlInit.cxt 
\o Loading seCore.cxt 
\o function ansCdlCompPrim redefined
\o function ansCdlCompPrim redefined
\# [17:02:04.035496] Periodic Lic check successful
\# [17:02:04.035497] Feature usage summary:
\o Begin Incremental Netlisting Jun 25 17:02:04 2024
\o End netlisting Jun 25 17:02:04 2024
\o 
\o 	The netlist is up to date.
\o 	Time taken to compare the design with netlist:   0.0s
\o       ...successful.
\o compose simulator input file...
\o       ...successful.
\o 
\o *Info*    Running simulation on testbench [ DAC6B:dac6b_tb:1 ] for
\o           Point ID (0 7).
\o 
\o Delete psf data in /home/saul/projects/ASKA/Sim/DAC6B/dac6b_va_tb/adexl/results/data/Interactive.113/7/DAC6B:dac6b_tb:1/psf.
\o compose simulator input file...
\o       ...successful.
\o start simulator if needed...
\o       ...successful.
\o simulate...
\o To view the simulator output, right-click on the test name, result 
\o name, or any value in the "Results" tab of the Outputs section and 
\o choose "Output Log" menu option.
\o Loading paraplot.cxt 
\# Memory report: using         622 MB, process size 2,411 MB at UTC 2024.06.25 21:02:05.195
\o INFO (ADE-3071): Simulation completed successfully.
\o reading simulation data...
\o       ...successful.
\o *Info*    Client has finished evaluating ... 
\o 
\o WARNING (OCN-6038): Results xf are not available for /home/saul/projects/ASKA/Sim/DAC6B/dac6b_va_tb/adexl/results/data/Interactive.113/7/DAC6B:dac6b_tb:1. Use results() for a list of available results.
\o WARNING (OCN-6038): Results xf are not available for /home/saul/projects/ASKA/Sim/DAC6B/dac6b_va_tb/adexl/results/data/Interactive.113/7/DAC6B:dac6b_tb:1. Use results() for a list of available results.
\e *Error* db: can't handle db(nil)
\e 
\e 
\o WARNING (OCN-6038): Results xf are not available for /home/saul/projects/ASKA/Sim/DAC6B/dac6b_va_tb/adexl/results/data/Interactive.113/7/DAC6B:dac6b_tb:1. Use results() for a list of available results.
\o WARNING (OCN-6038): Results xf are not available for /home/saul/projects/ASKA/Sim/DAC6B/dac6b_va_tb/adexl/results/data/Interactive.113/7/DAC6B:dac6b_tb:1. Use results() for a list of available results.
\e *Error* db: can't handle db(nil)
\e 
\e 
\e *Error* ("difference" 0 t nil ("*Error* difference: can't handle (nil - nil)"))
\e 
\e 
\o ERROR (ADE-2708): Evaluation of output 'CMRR' failed for point:'7' test:'DAC6B:dac6b_tb:1'
\o 	Expression:'(db(getData("/V1" ?result "xf")) - db(getData("/V0" ?result "xf")))'
\o 	because of the following error(s)
\o 	*Error* difference: can't handle (nil - nil).
\o Ensure that the definition of output is correct.
\o 
\o WARNING (OCN-6038): Results xf are not available for /home/saul/projects/ASKA/Sim/DAC6B/dac6b_va_tb/adexl/results/data/Interactive.113/7/DAC6B:dac6b_tb:1. Use results() for a list of available results.
\o WARNING (OCN-6038): Results xf are not available for /home/saul/projects/ASKA/Sim/DAC6B/dac6b_va_tb/adexl/results/data/Interactive.113/7/DAC6B:dac6b_tb:1. Use results() for a list of available results.
\e *Error* db: can't handle db(nil)
\e 
\e 
\o ERROR (ADE-2709): Evaluation of output 'V/V /V1; xf dB20(V/V)' returned 'nil' for point:'7' test:'DAC6B:dac6b_tb:1'
\o 	Expression:'db(getData("/V1" ?result "xf"))'.
\o Ensure that the definition of output is correct.
\o 
\o WARNING (OCN-6038): Results xf are not available for /home/saul/projects/ASKA/Sim/DAC6B/dac6b_va_tb/adexl/results/data/Interactive.113/7/DAC6B:dac6b_tb:1. Use results() for a list of available results.
\o WARNING (OCN-6038): Results xf are not available for /home/saul/projects/ASKA/Sim/DAC6B/dac6b_va_tb/adexl/results/data/Interactive.113/7/DAC6B:dac6b_tb:1. Use results() for a list of available results.
\e *Error* db: can't handle db(nil)
\e 
\e 
\o ERROR (ADE-2709): Evaluation of output 'V/V /V0; xf dB20(V/V)' returned 'nil' for point:'7' test:'DAC6B:dac6b_tb:1'
\o 	Expression:'db(getData("/V0" ?result "xf"))'.
\o Ensure that the definition of output is correct.
\o 
\o 
\o *Info*    Run complete for Point ID (0 7) on testbench [
\o           DAC6B:dac6b_tb:1 ].
\o 
\o 
\o 
\o 
\o 
\o 
\o 
\o 
\o 
\o 
\o *Info*    Run start for Point ID (0 12) on testbench [
\o           DAC6B:dac6b_tb:1 ].
\o 
\o Resetting statistical vars
\o 
\o *Info*    Setting parameter values ...
\o 
\o Setting var VDD = "3.6"
\o Setting var temperature = "-40"
\o Setting temp(T) = -40
\o 
\o *Info*    Netlist Directory =
\o           /home/saul/projects/ASKA/Sim/DAC6B/dac6b_va_tb/adexl/results/data/Interactive.113/12/DAC6B:dac6b_tb:1/netlist
\o 
\o 
\o *Info*    Data Directory    =
\o           /home/saul/projects/ASKA/Sim/DAC6B/dac6b_va_tb/adexl/results/data/Interactive.113/12/DAC6B:dac6b_tb:1
\o 
\o 
\o *Info*    Creating Netlist for Point ID (0 12)
\o 
\o generate netlist...
\o function ansCdlCompPrim redefined
\o function ansCdlCompPrim redefined
\o Begin Incremental Netlisting Jun 25 17:02:05 2024
\o End netlisting Jun 25 17:02:05 2024
\o 
\o 	The netlist is up to date.
\o 	Time taken to compare the design with netlist:   0.0s
\o       ...successful.
\o compose simulator input file...
\o       ...successful.
\o 
\o *Info*    Running simulation on testbench [ DAC6B:dac6b_tb:1 ] for
\o           Point ID (0 12).
\o 
\o Delete psf data in /home/saul/projects/ASKA/Sim/DAC6B/dac6b_va_tb/adexl/results/data/Interactive.113/12/DAC6B:dac6b_tb:1/psf.
\o compose simulator input file...
\o       ...successful.
\o start simulator if needed...
\o       ...successful.
\o simulate...
\o To view the simulator output, right-click on the test name, result 
\o name, or any value in the "Results" tab of the Outputs section and 
\o choose "Output Log" menu option.
\o INFO (ADE-3071): Simulation completed successfully.
\o reading simulation data...
\o       ...successful.
\o *Info*    Client has finished evaluating ... 
\o 
\o WARNING (OCN-6038): Results xf are not available for /home/saul/projects/ASKA/Sim/DAC6B/dac6b_va_tb/adexl/results/data/Interactive.113/12/DAC6B:dac6b_tb:1. Use results() for a list of available results.
\o WARNING (OCN-6038): Results xf are not available for /home/saul/projects/ASKA/Sim/DAC6B/dac6b_va_tb/adexl/results/data/Interactive.113/12/DAC6B:dac6b_tb:1. Use results() for a list of available results.
\e *Error* db: can't handle db(nil)
\e 
\e 
\o WARNING (OCN-6038): Results xf are not available for /home/saul/projects/ASKA/Sim/DAC6B/dac6b_va_tb/adexl/results/data/Interactive.113/12/DAC6B:dac6b_tb:1. Use results() for a list of available results.
\o WARNING (OCN-6038): Results xf are not available for /home/saul/projects/ASKA/Sim/DAC6B/dac6b_va_tb/adexl/results/data/Interactive.113/12/DAC6B:dac6b_tb:1. Use results() for a list of available results.
\e *Error* db: can't handle db(nil)
\e 
\e 
\e *Error* ("difference" 0 t nil ("*Error* difference: can't handle (nil - nil)"))
\e 
\e 
\o ERROR (ADE-2708): Evaluation of output 'CMRR' failed for point:'12' test:'DAC6B:dac6b_tb:1'
\o 	Expression:'(db(getData("/V1" ?result "xf")) - db(getData("/V0" ?result "xf")))'
\o 	because of the following error(s)
\o 	*Error* difference: can't handle (nil - nil).
\o Ensure that the definition of output is correct.
\o 
\o WARNING (OCN-6038): Results xf are not available for /home/saul/projects/ASKA/Sim/DAC6B/dac6b_va_tb/adexl/results/data/Interactive.113/12/DAC6B:dac6b_tb:1. Use results() for a list of available results.
\o WARNING (OCN-6038): Results xf are not available for /home/saul/projects/ASKA/Sim/DAC6B/dac6b_va_tb/adexl/results/data/Interactive.113/12/DAC6B:dac6b_tb:1. Use results() for a list of available results.
\e *Error* db: can't handle db(nil)
\e 
\e 
\o ERROR (ADE-2709): Evaluation of output 'V/V /V1; xf dB20(V/V)' returned 'nil' for point:'12' test:'DAC6B:dac6b_tb:1'
\o 	Expression:'db(getData("/V1" ?result "xf"))'.
\o Ensure that the definition of output is correct.
\o 
\o WARNING (OCN-6038): Results xf are not available for /home/saul/projects/ASKA/Sim/DAC6B/dac6b_va_tb/adexl/results/data/Interactive.113/12/DAC6B:dac6b_tb:1. Use results() for a list of available results.
\o WARNING (OCN-6038): Results xf are not available for /home/saul/projects/ASKA/Sim/DAC6B/dac6b_va_tb/adexl/results/data/Interactive.113/12/DAC6B:dac6b_tb:1. Use results() for a list of available results.
\e *Error* db: can't handle db(nil)
\e 
\e 
\o ERROR (ADE-2709): Evaluation of output 'V/V /V0; xf dB20(V/V)' returned 'nil' for point:'12' test:'DAC6B:dac6b_tb:1'
\o 	Expression:'db(getData("/V0" ?result "xf"))'.
\o Ensure that the definition of output is correct.
\o 
\o 
\o *Info*    Run complete for Point ID (0 12) on testbench [
\o           DAC6B:dac6b_tb:1 ].
\o 
\o 
\o 
\o 
\o 
\o 
\o 
\o 
\o 
\o 
\o *Info*    Run start for Point ID (0 17) on testbench [
\o           DAC6B:dac6b_tb:1 ].
\o 
\o Resetting statistical vars
\o 
\o *Info*    Setting parameter values ...
\o 
\o Setting var temperature = "85"
\o Setting temp(T) = 85
\o 
\o *Info*    Netlist Directory =
\o           /home/saul/projects/ASKA/Sim/DAC6B/dac6b_va_tb/adexl/results/data/Interactive.113/17/DAC6B:dac6b_tb:1/netlist
\o 
\o 
\o *Info*    Data Directory    =
\o           /home/saul/projects/ASKA/Sim/DAC6B/dac6b_va_tb/adexl/results/data/Interactive.113/17/DAC6B:dac6b_tb:1
\o 
\o 
\o *Info*    Creating Netlist for Point ID (0 17)
\o 
\o generate netlist...
\o function ansCdlCompPrim redefined
\o function ansCdlCompPrim redefined
\o Begin Incremental Netlisting Jun 25 17:02:06 2024
\o End netlisting Jun 25 17:02:06 2024
\o 
\o 	The netlist is up to date.
\o 	Time taken to compare the design with netlist:   0.0s
\o       ...successful.
\o compose simulator input file...
\o       ...successful.
\o 
\o *Info*    Running simulation on testbench [ DAC6B:dac6b_tb:1 ] for
\o           Point ID (0 17).
\o 
\o Delete psf data in /home/saul/projects/ASKA/Sim/DAC6B/dac6b_va_tb/adexl/results/data/Interactive.113/17/DAC6B:dac6b_tb:1/psf.
\o compose simulator input file...
\o       ...successful.
\o start simulator if needed...
\o       ...successful.
\o simulate...
\o To view the simulator output, right-click on the test name, result 
\o name, or any value in the "Results" tab of the Outputs section and 
\o choose "Output Log" menu option.
\o INFO (ADE-3071): Simulation completed successfully.
\o reading simulation data...
\o       ...successful.
\o *Info*    Client has finished evaluating ... 
\o 
\o WARNING (OCN-6038): Results xf are not available for /home/saul/projects/ASKA/Sim/DAC6B/dac6b_va_tb/adexl/results/data/Interactive.113/17/DAC6B:dac6b_tb:1. Use results() for a list of available results.
\o WARNING (OCN-6038): Results xf are not available for /home/saul/projects/ASKA/Sim/DAC6B/dac6b_va_tb/adexl/results/data/Interactive.113/17/DAC6B:dac6b_tb:1. Use results() for a list of available results.
\e *Error* db: can't handle db(nil)
\e 
\e 
\o WARNING (OCN-6038): Results xf are not available for /home/saul/projects/ASKA/Sim/DAC6B/dac6b_va_tb/adexl/results/data/Interactive.113/17/DAC6B:dac6b_tb:1. Use results() for a list of available results.
\o WARNING (OCN-6038): Results xf are not available for /home/saul/projects/ASKA/Sim/DAC6B/dac6b_va_tb/adexl/results/data/Interactive.113/17/DAC6B:dac6b_tb:1. Use results() for a list of available results.
\e *Error* db: can't handle db(nil)
\e 
\e 
\e *Error* ("difference" 0 t nil ("*Error* difference: can't handle (nil - nil)"))
\e 
\e 
\o ERROR (ADE-2708): Evaluation of output 'CMRR' failed for point:'17' test:'DAC6B:dac6b_tb:1'
\o 	Expression:'(db(getData("/V1" ?result "xf")) - db(getData("/V0" ?result "xf")))'
\o 	because of the following error(s)
\o 	*Error* difference: can't handle (nil - nil).
\o Ensure that the definition of output is correct.
\o 
\o WARNING (OCN-6038): Results xf are not available for /home/saul/projects/ASKA/Sim/DAC6B/dac6b_va_tb/adexl/results/data/Interactive.113/17/DAC6B:dac6b_tb:1. Use results() for a list of available results.
\o WARNING (OCN-6038): Results xf are not available for /home/saul/projects/ASKA/Sim/DAC6B/dac6b_va_tb/adexl/results/data/Interactive.113/17/DAC6B:dac6b_tb:1. Use results() for a list of available results.
\e *Error* db: can't handle db(nil)
\e 
\e 
\o ERROR (ADE-2709): Evaluation of output 'V/V /V1; xf dB20(V/V)' returned 'nil' for point:'17' test:'DAC6B:dac6b_tb:1'
\o 	Expression:'db(getData("/V1" ?result "xf"))'.
\o Ensure that the definition of output is correct.
\o 
\o WARNING (OCN-6038): Results xf are not available for /home/saul/projects/ASKA/Sim/DAC6B/dac6b_va_tb/adexl/results/data/Interactive.113/17/DAC6B:dac6b_tb:1. Use results() for a list of available results.
\o WARNING (OCN-6038): Results xf are not available for /home/saul/projects/ASKA/Sim/DAC6B/dac6b_va_tb/adexl/results/data/Interactive.113/17/DAC6B:dac6b_tb:1. Use results() for a list of available results.
\e *Error* db: can't handle db(nil)
\e 
\e 
\o ERROR (ADE-2709): Evaluation of output 'V/V /V0; xf dB20(V/V)' returned 'nil' for point:'17' test:'DAC6B:dac6b_tb:1'
\o 	Expression:'db(getData("/V0" ?result "xf"))'.
\o Ensure that the definition of output is correct.
\o 
\o 
\o *Info*    Run complete for Point ID (0 17) on testbench [
\o           DAC6B:dac6b_tb:1 ].
\o 
\o 
\o 
\o 
\o 
\o 
\o 
\o 
\o 
\o 
\o *Info*    Run start for Point ID (0 18) on testbench [
\o           DAC6B:dac6b_tb:1 ].
\o 
\o Resetting statistical vars
\o 
\o *Info*    Setting parameter values ...
\o 
\o Setting var VDD = "3"
\o Setting var temperature = "-40"
\o Setting temp(T) = -40
\o 
\o *Info*    Netlist Directory =
\o           /home/saul/projects/ASKA/Sim/DAC6B/dac6b_va_tb/adexl/results/data/Interactive.113/18/DAC6B:dac6b_tb:1/netlist
\o 
\o 
\o *Info*    Data Directory    =
\o           /home/saul/projects/ASKA/Sim/DAC6B/dac6b_va_tb/adexl/results/data/Interactive.113/18/DAC6B:dac6b_tb:1
\o 
\o 
\o *Info*    Creating Netlist for Point ID (0 18)
\o 
\o generate netlist...
\o function ansCdlCompPrim redefined
\o function ansCdlCompPrim redefined
\o Begin Incremental Netlisting Jun 25 17:02:07 2024
\o End netlisting Jun 25 17:02:07 2024
\o 
\o 	The netlist is up to date.
\o 	Time taken to compare the design with netlist:   0.0s
\o       ...successful.
\o compose simulator input file...
\o       ...successful.
\o 
\o *Info*    Running simulation on testbench [ DAC6B:dac6b_tb:1 ] for
\o           Point ID (0 18).
\o 
\o Delete psf data in /home/saul/projects/ASKA/Sim/DAC6B/dac6b_va_tb/adexl/results/data/Interactive.113/18/DAC6B:dac6b_tb:1/psf.
\o compose simulator input file...
\o       ...successful.
\o start simulator if needed...
\o       ...successful.
\o simulate...
\o To view the simulator output, right-click on the test name, result 
\o name, or any value in the "Results" tab of the Outputs section and 
\o choose "Output Log" menu option.
\o INFO (ADE-3071): Simulation completed successfully.
\o reading simulation data...
\o       ...successful.
\o *Info*    Client has finished evaluating ... 
\o 
\o WARNING (OCN-6038): Results xf are not available for /home/saul/projects/ASKA/Sim/DAC6B/dac6b_va_tb/adexl/results/data/Interactive.113/18/DAC6B:dac6b_tb:1. Use results() for a list of available results.
\o WARNING (OCN-6038): Results xf are not available for /home/saul/projects/ASKA/Sim/DAC6B/dac6b_va_tb/adexl/results/data/Interactive.113/18/DAC6B:dac6b_tb:1. Use results() for a list of available results.
\e *Error* db: can't handle db(nil)
\e 
\e 
\o WARNING (OCN-6038): Results xf are not available for /home/saul/projects/ASKA/Sim/DAC6B/dac6b_va_tb/adexl/results/data/Interactive.113/18/DAC6B:dac6b_tb:1. Use results() for a list of available results.
\o WARNING (OCN-6038): Results xf are not available for /home/saul/projects/ASKA/Sim/DAC6B/dac6b_va_tb/adexl/results/data/Interactive.113/18/DAC6B:dac6b_tb:1. Use results() for a list of available results.
\e *Error* db: can't handle db(nil)
\e 
\e 
\e *Error* ("difference" 0 t nil ("*Error* difference: can't handle (nil - nil)"))
\e 
\e 
\o ERROR (ADE-2708): Evaluation of output 'CMRR' failed for point:'18' test:'DAC6B:dac6b_tb:1'
\o 	Expression:'(db(getData("/V1" ?result "xf")) - db(getData("/V0" ?result "xf")))'
\o 	because of the following error(s)
\o 	*Error* difference: can't handle (nil - nil).
\o Ensure that the definition of output is correct.
\o 
\o WARNING (OCN-6038): Results xf are not available for /home/saul/projects/ASKA/Sim/DAC6B/dac6b_va_tb/adexl/results/data/Interactive.113/18/DAC6B:dac6b_tb:1. Use results() for a list of available results.
\o WARNING (OCN-6038): Results xf are not available for /home/saul/projects/ASKA/Sim/DAC6B/dac6b_va_tb/adexl/results/data/Interactive.113/18/DAC6B:dac6b_tb:1. Use results() for a list of available results.
\e *Error* db: can't handle db(nil)
\e 
\e 
\o ERROR (ADE-2709): Evaluation of output 'V/V /V1; xf dB20(V/V)' returned 'nil' for point:'18' test:'DAC6B:dac6b_tb:1'
\o 	Expression:'db(getData("/V1" ?result "xf"))'.
\o Ensure that the definition of output is correct.
\o 
\o WARNING (OCN-6038): Results xf are not available for /home/saul/projects/ASKA/Sim/DAC6B/dac6b_va_tb/adexl/results/data/Interactive.113/18/DAC6B:dac6b_tb:1. Use results() for a list of available results.
\o WARNING (OCN-6038): Results xf are not available for /home/saul/projects/ASKA/Sim/DAC6B/dac6b_va_tb/adexl/results/data/Interactive.113/18/DAC6B:dac6b_tb:1. Use results() for a list of available results.
\e *Error* db: can't handle db(nil)
\e 
\e 
\o ERROR (ADE-2709): Evaluation of output 'V/V /V0; xf dB20(V/V)' returned 'nil' for point:'18' test:'DAC6B:dac6b_tb:1'
\o 	Expression:'db(getData("/V0" ?result "xf"))'.
\o Ensure that the definition of output is correct.
\o 
\o 
\o *Info*    Run complete for Point ID (0 18) on testbench [
\o           DAC6B:dac6b_tb:1 ].
\o 
\o 
\o 
\o 
\o 
\o 
\o 
\o 
\o 
\o 
\o *Info*    Run start for Point ID (0 24) on testbench [
\o           DAC6B:dac6b_tb:1 ].
\o 
\o Resetting statistical vars
\o 
\o *Info*    Setting parameter values ...
\o 
\o Setting var VDD = "3.6"
\o 
\o *Info*    Netlist Directory =
\o           /home/saul/projects/ASKA/Sim/DAC6B/dac6b_va_tb/adexl/results/data/Interactive.113/24/DAC6B:dac6b_tb:1/netlist
\o 
\o 
\o *Info*    Data Directory    =
\o           /home/saul/projects/ASKA/Sim/DAC6B/dac6b_va_tb/adexl/results/data/Interactive.113/24/DAC6B:dac6b_tb:1
\o 
\o 
\o *Info*    Creating Netlist for Point ID (0 24)
\o 
\o generate netlist...
\o function ansCdlCompPrim redefined
\o function ansCdlCompPrim redefined
\o Begin Incremental Netlisting Jun 25 17:02:08 2024
\o End netlisting Jun 25 17:02:08 2024
\o 
\o 	The netlist is up to date.
\o 	Time taken to compare the design with netlist:   0.0s
\o       ...successful.
\o compose simulator input file...
\o       ...successful.
\o 
\o *Info*    Running simulation on testbench [ DAC6B:dac6b_tb:1 ] for
\o           Point ID (0 24).
\o 
\o Delete psf data in /home/saul/projects/ASKA/Sim/DAC6B/dac6b_va_tb/adexl/results/data/Interactive.113/24/DAC6B:dac6b_tb:1/psf.
\o compose simulator input file...
\o       ...successful.
\o start simulator if needed...
\o       ...successful.
\o simulate...
\o To view the simulator output, right-click on the test name, result 
\o name, or any value in the "Results" tab of the Outputs section and 
\o choose "Output Log" menu option.
\o INFO (ADE-3071): Simulation completed successfully.
\o reading simulation data...
\o       ...successful.
\o *Info*    Client has finished evaluating ... 
\o 
\o WARNING (OCN-6038): Results xf are not available for /home/saul/projects/ASKA/Sim/DAC6B/dac6b_va_tb/adexl/results/data/Interactive.113/24/DAC6B:dac6b_tb:1. Use results() for a list of available results.
\o WARNING (OCN-6038): Results xf are not available for /home/saul/projects/ASKA/Sim/DAC6B/dac6b_va_tb/adexl/results/data/Interactive.113/24/DAC6B:dac6b_tb:1. Use results() for a list of available results.
\e *Error* db: can't handle db(nil)
\e 
\e 
\o WARNING (OCN-6038): Results xf are not available for /home/saul/projects/ASKA/Sim/DAC6B/dac6b_va_tb/adexl/results/data/Interactive.113/24/DAC6B:dac6b_tb:1. Use results() for a list of available results.
\o WARNING (OCN-6038): Results xf are not available for /home/saul/projects/ASKA/Sim/DAC6B/dac6b_va_tb/adexl/results/data/Interactive.113/24/DAC6B:dac6b_tb:1. Use results() for a list of available results.
\e *Error* db: can't handle db(nil)
\e 
\e 
\e *Error* ("difference" 0 t nil ("*Error* difference: can't handle (nil - nil)"))
\e 
\e 
\o ERROR (ADE-2708): Evaluation of output 'CMRR' failed for point:'24' test:'DAC6B:dac6b_tb:1'
\o 	Expression:'(db(getData("/V1" ?result "xf")) - db(getData("/V0" ?result "xf")))'
\o 	because of the following error(s)
\o 	*Error* difference: can't handle (nil - nil).
\o Ensure that the definition of output is correct.
\o 
\o WARNING (OCN-6038): Results xf are not available for /home/saul/projects/ASKA/Sim/DAC6B/dac6b_va_tb/adexl/results/data/Interactive.113/24/DAC6B:dac6b_tb:1. Use results() for a list of available results.
\o WARNING (OCN-6038): Results xf are not available for /home/saul/projects/ASKA/Sim/DAC6B/dac6b_va_tb/adexl/results/data/Interactive.113/24/DAC6B:dac6b_tb:1. Use results() for a list of available results.
\e *Error* db: can't handle db(nil)
\e 
\e 
\o ERROR (ADE-2709): Evaluation of output 'V/V /V1; xf dB20(V/V)' returned 'nil' for point:'24' test:'DAC6B:dac6b_tb:1'
\o 	Expression:'db(getData("/V1" ?result "xf"))'.
\o Ensure that the definition of output is correct.
\o 
\o WARNING (OCN-6038): Results xf are not available for /home/saul/projects/ASKA/Sim/DAC6B/dac6b_va_tb/adexl/results/data/Interactive.113/24/DAC6B:dac6b_tb:1. Use results() for a list of available results.
\o WARNING (OCN-6038): Results xf are not available for /home/saul/projects/ASKA/Sim/DAC6B/dac6b_va_tb/adexl/results/data/Interactive.113/24/DAC6B:dac6b_tb:1. Use results() for a list of available results.
\e *Error* db: can't handle db(nil)
\e 
\e 
\o ERROR (ADE-2709): Evaluation of output 'V/V /V0; xf dB20(V/V)' returned 'nil' for point:'24' test:'DAC6B:dac6b_tb:1'
\o 	Expression:'db(getData("/V0" ?result "xf"))'.
\o Ensure that the definition of output is correct.
\o 
\o 
\o *Info*    Run complete for Point ID (0 24) on testbench [
\o           DAC6B:dac6b_tb:1 ].
\o 
\o 
\o 
\o 
\o 
\o 
\o 
\o 
\o 
\o 
\o *Info*    Run start for Point ID (0 32) on testbench [
\o           DAC6B:dac6b_tb:1 ].
\o 
\o Resetting statistical vars
\o 
\o *Info*    Setting parameter values ...
\o 
\o 
\o *Info*    Netlist Directory =
\o           /home/saul/projects/ASKA/Sim/DAC6B/dac6b_va_tb/adexl/results/data/Interactive.113/32/DAC6B:dac6b_tb:1/netlist
\o 
\o 
\o *Info*    Data Directory    =
\o           /home/saul/projects/ASKA/Sim/DAC6B/dac6b_va_tb/adexl/results/data/Interactive.113/32/DAC6B:dac6b_tb:1
\o 
\o 
\o *Info*    Creating Netlist for Point ID (0 32)
\o 
\o generate netlist...
\o function ansCdlCompPrim redefined
\o function ansCdlCompPrim redefined
\o Begin Incremental Netlisting Jun 25 17:02:09 2024
\o End netlisting Jun 25 17:02:09 2024
\o 
\o 	The netlist is up to date.
\o 	Time taken to compare the design with netlist:   0.0s
\o       ...successful.
\o compose simulator input file...
\o       ...successful.
\o 
\o *Info*    Running simulation on testbench [ DAC6B:dac6b_tb:1 ] for
\o           Point ID (0 32).
\o 
\o Delete psf data in /home/saul/projects/ASKA/Sim/DAC6B/dac6b_va_tb/adexl/results/data/Interactive.113/32/DAC6B:dac6b_tb:1/psf.
\o compose simulator input file...
\o       ...successful.
\o start simulator if needed...
\o       ...successful.
\o simulate...
\o To view the simulator output, right-click on the test name, result 
\o name, or any value in the "Results" tab of the Outputs section and 
\o choose "Output Log" menu option.
\o INFO (ADE-3071): Simulation completed successfully.
\o reading simulation data...
\o       ...successful.
\o *Info*    Client has finished evaluating ... 
\o 
\o WARNING (OCN-6038): Results xf are not available for /home/saul/projects/ASKA/Sim/DAC6B/dac6b_va_tb/adexl/results/data/Interactive.113/32/DAC6B:dac6b_tb:1. Use results() for a list of available results.
\o WARNING (OCN-6038): Results xf are not available for /home/saul/projects/ASKA/Sim/DAC6B/dac6b_va_tb/adexl/results/data/Interactive.113/32/DAC6B:dac6b_tb:1. Use results() for a list of available results.
\e *Error* db: can't handle db(nil)
\e 
\e 
\o WARNING (OCN-6038): Results xf are not available for /home/saul/projects/ASKA/Sim/DAC6B/dac6b_va_tb/adexl/results/data/Interactive.113/32/DAC6B:dac6b_tb:1. Use results() for a list of available results.
\o WARNING (OCN-6038): Results xf are not available for /home/saul/projects/ASKA/Sim/DAC6B/dac6b_va_tb/adexl/results/data/Interactive.113/32/DAC6B:dac6b_tb:1. Use results() for a list of available results.
\e *Error* db: can't handle db(nil)
\e 
\e 
\e *Error* ("difference" 0 t nil ("*Error* difference: can't handle (nil - nil)"))
\e 
\e 
\o ERROR (ADE-2708): Evaluation of output 'CMRR' failed for point:'32' test:'DAC6B:dac6b_tb:1'
\o 	Expression:'(db(getData("/V1" ?result "xf")) - db(getData("/V0" ?result "xf")))'
\o 	because of the following error(s)
\o 	*Error* difference: can't handle (nil - nil).
\o Ensure that the definition of output is correct.
\o 
\o WARNING (OCN-6038): Results xf are not available for /home/saul/projects/ASKA/Sim/DAC6B/dac6b_va_tb/adexl/results/data/Interactive.113/32/DAC6B:dac6b_tb:1. Use results() for a list of available results.
\o WARNING (OCN-6038): Results xf are not available for /home/saul/projects/ASKA/Sim/DAC6B/dac6b_va_tb/adexl/results/data/Interactive.113/32/DAC6B:dac6b_tb:1. Use results() for a list of available results.
\e *Error* db: can't handle db(nil)
\e 
\e 
\o ERROR (ADE-2709): Evaluation of output 'V/V /V1; xf dB20(V/V)' returned 'nil' for point:'32' test:'DAC6B:dac6b_tb:1'
\o 	Expression:'db(getData("/V1" ?result "xf"))'.
\o Ensure that the definition of output is correct.
\o 
\o WARNING (OCN-6038): Results xf are not available for /home/saul/projects/ASKA/Sim/DAC6B/dac6b_va_tb/adexl/results/data/Interactive.113/32/DAC6B:dac6b_tb:1. Use results() for a list of available results.
\o WARNING (OCN-6038): Results xf are not available for /home/saul/projects/ASKA/Sim/DAC6B/dac6b_va_tb/adexl/results/data/Interactive.113/32/DAC6B:dac6b_tb:1. Use results() for a list of available results.
\e *Error* db: can't handle db(nil)
\e 
\e 
\o ERROR (ADE-2709): Evaluation of output 'V/V /V0; xf dB20(V/V)' returned 'nil' for point:'32' test:'DAC6B:dac6b_tb:1'
\o 	Expression:'db(getData("/V0" ?result "xf"))'.
\o Ensure that the definition of output is correct.
\o 
\o 
\o *Info*    Run complete for Point ID (0 32) on testbench [
\o           DAC6B:dac6b_tb:1 ].
\o 
\o 
\o 
\o 
\o 
\# Available memory:         19,377 MB at UTC 2024.06.25 21:02:10.157
\# Memory report: Maximum memory size now 20,021 MB at UTC 2024.06.25 21:02:10.157
\# Thread usage report: 13 active threads, active load 1.40 at UTC 2024.06.25 21:02:10.157
\o 
\o 
\o 
\o 
\o 
\o *Info*    Run start for Point ID (0 37) on testbench [
\o           DAC6B:dac6b_tb:1 ].
\o 
\o Resetting statistical vars
\o 
\o *Info*    Setting parameter values ...
\o 
\o Setting var temperature = "85"
\o Setting temp(T) = 85
\o 
\o *Info*    Netlist Directory =
\o           /home/saul/projects/ASKA/Sim/DAC6B/dac6b_va_tb/adexl/results/data/Interactive.113/37/DAC6B:dac6b_tb:1/netlist
\o 
\o 
\o *Info*    Data Directory    =
\o           /home/saul/projects/ASKA/Sim/DAC6B/dac6b_va_tb/adexl/results/data/Interactive.113/37/DAC6B:dac6b_tb:1
\o 
\o 
\o *Info*    Creating Netlist for Point ID (0 37)
\o 
\o generate netlist...
\o function ansCdlCompPrim redefined
\o function ansCdlCompPrim redefined
\o Begin Incremental Netlisting Jun 25 17:02:10 2024
\o End netlisting Jun 25 17:02:10 2024
\o 
\o 	The netlist is up to date.
\o 	Time taken to compare the design with netlist:   0.0s
\o       ...successful.
\o compose simulator input file...
\o       ...successful.
\o 
\o *Info*    Running simulation on testbench [ DAC6B:dac6b_tb:1 ] for
\o           Point ID (0 37).
\o 
\o Delete psf data in /home/saul/projects/ASKA/Sim/DAC6B/dac6b_va_tb/adexl/results/data/Interactive.113/37/DAC6B:dac6b_tb:1/psf.
\o compose simulator input file...
\o       ...successful.
\o start simulator if needed...
\o       ...successful.
\o simulate...
\o To view the simulator output, right-click on the test name, result 
\o name, or any value in the "Results" tab of the Outputs section and 
\o choose "Output Log" menu option.
\o INFO (ADE-3071): Simulation completed successfully.
\o reading simulation data...
\o       ...successful.
\o *Info*    Client has finished evaluating ... 
\o 
\o WARNING (OCN-6038): Results xf are not available for /home/saul/projects/ASKA/Sim/DAC6B/dac6b_va_tb/adexl/results/data/Interactive.113/37/DAC6B:dac6b_tb:1. Use results() for a list of available results.
\o WARNING (OCN-6038): Results xf are not available for /home/saul/projects/ASKA/Sim/DAC6B/dac6b_va_tb/adexl/results/data/Interactive.113/37/DAC6B:dac6b_tb:1. Use results() for a list of available results.
\e *Error* db: can't handle db(nil)
\e 
\e 
\o WARNING (OCN-6038): Results xf are not available for /home/saul/projects/ASKA/Sim/DAC6B/dac6b_va_tb/adexl/results/data/Interactive.113/37/DAC6B:dac6b_tb:1. Use results() for a list of available results.
\o WARNING (OCN-6038): Results xf are not available for /home/saul/projects/ASKA/Sim/DAC6B/dac6b_va_tb/adexl/results/data/Interactive.113/37/DAC6B:dac6b_tb:1. Use results() for a list of available results.
\e *Error* db: can't handle db(nil)
\e 
\e 
\e *Error* ("difference" 0 t nil ("*Error* difference: can't handle (nil - nil)"))
\e 
\e 
\o ERROR (ADE-2708): Evaluation of output 'CMRR' failed for point:'37' test:'DAC6B:dac6b_tb:1'
\o 	Expression:'(db(getData("/V1" ?result "xf")) - db(getData("/V0" ?result "xf")))'
\o 	because of the following error(s)
\o 	*Error* difference: can't handle (nil - nil).
\o Ensure that the definition of output is correct.
\o 
\o WARNING (OCN-6038): Results xf are not available for /home/saul/projects/ASKA/Sim/DAC6B/dac6b_va_tb/adexl/results/data/Interactive.113/37/DAC6B:dac6b_tb:1. Use results() for a list of available results.
\o WARNING (OCN-6038): Results xf are not available for /home/saul/projects/ASKA/Sim/DAC6B/dac6b_va_tb/adexl/results/data/Interactive.113/37/DAC6B:dac6b_tb:1. Use results() for a list of available results.
\e *Error* db: can't handle db(nil)
\e 
\e 
\o ERROR (ADE-2709): Evaluation of output 'V/V /V1; xf dB20(V/V)' returned 'nil' for point:'37' test:'DAC6B:dac6b_tb:1'
\o 	Expression:'db(getData("/V1" ?result "xf"))'.
\o Ensure that the definition of output is correct.
\o 
\o WARNING (OCN-6038): Results xf are not available for /home/saul/projects/ASKA/Sim/DAC6B/dac6b_va_tb/adexl/results/data/Interactive.113/37/DAC6B:dac6b_tb:1. Use results() for a list of available results.
\o WARNING (OCN-6038): Results xf are not available for /home/saul/projects/ASKA/Sim/DAC6B/dac6b_va_tb/adexl/results/data/Interactive.113/37/DAC6B:dac6b_tb:1. Use results() for a list of available results.
\e *Error* db: can't handle db(nil)
\e 
\e 
\o ERROR (ADE-2709): Evaluation of output 'V/V /V0; xf dB20(V/V)' returned 'nil' for point:'37' test:'DAC6B:dac6b_tb:1'
\o 	Expression:'db(getData("/V0" ?result "xf"))'.
\o Ensure that the definition of output is correct.
\o 
\o 
\o *Info*    Run complete for Point ID (0 37) on testbench [
\o           DAC6B:dac6b_tb:1 ].
\o 
\o 
\o 
\o 
\o 
\o 
\o 
\o 
\o 
\o 
\o *Info*    Run start for Point ID (0 40) on testbench [
\o           DAC6B:dac6b_tb:1 ].
\o 
\o Resetting statistical vars
\o 
\o *Info*    Setting parameter values ...
\o 
\o Setting var temperature = "-40"
\o Setting temp(T) = -40
\o 
\o *Info*    Netlist Directory =
\o           /home/saul/projects/ASKA/Sim/DAC6B/dac6b_va_tb/adexl/results/data/Interactive.113/40/DAC6B:dac6b_tb:1/netlist
\o 
\o 
\o *Info*    Data Directory    =
\o           /home/saul/projects/ASKA/Sim/DAC6B/dac6b_va_tb/adexl/results/data/Interactive.113/40/DAC6B:dac6b_tb:1
\o 
\o 
\o *Info*    Creating Netlist for Point ID (0 40)
\o 
\o generate netlist...
\o function ansCdlCompPrim redefined
\o function ansCdlCompPrim redefined
\o Begin Incremental Netlisting Jun 25 17:02:11 2024
\o End netlisting Jun 25 17:02:11 2024
\o 
\o 	The netlist is up to date.
\o 	Time taken to compare the design with netlist:   0.0s
\o       ...successful.
\o compose simulator input file...
\o       ...successful.
\o 
\o *Info*    Running simulation on testbench [ DAC6B:dac6b_tb:1 ] for
\o           Point ID (0 40).
\o 
\o Delete psf data in /home/saul/projects/ASKA/Sim/DAC6B/dac6b_va_tb/adexl/results/data/Interactive.113/40/DAC6B:dac6b_tb:1/psf.
\o compose simulator input file...
\o       ...successful.
\o start simulator if needed...
\o       ...successful.
\o simulate...
\o To view the simulator output, right-click on the test name, result 
\o name, or any value in the "Results" tab of the Outputs section and 
\o choose "Output Log" menu option.
\o INFO (ADE-3071): Simulation completed successfully.
\o reading simulation data...
\o       ...successful.
\o *Info*    Client has finished evaluating ... 
\o 
\o WARNING (OCN-6038): Results xf are not available for /home/saul/projects/ASKA/Sim/DAC6B/dac6b_va_tb/adexl/results/data/Interactive.113/40/DAC6B:dac6b_tb:1. Use results() for a list of available results.
\o WARNING (OCN-6038): Results xf are not available for /home/saul/projects/ASKA/Sim/DAC6B/dac6b_va_tb/adexl/results/data/Interactive.113/40/DAC6B:dac6b_tb:1. Use results() for a list of available results.
\e *Error* db: can't handle db(nil)
\e 
\e 
\o WARNING (OCN-6038): Results xf are not available for /home/saul/projects/ASKA/Sim/DAC6B/dac6b_va_tb/adexl/results/data/Interactive.113/40/DAC6B:dac6b_tb:1. Use results() for a list of available results.
\o WARNING (OCN-6038): Results xf are not available for /home/saul/projects/ASKA/Sim/DAC6B/dac6b_va_tb/adexl/results/data/Interactive.113/40/DAC6B:dac6b_tb:1. Use results() for a list of available results.
\e *Error* db: can't handle db(nil)
\e 
\e 
\e *Error* ("difference" 0 t nil ("*Error* difference: can't handle (nil - nil)"))
\e 
\e 
\o ERROR (ADE-2708): Evaluation of output 'CMRR' failed for point:'40' test:'DAC6B:dac6b_tb:1'
\o 	Expression:'(db(getData("/V1" ?result "xf")) - db(getData("/V0" ?result "xf")))'
\o 	because of the following error(s)
\o 	*Error* difference: can't handle (nil - nil).
\o Ensure that the definition of output is correct.
\o 
\o WARNING (OCN-6038): Results xf are not available for /home/saul/projects/ASKA/Sim/DAC6B/dac6b_va_tb/adexl/results/data/Interactive.113/40/DAC6B:dac6b_tb:1. Use results() for a list of available results.
\o WARNING (OCN-6038): Results xf are not available for /home/saul/projects/ASKA/Sim/DAC6B/dac6b_va_tb/adexl/results/data/Interactive.113/40/DAC6B:dac6b_tb:1. Use results() for a list of available results.
\e *Error* db: can't handle db(nil)
\e 
\e 
\o ERROR (ADE-2709): Evaluation of output 'V/V /V1; xf dB20(V/V)' returned 'nil' for point:'40' test:'DAC6B:dac6b_tb:1'
\o 	Expression:'db(getData("/V1" ?result "xf"))'.
\o Ensure that the definition of output is correct.
\o 
\o WARNING (OCN-6038): Results xf are not available for /home/saul/projects/ASKA/Sim/DAC6B/dac6b_va_tb/adexl/results/data/Interactive.113/40/DAC6B:dac6b_tb:1. Use results() for a list of available results.
\o WARNING (OCN-6038): Results xf are not available for /home/saul/projects/ASKA/Sim/DAC6B/dac6b_va_tb/adexl/results/data/Interactive.113/40/DAC6B:dac6b_tb:1. Use results() for a list of available results.
\e *Error* db: can't handle db(nil)
\e 
\e 
\o ERROR (ADE-2709): Evaluation of output 'V/V /V0; xf dB20(V/V)' returned 'nil' for point:'40' test:'DAC6B:dac6b_tb:1'
\o 	Expression:'db(getData("/V0" ?result "xf"))'.
\o Ensure that the definition of output is correct.
\o 
\o 
\o *Info*    Run complete for Point ID (0 40) on testbench [
\o           DAC6B:dac6b_tb:1 ].
\o 
\o 
\o 
\o 
\o 
\o 
\o 
\o 
\o 
\o 
\o *Info*    Run start for Point ID (0 44) on testbench [
\o           DAC6B:dac6b_tb:1 ].
\o 
\o Resetting statistical vars
\o 
\o *Info*    Setting parameter values ...
\o 
\o 
\o *Info*    Netlist Directory =
\o           /home/saul/projects/ASKA/Sim/DAC6B/dac6b_va_tb/adexl/results/data/Interactive.113/44/DAC6B:dac6b_tb:1/netlist
\o 
\o 
\o *Info*    Data Directory    =
\o           /home/saul/projects/ASKA/Sim/DAC6B/dac6b_va_tb/adexl/results/data/Interactive.113/44/DAC6B:dac6b_tb:1
\o 
\o 
\o *Info*    Creating Netlist for Point ID (0 44)
\o 
\o generate netlist...
\o function ansCdlCompPrim redefined
\o function ansCdlCompPrim redefined
\o Begin Incremental Netlisting Jun 25 17:02:12 2024
\o End netlisting Jun 25 17:02:12 2024
\o 
\o 	The netlist is up to date.
\o 	Time taken to compare the design with netlist:   0.0s
\o       ...successful.
\o compose simulator input file...
\o       ...successful.
\o 
\o *Info*    Running simulation on testbench [ DAC6B:dac6b_tb:1 ] for
\o           Point ID (0 44).
\o 
\o Delete psf data in /home/saul/projects/ASKA/Sim/DAC6B/dac6b_va_tb/adexl/results/data/Interactive.113/44/DAC6B:dac6b_tb:1/psf.
\o compose simulator input file...
\o       ...successful.
\o start simulator if needed...
\o       ...successful.
\o simulate...
\o To view the simulator output, right-click on the test name, result 
\o name, or any value in the "Results" tab of the Outputs section and 
\o choose "Output Log" menu option.
\o INFO (ADE-3071): Simulation completed successfully.
\o reading simulation data...
\o       ...successful.
\o *Info*    Client has finished evaluating ... 
\o 
\o WARNING (OCN-6038): Results xf are not available for /home/saul/projects/ASKA/Sim/DAC6B/dac6b_va_tb/adexl/results/data/Interactive.113/44/DAC6B:dac6b_tb:1. Use results() for a list of available results.
\o WARNING (OCN-6038): Results xf are not available for /home/saul/projects/ASKA/Sim/DAC6B/dac6b_va_tb/adexl/results/data/Interactive.113/44/DAC6B:dac6b_tb:1. Use results() for a list of available results.
\e *Error* db: can't handle db(nil)
\e 
\e 
\o WARNING (OCN-6038): Results xf are not available for /home/saul/projects/ASKA/Sim/DAC6B/dac6b_va_tb/adexl/results/data/Interactive.113/44/DAC6B:dac6b_tb:1. Use results() for a list of available results.
\o WARNING (OCN-6038): Results xf are not available for /home/saul/projects/ASKA/Sim/DAC6B/dac6b_va_tb/adexl/results/data/Interactive.113/44/DAC6B:dac6b_tb:1. Use results() for a list of available results.
\e *Error* db: can't handle db(nil)
\e 
\e 
\e *Error* ("difference" 0 t nil ("*Error* difference: can't handle (nil - nil)"))
\e 
\e 
\o ERROR (ADE-2708): Evaluation of output 'CMRR' failed for point:'44' test:'DAC6B:dac6b_tb:1'
\o 	Expression:'(db(getData("/V1" ?result "xf")) - db(getData("/V0" ?result "xf")))'
\o 	because of the following error(s)
\o 	*Error* difference: can't handle (nil - nil).
\o Ensure that the definition of output is correct.
\o 
\o WARNING (OCN-6038): Results xf are not available for /home/saul/projects/ASKA/Sim/DAC6B/dac6b_va_tb/adexl/results/data/Interactive.113/44/DAC6B:dac6b_tb:1. Use results() for a list of available results.
\o WARNING (OCN-6038): Results xf are not available for /home/saul/projects/ASKA/Sim/DAC6B/dac6b_va_tb/adexl/results/data/Interactive.113/44/DAC6B:dac6b_tb:1. Use results() for a list of available results.
\e *Error* db: can't handle db(nil)
\e 
\e 
\o ERROR (ADE-2709): Evaluation of output 'V/V /V1; xf dB20(V/V)' returned 'nil' for point:'44' test:'DAC6B:dac6b_tb:1'
\o 	Expression:'db(getData("/V1" ?result "xf"))'.
\o Ensure that the definition of output is correct.
\o 
\o WARNING (OCN-6038): Results xf are not available for /home/saul/projects/ASKA/Sim/DAC6B/dac6b_va_tb/adexl/results/data/Interactive.113/44/DAC6B:dac6b_tb:1. Use results() for a list of available results.
\o WARNING (OCN-6038): Results xf are not available for /home/saul/projects/ASKA/Sim/DAC6B/dac6b_va_tb/adexl/results/data/Interactive.113/44/DAC6B:dac6b_tb:1. Use results() for a list of available results.
\e *Error* db: can't handle db(nil)
\e 
\e 
\o ERROR (ADE-2709): Evaluation of output 'V/V /V0; xf dB20(V/V)' returned 'nil' for point:'44' test:'DAC6B:dac6b_tb:1'
\o 	Expression:'db(getData("/V0" ?result "xf"))'.
\o Ensure that the definition of output is correct.
\o 
\o 
\o *Info*    Run complete for Point ID (0 44) on testbench [
\o           DAC6B:dac6b_tb:1 ].
\o 
\o 
\o 
\o 
\o 
\o 
\o 
\o 
\o 
\o 
\o *Info*    Run start for Point ID (0 51) on testbench [
\o           DAC6B:dac6b_tb:1 ].
\o 
\o Resetting statistical vars
\o 
\o *Info*    Setting parameter values ...
\o 
\o Setting var VDD = "3"
\o Setting var temperature = "85"
\o Setting temp(T) = 85
\o 
\o *Info*    Netlist Directory =
\o           /home/saul/projects/ASKA/Sim/DAC6B/dac6b_va_tb/adexl/results/data/Interactive.113/51/DAC6B:dac6b_tb:1/netlist
\o 
\o 
\o *Info*    Data Directory    =
\o           /home/saul/projects/ASKA/Sim/DAC6B/dac6b_va_tb/adexl/results/data/Interactive.113/51/DAC6B:dac6b_tb:1
\o 
\o 
\o *Info*    Creating Netlist for Point ID (0 51)
\o 
\o generate netlist...
\o function ansCdlCompPrim redefined
\o function ansCdlCompPrim redefined
\o Begin Incremental Netlisting Jun 25 17:02:13 2024
\o End netlisting Jun 25 17:02:13 2024
\o 
\o 	The netlist is up to date.
\o 	Time taken to compare the design with netlist:   0.0s
\o       ...successful.
\o compose simulator input file...
\o       ...successful.
\o 
\o *Info*    Running simulation on testbench [ DAC6B:dac6b_tb:1 ] for
\o           Point ID (0 51).
\o 
\o Delete psf data in /home/saul/projects/ASKA/Sim/DAC6B/dac6b_va_tb/adexl/results/data/Interactive.113/51/DAC6B:dac6b_tb:1/psf.
\o compose simulator input file...
\o       ...successful.
\o start simulator if needed...
\o       ...successful.
\o simulate...
\o To view the simulator output, right-click on the test name, result 
\o name, or any value in the "Results" tab of the Outputs section and 
\o choose "Output Log" menu option.
\o INFO (ADE-3071): Simulation completed successfully.
\o reading simulation data...
\o       ...successful.
\o *Info*    Client has finished evaluating ... 
\o 
\o WARNING (OCN-6038): Results xf are not available for /home/saul/projects/ASKA/Sim/DAC6B/dac6b_va_tb/adexl/results/data/Interactive.113/51/DAC6B:dac6b_tb:1. Use results() for a list of available results.
\o WARNING (OCN-6038): Results xf are not available for /home/saul/projects/ASKA/Sim/DAC6B/dac6b_va_tb/adexl/results/data/Interactive.113/51/DAC6B:dac6b_tb:1. Use results() for a list of available results.
\e *Error* db: can't handle db(nil)
\e 
\e 
\o WARNING (OCN-6038): Results xf are not available for /home/saul/projects/ASKA/Sim/DAC6B/dac6b_va_tb/adexl/results/data/Interactive.113/51/DAC6B:dac6b_tb:1. Use results() for a list of available results.
\o WARNING (OCN-6038): Results xf are not available for /home/saul/projects/ASKA/Sim/DAC6B/dac6b_va_tb/adexl/results/data/Interactive.113/51/DAC6B:dac6b_tb:1. Use results() for a list of available results.
\e *Error* db: can't handle db(nil)
\e 
\e 
\e *Error* ("difference" 0 t nil ("*Error* difference: can't handle (nil - nil)"))
\e 
\e 
\o ERROR (ADE-2708): Evaluation of output 'CMRR' failed for point:'51' test:'DAC6B:dac6b_tb:1'
\o 	Expression:'(db(getData("/V1" ?result "xf")) - db(getData("/V0" ?result "xf")))'
\o 	because of the following error(s)
\o 	*Error* difference: can't handle (nil - nil).
\o Ensure that the definition of output is correct.
\o 
\o WARNING (OCN-6038): Results xf are not available for /home/saul/projects/ASKA/Sim/DAC6B/dac6b_va_tb/adexl/results/data/Interactive.113/51/DAC6B:dac6b_tb:1. Use results() for a list of available results.
\o WARNING (OCN-6038): Results xf are not available for /home/saul/projects/ASKA/Sim/DAC6B/dac6b_va_tb/adexl/results/data/Interactive.113/51/DAC6B:dac6b_tb:1. Use results() for a list of available results.
\e *Error* db: can't handle db(nil)
\e 
\e 
\o ERROR (ADE-2709): Evaluation of output 'V/V /V1; xf dB20(V/V)' returned 'nil' for point:'51' test:'DAC6B:dac6b_tb:1'
\o 	Expression:'db(getData("/V1" ?result "xf"))'.
\o Ensure that the definition of output is correct.
\o 
\o WARNING (OCN-6038): Results xf are not available for /home/saul/projects/ASKA/Sim/DAC6B/dac6b_va_tb/adexl/results/data/Interactive.113/51/DAC6B:dac6b_tb:1. Use results() for a list of available results.
\o WARNING (OCN-6038): Results xf are not available for /home/saul/projects/ASKA/Sim/DAC6B/dac6b_va_tb/adexl/results/data/Interactive.113/51/DAC6B:dac6b_tb:1. Use results() for a list of available results.
\e *Error* db: can't handle db(nil)
\e 
\e 
\o ERROR (ADE-2709): Evaluation of output 'V/V /V0; xf dB20(V/V)' returned 'nil' for point:'51' test:'DAC6B:dac6b_tb:1'
\o 	Expression:'db(getData("/V0" ?result "xf"))'.
\o Ensure that the definition of output is correct.
\o 
\o 
\o *Info*    Run complete for Point ID (0 51) on testbench [
\o           DAC6B:dac6b_tb:1 ].
\o 
\o 
\o 
\o 
\o 
\o 
\o 
\o 
\o 
\o 
\o *Info*    Run start for Point ID (0 57) on testbench [
\o           DAC6B:dac6b_tb:1 ].
\o 
\o Resetting statistical vars
\o 
\o *Info*    Setting parameter values ...
\o 
\o Setting var VDD = "3.6"
\o 
\o *Info*    Netlist Directory =
\o           /home/saul/projects/ASKA/Sim/DAC6B/dac6b_va_tb/adexl/results/data/Interactive.113/57/DAC6B:dac6b_tb:1/netlist
\o 
\o 
\o *Info*    Data Directory    =
\o           /home/saul/projects/ASKA/Sim/DAC6B/dac6b_va_tb/adexl/results/data/Interactive.113/57/DAC6B:dac6b_tb:1
\o 
\o 
\o *Info*    Creating Netlist for Point ID (0 57)
\o 
\o generate netlist...
\o function ansCdlCompPrim redefined
\o function ansCdlCompPrim redefined
\o Begin Incremental Netlisting Jun 25 17:02:14 2024
\o End netlisting Jun 25 17:02:14 2024
\o 
\o 	The netlist is up to date.
\o 	Time taken to compare the design with netlist:   0.0s
\o       ...successful.
\o compose simulator input file...
\o       ...successful.
\o 
\o *Info*    Running simulation on testbench [ DAC6B:dac6b_tb:1 ] for
\o           Point ID (0 57).
\o 
\o Delete psf data in /home/saul/projects/ASKA/Sim/DAC6B/dac6b_va_tb/adexl/results/data/Interactive.113/57/DAC6B:dac6b_tb:1/psf.
\o compose simulator input file...
\o       ...successful.
\o start simulator if needed...
\o       ...successful.
\o simulate...
\o To view the simulator output, right-click on the test name, result 
\o name, or any value in the "Results" tab of the Outputs section and 
\o choose "Output Log" menu option.
\o INFO (ADE-3071): Simulation completed successfully.
\o reading simulation data...
\o       ...successful.
\o *Info*    Client has finished evaluating ... 
\o 
\o WARNING (OCN-6038): Results xf are not available for /home/saul/projects/ASKA/Sim/DAC6B/dac6b_va_tb/adexl/results/data/Interactive.113/57/DAC6B:dac6b_tb:1. Use results() for a list of available results.
\o WARNING (OCN-6038): Results xf are not available for /home/saul/projects/ASKA/Sim/DAC6B/dac6b_va_tb/adexl/results/data/Interactive.113/57/DAC6B:dac6b_tb:1. Use results() for a list of available results.
\e *Error* db: can't handle db(nil)
\e 
\e 
\o WARNING (OCN-6038): Results xf are not available for /home/saul/projects/ASKA/Sim/DAC6B/dac6b_va_tb/adexl/results/data/Interactive.113/57/DAC6B:dac6b_tb:1. Use results() for a list of available results.
\o WARNING (OCN-6038): Results xf are not available for /home/saul/projects/ASKA/Sim/DAC6B/dac6b_va_tb/adexl/results/data/Interactive.113/57/DAC6B:dac6b_tb:1. Use results() for a list of available results.
\e *Error* db: can't handle db(nil)
\e 
\e 
\e *Error* ("difference" 0 t nil ("*Error* difference: can't handle (nil - nil)"))
\e 
\e 
\o ERROR (ADE-2708): Evaluation of output 'CMRR' failed for point:'57' test:'DAC6B:dac6b_tb:1'
\o 	Expression:'(db(getData("/V1" ?result "xf")) - db(getData("/V0" ?result "xf")))'
\o 	because of the following error(s)
\o 	*Error* difference: can't handle (nil - nil).
\o Ensure that the definition of output is correct.
\o 
\o WARNING (OCN-6038): Results xf are not available for /home/saul/projects/ASKA/Sim/DAC6B/dac6b_va_tb/adexl/results/data/Interactive.113/57/DAC6B:dac6b_tb:1. Use results() for a list of available results.
\o WARNING (OCN-6038): Results xf are not available for /home/saul/projects/ASKA/Sim/DAC6B/dac6b_va_tb/adexl/results/data/Interactive.113/57/DAC6B:dac6b_tb:1. Use results() for a list of available results.
\e *Error* db: can't handle db(nil)
\e 
\e 
\o ERROR (ADE-2709): Evaluation of output 'V/V /V1; xf dB20(V/V)' returned 'nil' for point:'57' test:'DAC6B:dac6b_tb:1'
\o 	Expression:'db(getData("/V1" ?result "xf"))'.
\o Ensure that the definition of output is correct.
\o 
\o WARNING (OCN-6038): Results xf are not available for /home/saul/projects/ASKA/Sim/DAC6B/dac6b_va_tb/adexl/results/data/Interactive.113/57/DAC6B:dac6b_tb:1. Use results() for a list of available results.
\o WARNING (OCN-6038): Results xf are not available for /home/saul/projects/ASKA/Sim/DAC6B/dac6b_va_tb/adexl/results/data/Interactive.113/57/DAC6B:dac6b_tb:1. Use results() for a list of available results.
\e *Error* db: can't handle db(nil)
\e 
\e 
\o ERROR (ADE-2709): Evaluation of output 'V/V /V0; xf dB20(V/V)' returned 'nil' for point:'57' test:'DAC6B:dac6b_tb:1'
\o 	Expression:'db(getData("/V0" ?result "xf"))'.
\o Ensure that the definition of output is correct.
\o 
\o 
\o *Info*    Run complete for Point ID (0 57) on testbench [
\o           DAC6B:dac6b_tb:1 ].
\o 
\o 
\o 
\o 
\o 
\o 
\o 
\o 
\o 
\o 
\o *Info*    Run start for Point ID (0 61) on testbench [
\o           DAC6B:dac6b_tb:1 ].
\o 
\o Resetting statistical vars
\o 
\o *Info*    Setting parameter values ...
\o 
\o 
\o *Info*    Netlist Directory =
\o           /home/saul/projects/ASKA/Sim/DAC6B/dac6b_va_tb/adexl/results/data/Interactive.113/61/DAC6B:dac6b_tb:1/netlist
\o 
\o 
\o *Info*    Data Directory    =
\o           /home/saul/projects/ASKA/Sim/DAC6B/dac6b_va_tb/adexl/results/data/Interactive.113/61/DAC6B:dac6b_tb:1
\o 
\o 
\o *Info*    Creating Netlist for Point ID (0 61)
\o 
\o generate netlist...
\o function ansCdlCompPrim redefined
\o function ansCdlCompPrim redefined
\o Begin Incremental Netlisting Jun 25 17:02:15 2024
\o End netlisting Jun 25 17:02:15 2024
\o 
\o 	The netlist is up to date.
\o 	Time taken to compare the design with netlist:   0.0s
\o       ...successful.
\o compose simulator input file...
\o       ...successful.
\o 
\o *Info*    Running simulation on testbench [ DAC6B:dac6b_tb:1 ] for
\o           Point ID (0 61).
\o 
\o Delete psf data in /home/saul/projects/ASKA/Sim/DAC6B/dac6b_va_tb/adexl/results/data/Interactive.113/61/DAC6B:dac6b_tb:1/psf.
\o compose simulator input file...
\o       ...successful.
\o start simulator if needed...
\o       ...successful.
\o simulate...
\o To view the simulator output, right-click on the test name, result 
\o name, or any value in the "Results" tab of the Outputs section and 
\o choose "Output Log" menu option.
\o INFO (ADE-3071): Simulation completed successfully.
\o reading simulation data...
\o       ...successful.
\o *Info*    Client has finished evaluating ... 
\o 
\o WARNING (OCN-6038): Results xf are not available for /home/saul/projects/ASKA/Sim/DAC6B/dac6b_va_tb/adexl/results/data/Interactive.113/61/DAC6B:dac6b_tb:1. Use results() for a list of available results.
\o WARNING (OCN-6038): Results xf are not available for /home/saul/projects/ASKA/Sim/DAC6B/dac6b_va_tb/adexl/results/data/Interactive.113/61/DAC6B:dac6b_tb:1. Use results() for a list of available results.
\e *Error* db: can't handle db(nil)
\e 
\e 
\o WARNING (OCN-6038): Results xf are not available for /home/saul/projects/ASKA/Sim/DAC6B/dac6b_va_tb/adexl/results/data/Interactive.113/61/DAC6B:dac6b_tb:1. Use results() for a list of available results.
\o WARNING (OCN-6038): Results xf are not available for /home/saul/projects/ASKA/Sim/DAC6B/dac6b_va_tb/adexl/results/data/Interactive.113/61/DAC6B:dac6b_tb:1. Use results() for a list of available results.
\e *Error* db: can't handle db(nil)
\e 
\e 
\e *Error* ("difference" 0 t nil ("*Error* difference: can't handle (nil - nil)"))
\e 
\e 
\o ERROR (ADE-2708): Evaluation of output 'CMRR' failed for point:'61' test:'DAC6B:dac6b_tb:1'
\o 	Expression:'(db(getData("/V1" ?result "xf")) - db(getData("/V0" ?result "xf")))'
\o 	because of the following error(s)
\o 	*Error* difference: can't handle (nil - nil).
\o Ensure that the definition of output is correct.
\o 
\o WARNING (OCN-6038): Results xf are not available for /home/saul/projects/ASKA/Sim/DAC6B/dac6b_va_tb/adexl/results/data/Interactive.113/61/DAC6B:dac6b_tb:1. Use results() for a list of available results.
\o WARNING (OCN-6038): Results xf are not available for /home/saul/projects/ASKA/Sim/DAC6B/dac6b_va_tb/adexl/results/data/Interactive.113/61/DAC6B:dac6b_tb:1. Use results() for a list of available results.
\e *Error* db: can't handle db(nil)
\e 
\e 
\o ERROR (ADE-2709): Evaluation of output 'V/V /V1; xf dB20(V/V)' returned 'nil' for point:'61' test:'DAC6B:dac6b_tb:1'
\o 	Expression:'db(getData("/V1" ?result "xf"))'.
\o Ensure that the definition of output is correct.
\o 
\o WARNING (OCN-6038): Results xf are not available for /home/saul/projects/ASKA/Sim/DAC6B/dac6b_va_tb/adexl/results/data/Interactive.113/61/DAC6B:dac6b_tb:1. Use results() for a list of available results.
\o WARNING (OCN-6038): Results xf are not available for /home/saul/projects/ASKA/Sim/DAC6B/dac6b_va_tb/adexl/results/data/Interactive.113/61/DAC6B:dac6b_tb:1. Use results() for a list of available results.
\e *Error* db: can't handle db(nil)
\e 
\e 
\o ERROR (ADE-2709): Evaluation of output 'V/V /V0; xf dB20(V/V)' returned 'nil' for point:'61' test:'DAC6B:dac6b_tb:1'
\o 	Expression:'db(getData("/V0" ?result "xf"))'.
\o Ensure that the definition of output is correct.
\o 
\o 
\o *Info*    Run complete for Point ID (0 61) on testbench [
\o           DAC6B:dac6b_tb:1 ].
\o 
\o 
\o 
\o 
\o 
\o 
\o 
\o 
\o 
\o 
\o *Info*    Run start for Point ID (0 63) on testbench [
\o           DAC6B:dac6b_tb:1 ].
\o 
\o Resetting statistical vars
\o 
\o *Info*    Setting parameter values ...
\o 
\o Setting var VDD = "3"
\o 
\o *Info*    Netlist Directory =
\o           /home/saul/projects/ASKA/Sim/DAC6B/dac6b_va_tb/adexl/results/data/Interactive.113/63/DAC6B:dac6b_tb:1/netlist
\o 
\o 
\o *Info*    Data Directory    =
\o           /home/saul/projects/ASKA/Sim/DAC6B/dac6b_va_tb/adexl/results/data/Interactive.113/63/DAC6B:dac6b_tb:1
\o 
\o 
\o *Info*    Creating Netlist for Point ID (0 63)
\o 
\o generate netlist...
\o function ansCdlCompPrim redefined
\o function ansCdlCompPrim redefined
\o Begin Incremental Netlisting Jun 25 17:02:16 2024
\o End netlisting Jun 25 17:02:16 2024
\o 
\o 	The netlist is up to date.
\o 	Time taken to compare the design with netlist:   0.0s
\o       ...successful.
\o compose simulator input file...
\o       ...successful.
\o 
\o *Info*    Running simulation on testbench [ DAC6B:dac6b_tb:1 ] for
\o           Point ID (0 63).
\o 
\o Delete psf data in /home/saul/projects/ASKA/Sim/DAC6B/dac6b_va_tb/adexl/results/data/Interactive.113/63/DAC6B:dac6b_tb:1/psf.
\o compose simulator input file...
\o       ...successful.
\o start simulator if needed...
\o       ...successful.
\o simulate...
\o To view the simulator output, right-click on the test name, result 
\o name, or any value in the "Results" tab of the Outputs section and 
\o choose "Output Log" menu option.
\o INFO (ADE-3071): Simulation completed successfully.
\o reading simulation data...
\o       ...successful.
\o *Info*    Client has finished evaluating ... 
\o 
\o WARNING (OCN-6038): Results xf are not available for /home/saul/projects/ASKA/Sim/DAC6B/dac6b_va_tb/adexl/results/data/Interactive.113/63/DAC6B:dac6b_tb:1. Use results() for a list of available results.
\o WARNING (OCN-6038): Results xf are not available for /home/saul/projects/ASKA/Sim/DAC6B/dac6b_va_tb/adexl/results/data/Interactive.113/63/DAC6B:dac6b_tb:1. Use results() for a list of available results.
\e *Error* db: can't handle db(nil)
\e 
\e 
\o WARNING (OCN-6038): Results xf are not available for /home/saul/projects/ASKA/Sim/DAC6B/dac6b_va_tb/adexl/results/data/Interactive.113/63/DAC6B:dac6b_tb:1. Use results() for a list of available results.
\o WARNING (OCN-6038): Results xf are not available for /home/saul/projects/ASKA/Sim/DAC6B/dac6b_va_tb/adexl/results/data/Interactive.113/63/DAC6B:dac6b_tb:1. Use results() for a list of available results.
\e *Error* db: can't handle db(nil)
\e 
\e 
\e *Error* ("difference" 0 t nil ("*Error* difference: can't handle (nil - nil)"))
\e 
\e 
\o ERROR (ADE-2708): Evaluation of output 'CMRR' failed for point:'63' test:'DAC6B:dac6b_tb:1'
\o 	Expression:'(db(getData("/V1" ?result "xf")) - db(getData("/V0" ?result "xf")))'
\o 	because of the following error(s)
\o 	*Error* difference: can't handle (nil - nil).
\o Ensure that the definition of output is correct.
\o 
\o WARNING (OCN-6038): Results xf are not available for /home/saul/projects/ASKA/Sim/DAC6B/dac6b_va_tb/adexl/results/data/Interactive.113/63/DAC6B:dac6b_tb:1. Use results() for a list of available results.
\o WARNING (OCN-6038): Results xf are not available for /home/saul/projects/ASKA/Sim/DAC6B/dac6b_va_tb/adexl/results/data/Interactive.113/63/DAC6B:dac6b_tb:1. Use results() for a list of available results.
\e *Error* db: can't handle db(nil)
\e 
\e 
\o ERROR (ADE-2709): Evaluation of output 'V/V /V1; xf dB20(V/V)' returned 'nil' for point:'63' test:'DAC6B:dac6b_tb:1'
\o 	Expression:'db(getData("/V1" ?result "xf"))'.
\o Ensure that the definition of output is correct.
\o 
\o WARNING (OCN-6038): Results xf are not available for /home/saul/projects/ASKA/Sim/DAC6B/dac6b_va_tb/adexl/results/data/Interactive.113/63/DAC6B:dac6b_tb:1. Use results() for a list of available results.
\o WARNING (OCN-6038): Results xf are not available for /home/saul/projects/ASKA/Sim/DAC6B/dac6b_va_tb/adexl/results/data/Interactive.113/63/DAC6B:dac6b_tb:1. Use results() for a list of available results.
\e *Error* db: can't handle db(nil)
\e 
\e 
\o ERROR (ADE-2709): Evaluation of output 'V/V /V0; xf dB20(V/V)' returned 'nil' for point:'63' test:'DAC6B:dac6b_tb:1'
\o 	Expression:'db(getData("/V0" ?result "xf"))'.
\o Ensure that the definition of output is correct.
\o 
\o 
\o *Info*    Run complete for Point ID (0 63) on testbench [
\o           DAC6B:dac6b_tb:1 ].
\o 
\o 
\o 
\o 
\o 
\o Simulation design variables differ from those on the cellView,
\o they have been saved in the file "/tmp/saved-design-variables".
\o To save future changes, copy variables to cellView before exiting.
\# Lic Summary:
\# [17:07:21.023730] Cdslmd servers:3000@lic08.ug.kth.se
\# [17:07:21.023761] Feature usage summary:
\# Memory report: on exit            669 MB, process size 2,458 MB at UTC 2024.06.25 21:07:21.023
\# Memory report: peak usage         669 MB, process size 2,458 MB
