\# Program start time:     UTC 2024.04.24 13:38:10.031
\# Local time: EDT (UTC-04:00) 2024.04.24 09:38:10.031
\o Program:		@(#)$CDS: virtuoso version 6.1.8-64b 10/11/2023 09:56 (cpgbld01) $
\o Hierarchy:		/home/saul/cadence/installs/IC618/tools.lnx86/dfII/
\o Sub version:		sub-version  IC6.1.8-64b.500.34  (64-bit addresses)
\# Command line:	/pkg/cadence/installs/IC618/tools.lnx86/dfII/bin/64bit/virtuoso -noautostart -mpssession virtuoso22295 -mpshost phoenix -davinciService DaVinciService_22295_1713952086 -log /home/saul/projects/ASKA/logs_saul/logs0/Job67.log -licenseLockFileName /home/saul/projects/ASKA/.tmp_saul/.phoenix_22295 -interactiveA -interactiveE -interactiveRTT -nostdin -nographE -axlChildIdFlag 67
\# Host name (type):	phoenix (x86_64)
\# Operating system:	Linux 3.10.0-1160.105.1.el7.x86_64 #1 SMP Thu Dec 7 15:39:45 UTC 2023
\# Linux /etc/issue:	\S
\# Linux /etc/issue:	Kernel \r on an \m
\# X display name (WxH):	:5288 (1024x868)
\# Available geometry:			TL(0:0) BR(1023:867)
\# X server:			The X.Org Foundation
\# Depth of Visual (Root):	24 (24)
\# Number of Planes Used:	24
\# X version:		11.0 (vendor release 12004000)
\# X resource pool:	base 0x400000, mask 0x1fffff (2097151), shift 0
\# 			current id 0x0, current max 0x1ffffa (2097146)
\# Max data seg size:	     unlimited
\# Max process size:	     unlimited
\# Initial sbrk value:	        622 MB
\# Available memory:	     19,880 MB
\# System memory:	     25,561 MB
\# Maximum memory size:	     25,158 MB
\# Max mem available:	     20,098 MB
\# Initial memory used:	        218 MB
\#        process size:	      1,821 MB
\# Thread usage limits (effective/default):	maxthreads 4096/4096 maxload 7.00/7.00
\# Qt version:		5.9.1
\# Window Manager:	other
\# User Name:		saul
\o Working Directory:	phoenix:/home/saul/projects/ASKA
\# Process Id:		4037
\o 
\o COPYRIGHT (C) 1992-2023  CADENCE DESIGN SYSTEMS INC.  ALL RIGHTS RESERVED.
\o           (C) 1992-2023  UNIX SYSTEMS Laboratories INC.,
\o                          Reproduced with permission.
\o 
\o This Cadence Design Systems program and online documentation are
\o proprietary/confidential information and may be disclosed/used only
\o as authorized in a license agreement controlling such use and disclosure.
\o 
\o           RESTRICTED RIGHTS NOTICE (SHORT FORM)
\o Use/reproduction/disclosure is subject to restriction
\o set forth at FAR 1252.227-19 or its equivalent.
\o Loading geView.cxt 
\o Loading menuBuilder.cxt 
\o Loading schView.cxt 
\o Loading selectSv.cxt 
\o Loading pvsui.cxt
\o Loading wireEdit.cxt 
\o Loading pte2.cxt 
\o Loading xlUI.cxt 
\o Loading auCore.cxt 
\o Loading vhdl.cxt 
\o Loading seismic.cxt 
\o Loading ci.cxt 
\o Loading ams.cxt 
\o Loading oasis.cxt 
\o Loading analog.cxt 
\o Loading asimenv.cxt 
\o Loading dal.cxt 
\o Loading awv.cxt 
\o Loading socket.cxt 
\o Loading par.cxt 
\o Loading alvs.cxt 
\o Loading caa.cxt 
\o Loading amps.cxt 
\o Loading adexlCore.cxt 
\o Loading adexl.cxt 
\o *Info*    Exporting services from client ... 
\o 
\o Loading adexlDM.cxt 
\o Loading cpf.cxt 
\o Loading cli.cxt 
\o Loading lp.cxt 
\o INFO (ELI-00302) Connecting to parent process (session=virtuoso22295, host=phoenix). Connection mode is ICRP. Total timeout is 180 seconds. Connection timeout is 90 seconds.
\o INFO (ELI-00303) Step 1: Connecting to parent. Time spent is 0 seconds.
\o INFO (ELI-00304) The registration of the child 4037 within 90 seconds is being processed...
\o INFO (ELI-00305) The result of registration is true. Time spent is 0 seconds.
\o INFO (ELI-00308) The connection has ended. Result is true. Total time spent is 0 seconds.
\# [09:38:10.512425] Configured Lic search path (22.01-s002): 3000@lic08.ug.kth.se
\# Memory report: using         370 MB, process size 2,102 MB at UTC 2024.04.24 13:38:12.634
\o Loading .cdsinit for the XH018 X-Fab XKit.
\o     LOAD xh018_1143 SPECIFIC CALL-BACK ROUTINES
\o     LOAD ALL AVAILABLE P-CELL FUNCTIONS
\o ** Info: PDK loadpath is "/home/saul/pkg/xfab/XKIT/xh018/cadence/v9_0/PDK/IC61/v9_0_4"
\o Loading XfSktTools.cxt
\o Loading XfMenu.cxt
\o Loading XfTechXh018.cxt
\o Loading XfPcellCore.cxt
\o function ansiSpicePrintProperties_subcircuit redefined
\o Loading XfSkillExt.cxt
\o Initializing library.
\o Finished Initializing Library .
\o     Generic PcellKit: 'production' loaded.
\o     Generic Pcell Skill Tools: 'production' loaded.
\o Loading Circuit Prospector Setup (XfCircuitProspSetup.il)
\o     LOAD THE ENVIRONMENT FILE
\o  --> Setting the required PDK definitions...
\o     GDSII LAYER MAPPING FILE = "./.xkit/setup/xh018/cadence/PDK/TECH_XH018_1143/strmInOut.layertable"
\o     GDSII OBJECT MAPPING FILE = "./.xkit/setup/xh018/cadence/PDK/TECH_XH018_1143/strmOutObjects.map"
\o Use model setup from PDK...
\o Loading spectrei.cxt 
\o Loading devCheck.cxt 
\o Loading relXpert.cxt 
\o Loading vdsil.cxt 
\o Loading hspiceD.cxt 
\o Loading spectreinl.cxt 
\o Loading UltraSim.cxt 
\o Loading msgHandler.cxt 
\o Loading AMSOSS.cxt 
\o Loading AMS.cxt 
\o  --> Finished setting the required PDK definitions
\o  --> Setting the recommended EDA tool defaults...
\o  --> Finished setting the recommended EDA tool defaults
\o     LOAD DEFAULT BINDKEYS
\o Loading viva.cxt 
\o  --> AssuraTools Setup not available
\o *Info*    Client has finished starting ... 
\o 
\p > 
\# Loading perfDiag...
\# (PerfDiag): Set GDB path to environment variable 'gdbPath' (gdb).
\# Performance Diagnostic tool is installed. You can access PerfDiag from CIW Tools or use the shell command 'cdsPerfDiag -p 4037' to open it when Virtuoso freezes.
\# (PerfDiag): Loading backtrace from /pkg/cadence/installs/IC618/tools/lib/64bit/cdnslibunwind.so
\o Loading vqp.cxt 
\o Loading hdlPkg.cxt 
\o 
\o 
\o *Info*    Configuring the session ...
\o 
\o Loading simui.cxt 
\o 	Library      = PULSE_GENERATOR
\o 	Cell         = pulse_generator_tb
\o 	View         = config
\o 	Simulator    = spectre
\o 	State Path   = $AXL_SETUPDB_DIR/test_states
\o 	State Name   = PULSE_GENERATOR:pulse_generator_tb:1_none_Interactive.25
\o 	Results DB   = /home/saul/projects/ASKA/PULSE_GENERATOR/pulse_generator_tb/adexl/results/data/Interactive.25.rdb
\o 	Results Dir  = /home/saul/projects/ASKA/Sim/PULSE_GENERATOR/pulse_generator_tb/adexl/results/data/Interactive.25/3/PULSE_GENERATOR:pulse_generator_tb:1
\o 	Results Loc  = /home/saul/projects/ASKA/Sim/PULSE_GENERATOR/pulse_generator_tb/adexl/results/data
\o 	Project Dir  = /home/saul/projects/ASKA/Sim
\o 	Setup DB loc = /home/saul/projects/ASKA/PULSE_GENERATOR/pulse_generator_tb/adexl
\o 	File Encoding = 0
\o 
\o 
\o WARNING (ADE-7017): The Spectre run mode needs to be 'batch' when EM/IR analysis is enabled. Automatically setting the run mode to 'batch'.
\# Memory report: using         494 MB, process size 2,233 MB at UTC 2024.04.24 13:38:14.082
\o 
\o *Info*    The auto suspension is disabled.
\o 
\o     LOAD GENERIC "X-KIT" SKILL CONTEXT "./.xkit/setup/x_all/cadence/xenv/skill/context6/xkit.cxt" 
\o  - Menu "XKit Utilities" installed to CIW.
\o     LOAD ".cdsinit_personal" FILE FROM THE WORKING DIRECTORY.
\o     INFO: To customize this setup, please use the following environment variables:
\o           CUSTOM_SCRIPT_PATH - should point to the master shell or perl script
\o                              e.g.:
\o                              setenv CUSTOM_SCRIPT_PATH /path/to/my/script/LoadMyScripts.csh
\o           CUSTOM_SKILL_PATH - should point to your master skill load file
\o                              e.g.:
\o                              setenv CUSTOM_SKILL_PATH /path/to/my/skill/LoadMySkills.il
\o  loading default key binding 
\o  -> END LOAD ".cdsinit" FILE
\o Loading monte.cxt 
\o 
\o 
\o 
\o 
\o 
\o *Info*    Run start for Point ID (25 5) on testbench [
\o           PULSE_GENERATOR:pulse_generator_tb:1 ].
\o 
\o Resetting statistical vars
\o 
\o *Info*    Setting parameter values ...
\o 
\o Setting var VDD3 = "3.3"
\o Setting var VDD3_PULSE = "0"
\o Setting var VDDHV = "40"
\o Setting var VDDHV_PULSE = "0"
\o Setting var temperature = "85"
\o Setting temp(T) = 85
\o 
\o *Info*    Netlist Directory =
\o           /home/saul/projects/ASKA/Sim/PULSE_GENERATOR/pulse_generator_tb/adexl/results/data/Interactive.25/5/PULSE_GENERATOR:pulse_generator_tb:1/netlist
\o 
\o 
\o *Info*    Data Directory    =
\o           /home/saul/projects/ASKA/Sim/PULSE_GENERATOR/pulse_generator_tb/adexl/results/data/Interactive.25/5/PULSE_GENERATOR:pulse_generator_tb:1
\o 
\o 
\o *Info*    Creating Netlist for Point ID (25 5)
\o 
\o generate netlist...
\o Loading hnlInit.cxt 
\o Loading seCore.cxt 
\o function ansCdlCompPrim redefined
\o function ansCdlCompPrim redefined
\# [09:38:14.468962] Periodic Lic check successful
\# [09:38:14.468968] Feature usage summary:
\o Begin Incremental Netlisting Apr 24 09:38:14 2024
\o End netlisting Apr 24 09:38:14 2024
\o 
\o 	The netlist is up to date.
\o 	Time taken to compare the design with netlist:   0.0s
\o       ...successful.
\o compose simulator input file...
\o       ...successful.
\o 
\o *Info*    Running simulation on testbench [
\o           PULSE_GENERATOR:pulse_generator_tb:1 ] for Point ID (25 5).
\o 
\o Delete psf data in /home/saul/projects/ASKA/Sim/PULSE_GENERATOR/pulse_generator_tb/adexl/results/data/Interactive.25/5/PULSE_GENERATOR:pulse_generator_tb:1/psf.
\o compose simulator input file...
\o       ...successful.
\o start simulator if needed...
\o       ...successful.
\o simulate...
\o To view the simulator output, right-click on the test name, result 
\o name, or any value in the "Results" tab of the Outputs section and 
\o choose "Output Log" menu option.
\o Loading paraplot.cxt 
\# Memory report: using         623 MB, process size 2,412 MB at UTC 2024.04.24 13:38:15.189
\o INFO (ADE-3071): Simulation completed successfully.
\o reading simulation data...
\o       ...successful.
\o *Info*    Client has finished evaluating ... 
\o 
\o 
\o *Info*    Run complete for Point ID (25 5) on testbench [
\o           PULSE_GENERATOR:pulse_generator_tb:1 ].
\o 
\o 
\o 
\o 
\o 
\o 
\o 
\o 
\o 
\o 
\o *Info*    Run start for Point ID (25 9) on testbench [
\o           PULSE_GENERATOR:pulse_generator_tb:1 ].
\o 
\o Resetting statistical vars
\o 
\o *Info*    Setting parameter values ...
\o 
\o 
\o *Info*    Netlist Directory =
\o           /home/saul/projects/ASKA/Sim/PULSE_GENERATOR/pulse_generator_tb/adexl/results/data/Interactive.25/9/PULSE_GENERATOR:pulse_generator_tb:1/netlist
\o 
\o 
\o *Info*    Data Directory    =
\o           /home/saul/projects/ASKA/Sim/PULSE_GENERATOR/pulse_generator_tb/adexl/results/data/Interactive.25/9/PULSE_GENERATOR:pulse_generator_tb:1
\o 
\o 
\o *Info*    Creating Netlist for Point ID (25 9)
\o 
\o generate netlist...
\o function ansCdlCompPrim redefined
\o function ansCdlCompPrim redefined
\o Begin Incremental Netlisting Apr 24 09:38:16 2024
\o End netlisting Apr 24 09:38:16 2024
\o 
\o 	The netlist is up to date.
\o 	Time taken to compare the design with netlist:   0.0s
\o       ...successful.
\o compose simulator input file...
\o       ...successful.
\o 
\o *Info*    Running simulation on testbench [
\o           PULSE_GENERATOR:pulse_generator_tb:1 ] for Point ID (25 9).
\o 
\o Delete psf data in /home/saul/projects/ASKA/Sim/PULSE_GENERATOR/pulse_generator_tb/adexl/results/data/Interactive.25/9/PULSE_GENERATOR:pulse_generator_tb:1/psf.
\o compose simulator input file...
\o       ...successful.
\o start simulator if needed...
\o       ...successful.
\o simulate...
\o To view the simulator output, right-click on the test name, result 
\o name, or any value in the "Results" tab of the Outputs section and 
\o choose "Output Log" menu option.
\o INFO (ADE-3071): Simulation completed successfully.
\o reading simulation data...
\o       ...successful.
\o *Info*    Client has finished evaluating ... 
\o 
\o 
\o *Info*    Run complete for Point ID (25 9) on testbench [
\o           PULSE_GENERATOR:pulse_generator_tb:1 ].
\o 
\o 
\o 
\o 
\o 
\o 
\o 
\o 
\o 
\o 
\o *Info*    Run start for Point ID (25 14) on testbench [
\o           PULSE_GENERATOR:pulse_generator_tb:1 ].
\o 
\o Resetting statistical vars
\o 
\o *Info*    Setting parameter values ...
\o 
\o Setting var temperature = "-40"
\o Setting temp(T) = -40
\o 
\o *Info*    Netlist Directory =
\o           /home/saul/projects/ASKA/Sim/PULSE_GENERATOR/pulse_generator_tb/adexl/results/data/Interactive.25/14/PULSE_GENERATOR:pulse_generator_tb:1/netlist
\o 
\o 
\o *Info*    Data Directory    =
\o           /home/saul/projects/ASKA/Sim/PULSE_GENERATOR/pulse_generator_tb/adexl/results/data/Interactive.25/14/PULSE_GENERATOR:pulse_generator_tb:1
\o 
\o 
\o *Info*    Creating Netlist for Point ID (25 14)
\o 
\o generate netlist...
\o function ansCdlCompPrim redefined
\o function ansCdlCompPrim redefined
\o Begin Incremental Netlisting Apr 24 09:38:19 2024
\o End netlisting Apr 24 09:38:19 2024
\o 
\o 	The netlist is up to date.
\o 	Time taken to compare the design with netlist:   0.0s
\o       ...successful.
\o compose simulator input file...
\o       ...successful.
\o 
\o *Info*    Running simulation on testbench [
\o           PULSE_GENERATOR:pulse_generator_tb:1 ] for Point ID (25 14).
\o 
\o Delete psf data in /home/saul/projects/ASKA/Sim/PULSE_GENERATOR/pulse_generator_tb/adexl/results/data/Interactive.25/14/PULSE_GENERATOR:pulse_generator_tb:1/psf.
\o compose simulator input file...
\o       ...successful.
\o start simulator if needed...
\o       ...successful.
\o simulate...
\o To view the simulator output, right-click on the test name, result 
\o name, or any value in the "Results" tab of the Outputs section and 
\o choose "Output Log" menu option.
\# Available memory:         17,988 MB at UTC 2024.04.24 13:38:20.039
\# Memory report: Maximum memory size now 18,648 MB at UTC 2024.04.24 13:38:20.039
\# Thread usage report: 13 active threads, active load 1.40 at UTC 2024.04.24 13:38:20.039
\o INFO (ADE-3071): Simulation completed successfully.
\o reading simulation data...
\o       ...successful.
\o *Info*    Client has finished evaluating ... 
\o 
\o 
\o *Info*    Run complete for Point ID (25 14) on testbench [
\o           PULSE_GENERATOR:pulse_generator_tb:1 ].
\o 
\o 
\o 
\o 
\o 
\o 
\o 
\o 
\o 
\o 
\o *Info*    Run start for Point ID (25 19) on testbench [
\o           PULSE_GENERATOR:pulse_generator_tb:1 ].
\o 
\o Resetting statistical vars
\o 
\o *Info*    Setting parameter values ...
\o 
\o Setting var temperature = "85"
\o Setting temp(T) = 85
\o 
\o *Info*    Netlist Directory =
\o           /home/saul/projects/ASKA/Sim/PULSE_GENERATOR/pulse_generator_tb/adexl/results/data/Interactive.25/19/PULSE_GENERATOR:pulse_generator_tb:1/netlist
\o 
\o 
\o *Info*    Data Directory    =
\o           /home/saul/projects/ASKA/Sim/PULSE_GENERATOR/pulse_generator_tb/adexl/results/data/Interactive.25/19/PULSE_GENERATOR:pulse_generator_tb:1
\o 
\o 
\o *Info*    Creating Netlist for Point ID (25 19)
\o 
\o generate netlist...
\o function ansCdlCompPrim redefined
\o function ansCdlCompPrim redefined
\o Begin Incremental Netlisting Apr 24 09:38:22 2024
\o End netlisting Apr 24 09:38:22 2024
\o 
\o 	The netlist is up to date.
\o 	Time taken to compare the design with netlist:   0.0s
\o       ...successful.
\o compose simulator input file...
\o       ...successful.
\o 
\o *Info*    Running simulation on testbench [
\o           PULSE_GENERATOR:pulse_generator_tb:1 ] for Point ID (25 19).
\o 
\o Delete psf data in /home/saul/projects/ASKA/Sim/PULSE_GENERATOR/pulse_generator_tb/adexl/results/data/Interactive.25/19/PULSE_GENERATOR:pulse_generator_tb:1/psf.
\o compose simulator input file...
\o       ...successful.
\o start simulator if needed...
\o       ...successful.
\o simulate...
\o To view the simulator output, right-click on the test name, result 
\o name, or any value in the "Results" tab of the Outputs section and 
\o choose "Output Log" menu option.
\o INFO (ADE-3071): Simulation completed successfully.
\o reading simulation data...
\o       ...successful.
\o *Info*    Client has finished evaluating ... 
\o 
\o 
\o *Info*    Run complete for Point ID (25 19) on testbench [
\o           PULSE_GENERATOR:pulse_generator_tb:1 ].
\o 
\o 
\o 
\o 
\o 
\o 
\o 
\o 
\o 
\o 
\o *Info*    Run start for Point ID (25 22) on testbench [
\o           PULSE_GENERATOR:pulse_generator_tb:1 ].
\o 
\o Resetting statistical vars
\o 
\o *Info*    Setting parameter values ...
\o 
\o Setting var temperature = "-40"
\o Setting temp(T) = -40
\o 
\o *Info*    Netlist Directory =
\o           /home/saul/projects/ASKA/Sim/PULSE_GENERATOR/pulse_generator_tb/adexl/results/data/Interactive.25/22/PULSE_GENERATOR:pulse_generator_tb:1/netlist
\o 
\o 
\o *Info*    Data Directory    =
\o           /home/saul/projects/ASKA/Sim/PULSE_GENERATOR/pulse_generator_tb/adexl/results/data/Interactive.25/22/PULSE_GENERATOR:pulse_generator_tb:1
\o 
\o 
\o *Info*    Creating Netlist for Point ID (25 22)
\o 
\o generate netlist...
\o function ansCdlCompPrim redefined
\o function ansCdlCompPrim redefined
\o Begin Incremental Netlisting Apr 24 09:38:24 2024
\o End netlisting Apr 24 09:38:24 2024
\o 
\o 	The netlist is up to date.
\o 	Time taken to compare the design with netlist:   0.0s
\o       ...successful.
\o compose simulator input file...
\o       ...successful.
\o 
\o *Info*    Running simulation on testbench [
\o           PULSE_GENERATOR:pulse_generator_tb:1 ] for Point ID (25 22).
\o 
\o Delete psf data in /home/saul/projects/ASKA/Sim/PULSE_GENERATOR/pulse_generator_tb/adexl/results/data/Interactive.25/22/PULSE_GENERATOR:pulse_generator_tb:1/psf.
\o compose simulator input file...
\o       ...successful.
\o start simulator if needed...
\o       ...successful.
\o simulate...
\o To view the simulator output, right-click on the test name, result 
\o name, or any value in the "Results" tab of the Outputs section and 
\o choose "Output Log" menu option.
\o INFO (ADE-3071): Simulation completed successfully.
\o reading simulation data...
\o       ...successful.
\o *Info*    Client has finished evaluating ... 
\o 
\o 
\o *Info*    Run complete for Point ID (25 22) on testbench [
\o           PULSE_GENERATOR:pulse_generator_tb:1 ].
\o 
\o 
\o 
\o 
\o 
\o 
\o 
\o 
\o 
\o 
\o *Info*    Run start for Point ID (25 28) on testbench [
\o           PULSE_GENERATOR:pulse_generator_tb:1 ].
\o 
\o Resetting statistical vars
\o 
\o *Info*    Setting parameter values ...
\o 
\o 
\o *Info*    Netlist Directory =
\o           /home/saul/projects/ASKA/Sim/PULSE_GENERATOR/pulse_generator_tb/adexl/results/data/Interactive.25/28/PULSE_GENERATOR:pulse_generator_tb:1/netlist
\o 
\o 
\o *Info*    Data Directory    =
\o           /home/saul/projects/ASKA/Sim/PULSE_GENERATOR/pulse_generator_tb/adexl/results/data/Interactive.25/28/PULSE_GENERATOR:pulse_generator_tb:1
\o 
\o 
\o *Info*    Creating Netlist for Point ID (25 28)
\o 
\o generate netlist...
\o function ansCdlCompPrim redefined
\o function ansCdlCompPrim redefined
\o Begin Incremental Netlisting Apr 24 09:38:27 2024
\o End netlisting Apr 24 09:38:27 2024
\o 
\o 	The netlist is up to date.
\o 	Time taken to compare the design with netlist:   0.0s
\o       ...successful.
\o compose simulator input file...
\o       ...successful.
\o 
\o *Info*    Running simulation on testbench [
\o           PULSE_GENERATOR:pulse_generator_tb:1 ] for Point ID (25 28).
\o 
\o Delete psf data in /home/saul/projects/ASKA/Sim/PULSE_GENERATOR/pulse_generator_tb/adexl/results/data/Interactive.25/28/PULSE_GENERATOR:pulse_generator_tb:1/psf.
\o compose simulator input file...
\o       ...successful.
\o start simulator if needed...
\o       ...successful.
\o simulate...
\o To view the simulator output, right-click on the test name, result 
\o name, or any value in the "Results" tab of the Outputs section and 
\o choose "Output Log" menu option.
\o INFO (ADE-3071): Simulation completed successfully.
\o reading simulation data...
\o       ...successful.
\o *Info*    Client has finished evaluating ... 
\o 
\o 
\o *Info*    Run complete for Point ID (25 28) on testbench [
\o           PULSE_GENERATOR:pulse_generator_tb:1 ].
\o 
\o 
\o 
\o 
\o 
\o 
\o 
\o 
\o 
\o 
\o *Info*    Run start for Point ID (25 33) on testbench [
\o           PULSE_GENERATOR:pulse_generator_tb:1 ].
\o 
\o Resetting statistical vars
\o 
\o *Info*    Setting parameter values ...
\o 
\o Setting var temperature = "85"
\o Setting temp(T) = 85
\o 
\o *Info*    Netlist Directory =
\o           /home/saul/projects/ASKA/Sim/PULSE_GENERATOR/pulse_generator_tb/adexl/results/data/Interactive.25/33/PULSE_GENERATOR:pulse_generator_tb:1/netlist
\o 
\o 
\o *Info*    Data Directory    =
\o           /home/saul/projects/ASKA/Sim/PULSE_GENERATOR/pulse_generator_tb/adexl/results/data/Interactive.25/33/PULSE_GENERATOR:pulse_generator_tb:1
\o 
\o 
\o *Info*    Creating Netlist for Point ID (25 33)
\o 
\o generate netlist...
\o function ansCdlCompPrim redefined
\o function ansCdlCompPrim redefined
\o Begin Incremental Netlisting Apr 24 09:38:30 2024
\o End netlisting Apr 24 09:38:30 2024
\o 
\o 	The netlist is up to date.
\o 	Time taken to compare the design with netlist:   0.0s
\o       ...successful.
\o compose simulator input file...
\o       ...successful.
\o 
\o *Info*    Running simulation on testbench [
\o           PULSE_GENERATOR:pulse_generator_tb:1 ] for Point ID (25 33).
\o 
\o Delete psf data in /home/saul/projects/ASKA/Sim/PULSE_GENERATOR/pulse_generator_tb/adexl/results/data/Interactive.25/33/PULSE_GENERATOR:pulse_generator_tb:1/psf.
\o compose simulator input file...
\o       ...successful.
\o start simulator if needed...
\o       ...successful.
\o simulate...
\o To view the simulator output, right-click on the test name, result 
\o name, or any value in the "Results" tab of the Outputs section and 
\o choose "Output Log" menu option.
\# Memory report: using         723 MB, process size 2,512 MB at UTC 2024.04.24 13:38:32.077
\o INFO (ADE-3071): Simulation completed successfully.
\o reading simulation data...
\o       ...successful.
\o *Info*    Client has finished evaluating ... 
\o 
\o 
\o *Info*    Run complete for Point ID (25 33) on testbench [
\o           PULSE_GENERATOR:pulse_generator_tb:1 ].
\o 
\o 
\o 
\o 
\o 
\o Simulation design variables differ from those on the cellView,
\o they have been saved in the file "/tmp/saved-design-variables".
\o To save future changes, copy variables to cellView before exiting.
\o 
\o 
\o *Info*    Configuring the session ...
\o 
\o 	Library      = PULSE_GENERATOR
\o 	Cell         = pulse_generator_tb
\o 	View         = config
\o 	Simulator    = spectre
\o 	State Path   = $AXL_SETUPDB_DIR/test_states
\o 	State Name   = PULSE_GENERATOR:pulse_generator_tb:1_none_Interactive.26
\o 	Results DB   = /home/saul/projects/ASKA/PULSE_GENERATOR/pulse_generator_tb/adexl/results/data/Interactive.26.rdb
\o 	Results Dir  = /home/saul/projects/ASKA/Sim/PULSE_GENERATOR/pulse_generator_tb/adexl/results/data/Interactive.26/1/PULSE_GENERATOR:pulse_generator_tb:1
\o 	Results Loc  = /home/saul/projects/ASKA/Sim/PULSE_GENERATOR/pulse_generator_tb/adexl/results/data
\o 	Project Dir  = /home/saul/projects/ASKA/Sim
\o 	Setup DB loc = /home/saul/projects/ASKA/PULSE_GENERATOR/pulse_generator_tb/adexl
\o 	File Encoding = 0
\o 
\o 
\o 
\o *Info*    The auto suspension is disabled.
\o 
\o 
\o 
\o 
\o 
\o 
\o *Info*    Run start for Point ID (26 5) on testbench [
\o           PULSE_GENERATOR:pulse_generator_tb:1 ].
\o 
\o Resetting statistical vars
\o 
\o *Info*    Setting parameter values ...
\o 
\o Setting var DN1 = "0"
\o Setting var DN2 = "0"
\o Setting var UP1 = "3.3"
\o Setting var UP2 = "3.3"
\o Setting var VDD3 = "3.3"
\o Setting var VDD3_PULSE = "0"
\o Setting var VDDHV = "40"
\o Setting var VDDHV_PULSE = "0"
\o Setting var temperature = "85"
\o Setting temp(T) = 85
\o 
\o *Info*    Netlist Directory =
\o           /home/saul/projects/ASKA/Sim/PULSE_GENERATOR/pulse_generator_tb/adexl/results/data/Interactive.26/5/PULSE_GENERATOR:pulse_generator_tb:1/netlist
\o 
\o 
\o *Info*    Data Directory    =
\o           /home/saul/projects/ASKA/Sim/PULSE_GENERATOR/pulse_generator_tb/adexl/results/data/Interactive.26/5/PULSE_GENERATOR:pulse_generator_tb:1
\o 
\o 
\o *Info*    Creating Netlist for Point ID (26 5)
\o 
\o generate netlist...
\o function ansCdlCompPrim redefined
\o function ansCdlCompPrim redefined
\o Begin Incremental Netlisting Apr 24 09:40:46 2024
\o WARNING (OSSHNL-226): There are more design variables used in the current netlisting session as
\o compared to the last session in the current run directory. The netlist(s)
\o generated in the last netlisting session cannot be reused for incremental
\o netlisting. Therefore re-netlisting the design.
\o 
\o WARNING (ADE-6003): Terminal "EN", specified in the CDF termOrder, does not exist
\o            in the cell-view "PULSE_GENERATOR" "pulse_generator" "schematic"
\o WARNING (ADE-6004): Mismatch was found between the terminals in the cellView and those on the
\o            termOrder property on the CDF. Because of the mismatch, the CDF termOrder will
\o            be ignored. The terminals in the cellView will be netlisted in the alphabetical
\o            order of their names. Eliminate the mismatch if you want the CDF termOrder
\o            property to be used for netlisting.
\o            To edit CDF of a cell, 
\o            i) Open CIW->Tools->CDF->Edit.
\o            ii) Select Library Name & Cell Name.
\o            iii) Click on the Edit button in the simulation information section of the
\o                 Edit CDF window.
\o Loading json.cxt 
\o End netlisting Apr 24 09:40:46 2024
\o 
\o Netlisting Statistics:
\o 	Number of components:  180
\o 
\o 	Elapsed time:          0.0s
\o Errors: 0	Warnings: 2
\o       ...successful.
\o compose simulator input file...
\o       ...successful.
\o 
\o *Info*    Running simulation on testbench [
\o           PULSE_GENERATOR:pulse_generator_tb:1 ] for Point ID (26 5).
\o 
\o Delete psf data in /home/saul/projects/ASKA/Sim/PULSE_GENERATOR/pulse_generator_tb/adexl/results/data/Interactive.26/5/PULSE_GENERATOR:pulse_generator_tb:1/psf.
\o compose simulator input file...
\o       ...successful.
\o start simulator if needed...
\o       ...successful.
\o simulate...
\o To view the simulator output, right-click on the test name, result 
\o name, or any value in the "Results" tab of the Outputs section and 
\o choose "Output Log" menu option.
\o INFO (ADE-3071): Simulation completed successfully.
\o reading simulation data...
\o       ...successful.
\o *Info*    Client has finished evaluating ... 
\o 
\o 
\o *Info*    Run complete for Point ID (26 5) on testbench [
\o           PULSE_GENERATOR:pulse_generator_tb:1 ].
\o 
\o 
\o 
\o 
\o 
\o 
\o 
\o 
\o 
\o 
\o *Info*    Run start for Point ID (26 8) on testbench [
\o           PULSE_GENERATOR:pulse_generator_tb:1 ].
\o 
\o Resetting statistical vars
\o 
\o *Info*    Setting parameter values ...
\o 
\o Setting var temperature = "-40"
\o Setting temp(T) = -40
\o 
\o *Info*    Netlist Directory =
\o           /home/saul/projects/ASKA/Sim/PULSE_GENERATOR/pulse_generator_tb/adexl/results/data/Interactive.26/8/PULSE_GENERATOR:pulse_generator_tb:1/netlist
\o 
\o 
\o *Info*    Data Directory    =
\o           /home/saul/projects/ASKA/Sim/PULSE_GENERATOR/pulse_generator_tb/adexl/results/data/Interactive.26/8/PULSE_GENERATOR:pulse_generator_tb:1
\o 
\o 
\o *Info*    Creating Netlist for Point ID (26 8)
\o 
\o generate netlist...
\o function ansCdlCompPrim redefined
\o function ansCdlCompPrim redefined
\o Begin Incremental Netlisting Apr 24 09:40:49 2024
\o End netlisting Apr 24 09:40:49 2024
\o 
\o 	The netlist is up to date.
\o 	Time taken to compare the design with netlist:   0.0s
\o       ...successful.
\o compose simulator input file...
\o       ...successful.
\o 
\o *Info*    Running simulation on testbench [
\o           PULSE_GENERATOR:pulse_generator_tb:1 ] for Point ID (26 8).
\o 
\o Delete psf data in /home/saul/projects/ASKA/Sim/PULSE_GENERATOR/pulse_generator_tb/adexl/results/data/Interactive.26/8/PULSE_GENERATOR:pulse_generator_tb:1/psf.
\o compose simulator input file...
\o       ...successful.
\o start simulator if needed...
\o       ...successful.
\o simulate...
\o To view the simulator output, right-click on the test name, result 
\o name, or any value in the "Results" tab of the Outputs section and 
\o choose "Output Log" menu option.
\# Memory report: Maximum memory size now 17,961 MB at UTC 2024.04.24 13:40:50.184
\o INFO (ADE-3071): Simulation completed successfully.
\o reading simulation data...
\o       ...successful.
\o *Info*    Client has finished evaluating ... 
\o 
\o 
\o *Info*    Run complete for Point ID (26 8) on testbench [
\o           PULSE_GENERATOR:pulse_generator_tb:1 ].
\o 
\o 
\o 
\o 
\o 
\o 
\o 
\o 
\o 
\o 
\o *Info*    Run start for Point ID (26 13) on testbench [
\o           PULSE_GENERATOR:pulse_generator_tb:1 ].
\o 
\o Resetting statistical vars
\o 
\o *Info*    Setting parameter values ...
\o 
\o Setting var temperature = "85"
\o Setting temp(T) = 85
\o 
\o *Info*    Netlist Directory =
\o           /home/saul/projects/ASKA/Sim/PULSE_GENERATOR/pulse_generator_tb/adexl/results/data/Interactive.26/13/PULSE_GENERATOR:pulse_generator_tb:1/netlist
\o 
\o 
\o *Info*    Data Directory    =
\o           /home/saul/projects/ASKA/Sim/PULSE_GENERATOR/pulse_generator_tb/adexl/results/data/Interactive.26/13/PULSE_GENERATOR:pulse_generator_tb:1
\o 
\o 
\o *Info*    Creating Netlist for Point ID (26 13)
\o 
\o generate netlist...
\o function ansCdlCompPrim redefined
\o function ansCdlCompPrim redefined
\o Begin Incremental Netlisting Apr 24 09:40:51 2024
\o End netlisting Apr 24 09:40:51 2024
\o 
\o 	The netlist is up to date.
\o 	Time taken to compare the design with netlist:   0.0s
\o       ...successful.
\o compose simulator input file...
\o       ...successful.
\o 
\o *Info*    Running simulation on testbench [
\o           PULSE_GENERATOR:pulse_generator_tb:1 ] for Point ID (26 13).
\o 
\o Delete psf data in /home/saul/projects/ASKA/Sim/PULSE_GENERATOR/pulse_generator_tb/adexl/results/data/Interactive.26/13/PULSE_GENERATOR:pulse_generator_tb:1/psf.
\o compose simulator input file...
\o       ...successful.
\o start simulator if needed...
\o       ...successful.
\o simulate...
\o To view the simulator output, right-click on the test name, result 
\o name, or any value in the "Results" tab of the Outputs section and 
\o choose "Output Log" menu option.
\o INFO (ADE-3071): Simulation completed successfully.
\o reading simulation data...
\o       ...successful.
\o *Info*    Client has finished evaluating ... 
\o 
\o 
\o *Info*    Run complete for Point ID (26 13) on testbench [
\o           PULSE_GENERATOR:pulse_generator_tb:1 ].
\o 
\o 
\o 
\o 
\o 
\o 
\o 
\o 
\o 
\o 
\o *Info*    Run start for Point ID (26 18) on testbench [
\o           PULSE_GENERATOR:pulse_generator_tb:1 ].
\o 
\o Resetting statistical vars
\o 
\o *Info*    Setting parameter values ...
\o 
\o Setting var temperature = "-40"
\o Setting temp(T) = -40
\o 
\o *Info*    Netlist Directory =
\o           /home/saul/projects/ASKA/Sim/PULSE_GENERATOR/pulse_generator_tb/adexl/results/data/Interactive.26/18/PULSE_GENERATOR:pulse_generator_tb:1/netlist
\o 
\o 
\o *Info*    Data Directory    =
\o           /home/saul/projects/ASKA/Sim/PULSE_GENERATOR/pulse_generator_tb/adexl/results/data/Interactive.26/18/PULSE_GENERATOR:pulse_generator_tb:1
\o 
\o 
\o *Info*    Creating Netlist for Point ID (26 18)
\o 
\o generate netlist...
\o function ansCdlCompPrim redefined
\o function ansCdlCompPrim redefined
\o Begin Incremental Netlisting Apr 24 09:40:53 2024
\o End netlisting Apr 24 09:40:54 2024
\o 
\o 	The netlist is up to date.
\o 	Time taken to compare the design with netlist:   1.0s
\o       ...successful.
\o compose simulator input file...
\o       ...successful.
\o 
\o *Info*    Running simulation on testbench [
\o           PULSE_GENERATOR:pulse_generator_tb:1 ] for Point ID (26 18).
\o 
\o Delete psf data in /home/saul/projects/ASKA/Sim/PULSE_GENERATOR/pulse_generator_tb/adexl/results/data/Interactive.26/18/PULSE_GENERATOR:pulse_generator_tb:1/psf.
\o compose simulator input file...
\o       ...successful.
\o start simulator if needed...
\o       ...successful.
\o simulate...
\o To view the simulator output, right-click on the test name, result 
\o name, or any value in the "Results" tab of the Outputs section and 
\o choose "Output Log" menu option.
\o INFO (ADE-3071): Simulation completed successfully.
\o reading simulation data...
\o       ...successful.
\o *Info*    Client has finished evaluating ... 
\o 
\o 
\o *Info*    Run complete for Point ID (26 18) on testbench [
\o           PULSE_GENERATOR:pulse_generator_tb:1 ].
\o 
\o 
\o 
\o 
\o 
\o 
\o 
\o 
\o 
\o 
\o *Info*    Run start for Point ID (26 23) on testbench [
\o           PULSE_GENERATOR:pulse_generator_tb:1 ].
\o 
\o Resetting statistical vars
\o 
\o *Info*    Setting parameter values ...
\o 
\o Setting var temperature = "85"
\o Setting temp(T) = 85
\o 
\o *Info*    Netlist Directory =
\o           /home/saul/projects/ASKA/Sim/PULSE_GENERATOR/pulse_generator_tb/adexl/results/data/Interactive.26/23/PULSE_GENERATOR:pulse_generator_tb:1/netlist
\o 
\o 
\o *Info*    Data Directory    =
\o           /home/saul/projects/ASKA/Sim/PULSE_GENERATOR/pulse_generator_tb/adexl/results/data/Interactive.26/23/PULSE_GENERATOR:pulse_generator_tb:1
\o 
\o 
\o *Info*    Creating Netlist for Point ID (26 23)
\o 
\o generate netlist...
\o function ansCdlCompPrim redefined
\o function ansCdlCompPrim redefined
\o Begin Incremental Netlisting Apr 24 09:40:56 2024
\o End netlisting Apr 24 09:40:56 2024
\o 
\o 	The netlist is up to date.
\o 	Time taken to compare the design with netlist:   0.0s
\o       ...successful.
\o compose simulator input file...
\o       ...successful.
\o 
\o *Info*    Running simulation on testbench [
\o           PULSE_GENERATOR:pulse_generator_tb:1 ] for Point ID (26 23).
\o 
\o Delete psf data in /home/saul/projects/ASKA/Sim/PULSE_GENERATOR/pulse_generator_tb/adexl/results/data/Interactive.26/23/PULSE_GENERATOR:pulse_generator_tb:1/psf.
\o compose simulator input file...
\o       ...successful.
\o start simulator if needed...
\o       ...successful.
\o simulate...
\o To view the simulator output, right-click on the test name, result 
\o name, or any value in the "Results" tab of the Outputs section and 
\o choose "Output Log" menu option.
\o INFO (ADE-3071): Simulation completed successfully.
\o reading simulation data...
\o       ...successful.
\o *Info*    Client has finished evaluating ... 
\o 
\o 
\o *Info*    Run complete for Point ID (26 23) on testbench [
\o           PULSE_GENERATOR:pulse_generator_tb:1 ].
\o 
\o 
\o 
\o 
\o 
\o 
\o 
\o 
\o 
\o 
\o *Info*    Run start for Point ID (26 28) on testbench [
\o           PULSE_GENERATOR:pulse_generator_tb:1 ].
\o 
\o Resetting statistical vars
\o 
\o *Info*    Setting parameter values ...
\o 
\o Setting var temperature = "-40"
\o Setting temp(T) = -40
\o 
\o *Info*    Netlist Directory =
\o           /home/saul/projects/ASKA/Sim/PULSE_GENERATOR/pulse_generator_tb/adexl/results/data/Interactive.26/28/PULSE_GENERATOR:pulse_generator_tb:1/netlist
\o 
\o 
\o *Info*    Data Directory    =
\o           /home/saul/projects/ASKA/Sim/PULSE_GENERATOR/pulse_generator_tb/adexl/results/data/Interactive.26/28/PULSE_GENERATOR:pulse_generator_tb:1
\o 
\o 
\o *Info*    Creating Netlist for Point ID (26 28)
\o 
\o generate netlist...
\o function ansCdlCompPrim redefined
\o function ansCdlCompPrim redefined
\o Begin Incremental Netlisting Apr 24 09:40:59 2024
\o End netlisting Apr 24 09:40:59 2024
\o 
\o 	The netlist is up to date.
\o 	Time taken to compare the design with netlist:   0.0s
\o       ...successful.
\o compose simulator input file...
\o       ...successful.
\o 
\o *Info*    Running simulation on testbench [
\o           PULSE_GENERATOR:pulse_generator_tb:1 ] for Point ID (26 28).
\o 
\o Delete psf data in /home/saul/projects/ASKA/Sim/PULSE_GENERATOR/pulse_generator_tb/adexl/results/data/Interactive.26/28/PULSE_GENERATOR:pulse_generator_tb:1/psf.
\o compose simulator input file...
\o       ...successful.
\o start simulator if needed...
\o       ...successful.
\o simulate...
\o To view the simulator output, right-click on the test name, result 
\o name, or any value in the "Results" tab of the Outputs section and 
\o choose "Output Log" menu option.
\o INFO (ADE-3071): Simulation completed successfully.
\o reading simulation data...
\o       ...successful.
\o *Info*    Client has finished evaluating ... 
\o 
\o 
\o *Info*    Run complete for Point ID (26 28) on testbench [
\o           PULSE_GENERATOR:pulse_generator_tb:1 ].
\o 
\o 
\o 
\o 
\o 
\o 
\o 
\o 
\o 
\o 
\o *Info*    Run start for Point ID (26 32) on testbench [
\o           PULSE_GENERATOR:pulse_generator_tb:1 ].
\o 
\o Resetting statistical vars
\o 
\o *Info*    Setting parameter values ...
\o 
\o 
\o *Info*    Netlist Directory =
\o           /home/saul/projects/ASKA/Sim/PULSE_GENERATOR/pulse_generator_tb/adexl/results/data/Interactive.26/32/PULSE_GENERATOR:pulse_generator_tb:1/netlist
\o 
\o 
\o *Info*    Data Directory    =
\o           /home/saul/projects/ASKA/Sim/PULSE_GENERATOR/pulse_generator_tb/adexl/results/data/Interactive.26/32/PULSE_GENERATOR:pulse_generator_tb:1
\o 
\o 
\o *Info*    Creating Netlist for Point ID (26 32)
\o 
\o generate netlist...
\o function ansCdlCompPrim redefined
\o function ansCdlCompPrim redefined
\o Begin Incremental Netlisting Apr 24 09:41:01 2024
\o End netlisting Apr 24 09:41:01 2024
\o 
\o 	The netlist is up to date.
\o 	Time taken to compare the design with netlist:   0.0s
\o       ...successful.
\o compose simulator input file...
\o       ...successful.
\o 
\o *Info*    Running simulation on testbench [
\o           PULSE_GENERATOR:pulse_generator_tb:1 ] for Point ID (26 32).
\o 
\o Delete psf data in /home/saul/projects/ASKA/Sim/PULSE_GENERATOR/pulse_generator_tb/adexl/results/data/Interactive.26/32/PULSE_GENERATOR:pulse_generator_tb:1/psf.
\o compose simulator input file...
\o       ...successful.
\o start simulator if needed...
\o       ...successful.
\o simulate...
\o To view the simulator output, right-click on the test name, result 
\o name, or any value in the "Results" tab of the Outputs section and 
\o choose "Output Log" menu option.
\# Memory report: using         837 MB, process size 2,626 MB at UTC 2024.04.24 13:41:02.614
\o INFO (ADE-3071): Simulation completed successfully.
\o reading simulation data...
\o       ...successful.
\o *Info*    Client has finished evaluating ... 
\o 
\o 
\o *Info*    Run complete for Point ID (26 32) on testbench [
\o           PULSE_GENERATOR:pulse_generator_tb:1 ].
\o 
\o 
\o 
\o 
\o 
\o Simulation design variables differ from those on the cellView,
\o they have been saved in the file "/tmp/saved-design-variables".
\o To save future changes, copy variables to cellView before exiting.
\o 
\o 
\o *Info*    Configuring the session ...
\o 
\o 	Library      = PULSE_GENERATOR
\o 	Cell         = pulse_generator_tb
\o 	View         = config
\o 	Simulator    = spectre
\o 	State Path   = $AXL_SETUPDB_DIR/test_states
\o 	State Name   = PULSE_GENERATOR:pulse_generator_tb:1_none_Interactive.27
\o 	Results DB   = /home/saul/projects/ASKA/PULSE_GENERATOR/pulse_generator_tb/adexl/results/data/Interactive.27.rdb
\o 	Results Dir  = /home/saul/projects/ASKA/Sim/PULSE_GENERATOR/pulse_generator_tb/adexl/results/data/Interactive.27/1/PULSE_GENERATOR:pulse_generator_tb:1
\o 	Results Loc  = /home/saul/projects/ASKA/Sim/PULSE_GENERATOR/pulse_generator_tb/adexl/results/data
\o 	Project Dir  = /home/saul/projects/ASKA/Sim
\o 	Setup DB loc = /home/saul/projects/ASKA/PULSE_GENERATOR/pulse_generator_tb/adexl
\o 	File Encoding = 0
\o 
\o 
\o 
\o *Info*    The auto suspension is disabled.
\o 
\o 
\o 
\o 
\o 
\o 
\o *Info*    Run start for Point ID (27 5) on testbench [
\o           PULSE_GENERATOR:pulse_generator_tb:1 ].
\o 
\o Resetting statistical vars
\o 
\o *Info*    Setting parameter values ...
\o 
\o Setting var DN1 = "0"
\o Setting var DN2 = "0"
\o Setting var UP1 = "0"
\o Setting var UP2 = "0"
\o Setting var VDD3 = "3.3"
\o Setting var VDD3_PULSE = "0"
\o Setting var VDDHV = "40"
\o Setting var VDDHV_PULSE = "0"
\o Setting var temperature = "85"
\o Setting temp(T) = 85
\o 
\o *Info*    Netlist Directory =
\o           /home/saul/projects/ASKA/Sim/PULSE_GENERATOR/pulse_generator_tb/adexl/results/data/Interactive.27/5/PULSE_GENERATOR:pulse_generator_tb:1/netlist
\o 
\o 
\o *Info*    Data Directory    =
\o           /home/saul/projects/ASKA/Sim/PULSE_GENERATOR/pulse_generator_tb/adexl/results/data/Interactive.27/5/PULSE_GENERATOR:pulse_generator_tb:1
\o 
\o 
\o *Info*    Creating Netlist for Point ID (27 5)
\o 
\o generate netlist...
\o function ansCdlCompPrim redefined
\o function ansCdlCompPrim redefined
\o Begin Incremental Netlisting Apr 24 09:46:04 2024
\o End netlisting Apr 24 09:46:05 2024
\o 
\o Netlisting Statistics:
\o 	Number of components:   25
\o 
\o 	Elapsed time:          1.0s (25.00/s)
\o Errors: 0	Warnings: 0
\o       ...successful.
\o compose simulator input file...
\o       ...successful.
\o 
\o *Info*    Running simulation on testbench [
\o           PULSE_GENERATOR:pulse_generator_tb:1 ] for Point ID (27 5).
\o 
\o Delete psf data in /home/saul/projects/ASKA/Sim/PULSE_GENERATOR/pulse_generator_tb/adexl/results/data/Interactive.27/5/PULSE_GENERATOR:pulse_generator_tb:1/psf.
\o compose simulator input file...
\o       ...successful.
\o start simulator if needed...
\o       ...successful.
\o simulate...
\o To view the simulator output, right-click on the test name, result 
\o name, or any value in the "Results" tab of the Outputs section and 
\o choose "Output Log" menu option.
\o INFO (ADE-3071): Simulation completed successfully.
\o reading simulation data...
\o       ...successful.
\o *Info*    Client has finished evaluating ... 
\o 
\o 
\o *Info*    Run complete for Point ID (27 5) on testbench [
\o           PULSE_GENERATOR:pulse_generator_tb:1 ].
\o 
\o 
\o 
\o 
\o 
\o 
\o 
\o 
\o 
\o 
\o *Info*    Run start for Point ID (27 10) on testbench [
\o           PULSE_GENERATOR:pulse_generator_tb:1 ].
\o 
\o Resetting statistical vars
\o 
\o *Info*    Setting parameter values ...
\o 
\o Setting var temperature = "-40"
\o Setting temp(T) = -40
\o 
\o *Info*    Netlist Directory =
\o           /home/saul/projects/ASKA/Sim/PULSE_GENERATOR/pulse_generator_tb/adexl/results/data/Interactive.27/10/PULSE_GENERATOR:pulse_generator_tb:1/netlist
\o 
\o 
\o *Info*    Data Directory    =
\o           /home/saul/projects/ASKA/Sim/PULSE_GENERATOR/pulse_generator_tb/adexl/results/data/Interactive.27/10/PULSE_GENERATOR:pulse_generator_tb:1
\o 
\o 
\o *Info*    Creating Netlist for Point ID (27 10)
\o 
\o generate netlist...
\o function ansCdlCompPrim redefined
\o function ansCdlCompPrim redefined
\o Begin Incremental Netlisting Apr 24 09:46:08 2024
\o End netlisting Apr 24 09:46:08 2024
\o 
\o 	The netlist is up to date.
\o 	Time taken to compare the design with netlist:   0.0s
\o       ...successful.
\o compose simulator input file...
\o       ...successful.
\o 
\o *Info*    Running simulation on testbench [
\o           PULSE_GENERATOR:pulse_generator_tb:1 ] for Point ID (27 10).
\o 
\o Delete psf data in /home/saul/projects/ASKA/Sim/PULSE_GENERATOR/pulse_generator_tb/adexl/results/data/Interactive.27/10/PULSE_GENERATOR:pulse_generator_tb:1/psf.
\o compose simulator input file...
\o       ...successful.
\o start simulator if needed...
\o       ...successful.
\o simulate...
\o To view the simulator output, right-click on the test name, result 
\o name, or any value in the "Results" tab of the Outputs section and 
\o choose "Output Log" menu option.
\# Memory report: Maximum memory size now 17,302 MB at UTC 2024.04.24 13:46:10.184
\o INFO (ADE-3071): Simulation completed successfully.
\o reading simulation data...
\o       ...successful.
\o *Info*    Client has finished evaluating ... 
\o 
\o 
\o *Info*    Run complete for Point ID (27 10) on testbench [
\o           PULSE_GENERATOR:pulse_generator_tb:1 ].
\o 
\o 
\o 
\o 
\o 
\o 
\o 
\o 
\o 
\o 
\o *Info*    Run start for Point ID (27 13) on testbench [
\o           PULSE_GENERATOR:pulse_generator_tb:1 ].
\o 
\o Resetting statistical vars
\o 
\o *Info*    Setting parameter values ...
\o 
\o Setting var temperature = "85"
\o Setting temp(T) = 85
\o 
\o *Info*    Netlist Directory =
\o           /home/saul/projects/ASKA/Sim/PULSE_GENERATOR/pulse_generator_tb/adexl/results/data/Interactive.27/13/PULSE_GENERATOR:pulse_generator_tb:1/netlist
\o 
\o 
\o *Info*    Data Directory    =
\o           /home/saul/projects/ASKA/Sim/PULSE_GENERATOR/pulse_generator_tb/adexl/results/data/Interactive.27/13/PULSE_GENERATOR:pulse_generator_tb:1
\o 
\o 
\o *Info*    Creating Netlist for Point ID (27 13)
\o 
\o generate netlist...
\o function ansCdlCompPrim redefined
\o function ansCdlCompPrim redefined
\o Begin Incremental Netlisting Apr 24 09:46:11 2024
\o End netlisting Apr 24 09:46:11 2024
\o 
\o 	The netlist is up to date.
\o 	Time taken to compare the design with netlist:   0.0s
\o       ...successful.
\o compose simulator input file...
\o       ...successful.
\o 
\o *Info*    Running simulation on testbench [
\o           PULSE_GENERATOR:pulse_generator_tb:1 ] for Point ID (27 13).
\o 
\o Delete psf data in /home/saul/projects/ASKA/Sim/PULSE_GENERATOR/pulse_generator_tb/adexl/results/data/Interactive.27/13/PULSE_GENERATOR:pulse_generator_tb:1/psf.
\o compose simulator input file...
\o       ...successful.
\o start simulator if needed...
\o       ...successful.
\o simulate...
\o To view the simulator output, right-click on the test name, result 
\o name, or any value in the "Results" tab of the Outputs section and 
\o choose "Output Log" menu option.
\o INFO (ADE-3071): Simulation completed successfully.
\o reading simulation data...
\o       ...successful.
\o *Info*    Client has finished evaluating ... 
\o 
\o 
\o *Info*    Run complete for Point ID (27 13) on testbench [
\o           PULSE_GENERATOR:pulse_generator_tb:1 ].
\o 
\o 
\o 
\o 
\o 
\o 
\o 
\o 
\o 
\o 
\o *Info*    Run start for Point ID (27 19) on testbench [
\o           PULSE_GENERATOR:pulse_generator_tb:1 ].
\o 
\o Resetting statistical vars
\o 
\o *Info*    Setting parameter values ...
\o 
\o 
\o *Info*    Netlist Directory =
\o           /home/saul/projects/ASKA/Sim/PULSE_GENERATOR/pulse_generator_tb/adexl/results/data/Interactive.27/19/PULSE_GENERATOR:pulse_generator_tb:1/netlist
\o 
\o 
\o *Info*    Data Directory    =
\o           /home/saul/projects/ASKA/Sim/PULSE_GENERATOR/pulse_generator_tb/adexl/results/data/Interactive.27/19/PULSE_GENERATOR:pulse_generator_tb:1
\o 
\o 
\o *Info*    Creating Netlist for Point ID (27 19)
\o 
\o generate netlist...
\o function ansCdlCompPrim redefined
\o function ansCdlCompPrim redefined
\o Begin Incremental Netlisting Apr 24 09:46:14 2024
\o End netlisting Apr 24 09:46:14 2024
\o 
\o 	The netlist is up to date.
\o 	Time taken to compare the design with netlist:   0.0s
\o       ...successful.
\o compose simulator input file...
\o       ...successful.
\o 
\o *Info*    Running simulation on testbench [
\o           PULSE_GENERATOR:pulse_generator_tb:1 ] for Point ID (27 19).
\o 
\o Delete psf data in /home/saul/projects/ASKA/Sim/PULSE_GENERATOR/pulse_generator_tb/adexl/results/data/Interactive.27/19/PULSE_GENERATOR:pulse_generator_tb:1/psf.
\o compose simulator input file...
\o       ...successful.
\o start simulator if needed...
\o       ...successful.
\o simulate...
\o To view the simulator output, right-click on the test name, result 
\o name, or any value in the "Results" tab of the Outputs section and 
\o choose "Output Log" menu option.
\o INFO (ADE-3071): Simulation completed successfully.
\o reading simulation data...
\o       ...successful.
\o *Info*    Client has finished evaluating ... 
\o 
\o 
\o *Info*    Run complete for Point ID (27 19) on testbench [
\o           PULSE_GENERATOR:pulse_generator_tb:1 ].
\o 
\o 
\o 
\o 
\o 
\o 
\o 
\o 
\o 
\o 
\o *Info*    Run start for Point ID (27 24) on testbench [
\o           PULSE_GENERATOR:pulse_generator_tb:1 ].
\o 
\o Resetting statistical vars
\o 
\o *Info*    Setting parameter values ...
\o 
\o Setting var temperature = "-40"
\o Setting temp(T) = -40
\o 
\o *Info*    Netlist Directory =
\o           /home/saul/projects/ASKA/Sim/PULSE_GENERATOR/pulse_generator_tb/adexl/results/data/Interactive.27/24/PULSE_GENERATOR:pulse_generator_tb:1/netlist
\o 
\o 
\o *Info*    Data Directory    =
\o           /home/saul/projects/ASKA/Sim/PULSE_GENERATOR/pulse_generator_tb/adexl/results/data/Interactive.27/24/PULSE_GENERATOR:pulse_generator_tb:1
\o 
\o 
\o *Info*    Creating Netlist for Point ID (27 24)
\o 
\o generate netlist...
\o function ansCdlCompPrim redefined
\o function ansCdlCompPrim redefined
\o Begin Incremental Netlisting Apr 24 09:46:17 2024
\o End netlisting Apr 24 09:46:17 2024
\o 
\o 	The netlist is up to date.
\o 	Time taken to compare the design with netlist:   0.0s
\o       ...successful.
\o compose simulator input file...
\o       ...successful.
\o 
\o *Info*    Running simulation on testbench [
\o           PULSE_GENERATOR:pulse_generator_tb:1 ] for Point ID (27 24).
\o 
\o Delete psf data in /home/saul/projects/ASKA/Sim/PULSE_GENERATOR/pulse_generator_tb/adexl/results/data/Interactive.27/24/PULSE_GENERATOR:pulse_generator_tb:1/psf.
\o compose simulator input file...
\o       ...successful.
\o start simulator if needed...
\o       ...successful.
\o simulate...
\o To view the simulator output, right-click on the test name, result 
\o name, or any value in the "Results" tab of the Outputs section and 
\o choose "Output Log" menu option.
\o INFO (ADE-3071): Simulation completed successfully.
\o reading simulation data...
\o       ...successful.
\o *Info*    Client has finished evaluating ... 
\o 
\o 
\o *Info*    Run complete for Point ID (27 24) on testbench [
\o           PULSE_GENERATOR:pulse_generator_tb:1 ].
\o 
\o 
\o 
\o 
\o 
\o 
\o 
\o 
\o 
\o 
\o *Info*    Run start for Point ID (27 29) on testbench [
\o           PULSE_GENERATOR:pulse_generator_tb:1 ].
\o 
\o Resetting statistical vars
\o 
\o *Info*    Setting parameter values ...
\o 
\o Setting var temperature = "85"
\o Setting temp(T) = 85
\o 
\o *Info*    Netlist Directory =
\o           /home/saul/projects/ASKA/Sim/PULSE_GENERATOR/pulse_generator_tb/adexl/results/data/Interactive.27/29/PULSE_GENERATOR:pulse_generator_tb:1/netlist
\o 
\o 
\o *Info*    Data Directory    =
\o           /home/saul/projects/ASKA/Sim/PULSE_GENERATOR/pulse_generator_tb/adexl/results/data/Interactive.27/29/PULSE_GENERATOR:pulse_generator_tb:1
\o 
\o 
\o *Info*    Creating Netlist for Point ID (27 29)
\o 
\o generate netlist...
\o function ansCdlCompPrim redefined
\o function ansCdlCompPrim redefined
\o Begin Incremental Netlisting Apr 24 09:46:20 2024
\o End netlisting Apr 24 09:46:20 2024
\o 
\o 	The netlist is up to date.
\o 	Time taken to compare the design with netlist:   0.0s
\o       ...successful.
\o compose simulator input file...
\o       ...successful.
\o 
\o *Info*    Running simulation on testbench [
\o           PULSE_GENERATOR:pulse_generator_tb:1 ] for Point ID (27 29).
\o 
\o Delete psf data in /home/saul/projects/ASKA/Sim/PULSE_GENERATOR/pulse_generator_tb/adexl/results/data/Interactive.27/29/PULSE_GENERATOR:pulse_generator_tb:1/psf.
\o compose simulator input file...
\o       ...successful.
\o start simulator if needed...
\o       ...successful.
\o simulate...
\o To view the simulator output, right-click on the test name, result 
\o name, or any value in the "Results" tab of the Outputs section and 
\o choose "Output Log" menu option.
\o INFO (ADE-3071): Simulation completed successfully.
\o reading simulation data...
\o       ...successful.
\o *Info*    Client has finished evaluating ... 
\o 
\o 
\o *Info*    Run complete for Point ID (27 29) on testbench [
\o           PULSE_GENERATOR:pulse_generator_tb:1 ].
\o 
\o 
\o 
\o 
\o 
\# Memory report: using         957 MB, process size 2,746 MB at UTC 2024.04.24 13:46:26.110
\# Available memory:         16,347 MB at UTC 2024.04.24 13:46:40.185
\# Memory report: Maximum memory size now 16,786 MB at UTC 2024.04.24 13:48:50.184
\o Simulation design variables differ from those on the cellView,
\o they have been saved in the file "/tmp/saved-design-variables".
\o To save future changes, copy variables to cellView before exiting.
