*Info*    Exporting services from client ... 

*Info*    Client has finished starting ... 



*Info*    Configuring the session ...

	Library      = BANDGAP
	Cell         = bandgap_tb
	View         = config
	Simulator    = spectre
	State Path   = $AXL_SETUPDB_DIR/test_states
	State Name   = BANDGAP:bandgap_tb:1_none_Interactive.13
	Results DB   = /home/saul/projects/ASKA/BANDGAP/bandgap_tb/adexl/results/data/Interactive.13.rdb
	Results Dir  = /home/saul/projects/ASKA/Sim/BANDGAP/bandgap_tb/adexl/results/data/Interactive.13/1/BANDGAP:bandgap_tb:1
	Results Loc  = /home/saul/projects/ASKA/Sim/BANDGAP/bandgap_tb/adexl/results/data
	Project Dir  = /home/saul/projects/ASKA/Sim
	Setup DB loc = /home/saul/projects/ASKA/BANDGAP/bandgap_tb/adexl
	File Encoding = 0



*Info*    The auto suspension is disabled.






*Info*    Run start for Point ID (13 1) on testbench [
          BANDGAP:bandgap_tb:1 ].

Resetting statistical vars

*Info*    Setting parameter values ...

Setting var VDD3 = "0.1"
Setting var VDD_PULSE = "0"
Setting var temperature = "27"
Setting temp(T) = 27

*Info*    Netlist Directory =
          /home/saul/projects/ASKA/Sim/BANDGAP/bandgap_tb/adexl/results/data/Interactive.13/1/BANDGAP:bandgap_tb:1/netlist


*Info*    Data Directory    =
          /home/saul/projects/ASKA/Sim/BANDGAP/bandgap_tb/adexl/results/data/Interactive.13/1/BANDGAP:bandgap_tb:1


*Info*    Creating Netlist for Point ID (13 1)

generate netlist...
function ansCdlCompPrim redefined
function ansCdlCompPrim redefined
Begin Incremental Netlisting Mar 26 07:25:38 2024
WARNING (OSSHNL-941): Failed to open the sameCellNamesInMultipleLibs file '/home/saul/projects/ASKA/Sim/BANDGAP/bandgap_noop/adexl/results/data/Interactive.0/1/BANDGAP:bandgap_noop:1/netlist/ihnl/sameCellNamesInMultipleLibs', in the append mode.
Ensure that you have the write permission for the mentioned file.

End netlisting Mar 26 07:25:38 2024

	The netlist is up to date.
	Time taken to compare the design with netlist:   0.0s
      ...successful.
compose simulator input file...
      ...successful.

*Info*    Running simulation on testbench [ BANDGAP:bandgap_tb:1 ]
          for Point ID (13 1).

Delete psf data in /home/saul/projects/ASKA/Sim/BANDGAP/bandgap_tb/adexl/results/data/Interactive.13/1/BANDGAP:bandgap_tb:1/psf.
compose simulator input file...
      ...successful.
start simulator if needed...
      ...successful.
simulate...
To view the simulator output, right-click on the test name, result 
name, or any value in the "Results" tab of the Outputs section and 
choose "Output Log" menu option.
INFO (ADE-3071): Simulation completed successfully.
reading simulation data...
      ...successful.
*Info*    Client has finished evaluating ... 


*Info*    Run complete for Point ID (13 1) on testbench [
          BANDGAP:bandgap_tb:1 ].





Simulation design variables differ from those on the cellView,
they have been saved in the file "/tmp/saved-design-variables".
To save future changes, copy variables to cellView before exiting.
