\# Program start time:     UTC 2024.04.26 06:20:10.607
\# Local time: EDT (UTC-04:00) 2024.04.26 02:20:10.607
\o Program:		@(#)$CDS: virtuoso version 6.1.8-64b 10/11/2023 09:56 (cpgbld01) $
\o Hierarchy:		/home/saul/cadence/installs/IC618/tools.lnx86/dfII/
\o Sub version:		sub-version  IC6.1.8-64b.500.34  (64-bit addresses)
\# Command line:	/pkg/cadence/installs/IC618/tools.lnx86/dfII/bin/64bit/virtuoso -noautostart -mpssession virtuoso17830 -mpshost phoenix -davinciService DaVinciService_17830_1714111969 -log /home/saul/projects/ASKA/logs_saul/logs0/Job7.log -licenseLockFileName /home/saul/projects/ASKA/.tmp_saul/.phoenix_17830 -interactiveA -interactiveE -interactiveRTT -nostdin -nographE -axlChildIdFlag 7
\# Host name (type):	phoenix (x86_64)
\# Operating system:	Linux 3.10.0-1160.105.1.el7.x86_64 #1 SMP Thu Dec 7 15:39:45 UTC 2023
\# Linux /etc/issue:	\S
\# Linux /etc/issue:	Kernel \r on an \m
\# X display name (WxH):	:7299 (1024x868)
\# Available geometry:			TL(0:0) BR(1023:867)
\# X server:			The X.Org Foundation
\# Depth of Visual (Root):	24 (24)
\# Number of Planes Used:	24
\# X version:		11.0 (vendor release 12004000)
\# X resource pool:	base 0x400000, mask 0x1fffff (2097151), shift 0
\# 			current id 0x0, current max 0x1ffffa (2097146)
\# Max data seg size:	     unlimited
\# Max process size:	     unlimited
\# Initial sbrk value:	        620 MB
\# Available memory:	     18,959 MB
\# System memory:	     25,561 MB
\# Maximum memory size:	     25,160 MB
\# Max mem available:	     19,178 MB
\# Initial memory used:	        218 MB
\#        process size:	      1,821 MB
\# Thread usage limits (effective/default):	maxthreads 4096/4096 maxload 7.00/7.00
\# Qt version:		5.9.1
\# Window Manager:	other
\# User Name:		saul
\o Working Directory:	phoenix:/home/saul/projects/ASKA
\# Process Id:		25224
\o 
\o COPYRIGHT (C) 1992-2023  CADENCE DESIGN SYSTEMS INC.  ALL RIGHTS RESERVED.
\o           (C) 1992-2023  UNIX SYSTEMS Laboratories INC.,
\o                          Reproduced with permission.
\o 
\o This Cadence Design Systems program and online documentation are
\o proprietary/confidential information and may be disclosed/used only
\o as authorized in a license agreement controlling such use and disclosure.
\o 
\o           RESTRICTED RIGHTS NOTICE (SHORT FORM)
\o Use/reproduction/disclosure is subject to restriction
\o set forth at FAR 1252.227-19 or its equivalent.
\o Loading geView.cxt 
\o Loading menuBuilder.cxt 
\o Loading schView.cxt 
\o Loading selectSv.cxt 
\o Loading pvsui.cxt
\o Loading wireEdit.cxt 
\o Loading pte2.cxt 
\o Loading xlUI.cxt 
\o Loading auCore.cxt 
\o Loading vhdl.cxt 
\o Loading seismic.cxt 
\o Loading ci.cxt 
\o Loading ams.cxt 
\o Loading oasis.cxt 
\o Loading analog.cxt 
\o Loading asimenv.cxt 
\o Loading dal.cxt 
\o Loading awv.cxt 
\o Loading socket.cxt 
\o Loading par.cxt 
\o Loading alvs.cxt 
\o Loading caa.cxt 
\o Loading amps.cxt 
\o Loading adexlCore.cxt 
\o Loading adexl.cxt 
\o *Info*    Exporting services from client ... 
\o 
\o Loading adexlDM.cxt 
\o Loading cpf.cxt 
\o Loading cli.cxt 
\o Loading lp.cxt 
\o INFO (ELI-00302) Connecting to parent process (session=virtuoso17830, host=phoenix). Connection mode is ICRP. Total timeout is 180 seconds. Connection timeout is 90 seconds.
\o INFO (ELI-00303) Step 1: Connecting to parent. Time spent is 0 seconds.
\o INFO (ELI-00304) The registration of the child 25224 within 90 seconds is being processed...
\o INFO (ELI-00305) The result of registration is true. Time spent is 0 seconds.
\o INFO (ELI-00308) The connection has ended. Result is true. Total time spent is 0 seconds.
\# [02:20:10.512297] Configured Lic search path (22.01-s002): 3000@lic08.ug.kth.se
\# Memory report: using         370 MB, process size 2,102 MB at UTC 2024.04.26 06:20:12.482
\o Loading .cdsinit for the XH018 X-Fab XKit.
\o     LOAD xh018_1143 SPECIFIC CALL-BACK ROUTINES
\o     LOAD ALL AVAILABLE P-CELL FUNCTIONS
\o ** Info: PDK loadpath is "/home/saul/pkg/xfab/XKIT/xh018/cadence/v9_0/PDK/IC61/v9_0_4"
\o Loading XfSktTools.cxt
\o Loading XfMenu.cxt
\o Loading XfTechXh018.cxt
\o Loading XfPcellCore.cxt
\o function ansiSpicePrintProperties_subcircuit redefined
\o Loading XfSkillExt.cxt
\o Initializing library.
\o Finished Initializing Library .
\o     Generic PcellKit: 'production' loaded.
\o     Generic Pcell Skill Tools: 'production' loaded.
\o Loading Circuit Prospector Setup (XfCircuitProspSetup.il)
\o     LOAD THE ENVIRONMENT FILE
\o  --> Setting the required PDK definitions...
\o     GDSII LAYER MAPPING FILE = "./.xkit/setup/xh018/cadence/PDK/TECH_XH018_1143/strmInOut.layertable"
\o     GDSII OBJECT MAPPING FILE = "./.xkit/setup/xh018/cadence/PDK/TECH_XH018_1143/strmOutObjects.map"
\o Use model setup from PDK...
\o Loading spectrei.cxt 
\o Loading devCheck.cxt 
\o Loading relXpert.cxt 
\o Loading vdsil.cxt 
\o Loading hspiceD.cxt 
\o Loading spectreinl.cxt 
\o Loading UltraSim.cxt 
\o Loading msgHandler.cxt 
\o Loading AMSOSS.cxt 
\o Loading AMS.cxt 
\# Memory report: using         472 MB, process size 2,204 MB at UTC 2024.04.26 06:20:13.435
\o  --> Finished setting the required PDK definitions
\o  --> Setting the recommended EDA tool defaults...
\o  --> Finished setting the recommended EDA tool defaults
\o     LOAD DEFAULT BINDKEYS
\o Loading viva.cxt 
\o  --> AssuraTools Setup not available
\o *Info*    Client has finished starting ... 
\o 
\p > 
\# Loading perfDiag...
\# (PerfDiag): Set GDB path to environment variable 'gdbPath' (gdb).
\# Performance Diagnostic tool is installed. You can access PerfDiag from CIW Tools or use the shell command 'cdsPerfDiag -p 25224' to open it when Virtuoso freezes.
\# (PerfDiag): Loading backtrace from /pkg/cadence/installs/IC618/tools/lib/64bit/cdnslibunwind.so
\o Loading vqp.cxt 
\o Loading hdlPkg.cxt 
\o 
\o 
\o *Info*    Configuring the session ...
\o 
\o Loading simui.cxt 
\o 	Library      = PULSE_GENERATOR
\o 	Cell         = pulse_generator_tb
\o 	View         = config
\o 	Simulator    = spectre
\o 	State Path   = $AXL_SETUPDB_DIR/test_states
\o 	State Name   = PULSE_GENERATOR:pulse_generator_tb:1_none_Interactive.90
\o 	Results DB   = /home/saul/projects/ASKA/PULSE_GENERATOR/pulse_generator_tb/adexl/results/data/Interactive.90.rdb
\o 	Results Dir  = /home/saul/projects/ASKA/Sim/PULSE_GENERATOR/pulse_generator_tb/adexl/results/data/Interactive.90/1/PULSE_GENERATOR:pulse_generator_tb:1
\o 	Results Loc  = /home/saul/projects/ASKA/Sim/PULSE_GENERATOR/pulse_generator_tb/adexl/results/data
\o 	Project Dir  = /home/saul/projects/ASKA/Sim
\o 	Setup DB loc = /home/saul/projects/ASKA/PULSE_GENERATOR/pulse_generator_tb/adexl
\o 	File Encoding = 0
\o 
\o 
\o WARNING (ADE-7017): The Spectre run mode needs to be 'batch' when EM/IR analysis is enabled. Automatically setting the run mode to 'batch'.
\o 
\o *Info*    The auto suspension is disabled.
\o 
\o     LOAD GENERIC "X-KIT" SKILL CONTEXT "./.xkit/setup/x_all/cadence/xenv/skill/context6/xkit.cxt" 
\o  - Menu "XKit Utilities" installed to CIW.
\o     LOAD ".cdsinit_personal" FILE FROM THE WORKING DIRECTORY.
\o     INFO: To customize this setup, please use the following environment variables:
\o           CUSTOM_SCRIPT_PATH - should point to the master shell or perl script
\o                              e.g.:
\o                              setenv CUSTOM_SCRIPT_PATH /path/to/my/script/LoadMyScripts.csh
\o           CUSTOM_SKILL_PATH - should point to your master skill load file
\o                              e.g.:
\o                              setenv CUSTOM_SKILL_PATH /path/to/my/skill/LoadMySkills.il
\o  loading default key binding 
\o  -> END LOAD ".cdsinit" FILE
\o Loading monte.cxt 
\o 
\o 
\o 
\o 
\o 
\o *Info*    Run start for Point ID (1 2) on testbench [
\o           PULSE_GENERATOR:pulse_generator_tb:1 ].
\o 
\o Resetting statistical vars
\o 
\o *Info*    Setting parameter values ...
\o 
\o Setting var DN1 = "0"
\o Setting var DN2 = "0"
\o Setting var RES = "100"
\o Setting var UP1 = "0"
\o Setting var UP2 = "0"
\o Setting var VDD3 = "3.3"
\o Setting var VDD3_PULSE = "0"
\o Setting var VDDHV = "40"
\o Setting var VDDHV_PULSE = "0"
\o Setting var temperature = "-40"
\o Setting temp(T) = -40
\o 
\o *Info*    Netlist Directory =
\o           /home/saul/projects/ASKA/Sim/PULSE_GENERATOR/pulse_generator_tb/adexl/results/data/Interactive.90/2/PULSE_GENERATOR:pulse_generator_tb:1/netlist
\o 
\o 
\o *Info*    Data Directory    =
\o           /home/saul/projects/ASKA/Sim/PULSE_GENERATOR/pulse_generator_tb/adexl/results/data/Interactive.90/2/PULSE_GENERATOR:pulse_generator_tb:1
\o 
\o 
\o *Info*    Creating Netlist for Point ID (1 2)
\o 
\o generate netlist...
\o Loading hnlInit.cxt 
\o Loading seCore.cxt 
\o function ansCdlCompPrim redefined
\o function ansCdlCompPrim redefined
\# [02:20:14.371593] Periodic Lic check successful
\# [02:20:14.371602] Feature usage summary:
\o Begin Incremental Netlisting Apr 26 02:20:14 2024
\o Loading json.cxt 
\o End netlisting Apr 26 02:20:14 2024
\o 
\o Netlisting Statistics:
\o 	Number of components:   42
\o 
\o 	Elapsed time:          0.0s
\o Errors: 0	Warnings: 0
\o       ...successful.
\o compose simulator input file...
\o       ...successful.
\o 
\o *Info*    Running simulation on testbench [
\o           PULSE_GENERATOR:pulse_generator_tb:1 ] for Point ID (1 2).
\o 
\o Delete psf data in /home/saul/projects/ASKA/Sim/PULSE_GENERATOR/pulse_generator_tb/adexl/results/data/Interactive.90/2/PULSE_GENERATOR:pulse_generator_tb:1/psf.
\o compose simulator input file...
\o       ...successful.
\o start simulator if needed...
\o       ...successful.
\o simulate...
\o To view the simulator output, right-click on the test name, result 
\o name, or any value in the "Results" tab of the Outputs section and 
\o choose "Output Log" menu option.
\o Loading paraplot.cxt 
\# Memory report: using         625 MB, process size 2,414 MB at UTC 2024.04.26 06:20:15.105
\o INFO (ADE-3071): Simulation completed successfully.
\o reading simulation data...
\o       ...successful.
\o *Info*    Client has finished evaluating ... 
\o 
\o 
\o *Info*    Run complete for Point ID (1 2) on testbench [
\o           PULSE_GENERATOR:pulse_generator_tb:1 ].
\o 
\o 
\o 
\o 
\o 
\o 
\o 
\o 
\o 
\o 
\o *Info*    Run start for Point ID (1 8) on testbench [
\o           PULSE_GENERATOR:pulse_generator_tb:1 ].
\o 
\o Resetting statistical vars
\o 
\o *Info*    Setting parameter values ...
\o 
\o 
\o *Info*    Netlist Directory =
\o           /home/saul/projects/ASKA/Sim/PULSE_GENERATOR/pulse_generator_tb/adexl/results/data/Interactive.90/8/PULSE_GENERATOR:pulse_generator_tb:1/netlist
\o 
\o 
\o *Info*    Data Directory    =
\o           /home/saul/projects/ASKA/Sim/PULSE_GENERATOR/pulse_generator_tb/adexl/results/data/Interactive.90/8/PULSE_GENERATOR:pulse_generator_tb:1
\o 
\o 
\o *Info*    Creating Netlist for Point ID (1 8)
\o 
\o generate netlist...
\o function ansCdlCompPrim redefined
\o function ansCdlCompPrim redefined
\o Begin Incremental Netlisting Apr 26 02:20:18 2024
\o End netlisting Apr 26 02:20:18 2024
\o 
\o 	The netlist is up to date.
\o 	Time taken to compare the design with netlist:   0.0s
\o       ...successful.
\o compose simulator input file...
\o       ...successful.
\o 
\o *Info*    Running simulation on testbench [
\o           PULSE_GENERATOR:pulse_generator_tb:1 ] for Point ID (1 8).
\o 
\o Delete psf data in /home/saul/projects/ASKA/Sim/PULSE_GENERATOR/pulse_generator_tb/adexl/results/data/Interactive.90/8/PULSE_GENERATOR:pulse_generator_tb:1/psf.
\o compose simulator input file...
\o       ...successful.
\o start simulator if needed...
\o       ...successful.
\o simulate...
\o To view the simulator output, right-click on the test name, result 
\o name, or any value in the "Results" tab of the Outputs section and 
\o choose "Output Log" menu option.
\# Available memory:         17,029 MB at UTC 2024.04.26 06:20:20.696
\# Memory report: Maximum memory size now 17,682 MB at UTC 2024.04.26 06:20:20.696
\# Thread usage report: 13 active threads, active load 1.40 at UTC 2024.04.26 06:20:20.697
\o INFO (ADE-3071): Simulation completed successfully.
\o reading simulation data...
\o       ...successful.
\o *Info*    Client has finished evaluating ... 
\o 
\o 
\o *Info*    Run complete for Point ID (1 8) on testbench [
\o           PULSE_GENERATOR:pulse_generator_tb:1 ].
\o 
\o 
\o 
\o 
\o 
\o 
\o 
\o 
\o 
\o 
\o *Info*    Run start for Point ID (1 13) on testbench [
\o           PULSE_GENERATOR:pulse_generator_tb:1 ].
\o 
\o Resetting statistical vars
\o 
\o *Info*    Setting parameter values ...
\o 
\o Setting var temperature = "85"
\o Setting temp(T) = 85
\o 
\o *Info*    Netlist Directory =
\o           /home/saul/projects/ASKA/Sim/PULSE_GENERATOR/pulse_generator_tb/adexl/results/data/Interactive.90/13/PULSE_GENERATOR:pulse_generator_tb:1/netlist
\o 
\o 
\o *Info*    Data Directory    =
\o           /home/saul/projects/ASKA/Sim/PULSE_GENERATOR/pulse_generator_tb/adexl/results/data/Interactive.90/13/PULSE_GENERATOR:pulse_generator_tb:1
\o 
\o 
\o *Info*    Creating Netlist for Point ID (1 13)
\o 
\o generate netlist...
\o function ansCdlCompPrim redefined
\o function ansCdlCompPrim redefined
\o Begin Incremental Netlisting Apr 26 02:20:21 2024
\o End netlisting Apr 26 02:20:21 2024
\o 
\o 	The netlist is up to date.
\o 	Time taken to compare the design with netlist:   0.0s
\o       ...successful.
\o compose simulator input file...
\o       ...successful.
\o 
\o *Info*    Running simulation on testbench [
\o           PULSE_GENERATOR:pulse_generator_tb:1 ] for Point ID (1 13).
\o 
\o Delete psf data in /home/saul/projects/ASKA/Sim/PULSE_GENERATOR/pulse_generator_tb/adexl/results/data/Interactive.90/13/PULSE_GENERATOR:pulse_generator_tb:1/psf.
\o compose simulator input file...
\o       ...successful.
\o start simulator if needed...
\o       ...successful.
\o simulate...
\o To view the simulator output, right-click on the test name, result 
\o name, or any value in the "Results" tab of the Outputs section and 
\o choose "Output Log" menu option.
\o INFO (ADE-3071): Simulation completed successfully.
\o reading simulation data...
\o       ...successful.
\o *Info*    Client has finished evaluating ... 
\o 
\o 
\o *Info*    Run complete for Point ID (1 13) on testbench [
\o           PULSE_GENERATOR:pulse_generator_tb:1 ].
\o 
\o 
\o 
\o 
\o 
\o 
\o 
\o 
\o 
\o 
\o *Info*    Run start for Point ID (1 17) on testbench [
\o           PULSE_GENERATOR:pulse_generator_tb:1 ].
\o 
\o Resetting statistical vars
\o 
\o *Info*    Setting parameter values ...
\o 
\o 
\o *Info*    Netlist Directory =
\o           /home/saul/projects/ASKA/Sim/PULSE_GENERATOR/pulse_generator_tb/adexl/results/data/Interactive.90/17/PULSE_GENERATOR:pulse_generator_tb:1/netlist
\o 
\o 
\o *Info*    Data Directory    =
\o           /home/saul/projects/ASKA/Sim/PULSE_GENERATOR/pulse_generator_tb/adexl/results/data/Interactive.90/17/PULSE_GENERATOR:pulse_generator_tb:1
\o 
\o 
\o *Info*    Creating Netlist for Point ID (1 17)
\o 
\o generate netlist...
\o function ansCdlCompPrim redefined
\o function ansCdlCompPrim redefined
\o Begin Incremental Netlisting Apr 26 02:20:24 2024
\o End netlisting Apr 26 02:20:24 2024
\o 
\o 	The netlist is up to date.
\o 	Time taken to compare the design with netlist:   0.0s
\o       ...successful.
\o compose simulator input file...
\o       ...successful.
\o 
\o *Info*    Running simulation on testbench [
\o           PULSE_GENERATOR:pulse_generator_tb:1 ] for Point ID (1 17).
\o 
\o Delete psf data in /home/saul/projects/ASKA/Sim/PULSE_GENERATOR/pulse_generator_tb/adexl/results/data/Interactive.90/17/PULSE_GENERATOR:pulse_generator_tb:1/psf.
\o compose simulator input file...
\o       ...successful.
\o start simulator if needed...
\o       ...successful.
\o simulate...
\o To view the simulator output, right-click on the test name, result 
\o name, or any value in the "Results" tab of the Outputs section and 
\o choose "Output Log" menu option.
\o INFO (ADE-3071): Simulation completed successfully.
\o reading simulation data...
\o       ...successful.
\o *Info*    Client has finished evaluating ... 
\o 
\o 
\o *Info*    Run complete for Point ID (1 17) on testbench [
\o           PULSE_GENERATOR:pulse_generator_tb:1 ].
\o 
\o 
\o 
\o 
\o 
\o 
\o 
\o 
\o 
\o 
\o *Info*    Run start for Point ID (1 21) on testbench [
\o           PULSE_GENERATOR:pulse_generator_tb:1 ].
\o 
\o Resetting statistical vars
\o 
\o *Info*    Setting parameter values ...
\o 
\o 
\o *Info*    Netlist Directory =
\o           /home/saul/projects/ASKA/Sim/PULSE_GENERATOR/pulse_generator_tb/adexl/results/data/Interactive.90/21/PULSE_GENERATOR:pulse_generator_tb:1/netlist
\o 
\o 
\o *Info*    Data Directory    =
\o           /home/saul/projects/ASKA/Sim/PULSE_GENERATOR/pulse_generator_tb/adexl/results/data/Interactive.90/21/PULSE_GENERATOR:pulse_generator_tb:1
\o 
\o 
\o *Info*    Creating Netlist for Point ID (1 21)
\o 
\o generate netlist...
\o function ansCdlCompPrim redefined
\o function ansCdlCompPrim redefined
\o Begin Incremental Netlisting Apr 26 02:20:26 2024
\o End netlisting Apr 26 02:20:27 2024
\o 
\o 	The netlist is up to date.
\o 	Time taken to compare the design with netlist:   1.0s
\o       ...successful.
\o compose simulator input file...
\o       ...successful.
\o 
\o *Info*    Running simulation on testbench [
\o           PULSE_GENERATOR:pulse_generator_tb:1 ] for Point ID (1 21).
\o 
\o Delete psf data in /home/saul/projects/ASKA/Sim/PULSE_GENERATOR/pulse_generator_tb/adexl/results/data/Interactive.90/21/PULSE_GENERATOR:pulse_generator_tb:1/psf.
\o compose simulator input file...
\o       ...successful.
\o start simulator if needed...
\o       ...successful.
\o simulate...
\o To view the simulator output, right-click on the test name, result 
\o name, or any value in the "Results" tab of the Outputs section and 
\o choose "Output Log" menu option.
\o INFO (ADE-3071): Simulation completed successfully.
\o reading simulation data...
\o       ...successful.
\o *Info*    Client has finished evaluating ... 
\o 
\o 
\o *Info*    Run complete for Point ID (1 21) on testbench [
\o           PULSE_GENERATOR:pulse_generator_tb:1 ].
\o 
\o 
\o 
\o 
\o 
\o 
\o 
\o 
\o 
\o 
\o *Info*    Run start for Point ID (1 26) on testbench [
\o           PULSE_GENERATOR:pulse_generator_tb:1 ].
\o 
\o Resetting statistical vars
\o 
\o *Info*    Setting parameter values ...
\o 
\o Setting var temperature = "-40"
\o Setting temp(T) = -40
\o 
\o *Info*    Netlist Directory =
\o           /home/saul/projects/ASKA/Sim/PULSE_GENERATOR/pulse_generator_tb/adexl/results/data/Interactive.90/26/PULSE_GENERATOR:pulse_generator_tb:1/netlist
\o 
\o 
\o *Info*    Data Directory    =
\o           /home/saul/projects/ASKA/Sim/PULSE_GENERATOR/pulse_generator_tb/adexl/results/data/Interactive.90/26/PULSE_GENERATOR:pulse_generator_tb:1
\o 
\o 
\o *Info*    Creating Netlist for Point ID (1 26)
\o 
\o generate netlist...
\o function ansCdlCompPrim redefined
\o function ansCdlCompPrim redefined
\o Begin Incremental Netlisting Apr 26 02:20:30 2024
\o End netlisting Apr 26 02:20:30 2024
\o 
\o 	The netlist is up to date.
\o 	Time taken to compare the design with netlist:   0.0s
\o       ...successful.
\o compose simulator input file...
\o       ...successful.
\o 
\o *Info*    Running simulation on testbench [
\o           PULSE_GENERATOR:pulse_generator_tb:1 ] for Point ID (1 26).
\o 
\o Delete psf data in /home/saul/projects/ASKA/Sim/PULSE_GENERATOR/pulse_generator_tb/adexl/results/data/Interactive.90/26/PULSE_GENERATOR:pulse_generator_tb:1/psf.
\o compose simulator input file...
\o       ...successful.
\o start simulator if needed...
\o       ...successful.
\o simulate...
\o To view the simulator output, right-click on the test name, result 
\o name, or any value in the "Results" tab of the Outputs section and 
\o choose "Output Log" menu option.
\o INFO (ADE-3071): Simulation completed successfully.
\o reading simulation data...
\o       ...successful.
\o *Info*    Client has finished evaluating ... 
\o 
\# Memory report: using         732 MB, process size 2,521 MB at UTC 2024.04.26 06:20:33.254
\o 
\o *Info*    Run complete for Point ID (1 26) on testbench [
\o           PULSE_GENERATOR:pulse_generator_tb:1 ].
\o 
\o 
\o 
\o 
\o 
\o 
\o 
\o 
\o 
\o 
\o *Info*    Run start for Point ID (1 32) on testbench [
\o           PULSE_GENERATOR:pulse_generator_tb:1 ].
\o 
\o Resetting statistical vars
\o 
\o *Info*    Setting parameter values ...
\o 
\o 
\o *Info*    Netlist Directory =
\o           /home/saul/projects/ASKA/Sim/PULSE_GENERATOR/pulse_generator_tb/adexl/results/data/Interactive.90/32/PULSE_GENERATOR:pulse_generator_tb:1/netlist
\o 
\o 
\o *Info*    Data Directory    =
\o           /home/saul/projects/ASKA/Sim/PULSE_GENERATOR/pulse_generator_tb/adexl/results/data/Interactive.90/32/PULSE_GENERATOR:pulse_generator_tb:1
\o 
\o 
\o *Info*    Creating Netlist for Point ID (1 32)
\o 
\o generate netlist...
\o function ansCdlCompPrim redefined
\o function ansCdlCompPrim redefined
\o Begin Incremental Netlisting Apr 26 02:20:33 2024
\o End netlisting Apr 26 02:20:33 2024
\o 
\o 	The netlist is up to date.
\o 	Time taken to compare the design with netlist:   0.0s
\o       ...successful.
\o compose simulator input file...
\o       ...successful.
\o 
\o *Info*    Running simulation on testbench [
\o           PULSE_GENERATOR:pulse_generator_tb:1 ] for Point ID (1 32).
\o 
\o Delete psf data in /home/saul/projects/ASKA/Sim/PULSE_GENERATOR/pulse_generator_tb/adexl/results/data/Interactive.90/32/PULSE_GENERATOR:pulse_generator_tb:1/psf.
\o compose simulator input file...
\o       ...successful.
\o start simulator if needed...
\o       ...successful.
\o simulate...
\o To view the simulator output, right-click on the test name, result 
\o name, or any value in the "Results" tab of the Outputs section and 
\o choose "Output Log" menu option.
\o INFO (ADE-3071): Simulation completed successfully.
\o reading simulation data...
\o       ...successful.
\o *Info*    Client has finished evaluating ... 
\o 
\o 
\o *Info*    Run complete for Point ID (1 32) on testbench [
\o           PULSE_GENERATOR:pulse_generator_tb:1 ].
\o 
\o 
\o 
\o 
\o 
\o Simulation design variables differ from those on the cellView,
\o they have been saved in the file "/tmp/saved-design-variables".
\o To save future changes, copy variables to cellView before exiting.
\o 
\o 
\o *Info*    Configuring the session ...
\o 
\o 	Library      = PULSE_GENERATOR
\o 	Cell         = pulse_generator_tb
\o 	View         = config
\o 	Simulator    = spectre
\o 	State Path   = $AXL_SETUPDB_DIR/test_states
\o 	State Name   = PULSE_GENERATOR:pulse_generator_tb:1_none_Interactive.91
\o 	Results DB   = /home/saul/projects/ASKA/PULSE_GENERATOR/pulse_generator_tb/adexl/results/data/Interactive.91.rdb
\o 	Results Dir  = /home/saul/projects/ASKA/Sim/PULSE_GENERATOR/pulse_generator_tb/adexl/results/data/Interactive.91/1/PULSE_GENERATOR:pulse_generator_tb:1
\o 	Results Loc  = /home/saul/projects/ASKA/Sim/PULSE_GENERATOR/pulse_generator_tb/adexl/results/data
\o 	Project Dir  = /home/saul/projects/ASKA/Sim
\o 	Setup DB loc = /home/saul/projects/ASKA/PULSE_GENERATOR/pulse_generator_tb/adexl
\o 	File Encoding = 0
\o 
\o 
\o 
\o *Info*    The auto suspension is disabled.
\o 
\o 
\o 
\o 
\o 
\o 
\o *Info*    Run start for Point ID (2 5) on testbench [
\o           PULSE_GENERATOR:pulse_generator_tb:1 ].
\o 
\o Resetting statistical vars
\o 
\o *Info*    Setting parameter values ...
\o 
\o Setting var DN1 = "0"
\o Setting var DN2 = "0"
\o Setting var RES = "100"
\o Setting var UP1 = "0"
\o Setting var UP2 = "0"
\o Setting var VDD3 = "3.3"
\o Setting var VDD3_PULSE = "0"
\o Setting var VDDHV = "40"
\o Setting var VDDHV_PULSE = "0"
\o Setting var temperature = "85"
\o Setting temp(T) = 85
\o 
\o *Info*    Netlist Directory =
\o           /home/saul/projects/ASKA/Sim/PULSE_GENERATOR/pulse_generator_tb/adexl/results/data/Interactive.91/5/PULSE_GENERATOR:pulse_generator_tb:1/netlist
\o 
\o 
\o *Info*    Data Directory    =
\o           /home/saul/projects/ASKA/Sim/PULSE_GENERATOR/pulse_generator_tb/adexl/results/data/Interactive.91/5/PULSE_GENERATOR:pulse_generator_tb:1
\o 
\o 
\o *Info*    Creating Netlist for Point ID (2 5)
\o 
\o generate netlist...
\o function ansCdlCompPrim redefined
\o function ansCdlCompPrim redefined
\o Begin Incremental Netlisting Apr 26 02:21:31 2024
\o End netlisting Apr 26 02:21:31 2024
\o 
\o Netlisting Statistics:
\o 	Number of components:   18
\o 
\o 	Elapsed time:          0.0s
\o Errors: 0	Warnings: 0
\o       ...successful.
\o compose simulator input file...
\o       ...successful.
\o 
\o *Info*    Running simulation on testbench [
\o           PULSE_GENERATOR:pulse_generator_tb:1 ] for Point ID (2 5).
\o 
\o Delete psf data in /home/saul/projects/ASKA/Sim/PULSE_GENERATOR/pulse_generator_tb/adexl/results/data/Interactive.91/5/PULSE_GENERATOR:pulse_generator_tb:1/psf.
\o compose simulator input file...
\o       ...successful.
\o start simulator if needed...
\o       ...successful.
\o simulate...
\o To view the simulator output, right-click on the test name, result 
\o name, or any value in the "Results" tab of the Outputs section and 
\o choose "Output Log" menu option.
\o INFO (ADE-3071): Simulation completed successfully.
\o reading simulation data...
\o       ...successful.
\o *Info*    Client has finished evaluating ... 
\o 
\o 
\o *Info*    Run complete for Point ID (2 5) on testbench [
\o           PULSE_GENERATOR:pulse_generator_tb:1 ].
\o 
\o 
\o 
\o 
\o 
\o 
\o 
\o 
\o 
\o 
\o *Info*    Run start for Point ID (2 6) on testbench [
\o           PULSE_GENERATOR:pulse_generator_tb:1 ].
\o 
\o Resetting statistical vars
\o 
\o *Info*    Setting parameter values ...
\o 
\o Setting var temperature = "-40"
\o Setting temp(T) = -40
\o 
\o *Info*    Netlist Directory =
\o           /home/saul/projects/ASKA/Sim/PULSE_GENERATOR/pulse_generator_tb/adexl/results/data/Interactive.91/6/PULSE_GENERATOR:pulse_generator_tb:1/netlist
\o 
\o 
\o *Info*    Data Directory    =
\o           /home/saul/projects/ASKA/Sim/PULSE_GENERATOR/pulse_generator_tb/adexl/results/data/Interactive.91/6/PULSE_GENERATOR:pulse_generator_tb:1
\o 
\o 
\o *Info*    Creating Netlist for Point ID (2 6)
\o 
\o generate netlist...
\o function ansCdlCompPrim redefined
\o function ansCdlCompPrim redefined
\o Begin Incremental Netlisting Apr 26 02:21:35 2024
\o End netlisting Apr 26 02:21:35 2024
\o 
\o 	The netlist is up to date.
\o 	Time taken to compare the design with netlist:   0.0s
\o       ...successful.
\o compose simulator input file...
\o       ...successful.
\o 
\o *Info*    Running simulation on testbench [
\o           PULSE_GENERATOR:pulse_generator_tb:1 ] for Point ID (2 6).
\o 
\o Delete psf data in /home/saul/projects/ASKA/Sim/PULSE_GENERATOR/pulse_generator_tb/adexl/results/data/Interactive.91/6/PULSE_GENERATOR:pulse_generator_tb:1/psf.
\o compose simulator input file...
\o       ...successful.
\o start simulator if needed...
\o       ...successful.
\o simulate...
\o To view the simulator output, right-click on the test name, result 
\o name, or any value in the "Results" tab of the Outputs section and 
\o choose "Output Log" menu option.
\o INFO (ADE-3071): Simulation completed successfully.
\o reading simulation data...
\o       ...successful.
\o *Info*    Client has finished evaluating ... 
\o 
\o 
\o *Info*    Run complete for Point ID (2 6) on testbench [
\o           PULSE_GENERATOR:pulse_generator_tb:1 ].
\o 
\o 
\o 
\o 
\o 
\o 
\o 
\o 
\o 
\o 
\o *Info*    Run start for Point ID (2 12) on testbench [
\o           PULSE_GENERATOR:pulse_generator_tb:1 ].
\o 
\o Resetting statistical vars
\o 
\o *Info*    Setting parameter values ...
\o 
\o 
\o *Info*    Netlist Directory =
\o           /home/saul/projects/ASKA/Sim/PULSE_GENERATOR/pulse_generator_tb/adexl/results/data/Interactive.91/12/PULSE_GENERATOR:pulse_generator_tb:1/netlist
\o 
\o 
\o *Info*    Data Directory    =
\o           /home/saul/projects/ASKA/Sim/PULSE_GENERATOR/pulse_generator_tb/adexl/results/data/Interactive.91/12/PULSE_GENERATOR:pulse_generator_tb:1
\o 
\o 
\o *Info*    Creating Netlist for Point ID (2 12)
\o 
\o generate netlist...
\o function ansCdlCompPrim redefined
\o function ansCdlCompPrim redefined
\o Begin Incremental Netlisting Apr 26 02:21:38 2024
\o End netlisting Apr 26 02:21:38 2024
\o 
\o 	The netlist is up to date.
\o 	Time taken to compare the design with netlist:   0.0s
\o       ...successful.
\o compose simulator input file...
\o       ...successful.
\o 
\o *Info*    Running simulation on testbench [
\o           PULSE_GENERATOR:pulse_generator_tb:1 ] for Point ID (2 12).
\o 
\o Delete psf data in /home/saul/projects/ASKA/Sim/PULSE_GENERATOR/pulse_generator_tb/adexl/results/data/Interactive.91/12/PULSE_GENERATOR:pulse_generator_tb:1/psf.
\o compose simulator input file...
\o       ...successful.
\o start simulator if needed...
\o       ...successful.
\o simulate...
\o To view the simulator output, right-click on the test name, result 
\o name, or any value in the "Results" tab of the Outputs section and 
\o choose "Output Log" menu option.
\# Memory report: Maximum memory size now 16,869 MB at UTC 2024.04.26 06:21:40.183
\o INFO (ADE-3071): Simulation completed successfully.
\o reading simulation data...
\o       ...successful.
\o *Info*    Client has finished evaluating ... 
\o 
\o 
\o *Info*    Run complete for Point ID (2 12) on testbench [
\o           PULSE_GENERATOR:pulse_generator_tb:1 ].
\o 
\o 
\o 
\o 
\o 
\o 
\o 
\o 
\o 
\o 
\o *Info*    Run start for Point ID (2 19) on testbench [
\o           PULSE_GENERATOR:pulse_generator_tb:1 ].
\o 
\o Resetting statistical vars
\o 
\o *Info*    Setting parameter values ...
\o 
\o Setting var temperature = "85"
\o Setting temp(T) = 85
\o 
\o *Info*    Netlist Directory =
\o           /home/saul/projects/ASKA/Sim/PULSE_GENERATOR/pulse_generator_tb/adexl/results/data/Interactive.91/19/PULSE_GENERATOR:pulse_generator_tb:1/netlist
\o 
\o 
\o *Info*    Data Directory    =
\o           /home/saul/projects/ASKA/Sim/PULSE_GENERATOR/pulse_generator_tb/adexl/results/data/Interactive.91/19/PULSE_GENERATOR:pulse_generator_tb:1
\o 
\o 
\o *Info*    Creating Netlist for Point ID (2 19)
\o 
\o generate netlist...
\o function ansCdlCompPrim redefined
\o function ansCdlCompPrim redefined
\o Begin Incremental Netlisting Apr 26 02:21:41 2024
\o End netlisting Apr 26 02:21:41 2024
\o 
\o 	The netlist is up to date.
\o 	Time taken to compare the design with netlist:   0.0s
\o       ...successful.
\o compose simulator input file...
\o       ...successful.
\o 
\o *Info*    Running simulation on testbench [
\o           PULSE_GENERATOR:pulse_generator_tb:1 ] for Point ID (2 19).
\o 
\o Delete psf data in /home/saul/projects/ASKA/Sim/PULSE_GENERATOR/pulse_generator_tb/adexl/results/data/Interactive.91/19/PULSE_GENERATOR:pulse_generator_tb:1/psf.
\o compose simulator input file...
\o       ...successful.
\o start simulator if needed...
\o       ...successful.
\o simulate...
\o To view the simulator output, right-click on the test name, result 
\o name, or any value in the "Results" tab of the Outputs section and 
\o choose "Output Log" menu option.
\o INFO (ADE-3071): Simulation completed successfully.
\o reading simulation data...
\o       ...successful.
\o *Info*    Client has finished evaluating ... 
\o 
\o 
\o *Info*    Run complete for Point ID (2 19) on testbench [
\o           PULSE_GENERATOR:pulse_generator_tb:1 ].
\o 
\o 
\o 
\o 
\o 
\o 
\o 
\o 
\o 
\o 
\o *Info*    Run start for Point ID (2 23) on testbench [
\o           PULSE_GENERATOR:pulse_generator_tb:1 ].
\o 
\o Resetting statistical vars
\o 
\o *Info*    Setting parameter values ...
\o 
\o 
\o *Info*    Netlist Directory =
\o           /home/saul/projects/ASKA/Sim/PULSE_GENERATOR/pulse_generator_tb/adexl/results/data/Interactive.91/23/PULSE_GENERATOR:pulse_generator_tb:1/netlist
\o 
\o 
\o *Info*    Data Directory    =
\o           /home/saul/projects/ASKA/Sim/PULSE_GENERATOR/pulse_generator_tb/adexl/results/data/Interactive.91/23/PULSE_GENERATOR:pulse_generator_tb:1
\o 
\o 
\o *Info*    Creating Netlist for Point ID (2 23)
\o 
\o generate netlist...
\o function ansCdlCompPrim redefined
\o function ansCdlCompPrim redefined
\o Begin Incremental Netlisting Apr 26 02:21:43 2024
\o End netlisting Apr 26 02:21:43 2024
\o 
\o 	The netlist is up to date.
\o 	Time taken to compare the design with netlist:   0.0s
\o       ...successful.
\o compose simulator input file...
\o       ...successful.
\o 
\o *Info*    Running simulation on testbench [
\o           PULSE_GENERATOR:pulse_generator_tb:1 ] for Point ID (2 23).
\o 
\o Delete psf data in /home/saul/projects/ASKA/Sim/PULSE_GENERATOR/pulse_generator_tb/adexl/results/data/Interactive.91/23/PULSE_GENERATOR:pulse_generator_tb:1/psf.
\o compose simulator input file...
\o       ...successful.
\o start simulator if needed...
\o       ...successful.
\o simulate...
\o To view the simulator output, right-click on the test name, result 
\o name, or any value in the "Results" tab of the Outputs section and 
\o choose "Output Log" menu option.
\o INFO (ADE-3071): Simulation completed successfully.
\o reading simulation data...
\o       ...successful.
\o *Info*    Client has finished evaluating ... 
\o 
\o 
\o *Info*    Run complete for Point ID (2 23) on testbench [
\o           PULSE_GENERATOR:pulse_generator_tb:1 ].
\o 
\o 
\o 
\o 
\o 
\o 
\o 
\o 
\o 
\o 
\o *Info*    Run start for Point ID (2 27) on testbench [
\o           PULSE_GENERATOR:pulse_generator_tb:1 ].
\o 
\o Resetting statistical vars
\o 
\o *Info*    Setting parameter values ...
\o 
\o 
\o *Info*    Netlist Directory =
\o           /home/saul/projects/ASKA/Sim/PULSE_GENERATOR/pulse_generator_tb/adexl/results/data/Interactive.91/27/PULSE_GENERATOR:pulse_generator_tb:1/netlist
\o 
\o 
\o *Info*    Data Directory    =
\o           /home/saul/projects/ASKA/Sim/PULSE_GENERATOR/pulse_generator_tb/adexl/results/data/Interactive.91/27/PULSE_GENERATOR:pulse_generator_tb:1
\o 
\o 
\o *Info*    Creating Netlist for Point ID (2 27)
\o 
\o generate netlist...
\# Memory report: using         833 MB, process size 2,622 MB at UTC 2024.04.26 06:21:47.046
\o function ansCdlCompPrim redefined
\o function ansCdlCompPrim redefined
\o Begin Incremental Netlisting Apr 26 02:21:47 2024
\o End netlisting Apr 26 02:21:47 2024
\o 
\o 	The netlist is up to date.
\o 	Time taken to compare the design with netlist:   0.0s
\o       ...successful.
\o compose simulator input file...
\o       ...successful.
\o 
\o *Info*    Running simulation on testbench [
\o           PULSE_GENERATOR:pulse_generator_tb:1 ] for Point ID (2 27).
\o 
\o Delete psf data in /home/saul/projects/ASKA/Sim/PULSE_GENERATOR/pulse_generator_tb/adexl/results/data/Interactive.91/27/PULSE_GENERATOR:pulse_generator_tb:1/psf.
\o compose simulator input file...
\o       ...successful.
\o start simulator if needed...
\o       ...successful.
\o simulate...
\o To view the simulator output, right-click on the test name, result 
\o name, or any value in the "Results" tab of the Outputs section and 
\o choose "Output Log" menu option.
\o INFO (ADE-3071): Simulation completed successfully.
\o reading simulation data...
\o       ...successful.
\o *Info*    Client has finished evaluating ... 
\o 
\o 
\o *Info*    Run complete for Point ID (2 27) on testbench [
\o           PULSE_GENERATOR:pulse_generator_tb:1 ].
\o 
\o 
\o 
\o 
\o 
\o 
\o 
\o 
\o 
\o 
\o *Info*    Run start for Point ID (2 32) on testbench [
\o           PULSE_GENERATOR:pulse_generator_tb:1 ].
\o 
\o Resetting statistical vars
\o 
\o *Info*    Setting parameter values ...
\o 
\o Setting var temperature = "-40"
\o Setting temp(T) = -40
\o 
\o *Info*    Netlist Directory =
\o           /home/saul/projects/ASKA/Sim/PULSE_GENERATOR/pulse_generator_tb/adexl/results/data/Interactive.91/32/PULSE_GENERATOR:pulse_generator_tb:1/netlist
\o 
\o 
\o *Info*    Data Directory    =
\o           /home/saul/projects/ASKA/Sim/PULSE_GENERATOR/pulse_generator_tb/adexl/results/data/Interactive.91/32/PULSE_GENERATOR:pulse_generator_tb:1
\o 
\o 
\o *Info*    Creating Netlist for Point ID (2 32)
\o 
\o generate netlist...
\o function ansCdlCompPrim redefined
\o function ansCdlCompPrim redefined
\o Begin Incremental Netlisting Apr 26 02:21:49 2024
\o End netlisting Apr 26 02:21:49 2024
\o 
\o 	The netlist is up to date.
\o 	Time taken to compare the design with netlist:   0.0s
\o       ...successful.
\o compose simulator input file...
\o       ...successful.
\o 
\o *Info*    Running simulation on testbench [
\o           PULSE_GENERATOR:pulse_generator_tb:1 ] for Point ID (2 32).
\o 
\o Delete psf data in /home/saul/projects/ASKA/Sim/PULSE_GENERATOR/pulse_generator_tb/adexl/results/data/Interactive.91/32/PULSE_GENERATOR:pulse_generator_tb:1/psf.
\o compose simulator input file...
\o       ...successful.
\o start simulator if needed...
\o       ...successful.
\o simulate...
\o To view the simulator output, right-click on the test name, result 
\o name, or any value in the "Results" tab of the Outputs section and 
\o choose "Output Log" menu option.
\o INFO (ADE-3071): Simulation completed successfully.
\o reading simulation data...
\o       ...successful.
\o *Info*    Client has finished evaluating ... 
\o 
\o 
\o *Info*    Run complete for Point ID (2 32) on testbench [
\o           PULSE_GENERATOR:pulse_generator_tb:1 ].
\o 
\o 
\o 
\o 
\o 
\o Simulation design variables differ from those on the cellView,
\o they have been saved in the file "/tmp/saved-design-variables".
\o To save future changes, copy variables to cellView before exiting.
\o 
\o 
\o *Info*    Configuring the session ...
\o 
\o 	Library      = PULSE_GENERATOR
\o 	Cell         = pulse_generator_tb
\o 	View         = config
\o 	Simulator    = spectre
\o 	State Path   = $AXL_SETUPDB_DIR/test_states
\o 	State Name   = Montecarlo_PULSE_GENERATOR:pulse_generator_tb:1:1_state_MonteCarlo.0
\o 	Results DB   = /home/saul/projects/ASKA/PULSE_GENERATOR/pulse_generator_tb/adexl/results/data/MonteCarlo.0.rdb
\o 	Results Dir  = /home/saul/projects/ASKA/Sim/PULSE_GENERATOR/pulse_generator_tb/adexl/results/data/MonteCarlo.0/1/Montecarlo
\o 	Results Loc  = /home/saul/projects/ASKA/Sim/PULSE_GENERATOR/pulse_generator_tb/adexl/results/data
\o 	Project Dir  = /home/saul/projects/ASKA/Sim
\o 	Setup DB loc = /home/saul/projects/ASKA/PULSE_GENERATOR/pulse_generator_tb/adexl
\o 	File Encoding = 0
\o 
\o 
\o 
\o *Info*    The auto suspension is disabled.
\o 
\o 
\o 
\o 
\o 
\o 
\o *Info*    Run start for Point ID (3 41) on testbench [ Montecarlo ].
\o 
\o Resetting statistical vars
\o 
\o *Info*    Setting parameter values ...
\o 
\o Setting var DN1 = "0"
\o Setting var DN2 = "0"
\o Setting var RES = "100"
\o Setting var UP1 = "0"
\o Setting var UP2 = "0"
\o Setting var VDD3 = "3.3"
\o Setting var VDD3_PULSE = "0"
\o Setting var VDDHV = "40"
\o Setting var VDDHV_PULSE = "0"
\o Setting var temperature = "27"
\o Setting temp(T) = 27
\o 
\o *Info*    Netlist Directory =
\o           /home/saul/projects/ASKA/Sim/PULSE_GENERATOR/pulse_generator_tb/adexl/results/data/MonteCarlo.0/41/Montecarlo/groupRunDataDir/netlist
\o 
\o 
\o *Info*    Data Directory    =
\o           /home/saul/projects/ASKA/Sim/PULSE_GENERATOR/pulse_generator_tb/adexl/results/data/MonteCarlo.0/41/Montecarlo/groupRunDataDir
\o 
\o 
\o *Info*    Creating Netlist for Point ID (3 41)
\o 
\o generate netlist...
\o function ansCdlCompPrim redefined
\o function ansCdlCompPrim redefined
\o Initializing the control file using cp:
\o     cp /home/saul/cadence/installs/IC618/tools.lnx86/dfII/etc/si/control.spectre /home/saul/projects/ASKA/Sim/PULSE_GENERATOR/pulse_generator_tb/adexl/results/data/MonteCarlo.0/41/Montecarlo/groupRunDataDir/netlist/control
\o Copying Spectre source file 'spectre.inp'
\o Copying Spectre command file 'spectre.sim'
\o Begin Incremental Netlisting Apr 26 02:24:39 2024
\o WARNING (ADE-6003): Terminal "EN", specified in the CDF termOrder, does not exist
\o            in the cell-view "PULSE_GENERATOR" "pulse_generator" "schematic"
\o WARNING (ADE-6004): Mismatch was found between the terminals in the cellView and those on the
\o            termOrder property on the CDF. Because of the mismatch, the CDF termOrder will
\o            be ignored. The terminals in the cellView will be netlisted in the alphabetical
\o            order of their names. Eliminate the mismatch if you want the CDF termOrder
\o            property to be used for netlisting.
\o            To edit CDF of a cell, 
\o            i) Open CIW->Tools->CDF->Edit.
\o            ii) Select Library Name & Cell Name.
\o            iii) Click on the Edit button in the simulation information section of the
\o                 Edit CDF window.
\o End netlisting Apr 26 02:24:40 2024
\o 
\o Netlisting Statistics:
\o 	Number of components:  197
\o 
\o 	Elapsed time:          1.0s (197.00/s)
\o Errors: 0	Warnings: 2
\o       ...successful.
\o compose simulator input file...
\o       ...successful.
\o 
\o *Info*    Running simulation on testbench [ Montecarlo ] for Point ID
\o           (3 41).
\o 
\o *Info*    Spectre controlMode is set "batch" due to monte carlo run.
\o 
\o Delete psf data in /home/saul/projects/ASKA/Sim/PULSE_GENERATOR/pulse_generator_tb/adexl/results/data/MonteCarlo.0/41/Montecarlo/groupRunDataDir/psf.
\o generate netlist...
\o function ansCdlCompPrim redefined
\o function ansCdlCompPrim redefined
\o Begin Incremental Netlisting Apr 26 02:24:40 2024
\o End netlisting Apr 26 02:24:40 2024
\o 
\o 	The netlist is up to date.
\o 	Time taken to compare the design with netlist:   0.0s
\o       ...successful.
\o compose simulator input file...
\o       ...successful.
\o start simulator if needed...
\o       ...successful.
\o simulate...
\o To view the simulator output, right-click on the test name, result 
\o name, or any value in the "Results" tab of the Outputs section and 
\o choose "Output Log" menu option.
\o *Info*    Current simulation for points ((3 41) (3 42) (3 43) (3 44)
\o           (3 45) (3 46) (3 47) (3 48) (3 49) (3 50) (3 51) (3 52) (3
\o           53) (3 54) (3 55) (3 56) (3 57) (3 58) (3 59) (3 60) (3 61)
\o           (3 62) (3 63) (3 64) (3 65) (3 66) (3 67) (3 68) (3 69) (3
\o           70) (3 71) (3 72) (3 73) (3 74) (3 75) (3 76) (3 77) (3 78)
\o           (3 79) (3 80)).
\o *Info*    (ADE-3072): Simulation stopped because you selected the
\o           'Stop Simulation' command in ADE.
\o 
\o *Info*    Monte Carlo Simulation unsuccessful...
\o *Info*    See simulation output log for more information.
\o INFO (ADE-3067): Errors encountered during simulation. For more information, right-click
\o         on a test name in the 'Results' tab of the Outputs pane and choose 'Output Log'
\o         to view the simulation run log.
\o Simulation design variables differ from those on the cellView,
\o they have been saved in the file "/tmp/saved-design-variables".
\o To save future changes, copy variables to cellView before exiting.
\o 
\o 
\o *Info*    Configuring the session ...
\o 
\o 	Library      = PULSE_GENERATOR
\o 	Cell         = pulse_generator_tb
\o 	View         = config
\o 	Simulator    = spectre
\o 	State Path   = $AXL_SETUPDB_DIR/test_states
\o 	State Name   = Montecarlo_PULSE_GENERATOR:pulse_generator_tb:1:1_state_MonteCarlo.1
\o 	Results DB   = /home/saul/projects/ASKA/PULSE_GENERATOR/pulse_generator_tb/adexl/results/data/MonteCarlo.1.rdb
\o 	Results Dir  = /home/saul/projects/ASKA/Sim/PULSE_GENERATOR/pulse_generator_tb/adexl/results/data/MonteCarlo.1/1/Montecarlo
\o 	Results Loc  = /home/saul/projects/ASKA/Sim/PULSE_GENERATOR/pulse_generator_tb/adexl/results/data
\o 	Project Dir  = /home/saul/projects/ASKA/Sim
\o 	Setup DB loc = /home/saul/projects/ASKA/PULSE_GENERATOR/pulse_generator_tb/adexl
\o 	File Encoding = 0
\o 
\o 
\o 
\o *Info*    The auto suspension is disabled.
\o 
\o 
\o 
\o 
\o 
\o 
\o *Info*    Run start for Point ID (4 161) on testbench [ Montecarlo ].
\o 
\o Resetting statistical vars
\o 
\o *Info*    Setting parameter values ...
\o 
\o Setting var DN1 = "0"
\o Setting var DN2 = "0"
\o Setting var RES = "100"
\o Setting var UP1 = "0"
\o Setting var UP2 = "0"
\o Setting var VDD3 = "3.3"
\o Setting var VDD3_PULSE = "0"
\o Setting var VDDHV = "40"
\o Setting var VDDHV_PULSE = "0"
\o Setting var temperature = "27"
\o Setting temp(T) = 27
\o 
\o *Info*    Netlist Directory =
\o           /home/saul/projects/ASKA/Sim/PULSE_GENERATOR/pulse_generator_tb/adexl/results/data/MonteCarlo.1/161/Montecarlo/groupRunDataDir/netlist
\o 
\o 
\o *Info*    Data Directory    =
\o           /home/saul/projects/ASKA/Sim/PULSE_GENERATOR/pulse_generator_tb/adexl/results/data/MonteCarlo.1/161/Montecarlo/groupRunDataDir
\o 
\o 
\o *Info*    Creating Netlist for Point ID (4 161)
\o 
\o generate netlist...
\o function ansCdlCompPrim redefined
\o function ansCdlCompPrim redefined
\o Begin Incremental Netlisting Apr 26 02:24:52 2024
\o End netlisting Apr 26 02:24:52 2024
\o 
\o 	The netlist is up to date.
\o 	Time taken to compare the design with netlist:   0.0s
\o       ...successful.
\o compose simulator input file...
\o       ...successful.
\o 
\o *Info*    Running simulation on testbench [ Montecarlo ] for Point ID
\o           (4 161).
\o 
\o *Info*    Spectre controlMode is set "batch" due to monte carlo run.
\o 
\o Delete psf data in /home/saul/projects/ASKA/Sim/PULSE_GENERATOR/pulse_generator_tb/adexl/results/data/MonteCarlo.1/161/Montecarlo/groupRunDataDir/psf.
\o generate netlist...
\o function ansCdlCompPrim redefined
\o function ansCdlCompPrim redefined
\o Begin Incremental Netlisting Apr 26 02:24:53 2024
\o End netlisting Apr 26 02:24:53 2024
\o 
\o 	The netlist is up to date.
\o 	Time taken to compare the design with netlist:   0.0s
\o       ...successful.
\o compose simulator input file...
\o       ...successful.
\o start simulator if needed...
\o       ...successful.
\o simulate...
\o To view the simulator output, right-click on the test name, result 
\o name, or any value in the "Results" tab of the Outputs section and 
\o choose "Output Log" menu option.
\o *Info*    Client has finished evaluating ... 
\o 
\o 
\o *Info*    Run complete for Point ID (4 161) on testbench [ Montecarlo
\o           ].
\o 
\o 
\o 
\o 
\o 
\# Available memory:         15,114 MB at UTC 2024.04.26 06:25:00.350
\# Memory report: Maximum memory size now 15,992 MB at UTC 2024.04.26 06:25:00.350
\o *Info*    Client has finished evaluating ... 
\o 
\o 
\o *Info*    Run complete for Point ID (4 162) on testbench [ Montecarlo
\o           ].
\o 
\o 
\o 
\o 
\o 
\o *Info*    Client has finished evaluating ... 
\o 
\o 
\o *Info*    Run complete for Point ID (4 163) on testbench [ Montecarlo
\o           ].
\o 
\o 
\o 
\o 
\o 
\o *Info*    Client has finished evaluating ... 
\o 
\o 
\o *Info*    Run complete for Point ID (4 164) on testbench [ Montecarlo
\o           ].
\o 
\o 
\o 
\o 
\o 
\# Memory report: using         945 MB, process size 2,734 MB at UTC 2024.04.26 06:25:13.220
\o *Info*    Client has finished evaluating ... 
\o 
\o 
\o *Info*    Run complete for Point ID (4 165) on testbench [ Montecarlo
\o           ].
\o 
\o 
\o 
\o 
\o 
\o *Info*    Client has finished evaluating ... 
\o 
\o 
\o *Info*    Run complete for Point ID (4 166) on testbench [ Montecarlo
\o           ].
\o 
\o 
\o 
\o 
\o 
\o *Info*    Client has finished evaluating ... 
\o 
\o 
\o *Info*    Run complete for Point ID (4 167) on testbench [ Montecarlo
\o           ].
\o 
\o 
\o 
\o 
\o 
\# Memory report: Maximum memory size now 15,536 MB at UTC 2024.04.26 06:25:20.189
\o *Info*    Client has finished evaluating ... 
\o 
\o 
\o *Info*    Run complete for Point ID (4 168) on testbench [ Montecarlo
\o           ].
\o 
\o 
\o 
\o 
\o 
\o *Info*    Client has finished evaluating ... 
\o 
\o 
\o *Info*    Run complete for Point ID (4 169) on testbench [ Montecarlo
\o           ].
\o 
\o 
\o 
\o 
\o 
\o *Info*    Client has finished evaluating ... 
\o 
\o 
\o *Info*    Run complete for Point ID (4 170) on testbench [ Montecarlo
\o           ].
\o 
\o 
\o 
\o 
\o 
\o *Info*    Client has finished evaluating ... 
\o 
\o 
\o *Info*    Run complete for Point ID (4 171) on testbench [ Montecarlo
\o           ].
\o 
\o 
\o 
\o 
\o 
\# Memory report: using       1,046 MB, process size 2,835 MB at UTC 2024.04.26 06:25:35.445
\o *Info*    Client has finished evaluating ... 
\o 
\o 
\o *Info*    Run complete for Point ID (4 172) on testbench [ Montecarlo
\o           ].
\o 
\o 
\o 
\o 
\o 
\o *Info*    Client has finished evaluating ... 
\o 
\o 
\o *Info*    Run complete for Point ID (4 173) on testbench [ Montecarlo
\o           ].
\o 
\o 
\o 
\o 
\o 
\# Memory report: Maximum memory size now 15,078 MB at UTC 2024.04.26 06:25:40.184
\o *Info*    Client has finished evaluating ... 
\o 
\o 
\o *Info*    Run complete for Point ID (4 174) on testbench [ Montecarlo
\o           ].
\o 
\o 
\o 
\o 
\o 
\o *Info*    Client has finished evaluating ... 
\o 
\o 
\o *Info*    Run complete for Point ID (4 175) on testbench [ Montecarlo
\o           ].
\o 
\o 
\o 
\o 
\o 
\o *Info*    Client has finished evaluating ... 
\o 
\o 
\o *Info*    Run complete for Point ID (4 176) on testbench [ Montecarlo
\o           ].
\o 
\o 
\o 
\o 
\o 
\o *Info*    Client has finished evaluating ... 
\o 
\o 
\o *Info*    Run complete for Point ID (4 177) on testbench [ Montecarlo
\o           ].
\o 
\o 
\o 
\o 
\o 
\o *Info*    Client has finished evaluating ... 
\o 
\o 
\o *Info*    Run complete for Point ID (4 178) on testbench [ Montecarlo
\o           ].
\o 
\o 
\o 
\o 
\o 
\# Available memory:         13,624 MB at UTC 2024.04.26 06:26:00.184
\# Memory report: Maximum memory size now 14,763 MB at UTC 2024.04.26 06:26:00.184
\# Memory report: using       1,154 MB, process size 2,943 MB at UTC 2024.04.26 06:26:02.519
\o *Info*    Client has finished evaluating ... 
\o 
\o 
\o *Info*    Run complete for Point ID (4 179) on testbench [ Montecarlo
\o           ].
\o 
\o 
\o 
\o 
\o 
\o *Info*    Client has finished evaluating ... 
\o 
\o 
\o *Info*    Run complete for Point ID (4 180) on testbench [ Montecarlo
\o           ].
\o 
\o 
\o 
\o 
\o 
\o *Info*    Client has finished evaluating ... 
\o 
\o 
\o *Info*    Run complete for Point ID (4 181) on testbench [ Montecarlo
\o           ].
\o 
\o 
\o 
\o 
\o 
\o *Info*    Client has finished evaluating ... 
\o 
\o 
\o *Info*    Run complete for Point ID (4 182) on testbench [ Montecarlo
\o           ].
\o 
\o 
\o 
\o 
\o 
\o *Info*    Client has finished evaluating ... 
\o 
\o 
\o *Info*    Run complete for Point ID (4 183) on testbench [ Montecarlo
\o           ].
\o 
\o 
\o 
\o 
\o 
\# Memory report: Maximum memory size now 14,412 MB at UTC 2024.04.26 06:26:21.277
\# Memory report: using       1,259 MB, process size 3,048 MB at UTC 2024.04.26 06:26:22.291
\o *Info*    Client has finished evaluating ... 
\o 
\o 
\o *Info*    Run complete for Point ID (4 184) on testbench [ Montecarlo
\o           ].
\o 
\o 
\o 
\o 
\o 
\o *Info*    Client has finished evaluating ... 
\o 
\o 
\o *Info*    Run complete for Point ID (4 185) on testbench [ Montecarlo
\o           ].
\o 
\o 
\o 
\o 
\o 
\o *Info*    Client has finished evaluating ... 
\o 
\o 
\o *Info*    Run complete for Point ID (4 186) on testbench [ Montecarlo
\o           ].
\o 
\o 
\o 
\o 
\o 
\o *Info*    Client has finished evaluating ... 
\o 
\o 
\o *Info*    Run complete for Point ID (4 187) on testbench [ Montecarlo
\o           ].
\o 
\o 
\o 
\o 
\o 
\o *Info*    Client has finished evaluating ... 
\o 
\o 
\o *Info*    Run complete for Point ID (4 188) on testbench [ Montecarlo
\o           ].
\o 
\o 
\o 
\o 
\o 
\# Memory report: Maximum memory size now 14,023 MB at UTC 2024.04.26 06:26:42.051
\o *Info*    Client has finished evaluating ... 
\o 
\o 
\o *Info*    Run complete for Point ID (4 189) on testbench [ Montecarlo
\o           ].
\o 
\o 
\o 
\o 
\o 
\o *Info*    Client has finished evaluating ... 
\o 
\o 
\o *Info*    Run complete for Point ID (4 190) on testbench [ Montecarlo
\o           ].
\o 
\o 
\o 
\o 
\o 
\o *Info*    Client has finished evaluating ... 
\o 
\o 
\o *Info*    Run complete for Point ID (4 191) on testbench [ Montecarlo
\o           ].
\o 
\o 
\o 
\o 
\o 
\# Memory report: using       1,363 MB, process size 3,152 MB at UTC 2024.04.26 06:26:54.774
\o *Info*    Client has finished evaluating ... 
\o 
\o 
\o *Info*    Run complete for Point ID (4 192) on testbench [ Montecarlo
\o           ].
\o 
\o 
\o 
\o 
\o 
\o *Info*    Client has finished evaluating ... 
\o 
\o 
\o *Info*    Run complete for Point ID (4 193) on testbench [ Montecarlo
\o           ].
\o 
\o 
\o 
\o 
\o 
\o *Info*    Client has finished evaluating ... 
\o 
\o 
\o *Info*    Run complete for Point ID (4 194) on testbench [ Montecarlo
\o           ].
\o 
\o 
\o 
\o 
\o 
\o *Info*    Client has finished evaluating ... 
\o 
\o 
\o *Info*    Run complete for Point ID (4 195) on testbench [ Montecarlo
\o           ].
\o 
\o 
\o 
\o 
\o 
\o *Info*    Client has finished evaluating ... 
\o 
\o 
\o *Info*    Run complete for Point ID (4 196) on testbench [ Montecarlo
\o           ].
\o 
\o 
\o 
\o 
\o 
\o *Info*    Client has finished evaluating ... 
\o 
\o 
\o *Info*    Run complete for Point ID (4 197) on testbench [ Montecarlo
\o           ].
\o 
\o 
\o 
\o 
\o 
\# Memory report: using       1,464 MB, process size 3,253 MB at UTC 2024.04.26 06:27:21.443
\o *Info*    Client has finished evaluating ... 
\o 
\o 
\o *Info*    Run complete for Point ID (4 198) on testbench [ Montecarlo
\o           ].
\o 
\o 
\o 
\o 
\o 
\o *Info*    Client has finished evaluating ... 
\o 
\o 
\o *Info*    Run complete for Point ID (4 199) on testbench [ Montecarlo
\o           ].
\o 
\o 
\o 
\o 
\o 
\o INFO (ADE-3071): Simulation completed successfully.
\o reading simulation data...
\o       ...successful.
\o *Info*    Client has finished evaluating ... 
\o 
\o 
\o *Info*    Run complete for Point ID (4 200) on testbench [ Montecarlo
\o           ].
\o 
\o 
\o 
\o 
\o 
\o *Info*    Monte Carlo Simulation completed successfully...
\# Memory report: Maximum memory size now 14,443 MB at UTC 2024.04.26 06:27:32.184
\# Memory report: Maximum memory size now 14,119 MB at UTC 2024.04.26 06:27:42.186
\o Simulation design variables differ from those on the cellView,
\o they have been saved in the file "/tmp/saved-design-variables".
\o To save future changes, copy variables to cellView before exiting.
\# Lic Summary:
\# [02:32:37.219899] Cdslmd servers:3000@lic08.ug.kth.se
\# [02:32:37.219906] Feature usage summary:
\# Memory report: on exit          1,498 MB, process size 3,287 MB at UTC 2024.04.26 06:32:37.219
\# Memory report: peak usage       1,498 MB, process size 3,287 MB
