\# Program start time:     UTC 2024.04.23 13:44:06.955
\# Local time: EDT (UTC-04:00) 2024.04.23 09:44:06.955
\o Program:		@(#)$CDS: virtuoso version 6.1.8-64b 10/11/2023 09:56 (cpgbld01) $
\o Hierarchy:		/home/saul/cadence/installs/IC618/tools.lnx86/dfII/
\o Sub version:		sub-version  IC6.1.8-64b.500.34  (64-bit addresses)
\# Command line:	/pkg/cadence/installs/IC618/tools.lnx86/dfII/bin/64bit/virtuoso -noautostart -mpssession virtuoso2439 -mpshost phoenix -davinciService DaVinciService_2439_1713771131 -log /home/saul/projects/ASKA/logs_saul/logs0/Job87.log -licenseLockFileName /home/saul/projects/ASKA/.tmp_saul/.phoenix_2439 -interactiveA -interactiveE -interactiveRTT -nostdin -nographE -axlChildIdFlag 87
\# Host name (type):	phoenix (x86_64)
\# Operating system:	Linux 3.10.0-1160.105.1.el7.x86_64 #1 SMP Thu Dec 7 15:39:45 UTC 2023
\# Linux /etc/issue:	\S
\# Linux /etc/issue:	Kernel \r on an \m
\# X display name (WxH):	:2137 (1024x868)
\# Available geometry:			TL(0:0) BR(1023:867)
\# X server:			The X.Org Foundation
\# Depth of Visual (Root):	24 (24)
\# Number of Planes Used:	24
\# X version:		11.0 (vendor release 12004000)
\# X resource pool:	base 0x400000, mask 0x1fffff (2097151), shift 0
\# 			current id 0x0, current max 0x1ffffa (2097146)
\# Max data seg size:	     unlimited
\# Max process size:	     unlimited
\# Initial sbrk value:	        622 MB
\# Available memory:	     16,771 MB
\# System memory:	     25,561 MB
\# Maximum memory size:	     25,157 MB
\# Max mem available:	     16,989 MB
\# Initial memory used:	        218 MB
\#        process size:	      1,821 MB
\# Thread usage limits (effective/default):	maxthreads 4096/4096 maxload 7.00/7.00
\# Qt version:		5.9.1
\# Window Manager:	other
\# User Name:		saul
\o Working Directory:	phoenix:/home/saul/projects/ASKA
\# Process Id:		20029
\o 
\o COPYRIGHT (C) 1992-2023  CADENCE DESIGN SYSTEMS INC.  ALL RIGHTS RESERVED.
\o           (C) 1992-2023  UNIX SYSTEMS Laboratories INC.,
\o                          Reproduced with permission.
\o 
\o This Cadence Design Systems program and online documentation are
\o proprietary/confidential information and may be disclosed/used only
\o as authorized in a license agreement controlling such use and disclosure.
\o 
\o           RESTRICTED RIGHTS NOTICE (SHORT FORM)
\o Use/reproduction/disclosure is subject to restriction
\o set forth at FAR 1252.227-19 or its equivalent.
\o Loading geView.cxt 
\o Loading menuBuilder.cxt 
\o Loading schView.cxt 
\o Loading selectSv.cxt 
\o Loading pvsui.cxt
\o Loading wireEdit.cxt 
\o Loading pte2.cxt 
\o Loading xlUI.cxt 
\o Loading auCore.cxt 
\o Loading vhdl.cxt 
\o Loading seismic.cxt 
\o Loading ci.cxt 
\o Loading ams.cxt 
\o Loading oasis.cxt 
\o Loading analog.cxt 
\o Loading asimenv.cxt 
\o Loading dal.cxt 
\o Loading awv.cxt 
\o Loading socket.cxt 
\o Loading par.cxt 
\o Loading alvs.cxt 
\o Loading caa.cxt 
\o Loading amps.cxt 
\o Loading adexlCore.cxt 
\# Memory report: using         331 MB, process size 2,056 MB at UTC 2024.04.23 13:44:08.067
\o Loading adexl.cxt 
\o *Info*    Exporting services from client ... 
\o 
\o Loading adexlDM.cxt 
\o Loading cpf.cxt 
\o Loading cli.cxt 
\o Loading lp.cxt 
\o INFO (ELI-00302) Connecting to parent process (session=virtuoso2439, host=phoenix). Connection mode is ICRP. Total timeout is 180 seconds. Connection timeout is 90 seconds.
\o INFO (ELI-00303) Step 1: Connecting to parent. Time spent is 0 seconds.
\o INFO (ELI-00304) The registration of the child 20029 within 90 seconds is being processed...
\o INFO (ELI-00305) The result of registration is true. Time spent is 0 seconds.
\o INFO (ELI-00308) The connection has ended. Result is true. Total time spent is 0 seconds.
\# [09:44:06.512441] Configured Lic search path (22.01-s002): 3000@lic08.ug.kth.se
\o Loading .cdsinit for the XH018 X-Fab XKit.
\o     LOAD xh018_1143 SPECIFIC CALL-BACK ROUTINES
\o     LOAD ALL AVAILABLE P-CELL FUNCTIONS
\o ** Info: PDK loadpath is "/home/saul/pkg/xfab/XKIT/xh018/cadence/v9_0/PDK/IC61/v9_0_4"
\o Loading XfSktTools.cxt
\o Loading XfMenu.cxt
\o Loading XfTechXh018.cxt
\o Loading XfPcellCore.cxt
\o function ansiSpicePrintProperties_subcircuit redefined
\o Loading XfSkillExt.cxt
\o Initializing library.
\o Finished Initializing Library .
\o     Generic PcellKit: 'production' loaded.
\o     Generic Pcell Skill Tools: 'production' loaded.
\o Loading Circuit Prospector Setup (XfCircuitProspSetup.il)
\o     LOAD THE ENVIRONMENT FILE
\o  --> Setting the required PDK definitions...
\o     GDSII LAYER MAPPING FILE = "./.xkit/setup/xh018/cadence/PDK/TECH_XH018_1143/strmInOut.layertable"
\o     GDSII OBJECT MAPPING FILE = "./.xkit/setup/xh018/cadence/PDK/TECH_XH018_1143/strmOutObjects.map"
\o Use model setup from PDK...
\o Loading spectrei.cxt 
\# Memory report: using         440 MB, process size 2,172 MB at UTC 2024.04.23 13:44:09.253
\o Loading devCheck.cxt 
\o Loading relXpert.cxt 
\o Loading vdsil.cxt 
\o Loading hspiceD.cxt 
\o Loading spectreinl.cxt 
\o Loading UltraSim.cxt 
\o Loading msgHandler.cxt 
\o Loading AMSOSS.cxt 
\o Loading AMS.cxt 
\o  --> Finished setting the required PDK definitions
\o  --> Setting the recommended EDA tool defaults...
\o  --> Finished setting the recommended EDA tool defaults
\o     LOAD DEFAULT BINDKEYS
\o Loading viva.cxt 
\o  --> AssuraTools Setup not available
\o *Info*    Client has finished starting ... 
\o 
\p > 
\# Loading perfDiag...
\# (PerfDiag): Set GDB path to environment variable 'gdbPath' (gdb).
\# Performance Diagnostic tool is installed. You can access PerfDiag from CIW Tools or use the shell command 'cdsPerfDiag -p 20029' to open it when Virtuoso freezes.
\# (PerfDiag): Loading backtrace from /pkg/cadence/installs/IC618/tools/lib/64bit/cdnslibunwind.so
\o Loading vqp.cxt 
\o Loading hdlPkg.cxt 
\o 
\o 
\o *Info*    Configuring the session ...
\o 
\o Loading simui.cxt 
\o 	Library      = BIAS
\o 	Cell         = bias_tb
\o 	View         = config
\o 	Simulator    = spectre
\o 	State Path   = $AXL_SETUPDB_DIR/test_states
\o 	State Name   = corner_BIAS:bias_tb:1_none_Interactive.17
\o 	Results DB   = /home/saul/projects/ASKA/BIAS/bias_tb/adexl/results/data/Interactive.17.rdb
\o 	Results Dir  = /home/saul/projects/ASKA/Sim/BIAS/bias_tb/adexl/results/data/Interactive.17/1/corner_BIAS:bias_tb:1
\o 	Results Loc  = /home/saul/projects/ASKA/Sim/BIAS/bias_tb/adexl/results/data
\o 	Project Dir  = /home/saul/projects/ASKA/Sim
\o 	Setup DB loc = /home/saul/projects/ASKA/BIAS/bias_tb/adexl
\o 	File Encoding = 0
\o 
\o 
\o WARNING (ADE-7017): The Spectre run mode needs to be 'batch' when EM/IR analysis is enabled. Automatically setting the run mode to 'batch'.
\o 
\o *Info*    The auto suspension is disabled.
\o 
\o     LOAD GENERIC "X-KIT" SKILL CONTEXT "./.xkit/setup/x_all/cadence/xenv/skill/context6/xkit.cxt" 
\o  - Menu "XKit Utilities" installed to CIW.
\o     LOAD ".cdsinit_personal" FILE FROM THE WORKING DIRECTORY.
\o     INFO: To customize this setup, please use the following environment variables:
\o           CUSTOM_SCRIPT_PATH - should point to the master shell or perl script
\o                              e.g.:
\o                              setenv CUSTOM_SCRIPT_PATH /path/to/my/script/LoadMyScripts.csh
\o           CUSTOM_SKILL_PATH - should point to your master skill load file
\o                              e.g.:
\o                              setenv CUSTOM_SKILL_PATH /path/to/my/skill/LoadMySkills.il
\o  loading default key binding 
\o  -> END LOAD ".cdsinit" FILE
\o Loading monte.cxt 
\o 
\o 
\o 
\o 
\o 
\o *Info*    Run start for Point ID (20 5) on testbench [
\o           corner_BIAS:bias_tb:1 ].
\o 
\o Resetting statistical vars
\o 
\o *Info*    Setting parameter values ...
\o 
\o Setting var VDD3 = "3.3"
\o Setting var VDD3_PULSE = "0.1"
\o Setting var temperature = "85"
\o Setting temp(T) = 85
\o 
\o *Info*    Netlist Directory =
\o           /home/saul/projects/ASKA/Sim/BIAS/bias_tb/adexl/results/data/Interactive.17/5/corner_BIAS:bias_tb:1/netlist
\o 
\o 
\o *Info*    Data Directory    =
\o           /home/saul/projects/ASKA/Sim/BIAS/bias_tb/adexl/results/data/Interactive.17/5/corner_BIAS:bias_tb:1
\o 
\o 
\o *Info*    Creating Netlist for Point ID (20 5)
\o 
\o generate netlist...
\o Loading hnlInit.cxt 
\o Loading seCore.cxt 
\o function ansCdlCompPrim redefined
\o function ansCdlCompPrim redefined
\# [09:44:10.372274] Periodic Lic check successful
\# [09:44:10.372275] Feature usage summary:
\o Begin Incremental Netlisting Apr 23 09:44:10 2024
\o End netlisting Apr 23 09:44:10 2024
\o 
\o 	The netlist is up to date.
\o 	Time taken to compare the design with netlist:   0.0s
\o       ...successful.
\o compose simulator input file...
\o       ...successful.
\o 
\o *Info*    Running simulation on testbench [ corner_BIAS:bias_tb:1 ]
\o           for Point ID (20 5).
\o 
\o Delete psf data in /home/saul/projects/ASKA/Sim/BIAS/bias_tb/adexl/results/data/Interactive.17/5/corner_BIAS:bias_tb:1/psf.
\o compose simulator input file...
\# Memory report: using         603 MB, process size 2,341 MB at UTC 2024.04.23 13:44:11.108
\o       ...successful.
\o start simulator if needed...
\o       ...successful.
\o simulate...
\o To view the simulator output, right-click on the test name, result 
\o name, or any value in the "Results" tab of the Outputs section and 
\o choose "Output Log" menu option.
\o Loading paraplot.cxt 
\o INFO (ADE-3071): Simulation completed successfully.
\o reading simulation data...
\o       ...successful.
\o *Info*    Client has finished evaluating ... 
\o 
\o 
\o *Info*    Run complete for Point ID (20 5) on testbench [
\o           corner_BIAS:bias_tb:1 ].
\o 
\o 
\o 
\o 
\o 
\o 
\o 
\o 
\o 
\o 
\o *Info*    Run start for Point ID (20 7) on testbench [
\o           corner_BIAS:bias_tb:1 ].
\o 
\o Resetting statistical vars
\o 
\o *Info*    Setting parameter values ...
\o 
\o 
\o *Info*    Netlist Directory =
\o           /home/saul/projects/ASKA/Sim/BIAS/bias_tb/adexl/results/data/Interactive.17/7/corner_BIAS:bias_tb:1/netlist
\o 
\o 
\o *Info*    Data Directory    =
\o           /home/saul/projects/ASKA/Sim/BIAS/bias_tb/adexl/results/data/Interactive.17/7/corner_BIAS:bias_tb:1
\o 
\o 
\o *Info*    Creating Netlist for Point ID (20 7)
\o 
\o generate netlist...
\o function ansCdlCompPrim redefined
\o function ansCdlCompPrim redefined
\o Begin Incremental Netlisting Apr 23 09:44:13 2024
\o End netlisting Apr 23 09:44:13 2024
\o 
\o 	The netlist is up to date.
\o 	Time taken to compare the design with netlist:   0.0s
\o       ...successful.
\o compose simulator input file...
\o       ...successful.
\o 
\o *Info*    Running simulation on testbench [ corner_BIAS:bias_tb:1 ]
\o           for Point ID (20 7).
\o 
\o Delete psf data in /home/saul/projects/ASKA/Sim/BIAS/bias_tb/adexl/results/data/Interactive.17/7/corner_BIAS:bias_tb:1/psf.
\o compose simulator input file...
\o       ...successful.
\o start simulator if needed...
\o       ...successful.
\o simulate...
\o To view the simulator output, right-click on the test name, result 
\o name, or any value in the "Results" tab of the Outputs section and 
\o choose "Output Log" menu option.
\o INFO (ADE-3071): Simulation completed successfully.
\o reading simulation data...
\o       ...successful.
\o *Info*    Client has finished evaluating ... 
\o 
\o 
\o *Info*    Run complete for Point ID (20 7) on testbench [
\o           corner_BIAS:bias_tb:1 ].
\o 
\o 
\o 
\o 
\o 
\o 
\o 
\o 
\o 
\o 
\o *Info*    Run start for Point ID (20 12) on testbench [
\o           corner_BIAS:bias_tb:1 ].
\o 
\o Resetting statistical vars
\o 
\o *Info*    Setting parameter values ...
\o 
\o Setting var temperature = "-40"
\o Setting temp(T) = -40
\o 
\o *Info*    Netlist Directory =
\o           /home/saul/projects/ASKA/Sim/BIAS/bias_tb/adexl/results/data/Interactive.17/12/corner_BIAS:bias_tb:1/netlist
\o 
\o 
\o *Info*    Data Directory    =
\o           /home/saul/projects/ASKA/Sim/BIAS/bias_tb/adexl/results/data/Interactive.17/12/corner_BIAS:bias_tb:1
\o 
\o 
\o *Info*    Creating Netlist for Point ID (20 12)
\o 
\o generate netlist...
\o function ansCdlCompPrim redefined
\o function ansCdlCompPrim redefined
\o Begin Incremental Netlisting Apr 23 09:44:15 2024
\o End netlisting Apr 23 09:44:15 2024
\o 
\o 	The netlist is up to date.
\o 	Time taken to compare the design with netlist:   0.0s
\o       ...successful.
\o compose simulator input file...
\o       ...successful.
\o 
\o *Info*    Running simulation on testbench [ corner_BIAS:bias_tb:1 ]
\o           for Point ID (20 12).
\o 
\o Delete psf data in /home/saul/projects/ASKA/Sim/BIAS/bias_tb/adexl/results/data/Interactive.17/12/corner_BIAS:bias_tb:1/psf.
\o compose simulator input file...
\o       ...successful.
\o start simulator if needed...
\o       ...successful.
\o simulate...
\o To view the simulator output, right-click on the test name, result 
\o name, or any value in the "Results" tab of the Outputs section and 
\o choose "Output Log" menu option.
\o INFO (ADE-3071): Simulation completed successfully.
\o reading simulation data...
\o       ...successful.
\o *Info*    Client has finished evaluating ... 
\o 
\o 
\o *Info*    Run complete for Point ID (20 12) on testbench [
\o           corner_BIAS:bias_tb:1 ].
\o 
\o 
\o 
\o 
\o 
\o 
\o 
\o 
\o 
\o 
\o *Info*    Run start for Point ID (20 18) on testbench [
\o           corner_BIAS:bias_tb:1 ].
\o 
\o Resetting statistical vars
\o 
\o *Info*    Setting parameter values ...
\o 
\# Available memory:         15,102 MB at UTC 2024.04.23 13:44:17.087
\# Memory report: Maximum memory size now 15,780 MB at UTC 2024.04.23 13:44:17.087
\# Thread usage report: 13 active threads, active load 1.40 at UTC 2024.04.23 13:44:17.087
\o 
\o *Info*    Netlist Directory =
\o           /home/saul/projects/ASKA/Sim/BIAS/bias_tb/adexl/results/data/Interactive.17/18/corner_BIAS:bias_tb:1/netlist
\o 
\o 
\o *Info*    Data Directory    =
\o           /home/saul/projects/ASKA/Sim/BIAS/bias_tb/adexl/results/data/Interactive.17/18/corner_BIAS:bias_tb:1
\o 
\o 
\o *Info*    Creating Netlist for Point ID (20 18)
\o 
\o generate netlist...
\o function ansCdlCompPrim redefined
\o function ansCdlCompPrim redefined
\o Begin Incremental Netlisting Apr 23 09:44:17 2024
\o End netlisting Apr 23 09:44:17 2024
\o 
\o 	The netlist is up to date.
\o 	Time taken to compare the design with netlist:   0.0s
\o       ...successful.
\o compose simulator input file...
\o       ...successful.
\o 
\o *Info*    Running simulation on testbench [ corner_BIAS:bias_tb:1 ]
\o           for Point ID (20 18).
\o 
\o Delete psf data in /home/saul/projects/ASKA/Sim/BIAS/bias_tb/adexl/results/data/Interactive.17/18/corner_BIAS:bias_tb:1/psf.
\o compose simulator input file...
\o       ...successful.
\o start simulator if needed...
\o       ...successful.
\o simulate...
\o To view the simulator output, right-click on the test name, result 
\o name, or any value in the "Results" tab of the Outputs section and 
\o choose "Output Log" menu option.
\o INFO (ADE-3071): Simulation completed successfully.
\o reading simulation data...
\o       ...successful.
\o *Info*    Client has finished evaluating ... 
\o 
\o 
\o *Info*    Run complete for Point ID (20 18) on testbench [
\o           corner_BIAS:bias_tb:1 ].
\o 
\o 
\o 
\o 
\o 
\o 
\o 
\o 
\o 
\o 
\o *Info*    Run start for Point ID (20 25) on testbench [
\o           corner_BIAS:bias_tb:1 ].
\o 
\o Resetting statistical vars
\o 
\o *Info*    Setting parameter values ...
\o 
\o Setting var temperature = "85"
\o Setting temp(T) = 85
\o 
\o *Info*    Netlist Directory =
\o           /home/saul/projects/ASKA/Sim/BIAS/bias_tb/adexl/results/data/Interactive.17/25/corner_BIAS:bias_tb:1/netlist
\o 
\o 
\o *Info*    Data Directory    =
\o           /home/saul/projects/ASKA/Sim/BIAS/bias_tb/adexl/results/data/Interactive.17/25/corner_BIAS:bias_tb:1
\o 
\o 
\o *Info*    Creating Netlist for Point ID (20 25)
\o 
\o generate netlist...
\o function ansCdlCompPrim redefined
\o function ansCdlCompPrim redefined
\o Begin Incremental Netlisting Apr 23 09:44:19 2024
\o End netlisting Apr 23 09:44:19 2024
\o 
\o 	The netlist is up to date.
\o 	Time taken to compare the design with netlist:   0.0s
\o       ...successful.
\o compose simulator input file...
\o       ...successful.
\o 
\o *Info*    Running simulation on testbench [ corner_BIAS:bias_tb:1 ]
\o           for Point ID (20 25).
\o 
\o Delete psf data in /home/saul/projects/ASKA/Sim/BIAS/bias_tb/adexl/results/data/Interactive.17/25/corner_BIAS:bias_tb:1/psf.
\o compose simulator input file...
\o       ...successful.
\o start simulator if needed...
\o       ...successful.
\o simulate...
\o To view the simulator output, right-click on the test name, result 
\o name, or any value in the "Results" tab of the Outputs section and 
\o choose "Output Log" menu option.
\o INFO (ADE-3071): Simulation completed successfully.
\o reading simulation data...
\o       ...successful.
\o *Info*    Client has finished evaluating ... 
\o 
\o 
\o *Info*    Run complete for Point ID (20 25) on testbench [
\o           corner_BIAS:bias_tb:1 ].
\o 
\o 
\o 
\o 
\o 
\# Memory report: using         708 MB, process size 2,497 MB at UTC 2024.04.23 13:44:21.048
\o 
\o 
\o 
\o 
\o 
\o *Info*    Run start for Point ID (20 29) on testbench [
\o           corner_BIAS:bias_tb:1 ].
\o 
\o Resetting statistical vars
\o 
\o *Info*    Setting parameter values ...
\o 
\o 
\o *Info*    Netlist Directory =
\o           /home/saul/projects/ASKA/Sim/BIAS/bias_tb/adexl/results/data/Interactive.17/29/corner_BIAS:bias_tb:1/netlist
\o 
\o 
\o *Info*    Data Directory    =
\o           /home/saul/projects/ASKA/Sim/BIAS/bias_tb/adexl/results/data/Interactive.17/29/corner_BIAS:bias_tb:1
\o 
\o 
\o *Info*    Creating Netlist for Point ID (20 29)
\o 
\o generate netlist...
\o function ansCdlCompPrim redefined
\o function ansCdlCompPrim redefined
\o Begin Incremental Netlisting Apr 23 09:44:21 2024
\o End netlisting Apr 23 09:44:21 2024
\o 
\o 	The netlist is up to date.
\o 	Time taken to compare the design with netlist:   0.0s
\o       ...successful.
\o compose simulator input file...
\o       ...successful.
\o 
\o *Info*    Running simulation on testbench [ corner_BIAS:bias_tb:1 ]
\o           for Point ID (20 29).
\o 
\o Delete psf data in /home/saul/projects/ASKA/Sim/BIAS/bias_tb/adexl/results/data/Interactive.17/29/corner_BIAS:bias_tb:1/psf.
\o compose simulator input file...
\o       ...successful.
\o start simulator if needed...
\o       ...successful.
\o simulate...
\o To view the simulator output, right-click on the test name, result 
\o name, or any value in the "Results" tab of the Outputs section and 
\o choose "Output Log" menu option.
\o INFO (ADE-3071): Simulation completed successfully.
\o reading simulation data...
\o       ...successful.
\o *Info*    Client has finished evaluating ... 
\o 
\o 
\o *Info*    Run complete for Point ID (20 29) on testbench [
\o           corner_BIAS:bias_tb:1 ].
\o 
\o 
\o 
\o 
\o 
\o 
\o 
\o 
\o 
\o 
\o *Info*    Run start for Point ID (20 32) on testbench [
\o           corner_BIAS:bias_tb:1 ].
\o 
\o Resetting statistical vars
\o 
\o *Info*    Setting parameter values ...
\o 
\o Setting var temperature = "-40"
\o Setting temp(T) = -40
\o 
\o *Info*    Netlist Directory =
\o           /home/saul/projects/ASKA/Sim/BIAS/bias_tb/adexl/results/data/Interactive.17/32/corner_BIAS:bias_tb:1/netlist
\o 
\o 
\o *Info*    Data Directory    =
\o           /home/saul/projects/ASKA/Sim/BIAS/bias_tb/adexl/results/data/Interactive.17/32/corner_BIAS:bias_tb:1
\o 
\o 
\o *Info*    Creating Netlist for Point ID (20 32)
\o 
\o generate netlist...
\o function ansCdlCompPrim redefined
\o function ansCdlCompPrim redefined
\o Begin Incremental Netlisting Apr 23 09:44:23 2024
\o End netlisting Apr 23 09:44:23 2024
\o 
\o 	The netlist is up to date.
\o 	Time taken to compare the design with netlist:   0.0s
\o       ...successful.
\o compose simulator input file...
\o       ...successful.
\o 
\o *Info*    Running simulation on testbench [ corner_BIAS:bias_tb:1 ]
\o           for Point ID (20 32).
\o 
\o Delete psf data in /home/saul/projects/ASKA/Sim/BIAS/bias_tb/adexl/results/data/Interactive.17/32/corner_BIAS:bias_tb:1/psf.
\o compose simulator input file...
\o       ...successful.
\o start simulator if needed...
\o       ...successful.
\o simulate...
\o To view the simulator output, right-click on the test name, result 
\o name, or any value in the "Results" tab of the Outputs section and 
\o choose "Output Log" menu option.
\o INFO (ADE-3071): Simulation completed successfully.
\o reading simulation data...
\o       ...successful.
\o *Info*    Client has finished evaluating ... 
\o 
\o 
\o *Info*    Run complete for Point ID (20 32) on testbench [
\o           corner_BIAS:bias_tb:1 ].
\o 
\o 
\o 
\o 
\o 
\o 
\o 
\o 
\o 
\o 
\o *Info*    Run start for Point ID (20 37) on testbench [
\o           corner_BIAS:bias_tb:1 ].
\o 
\o Resetting statistical vars
\o 
\o *Info*    Setting parameter values ...
\o 
\o Setting var temperature = "85"
\o Setting temp(T) = 85
\o 
\o *Info*    Netlist Directory =
\o           /home/saul/projects/ASKA/Sim/BIAS/bias_tb/adexl/results/data/Interactive.17/37/corner_BIAS:bias_tb:1/netlist
\o 
\o 
\o *Info*    Data Directory    =
\o           /home/saul/projects/ASKA/Sim/BIAS/bias_tb/adexl/results/data/Interactive.17/37/corner_BIAS:bias_tb:1
\o 
\o 
\o *Info*    Creating Netlist for Point ID (20 37)
\o 
\o generate netlist...
\o function ansCdlCompPrim redefined
\o function ansCdlCompPrim redefined
\o Begin Incremental Netlisting Apr 23 09:44:25 2024
\o End netlisting Apr 23 09:44:25 2024
\o 
\o 	The netlist is up to date.
\o 	Time taken to compare the design with netlist:   0.0s
\o       ...successful.
\o compose simulator input file...
\o       ...successful.
\o 
\o *Info*    Running simulation on testbench [ corner_BIAS:bias_tb:1 ]
\o           for Point ID (20 37).
\o 
\o Delete psf data in /home/saul/projects/ASKA/Sim/BIAS/bias_tb/adexl/results/data/Interactive.17/37/corner_BIAS:bias_tb:1/psf.
\o compose simulator input file...
\o       ...successful.
\o start simulator if needed...
\o       ...successful.
\o simulate...
\o To view the simulator output, right-click on the test name, result 
\o name, or any value in the "Results" tab of the Outputs section and 
\o choose "Output Log" menu option.
\o INFO (ADE-3071): Simulation completed successfully.
\o reading simulation data...
\o       ...successful.
\o *Info*    Client has finished evaluating ... 
\o 
\o 
\o *Info*    Run complete for Point ID (20 37) on testbench [
\o           corner_BIAS:bias_tb:1 ].
\o 
\o 
\o 
\o 
\o 
\o 
\o 
\o 
\o 
\o 
\o *Info*    Run start for Point ID (20 42) on testbench [
\o           corner_BIAS:bias_tb:1 ].
\o 
\o Resetting statistical vars
\o 
\o *Info*    Setting parameter values ...
\o 
\o Setting var temperature = "-40"
\o Setting temp(T) = -40
\o 
\o *Info*    Netlist Directory =
\o           /home/saul/projects/ASKA/Sim/BIAS/bias_tb/adexl/results/data/Interactive.17/42/corner_BIAS:bias_tb:1/netlist
\o 
\o 
\o *Info*    Data Directory    =
\o           /home/saul/projects/ASKA/Sim/BIAS/bias_tb/adexl/results/data/Interactive.17/42/corner_BIAS:bias_tb:1
\o 
\o 
\o *Info*    Creating Netlist for Point ID (20 42)
\o 
\o generate netlist...
\o function ansCdlCompPrim redefined
\o function ansCdlCompPrim redefined
\o Begin Incremental Netlisting Apr 23 09:44:27 2024
\# Memory report: Maximum memory size now 15,375 MB at UTC 2024.04.23 13:44:27.117
\o End netlisting Apr 23 09:44:27 2024
\o 
\o 	The netlist is up to date.
\o 	Time taken to compare the design with netlist:   0.0s
\o       ...successful.
\o compose simulator input file...
\o       ...successful.
\o 
\o *Info*    Running simulation on testbench [ corner_BIAS:bias_tb:1 ]
\o           for Point ID (20 42).
\o 
\o Delete psf data in /home/saul/projects/ASKA/Sim/BIAS/bias_tb/adexl/results/data/Interactive.17/42/corner_BIAS:bias_tb:1/psf.
\o compose simulator input file...
\o       ...successful.
\o start simulator if needed...
\o       ...successful.
\o simulate...
\o To view the simulator output, right-click on the test name, result 
\o name, or any value in the "Results" tab of the Outputs section and 
\o choose "Output Log" menu option.
\o INFO (ADE-3071): Simulation completed successfully.
\o reading simulation data...
\o       ...successful.
\o *Info*    Client has finished evaluating ... 
\o 
\o 
\o *Info*    Run complete for Point ID (20 42) on testbench [
\o           corner_BIAS:bias_tb:1 ].
\o 
\o 
\o 
\o 
\o 
\o 
\o 
\o 
\o 
\o 
\o *Info*    Run start for Point ID (20 50) on testbench [
\o           corner_BIAS:bias_tb:1 ].
\o 
\o Resetting statistical vars
\o 
\o *Info*    Setting parameter values ...
\o 
\o 
\o *Info*    Netlist Directory =
\o           /home/saul/projects/ASKA/Sim/BIAS/bias_tb/adexl/results/data/Interactive.17/50/corner_BIAS:bias_tb:1/netlist
\o 
\o 
\o *Info*    Data Directory    =
\o           /home/saul/projects/ASKA/Sim/BIAS/bias_tb/adexl/results/data/Interactive.17/50/corner_BIAS:bias_tb:1
\o 
\o 
\o *Info*    Creating Netlist for Point ID (20 50)
\o 
\o generate netlist...
\o function ansCdlCompPrim redefined
\o function ansCdlCompPrim redefined
\o Begin Incremental Netlisting Apr 23 09:44:29 2024
\o End netlisting Apr 23 09:44:29 2024
\o 
\o 	The netlist is up to date.
\o 	Time taken to compare the design with netlist:   0.0s
\o       ...successful.
\o compose simulator input file...
\o       ...successful.
\o 
\o *Info*    Running simulation on testbench [ corner_BIAS:bias_tb:1 ]
\o           for Point ID (20 50).
\o 
\o Delete psf data in /home/saul/projects/ASKA/Sim/BIAS/bias_tb/adexl/results/data/Interactive.17/50/corner_BIAS:bias_tb:1/psf.
\o compose simulator input file...
\o       ...successful.
\o start simulator if needed...
\o       ...successful.
\o simulate...
\o To view the simulator output, right-click on the test name, result 
\o name, or any value in the "Results" tab of the Outputs section and 
\o choose "Output Log" menu option.
\o INFO (ADE-3071): Simulation completed successfully.
\o reading simulation data...
\o       ...successful.
\o *Info*    Client has finished evaluating ... 
\o 
\o 
\o *Info*    Run complete for Point ID (20 50) on testbench [
\o           corner_BIAS:bias_tb:1 ].
\o 
\o 
\o 
\o 
\o 
\o 
\o 
\o 
\o 
\o 
\o *Info*    Run start for Point ID (20 52) on testbench [
\o           corner_BIAS:bias_tb:1 ].
\o 
\o Resetting statistical vars
\o 
\o *Info*    Setting parameter values ...
\o 
\o 
\o *Info*    Netlist Directory =
\o           /home/saul/projects/ASKA/Sim/BIAS/bias_tb/adexl/results/data/Interactive.17/52/corner_BIAS:bias_tb:1/netlist
\o 
\o 
\o *Info*    Data Directory    =
\o           /home/saul/projects/ASKA/Sim/BIAS/bias_tb/adexl/results/data/Interactive.17/52/corner_BIAS:bias_tb:1
\o 
\o 
\o *Info*    Creating Netlist for Point ID (20 52)
\o 
\o generate netlist...
\o function ansCdlCompPrim redefined
\o function ansCdlCompPrim redefined
\o Begin Incremental Netlisting Apr 23 09:44:31 2024
\o End netlisting Apr 23 09:44:31 2024
\o 
\o 	The netlist is up to date.
\o 	Time taken to compare the design with netlist:   0.0s
\o       ...successful.
\o compose simulator input file...
\o       ...successful.
\o 
\o *Info*    Running simulation on testbench [ corner_BIAS:bias_tb:1 ]
\o           for Point ID (20 52).
\o 
\o Delete psf data in /home/saul/projects/ASKA/Sim/BIAS/bias_tb/adexl/results/data/Interactive.17/52/corner_BIAS:bias_tb:1/psf.
\o compose simulator input file...
\o       ...successful.
\o start simulator if needed...
\o       ...successful.
\o simulate...
\o To view the simulator output, right-click on the test name, result 
\o name, or any value in the "Results" tab of the Outputs section and 
\o choose "Output Log" menu option.
\o INFO (ADE-3071): Simulation completed successfully.
\o reading simulation data...
\o       ...successful.
\o *Info*    Client has finished evaluating ... 
\o 
\o 
\o *Info*    Run complete for Point ID (20 52) on testbench [
\o           corner_BIAS:bias_tb:1 ].
\o 
\o 
\o 
\o 
\o 
\o 
\o 
\o 
\o 
\o 
\o *Info*    Run start for Point ID (20 58) on testbench [
\o           corner_BIAS:bias_tb:1 ].
\o 
\o Resetting statistical vars
\o 
\o *Info*    Setting parameter values ...
\o 
\o 
\o *Info*    Netlist Directory =
\o           /home/saul/projects/ASKA/Sim/BIAS/bias_tb/adexl/results/data/Interactive.17/58/corner_BIAS:bias_tb:1/netlist
\o 
\o 
\o *Info*    Data Directory    =
\o           /home/saul/projects/ASKA/Sim/BIAS/bias_tb/adexl/results/data/Interactive.17/58/corner_BIAS:bias_tb:1
\o 
\o 
\o *Info*    Creating Netlist for Point ID (20 58)
\o 
\o generate netlist...
\o function ansCdlCompPrim redefined
\o function ansCdlCompPrim redefined
\o Begin Incremental Netlisting Apr 23 09:44:33 2024
\o End netlisting Apr 23 09:44:33 2024
\o 
\o 	The netlist is up to date.
\o 	Time taken to compare the design with netlist:   0.0s
\o       ...successful.
\o compose simulator input file...
\o       ...successful.
\o 
\o *Info*    Running simulation on testbench [ corner_BIAS:bias_tb:1 ]
\o           for Point ID (20 58).
\o 
\o Delete psf data in /home/saul/projects/ASKA/Sim/BIAS/bias_tb/adexl/results/data/Interactive.17/58/corner_BIAS:bias_tb:1/psf.
\o compose simulator input file...
\o       ...successful.
\o start simulator if needed...
\o       ...successful.
\o simulate...
\o To view the simulator output, right-click on the test name, result 
\o name, or any value in the "Results" tab of the Outputs section and 
\o choose "Output Log" menu option.
\o INFO (ADE-3071): Simulation completed successfully.
\o reading simulation data...
\o       ...successful.
\o *Info*    Client has finished evaluating ... 
\o 
\# Memory report: using         817 MB, process size 2,606 MB at UTC 2024.04.23 13:44:35.074
\o 
\o *Info*    Run complete for Point ID (20 58) on testbench [
\o           corner_BIAS:bias_tb:1 ].
\o 
\o 
\o 
\o 
\o 
\o 
\o 
\o 
\o 
\o 
\o *Info*    Run start for Point ID (20 65) on testbench [
\o           corner_BIAS:bias_tb:1 ].
\o 
\o Resetting statistical vars
\o 
\o *Info*    Setting parameter values ...
\o 
\o Setting var temperature = "85"
\o Setting temp(T) = 85
\o 
\o *Info*    Netlist Directory =
\o           /home/saul/projects/ASKA/Sim/BIAS/bias_tb/adexl/results/data/Interactive.17/65/corner_BIAS:bias_tb:1/netlist
\o 
\o 
\o *Info*    Data Directory    =
\o           /home/saul/projects/ASKA/Sim/BIAS/bias_tb/adexl/results/data/Interactive.17/65/corner_BIAS:bias_tb:1
\o 
\o 
\o *Info*    Creating Netlist for Point ID (20 65)
\o 
\o generate netlist...
\o function ansCdlCompPrim redefined
\o function ansCdlCompPrim redefined
\o Begin Incremental Netlisting Apr 23 09:44:35 2024
\o End netlisting Apr 23 09:44:35 2024
\o 
\o 	The netlist is up to date.
\o 	Time taken to compare the design with netlist:   0.0s
\o       ...successful.
\o compose simulator input file...
\o       ...successful.
\o 
\o *Info*    Running simulation on testbench [ corner_BIAS:bias_tb:1 ]
\o           for Point ID (20 65).
\o 
\o Delete psf data in /home/saul/projects/ASKA/Sim/BIAS/bias_tb/adexl/results/data/Interactive.17/65/corner_BIAS:bias_tb:1/psf.
\o compose simulator input file...
\o       ...successful.
\o start simulator if needed...
\o       ...successful.
\o simulate...
\o To view the simulator output, right-click on the test name, result 
\o name, or any value in the "Results" tab of the Outputs section and 
\o choose "Output Log" menu option.
\o INFO (ADE-3071): Simulation completed successfully.
\o reading simulation data...
\o       ...successful.
\o *Info*    Client has finished evaluating ... 
\o 
\# Memory report: Maximum memory size now 15,040 MB at UTC 2024.04.23 13:44:37.024
\o 
\o *Info*    Run complete for Point ID (20 65) on testbench [
\o           corner_BIAS:bias_tb:1 ].
\o 
\o 
\o 
\o 
\o 
\o Simulation design variables differ from those on the cellView,
\o they have been saved in the file "/tmp/saved-design-variables".
\o To save future changes, copy variables to cellView before exiting.
\# Lic Summary:
\# [09:49:41.205322] Cdslmd servers:3000@lic08.ug.kth.se
\# [09:49:41.205371] Feature usage summary:
\# Memory report: on exit            832 MB, process size 2,621 MB at UTC 2024.04.23 13:49:41.205
\# Memory report: peak usage         832 MB, process size 2,621 MB
