\# Program start time:     UTC 2024.04.23 15:16:55.886
\# Local time: EDT (UTC-04:00) 2024.04.23 11:16:55.886
\o Program:		@(#)$CDS: virtuoso version 6.1.8-64b 10/11/2023 09:56 (cpgbld01) $
\o Hierarchy:		/home/saul/cadence/installs/IC618/tools.lnx86/dfII/
\o Sub version:		sub-version  IC6.1.8-64b.500.34  (64-bit addresses)
\# Command line:	/pkg/cadence/installs/IC618/tools.lnx86/dfII/bin/64bit/virtuoso -noautostart -mpssession virtuoso2439 -mpshost phoenix -davinciService DaVinciService_2439_1713771131 -log /home/saul/projects/ASKA/logs_saul/logs0/Job89.log -licenseLockFileName /home/saul/projects/ASKA/.tmp_saul/.phoenix_2439 -interactiveA -interactiveE -interactiveRTT -nostdin -nographE -axlChildIdFlag 89
\# Host name (type):	phoenix (x86_64)
\# Operating system:	Linux 3.10.0-1160.105.1.el7.x86_64 #1 SMP Thu Dec 7 15:39:45 UTC 2023
\# Linux /etc/issue:	\S
\# Linux /etc/issue:	Kernel \r on an \m
\# X display name (WxH):	:5456 (1024x868)
\# Available geometry:			TL(0:0) BR(1023:867)
\# X server:			The X.Org Foundation
\# Depth of Visual (Root):	24 (24)
\# Number of Planes Used:	24
\# X version:		11.0 (vendor release 12004000)
\# X resource pool:	base 0x400000, mask 0x1fffff (2097151), shift 0
\# 			current id 0x0, current max 0x1ffffa (2097146)
\# Max data seg size:	     unlimited
\# Max process size:	     unlimited
\# Initial sbrk value:	        642 MB
\# Available memory:	     16,644 MB
\# System memory:	     25,561 MB
\# Maximum memory size:	     25,137 MB
\# Max mem available:	     16,862 MB
\# Initial memory used:	        218 MB
\#        process size:	      1,821 MB
\# Thread usage limits (effective/default):	maxthreads 4096/4096 maxload 7.00/7.00
\# Qt version:		5.9.1
\# Window Manager:	other
\# User Name:		saul
\o Working Directory:	phoenix:/home/saul/projects/ASKA
\# Process Id:		32118
\o 
\o COPYRIGHT (C) 1992-2023  CADENCE DESIGN SYSTEMS INC.  ALL RIGHTS RESERVED.
\o           (C) 1992-2023  UNIX SYSTEMS Laboratories INC.,
\o                          Reproduced with permission.
\o 
\o This Cadence Design Systems program and online documentation are
\o proprietary/confidential information and may be disclosed/used only
\o as authorized in a license agreement controlling such use and disclosure.
\o 
\o           RESTRICTED RIGHTS NOTICE (SHORT FORM)
\o Use/reproduction/disclosure is subject to restriction
\o set forth at FAR 1252.227-19 or its equivalent.
\o Loading geView.cxt 
\o Loading menuBuilder.cxt 
\o Loading schView.cxt 
\o Loading selectSv.cxt 
\o Loading pvsui.cxt
\o Loading wireEdit.cxt 
\o Loading pte2.cxt 
\o Loading xlUI.cxt 
\o Loading auCore.cxt 
\o Loading vhdl.cxt 
\o Loading seismic.cxt 
\o Loading ci.cxt 
\o Loading ams.cxt 
\o Loading oasis.cxt 
\o Loading analog.cxt 
\o Loading asimenv.cxt 
\o Loading dal.cxt 
\o Loading awv.cxt 
\o Loading socket.cxt 
\o Loading par.cxt 
\o Loading alvs.cxt 
\o Loading caa.cxt 
\o Loading amps.cxt 
\o Loading adexlCore.cxt 
\o Loading adexl.cxt 
\# Memory report: using         348 MB, process size 2,073 MB at UTC 2024.04.23 15:16:57.108
\o *Info*    Exporting services from client ... 
\o 
\o Loading adexlDM.cxt 
\o Loading cpf.cxt 
\o Loading cli.cxt 
\o Loading lp.cxt 
\o INFO (ELI-00302) Connecting to parent process (session=virtuoso2439, host=phoenix). Connection mode is ICRP. Total timeout is 180 seconds. Connection timeout is 90 seconds.
\o INFO (ELI-00303) Step 1: Connecting to parent. Time spent is 0 seconds.
\o INFO (ELI-00304) The registration of the child 32118 within 90 seconds is being processed...
\o INFO (ELI-00305) The result of registration is true. Time spent is 0 seconds.
\o INFO (ELI-00308) The connection has ended. Result is true. Total time spent is 0 seconds.
\# [11:16:55.512409] Configured Lic search path (22.01-s002): 3000@lic08.ug.kth.se
\o Loading .cdsinit for the XH018 X-Fab XKit.
\o     LOAD xh018_1143 SPECIFIC CALL-BACK ROUTINES
\o     LOAD ALL AVAILABLE P-CELL FUNCTIONS
\o ** Info: PDK loadpath is "/home/saul/pkg/xfab/XKIT/xh018/cadence/v9_0/PDK/IC61/v9_0_4"
\o Loading XfSktTools.cxt
\o Loading XfMenu.cxt
\o Loading XfTechXh018.cxt
\o Loading XfPcellCore.cxt
\o function ansiSpicePrintProperties_subcircuit redefined
\o Loading XfSkillExt.cxt
\o Initializing library.
\o Finished Initializing Library .
\o     Generic PcellKit: 'production' loaded.
\o     Generic Pcell Skill Tools: 'production' loaded.
\o Loading Circuit Prospector Setup (XfCircuitProspSetup.il)
\o     LOAD THE ENVIRONMENT FILE
\o  --> Setting the required PDK definitions...
\o     GDSII LAYER MAPPING FILE = "./.xkit/setup/xh018/cadence/PDK/TECH_XH018_1143/strmInOut.layertable"
\o     GDSII OBJECT MAPPING FILE = "./.xkit/setup/xh018/cadence/PDK/TECH_XH018_1143/strmOutObjects.map"
\o Use model setup from PDK...
\o Loading spectrei.cxt 
\o Loading devCheck.cxt 
\o Loading relXpert.cxt 
\o Loading vdsil.cxt 
\o Loading hspiceD.cxt 
\o Loading spectreinl.cxt 
\o Loading UltraSim.cxt 
\o Loading msgHandler.cxt 
\o Loading AMSOSS.cxt 
\o Loading AMS.cxt 
\o  --> Finished setting the required PDK definitions
\o  --> Setting the recommended EDA tool defaults...
\o  --> Finished setting the recommended EDA tool defaults
\o     LOAD DEFAULT BINDKEYS
\o Loading viva.cxt 
\o  --> AssuraTools Setup not available
\o *Info*    Client has finished starting ... 
\o 
\p > 
\# Loading perfDiag...
\# (PerfDiag): Set GDB path to environment variable 'gdbPath' (gdb).
\# Performance Diagnostic tool is installed. You can access PerfDiag from CIW Tools or use the shell command 'cdsPerfDiag -p 32118' to open it when Virtuoso freezes.
\# (PerfDiag): Loading backtrace from /pkg/cadence/installs/IC618/tools/lib/64bit/cdnslibunwind.so
\o Loading vqp.cxt 
\o Loading hdlPkg.cxt 
\o 
\o 
\o *Info*    Configuring the session ...
\o 
\o Loading simui.cxt 
\o 	Library      = BIAS
\o 	Cell         = bias_tb
\o 	View         = config
\o 	Simulator    = spectre
\o 	State Path   = $AXL_SETUPDB_DIR/test_states
\o 	State Name   = corner_BIAS:bias_tb:1:1_corner_BIAS:bias_tb:1:1_state_MonteCarlo.3
\o 	Results DB   = /home/saul/projects/ASKA/BIAS/bias_tb/adexl/results/data/MonteCarlo.3.rdb
\o 	Results Dir  = /home/saul/projects/ASKA/Sim/BIAS/bias_tb/adexl/results/data/MonteCarlo.3/1/corner_BIAS:bias_tb:1:1
\o 	Results Loc  = /home/saul/projects/ASKA/Sim/BIAS/bias_tb/adexl/results/data
\o 	Project Dir  = /home/saul/projects/ASKA/Sim
\o 	Setup DB loc = /home/saul/projects/ASKA/BIAS/bias_tb/adexl
\o 	File Encoding = 0
\o 
\o 
\# Memory report: using         494 MB, process size 2,233 MB at UTC 2024.04.23 15:16:59.236
\o WARNING (ADE-7017): The Spectre run mode needs to be 'batch' when EM/IR analysis is enabled. Automatically setting the run mode to 'batch'.
\o 
\o *Info*    The auto suspension is disabled.
\o 
\o     LOAD GENERIC "X-KIT" SKILL CONTEXT "./.xkit/setup/x_all/cadence/xenv/skill/context6/xkit.cxt" 
\o  - Menu "XKit Utilities" installed to CIW.
\o     LOAD ".cdsinit_personal" FILE FROM THE WORKING DIRECTORY.
\o     INFO: To customize this setup, please use the following environment variables:
\o           CUSTOM_SCRIPT_PATH - should point to the master shell or perl script
\o                              e.g.:
\o                              setenv CUSTOM_SCRIPT_PATH /path/to/my/script/LoadMyScripts.csh
\o           CUSTOM_SKILL_PATH - should point to your master skill load file
\o                              e.g.:
\o                              setenv CUSTOM_SKILL_PATH /path/to/my/skill/LoadMySkills.il
\o  loading default key binding 
\o  -> END LOAD ".cdsinit" FILE
\o Loading monte.cxt 
\o 
\o 
\o 
\o 
\o 
\o *Info*    Run start for Point ID (21 61) on testbench [
\o           corner_BIAS:bias_tb:1:1 ].
\o 
\o Resetting statistical vars
\o 
\o *Info*    Setting parameter values ...
\o 
\o Setting var VDD3 = "3.3"
\o Setting var VDD3_PULSE = "0.1"
\o Setting var temperature = "27"
\o Setting temp(T) = 27
\o 
\o *Info*    Netlist Directory =
\o           /home/saul/projects/ASKA/Sim/BIAS/bias_tb/adexl/results/data/MonteCarlo.3/61/corner_BIAS:bias_tb:1:1/groupRunDataDir/netlist
\o 
\o 
\o *Info*    Data Directory    =
\o           /home/saul/projects/ASKA/Sim/BIAS/bias_tb/adexl/results/data/MonteCarlo.3/61/corner_BIAS:bias_tb:1:1/groupRunDataDir
\o 
\o 
\o *Info*    Creating Netlist for Point ID (21 61)
\o 
\o generate netlist...
\o Loading hnlInit.cxt 
\o Loading seCore.cxt 
\o function ansCdlCompPrim redefined
\o function ansCdlCompPrim redefined
\# [11:16:59.302529] Periodic Lic check successful
\# [11:16:59.302530] Feature usage summary:
\o Begin Incremental Netlisting Apr 23 11:16:59 2024
\o WARNING (OSSHNL-160): The primitive, 'analogLib/iprobe/spectre', was not used in the last netlisting session in this
\o current run directory. Therefore, re-netlisting all cell views where this
\o primitive is instantiated.
\o 
\o Loading json.cxt 
\o End netlisting Apr 23 11:16:59 2024
\o 
\o Netlisting Statistics:
\o 	Number of components:   17
\o 
\o 	Elapsed time:          0.0s
\o Errors: 0	Warnings: 0
\o       ...successful.
\o compose simulator input file...
\o       ...successful.
\# Memory report: using         605 MB, process size 2,344 MB at UTC 2024.04.23 15:17:00.141
\o 
\o *Info*    Running simulation on testbench [ corner_BIAS:bias_tb:1:1 ]
\o           for Point ID (21 61).
\o 
\o *Info*    Spectre controlMode is set "batch" due to monte carlo run.
\o 
\o Delete psf data in /home/saul/projects/ASKA/Sim/BIAS/bias_tb/adexl/results/data/MonteCarlo.3/61/corner_BIAS:bias_tb:1:1/groupRunDataDir/psf.
\o generate netlist...
\o function ansCdlCompPrim redefined
\o function ansCdlCompPrim redefined
\o Begin Incremental Netlisting Apr 23 11:17:00 2024
\o End netlisting Apr 23 11:17:00 2024
\o 
\o 	The netlist is up to date.
\o 	Time taken to compare the design with netlist:   0.0s
\o       ...successful.
\o compose simulator input file...
\o       ...successful.
\o start simulator if needed...
\o       ...successful.
\o simulate...
\o To view the simulator output, right-click on the test name, result 
\o name, or any value in the "Results" tab of the Outputs section and 
\o choose "Output Log" menu option.
\o Loading paraplot.cxt 
\# Available memory:         14,652 MB at UTC 2024.04.23 15:17:06.184
\# Memory report: Maximum memory size now 15,279 MB at UTC 2024.04.23 15:17:06.184
\# Thread usage report: 13 active threads, active load 1.40 at UTC 2024.04.23 15:17:06.184
\o *Info*    Client has finished evaluating ... 
\o 
\o 
\o *Info*    Run complete for Point ID (21 61) on testbench [
\o           corner_BIAS:bias_tb:1:1 ].
\o 
\o 
\o 
\o 
\o 
\# Memory report: Maximum memory size now 14,955 MB at UTC 2024.04.23 15:17:16.184
\o *Info*    Client has finished evaluating ... 
\o 
\o 
\o *Info*    Run complete for Point ID (21 62) on testbench [
\o           corner_BIAS:bias_tb:1:1 ].
\o 
\o 
\o 
\o 
\o 
\o *Info*    Client has finished evaluating ... 
\o 
\o 
\o *Info*    Run complete for Point ID (21 63) on testbench [
\o           corner_BIAS:bias_tb:1:1 ].
\o 
\o 
\o 
\o 
\o 
\o *Info*    Client has finished evaluating ... 
\o 
\o 
\o *Info*    Run complete for Point ID (21 64) on testbench [
\o           corner_BIAS:bias_tb:1:1 ].
\o 
\o 
\o 
\o 
\o 
\# Memory report: Maximum memory size now 14,662 MB at UTC 2024.04.23 15:17:46.184
\# Memory report: using         710 MB, process size 2,499 MB at UTC 2024.04.23 15:17:53.834
\o *Info*    Client has finished evaluating ... 
\o 
\o 
\o *Info*    Run complete for Point ID (21 65) on testbench [
\o           corner_BIAS:bias_tb:1:1 ].
\o 
\o 
\o 
\o 
\o 
\o *Info*    Client has finished evaluating ... 
\o 
\o 
\o *Info*    Run complete for Point ID (21 66) on testbench [
\o           corner_BIAS:bias_tb:1:1 ].
\o 
\o 
\o 
\o 
\o 
\o *Info*    Client has finished evaluating ... 
\o 
\o 
\o *Info*    Run complete for Point ID (21 67) on testbench [
\o           corner_BIAS:bias_tb:1:1 ].
\o 
\o 
\o 
\o 
\o 
\o *Info*    Client has finished evaluating ... 
\o 
\o 
\o *Info*    Run complete for Point ID (21 68) on testbench [
\o           corner_BIAS:bias_tb:1:1 ].
\o 
\o 
\o 
\o 
\o 
\# Memory report: Maximum memory size now 14,272 MB at UTC 2024.04.23 15:18:26.539
\o *Info*    Client has finished evaluating ... 
\o 
\o 
\o *Info*    Run complete for Point ID (21 69) on testbench [
\o           corner_BIAS:bias_tb:1:1 ].
\o 
\o 
\o 
\o 
\o 
\o *Info*    Client has finished evaluating ... 
\o 
\o 
\o *Info*    Run complete for Point ID (21 70) on testbench [
\o           corner_BIAS:bias_tb:1:1 ].
\o 
\o 
\o 
\o 
\o 
\o *Info*    Client has finished evaluating ... 
\o 
\o 
\o *Info*    Run complete for Point ID (21 71) on testbench [
\o           corner_BIAS:bias_tb:1:1 ].
\o 
\o 
\o 
\o 
\o 
\# Memory report: using         817 MB, process size 2,606 MB at UTC 2024.04.23 15:19:03.540
\o *Info*    Client has finished evaluating ... 
\o 
\o 
\o *Info*    Run complete for Point ID (21 72) on testbench [
\o           corner_BIAS:bias_tb:1:1 ].
\o 
\o 
\o 
\o 
\o 
\# Available memory:         13,302 MB at UTC 2024.04.23 15:19:06.184
\o *Info*    Client has finished evaluating ... 
\o 
\o 
\o *Info*    Run complete for Point ID (21 73) on testbench [
\o           corner_BIAS:bias_tb:1:1 ].
\o 
\o 
\o 
\o 
\o 
\o *Info*    Client has finished evaluating ... 
\o 
\o 
\o *Info*    Run complete for Point ID (21 74) on testbench [
\o           corner_BIAS:bias_tb:1:1 ].
\o 
\o 
\o 
\o 
\o 
\o *Info*    Client has finished evaluating ... 
\o 
\o 
\o *Info*    Run complete for Point ID (21 75) on testbench [
\o           corner_BIAS:bias_tb:1:1 ].
\o 
\o 
\o 
\o 
\o 
\o *Info*    Client has finished evaluating ... 
\o 
\o 
\o *Info*    Run complete for Point ID (21 76) on testbench [
\o           corner_BIAS:bias_tb:1:1 ].
\o 
\o 
\o 
\o 
\o 
\o *Info*    Client has finished evaluating ... 
\o 
\o 
\o *Info*    Run complete for Point ID (21 77) on testbench [
\o           corner_BIAS:bias_tb:1:1 ].
\o 
\o 
\o 
\o 
\o 
\o *Info*    Client has finished evaluating ... 
\o 
\o 
\o *Info*    Run complete for Point ID (21 78) on testbench [
\o           corner_BIAS:bias_tb:1:1 ].
\o 
\o 
\o 
\o 
\o 
\# Memory report: Maximum memory size now 13,990 MB at UTC 2024.04.23 15:20:18.184
\# Memory report: using         917 MB, process size 2,706 MB at UTC 2024.04.23 15:20:25.029
\o *Info*    Client has finished evaluating ... 
\o 
\o 
\o *Info*    Run complete for Point ID (21 79) on testbench [
\o           corner_BIAS:bias_tb:1:1 ].
\o 
\o 
\o 
\o 
\o 
\o *Info*    Client has finished evaluating ... 
\o 
\o 
\o *Info*    Run complete for Point ID (21 80) on testbench [
\o           corner_BIAS:bias_tb:1:1 ].
\o 
\o 
\o 
\o 
\o 
\o *Info*    Client has finished evaluating ... 
\o 
\o 
\o *Info*    Run complete for Point ID (21 81) on testbench [
\o           corner_BIAS:bias_tb:1:1 ].
\o 
\o 
\o 
\o 
\o 
\o *Info*    Client has finished evaluating ... 
\o 
\o 
\o *Info*    Run complete for Point ID (21 82) on testbench [
\o           corner_BIAS:bias_tb:1:1 ].
\o 
\o 
\o 
\o 
\o 
\o *Info*    Client has finished evaluating ... 
\o 
\o 
\o *Info*    Run complete for Point ID (21 83) on testbench [
\o           corner_BIAS:bias_tb:1:1 ].
\o 
\o 
\o 
\o 
\o 
\o *Info*    Client has finished evaluating ... 
\o 
\o 
\o *Info*    Run complete for Point ID (21 84) on testbench [
\o           corner_BIAS:bias_tb:1:1 ].
\o 
\o 
\o 
\o 
\o 
\o *Info*    Client has finished evaluating ... 
\o 
\o 
\o *Info*    Run complete for Point ID (21 85) on testbench [
\o           corner_BIAS:bias_tb:1:1 ].
\o 
\o 
\o 
\o 
\o 
\# Memory report: using       1,018 MB, process size 2,807 MB at UTC 2024.04.23 15:22:03.040
\o *Info*    Client has finished evaluating ... 
\o 
\o 
\o *Info*    Run complete for Point ID (21 86) on testbench [
\o           corner_BIAS:bias_tb:1:1 ].
\o 
\o 
\o 
\o 
\o 
\o *Info*    Client has finished evaluating ... 
\o 
\o 
\o *Info*    Run complete for Point ID (21 87) on testbench [
\o           corner_BIAS:bias_tb:1:1 ].
\o 
\o 
\o 
\o 
\o 
\o *Info*    Client has finished evaluating ... 
\o 
\o 
\o *Info*    Run complete for Point ID (21 88) on testbench [
\o           corner_BIAS:bias_tb:1:1 ].
\o 
\o 
\o 
\o 
\o 
\o *Info*    Client has finished evaluating ... 
\o 
\o 
\o *Info*    Run complete for Point ID (21 89) on testbench [
\o           corner_BIAS:bias_tb:1:1 ].
\o 
\o 
\o 
\o 
\o 
\# Memory report: Maximum memory size now 13,708 MB at UTC 2024.04.23 15:22:49.858
\o *Info*    Client has finished evaluating ... 
\o 
\o 
\o *Info*    Run complete for Point ID (21 90) on testbench [
\o           corner_BIAS:bias_tb:1:1 ].
\o 
\o 
\o 
\o 
\o 
\o *Info*    Client has finished evaluating ... 
\o 
\o 
\o *Info*    Run complete for Point ID (21 91) on testbench [
\o           corner_BIAS:bias_tb:1:1 ].
\o 
\o 
\o 
\o 
\o 
\o *Info*    Client has finished evaluating ... 
\o 
\o 
\o *Info*    Run complete for Point ID (21 92) on testbench [
\o           corner_BIAS:bias_tb:1:1 ].
\o 
\o 
\o 
\o 
\o 
\# Memory report: using       1,118 MB, process size 2,907 MB at UTC 2024.04.23 15:23:22.664
\o *Info*    Client has finished evaluating ... 
\o 
\o 
\o *Info*    Run complete for Point ID (21 93) on testbench [
\o           corner_BIAS:bias_tb:1:1 ].
\o 
\o 
\o 
\o 
\o 
\o *Info*    Client has finished evaluating ... 
\o 
\o 
\o *Info*    Run complete for Point ID (21 94) on testbench [
\o           corner_BIAS:bias_tb:1:1 ].
\o 
\o 
\o 
\o 
\o 
\o *Info*    Client has finished evaluating ... 
\o 
\o 
\o *Info*    Run complete for Point ID (21 95) on testbench [
\o           corner_BIAS:bias_tb:1:1 ].
\o 
\o 
\o 
\o 
\o 
\o *Info*    Client has finished evaluating ... 
\o 
\o 
\o *Info*    Run complete for Point ID (21 96) on testbench [
\o           corner_BIAS:bias_tb:1:1 ].
\o 
\o 
\o 
\o 
\o 
\o *Info*    Client has finished evaluating ... 
\o 
\o 
\o *Info*    Run complete for Point ID (21 97) on testbench [
\o           corner_BIAS:bias_tb:1:1 ].
\o 
\o 
\o 
\o 
\o 
\o *Info*    Client has finished evaluating ... 
\o 
\o 
\o *Info*    Run complete for Point ID (21 98) on testbench [
\o           corner_BIAS:bias_tb:1:1 ].
\o 
\o 
\o 
\o 
\o 
\o *Info*    Client has finished evaluating ... 
\o 
\o 
\o *Info*    Run complete for Point ID (21 99) on testbench [
\o           corner_BIAS:bias_tb:1:1 ].
\o 
\o 
\o 
\o 
\o 
\# Memory report: using       1,218 MB, process size 3,008 MB at UTC 2024.04.23 15:24:51.091
\o *Info*    Client has finished evaluating ... 
\o 
\o 
\o *Info*    Run complete for Point ID (21 100) on testbench [
\o           corner_BIAS:bias_tb:1:1 ].
\o 
\o 
\o 
\o 
\o 
\o *Info*    Client has finished evaluating ... 
\o 
\o 
\o *Info*    Run complete for Point ID (21 101) on testbench [
\o           corner_BIAS:bias_tb:1:1 ].
\o 
\o 
\o 
\o 
\o 
\o *Info*    Client has finished evaluating ... 
\o 
\o 
\o *Info*    Run complete for Point ID (21 102) on testbench [
\o           corner_BIAS:bias_tb:1:1 ].
\o 
\o 
\o 
\o 
\o 
\# Memory report: Maximum memory size now 13,422 MB at UTC 2024.04.23 15:25:31.184
\o *Info*    Client has finished evaluating ... 
\o 
\o 
\o *Info*    Run complete for Point ID (21 103) on testbench [
\o           corner_BIAS:bias_tb:1:1 ].
\o 
\o 
\o 
\o 
\o 
\o *Info*    Client has finished evaluating ... 
\o 
\o 
\o *Info*    Run complete for Point ID (21 104) on testbench [
\o           corner_BIAS:bias_tb:1:1 ].
\o 
\o 
\o 
\o 
\o 
\o *Info*    Client has finished evaluating ... 
\o 
\o 
\o *Info*    Run complete for Point ID (21 105) on testbench [
\o           corner_BIAS:bias_tb:1:1 ].
\o 
\o 
\o 
\o 
\o 
\# Memory report: using       1,321 MB, process size 3,110 MB at UTC 2024.04.23 15:26:10.115
\o *Info*    Client has finished evaluating ... 
\o 
\o 
\o *Info*    Run complete for Point ID (21 106) on testbench [
\o           corner_BIAS:bias_tb:1:1 ].
\o 
\o 
\o 
\o 
\o 
\# Available memory:         12,074 MB at UTC 2024.04.23 15:26:21.823
\o *Info*    Client has finished evaluating ... 
\o 
\o 
\o *Info*    Run complete for Point ID (21 107) on testbench [
\o           corner_BIAS:bias_tb:1:1 ].
\o 
\o 
\o 
\o 
\o 
\o *Info*    Client has finished evaluating ... 
\o 
\o 
\o *Info*    Run complete for Point ID (21 108) on testbench [
\o           corner_BIAS:bias_tb:1:1 ].
\o 
\o 
\o 
\o 
\o 
\o *Info*    Client has finished evaluating ... 
\o 
\o 
\o *Info*    Run complete for Point ID (21 109) on testbench [
\o           corner_BIAS:bias_tb:1:1 ].
\o 
\o 
\o 
\o 
\o 
\o *Info*    Client has finished evaluating ... 
\o 
\o 
\o *Info*    Run complete for Point ID (21 110) on testbench [
\o           corner_BIAS:bias_tb:1:1 ].
\o 
\o 
\o 
\o 
\o 
\o *Info*    Client has finished evaluating ... 
\o 
\o 
\o *Info*    Run complete for Point ID (21 111) on testbench [
\o           corner_BIAS:bias_tb:1:1 ].
\o 
\o 
\o 
\o 
\o 
\o *Info*    Client has finished evaluating ... 
\o 
\o 
\o *Info*    Run complete for Point ID (21 112) on testbench [
\o           corner_BIAS:bias_tb:1:1 ].
\o 
\o 
\o 
\o 
\o 
\# Memory report: using       1,421 MB, process size 3,210 MB at UTC 2024.04.23 15:27:38.015
\o *Info*    Client has finished evaluating ... 
\o 
\o 
\o *Info*    Run complete for Point ID (21 113) on testbench [
\o           corner_BIAS:bias_tb:1:1 ].
\o 
\o 
\o 
\o 
\o 
\o *Info*    Client has finished evaluating ... 
\o 
\o 
\o *Info*    Run complete for Point ID (21 114) on testbench [
\o           corner_BIAS:bias_tb:1:1 ].
\o 
\o 
\o 
\o 
\o 
\o *Info*    Client has finished evaluating ... 
\o 
\o 
\o *Info*    Run complete for Point ID (21 115) on testbench [
\o           corner_BIAS:bias_tb:1:1 ].
\o 
\o 
\o 
\o 
\o 
\o *Info*    Client has finished evaluating ... 
\o 
\o 
\o *Info*    Run complete for Point ID (21 116) on testbench [
\o           corner_BIAS:bias_tb:1:1 ].
\o 
\o 
\o 
\o 
\o 
\o *Info*    Client has finished evaluating ... 
\o 
\o 
\o *Info*    Run complete for Point ID (21 117) on testbench [
\o           corner_BIAS:bias_tb:1:1 ].
\o 
\o 
\o 
\o 
\o 
\o *Info*    Client has finished evaluating ... 
\o 
\o 
\o *Info*    Run complete for Point ID (21 118) on testbench [
\o           corner_BIAS:bias_tb:1:1 ].
\o 
\o 
\o 
\o 
\o 
\o *Info*    Client has finished evaluating ... 
\o 
\o 
\o *Info*    Run complete for Point ID (21 119) on testbench [
\o           corner_BIAS:bias_tb:1:1 ].
\o 
\o 
\o 
\o 
\o 
\o INFO (ADE-3071): Simulation completed successfully.
\o reading simulation data...
\o       ...successful.
\# Memory report: using       1,524 MB, process size 3,313 MB at UTC 2024.04.23 15:29:11.780
\o *Info*    Client has finished evaluating ... 
\o 
\o 
\o *Info*    Run complete for Point ID (21 120) on testbench [
\o           corner_BIAS:bias_tb:1:1 ].
\o 
\o 
\o 
\o 
\o 
\o *Info*    Monte Carlo Simulation completed successfully...
\# Memory report: Maximum memory size now 13,713 MB at UTC 2024.04.23 15:29:15.184
\o Simulation design variables differ from those on the cellView,
\o they have been saved in the file "/tmp/saved-design-variables".
\o To save future changes, copy variables to cellView before exiting.
