\# Program start time:     UTC 2024.04.04 09:36:46.732
\# Local time: EDT (UTC-04:00) 2024.04.04 05:36:46.732
\o Program:		@(#)$CDS: virtuoso version 6.1.8-64b 10/11/2023 09:56 (cpgbld01) $
\o Hierarchy:		/home/saul/cadence/installs/IC618/tools.lnx86/dfII/
\o Sub version:		sub-version  IC6.1.8-64b.500.34  (64-bit addresses)
\# Command line:	/pkg/cadence/installs/IC618/tools.lnx86/dfII/bin/64bit/virtuoso -noautostart -mpssession virtuoso5606 -mpshost phoenix -davinciService DaVinciService_5606_1712123584 -log /home/saul/projects/ASKA/logs_saul/logs0/Job93.log -licenseLockFileName /home/saul/projects/ASKA/.tmp_saul/.phoenix_5606 -interactiveA -interactiveE -interactiveRTT -nostdin -nographE -axlChildIdFlag 93
\# Host name (type):	phoenix (x86_64)
\# Operating system:	Linux 3.10.0-1160.105.1.el7.x86_64 #1 SMP Thu Dec 7 15:39:45 UTC 2023
\# Linux /etc/issue:	\S
\# Linux /etc/issue:	Kernel \r on an \m
\# X display name (WxH):	:4562 (1024x868)
\# Available geometry:			TL(0:0) BR(1023:867)
\# X server:			The X.Org Foundation
\# Depth of Visual (Root):	24 (24)
\# Number of Planes Used:	24
\# X version:		11.0 (vendor release 12004000)
\# X resource pool:	base 0x400000, mask 0x1fffff (2097151), shift 0
\# 			current id 0x0, current max 0x1ffffa (2097146)
\# Max data seg size:	     unlimited
\# Max process size:	     unlimited
\# Initial sbrk value:	        634 MB
\# Available memory:	     19,678 MB
\# System memory:	     23,948 MB
\# Maximum memory size:	     23,524 MB
\# Max mem available:	     19,889 MB
\# Initial memory used:	        210 MB
\#        process size:	      1,813 MB
\# Thread usage limits (effective/default):	maxthreads 4096/4096 maxload 6.00/6.00
\# Qt version:		5.9.1
\# Window Manager:	other
\# User Name:		saul
\o Working Directory:	phoenix:/home/saul/projects/ASKA
\# Process Id:		22208
\o 
\o COPYRIGHT (C) 1992-2023  CADENCE DESIGN SYSTEMS INC.  ALL RIGHTS RESERVED.
\o           (C) 1992-2023  UNIX SYSTEMS Laboratories INC.,
\o                          Reproduced with permission.
\o 
\o This Cadence Design Systems program and online documentation are
\o proprietary/confidential information and may be disclosed/used only
\o as authorized in a license agreement controlling such use and disclosure.
\o 
\o           RESTRICTED RIGHTS NOTICE (SHORT FORM)
\o Use/reproduction/disclosure is subject to restriction
\o set forth at FAR 1252.227-19 or its equivalent.
\o Loading geView.cxt 
\o Loading menuBuilder.cxt 
\o Loading schView.cxt 
\o Loading selectSv.cxt 
\o Loading pvsui.cxt
\o Loading wireEdit.cxt 
\o Loading pte2.cxt 
\o Loading xlUI.cxt 
\o Loading auCore.cxt 
\o Loading vhdl.cxt 
\o Loading seismic.cxt 
\o Loading ci.cxt 
\o Loading ams.cxt 
\o Loading oasis.cxt 
\o Loading analog.cxt 
\o Loading asimenv.cxt 
\o Loading dal.cxt 
\o Loading awv.cxt 
\o Loading socket.cxt 
\o Loading par.cxt 
\o Loading alvs.cxt 
\o Loading caa.cxt 
\o Loading amps.cxt 
\o Loading adexlCore.cxt 
\o Loading adexl.cxt 
\o *Info*    Exporting services from client ... 
\o 
\o Loading adexlDM.cxt 
\o Loading cpf.cxt 
\o Loading cli.cxt 
\o Loading lp.cxt 
\o INFO (ELI-00302) Connecting to parent process (session=virtuoso5606, host=phoenix). Connection mode is ICRP. Total timeout is 180 seconds. Connection timeout is 90 seconds.
\o INFO (ELI-00303) Step 1: Connecting to parent. Time spent is 0 seconds.
\o INFO (ELI-00304) The registration of the child 22208 within 90 seconds is being processed...
\o INFO (ELI-00305) The result of registration is true. Time spent is 0 seconds.
\o INFO (ELI-00308) The connection has ended. Result is true. Total time spent is 0 seconds.
\# [05:36:46.512449] Configured Lic search path (22.01-s002): 3000@lic08.ug.kth.se
\# Memory report: using         362 MB, process size 2,094 MB at UTC 2024.04.04 09:36:48.506
\o Loading .cdsinit for the XH018 X-Fab XKit.
\o     LOAD xh018_1143 SPECIFIC CALL-BACK ROUTINES
\o     LOAD ALL AVAILABLE P-CELL FUNCTIONS
\o ** Info: PDK loadpath is "/home/saul/pkg/xfab/XKIT/xh018/cadence/v9_0/PDK/IC61/v9_0_4"
\o Loading XfSktTools.cxt
\o Loading XfMenu.cxt
\o Loading XfTechXh018.cxt
\o Loading XfPcellCore.cxt
\o function ansiSpicePrintProperties_subcircuit redefined
\o Loading XfSkillExt.cxt
\o Initializing library.
\o Finished Initializing Library .
\o     Generic PcellKit: 'production' loaded.
\o     Generic Pcell Skill Tools: 'production' loaded.
\o Loading Circuit Prospector Setup (XfCircuitProspSetup.il)
\o     LOAD THE ENVIRONMENT FILE
\o  --> Setting the required PDK definitions...
\o     GDSII LAYER MAPPING FILE = "./.xkit/setup/xh018/cadence/PDK/TECH_XH018_1143/strmInOut.layertable"
\o     GDSII OBJECT MAPPING FILE = "./.xkit/setup/xh018/cadence/PDK/TECH_XH018_1143/strmOutObjects.map"
\o Use model setup from PDK...
\o Loading spectrei.cxt 
\o Loading devCheck.cxt 
\o Loading relXpert.cxt 
\o Loading vdsil.cxt 
\o Loading hspiceD.cxt 
\o Loading spectreinl.cxt 
\o Loading UltraSim.cxt 
\o Loading msgHandler.cxt 
\o Loading AMSOSS.cxt 
\o Loading AMS.cxt 
\# Memory report: using         463 MB, process size 2,196 MB at UTC 2024.04.04 09:36:49.334
\o  --> Finished setting the required PDK definitions
\o  --> Setting the recommended EDA tool defaults...
\o  --> Finished setting the recommended EDA tool defaults
\o     LOAD DEFAULT BINDKEYS
\o Loading viva.cxt 
\o  --> AssuraTools Setup not available
\o *Info*    Client has finished starting ... 
\o 
\p > 
\# Loading perfDiag...
\# (PerfDiag): Set GDB path to environment variable 'gdbPath' (gdb).
\# Performance Diagnostic tool is installed. You can access PerfDiag from CIW Tools or use the shell command 'cdsPerfDiag -p 22208' to open it when Virtuoso freezes.
\# (PerfDiag): Loading backtrace from /pkg/cadence/installs/IC618/tools/lib/64bit/cdnslibunwind.so
\o     LOAD GENERIC "X-KIT" SKILL CONTEXT "./.xkit/setup/x_all/cadence/xenv/skill/context6/xkit.cxt" 
\o  - Menu "XKit Utilities" installed to CIW.
\o     LOAD ".cdsinit_personal" FILE FROM THE WORKING DIRECTORY.
\o     INFO: To customize this setup, please use the following environment variables:
\o           CUSTOM_SCRIPT_PATH - should point to the master shell or perl script
\o                              e.g.:
\o                              setenv CUSTOM_SCRIPT_PATH /path/to/my/script/LoadMyScripts.csh
\o           CUSTOM_SKILL_PATH - should point to your master skill load file
\o                              e.g.:
\o                              setenv CUSTOM_SKILL_PATH /path/to/my/skill/LoadMySkills.il
\o  loading default key binding 
\o  -> END LOAD ".cdsinit" FILE
\# Available memory:         19,421 MB at UTC 2024.04.04 09:36:56.849
\# Memory report: Maximum memory size now 19,905 MB at UTC 2024.04.04 09:36:56.849
\# Thread usage report: 12 active threads, active load 1.40 at UTC 2024.04.04 09:36:56.849
\o Loading vqp.cxt 
\o Loading hdlPkg.cxt 
\o 
\o 
\o *Info*    Configuring the session ...
\o 
\o Loading simui.cxt 
\o 	Library      = CONSTANT_GM
\o 	Cell         = constant_gm_tb
\o 	View         = config
\o 	Simulator    = spectre
\o 	State Path   = $AXL_SETUPDB_DIR/test_states
\o 	State Name   = Montecarlo_none_MonteCarlo.0
\o 	Results DB   = /home/saul/projects/ASKA/CONSTANT_GM/constant_gm_tb/adexl/results/data/MonteCarlo.0.rdb
\o 	Results Dir  = /home/saul/projects/ASKA/Sim/CONSTANT_GM/constant_gm_tb/adexl/results/data/MonteCarlo.0/1/Montecarlo
\o 	Results Loc  = /home/saul/projects/ASKA/Sim/CONSTANT_GM/constant_gm_tb/adexl/results/data
\o 	Project Dir  = /home/saul/projects/ASKA/Sim
\o 	Setup DB loc = /home/saul/projects/ASKA/CONSTANT_GM/constant_gm_tb/adexl
\o 	File Encoding = 0
\o 
\o 
\o WARNING (ADE-7017): The Spectre run mode needs to be 'batch' when EM/IR analysis is enabled. Automatically setting the run mode to 'batch'.
\o 
\o *Info*    The auto suspension is disabled.
\o 
\o Loading monte.cxt 
\o 
\o 
\o 
\o 
\o 
\o *Info*    Run start for Point ID (14 1) on testbench [ Montecarlo ].
\o 
\o Resetting statistical vars
\o 
\o *Info*    Setting parameter values ...
\o 
\o Setting var VDD3 = "0"
\o Setting var VDD_PULSE = "3.3"
\o Setting var temperature = "27"
\o Setting temp(T) = 27
\o 
\o *Info*    Netlist Directory =
\o           /home/saul/projects/ASKA/Sim/CONSTANT_GM/constant_gm_tb/adexl/results/data/MonteCarlo.0/1/Montecarlo/groupRunDataDir/netlist
\o 
\o 
\o *Info*    Data Directory    =
\o           /home/saul/projects/ASKA/Sim/CONSTANT_GM/constant_gm_tb/adexl/results/data/MonteCarlo.0/1/Montecarlo/groupRunDataDir
\o 
\o 
\o *Info*    Creating Netlist for Point ID (14 1)
\o 
\o generate netlist...
\o Loading hnlInit.cxt 
\o Loading seCore.cxt 
\o function ansCdlCompPrim redefined
\o function ansCdlCompPrim redefined
\# [05:41:04.105440] periodic Lic check successful
\# [05:41:04.105443] Feature usage summary:
\o Initializing the control file using cp:
\o     cp /home/saul/cadence/installs/IC618/tools.lnx86/dfII/etc/si/control.spectre /home/saul/projects/ASKA/Sim/CONSTANT_GM/constant_gm_tb/adexl/results/data/MonteCarlo.0/1/Montecarlo/groupRunDataDir/netlist/control
\o Copying Spectre source file 'spectre.inp'
\o Copying Spectre command file 'spectre.sim'
\o Begin Incremental Netlisting Apr  4 05:41:04 2024
\o Loading json.cxt 
\o End netlisting Apr  4 05:41:04 2024
\o 
\o Netlisting Statistics:
\o 	Number of components:   16
\o 
\o 	Elapsed time:          0.0s
\o Errors: 0	Warnings: 0
\o       ...successful.
\o compose simulator input file...
\o       ...successful.
\o 
\o *Info*    Running simulation on testbench [ Montecarlo ] for Point ID
\o           (14 1).
\o 
\o *Info*    Spectre controlMode is set "batch" due to monte carlo run.
\o 
\o Delete psf data in /home/saul/projects/ASKA/Sim/CONSTANT_GM/constant_gm_tb/adexl/results/data/MonteCarlo.0/1/Montecarlo/groupRunDataDir/psf.
\o generate netlist...
\o function ansCdlCompPrim redefined
\o function ansCdlCompPrim redefined
\o Begin Incremental Netlisting Apr  4 05:41:04 2024
\o End netlisting Apr  4 05:41:04 2024
\o 
\o 	The netlist is up to date.
\o 	Time taken to compare the design with netlist:   0.0s
\o       ...successful.
\o compose simulator input file...
\o       ...successful.
\o start simulator if needed...
\o       ...successful.
\o simulate...
\o To view the simulator output, right-click on the test name, result 
\o name, or any value in the "Results" tab of the Outputs section and 
\o choose "Output Log" menu option.
\o Loading paraplot.cxt 
\# Memory report: using         611 MB, process size 2,400 MB at UTC 2024.04.04 09:41:05.518
\o ERROR (ADE-2709): Evaluation of output 'IDC("/I0/M7/D")' returned 'nil' for point:'1' test:'Montecarlo'
\o 	Expression:'IDC("/I0/M7/D")'.
\o Ensure that the definition of output is correct.
\o 
\# Memory report: Maximum memory size now 19,218 MB at UTC 2024.04.04 09:41:06.095
\o *Info*    Client has finished evaluating ... 
\o 
\o 
\o *Info*    Run complete for Point ID (14 1) on testbench [ Montecarlo
\o           ].
\o 
\o 
\o 
\o 
\o 
\o ERROR (ADE-2709): Evaluation of output 'IDC("/I0/M7/D")' returned 'nil' for point:'2' test:'Montecarlo'
\o 	Expression:'IDC("/I0/M7/D")'.
\o Ensure that the definition of output is correct.
\o 
\o *Info*    Client has finished evaluating ... 
\o 
\o 
\o *Info*    Run complete for Point ID (14 2) on testbench [ Montecarlo
\o           ].
\o 
\o 
\o 
\o 
\o 
\o ERROR (ADE-2709): Evaluation of output 'IDC("/I0/M7/D")' returned 'nil' for point:'3' test:'Montecarlo'
\o 	Expression:'IDC("/I0/M7/D")'.
\o Ensure that the definition of output is correct.
\o 
\o *Info*    Client has finished evaluating ... 
\o 
\o 
\o *Info*    Run complete for Point ID (14 3) on testbench [ Montecarlo
\o           ].
\o 
\o 
\o 
\o 
\o 
\o ERROR (ADE-2709): Evaluation of output 'IDC("/I0/M7/D")' returned 'nil' for point:'4' test:'Montecarlo'
\o 	Expression:'IDC("/I0/M7/D")'.
\o Ensure that the definition of output is correct.
\o 
\o *Info*    Client has finished evaluating ... 
\o 
\o 
\o *Info*    Run complete for Point ID (14 4) on testbench [ Montecarlo
\o           ].
\o 
\o 
\o 
\o 
\o 
\o ERROR (ADE-2709): Evaluation of output 'IDC("/I0/M7/D")' returned 'nil' for point:'5' test:'Montecarlo'
\o 	Expression:'IDC("/I0/M7/D")'.
\o Ensure that the definition of output is correct.
\o 
\o *Info*    Client has finished evaluating ... 
\o 
\o 
\o *Info*    Run complete for Point ID (14 5) on testbench [ Montecarlo
\o           ].
\o 
\o 
\o 
\o 
\o 
\o ERROR (ADE-2709): Evaluation of output 'IDC("/I0/M7/D")' returned 'nil' for point:'6' test:'Montecarlo'
\o 	Expression:'IDC("/I0/M7/D")'.
\o Ensure that the definition of output is correct.
\o 
\o *Info*    Client has finished evaluating ... 
\o 
\o 
\o *Info*    Run complete for Point ID (14 6) on testbench [ Montecarlo
\o           ].
\o 
\o 
\o 
\o 
\o 
\o ERROR (ADE-2709): Evaluation of output 'IDC("/I0/M7/D")' returned 'nil' for point:'7' test:'Montecarlo'
\o 	Expression:'IDC("/I0/M7/D")'.
\o Ensure that the definition of output is correct.
\o 
\o *Info*    Client has finished evaluating ... 
\o 
\o 
\o *Info*    Run complete for Point ID (14 7) on testbench [ Montecarlo
\o           ].
\o 
\o 
\o 
\o 
\o 
\o ERROR (ADE-2709): Evaluation of output 'IDC("/I0/M7/D")' returned 'nil' for point:'8' test:'Montecarlo'
\o 	Expression:'IDC("/I0/M7/D")'.
\o Ensure that the definition of output is correct.
\o 
\# Memory report: using         729 MB, process size 2,518 MB at UTC 2024.04.04 09:41:11.246
\o *Info*    Client has finished evaluating ... 
\o 
\o 
\o *Info*    Run complete for Point ID (14 8) on testbench [ Montecarlo
\o           ].
\o 
\o 
\o 
\o 
\o 
\o ERROR (ADE-2709): Evaluation of output 'IDC("/I0/M7/D")' returned 'nil' for point:'9' test:'Montecarlo'
\o 	Expression:'IDC("/I0/M7/D")'.
\o Ensure that the definition of output is correct.
\o 
\o *Info*    Client has finished evaluating ... 
\o 
\o 
\o *Info*    Run complete for Point ID (14 9) on testbench [ Montecarlo
\o           ].
\o 
\o 
\o 
\o 
\o 
\o ERROR (ADE-2709): Evaluation of output 'IDC("/I0/M7/D")' returned 'nil' for point:'10' test:'Montecarlo'
\o 	Expression:'IDC("/I0/M7/D")'.
\o Ensure that the definition of output is correct.
\o 
\o *Info*    Client has finished evaluating ... 
\o 
\o 
\o *Info*    Run complete for Point ID (14 10) on testbench [ Montecarlo
\o           ].
\o 
\o 
\o 
\o 
\o 
\o ERROR (ADE-2709): Evaluation of output 'IDC("/I0/M7/D")' returned 'nil' for point:'11' test:'Montecarlo'
\o 	Expression:'IDC("/I0/M7/D")'.
\o Ensure that the definition of output is correct.
\o 
\o *Info*    Client has finished evaluating ... 
\o 
\o 
\o *Info*    Run complete for Point ID (14 11) on testbench [ Montecarlo
\o           ].
\o 
\o 
\o 
\o 
\o 
\o ERROR (ADE-2709): Evaluation of output 'IDC("/I0/M7/D")' returned 'nil' for point:'12' test:'Montecarlo'
\o 	Expression:'IDC("/I0/M7/D")'.
\o Ensure that the definition of output is correct.
\o 
\o *Info*    Client has finished evaluating ... 
\o 
\o 
\o *Info*    Run complete for Point ID (14 12) on testbench [ Montecarlo
\o           ].
\o 
\o 
\o 
\o 
\o 
\o INFO (ADE-3071): Simulation completed successfully.
\o reading simulation data...
\o       ...successful.
\o ERROR (ADE-2709): Evaluation of output 'IDC("/I0/M7/D")' returned 'nil' for point:'13' test:'Montecarlo'
\o 	Expression:'IDC("/I0/M7/D")'.
\o Ensure that the definition of output is correct.
\o 
\o *Info*    Client has finished evaluating ... 
\o 
\o 
\o *Info*    Run complete for Point ID (14 13) on testbench [ Montecarlo
\o           ].
\o 
\o 
\o 
\o 
\o 
\o ERROR (ADE-2709): Evaluation of output 'IDC("/I0/M7/D")' returned 'nil' for point:'14' test:'Montecarlo'
\o 	Expression:'IDC("/I0/M7/D")'.
\o Ensure that the definition of output is correct.
\o 
\# Available memory:         17,055 MB at UTC 2024.04.04 09:41:16.421
\# Memory report: Maximum memory size now 17,881 MB at UTC 2024.04.04 09:41:16.421
\o *Info*    Client has finished evaluating ... 
\o 
\o 
\o *Info*    Run complete for Point ID (14 14) on testbench [ Montecarlo
\o           ].
\o 
\o 
\o 
\o 
\o 
\o ERROR (ADE-2709): Evaluation of output 'IDC("/I0/M7/D")' returned 'nil' for point:'15' test:'Montecarlo'
\o 	Expression:'IDC("/I0/M7/D")'.
\o Ensure that the definition of output is correct.
\o 
\# Memory report: using         840 MB, process size 2,629 MB at UTC 2024.04.04 09:41:17.065
\o *Info*    Client has finished evaluating ... 
\o 
\o 
\o *Info*    Run complete for Point ID (14 15) on testbench [ Montecarlo
\o           ].
\o 
\o 
\o 
\o 
\o 
\o ERROR (ADE-2709): Evaluation of output 'IDC("/I0/M7/D")' returned 'nil' for point:'16' test:'Montecarlo'
\o 	Expression:'IDC("/I0/M7/D")'.
\o Ensure that the definition of output is correct.
\o 
\o *Info*    Client has finished evaluating ... 
\o 
\o 
\o *Info*    Run complete for Point ID (14 16) on testbench [ Montecarlo
\o           ].
\o 
\o 
\o 
\o 
\o 
\o ERROR (ADE-2709): Evaluation of output 'IDC("/I0/M7/D")' returned 'nil' for point:'17' test:'Montecarlo'
\o 	Expression:'IDC("/I0/M7/D")'.
\o Ensure that the definition of output is correct.
\o 
\o *Info*    Client has finished evaluating ... 
\o 
\o 
\o *Info*    Run complete for Point ID (14 17) on testbench [ Montecarlo
\o           ].
\o 
\o 
\o 
\o 
\o 
\o ERROR (ADE-2709): Evaluation of output 'IDC("/I0/M7/D")' returned 'nil' for point:'18' test:'Montecarlo'
\o 	Expression:'IDC("/I0/M7/D")'.
\o Ensure that the definition of output is correct.
\o 
\o *Info*    Client has finished evaluating ... 
\o 
\o 
\o *Info*    Run complete for Point ID (14 18) on testbench [ Montecarlo
\o           ].
\o 
\o 
\o 
\o 
\o 
\o ERROR (ADE-2709): Evaluation of output 'IDC("/I0/M7/D")' returned 'nil' for point:'19' test:'Montecarlo'
\o 	Expression:'IDC("/I0/M7/D")'.
\o Ensure that the definition of output is correct.
\o 
\o *Info*    Client has finished evaluating ... 
\o 
\o 
\o *Info*    Run complete for Point ID (14 19) on testbench [ Montecarlo
\o           ].
\o 
\o 
\o 
\o 
\o 
\o ERROR (ADE-2709): Evaluation of output 'IDC("/I0/M7/D")' returned 'nil' for point:'20' test:'Montecarlo'
\o 	Expression:'IDC("/I0/M7/D")'.
\o Ensure that the definition of output is correct.
\o 
\o *Info*    Client has finished evaluating ... 
\o 
\o 
\o *Info*    Run complete for Point ID (14 20) on testbench [ Montecarlo
\o           ].
\o 
\o 
\o 
\o 
\o 
\o ERROR (ADE-2709): Evaluation of output 'IDC("/I0/M7/D")' returned 'nil' for point:'21' test:'Montecarlo'
\o 	Expression:'IDC("/I0/M7/D")'.
\o Ensure that the definition of output is correct.
\o 
\o *Info*    Client has finished evaluating ... 
\o 
\o 
\o *Info*    Run complete for Point ID (14 21) on testbench [ Montecarlo
\o           ].
\o 
\o 
\o 
\o 
\o 
\o ERROR (ADE-2709): Evaluation of output 'IDC("/I0/M7/D")' returned 'nil' for point:'22' test:'Montecarlo'
\o 	Expression:'IDC("/I0/M7/D")'.
\o Ensure that the definition of output is correct.
\o 
\# Memory report: using         945 MB, process size 2,734 MB at UTC 2024.04.04 09:41:21.566
\o *Info*    Client has finished evaluating ... 
\o 
\o 
\o *Info*    Run complete for Point ID (14 22) on testbench [ Montecarlo
\o           ].
\o 
\o 
\o 
\o 
\o 
\o ERROR (ADE-2709): Evaluation of output 'IDC("/I0/M7/D")' returned 'nil' for point:'23' test:'Montecarlo'
\o 	Expression:'IDC("/I0/M7/D")'.
\o Ensure that the definition of output is correct.
\o 
\o *Info*    Client has finished evaluating ... 
\o 
\o 
\o *Info*    Run complete for Point ID (14 23) on testbench [ Montecarlo
\o           ].
\o 
\o 
\o 
\o 
\o 
\o ERROR (ADE-2709): Evaluation of output 'IDC("/I0/M7/D")' returned 'nil' for point:'24' test:'Montecarlo'
\o 	Expression:'IDC("/I0/M7/D")'.
\o Ensure that the definition of output is correct.
\o 
\o *Info*    Client has finished evaluating ... 
\o 
\o 
\o *Info*    Run complete for Point ID (14 24) on testbench [ Montecarlo
\o           ].
\o 
\o 
\o 
\o 
\o 
\o ERROR (ADE-2709): Evaluation of output 'IDC("/I0/M7/D")' returned 'nil' for point:'25' test:'Montecarlo'
\o 	Expression:'IDC("/I0/M7/D")'.
\o Ensure that the definition of output is correct.
\o 
\o *Info*    Client has finished evaluating ... 
\o 
\o 
\o *Info*    Run complete for Point ID (14 25) on testbench [ Montecarlo
\o           ].
\o 
\o 
\o 
\o 
\o 
\o ERROR (ADE-2709): Evaluation of output 'IDC("/I0/M7/D")' returned 'nil' for point:'26' test:'Montecarlo'
\o 	Expression:'IDC("/I0/M7/D")'.
\o Ensure that the definition of output is correct.
\o 
\o *Info*    Client has finished evaluating ... 
\o 
\o 
\o *Info*    Run complete for Point ID (14 26) on testbench [ Montecarlo
\o           ].
\o 
\o 
\o 
\o 
\o 
\o ERROR (ADE-2709): Evaluation of output 'IDC("/I0/M7/D")' returned 'nil' for point:'27' test:'Montecarlo'
\o 	Expression:'IDC("/I0/M7/D")'.
\o Ensure that the definition of output is correct.
\o 
\o *Info*    Client has finished evaluating ... 
\o 
\o 
\o *Info*    Run complete for Point ID (14 27) on testbench [ Montecarlo
\o           ].
\o 
\o 
\o 
\o 
\o 
\o ERROR (ADE-2709): Evaluation of output 'IDC("/I0/M7/D")' returned 'nil' for point:'28' test:'Montecarlo'
\o 	Expression:'IDC("/I0/M7/D")'.
\o Ensure that the definition of output is correct.
\o 
\o *Info*    Client has finished evaluating ... 
\o 
\o 
\o *Info*    Run complete for Point ID (14 28) on testbench [ Montecarlo
\o           ].
\o 
\o 
\o 
\o 
\o 
\o ERROR (ADE-2709): Evaluation of output 'IDC("/I0/M7/D")' returned 'nil' for point:'29' test:'Montecarlo'
\o 	Expression:'IDC("/I0/M7/D")'.
\o Ensure that the definition of output is correct.
\o 
\o *Info*    Client has finished evaluating ... 
\o 
\o 
\o *Info*    Run complete for Point ID (14 29) on testbench [ Montecarlo
\o           ].
\o 
\o 
\o 
\o 
\o 
\# Memory report: Maximum memory size now 17,368 MB at UTC 2024.04.04 09:41:26.106
\o ERROR (ADE-2709): Evaluation of output 'IDC("/I0/M7/D")' returned 'nil' for point:'30' test:'Montecarlo'
\o 	Expression:'IDC("/I0/M7/D")'.
\o Ensure that the definition of output is correct.
\o 
\o *Info*    Client has finished evaluating ... 
\o 
\o 
\o *Info*    Run complete for Point ID (14 30) on testbench [ Montecarlo
\o           ].
\o 
\o 
\o 
\o 
\o 
\o ERROR (ADE-2709): Evaluation of output 'IDC("/I0/M7/D")' returned 'nil' for point:'31' test:'Montecarlo'
\o 	Expression:'IDC("/I0/M7/D")'.
\o Ensure that the definition of output is correct.
\o 
\# Memory report: using       1,069 MB, process size 2,858 MB at UTC 2024.04.04 09:41:27.233
\o *Info*    Client has finished evaluating ... 
\o 
\o 
\o *Info*    Run complete for Point ID (14 31) on testbench [ Montecarlo
\o           ].
\o 
\o 
\o 
\o 
\o 
\o ERROR (ADE-2709): Evaluation of output 'IDC("/I0/M7/D")' returned 'nil' for point:'32' test:'Montecarlo'
\o 	Expression:'IDC("/I0/M7/D")'.
\o Ensure that the definition of output is correct.
\o 
\o *Info*    Client has finished evaluating ... 
\o 
\o 
\o *Info*    Run complete for Point ID (14 32) on testbench [ Montecarlo
\o           ].
\o 
\o 
\o 
\o 
\o 
\o ERROR (ADE-2709): Evaluation of output 'IDC("/I0/M7/D")' returned 'nil' for point:'33' test:'Montecarlo'
\o 	Expression:'IDC("/I0/M7/D")'.
\o Ensure that the definition of output is correct.
\o 
\o *Info*    Client has finished evaluating ... 
\o 
\o 
\o *Info*    Run complete for Point ID (14 33) on testbench [ Montecarlo
\o           ].
\o 
\o 
\o 
\o 
\o 
\o ERROR (ADE-2709): Evaluation of output 'IDC("/I0/M7/D")' returned 'nil' for point:'34' test:'Montecarlo'
\o 	Expression:'IDC("/I0/M7/D")'.
\o Ensure that the definition of output is correct.
\o 
\o *Info*    Client has finished evaluating ... 
\o 
\o 
\o *Info*    Run complete for Point ID (14 34) on testbench [ Montecarlo
\o           ].
\o 
\o 
\o 
\o 
\o 
\o ERROR (ADE-2709): Evaluation of output 'IDC("/I0/M7/D")' returned 'nil' for point:'35' test:'Montecarlo'
\o 	Expression:'IDC("/I0/M7/D")'.
\o Ensure that the definition of output is correct.
\o 
\o *Info*    Client has finished evaluating ... 
\o 
\o 
\o *Info*    Run complete for Point ID (14 35) on testbench [ Montecarlo
\o           ].
\o 
\o 
\o 
\o 
\o 
\o ERROR (ADE-2709): Evaluation of output 'IDC("/I0/M7/D")' returned 'nil' for point:'36' test:'Montecarlo'
\o 	Expression:'IDC("/I0/M7/D")'.
\o Ensure that the definition of output is correct.
\o 
\o *Info*    Client has finished evaluating ... 
\o 
\o 
\o *Info*    Run complete for Point ID (14 36) on testbench [ Montecarlo
\o           ].
\o 
\o 
\o 
\o 
\o 
\o ERROR (ADE-2709): Evaluation of output 'IDC("/I0/M7/D")' returned 'nil' for point:'37' test:'Montecarlo'
\o 	Expression:'IDC("/I0/M7/D")'.
\o Ensure that the definition of output is correct.
\o 
\o *Info*    Client has finished evaluating ... 
\o 
\o 
\o *Info*    Run complete for Point ID (14 37) on testbench [ Montecarlo
\o           ].
\o 
\o 
\o 
\o 
\o 
\o ERROR (ADE-2709): Evaluation of output 'IDC("/I0/M7/D")' returned 'nil' for point:'38' test:'Montecarlo'
\o 	Expression:'IDC("/I0/M7/D")'.
\o Ensure that the definition of output is correct.
\o 
\o *Info*    Client has finished evaluating ... 
\o 
\o 
\o *Info*    Run complete for Point ID (14 38) on testbench [ Montecarlo
\o           ].
\o 
\o 
\o 
\o 
\o 
\o ERROR (ADE-2709): Evaluation of output 'IDC("/I0/M7/D")' returned 'nil' for point:'39' test:'Montecarlo'
\o 	Expression:'IDC("/I0/M7/D")'.
\o Ensure that the definition of output is correct.
\o 
\# Memory report: using       1,180 MB, process size 2,969 MB at UTC 2024.04.04 09:41:32.262
\o *Info*    Client has finished evaluating ... 
\o 
\o 
\o *Info*    Run complete for Point ID (14 39) on testbench [ Montecarlo
\o           ].
\o 
\o 
\o 
\o 
\o 
\o ERROR (ADE-2709): Evaluation of output 'IDC("/I0/M7/D")' returned 'nil' for point:'40' test:'Montecarlo'
\o 	Expression:'IDC("/I0/M7/D")'.
\o Ensure that the definition of output is correct.
\o 
\o *Info*    Client has finished evaluating ... 
\o 
\o 
\o *Info*    Run complete for Point ID (14 40) on testbench [ Montecarlo
\o           ].
\o 
\o 
\o 
\o 
\o 
\o ERROR (ADE-2709): Evaluation of output 'IDC("/I0/M7/D")' returned 'nil' for point:'41' test:'Montecarlo'
\o 	Expression:'IDC("/I0/M7/D")'.
\o Ensure that the definition of output is correct.
\o 
\o *Info*    Client has finished evaluating ... 
\o 
\o 
\o *Info*    Run complete for Point ID (14 41) on testbench [ Montecarlo
\o           ].
\o 
\o 
\o 
\o 
\o 
\o ERROR (ADE-2709): Evaluation of output 'IDC("/I0/M7/D")' returned 'nil' for point:'42' test:'Montecarlo'
\o 	Expression:'IDC("/I0/M7/D")'.
\o Ensure that the definition of output is correct.
\o 
\o *Info*    Client has finished evaluating ... 
\o 
\o 
\o *Info*    Run complete for Point ID (14 42) on testbench [ Montecarlo
\o           ].
\o 
\o 
\o 
\o 
\o 
\o ERROR (ADE-2709): Evaluation of output 'IDC("/I0/M7/D")' returned 'nil' for point:'43' test:'Montecarlo'
\o 	Expression:'IDC("/I0/M7/D")'.
\o Ensure that the definition of output is correct.
\o 
\o *Info*    Client has finished evaluating ... 
\o 
\o 
\o *Info*    Run complete for Point ID (14 43) on testbench [ Montecarlo
\o           ].
\o 
\o 
\o 
\o 
\o 
\o ERROR (ADE-2709): Evaluation of output 'IDC("/I0/M7/D")' returned 'nil' for point:'44' test:'Montecarlo'
\o 	Expression:'IDC("/I0/M7/D")'.
\o Ensure that the definition of output is correct.
\o 
\o *Info*    Client has finished evaluating ... 
\o 
\o 
\o *Info*    Run complete for Point ID (14 44) on testbench [ Montecarlo
\o           ].
\o 
\o 
\o 
\o 
\o 
\o ERROR (ADE-2709): Evaluation of output 'IDC("/I0/M7/D")' returned 'nil' for point:'45' test:'Montecarlo'
\o 	Expression:'IDC("/I0/M7/D")'.
\o Ensure that the definition of output is correct.
\o 
\# Available memory:         15,182 MB at UTC 2024.04.04 09:41:36.143
\# Memory report: Maximum memory size now 16,462 MB at UTC 2024.04.04 09:41:36.143
\o *Info*    Client has finished evaluating ... 
\o 
\o 
\o *Info*    Run complete for Point ID (14 45) on testbench [ Montecarlo
\o           ].
\o 
\o 
\o 
\o 
\o 
\o ERROR (ADE-2709): Evaluation of output 'IDC("/I0/M7/D")' returned 'nil' for point:'46' test:'Montecarlo'
\o 	Expression:'IDC("/I0/M7/D")'.
\o Ensure that the definition of output is correct.
\o 
\o *Info*    Client has finished evaluating ... 
\o 
\o 
\o *Info*    Run complete for Point ID (14 46) on testbench [ Montecarlo
\o           ].
\o 
\o 
\o 
\o 
\o 
\o ERROR (ADE-2709): Evaluation of output 'IDC("/I0/M7/D")' returned 'nil' for point:'47' test:'Montecarlo'
\o 	Expression:'IDC("/I0/M7/D")'.
\o Ensure that the definition of output is correct.
\o 
\# Memory report: using       1,307 MB, process size 3,096 MB at UTC 2024.04.04 09:41:37.400
\o *Info*    Client has finished evaluating ... 
\o 
\o 
\o *Info*    Run complete for Point ID (14 47) on testbench [ Montecarlo
\o           ].
\o 
\o 
\o 
\o 
\o 
\o ERROR (ADE-2709): Evaluation of output 'IDC("/I0/M7/D")' returned 'nil' for point:'48' test:'Montecarlo'
\o 	Expression:'IDC("/I0/M7/D")'.
\o Ensure that the definition of output is correct.
\o 
\o *Info*    Client has finished evaluating ... 
\o 
\o 
\o *Info*    Run complete for Point ID (14 48) on testbench [ Montecarlo
\o           ].
\o 
\o 
\o 
\o 
\o 
\o ERROR (ADE-2709): Evaluation of output 'IDC("/I0/M7/D")' returned 'nil' for point:'49' test:'Montecarlo'
\o 	Expression:'IDC("/I0/M7/D")'.
\o Ensure that the definition of output is correct.
\o 
\o *Info*    Client has finished evaluating ... 
\o 
\o 
\o *Info*    Run complete for Point ID (14 49) on testbench [ Montecarlo
\o           ].
\o 
\o 
\o 
\o 
\o 
\o ERROR (ADE-2709): Evaluation of output 'IDC("/I0/M7/D")' returned 'nil' for point:'50' test:'Montecarlo'
\o 	Expression:'IDC("/I0/M7/D")'.
\o Ensure that the definition of output is correct.
\o 
\o *Info*    Client has finished evaluating ... 
\o 
\o 
\o *Info*    Run complete for Point ID (14 50) on testbench [ Montecarlo
\o           ].
\o 
\o 
\o 
\o 
\o 
\o ERROR (ADE-2709): Evaluation of output 'IDC("/I0/M7/D")' returned 'nil' for point:'51' test:'Montecarlo'
\o 	Expression:'IDC("/I0/M7/D")'.
\o Ensure that the definition of output is correct.
\o 
\o *Info*    Client has finished evaluating ... 
\o 
\o 
\o *Info*    Run complete for Point ID (14 51) on testbench [ Montecarlo
\o           ].
\o 
\o 
\o 
\o 
\o 
\o ERROR (ADE-2709): Evaluation of output 'IDC("/I0/M7/D")' returned 'nil' for point:'52' test:'Montecarlo'
\o 	Expression:'IDC("/I0/M7/D")'.
\o Ensure that the definition of output is correct.
\o 
\o *Info*    Client has finished evaluating ... 
\o 
\o 
\o *Info*    Run complete for Point ID (14 52) on testbench [ Montecarlo
\o           ].
\o 
\o 
\o 
\o 
\o 
\o ERROR (ADE-2709): Evaluation of output 'IDC("/I0/M7/D")' returned 'nil' for point:'53' test:'Montecarlo'
\o 	Expression:'IDC("/I0/M7/D")'.
\o Ensure that the definition of output is correct.
\o 
\o *Info*    Client has finished evaluating ... 
\o 
\o 
\o *Info*    Run complete for Point ID (14 53) on testbench [ Montecarlo
\o           ].
\o 
\o 
\o 
\o 
\o 
\o ERROR (ADE-2709): Evaluation of output 'IDC("/I0/M7/D")' returned 'nil' for point:'54' test:'Montecarlo'
\o 	Expression:'IDC("/I0/M7/D")'.
\o Ensure that the definition of output is correct.
\o 
\o *Info*    Client has finished evaluating ... 
\o 
\o 
\o *Info*    Run complete for Point ID (14 54) on testbench [ Montecarlo
\o           ].
\o 
\o 
\o 
\o 
\o 
\o ERROR (ADE-2709): Evaluation of output 'IDC("/I0/M7/D")' returned 'nil' for point:'55' test:'Montecarlo'
\o 	Expression:'IDC("/I0/M7/D")'.
\o Ensure that the definition of output is correct.
\o 
\# Memory report: using       1,418 MB, process size 3,207 MB at UTC 2024.04.04 09:41:42.513
\o *Info*    Client has finished evaluating ... 
\o 
\o 
\o *Info*    Run complete for Point ID (14 55) on testbench [ Montecarlo
\o           ].
\o 
\o 
\o 
\o 
\o 
\o ERROR (ADE-2709): Evaluation of output 'IDC("/I0/M7/D")' returned 'nil' for point:'56' test:'Montecarlo'
\o 	Expression:'IDC("/I0/M7/D")'.
\o Ensure that the definition of output is correct.
\o 
\o *Info*    Client has finished evaluating ... 
\o 
\o 
\o *Info*    Run complete for Point ID (14 56) on testbench [ Montecarlo
\o           ].
\o 
\o 
\o 
\o 
\o 
\o ERROR (ADE-2709): Evaluation of output 'IDC("/I0/M7/D")' returned 'nil' for point:'57' test:'Montecarlo'
\o 	Expression:'IDC("/I0/M7/D")'.
\o Ensure that the definition of output is correct.
\o 
\o *Info*    Client has finished evaluating ... 
\o 
\o 
\o *Info*    Run complete for Point ID (14 57) on testbench [ Montecarlo
\o           ].
\o 
\o 
\o 
\o 
\o 
\o ERROR (ADE-2709): Evaluation of output 'IDC("/I0/M7/D")' returned 'nil' for point:'58' test:'Montecarlo'
\o 	Expression:'IDC("/I0/M7/D")'.
\o Ensure that the definition of output is correct.
\o 
\o *Info*    Client has finished evaluating ... 
\o 
\o 
\o *Info*    Run complete for Point ID (14 58) on testbench [ Montecarlo
\o           ].
\o 
\o 
\o 
\o 
\o 
\o ERROR (ADE-2709): Evaluation of output 'IDC("/I0/M7/D")' returned 'nil' for point:'59' test:'Montecarlo'
\o 	Expression:'IDC("/I0/M7/D")'.
\o Ensure that the definition of output is correct.
\o 
\o *Info*    Client has finished evaluating ... 
\o 
\o 
\o *Info*    Run complete for Point ID (14 59) on testbench [ Montecarlo
\o           ].
\o 
\o 
\o 
\o 
\o 
\o ERROR (ADE-2709): Evaluation of output 'IDC("/I0/M7/D")' returned 'nil' for point:'60' test:'Montecarlo'
\o 	Expression:'IDC("/I0/M7/D")'.
\o Ensure that the definition of output is correct.
\o 
\o *Info*    Client has finished evaluating ... 
\o 
\o 
\o *Info*    Run complete for Point ID (14 60) on testbench [ Montecarlo
\o           ].
\o 
\o 
\o 
\o 
\o 
\o *Info*    Monte Carlo Simulation completed successfully...
\# Memory report: Maximum memory size now 15,538 MB at UTC 2024.04.04 09:41:45.850
\# Available memory:         13,504 MB at UTC 2024.04.04 09:41:55.848
\# Memory report: Maximum memory size now 14,992 MB at UTC 2024.04.04 09:41:55.848
\o Simulation design variables differ from those on the cellView,
\o they have been saved in the file "/tmp/saved-design-variables".
\o To save future changes, copy variables to cellView before exiting.
\# Lic Summary:
\# [05:46:53.362369] Cdslmd servers:3000@lic08.ug.kth.se
\# [05:46:53.362378] Feature usage summary:
\# Memory report: on exit          1,487 MB, process size 3,276 MB at UTC 2024.04.04 09:46:53.886
\# Memory report: peak usage       1,487 MB, process size 3,276 MB
