\# Program start time:     UTC 2024.04.09 10:49:26.914
\# Local time: EDT (UTC-04:00) 2024.04.09 06:49:26.914
\o Program:		@(#)$CDS: virtuoso version 6.1.8-64b 10/11/2023 09:56 (cpgbld01) $
\o Hierarchy:		/home/saul/cadence/installs/IC618/tools.lnx86/dfII/
\o Sub version:		sub-version  IC6.1.8-64b.500.34  (64-bit addresses)
\# Command line:	/pkg/cadence/installs/IC618/tools.lnx86/dfII/bin/64bit/virtuoso -noautostart -mpssession virtuoso22447 -mpshost phoenix -davinciService DaVinciService_22447_1712640478 -log /home/saul/projects/ASKA/logs_saul/logs0/Job99.log -licenseLockFileName /home/saul/projects/ASKA/.tmp_saul/.phoenix_22447 -interactiveA -interactiveE -interactiveRTT -nostdin -nographE -axlChildIdFlag 99
\# Host name (type):	phoenix (x86_64)
\# Operating system:	Linux 3.10.0-1160.105.1.el7.x86_64 #1 SMP Thu Dec 7 15:39:45 UTC 2023
\# Linux /etc/issue:	\S
\# Linux /etc/issue:	Kernel \r on an \m
\# X display name (WxH):	:7048 (1024x868)
\# Available geometry:			TL(0:0) BR(1023:867)
\# X server:			The X.Org Foundation
\# Depth of Visual (Root):	24 (24)
\# Number of Planes Used:	24
\# X version:		11.0 (vendor release 12004000)
\# X resource pool:	base 0x400000, mask 0x1fffff (2097151), shift 0
\# 			current id 0x0, current max 0x1ffffa (2097146)
\# Max data seg size:	     unlimited
\# Max process size:	     unlimited
\# Initial sbrk value:	        644 MB
\# Available memory:	     21,031 MB
\# System memory:	     25,561 MB
\# Maximum memory size:	     25,136 MB
\# Max mem available:	     21,249 MB
\# Initial memory used:	        218 MB
\#        process size:	      1,821 MB
\# Thread usage limits (effective/default):	maxthreads 4096/4096 maxload 7.00/7.00
\# Qt version:		5.9.1
\# Window Manager:	other
\# User Name:		saul
\o Working Directory:	phoenix:/home/saul/projects/ASKA
\# Process Id:		19598
\o 
\o COPYRIGHT (C) 1992-2023  CADENCE DESIGN SYSTEMS INC.  ALL RIGHTS RESERVED.
\o           (C) 1992-2023  UNIX SYSTEMS Laboratories INC.,
\o                          Reproduced with permission.
\o 
\o This Cadence Design Systems program and online documentation are
\o proprietary/confidential information and may be disclosed/used only
\o as authorized in a license agreement controlling such use and disclosure.
\o 
\o           RESTRICTED RIGHTS NOTICE (SHORT FORM)
\o Use/reproduction/disclosure is subject to restriction
\o set forth at FAR 1252.227-19 or its equivalent.
\o Loading geView.cxt 
\o Loading menuBuilder.cxt 
\o Loading schView.cxt 
\o Loading selectSv.cxt 
\o Loading pvsui.cxt
\o Loading wireEdit.cxt 
\o Loading pte2.cxt 
\o Loading xlUI.cxt 
\o Loading auCore.cxt 
\o Loading vhdl.cxt 
\o Loading seismic.cxt 
\o Loading ci.cxt 
\o Loading ams.cxt 
\o Loading oasis.cxt 
\o Loading analog.cxt 
\o Loading asimenv.cxt 
\o Loading dal.cxt 
\o Loading awv.cxt 
\o Loading socket.cxt 
\o Loading par.cxt 
\o Loading alvs.cxt 
\o Loading caa.cxt 
\o Loading amps.cxt 
\o Loading adexlCore.cxt 
\# Memory report: using         331 MB, process size 2,056 MB at UTC 2024.04.09 10:49:28.085
\o Loading adexl.cxt 
\o *Info*    Exporting services from client ... 
\o 
\o Loading adexlDM.cxt 
\o Loading cpf.cxt 
\o Loading cli.cxt 
\o Loading lp.cxt 
\o INFO (ELI-00302) Connecting to parent process (session=virtuoso22447, host=phoenix). Connection mode is ICRP. Total timeout is 180 seconds. Connection timeout is 90 seconds.
\o INFO (ELI-00303) Step 1: Connecting to parent. Time spent is 0 seconds.
\o INFO (ELI-00304) The registration of the child 19598 within 90 seconds is being processed...
\o INFO (ELI-00305) The result of registration is true. Time spent is 0 seconds.
\o INFO (ELI-00308) The connection has ended. Result is true. Total time spent is 0 seconds.
\# [06:49:26.512473] Configured Lic search path (22.01-s002): 3000@lic08.ug.kth.se
\o Loading .cdsinit for the XH018 X-Fab XKit.
\o     LOAD xh018_1143 SPECIFIC CALL-BACK ROUTINES
\o     LOAD ALL AVAILABLE P-CELL FUNCTIONS
\o ** Info: PDK loadpath is "/home/saul/pkg/xfab/XKIT/xh018/cadence/v9_0/PDK/IC61/v9_0_4"
\o Loading XfSktTools.cxt
\o Loading XfMenu.cxt
\o Loading XfTechXh018.cxt
\o Loading XfPcellCore.cxt
\o function ansiSpicePrintProperties_subcircuit redefined
\o Loading XfSkillExt.cxt
\o Initializing library.
\o Finished Initializing Library .
\o     Generic PcellKit: 'production' loaded.
\o     Generic Pcell Skill Tools: 'production' loaded.
\o Loading Circuit Prospector Setup (XfCircuitProspSetup.il)
\o     LOAD THE ENVIRONMENT FILE
\o  --> Setting the required PDK definitions...
\o     GDSII LAYER MAPPING FILE = "./.xkit/setup/xh018/cadence/PDK/TECH_XH018_1143/strmInOut.layertable"
\o     GDSII OBJECT MAPPING FILE = "./.xkit/setup/xh018/cadence/PDK/TECH_XH018_1143/strmOutObjects.map"
\o Use model setup from PDK...
\o Loading spectrei.cxt 
\# Memory report: using         440 MB, process size 2,172 MB at UTC 2024.04.09 10:49:29.306
\o Loading devCheck.cxt 
\o Loading relXpert.cxt 
\o Loading vdsil.cxt 
\o Loading hspiceD.cxt 
\o Loading spectreinl.cxt 
\o Loading UltraSim.cxt 
\o Loading msgHandler.cxt 
\o Loading AMSOSS.cxt 
\o Loading AMS.cxt 
\o  --> Finished setting the required PDK definitions
\o  --> Setting the recommended EDA tool defaults...
\o  --> Finished setting the recommended EDA tool defaults
\o     LOAD DEFAULT BINDKEYS
\o Loading viva.cxt 
\o  --> AssuraTools Setup not available
\o *Info*    Client has finished starting ... 
\o 
\p > 
\# Loading perfDiag...
\# (PerfDiag): Set GDB path to environment variable 'gdbPath' (gdb).
\# Performance Diagnostic tool is installed. You can access PerfDiag from CIW Tools or use the shell command 'cdsPerfDiag -p 19598' to open it when Virtuoso freezes.
\# (PerfDiag): Loading backtrace from /pkg/cadence/installs/IC618/tools/lib/64bit/cdnslibunwind.so
\o Loading vqp.cxt 
\o Loading hdlPkg.cxt 
\o 
\o 
\o *Info*    Configuring the session ...
\o 
\o Loading simui.cxt 
\o 	Library      = REF_BIAS
\o 	Cell         = ref_bias_tb
\o 	View         = config
\o 	Simulator    = spectre
\o 	State Path   = $AXL_SETUPDB_DIR/test_states
\o 	State Name   = corner_none_Interactive.97
\o 	Results DB   = /home/saul/projects/ASKA/REF_BIAS/ref_bias_tb/adexl/results/data/Interactive.97.rdb
\o 	Results Dir  = /home/saul/projects/ASKA/Sim/REF_BIAS/ref_bias_tb/adexl/results/data/Interactive.97/1/corner
\o 	Results Loc  = /home/saul/projects/ASKA/Sim/REF_BIAS/ref_bias_tb/adexl/results/data
\o 	Project Dir  = /home/saul/projects/ASKA/Sim
\o 	Setup DB loc = /home/saul/projects/ASKA/REF_BIAS/ref_bias_tb/adexl
\o 	File Encoding = 0
\o 
\o 
\o WARNING (ADE-7017): The Spectre run mode needs to be 'batch' when EM/IR analysis is enabled. Automatically setting the run mode to 'batch'.
\o 
\o *Info*    The auto suspension is disabled.
\o 
\o     LOAD GENERIC "X-KIT" SKILL CONTEXT "./.xkit/setup/x_all/cadence/xenv/skill/context6/xkit.cxt" 
\o  - Menu "XKit Utilities" installed to CIW.
\o     LOAD ".cdsinit_personal" FILE FROM THE WORKING DIRECTORY.
\o     INFO: To customize this setup, please use the following environment variables:
\o           CUSTOM_SCRIPT_PATH - should point to the master shell or perl script
\o                              e.g.:
\o                              setenv CUSTOM_SCRIPT_PATH /path/to/my/script/LoadMyScripts.csh
\o           CUSTOM_SKILL_PATH - should point to your master skill load file
\o                              e.g.:
\o                              setenv CUSTOM_SKILL_PATH /path/to/my/skill/LoadMySkills.il
\o  loading default key binding 
\o  -> END LOAD ".cdsinit" FILE
\o Loading monte.cxt 
\o 
\o 
\o 
\o 
\o 
\o *Info*    Run start for Point ID (14 4) on testbench [ corner ].
\o 
\o Resetting statistical vars
\o 
\o *Info*    Setting parameter values ...
\o 
\o Setting var VDD3 = "0"
\o Setting var VDD3_PULSE = "3.3"
\o Setting var VREF = "1.21"
\o Setting var VREF_PULSE = "0"
\o Setting var temperature = "-40"
\o Setting temp(T) = -40
\o 
\o *Info*    Netlist Directory =
\o           /home/saul/projects/ASKA/Sim/REF_BIAS/ref_bias_tb/adexl/results/data/Interactive.97/4/corner/netlist
\o 
\o 
\o *Info*    Data Directory    =
\o           /home/saul/projects/ASKA/Sim/REF_BIAS/ref_bias_tb/adexl/results/data/Interactive.97/4/corner
\o 
\o 
\o *Info*    Creating Netlist for Point ID (14 4)
\o 
\o generate netlist...
\o Loading hnlInit.cxt 
\o Loading seCore.cxt 
\o function ansCdlCompPrim redefined
\o function ansCdlCompPrim redefined
\# [06:49:30.426370] Periodic Lic check successful
\# [06:49:30.426371] Feature usage summary:
\o Begin Incremental Netlisting Apr  9 06:49:30 2024
\o End netlisting Apr  9 06:49:30 2024
\o 
\o 	The netlist is up to date.
\o 	Time taken to compare the design with netlist:   0.0s
\o       ...successful.
\o compose simulator input file...
\o       ...successful.
\# Memory report: using         602 MB, process size 2,341 MB at UTC 2024.04.09 10:49:31.136
\o 
\o *Info*    Running simulation on testbench [ corner ] for Point ID (14
\o           4).
\o 
\o Delete psf data in /home/saul/projects/ASKA/Sim/REF_BIAS/ref_bias_tb/adexl/results/data/Interactive.97/4/corner/psf.
\o compose simulator input file...
\o       ...successful.
\o start simulator if needed...
\o       ...successful.
\o simulate...
\o To view the simulator output, right-click on the test name, result 
\o name, or any value in the "Results" tab of the Outputs section and 
\o choose "Output Log" menu option.
\o Loading paraplot.cxt 
\o INFO (ADE-3071): Simulation completed successfully.
\o reading simulation data...
\o       ...successful.
\o *Info*    Client has finished evaluating ... 
\o 
\o WARNING (OCN-6038): Results xf are not available for /home/saul/projects/ASKA/Sim/REF_BIAS/ref_bias_tb/adexl/results/data/Interactive.97/4/corner. Use results() for a list of available results.
\o WARNING (OCN-6038): Results xf are not available for /home/saul/projects/ASKA/Sim/REF_BIAS/ref_bias_tb/adexl/results/data/Interactive.97/4/corner. Use results() for a list of available results.
\e *Error* db: can't handle db(nil)
\e 
\e 
\o ERROR (ADE-2709): Evaluation of output 'V/V /V1; xf dB20(V/V)' returned 'nil' for point:'4' test:'corner'
\o 	Expression:'db(getData("/V1" ?result "xf"))'.
\o Ensure that the definition of output is correct.
\o 
\o WARNING (OCN-6038): Results pz are not available for /home/saul/projects/ASKA/Sim/REF_BIAS/ref_bias_tb/adexl/results/data/Interactive.97/4/corner. Use results() for a list of available results.
\o WARNING (OCN-6038): Results pz are not available for /home/saul/projects/ASKA/Sim/REF_BIAS/ref_bias_tb/adexl/results/data/Interactive.97/4/corner. Use results() for a list of available results.
\e *Error* 
\e  Error in locating poles-zeros. Ensure that poles and zeros exist in this simualtion data.
\e 
\o ERROR (ADE-2709): Evaluation of output 'Zeros' returned 'nil' for point:'4' test:'corner'
\o 	Expression:'pzFrequencyAndRealFilter(getData("zeros" ?result "pz"))'.
\o Ensure that the definition of output is correct.
\o 
\o WARNING (OCN-6038): Results pz are not available for /home/saul/projects/ASKA/Sim/REF_BIAS/ref_bias_tb/adexl/results/data/Interactive.97/4/corner. Use results() for a list of available results.
\o WARNING (OCN-6038): Results pz are not available for /home/saul/projects/ASKA/Sim/REF_BIAS/ref_bias_tb/adexl/results/data/Interactive.97/4/corner. Use results() for a list of available results.
\e *Error* 
\e  Error in locating poles-zeros. Ensure that poles and zeros exist in this simualtion data.
\e 
\o ERROR (ADE-2709): Evaluation of output 'Poles' returned 'nil' for point:'4' test:'corner'
\o 	Expression:'pzFrequencyAndRealFilter(getData("poles" ?result "pz"))'.
\o Ensure that the definition of output is correct.
\o 
\o WARNING (OCN-6038): Results xf are not available for /home/saul/projects/ASKA/Sim/REF_BIAS/ref_bias_tb/adexl/results/data/Interactive.97/4/corner. Use results() for a list of available results.
\o WARNING (OCN-6038): Results xf are not available for /home/saul/projects/ASKA/Sim/REF_BIAS/ref_bias_tb/adexl/results/data/Interactive.97/4/corner. Use results() for a list of available results.
\e *Error* db: can't handle db(nil)
\e 
\e 
\o ERROR (ADE-2709): Evaluation of output 'V/V /V0; xf dB20(V/V)' returned 'nil' for point:'4' test:'corner'
\o 	Expression:'db(getData("/V0" ?result "xf"))'.
\o Ensure that the definition of output is correct.
\o 
\o 
\o *Info*    Run complete for Point ID (14 4) on testbench [ corner ].
\o 
\o 
\o 
\o 
\o 
\o 
\o 
\o 
\o 
\o 
\o *Info*    Run start for Point ID (14 7) on testbench [ corner ].
\o 
\o Resetting statistical vars
\o 
\o *Info*    Setting parameter values ...
\o 
\o Setting var temperature = "85"
\o Setting temp(T) = 85
\o 
\o *Info*    Netlist Directory =
\o           /home/saul/projects/ASKA/Sim/REF_BIAS/ref_bias_tb/adexl/results/data/Interactive.97/7/corner/netlist
\o 
\o 
\o *Info*    Data Directory    =
\o           /home/saul/projects/ASKA/Sim/REF_BIAS/ref_bias_tb/adexl/results/data/Interactive.97/7/corner
\o 
\o 
\o *Info*    Creating Netlist for Point ID (14 7)
\o 
\o generate netlist...
\o function ansCdlCompPrim redefined
\o function ansCdlCompPrim redefined
\o Begin Incremental Netlisting Apr  9 06:49:33 2024
\o End netlisting Apr  9 06:49:33 2024
\o 
\o 	The netlist is up to date.
\o 	Time taken to compare the design with netlist:   0.0s
\o       ...successful.
\o compose simulator input file...
\o       ...successful.
\o 
\o *Info*    Running simulation on testbench [ corner ] for Point ID (14
\o           7).
\o 
\o Delete psf data in /home/saul/projects/ASKA/Sim/REF_BIAS/ref_bias_tb/adexl/results/data/Interactive.97/7/corner/psf.
\o compose simulator input file...
\o       ...successful.
\o start simulator if needed...
\o       ...successful.
\o simulate...
\o To view the simulator output, right-click on the test name, result 
\o name, or any value in the "Results" tab of the Outputs section and 
\o choose "Output Log" menu option.
\o INFO (ADE-3071): Simulation completed successfully.
\o reading simulation data...
\o       ...successful.
\o *Info*    Client has finished evaluating ... 
\o 
\o WARNING (OCN-6038): Results xf are not available for /home/saul/projects/ASKA/Sim/REF_BIAS/ref_bias_tb/adexl/results/data/Interactive.97/7/corner. Use results() for a list of available results.
\o WARNING (OCN-6038): Results xf are not available for /home/saul/projects/ASKA/Sim/REF_BIAS/ref_bias_tb/adexl/results/data/Interactive.97/7/corner. Use results() for a list of available results.
\e *Error* db: can't handle db(nil)
\e 
\e 
\o ERROR (ADE-2709): Evaluation of output 'V/V /V1; xf dB20(V/V)' returned 'nil' for point:'7' test:'corner'
\o 	Expression:'db(getData("/V1" ?result "xf"))'.
\o Ensure that the definition of output is correct.
\o 
\o WARNING (OCN-6038): Results pz are not available for /home/saul/projects/ASKA/Sim/REF_BIAS/ref_bias_tb/adexl/results/data/Interactive.97/7/corner. Use results() for a list of available results.
\o WARNING (OCN-6038): Results pz are not available for /home/saul/projects/ASKA/Sim/REF_BIAS/ref_bias_tb/adexl/results/data/Interactive.97/7/corner. Use results() for a list of available results.
\e *Error* 
\e  Error in locating poles-zeros. Ensure that poles and zeros exist in this simualtion data.
\e 
\o ERROR (ADE-2709): Evaluation of output 'Zeros' returned 'nil' for point:'7' test:'corner'
\o 	Expression:'pzFrequencyAndRealFilter(getData("zeros" ?result "pz"))'.
\o Ensure that the definition of output is correct.
\o 
\o WARNING (OCN-6038): Results pz are not available for /home/saul/projects/ASKA/Sim/REF_BIAS/ref_bias_tb/adexl/results/data/Interactive.97/7/corner. Use results() for a list of available results.
\o WARNING (OCN-6038): Results pz are not available for /home/saul/projects/ASKA/Sim/REF_BIAS/ref_bias_tb/adexl/results/data/Interactive.97/7/corner. Use results() for a list of available results.
\e *Error* 
\e  Error in locating poles-zeros. Ensure that poles and zeros exist in this simualtion data.
\e 
\o ERROR (ADE-2709): Evaluation of output 'Poles' returned 'nil' for point:'7' test:'corner'
\o 	Expression:'pzFrequencyAndRealFilter(getData("poles" ?result "pz"))'.
\o Ensure that the definition of output is correct.
\o 
\o WARNING (OCN-6038): Results xf are not available for /home/saul/projects/ASKA/Sim/REF_BIAS/ref_bias_tb/adexl/results/data/Interactive.97/7/corner. Use results() for a list of available results.
\o WARNING (OCN-6038): Results xf are not available for /home/saul/projects/ASKA/Sim/REF_BIAS/ref_bias_tb/adexl/results/data/Interactive.97/7/corner. Use results() for a list of available results.
\e *Error* db: can't handle db(nil)
\e 
\e 
\o ERROR (ADE-2709): Evaluation of output 'V/V /V0; xf dB20(V/V)' returned 'nil' for point:'7' test:'corner'
\o 	Expression:'db(getData("/V0" ?result "xf"))'.
\o Ensure that the definition of output is correct.
\o 
\o 
\o *Info*    Run complete for Point ID (14 7) on testbench [ corner ].
\o 
\o 
\o 
\o 
\o 
\o 
\o 
\o 
\o 
\o 
\o *Info*    Run start for Point ID (14 13) on testbench [ corner ].
\o 
\o Resetting statistical vars
\o 
\o *Info*    Setting parameter values ...
\o 
\o 
\o *Info*    Netlist Directory =
\o           /home/saul/projects/ASKA/Sim/REF_BIAS/ref_bias_tb/adexl/results/data/Interactive.97/13/corner/netlist
\o 
\o 
\o *Info*    Data Directory    =
\o           /home/saul/projects/ASKA/Sim/REF_BIAS/ref_bias_tb/adexl/results/data/Interactive.97/13/corner
\o 
\o 
\o *Info*    Creating Netlist for Point ID (14 13)
\o 
\o generate netlist...
\o function ansCdlCompPrim redefined
\o function ansCdlCompPrim redefined
\o Begin Incremental Netlisting Apr  9 06:49:35 2024
\o End netlisting Apr  9 06:49:35 2024
\o 
\o 	The netlist is up to date.
\o 	Time taken to compare the design with netlist:   0.0s
\o       ...successful.
\o compose simulator input file...
\o       ...successful.
\o 
\o *Info*    Running simulation on testbench [ corner ] for Point ID (14
\o           13).
\o 
\o Delete psf data in /home/saul/projects/ASKA/Sim/REF_BIAS/ref_bias_tb/adexl/results/data/Interactive.97/13/corner/psf.
\o compose simulator input file...
\o       ...successful.
\o start simulator if needed...
\o       ...successful.
\o simulate...
\o To view the simulator output, right-click on the test name, result 
\o name, or any value in the "Results" tab of the Outputs section and 
\o choose "Output Log" menu option.
\o INFO (ADE-3071): Simulation completed successfully.
\o reading simulation data...
\o       ...successful.
\o *Info*    Client has finished evaluating ... 
\o 
\o WARNING (OCN-6038): Results xf are not available for /home/saul/projects/ASKA/Sim/REF_BIAS/ref_bias_tb/adexl/results/data/Interactive.97/13/corner. Use results() for a list of available results.
\o WARNING (OCN-6038): Results xf are not available for /home/saul/projects/ASKA/Sim/REF_BIAS/ref_bias_tb/adexl/results/data/Interactive.97/13/corner. Use results() for a list of available results.
\e *Error* db: can't handle db(nil)
\e 
\e 
\o ERROR (ADE-2709): Evaluation of output 'V/V /V1; xf dB20(V/V)' returned 'nil' for point:'13' test:'corner'
\o 	Expression:'db(getData("/V1" ?result "xf"))'.
\o Ensure that the definition of output is correct.
\o 
\o WARNING (OCN-6038): Results pz are not available for /home/saul/projects/ASKA/Sim/REF_BIAS/ref_bias_tb/adexl/results/data/Interactive.97/13/corner. Use results() for a list of available results.
\o WARNING (OCN-6038): Results pz are not available for /home/saul/projects/ASKA/Sim/REF_BIAS/ref_bias_tb/adexl/results/data/Interactive.97/13/corner. Use results() for a list of available results.
\e *Error* 
\e  Error in locating poles-zeros. Ensure that poles and zeros exist in this simualtion data.
\e 
\o ERROR (ADE-2709): Evaluation of output 'Zeros' returned 'nil' for point:'13' test:'corner'
\o 	Expression:'pzFrequencyAndRealFilter(getData("zeros" ?result "pz"))'.
\o Ensure that the definition of output is correct.
\o 
\o WARNING (OCN-6038): Results pz are not available for /home/saul/projects/ASKA/Sim/REF_BIAS/ref_bias_tb/adexl/results/data/Interactive.97/13/corner. Use results() for a list of available results.
\o WARNING (OCN-6038): Results pz are not available for /home/saul/projects/ASKA/Sim/REF_BIAS/ref_bias_tb/adexl/results/data/Interactive.97/13/corner. Use results() for a list of available results.
\e *Error* 
\e  Error in locating poles-zeros. Ensure that poles and zeros exist in this simualtion data.
\e 
\o ERROR (ADE-2709): Evaluation of output 'Poles' returned 'nil' for point:'13' test:'corner'
\o 	Expression:'pzFrequencyAndRealFilter(getData("poles" ?result "pz"))'.
\o Ensure that the definition of output is correct.
\o 
\o WARNING (OCN-6038): Results xf are not available for /home/saul/projects/ASKA/Sim/REF_BIAS/ref_bias_tb/adexl/results/data/Interactive.97/13/corner. Use results() for a list of available results.
\o WARNING (OCN-6038): Results xf are not available for /home/saul/projects/ASKA/Sim/REF_BIAS/ref_bias_tb/adexl/results/data/Interactive.97/13/corner. Use results() for a list of available results.
\e *Error* db: can't handle db(nil)
\e 
\e 
\o ERROR (ADE-2709): Evaluation of output 'V/V /V0; xf dB20(V/V)' returned 'nil' for point:'13' test:'corner'
\o 	Expression:'db(getData("/V0" ?result "xf"))'.
\o Ensure that the definition of output is correct.
\o 
\o 
\o *Info*    Run complete for Point ID (14 13) on testbench [ corner ].
\o 
\o 
\o 
\o 
\o 
\# Available memory:         19,312 MB at UTC 2024.04.09 10:49:36.955
\# Memory report: Maximum memory size now 19,988 MB at UTC 2024.04.09 10:49:36.955
\# Thread usage report: 13 active threads, active load 1.40 at UTC 2024.04.09 10:49:36.955
\o 
\o 
\o 
\o 
\o 
\o *Info*    Run start for Point ID (14 16) on testbench [ corner ].
\o 
\o Resetting statistical vars
\o 
\o *Info*    Setting parameter values ...
\o 
\o Setting var temperature = "-40"
\o Setting temp(T) = -40
\o 
\o *Info*    Netlist Directory =
\o           /home/saul/projects/ASKA/Sim/REF_BIAS/ref_bias_tb/adexl/results/data/Interactive.97/16/corner/netlist
\o 
\o 
\o *Info*    Data Directory    =
\o           /home/saul/projects/ASKA/Sim/REF_BIAS/ref_bias_tb/adexl/results/data/Interactive.97/16/corner
\o 
\o 
\o *Info*    Creating Netlist for Point ID (14 16)
\o 
\o generate netlist...
\o function ansCdlCompPrim redefined
\o function ansCdlCompPrim redefined
\o Begin Incremental Netlisting Apr  9 06:49:37 2024
\o End netlisting Apr  9 06:49:37 2024
\o 
\o 	The netlist is up to date.
\o 	Time taken to compare the design with netlist:   0.0s
\o       ...successful.
\o compose simulator input file...
\o       ...successful.
\o 
\o *Info*    Running simulation on testbench [ corner ] for Point ID (14
\o           16).
\o 
\o Delete psf data in /home/saul/projects/ASKA/Sim/REF_BIAS/ref_bias_tb/adexl/results/data/Interactive.97/16/corner/psf.
\o compose simulator input file...
\o       ...successful.
\o start simulator if needed...
\o       ...successful.
\o simulate...
\o To view the simulator output, right-click on the test name, result 
\o name, or any value in the "Results" tab of the Outputs section and 
\o choose "Output Log" menu option.
\o INFO (ADE-3071): Simulation completed successfully.
\o reading simulation data...
\o       ...successful.
\o *Info*    Client has finished evaluating ... 
\o 
\o WARNING (OCN-6038): Results xf are not available for /home/saul/projects/ASKA/Sim/REF_BIAS/ref_bias_tb/adexl/results/data/Interactive.97/16/corner. Use results() for a list of available results.
\o WARNING (OCN-6038): Results xf are not available for /home/saul/projects/ASKA/Sim/REF_BIAS/ref_bias_tb/adexl/results/data/Interactive.97/16/corner. Use results() for a list of available results.
\e *Error* db: can't handle db(nil)
\e 
\e 
\o ERROR (ADE-2709): Evaluation of output 'V/V /V1; xf dB20(V/V)' returned 'nil' for point:'16' test:'corner'
\o 	Expression:'db(getData("/V1" ?result "xf"))'.
\o Ensure that the definition of output is correct.
\o 
\o WARNING (OCN-6038): Results pz are not available for /home/saul/projects/ASKA/Sim/REF_BIAS/ref_bias_tb/adexl/results/data/Interactive.97/16/corner. Use results() for a list of available results.
\o WARNING (OCN-6038): Results pz are not available for /home/saul/projects/ASKA/Sim/REF_BIAS/ref_bias_tb/adexl/results/data/Interactive.97/16/corner. Use results() for a list of available results.
\e *Error* 
\e  Error in locating poles-zeros. Ensure that poles and zeros exist in this simualtion data.
\e 
\o ERROR (ADE-2709): Evaluation of output 'Zeros' returned 'nil' for point:'16' test:'corner'
\o 	Expression:'pzFrequencyAndRealFilter(getData("zeros" ?result "pz"))'.
\o Ensure that the definition of output is correct.
\o 
\o WARNING (OCN-6038): Results pz are not available for /home/saul/projects/ASKA/Sim/REF_BIAS/ref_bias_tb/adexl/results/data/Interactive.97/16/corner. Use results() for a list of available results.
\o WARNING (OCN-6038): Results pz are not available for /home/saul/projects/ASKA/Sim/REF_BIAS/ref_bias_tb/adexl/results/data/Interactive.97/16/corner. Use results() for a list of available results.
\e *Error* 
\e  Error in locating poles-zeros. Ensure that poles and zeros exist in this simualtion data.
\e 
\o ERROR (ADE-2709): Evaluation of output 'Poles' returned 'nil' for point:'16' test:'corner'
\o 	Expression:'pzFrequencyAndRealFilter(getData("poles" ?result "pz"))'.
\o Ensure that the definition of output is correct.
\o 
\o WARNING (OCN-6038): Results xf are not available for /home/saul/projects/ASKA/Sim/REF_BIAS/ref_bias_tb/adexl/results/data/Interactive.97/16/corner. Use results() for a list of available results.
\o WARNING (OCN-6038): Results xf are not available for /home/saul/projects/ASKA/Sim/REF_BIAS/ref_bias_tb/adexl/results/data/Interactive.97/16/corner. Use results() for a list of available results.
\e *Error* db: can't handle db(nil)
\e 
\e 
\o ERROR (ADE-2709): Evaluation of output 'V/V /V0; xf dB20(V/V)' returned 'nil' for point:'16' test:'corner'
\o 	Expression:'db(getData("/V0" ?result "xf"))'.
\o Ensure that the definition of output is correct.
\o 
\o 
\o *Info*    Run complete for Point ID (14 16) on testbench [ corner ].
\o 
\o 
\o 
\o 
\o 
\o 
\o 
\o 
\o 
\o 
\o *Info*    Run start for Point ID (14 21) on testbench [ corner ].
\o 
\o Resetting statistical vars
\o 
\o *Info*    Setting parameter values ...
\o 
\o Setting var temperature = "85"
\o Setting temp(T) = 85
\o 
\o *Info*    Netlist Directory =
\o           /home/saul/projects/ASKA/Sim/REF_BIAS/ref_bias_tb/adexl/results/data/Interactive.97/21/corner/netlist
\o 
\o 
\o *Info*    Data Directory    =
\o           /home/saul/projects/ASKA/Sim/REF_BIAS/ref_bias_tb/adexl/results/data/Interactive.97/21/corner
\o 
\o 
\o *Info*    Creating Netlist for Point ID (14 21)
\o 
\o generate netlist...
\o function ansCdlCompPrim redefined
\o function ansCdlCompPrim redefined
\o Begin Incremental Netlisting Apr  9 06:49:38 2024
\o End netlisting Apr  9 06:49:39 2024
\o 
\o 	The netlist is up to date.
\o 	Time taken to compare the design with netlist:   1.0s
\o       ...successful.
\o compose simulator input file...
\o       ...successful.
\o 
\o *Info*    Running simulation on testbench [ corner ] for Point ID (14
\o           21).
\o 
\o Delete psf data in /home/saul/projects/ASKA/Sim/REF_BIAS/ref_bias_tb/adexl/results/data/Interactive.97/21/corner/psf.
\o compose simulator input file...
\o       ...successful.
\o start simulator if needed...
\o       ...successful.
\o simulate...
\o To view the simulator output, right-click on the test name, result 
\o name, or any value in the "Results" tab of the Outputs section and 
\o choose "Output Log" menu option.
\o INFO (ADE-3071): Simulation completed successfully.
\o reading simulation data...
\o       ...successful.
\o *Info*    Client has finished evaluating ... 
\o 
\o WARNING (OCN-6038): Results xf are not available for /home/saul/projects/ASKA/Sim/REF_BIAS/ref_bias_tb/adexl/results/data/Interactive.97/21/corner. Use results() for a list of available results.
\o WARNING (OCN-6038): Results xf are not available for /home/saul/projects/ASKA/Sim/REF_BIAS/ref_bias_tb/adexl/results/data/Interactive.97/21/corner. Use results() for a list of available results.
\e *Error* db: can't handle db(nil)
\e 
\e 
\o ERROR (ADE-2709): Evaluation of output 'V/V /V1; xf dB20(V/V)' returned 'nil' for point:'21' test:'corner'
\o 	Expression:'db(getData("/V1" ?result "xf"))'.
\o Ensure that the definition of output is correct.
\o 
\o WARNING (OCN-6038): Results pz are not available for /home/saul/projects/ASKA/Sim/REF_BIAS/ref_bias_tb/adexl/results/data/Interactive.97/21/corner. Use results() for a list of available results.
\o WARNING (OCN-6038): Results pz are not available for /home/saul/projects/ASKA/Sim/REF_BIAS/ref_bias_tb/adexl/results/data/Interactive.97/21/corner. Use results() for a list of available results.
\e *Error* 
\e  Error in locating poles-zeros. Ensure that poles and zeros exist in this simualtion data.
\e 
\o ERROR (ADE-2709): Evaluation of output 'Zeros' returned 'nil' for point:'21' test:'corner'
\o 	Expression:'pzFrequencyAndRealFilter(getData("zeros" ?result "pz"))'.
\o Ensure that the definition of output is correct.
\o 
\o WARNING (OCN-6038): Results pz are not available for /home/saul/projects/ASKA/Sim/REF_BIAS/ref_bias_tb/adexl/results/data/Interactive.97/21/corner. Use results() for a list of available results.
\o WARNING (OCN-6038): Results pz are not available for /home/saul/projects/ASKA/Sim/REF_BIAS/ref_bias_tb/adexl/results/data/Interactive.97/21/corner. Use results() for a list of available results.
\e *Error* 
\e  Error in locating poles-zeros. Ensure that poles and zeros exist in this simualtion data.
\e 
\o ERROR (ADE-2709): Evaluation of output 'Poles' returned 'nil' for point:'21' test:'corner'
\o 	Expression:'pzFrequencyAndRealFilter(getData("poles" ?result "pz"))'.
\o Ensure that the definition of output is correct.
\o 
\o WARNING (OCN-6038): Results xf are not available for /home/saul/projects/ASKA/Sim/REF_BIAS/ref_bias_tb/adexl/results/data/Interactive.97/21/corner. Use results() for a list of available results.
\o WARNING (OCN-6038): Results xf are not available for /home/saul/projects/ASKA/Sim/REF_BIAS/ref_bias_tb/adexl/results/data/Interactive.97/21/corner. Use results() for a list of available results.
\e *Error* db: can't handle db(nil)
\e 
\e 
\o ERROR (ADE-2709): Evaluation of output 'V/V /V0; xf dB20(V/V)' returned 'nil' for point:'21' test:'corner'
\o 	Expression:'db(getData("/V0" ?result "xf"))'.
\o Ensure that the definition of output is correct.
\o 
\o 
\o *Info*    Run complete for Point ID (14 21) on testbench [ corner ].
\o 
\o 
\o 
\o 
\o 
\# Memory report: using         704 MB, process size 2,493 MB at UTC 2024.04.09 10:49:41.081
\o 
\o 
\o 
\o 
\o 
\o *Info*    Run start for Point ID (14 28) on testbench [ corner ].
\o 
\o Resetting statistical vars
\o 
\o *Info*    Setting parameter values ...
\o 
\o Setting var temperature = "-40"
\o Setting temp(T) = -40
\o 
\o *Info*    Netlist Directory =
\o           /home/saul/projects/ASKA/Sim/REF_BIAS/ref_bias_tb/adexl/results/data/Interactive.97/28/corner/netlist
\o 
\o 
\o *Info*    Data Directory    =
\o           /home/saul/projects/ASKA/Sim/REF_BIAS/ref_bias_tb/adexl/results/data/Interactive.97/28/corner
\o 
\o 
\o *Info*    Creating Netlist for Point ID (14 28)
\o 
\o generate netlist...
\o function ansCdlCompPrim redefined
\o function ansCdlCompPrim redefined
\o Begin Incremental Netlisting Apr  9 06:49:41 2024
\o End netlisting Apr  9 06:49:41 2024
\o 
\o 	The netlist is up to date.
\o 	Time taken to compare the design with netlist:   0.0s
\o       ...successful.
\o compose simulator input file...
\o       ...successful.
\o 
\o *Info*    Running simulation on testbench [ corner ] for Point ID (14
\o           28).
\o 
\o Delete psf data in /home/saul/projects/ASKA/Sim/REF_BIAS/ref_bias_tb/adexl/results/data/Interactive.97/28/corner/psf.
\o compose simulator input file...
\o       ...successful.
\o start simulator if needed...
\o       ...successful.
\o simulate...
\o To view the simulator output, right-click on the test name, result 
\o name, or any value in the "Results" tab of the Outputs section and 
\o choose "Output Log" menu option.
\o INFO (ADE-3071): Simulation completed successfully.
\o reading simulation data...
\o       ...successful.
\o *Info*    Client has finished evaluating ... 
\o 
\o WARNING (OCN-6038): Results xf are not available for /home/saul/projects/ASKA/Sim/REF_BIAS/ref_bias_tb/adexl/results/data/Interactive.97/28/corner. Use results() for a list of available results.
\o WARNING (OCN-6038): Results xf are not available for /home/saul/projects/ASKA/Sim/REF_BIAS/ref_bias_tb/adexl/results/data/Interactive.97/28/corner. Use results() for a list of available results.
\e *Error* db: can't handle db(nil)
\e 
\e 
\o ERROR (ADE-2709): Evaluation of output 'V/V /V1; xf dB20(V/V)' returned 'nil' for point:'28' test:'corner'
\o 	Expression:'db(getData("/V1" ?result "xf"))'.
\o Ensure that the definition of output is correct.
\o 
\o WARNING (OCN-6038): Results pz are not available for /home/saul/projects/ASKA/Sim/REF_BIAS/ref_bias_tb/adexl/results/data/Interactive.97/28/corner. Use results() for a list of available results.
\o WARNING (OCN-6038): Results pz are not available for /home/saul/projects/ASKA/Sim/REF_BIAS/ref_bias_tb/adexl/results/data/Interactive.97/28/corner. Use results() for a list of available results.
\e *Error* 
\e  Error in locating poles-zeros. Ensure that poles and zeros exist in this simualtion data.
\e 
\o ERROR (ADE-2709): Evaluation of output 'Zeros' returned 'nil' for point:'28' test:'corner'
\o 	Expression:'pzFrequencyAndRealFilter(getData("zeros" ?result "pz"))'.
\o Ensure that the definition of output is correct.
\o 
\o WARNING (OCN-6038): Results pz are not available for /home/saul/projects/ASKA/Sim/REF_BIAS/ref_bias_tb/adexl/results/data/Interactive.97/28/corner. Use results() for a list of available results.
\o WARNING (OCN-6038): Results pz are not available for /home/saul/projects/ASKA/Sim/REF_BIAS/ref_bias_tb/adexl/results/data/Interactive.97/28/corner. Use results() for a list of available results.
\e *Error* 
\e  Error in locating poles-zeros. Ensure that poles and zeros exist in this simualtion data.
\e 
\o ERROR (ADE-2709): Evaluation of output 'Poles' returned 'nil' for point:'28' test:'corner'
\o 	Expression:'pzFrequencyAndRealFilter(getData("poles" ?result "pz"))'.
\o Ensure that the definition of output is correct.
\o 
\o WARNING (OCN-6038): Results xf are not available for /home/saul/projects/ASKA/Sim/REF_BIAS/ref_bias_tb/adexl/results/data/Interactive.97/28/corner. Use results() for a list of available results.
\o WARNING (OCN-6038): Results xf are not available for /home/saul/projects/ASKA/Sim/REF_BIAS/ref_bias_tb/adexl/results/data/Interactive.97/28/corner. Use results() for a list of available results.
\e *Error* db: can't handle db(nil)
\e 
\e 
\o ERROR (ADE-2709): Evaluation of output 'V/V /V0; xf dB20(V/V)' returned 'nil' for point:'28' test:'corner'
\o 	Expression:'db(getData("/V0" ?result "xf"))'.
\o Ensure that the definition of output is correct.
\o 
\o 
\o *Info*    Run complete for Point ID (14 28) on testbench [ corner ].
\o 
\o 
\o 
\o 
\o 
\o 
\o 
\o 
\o 
\o 
\o *Info*    Run start for Point ID (14 31) on testbench [ corner ].
\o 
\o Resetting statistical vars
\o 
\o *Info*    Setting parameter values ...
\o 
\o Setting var temperature = "85"
\o Setting temp(T) = 85
\o 
\o *Info*    Netlist Directory =
\o           /home/saul/projects/ASKA/Sim/REF_BIAS/ref_bias_tb/adexl/results/data/Interactive.97/31/corner/netlist
\o 
\o 
\o *Info*    Data Directory    =
\o           /home/saul/projects/ASKA/Sim/REF_BIAS/ref_bias_tb/adexl/results/data/Interactive.97/31/corner
\o 
\o 
\o *Info*    Creating Netlist for Point ID (14 31)
\o 
\o generate netlist...
\o function ansCdlCompPrim redefined
\o function ansCdlCompPrim redefined
\o Begin Incremental Netlisting Apr  9 06:49:43 2024
\o End netlisting Apr  9 06:49:43 2024
\o 
\o 	The netlist is up to date.
\o 	Time taken to compare the design with netlist:   0.0s
\o       ...successful.
\o compose simulator input file...
\o       ...successful.
\o 
\o *Info*    Running simulation on testbench [ corner ] for Point ID (14
\o           31).
\o 
\o Delete psf data in /home/saul/projects/ASKA/Sim/REF_BIAS/ref_bias_tb/adexl/results/data/Interactive.97/31/corner/psf.
\o compose simulator input file...
\o       ...successful.
\o start simulator if needed...
\o       ...successful.
\o simulate...
\o To view the simulator output, right-click on the test name, result 
\o name, or any value in the "Results" tab of the Outputs section and 
\o choose "Output Log" menu option.
\o INFO (ADE-3071): Simulation completed successfully.
\o reading simulation data...
\o       ...successful.
\o *Info*    Client has finished evaluating ... 
\o 
\o WARNING (OCN-6038): Results xf are not available for /home/saul/projects/ASKA/Sim/REF_BIAS/ref_bias_tb/adexl/results/data/Interactive.97/31/corner. Use results() for a list of available results.
\o WARNING (OCN-6038): Results xf are not available for /home/saul/projects/ASKA/Sim/REF_BIAS/ref_bias_tb/adexl/results/data/Interactive.97/31/corner. Use results() for a list of available results.
\e *Error* db: can't handle db(nil)
\e 
\e 
\o ERROR (ADE-2709): Evaluation of output 'V/V /V1; xf dB20(V/V)' returned 'nil' for point:'31' test:'corner'
\o 	Expression:'db(getData("/V1" ?result "xf"))'.
\o Ensure that the definition of output is correct.
\o 
\o WARNING (OCN-6038): Results pz are not available for /home/saul/projects/ASKA/Sim/REF_BIAS/ref_bias_tb/adexl/results/data/Interactive.97/31/corner. Use results() for a list of available results.
\o WARNING (OCN-6038): Results pz are not available for /home/saul/projects/ASKA/Sim/REF_BIAS/ref_bias_tb/adexl/results/data/Interactive.97/31/corner. Use results() for a list of available results.
\e *Error* 
\e  Error in locating poles-zeros. Ensure that poles and zeros exist in this simualtion data.
\e 
\o ERROR (ADE-2709): Evaluation of output 'Zeros' returned 'nil' for point:'31' test:'corner'
\o 	Expression:'pzFrequencyAndRealFilter(getData("zeros" ?result "pz"))'.
\o Ensure that the definition of output is correct.
\o 
\o WARNING (OCN-6038): Results pz are not available for /home/saul/projects/ASKA/Sim/REF_BIAS/ref_bias_tb/adexl/results/data/Interactive.97/31/corner. Use results() for a list of available results.
\o WARNING (OCN-6038): Results pz are not available for /home/saul/projects/ASKA/Sim/REF_BIAS/ref_bias_tb/adexl/results/data/Interactive.97/31/corner. Use results() for a list of available results.
\e *Error* 
\e  Error in locating poles-zeros. Ensure that poles and zeros exist in this simualtion data.
\e 
\o ERROR (ADE-2709): Evaluation of output 'Poles' returned 'nil' for point:'31' test:'corner'
\o 	Expression:'pzFrequencyAndRealFilter(getData("poles" ?result "pz"))'.
\o Ensure that the definition of output is correct.
\o 
\o WARNING (OCN-6038): Results xf are not available for /home/saul/projects/ASKA/Sim/REF_BIAS/ref_bias_tb/adexl/results/data/Interactive.97/31/corner. Use results() for a list of available results.
\o WARNING (OCN-6038): Results xf are not available for /home/saul/projects/ASKA/Sim/REF_BIAS/ref_bias_tb/adexl/results/data/Interactive.97/31/corner. Use results() for a list of available results.
\e *Error* db: can't handle db(nil)
\e 
\e 
\o ERROR (ADE-2709): Evaluation of output 'V/V /V0; xf dB20(V/V)' returned 'nil' for point:'31' test:'corner'
\o 	Expression:'db(getData("/V0" ?result "xf"))'.
\o Ensure that the definition of output is correct.
\o 
\o 
\o *Info*    Run complete for Point ID (14 31) on testbench [ corner ].
\o 
\o 
\o 
\o 
\o 
\o Job 99 timed out after no activity in 300 seconds.
\o Simulation design variables differ from those on the cellView,
\o they have been saved in the file "/tmp/saved-design-variables".
\o To save future changes, copy variables to cellView before exiting.
\o 
\o *Info*    Received signal SIGTERM.
\o 
\o 
