\# Program start time:     UTC 2024.04.04 09:41:04.747
\# Local time: EDT (UTC-04:00) 2024.04.04 05:41:04.747
\o Program:		@(#)$CDS: virtuoso version 6.1.8-64b 10/11/2023 09:56 (cpgbld01) $
\o Hierarchy:		/home/saul/cadence/installs/IC618/tools.lnx86/dfII/
\o Sub version:		sub-version  IC6.1.8-64b.500.34  (64-bit addresses)
\# Command line:	/pkg/cadence/installs/IC618/tools.lnx86/dfII/bin/64bit/virtuoso -noautostart -mpssession virtuoso5606 -mpshost phoenix -davinciService DaVinciService_5606_1712123584 -log /home/saul/projects/ASKA/logs_saul/logs0/Job95.log -licenseLockFileName /home/saul/projects/ASKA/.tmp_saul/.phoenix_5606 -interactiveA -interactiveE -interactiveRTT -nostdin -nographE -axlChildIdFlag 95
\# Host name (type):	phoenix (x86_64)
\# Operating system:	Linux 3.10.0-1160.105.1.el7.x86_64 #1 SMP Thu Dec 7 15:39:45 UTC 2023
\# Linux /etc/issue:	\S
\# Linux /etc/issue:	Kernel \r on an \m
\# X display name (WxH):	:8623 (1024x868)
\# Available geometry:			TL(0:0) BR(1023:867)
\# X server:			The X.Org Foundation
\# Depth of Visual (Root):	24 (24)
\# Number of Planes Used:	24
\# X version:		11.0 (vendor release 12004000)
\# X resource pool:	base 0x400000, mask 0x1fffff (2097151), shift 0
\# 			current id 0x0, current max 0x1ffffa (2097146)
\# Max data seg size:	     unlimited
\# Max process size:	     unlimited
\# Initial sbrk value:	        646 MB
\# Available memory:	     19,118 MB
\# System memory:	     23,948 MB
\# Maximum memory size:	     23,513 MB
\# Max mem available:	     19,328 MB
\# Initial memory used:	        210 MB
\#        process size:	      1,813 MB
\# Thread usage limits (effective/default):	maxthreads 4096/4096 maxload 6.00/6.00
\# Qt version:		5.9.1
\# Window Manager:	other
\# User Name:		saul
\o Working Directory:	phoenix:/home/saul/projects/ASKA
\# Process Id:		23032
\o 
\o COPYRIGHT (C) 1992-2023  CADENCE DESIGN SYSTEMS INC.  ALL RIGHTS RESERVED.
\o           (C) 1992-2023  UNIX SYSTEMS Laboratories INC.,
\o                          Reproduced with permission.
\o 
\o This Cadence Design Systems program and online documentation are
\o proprietary/confidential information and may be disclosed/used only
\o as authorized in a license agreement controlling such use and disclosure.
\o 
\o           RESTRICTED RIGHTS NOTICE (SHORT FORM)
\o Use/reproduction/disclosure is subject to restriction
\o set forth at FAR 1252.227-19 or its equivalent.
\o Loading geView.cxt 
\o Loading menuBuilder.cxt 
\o Loading schView.cxt 
\o Loading selectSv.cxt 
\o Loading pvsui.cxt
\o Loading wireEdit.cxt 
\o Loading pte2.cxt 
\o Loading xlUI.cxt 
\o Loading auCore.cxt 
\o Loading vhdl.cxt 
\o Loading seismic.cxt 
\o Loading ci.cxt 
\o Loading ams.cxt 
\o Loading oasis.cxt 
\o Loading analog.cxt 
\o Loading asimenv.cxt 
\o Loading dal.cxt 
\o Loading awv.cxt 
\o Loading socket.cxt 
\o Loading par.cxt 
\o Loading alvs.cxt 
\o Loading caa.cxt 
\o Loading amps.cxt 
\o Loading adexlCore.cxt 
\o Loading adexl.cxt 
\o *Info*    Exporting services from client ... 
\o 
\o Loading adexlDM.cxt 
\o Loading cpf.cxt 
\o Loading cli.cxt 
\o Loading lp.cxt 
\o INFO (ELI-00302) Connecting to parent process (session=virtuoso5606, host=phoenix). Connection mode is ICRP. Total timeout is 180 seconds. Connection timeout is 90 seconds.
\o INFO (ELI-00303) Step 1: Connecting to parent. Time spent is 0 seconds.
\o INFO (ELI-00304) The registration of the child 23032 within 90 seconds is being processed...
\o INFO (ELI-00305) The result of registration is true. Time spent is 0 seconds.
\o INFO (ELI-00308) The connection has ended. Result is true. Total time spent is 0 seconds.
\# [05:41:04.512369] Configured Lic search path (22.01-s002): 3000@lic08.ug.kth.se
\# Memory report: using         362 MB, process size 2,094 MB at UTC 2024.04.04 09:41:06.676
\o Loading .cdsinit for the XH018 X-Fab XKit.
\o     LOAD xh018_1143 SPECIFIC CALL-BACK ROUTINES
\o     LOAD ALL AVAILABLE P-CELL FUNCTIONS
\o ** Info: PDK loadpath is "/home/saul/pkg/xfab/XKIT/xh018/cadence/v9_0/PDK/IC61/v9_0_4"
\o Loading XfSktTools.cxt
\o Loading XfMenu.cxt
\o Loading XfTechXh018.cxt
\o Loading XfPcellCore.cxt
\o function ansiSpicePrintProperties_subcircuit redefined
\o Loading XfSkillExt.cxt
\o Initializing library.
\o Finished Initializing Library .
\o     Generic PcellKit: 'production' loaded.
\o     Generic Pcell Skill Tools: 'production' loaded.
\o Loading Circuit Prospector Setup (XfCircuitProspSetup.il)
\o     LOAD THE ENVIRONMENT FILE
\o  --> Setting the required PDK definitions...
\o     GDSII LAYER MAPPING FILE = "./.xkit/setup/xh018/cadence/PDK/TECH_XH018_1143/strmInOut.layertable"
\o     GDSII OBJECT MAPPING FILE = "./.xkit/setup/xh018/cadence/PDK/TECH_XH018_1143/strmOutObjects.map"
\o Use model setup from PDK...
\o Loading spectrei.cxt 
\o Loading devCheck.cxt 
\o Loading relXpert.cxt 
\o Loading vdsil.cxt 
\o Loading hspiceD.cxt 
\o Loading spectreinl.cxt 
\o Loading UltraSim.cxt 
\o Loading msgHandler.cxt 
\o Loading AMSOSS.cxt 
\o Loading AMS.cxt 
\o  --> Finished setting the required PDK definitions
\o  --> Setting the recommended EDA tool defaults...
\o  --> Finished setting the recommended EDA tool defaults
\o     LOAD DEFAULT BINDKEYS
\o Loading viva.cxt 
\o  --> AssuraTools Setup not available
\o *Info*    Client has finished starting ... 
\o 
\p > 
\# Loading perfDiag...
\# (PerfDiag): Set GDB path to environment variable 'gdbPath' (gdb).
\# Performance Diagnostic tool is installed. You can access PerfDiag from CIW Tools or use the shell command 'cdsPerfDiag -p 23032' to open it when Virtuoso freezes.
\# (PerfDiag): Loading backtrace from /pkg/cadence/installs/IC618/tools/lib/64bit/cdnslibunwind.so
\o Loading vqp.cxt 
\o Loading hdlPkg.cxt 
\o 
\o 
\o *Info*    Configuring the session ...
\o 
\o Loading simui.cxt 
\o 	Library      = CONSTANT_GM
\o 	Cell         = constant_gm_tb
\o 	View         = config
\o 	Simulator    = spectre
\o 	State Path   = $AXL_SETUPDB_DIR/test_states
\o 	State Name   = Montecarlo_none_MonteCarlo.0
\o 	Results DB   = /home/saul/projects/ASKA/CONSTANT_GM/constant_gm_tb/adexl/results/data/MonteCarlo.0.rdb
\o 	Results Dir  = /home/saul/projects/ASKA/Sim/CONSTANT_GM/constant_gm_tb/adexl/results/data/MonteCarlo.0/61/Montecarlo
\o 	Results Loc  = /home/saul/projects/ASKA/Sim/CONSTANT_GM/constant_gm_tb/adexl/results/data
\o 	Project Dir  = /home/saul/projects/ASKA/Sim
\o 	Setup DB loc = /home/saul/projects/ASKA/CONSTANT_GM/constant_gm_tb/adexl
\o 	File Encoding = 0
\o 
\o 
\# Memory report: using         486 MB, process size 2,224 MB at UTC 2024.04.04 09:41:08.108
\o WARNING (ADE-7017): The Spectre run mode needs to be 'batch' when EM/IR analysis is enabled. Automatically setting the run mode to 'batch'.
\o 
\o *Info*    The auto suspension is disabled.
\o 
\o     LOAD GENERIC "X-KIT" SKILL CONTEXT "./.xkit/setup/x_all/cadence/xenv/skill/context6/xkit.cxt" 
\o  - Menu "XKit Utilities" installed to CIW.
\o     LOAD ".cdsinit_personal" FILE FROM THE WORKING DIRECTORY.
\o     INFO: To customize this setup, please use the following environment variables:
\o           CUSTOM_SCRIPT_PATH - should point to the master shell or perl script
\o                              e.g.:
\o                              setenv CUSTOM_SCRIPT_PATH /path/to/my/script/LoadMyScripts.csh
\o           CUSTOM_SKILL_PATH - should point to your master skill load file
\o                              e.g.:
\o                              setenv CUSTOM_SKILL_PATH /path/to/my/skill/LoadMySkills.il
\o  loading default key binding 
\o  -> END LOAD ".cdsinit" FILE
\o Loading monte.cxt 
\o 
\o 
\o 
\o 
\o 
\o *Info*    Run start for Point ID (14 121) on testbench [ Montecarlo ].
\o 
\o Resetting statistical vars
\o 
\o *Info*    Setting parameter values ...
\o 
\o Setting var VDD3 = "0"
\o Setting var VDD_PULSE = "3.3"
\o Setting var temperature = "27"
\o Setting temp(T) = 27
\o 
\o *Info*    Netlist Directory =
\o           /home/saul/projects/ASKA/Sim/CONSTANT_GM/constant_gm_tb/adexl/results/data/MonteCarlo.0/121/Montecarlo/groupRunDataDir/netlist
\o 
\o 
\o *Info*    Data Directory    =
\o           /home/saul/projects/ASKA/Sim/CONSTANT_GM/constant_gm_tb/adexl/results/data/MonteCarlo.0/121/Montecarlo/groupRunDataDir
\o 
\o 
\o *Info*    Creating Netlist for Point ID (14 121)
\o 
\o generate netlist...
\o Loading hnlInit.cxt 
\o Loading seCore.cxt 
\o function ansCdlCompPrim redefined
\o function ansCdlCompPrim redefined
\# [05:41:08.227984] Periodic Lic check successful
\# [05:41:08.227985] Feature usage summary:
\o Begin Incremental Netlisting Apr  4 05:41:08 2024
\o End netlisting Apr  4 05:41:08 2024
\o 
\o 	The netlist is up to date.
\o 	Time taken to compare the design with netlist:   0.0s
\o       ...successful.
\o compose simulator input file...
\o       ...successful.
\o 
\o *Info*    Running simulation on testbench [ Montecarlo ] for Point ID
\o           (14 121).
\o 
\o *Info*    Spectre controlMode is set "batch" due to monte carlo run.
\o 
\o Delete psf data in /home/saul/projects/ASKA/Sim/CONSTANT_GM/constant_gm_tb/adexl/results/data/MonteCarlo.0/121/Montecarlo/groupRunDataDir/psf.
\o generate netlist...
\o function ansCdlCompPrim redefined
\o function ansCdlCompPrim redefined
\o Begin Incremental Netlisting Apr  4 05:41:08 2024
\o End netlisting Apr  4 05:41:08 2024
\o 
\o 	The netlist is up to date.
\o 	Time taken to compare the design with netlist:   0.0s
\o       ...successful.
\o compose simulator input file...
\o       ...successful.
\o start simulator if needed...
\o       ...successful.
\o simulate...
\o To view the simulator output, right-click on the test name, result 
\o name, or any value in the "Results" tab of the Outputs section and 
\o choose "Output Log" menu option.
\# Memory report: using         610 MB, process size 2,399 MB at UTC 2024.04.04 09:41:09.083
\o Loading paraplot.cxt 
\o ERROR (ADE-2709): Evaluation of output 'IDC("/I0/M7/D")' returned 'nil' for point:'121' test:'Montecarlo'
\o 	Expression:'IDC("/I0/M7/D")'.
\o Ensure that the definition of output is correct.
\o 
\o *Info*    Client has finished evaluating ... 
\o 
\o 
\o *Info*    Run complete for Point ID (14 121) on testbench [
\o           Montecarlo ].
\o 
\o 
\o 
\o 
\o 
\o ERROR (ADE-2709): Evaluation of output 'IDC("/I0/M7/D")' returned 'nil' for point:'122' test:'Montecarlo'
\o 	Expression:'IDC("/I0/M7/D")'.
\o Ensure that the definition of output is correct.
\o 
\o *Info*    Client has finished evaluating ... 
\o 
\o 
\o *Info*    Run complete for Point ID (14 122) on testbench [
\o           Montecarlo ].
\o 
\o 
\o 
\o 
\o 
\o ERROR (ADE-2709): Evaluation of output 'IDC("/I0/M7/D")' returned 'nil' for point:'123' test:'Montecarlo'
\o 	Expression:'IDC("/I0/M7/D")'.
\o Ensure that the definition of output is correct.
\o 
\o *Info*    Client has finished evaluating ... 
\o 
\o 
\o *Info*    Run complete for Point ID (14 123) on testbench [
\o           Montecarlo ].
\o 
\o 
\o 
\o 
\o 
\o ERROR (ADE-2709): Evaluation of output 'IDC("/I0/M7/D")' returned 'nil' for point:'124' test:'Montecarlo'
\o 	Expression:'IDC("/I0/M7/D")'.
\o Ensure that the definition of output is correct.
\o 
\o *Info*    Client has finished evaluating ... 
\o 
\o 
\o *Info*    Run complete for Point ID (14 124) on testbench [
\o           Montecarlo ].
\o 
\o 
\o 
\o 
\o 
\o ERROR (ADE-2709): Evaluation of output 'IDC("/I0/M7/D")' returned 'nil' for point:'125' test:'Montecarlo'
\o 	Expression:'IDC("/I0/M7/D")'.
\o Ensure that the definition of output is correct.
\o 
\o *Info*    Client has finished evaluating ... 
\o 
\o 
\o *Info*    Run complete for Point ID (14 125) on testbench [
\o           Montecarlo ].
\o 
\o 
\o 
\o 
\o 
\# Available memory:         17,213 MB at UTC 2024.04.04 09:41:14.848
\# Memory report: Maximum memory size now 17,904 MB at UTC 2024.04.04 09:41:14.848
\# Thread usage report: 12 active threads, active load 1.40 at UTC 2024.04.04 09:41:14.848
\o ERROR (ADE-2709): Evaluation of output 'IDC("/I0/M7/D")' returned 'nil' for point:'126' test:'Montecarlo'
\o 	Expression:'IDC("/I0/M7/D")'.
\o Ensure that the definition of output is correct.
\o 
\o *Info*    Client has finished evaluating ... 
\o 
\o 
\o *Info*    Run complete for Point ID (14 126) on testbench [
\o           Montecarlo ].
\o 
\o 
\o 
\o 
\o 
\o ERROR (ADE-2709): Evaluation of output 'IDC("/I0/M7/D")' returned 'nil' for point:'127' test:'Montecarlo'
\o 	Expression:'IDC("/I0/M7/D")'.
\o Ensure that the definition of output is correct.
\o 
\# Memory report: using         721 MB, process size 2,510 MB at UTC 2024.04.04 09:41:16.143
\o *Info*    Client has finished evaluating ... 
\o 
\o 
\o *Info*    Run complete for Point ID (14 127) on testbench [
\o           Montecarlo ].
\o 
\o 
\o 
\o 
\o 
\o ERROR (ADE-2709): Evaluation of output 'IDC("/I0/M7/D")' returned 'nil' for point:'128' test:'Montecarlo'
\o 	Expression:'IDC("/I0/M7/D")'.
\o Ensure that the definition of output is correct.
\o 
\o *Info*    Client has finished evaluating ... 
\o 
\o 
\o *Info*    Run complete for Point ID (14 128) on testbench [
\o           Montecarlo ].
\o 
\o 
\o 
\o 
\o 
\o ERROR (ADE-2709): Evaluation of output 'IDC("/I0/M7/D")' returned 'nil' for point:'129' test:'Montecarlo'
\o 	Expression:'IDC("/I0/M7/D")'.
\o Ensure that the definition of output is correct.
\o 
\o *Info*    Client has finished evaluating ... 
\o 
\o 
\o *Info*    Run complete for Point ID (14 129) on testbench [
\o           Montecarlo ].
\o 
\o 
\o 
\o 
\o 
\o ERROR (ADE-2709): Evaluation of output 'IDC("/I0/M7/D")' returned 'nil' for point:'130' test:'Montecarlo'
\o 	Expression:'IDC("/I0/M7/D")'.
\o Ensure that the definition of output is correct.
\o 
\o *Info*    Client has finished evaluating ... 
\o 
\o 
\o *Info*    Run complete for Point ID (14 130) on testbench [
\o           Montecarlo ].
\o 
\o 
\o 
\o 
\o 
\o ERROR (ADE-2709): Evaluation of output 'IDC("/I0/M7/D")' returned 'nil' for point:'131' test:'Montecarlo'
\o 	Expression:'IDC("/I0/M7/D")'.
\o Ensure that the definition of output is correct.
\o 
\o *Info*    Client has finished evaluating ... 
\o 
\o 
\o *Info*    Run complete for Point ID (14 131) on testbench [
\o           Montecarlo ].
\o 
\o 
\o 
\o 
\o 
\o ERROR (ADE-2709): Evaluation of output 'IDC("/I0/M7/D")' returned 'nil' for point:'132' test:'Montecarlo'
\o 	Expression:'IDC("/I0/M7/D")'.
\o Ensure that the definition of output is correct.
\o 
\o *Info*    Client has finished evaluating ... 
\o 
\o 
\o *Info*    Run complete for Point ID (14 132) on testbench [
\o           Montecarlo ].
\o 
\o 
\o 
\o 
\o 
\o ERROR (ADE-2709): Evaluation of output 'IDC("/I0/M7/D")' returned 'nil' for point:'133' test:'Montecarlo'
\o 	Expression:'IDC("/I0/M7/D")'.
\o Ensure that the definition of output is correct.
\o 
\o *Info*    Client has finished evaluating ... 
\o 
\o 
\o *Info*    Run complete for Point ID (14 133) on testbench [
\o           Montecarlo ].
\o 
\o 
\o 
\o 
\o 
\o ERROR (ADE-2709): Evaluation of output 'IDC("/I0/M7/D")' returned 'nil' for point:'134' test:'Montecarlo'
\o 	Expression:'IDC("/I0/M7/D")'.
\o Ensure that the definition of output is correct.
\o 
\o *Info*    Client has finished evaluating ... 
\o 
\o 
\o *Info*    Run complete for Point ID (14 134) on testbench [
\o           Montecarlo ].
\o 
\o 
\o 
\o 
\o 
\o ERROR (ADE-2709): Evaluation of output 'IDC("/I0/M7/D")' returned 'nil' for point:'135' test:'Montecarlo'
\o 	Expression:'IDC("/I0/M7/D")'.
\o Ensure that the definition of output is correct.
\o 
\# Memory report: using         836 MB, process size 2,625 MB at UTC 2024.04.04 09:41:22.286
\o *Info*    Client has finished evaluating ... 
\o 
\o 
\o *Info*    Run complete for Point ID (14 135) on testbench [
\o           Montecarlo ].
\o 
\o 
\o 
\o 
\o 
\o ERROR (ADE-2709): Evaluation of output 'IDC("/I0/M7/D")' returned 'nil' for point:'136' test:'Montecarlo'
\o 	Expression:'IDC("/I0/M7/D")'.
\o Ensure that the definition of output is correct.
\o 
\o *Info*    Client has finished evaluating ... 
\o 
\o 
\o *Info*    Run complete for Point ID (14 136) on testbench [
\o           Montecarlo ].
\o 
\o 
\o 
\o 
\o 
\o ERROR (ADE-2709): Evaluation of output 'IDC("/I0/M7/D")' returned 'nil' for point:'137' test:'Montecarlo'
\o 	Expression:'IDC("/I0/M7/D")'.
\o Ensure that the definition of output is correct.
\o 
\o *Info*    Client has finished evaluating ... 
\o 
\o 
\o *Info*    Run complete for Point ID (14 137) on testbench [
\o           Montecarlo ].
\o 
\o 
\o 
\o 
\o 
\# Memory report: Maximum memory size now 17,164 MB at UTC 2024.04.04 09:41:24.446
\o INFO (ADE-3071): Simulation completed successfully.
\o reading simulation data...
\o       ...successful.
\o ERROR (ADE-2709): Evaluation of output 'IDC("/I0/M7/D")' returned 'nil' for point:'138' test:'Montecarlo'
\o 	Expression:'IDC("/I0/M7/D")'.
\o Ensure that the definition of output is correct.
\o 
\o *Info*    Client has finished evaluating ... 
\o 
\o 
\o *Info*    Run complete for Point ID (14 138) on testbench [
\o           Montecarlo ].
\o 
\o 
\o 
\o 
\o 
\o ERROR (ADE-2709): Evaluation of output 'IDC("/I0/M7/D")' returned 'nil' for point:'139' test:'Montecarlo'
\o 	Expression:'IDC("/I0/M7/D")'.
\o Ensure that the definition of output is correct.
\o 
\o *Info*    Client has finished evaluating ... 
\o 
\o 
\o *Info*    Run complete for Point ID (14 139) on testbench [
\o           Montecarlo ].
\o 
\o 
\o 
\o 
\o 
\o ERROR (ADE-2709): Evaluation of output 'IDC("/I0/M7/D")' returned 'nil' for point:'140' test:'Montecarlo'
\o 	Expression:'IDC("/I0/M7/D")'.
\o Ensure that the definition of output is correct.
\o 
\o *Info*    Client has finished evaluating ... 
\o 
\o 
\o *Info*    Run complete for Point ID (14 140) on testbench [
\o           Montecarlo ].
\o 
\o 
\o 
\o 
\o 
\o ERROR (ADE-2709): Evaluation of output 'IDC("/I0/M7/D")' returned 'nil' for point:'141' test:'Montecarlo'
\o 	Expression:'IDC("/I0/M7/D")'.
\o Ensure that the definition of output is correct.
\o 
\o *Info*    Client has finished evaluating ... 
\o 
\o 
\o *Info*    Run complete for Point ID (14 141) on testbench [
\o           Montecarlo ].
\o 
\o 
\o 
\o 
\o 
\o ERROR (ADE-2709): Evaluation of output 'IDC("/I0/M7/D")' returned 'nil' for point:'142' test:'Montecarlo'
\o 	Expression:'IDC("/I0/M7/D")'.
\o Ensure that the definition of output is correct.
\o 
\o *Info*    Client has finished evaluating ... 
\o 
\o 
\o *Info*    Run complete for Point ID (14 142) on testbench [
\o           Montecarlo ].
\o 
\o 
\o 
\o 
\o 
\o ERROR (ADE-2709): Evaluation of output 'IDC("/I0/M7/D")' returned 'nil' for point:'143' test:'Montecarlo'
\o 	Expression:'IDC("/I0/M7/D")'.
\o Ensure that the definition of output is correct.
\o 
\# Memory report: using         951 MB, process size 2,740 MB at UTC 2024.04.04 09:41:28.128
\o *Info*    Client has finished evaluating ... 
\o 
\o 
\o *Info*    Run complete for Point ID (14 143) on testbench [
\o           Montecarlo ].
\o 
\o 
\o 
\o 
\o 
\o ERROR (ADE-2709): Evaluation of output 'IDC("/I0/M7/D")' returned 'nil' for point:'144' test:'Montecarlo'
\o 	Expression:'IDC("/I0/M7/D")'.
\o Ensure that the definition of output is correct.
\o 
\o *Info*    Client has finished evaluating ... 
\o 
\o 
\o *Info*    Run complete for Point ID (14 144) on testbench [
\o           Montecarlo ].
\o 
\o 
\o 
\o 
\o 
\o ERROR (ADE-2709): Evaluation of output 'IDC("/I0/M7/D")' returned 'nil' for point:'145' test:'Montecarlo'
\o 	Expression:'IDC("/I0/M7/D")'.
\o Ensure that the definition of output is correct.
\o 
\o *Info*    Client has finished evaluating ... 
\o 
\o 
\o *Info*    Run complete for Point ID (14 145) on testbench [
\o           Montecarlo ].
\o 
\o 
\o 
\o 
\o 
\o ERROR (ADE-2709): Evaluation of output 'IDC("/I0/M7/D")' returned 'nil' for point:'146' test:'Montecarlo'
\o 	Expression:'IDC("/I0/M7/D")'.
\o Ensure that the definition of output is correct.
\o 
\o *Info*    Client has finished evaluating ... 
\o 
\o 
\o *Info*    Run complete for Point ID (14 146) on testbench [
\o           Montecarlo ].
\o 
\o 
\o 
\o 
\o 
\o ERROR (ADE-2709): Evaluation of output 'IDC("/I0/M7/D")' returned 'nil' for point:'147' test:'Montecarlo'
\o 	Expression:'IDC("/I0/M7/D")'.
\o Ensure that the definition of output is correct.
\o 
\o *Info*    Client has finished evaluating ... 
\o 
\o 
\o *Info*    Run complete for Point ID (14 147) on testbench [
\o           Montecarlo ].
\o 
\o 
\o 
\o 
\o 
\o ERROR (ADE-2709): Evaluation of output 'IDC("/I0/M7/D")' returned 'nil' for point:'148' test:'Montecarlo'
\o 	Expression:'IDC("/I0/M7/D")'.
\o Ensure that the definition of output is correct.
\o 
\o *Info*    Client has finished evaluating ... 
\o 
\o 
\o *Info*    Run complete for Point ID (14 148) on testbench [
\o           Montecarlo ].
\o 
\o 
\o 
\o 
\o 
\o ERROR (ADE-2709): Evaluation of output 'IDC("/I0/M7/D")' returned 'nil' for point:'149' test:'Montecarlo'
\o 	Expression:'IDC("/I0/M7/D")'.
\o Ensure that the definition of output is correct.
\o 
\o *Info*    Client has finished evaluating ... 
\o 
\o 
\o *Info*    Run complete for Point ID (14 149) on testbench [
\o           Montecarlo ].
\o 
\o 
\o 
\o 
\o 
\o ERROR (ADE-2709): Evaluation of output 'IDC("/I0/M7/D")' returned 'nil' for point:'150' test:'Montecarlo'
\o 	Expression:'IDC("/I0/M7/D")'.
\o Ensure that the definition of output is correct.
\o 
\o *Info*    Client has finished evaluating ... 
\o 
\o 
\o *Info*    Run complete for Point ID (14 150) on testbench [
\o           Montecarlo ].
\o 
\o 
\o 
\o 
\o 
\o ERROR (ADE-2709): Evaluation of output 'IDC("/I0/M7/D")' returned 'nil' for point:'151' test:'Montecarlo'
\o 	Expression:'IDC("/I0/M7/D")'.
\o Ensure that the definition of output is correct.
\o 
\# Memory report: using       1,061 MB, process size 2,850 MB at UTC 2024.04.04 09:41:33.097
\o *Info*    Client has finished evaluating ... 
\o 
\o 
\o *Info*    Run complete for Point ID (14 151) on testbench [
\o           Montecarlo ].
\o 
\o 
\o 
\o 
\o 
\o ERROR (ADE-2709): Evaluation of output 'IDC("/I0/M7/D")' returned 'nil' for point:'152' test:'Montecarlo'
\o 	Expression:'IDC("/I0/M7/D")'.
\o Ensure that the definition of output is correct.
\o 
\o *Info*    Client has finished evaluating ... 
\o 
\o 
\o *Info*    Run complete for Point ID (14 152) on testbench [
\o           Montecarlo ].
\o 
\o 
\o 
\o 
\o 
\# Available memory:         15,421 MB at UTC 2024.04.04 09:41:34.124
\# Memory report: Maximum memory size now 16,504 MB at UTC 2024.04.04 09:41:34.124
\o ERROR (ADE-2709): Evaluation of output 'IDC("/I0/M7/D")' returned 'nil' for point:'153' test:'Montecarlo'
\o 	Expression:'IDC("/I0/M7/D")'.
\o Ensure that the definition of output is correct.
\o 
\o *Info*    Client has finished evaluating ... 
\o 
\o 
\o *Info*    Run complete for Point ID (14 153) on testbench [
\o           Montecarlo ].
\o 
\o 
\o 
\o 
\o 
\o ERROR (ADE-2709): Evaluation of output 'IDC("/I0/M7/D")' returned 'nil' for point:'154' test:'Montecarlo'
\o 	Expression:'IDC("/I0/M7/D")'.
\o Ensure that the definition of output is correct.
\o 
\o *Info*    Client has finished evaluating ... 
\o 
\o 
\o *Info*    Run complete for Point ID (14 154) on testbench [
\o           Montecarlo ].
\o 
\o 
\o 
\o 
\o 
\o ERROR (ADE-2709): Evaluation of output 'IDC("/I0/M7/D")' returned 'nil' for point:'155' test:'Montecarlo'
\o 	Expression:'IDC("/I0/M7/D")'.
\o Ensure that the definition of output is correct.
\o 
\o *Info*    Client has finished evaluating ... 
\o 
\o 
\o *Info*    Run complete for Point ID (14 155) on testbench [
\o           Montecarlo ].
\o 
\o 
\o 
\o 
\o 
\o ERROR (ADE-2709): Evaluation of output 'IDC("/I0/M7/D")' returned 'nil' for point:'156' test:'Montecarlo'
\o 	Expression:'IDC("/I0/M7/D")'.
\o Ensure that the definition of output is correct.
\o 
\o *Info*    Client has finished evaluating ... 
\o 
\o 
\o *Info*    Run complete for Point ID (14 156) on testbench [
\o           Montecarlo ].
\o 
\o 
\o 
\o 
\o 
\o ERROR (ADE-2709): Evaluation of output 'IDC("/I0/M7/D")' returned 'nil' for point:'157' test:'Montecarlo'
\o 	Expression:'IDC("/I0/M7/D")'.
\o Ensure that the definition of output is correct.
\o 
\o *Info*    Client has finished evaluating ... 
\o 
\o 
\o *Info*    Run complete for Point ID (14 157) on testbench [
\o           Montecarlo ].
\o 
\o 
\o 
\o 
\o 
\o ERROR (ADE-2709): Evaluation of output 'IDC("/I0/M7/D")' returned 'nil' for point:'158' test:'Montecarlo'
\o 	Expression:'IDC("/I0/M7/D")'.
\o Ensure that the definition of output is correct.
\o 
\o *Info*    Client has finished evaluating ... 
\o 
\o 
\o *Info*    Run complete for Point ID (14 158) on testbench [
\o           Montecarlo ].
\o 
\o 
\o 
\o 
\o 
\o ERROR (ADE-2709): Evaluation of output 'IDC("/I0/M7/D")' returned 'nil' for point:'159' test:'Montecarlo'
\o 	Expression:'IDC("/I0/M7/D")'.
\o Ensure that the definition of output is correct.
\o 
\# Memory report: using       1,172 MB, process size 2,961 MB at UTC 2024.04.04 09:41:38.179
\o *Info*    Client has finished evaluating ... 
\o 
\o 
\o *Info*    Run complete for Point ID (14 159) on testbench [
\o           Montecarlo ].
\o 
\o 
\o 
\o 
\o 
\o ERROR (ADE-2709): Evaluation of output 'IDC("/I0/M7/D")' returned 'nil' for point:'160' test:'Montecarlo'
\o 	Expression:'IDC("/I0/M7/D")'.
\o Ensure that the definition of output is correct.
\o 
\o *Info*    Client has finished evaluating ... 
\o 
\o 
\o *Info*    Run complete for Point ID (14 160) on testbench [
\o           Montecarlo ].
\o 
\o 
\o 
\o 
\o 
\o ERROR (ADE-2709): Evaluation of output 'IDC("/I0/M7/D")' returned 'nil' for point:'161' test:'Montecarlo'
\o 	Expression:'IDC("/I0/M7/D")'.
\o Ensure that the definition of output is correct.
\o 
\o *Info*    Client has finished evaluating ... 
\o 
\o 
\o *Info*    Run complete for Point ID (14 161) on testbench [
\o           Montecarlo ].
\o 
\o 
\o 
\o 
\o 
\o ERROR (ADE-2709): Evaluation of output 'IDC("/I0/M7/D")' returned 'nil' for point:'162' test:'Montecarlo'
\o 	Expression:'IDC("/I0/M7/D")'.
\o Ensure that the definition of output is correct.
\o 
\o *Info*    Client has finished evaluating ... 
\o 
\o 
\o *Info*    Run complete for Point ID (14 162) on testbench [
\o           Montecarlo ].
\o 
\o 
\o 
\o 
\o 
\o ERROR (ADE-2709): Evaluation of output 'IDC("/I0/M7/D")' returned 'nil' for point:'163' test:'Montecarlo'
\o 	Expression:'IDC("/I0/M7/D")'.
\o Ensure that the definition of output is correct.
\o 
\o *Info*    Client has finished evaluating ... 
\o 
\o 
\o *Info*    Run complete for Point ID (14 163) on testbench [
\o           Montecarlo ].
\o 
\o 
\o 
\o 
\o 
\o ERROR (ADE-2709): Evaluation of output 'IDC("/I0/M7/D")' returned 'nil' for point:'164' test:'Montecarlo'
\o 	Expression:'IDC("/I0/M7/D")'.
\o Ensure that the definition of output is correct.
\o 
\o *Info*    Client has finished evaluating ... 
\o 
\o 
\o *Info*    Run complete for Point ID (14 164) on testbench [
\o           Montecarlo ].
\o 
\o 
\o 
\o 
\o 
\o ERROR (ADE-2709): Evaluation of output 'IDC("/I0/M7/D")' returned 'nil' for point:'165' test:'Montecarlo'
\o 	Expression:'IDC("/I0/M7/D")'.
\o Ensure that the definition of output is correct.
\o 
\# Memory report: using       1,279 MB, process size 3,068 MB at UTC 2024.04.04 09:41:42.267
\o *Info*    Client has finished evaluating ... 
\o 
\o 
\o *Info*    Run complete for Point ID (14 165) on testbench [
\o           Montecarlo ].
\o 
\o 
\o 
\o 
\o 
\o ERROR (ADE-2709): Evaluation of output 'IDC("/I0/M7/D")' returned 'nil' for point:'166' test:'Montecarlo'
\o 	Expression:'IDC("/I0/M7/D")'.
\o Ensure that the definition of output is correct.
\o 
\o *Info*    Client has finished evaluating ... 
\o 
\o 
\o *Info*    Run complete for Point ID (14 166) on testbench [
\o           Montecarlo ].
\o 
\o 
\o 
\o 
\o 
\o ERROR (ADE-2709): Evaluation of output 'IDC("/I0/M7/D")' returned 'nil' for point:'167' test:'Montecarlo'
\o 	Expression:'IDC("/I0/M7/D")'.
\o Ensure that the definition of output is correct.
\o 
\o *Info*    Client has finished evaluating ... 
\o 
\o 
\o *Info*    Run complete for Point ID (14 167) on testbench [
\o           Montecarlo ].
\o 
\o 
\o 
\o 
\o 
\o ERROR (ADE-2709): Evaluation of output 'IDC("/I0/M7/D")' returned 'nil' for point:'168' test:'Montecarlo'
\o 	Expression:'IDC("/I0/M7/D")'.
\o Ensure that the definition of output is correct.
\o 
\# Memory report: Maximum memory size now 15,548 MB at UTC 2024.04.04 09:41:44.177
\o *Info*    Client has finished evaluating ... 
\o 
\o 
\o *Info*    Run complete for Point ID (14 168) on testbench [
\o           Montecarlo ].
\o 
\o 
\o 
\o 
\o 
\o ERROR (ADE-2709): Evaluation of output 'IDC("/I0/M7/D")' returned 'nil' for point:'169' test:'Montecarlo'
\o 	Expression:'IDC("/I0/M7/D")'.
\o Ensure that the definition of output is correct.
\o 
\o *Info*    Client has finished evaluating ... 
\o 
\o 
\o *Info*    Run complete for Point ID (14 169) on testbench [
\o           Montecarlo ].
\o 
\o 
\o 
\o 
\o 
\o ERROR (ADE-2709): Evaluation of output 'IDC("/I0/M7/D")' returned 'nil' for point:'170' test:'Montecarlo'
\o 	Expression:'IDC("/I0/M7/D")'.
\o Ensure that the definition of output is correct.
\o 
\o *Info*    Client has finished evaluating ... 
\o 
\o 
\o *Info*    Run complete for Point ID (14 170) on testbench [
\o           Montecarlo ].
\o 
\o 
\o 
\o 
\o 
\o ERROR (ADE-2709): Evaluation of output 'IDC("/I0/M7/D")' returned 'nil' for point:'171' test:'Montecarlo'
\o 	Expression:'IDC("/I0/M7/D")'.
\o Ensure that the definition of output is correct.
\o 
\o *Info*    Client has finished evaluating ... 
\o 
\o 
\o *Info*    Run complete for Point ID (14 171) on testbench [
\o           Montecarlo ].
\o 
\o 
\o 
\o 
\o 
\o ERROR (ADE-2709): Evaluation of output 'IDC("/I0/M7/D")' returned 'nil' for point:'172' test:'Montecarlo'
\o 	Expression:'IDC("/I0/M7/D")'.
\o Ensure that the definition of output is correct.
\o 
\o *Info*    Client has finished evaluating ... 
\o 
\o 
\o *Info*    Run complete for Point ID (14 172) on testbench [
\o           Montecarlo ].
\o 
\o 
\o 
\o 
\o 
\o ERROR (ADE-2709): Evaluation of output 'IDC("/I0/M7/D")' returned 'nil' for point:'173' test:'Montecarlo'
\o 	Expression:'IDC("/I0/M7/D")'.
\o Ensure that the definition of output is correct.
\o 
\# Memory report: using       1,389 MB, process size 3,178 MB at UTC 2024.04.04 09:41:47.275
\o *Info*    Client has finished evaluating ... 
\o 
\o 
\o *Info*    Run complete for Point ID (14 173) on testbench [
\o           Montecarlo ].
\o 
\o 
\o 
\o 
\o 
\o ERROR (ADE-2709): Evaluation of output 'IDC("/I0/M7/D")' returned 'nil' for point:'174' test:'Montecarlo'
\o 	Expression:'IDC("/I0/M7/D")'.
\o Ensure that the definition of output is correct.
\o 
\o *Info*    Client has finished evaluating ... 
\o 
\o 
\o *Info*    Run complete for Point ID (14 174) on testbench [
\o           Montecarlo ].
\o 
\o 
\o 
\o 
\o 
\o ERROR (ADE-2709): Evaluation of output 'IDC("/I0/M7/D")' returned 'nil' for point:'175' test:'Montecarlo'
\o 	Expression:'IDC("/I0/M7/D")'.
\o Ensure that the definition of output is correct.
\o 
\o *Info*    Client has finished evaluating ... 
\o 
\o 
\o *Info*    Run complete for Point ID (14 175) on testbench [
\o           Montecarlo ].
\o 
\o 
\o 
\o 
\o 
\o ERROR (ADE-2709): Evaluation of output 'IDC("/I0/M7/D")' returned 'nil' for point:'176' test:'Montecarlo'
\o 	Expression:'IDC("/I0/M7/D")'.
\o Ensure that the definition of output is correct.
\o 
\o *Info*    Client has finished evaluating ... 
\o 
\o 
\o *Info*    Run complete for Point ID (14 176) on testbench [
\o           Montecarlo ].
\o 
\o 
\o 
\o 
\o 
\o ERROR (ADE-2709): Evaluation of output 'IDC("/I0/M7/D")' returned 'nil' for point:'177' test:'Montecarlo'
\o 	Expression:'IDC("/I0/M7/D")'.
\o Ensure that the definition of output is correct.
\o 
\o *Info*    Client has finished evaluating ... 
\o 
\o 
\o *Info*    Run complete for Point ID (14 177) on testbench [
\o           Montecarlo ].
\o 
\o 
\o 
\o 
\o 
\o ERROR (ADE-2709): Evaluation of output 'IDC("/I0/M7/D")' returned 'nil' for point:'178' test:'Montecarlo'
\o 	Expression:'IDC("/I0/M7/D")'.
\o Ensure that the definition of output is correct.
\o 
\o *Info*    Client has finished evaluating ... 
\o 
\o 
\o *Info*    Run complete for Point ID (14 178) on testbench [
\o           Montecarlo ].
\o 
\o 
\o 
\o 
\o 
\o ERROR (ADE-2709): Evaluation of output 'IDC("/I0/M7/D")' returned 'nil' for point:'179' test:'Montecarlo'
\o 	Expression:'IDC("/I0/M7/D")'.
\o Ensure that the definition of output is correct.
\o 
\o *Info*    Client has finished evaluating ... 
\o 
\o 
\o *Info*    Run complete for Point ID (14 179) on testbench [
\o           Montecarlo ].
\o 
\o 
\o 
\o 
\o 
\o ERROR (ADE-2709): Evaluation of output 'IDC("/I0/M7/D")' returned 'nil' for point:'180' test:'Montecarlo'
\o 	Expression:'IDC("/I0/M7/D")'.
\o Ensure that the definition of output is correct.
\o 
\o *Info*    Client has finished evaluating ... 
\o 
\o 
\o *Info*    Run complete for Point ID (14 180) on testbench [
\o           Montecarlo ].
\o 
\o 
\o 
\o 
\o 
\o *Info*    Monte Carlo Simulation completed successfully...
\# Available memory:         13,505 MB at UTC 2024.04.04 09:41:53.848
\# Memory report: Maximum memory size now 14,991 MB at UTC 2024.04.04 09:41:53.848
\o Simulation design variables differ from those on the cellView,
\o they have been saved in the file "/tmp/saved-design-variables".
\o To save future changes, copy variables to cellView before exiting.
\# Memory report: Maximum memory size now 16,185 MB at UTC 2024.04.04 09:46:53.879
\o 
\o *Info*    Received signal SIGTERM.
\o 
\o 
