Starting Single Run, Sweeps and Corners...

Current time: Mon Apr 29 06:31:24 2024 
Best design point: 1
Design specs: 
	Montecarlo_Sim	corner	Nominal - 
	DC_GAIN		Error	No
	I/V /V3; xf dB20(I/V)		Error	No
	I/V /V0; xf dB20(I/V)		Error	No
	PSRR		Error	No
Design parameters: 
	VDD		3.3
	VDD_AC		0
	VDDH		40
	VIN_AC		1
	VIN_DC		0
	VIN_STEP		300m
	VDD_STEP		0
	VDDH_STEP		0
	IBIAS		1u
	IBIAS_PULSE		0
	ENABLE		3.3
	ENABLE_STEP		-3.3
	VSWITCH_STEP		18
	VSWITCH		0

Interactive.225
Number of points completed: 1
Number of simulation errors: 0
Interactive.225 completed. 
Current time: Mon Apr 29 06:31:26 2024 
