Starting Single Run, Sweeps and Corners...

Current time: Fri Mar  1 03:26:55 2024 
Best design point: 1
Design specs: 
	CURRENT_SOURCE:current_source_gm_tb:1	corner	Nominal - 
	I/V /V3; xf dB20(I/V)		Error	No
	I/V /V0; xf dB20(I/V)		Error	No
	PSRR		Error	No
Design parameters: 
	VDD		3.3
	VDD_AC		0
	VDDH		40
	VIN_AC		1
	VIN_DC		1
	VIN_STEP		100m
	VDD_STEP		0
	VDDH_STEP		0

Interactive.2
Number of points completed: 1
Number of simulation errors: 0
Interactive.2 completed. 
Current time: Fri Mar  1 03:26:57 2024 
