Starting Single Run, Sweeps and Corners...

Current time: Thu Apr 11 04:55:04 2024 
Best design point: 1
Design specs: 
	Corner_Sim	corner	PROCESS_TEMP_0 - 
	DC_GAIN		Error	No
	I/V /V3; xf dB20(I/V)		Error	No
	I/V /V0; xf dB20(I/V)		Error	No
	PSRR		Error	No
	Corner_Sim	corner	PROCESS_TEMP_1 - 
	DC_GAIN		Error	No
	I/V /V3; xf dB20(I/V)		Error	No
	I/V /V0; xf dB20(I/V)		Error	No
	PSRR		Error	No
	Corner_Sim	corner	PROCESS_TEMP_2 - 
	DC_GAIN		Error	No
	I/V /V3; xf dB20(I/V)		Error	No
	I/V /V0; xf dB20(I/V)		Error	No
	PSRR		Error	No
	Corner_Sim	corner	PROCESS_TEMP_3 - 
	DC_GAIN		Error	No
	I/V /V3; xf dB20(I/V)		Error	No
	I/V /V0; xf dB20(I/V)		Error	No
	PSRR		Error	No
	Corner_Sim	corner	PROCESS_TEMP_4 - 
	DC_GAIN		Error	No
	I/V /V3; xf dB20(I/V)		Error	No
	I/V /V0; xf dB20(I/V)		Error	No
	PSRR		Error	No
	Corner_Sim	corner	PROCESS_TEMP_5 - 
	DC_GAIN		Error	No
	I/V /V3; xf dB20(I/V)		Error	No
	I/V /V0; xf dB20(I/V)		Error	No
	PSRR		Error	No
	Corner_Sim	corner	PROCESS_TEMP_6 - 
	DC_GAIN		Error	No
	I/V /V3; xf dB20(I/V)		Error	No
	I/V /V0; xf dB20(I/V)		Error	No
	PSRR		Error	No
	Corner_Sim	corner	PROCESS_TEMP_7 - 
	DC_GAIN		Error	No
	I/V /V3; xf dB20(I/V)		Error	No
	I/V /V0; xf dB20(I/V)		Error	No
	PSRR		Error	No
	Corner_Sim	corner	PROCESS_TEMP_8 - 
	DC_GAIN		Error	No
	I/V /V3; xf dB20(I/V)		Error	No
	I/V /V0; xf dB20(I/V)		Error	No
	PSRR		Error	No
	Corner_Sim	corner	PROCESS_TEMP_9 - 
	DC_GAIN		Error	No
	I/V /V3; xf dB20(I/V)		Error	No
	I/V /V0; xf dB20(I/V)		Error	No
	PSRR		Error	No
	Corner_Sim	corner	PROCESS_TEMP_10 - 
	DC_GAIN		Error	No
	I/V /V3; xf dB20(I/V)		Error	No
	I/V /V0; xf dB20(I/V)		Error	No
	PSRR		Error	No
	Corner_Sim	corner	PROCESS_TEMP_11 - 
	DC_GAIN		Error	No
	I/V /V3; xf dB20(I/V)		Error	No
	I/V /V0; xf dB20(I/V)		Error	No
	PSRR		Error	No
	Corner_Sim	corner	PROCESS_TEMP_12 - 
	DC_GAIN		Error	No
	I/V /V3; xf dB20(I/V)		Error	No
	I/V /V0; xf dB20(I/V)		Error	No
	PSRR		Error	No
	Corner_Sim	corner	PROCESS_TEMP_13 - 
	DC_GAIN		Error	No
	I/V /V3; xf dB20(I/V)		Error	No
	I/V /V0; xf dB20(I/V)		Error	No
	PSRR		Error	No
	Corner_Sim	corner	PROCESS_TEMP_14 - 
	DC_GAIN		Error	No
	I/V /V3; xf dB20(I/V)		Error	No
	I/V /V0; xf dB20(I/V)		Error	No
	PSRR		Error	No
	Corner_Sim	corner	PROCESS_TEMP_15 - 
	DC_GAIN		Error	No
	I/V /V3; xf dB20(I/V)		Error	No
	I/V /V0; xf dB20(I/V)		Error	No
	PSRR		Error	No
	Corner_Sim	corner	PROCESS_TEMP_16 - 
	DC_GAIN		Error	No
	I/V /V3; xf dB20(I/V)		Error	No
	I/V /V0; xf dB20(I/V)		Error	No
	PSRR		Error	No
	Corner_Sim	corner	PROCESS_TEMP_17 - 
	DC_GAIN		Error	No
	I/V /V3; xf dB20(I/V)		Error	No
	I/V /V0; xf dB20(I/V)		Error	No
	PSRR		Error	No
	Corner_Sim	corner	PROCESS_TEMP_18 - 
	DC_GAIN		Error	No
	I/V /V3; xf dB20(I/V)		Error	No
	I/V /V0; xf dB20(I/V)		Error	No
	PSRR		Error	No
	Corner_Sim	corner	PROCESS_TEMP_19 - 
	DC_GAIN		Error	No
	I/V /V3; xf dB20(I/V)		Error	No
	I/V /V0; xf dB20(I/V)		Error	No
	PSRR		Error	No
	Corner_Sim	corner	PROCESS_TEMP_20 - 
	DC_GAIN		Error	No
	I/V /V3; xf dB20(I/V)		Error	No
	I/V /V0; xf dB20(I/V)		Error	No
	PSRR		Error	No
	Corner_Sim	corner	PROCESS_TEMP_21 - 
	DC_GAIN		Error	No
	I/V /V3; xf dB20(I/V)		Error	No
	I/V /V0; xf dB20(I/V)		Error	No
	PSRR		Error	No
	Corner_Sim	corner	PROCESS_TEMP_22 - 
	DC_GAIN		Error	No
	I/V /V3; xf dB20(I/V)		Error	No
	I/V /V0; xf dB20(I/V)		Error	No
	PSRR		Error	No
	Corner_Sim	corner	PROCESS_TEMP_23 - 
	DC_GAIN		Error	No
	I/V /V3; xf dB20(I/V)		Error	No
	I/V /V0; xf dB20(I/V)		Error	No
	PSRR		Error	No
	Corner_Sim	corner	PROCESS_TEMP_24 - 
	DC_GAIN		Error	No
	I/V /V3; xf dB20(I/V)		Error	No
	I/V /V0; xf dB20(I/V)		Error	No
	PSRR		Error	No
	Corner_Sim	corner	PROCESS_TEMP_25 - 
	DC_GAIN		Error	No
	I/V /V3; xf dB20(I/V)		Error	No
	I/V /V0; xf dB20(I/V)		Error	No
	PSRR		Error	No
	Corner_Sim	corner	PROCESS_TEMP_26 - 
	DC_GAIN		Error	No
	I/V /V3; xf dB20(I/V)		Error	No
	I/V /V0; xf dB20(I/V)		Error	No
	PSRR		Error	No
	Corner_Sim	corner	PROCESS_TEMP_27 - 
	DC_GAIN		Error	No
	I/V /V3; xf dB20(I/V)		Error	No
	I/V /V0; xf dB20(I/V)		Error	No
	PSRR		Error	No
	Corner_Sim	corner	PROCESS_TEMP_28 - 
	DC_GAIN		Error	No
	I/V /V3; xf dB20(I/V)		Error	No
	I/V /V0; xf dB20(I/V)		Error	No
	PSRR		Error	No
	Corner_Sim	corner	PROCESS_TEMP_29 - 
	DC_GAIN		Error	No
	I/V /V3; xf dB20(I/V)		Error	No
	I/V /V0; xf dB20(I/V)		Error	No
	PSRR		Error	No
	Corner_Sim	corner	PROCESS_TEMP_30 - 
	DC_GAIN		Error	No
	I/V /V3; xf dB20(I/V)		Error	No
	I/V /V0; xf dB20(I/V)		Error	No
	PSRR		Error	No
	Corner_Sim	corner	PROCESS_TEMP_31 - 
	DC_GAIN		Error	No
	I/V /V3; xf dB20(I/V)		Error	No
	I/V /V0; xf dB20(I/V)		Error	No
	PSRR		Error	No
	Corner_Sim	corner	Nominal - 
	DC_GAIN		Error	No
	I/V /V3; xf dB20(I/V)		Error	No
	I/V /V0; xf dB20(I/V)		Error	No
	PSRR		Error	No
Design parameters: 
	VDD		0
	VDD_AC		0
	VDDH		0
	VIN_AC		1
	VIN_DC		0
	VIN_STEP		0
	VDD_STEP		3.3
	VDDH_STEP		40
	IBIAS		1u
	IBIAS_PULSE		0
	VSWITCH		0

Interactive.94
Number of points completed: 1
Number of simulation errors: 0
Interactive.94 completed. 
Current time: Thu Apr 11 04:55:24 2024 
