Starting Single Run, Sweeps and Corners...

Current time: Thu Apr 11 03:37:26 2024 
Best design point: 1
Design specs: 
	Corner_Sim	corner	PROCESS_OCC_0 - 
	DC_GAIN		Error	No
	I/V /V3; xf dB20(I/V)		Error	No
	I/V /V0; xf dB20(I/V)		Error	No
	PSRR		Error	No
	Corner_Sim	corner	PROCESS_OCC_1 - 
	DC_GAIN		Error	No
	I/V /V3; xf dB20(I/V)		Error	No
	I/V /V0; xf dB20(I/V)		Error	No
	PSRR		Error	No
	Corner_Sim	corner	PROCESS_OCC_2 - 
	DC_GAIN		Error	No
	I/V /V3; xf dB20(I/V)		Error	No
	I/V /V0; xf dB20(I/V)		Error	No
	PSRR		Error	No
	Corner_Sim	corner	PROCESS_OCC_3 - 
	DC_GAIN		Error	No
	I/V /V3; xf dB20(I/V)		Error	No
	I/V /V0; xf dB20(I/V)		Error	No
	PSRR		Error	No
	Corner_Sim	corner	PROCESS_OCC_4 - 
	DC_GAIN		Error	No
	I/V /V3; xf dB20(I/V)		Error	No
	I/V /V0; xf dB20(I/V)		Error	No
	PSRR		Error	No
	Corner_Sim	corner	PROCESS_OCC_5 - 
	DC_GAIN		Error	No
	I/V /V3; xf dB20(I/V)		Error	No
	I/V /V0; xf dB20(I/V)		Error	No
	PSRR		Error	No
	Corner_Sim	corner	PROCESS_OCC_6 - 
	DC_GAIN		Error	No
	I/V /V3; xf dB20(I/V)		Error	No
	I/V /V0; xf dB20(I/V)		Error	No
	PSRR		Error	No
	Corner_Sim	corner	PROCESS_OCC_7 - 
	DC_GAIN		Error	No
	I/V /V3; xf dB20(I/V)		Error	No
	I/V /V0; xf dB20(I/V)		Error	No
	PSRR		Error	No
	Corner_Sim	corner	PROCESS_OCC_8 - 
	DC_GAIN		Error	No
	I/V /V3; xf dB20(I/V)		Error	No
	I/V /V0; xf dB20(I/V)		Error	No
	PSRR		Error	No
	Corner_Sim	corner	PROCESS_OCC_9 - 
	DC_GAIN		Error	No
	I/V /V3; xf dB20(I/V)		Error	No
	I/V /V0; xf dB20(I/V)		Error	No
	PSRR		Error	No
	Corner_Sim	corner	PROCESS_OCC_10 - 
	DC_GAIN		Error	No
	I/V /V3; xf dB20(I/V)		Error	No
	I/V /V0; xf dB20(I/V)		Error	No
	PSRR		Error	No
	Corner_Sim	corner	PROCESS_OCC_11 - 
	DC_GAIN		Error	No
	I/V /V3; xf dB20(I/V)		Error	No
	I/V /V0; xf dB20(I/V)		Error	No
	PSRR		Error	No
	Corner_Sim	corner	PROCESS_OCC_12 - 
	DC_GAIN		Error	No
	I/V /V3; xf dB20(I/V)		Error	No
	I/V /V0; xf dB20(I/V)		Error	No
	PSRR		Error	No
	Corner_Sim	corner	PROCESS_OCC_13 - 
	DC_GAIN		Error	No
	I/V /V3; xf dB20(I/V)		Error	No
	I/V /V0; xf dB20(I/V)		Error	No
	PSRR		Error	No
	Corner_Sim	corner	PROCESS_OCC_14 - 
	DC_GAIN		Error	No
	I/V /V3; xf dB20(I/V)		Error	No
	I/V /V0; xf dB20(I/V)		Error	No
	PSRR		Error	No
	Corner_Sim	corner	PROCESS_OCC_15 - 
	DC_GAIN		Error	No
	I/V /V3; xf dB20(I/V)		Error	No
	I/V /V0; xf dB20(I/V)		Error	No
	PSRR		Error	No
	Corner_Sim	corner	PROCESS_OCC_16 - 
	DC_GAIN		Error	No
	I/V /V3; xf dB20(I/V)		Error	No
	I/V /V0; xf dB20(I/V)		Error	No
	PSRR		Error	No
	Corner_Sim	corner	PROCESS_OCC_17 - 
	DC_GAIN		Error	No
	I/V /V3; xf dB20(I/V)		Error	No
	I/V /V0; xf dB20(I/V)		Error	No
	PSRR		Error	No
	Corner_Sim	corner	PROCESS_OCC_18 - 
	DC_GAIN		Error	No
	I/V /V3; xf dB20(I/V)		Error	No
	I/V /V0; xf dB20(I/V)		Error	No
	PSRR		Error	No
	Corner_Sim	corner	PROCESS_OCC_19 - 
	DC_GAIN		Error	No
	I/V /V3; xf dB20(I/V)		Error	No
	I/V /V0; xf dB20(I/V)		Error	No
	PSRR		Error	No
	Corner_Sim	corner	PROCESS_OCC_20 - 
	DC_GAIN		Error	No
	I/V /V3; xf dB20(I/V)		Error	No
	I/V /V0; xf dB20(I/V)		Error	No
	PSRR		Error	No
	Corner_Sim	corner	PROCESS_OCC_21 - 
	DC_GAIN		Error	No
	I/V /V3; xf dB20(I/V)		Error	No
	I/V /V0; xf dB20(I/V)		Error	No
	PSRR		Error	No
	Corner_Sim	corner	PROCESS_OCC_22 - 
	DC_GAIN		Error	No
	I/V /V3; xf dB20(I/V)		Error	No
	I/V /V0; xf dB20(I/V)		Error	No
	PSRR		Error	No
	Corner_Sim	corner	PROCESS_OCC_23 - 
	DC_GAIN		Error	No
	I/V /V3; xf dB20(I/V)		Error	No
	I/V /V0; xf dB20(I/V)		Error	No
	PSRR		Error	No
	Corner_Sim	corner	PROCESS_OCC_24 - 
	DC_GAIN		Error	No
	I/V /V3; xf dB20(I/V)		Error	No
	I/V /V0; xf dB20(I/V)		Error	No
	PSRR		Error	No
	Corner_Sim	corner	PROCESS_OCC_25 - 
	DC_GAIN		Error	No
	I/V /V3; xf dB20(I/V)		Error	No
	I/V /V0; xf dB20(I/V)		Error	No
	PSRR		Error	No
	Corner_Sim	corner	PROCESS_OCC_26 - 
	DC_GAIN		Error	No
	I/V /V3; xf dB20(I/V)		Error	No
	I/V /V0; xf dB20(I/V)		Error	No
	PSRR		Error	No
	Corner_Sim	corner	PROCESS_OCC_27 - 
	DC_GAIN		Error	No
	I/V /V3; xf dB20(I/V)		Error	No
	I/V /V0; xf dB20(I/V)		Error	No
	PSRR		Error	No
	Corner_Sim	corner	PROCESS_OCC_28 - 
	DC_GAIN		Error	No
	I/V /V3; xf dB20(I/V)		Error	No
	I/V /V0; xf dB20(I/V)		Error	No
	PSRR		Error	No
	Corner_Sim	corner	PROCESS_OCC_29 - 
	DC_GAIN		Error	No
	I/V /V3; xf dB20(I/V)		Error	No
	I/V /V0; xf dB20(I/V)		Error	No
	PSRR		Error	No
	Corner_Sim	corner	PROCESS_OCC_30 - 
	DC_GAIN		Error	No
	I/V /V3; xf dB20(I/V)		Error	No
	I/V /V0; xf dB20(I/V)		Error	No
	PSRR		Error	No
	Corner_Sim	corner	PROCESS_OCC_31 - 
	DC_GAIN		Error	No
	I/V /V3; xf dB20(I/V)		Error	No
	I/V /V0; xf dB20(I/V)		Error	No
	PSRR		Error	No
Design parameters: 
	VDD		0
	VDD_AC		0
	VDDH		0
	VIN_AC		1
	VIN_DC		0
	VIN_STEP		0
	VDD_STEP		3.3
	VDDH_STEP		40
	IBIAS		1u
	IBIAS_PULSE		0
	VSWITCH		0

Interactive.93
Number of points completed: 1
Number of simulation errors: 0
Interactive.93 completed. 
Current time: Thu Apr 11 03:38:29 2024 
