Starting Single Run, Sweeps and Corners...

Current time: Thu Jun 13 04:25:22 2024 
Best design point: 1
Design specs: 
	Corner_Sim	corner	Nominal - 
Design parameters: 
	VDD		3.3
	VDD_AC		0
	VDDH		40
	VIN_AC		1
	VIN_DC		0
	VIN_STEP		33m
	VDD_STEP		0
	VDDH_STEP		0
	IBIAS		1u
	IBIAS_PULSE		0
	ENABLE		0
	ENABLE_STEP		0
	VSWITCH_STEP		18
	VSWITCH		0
	VIN_STEP2		0
	PACTIVE		0
	PACTIVE_STEP		0

Interactive.232
Number of points completed: 1
Number of simulation errors: 0
Interactive.232 completed. 
Current time: Thu Jun 13 04:25:25 2024 
