Starting Single Run, Sweeps and Corners...

Current time: Thu Apr 11 00:56:51 2024 
Best design point: 1
Design specs: 
	Corner_Sim	corner	PROCESS_TEMP_0 - 
	I/V /V3; xf dB20(I/V)		Error	No
	I/V /V0; xf dB20(I/V)		Error	No
	PSRR		Error	No
	Corner_Sim	corner	PROCESS_TEMP_1 - 
	I/V /V3; xf dB20(I/V)		Error	No
	I/V /V0; xf dB20(I/V)		Error	No
	PSRR		Error	No
	Corner_Sim	corner	PROCESS_TEMP_2 - 
	I/V /V3; xf dB20(I/V)		Error	No
	I/V /V0; xf dB20(I/V)		Error	No
	PSRR		Error	No
	Corner_Sim	corner	PROCESS_TEMP_3 - 
	I/V /V3; xf dB20(I/V)		Error	No
	I/V /V0; xf dB20(I/V)		Error	No
	PSRR		Error	No
	Corner_Sim	corner	PROCESS_TEMP_4 - 
	I/V /V3; xf dB20(I/V)		Error	No
	I/V /V0; xf dB20(I/V)		Error	No
	PSRR		Error	No
	Corner_Sim	corner	PROCESS_TEMP_5 - 
	I/V /V3; xf dB20(I/V)		Error	No
	I/V /V0; xf dB20(I/V)		Error	No
	PSRR		Error	No
	Corner_Sim	corner	PROCESS_TEMP_6 - 
	I/V /V3; xf dB20(I/V)		Error	No
	I/V /V0; xf dB20(I/V)		Error	No
	PSRR		Error	No
	Corner_Sim	corner	PROCESS_TEMP_7 - 
	I/V /V3; xf dB20(I/V)		Error	No
	I/V /V0; xf dB20(I/V)		Error	No
	PSRR		Error	No
	Corner_Sim	corner	PROCESS_TEMP_8 - 
	I/V /V3; xf dB20(I/V)		Error	No
	I/V /V0; xf dB20(I/V)		Error	No
	PSRR		Error	No
	Corner_Sim	corner	PROCESS_TEMP_9 - 
	I/V /V3; xf dB20(I/V)		Error	No
	I/V /V0; xf dB20(I/V)		Error	No
	PSRR		Error	No
	Corner_Sim	corner	PROCESS_TEMP_10 - 
	I/V /V3; xf dB20(I/V)		Error	No
	I/V /V0; xf dB20(I/V)		Error	No
	PSRR		Error	No
	Corner_Sim	corner	PROCESS_TEMP_11 - 
	I/V /V3; xf dB20(I/V)		Error	No
	I/V /V0; xf dB20(I/V)		Error	No
	PSRR		Error	No
	Corner_Sim	corner	PROCESS_TEMP_12 - 
	I/V /V3; xf dB20(I/V)		Error	No
	I/V /V0; xf dB20(I/V)		Error	No
	PSRR		Error	No
	Corner_Sim	corner	PROCESS_TEMP_13 - 
	I/V /V3; xf dB20(I/V)		Error	No
	I/V /V0; xf dB20(I/V)		Error	No
	PSRR		Error	No
	Corner_Sim	corner	PROCESS_TEMP_14 - 
	I/V /V3; xf dB20(I/V)		Error	No
	I/V /V0; xf dB20(I/V)		Error	No
	PSRR		Error	No
	Corner_Sim	corner	PROCESS_TEMP_15 - 
	I/V /V3; xf dB20(I/V)		Error	No
	I/V /V0; xf dB20(I/V)		Error	No
	PSRR		Error	No
	Corner_Sim	corner	PROCESS_TEMP_16 - 
	I/V /V3; xf dB20(I/V)		Error	No
	I/V /V0; xf dB20(I/V)		Error	No
	PSRR		Error	No
	Corner_Sim	corner	PROCESS_TEMP_17 - 
	I/V /V3; xf dB20(I/V)		Error	No
	I/V /V0; xf dB20(I/V)		Error	No
	PSRR		Error	No
	Corner_Sim	corner	PROCESS_TEMP_18 - 
	I/V /V3; xf dB20(I/V)		Error	No
	I/V /V0; xf dB20(I/V)		Error	No
	PSRR		Error	No
	Corner_Sim	corner	PROCESS_TEMP_19 - 
	I/V /V3; xf dB20(I/V)		Error	No
	I/V /V0; xf dB20(I/V)		Error	No
	PSRR		Error	No
	Corner_Sim	corner	PROCESS_TEMP_20 - 
	I/V /V3; xf dB20(I/V)		Error	No
	I/V /V0; xf dB20(I/V)		Error	No
	PSRR		Error	No
	Corner_Sim	corner	PROCESS_TEMP_21 - 
	I/V /V3; xf dB20(I/V)		Error	No
	I/V /V0; xf dB20(I/V)		Error	No
	PSRR		Error	No
	Corner_Sim	corner	PROCESS_TEMP_22 - 
	I/V /V3; xf dB20(I/V)		Error	No
	I/V /V0; xf dB20(I/V)		Error	No
	PSRR		Error	No
	Corner_Sim	corner	PROCESS_TEMP_23 - 
	I/V /V3; xf dB20(I/V)		Error	No
	I/V /V0; xf dB20(I/V)		Error	No
	PSRR		Error	No
	Corner_Sim	corner	PROCESS_TEMP_24 - 
	I/V /V3; xf dB20(I/V)		Error	No
	I/V /V0; xf dB20(I/V)		Error	No
	PSRR		Error	No
	Corner_Sim	corner	PROCESS_TEMP_25 - 
	I/V /V3; xf dB20(I/V)		Error	No
	I/V /V0; xf dB20(I/V)		Error	No
	PSRR		Error	No
	Corner_Sim	corner	PROCESS_TEMP_26 - 
	I/V /V3; xf dB20(I/V)		Error	No
	I/V /V0; xf dB20(I/V)		Error	No
	PSRR		Error	No
	Corner_Sim	corner	PROCESS_TEMP_27 - 
	I/V /V3; xf dB20(I/V)		Error	No
	I/V /V0; xf dB20(I/V)		Error	No
	PSRR		Error	No
	Corner_Sim	corner	PROCESS_TEMP_28 - 
	I/V /V3; xf dB20(I/V)		Error	No
	I/V /V0; xf dB20(I/V)		Error	No
	PSRR		Error	No
	Corner_Sim	corner	PROCESS_TEMP_29 - 
	I/V /V3; xf dB20(I/V)		Error	No
	I/V /V0; xf dB20(I/V)		Error	No
	PSRR		Error	No
	Corner_Sim	corner	PROCESS_TEMP_30 - 
	I/V /V3; xf dB20(I/V)		Error	No
	I/V /V0; xf dB20(I/V)		Error	No
	PSRR		Error	No
	Corner_Sim	corner	PROCESS_TEMP_31 - 
	I/V /V3; xf dB20(I/V)		Error	No
	I/V /V0; xf dB20(I/V)		Error	No
	PSRR		Error	No
	Corner_Sim	corner	Nominal - 
	I/V /V3; xf dB20(I/V)		Error	No
	I/V /V0; xf dB20(I/V)		Error	No
	PSRR		Error	No
Design parameters: 
	VDD		3.3
	VDD_AC		0
	VDDH		40
	VIN_AC		1
	VIN_DC		330m
	VIN_STEP		0
	VDD_STEP		0
	VDDH_STEP		0
	IBIAS		1u
	IBIAS_PULSE		0

Interactive.85
Number of points completed: 1
Number of simulation errors: 0
Interactive.85 completed. 
Current time: Thu Apr 11 00:57:06 2024 
