Starting Single Run, Sweeps and Corners...

Current time: Tue Jun 18 03:20:31 2024 
Best design point: 1
Design specs: 
	Corner_Sim	corner	VDD_TEMP_0 - 
	DC_GAIN		Error	No
	Corner_Sim	corner	VDD_TEMP_1 - 
	DC_GAIN		Error	No
	Corner_Sim	corner	VDD_TEMP_2 - 
	DC_GAIN		Error	No
	Corner_Sim	corner	VDD_TEMP_3 - 
	DC_GAIN		Error	No
	Corner_Sim	corner	VDD_TEMP_4 - 
	DC_GAIN		Error	No
	Corner_Sim	corner	VDD_TEMP_5 - 
	DC_GAIN		Error	No
	Corner_Sim	corner	VDD_TEMP_6 - 
	DC_GAIN		Error	No
	Corner_Sim	corner	VDD_TEMP_7 - 
	DC_GAIN		Error	No
	Corner_Sim	corner	VDD_TEMP_8 - 
	DC_GAIN		Error	No
	Corner_Sim	corner	VDD_TEMP_9 - 
	DC_GAIN		Error	No
	Corner_Sim	corner	VDD_TEMP_10 - 
	DC_GAIN		Error	No
	Corner_Sim	corner	VDD_TEMP_11 - 
	DC_GAIN		Error	No
	Corner_Sim	corner	VDD_TEMP_12 - 
	DC_GAIN		Error	No
	Corner_Sim	corner	VDD_TEMP_13 - 
	DC_GAIN		Error	No
	Corner_Sim	corner	VDD_TEMP_14 - 
	DC_GAIN		Error	No
	Corner_Sim	corner	VDD_TEMP_15 - 
	DC_GAIN		Error	No
	Corner_Sim	corner	VDD_TEMP_16 - 
	DC_GAIN		Error	No
	Corner_Sim	corner	VDD_TEMP_17 - 
	DC_GAIN		Error	No
	Corner_Sim	corner	VDD_TEMP_18 - 
	DC_GAIN		Error	No
	Corner_Sim	corner	VDD_TEMP_19 - 
	DC_GAIN		Error	No
	Corner_Sim	corner	VDD_TEMP_20 - 
	DC_GAIN		Error	No
	Corner_Sim	corner	VDD_TEMP_21 - 
	DC_GAIN		Error	No
	Corner_Sim	corner	VDD_TEMP_22 - 
	DC_GAIN		Error	No
	Corner_Sim	corner	VDD_TEMP_23 - 
	DC_GAIN		Error	No
	Corner_Sim	corner	VDD_TEMP_24 - 
	DC_GAIN		Error	No
	Corner_Sim	corner	VDD_TEMP_25 - 
	DC_GAIN		Error	No
	Corner_Sim	corner	VDD_TEMP_26 - 
	DC_GAIN		Error	No
	Corner_Sim	corner	VDD_TEMP_27 - 
	DC_GAIN		Error	No
	Corner_Sim	corner	VDD_TEMP_28 - 
	DC_GAIN		Error	No
	Corner_Sim	corner	VDD_TEMP_29 - 
	DC_GAIN		Error	No
	Corner_Sim	corner	VDD_TEMP_30 - 
	DC_GAIN		Error	No
	Corner_Sim	corner	VDD_TEMP_31 - 
	DC_GAIN		Error	No
	Corner_Sim	corner	VDD_TEMP_32 - 
	DC_GAIN		Error	No
	Corner_Sim	corner	VDD_TEMP_33 - 
	DC_GAIN		Error	No
	Corner_Sim	corner	VDD_TEMP_34 - 
	DC_GAIN		Error	No
	Corner_Sim	corner	VDD_TEMP_35 - 
	DC_GAIN		Error	No
	Corner_Sim	corner	VDD_TEMP_36 - 
	DC_GAIN		Error	No
	Corner_Sim	corner	VDD_TEMP_37 - 
	DC_GAIN		Error	No
	Corner_Sim	corner	VDD_TEMP_38 - 
	DC_GAIN		Error	No
	Corner_Sim	corner	VDD_TEMP_39 - 
	DC_GAIN		Error	No
	Corner_Sim	corner	VDD_TEMP_40 - 
	DC_GAIN		Error	No
	Corner_Sim	corner	VDD_TEMP_41 - 
	DC_GAIN		Error	No
	Corner_Sim	corner	VDD_TEMP_42 - 
	DC_GAIN		Error	No
	Corner_Sim	corner	VDD_TEMP_43 - 
	DC_GAIN		Error	No
	Corner_Sim	corner	VDD_TEMP_44 - 
	DC_GAIN		Error	No
	Corner_Sim	corner	VDD_TEMP_45 - 
	DC_GAIN		Error	No
	Corner_Sim	corner	VDD_TEMP_46 - 
	DC_GAIN		Error	No
	Corner_Sim	corner	VDD_TEMP_47 - 
	DC_GAIN		Error	No
	Corner_Sim	corner	VDD_TEMP_48 - 
	DC_GAIN		Error	No
	Corner_Sim	corner	VDD_TEMP_49 - 
	DC_GAIN		Error	No
	Corner_Sim	corner	VDD_TEMP_50 - 
	DC_GAIN		Error	No
	Corner_Sim	corner	VDD_TEMP_51 - 
	DC_GAIN		Error	No
	Corner_Sim	corner	VDD_TEMP_52 - 
	DC_GAIN		Error	No
	Corner_Sim	corner	VDD_TEMP_53 - 
	DC_GAIN		Error	No
	Corner_Sim	corner	VDD_TEMP_54 - 
	DC_GAIN		Error	No
	Corner_Sim	corner	VDD_TEMP_55 - 
	DC_GAIN		Error	No
	Corner_Sim	corner	VDD_TEMP_56 - 
	DC_GAIN		Error	No
	Corner_Sim	corner	VDD_TEMP_57 - 
	DC_GAIN		Error	No
	Corner_Sim	corner	VDD_TEMP_58 - 
	DC_GAIN		Error	No
	Corner_Sim	corner	VDD_TEMP_59 - 
	DC_GAIN		Error	No
	Corner_Sim	corner	VDD_TEMP_60 - 
	DC_GAIN		Error	No
	Corner_Sim	corner	VDD_TEMP_61 - 
	DC_GAIN		Error	No
	Corner_Sim	corner	VDD_TEMP_62 - 
	DC_GAIN		Error	No
	Corner_Sim	corner	VDD_TEMP_63 - 
	DC_GAIN		Error	No
	Corner_Sim	corner	Nominal - 
	DC_GAIN		Error	No
Design parameters: 
	VDD		3.3
	VDD_AC		0
	VDDH		40
	VIN_AC		1
	VIN_DC		1
	VIN_STEP		33m
	VDD_STEP		0
	VDDH_STEP		0
	IBIAS		1u
	IBIAS_PULSE		0
	ENABLE		3.3
	ENABLE_STEP		0
	VSWITCH_STEP		0
	VSWITCH		18
	VIN_STEP2		0
	PACTIVE		3.3
	PACTIVE_STEP		0

Interactive.317
Number of points completed: 1
Number of simulation errors: 0
Interactive.317 completed. 
Current time: Tue Jun 18 03:20:58 2024 
