Starting Monte Carlo Sampling...

Current time: Thu Feb 29 09:20:09 2024 

Variation: All
Sampling Method: Low-Discrepancy Sequence
Seed: 

MonteCarlo.8
Number of points completed: 300
Number of simulation errors: 0
MonteCarlo.8 completed. 
Current time: Thu Feb 29 09:20:52 2024 
Monte Carlo Sampling yield summary:
Number of spec values are in this yield data: 6
montecarlo	Nominal - 
	DC_GAIN:	Yield	0%
		Min 0	Max 0	Mean 0	Number of errors 0
montecarlo	Nominal - 
	Hist_1mA:	Yield	100%
		Min 0.000946778	Max 0.0010521	Mean 0.000998905	Number of errors 0
montecarlo	Nominal - 
	Hist_50mA:	Yield	100%
		Min 0.0499467	Max 0.050052	Mean 0.0499987	Number of errors 0
montecarlo	Nominal - 
	I/V /V0; xf dB20(I/V):	Yield	0%
		Min 0	Max 0	Mean 0	Number of errors 0
montecarlo	Nominal - 
	I/V /V3; xf dB20(I/V):	Yield	0%
		Min 0	Max 0	Mean 0	Number of errors 0
montecarlo	Nominal - 
	PSRR:	Yield	0%
		Min 0	Max 0	Mean 0	Number of errors 0

montecarlo
	Overall Yield	100%	Number of points passed	300	Total number of points	300

Estimated yield = 100% (300/300), 0 errors
Estimated yield (No opregions) = 100% (300/300)
