Starting Monte Carlo Sampling...

Current time: Tue Jun 18 05:58:23 2024 

Variation: All
Sampling Method: Low-Discrepancy Sequence
Seed: 

MonteCarlo.0
Number of points completed: 300
Number of simulation errors: 0
MonteCarlo.0 completed. 
Current time: Tue Jun 18 05:59:21 2024 
Monte Carlo Sampling yield summary:
Number of spec values are in this yield data: 4
Montecarlo_Sim	Nominal - 
	DC_GAIN:	Yield	0%
		Min 0	Max 0	Mean 0	Number of errors 300
Montecarlo_Sim	Nominal - 
	I/V /V0; xf dB20(I/V):	Yield	0%
		Min 0	Max 0	Mean 0	Number of errors 300
Montecarlo_Sim	Nominal - 
	I/V /V3; xf dB20(I/V):	Yield	0%
		Min 0	Max 0	Mean 0	Number of errors 300
Montecarlo_Sim	Nominal - 
	PSRR:	Yield	0%
		Min 0	Max 0	Mean 0	Number of errors 300

Montecarlo_Sim
	Overall Yield	0%	Number of points passed	0	Total number of points	300

Estimated yield = 0% (0/300), 300 errors
Estimated yield (No opregions) = 0% (0/300)
