Starting Monte Carlo Sampling...

Current time: Thu Feb 29 09:31:55 2024 

Variation: All
Sampling Method: Low-Discrepancy Sequence
Seed: 

MonteCarlo.9
Number of points completed: 300
Number of simulation errors: 0
MonteCarlo.9 completed. 
Current time: Thu Feb 29 09:32:45 2024 
Monte Carlo Sampling yield summary:
Number of spec values are in this yield data: 6
montecarlo	Nominal - 
	DC_GAIN:	Yield	0%
		Min 0	Max 0	Mean 0	Number of errors 0
montecarlo	Nominal - 
	Hist_1mA:	Yield	100%
		Min -1.02182e-19	Max 1.03087e-19	Mean -4.43364e-22	Number of errors 0
montecarlo	Nominal - 
	Hist_50mA:	Yield	100%
		Min -1.01581e-19	Max 1.03087e-19	Mean 1.20813e-21	Number of errors 0
montecarlo	Nominal - 
	I/V /V0; xf dB20(I/V):	Yield	0%
		Min 0	Max 0	Mean 0	Number of errors 0
montecarlo	Nominal - 
	I/V /V3; xf dB20(I/V):	Yield	0%
		Min 0	Max 0	Mean 0	Number of errors 0
montecarlo	Nominal - 
	PSRR:	Yield	0%
		Min 0	Max 0	Mean 0	Number of errors 0

montecarlo
	Overall Yield	100%	Number of points passed	300	Total number of points	300

Estimated yield = 100% (300/300), 0 errors
Estimated yield (No opregions) = 100% (300/300)
